[2025-07-01T17:20:58.562+0000] {processor.py:186} INFO - Started process (PID=6278) to work on /home/airflow/.local/lib/python3.12/site-packages/airflow/example_dags/example_subdag_operator.py
[2025-07-01T17:20:58.563+0000] {processor.py:914} INFO - Processing file /home/airflow/.local/lib/python3.12/site-packages/airflow/example_dags/example_subdag_operator.py for tasks to queue
[2025-07-01T17:20:58.568+0000] {logging_mixin.py:190} INFO - [2025-07-01T17:20:58.567+0000] {dagbag.py:588} INFO - Filling up the DagBag from /home/airflow/.local/lib/python3.12/site-packages/airflow/example_dags/example_subdag_operator.py
[2025-07-01T17:20:58.621+0000] {processor.py:925} INFO - DAG(s) 'example_subdag_operator.section-1', 'example_subdag_operator.section-2', 'example_subdag_operator' retrieved from /home/airflow/.local/lib/python3.12/site-packages/airflow/example_dags/example_subdag_operator.py
[2025-07-01T17:20:58.658+0000] {logging_mixin.py:190} INFO - [2025-07-01T17:20:58.658+0000] {dag.py:3239} INFO - Sync 3 DAGs
[2025-07-01T17:20:58.721+0000] {logging_mixin.py:190} INFO - [2025-07-01T17:20:58.721+0000] {dag.py:4180} INFO - Setting next_dagrun for example_subdag_operator to 2022-01-01 00:00:00+00:00, run_after=2022-01-01 00:00:00+00:00
[2025-07-01T17:20:58.731+0000] {logging_mixin.py:190} INFO - [2025-07-01T17:20:58.730+0000] {dag.py:4180} INFO - Setting next_dagrun for example_subdag_operator.section-1 to None, run_after=None
[2025-07-01T17:20:58.734+0000] {logging_mixin.py:190} INFO - [2025-07-01T17:20:58.734+0000] {dag.py:4180} INFO - Setting next_dagrun for example_subdag_operator.section-2 to None, run_after=None
[2025-07-01T17:20:58.752+0000] {logging_mixin.py:190} INFO - [2025-07-01T17:20:58.751+0000] {dag.py:3239} INFO - Sync 2 DAGs
[2025-07-01T17:20:58.766+0000] {logging_mixin.py:190} INFO - [2025-07-01T17:20:58.765+0000] {dag.py:4180} INFO - Setting next_dagrun for example_subdag_operator.section-1 to None, run_after=None
[2025-07-01T17:20:58.767+0000] {logging_mixin.py:190} INFO - [2025-07-01T17:20:58.766+0000] {dag.py:4180} INFO - Setting next_dagrun for example_subdag_operator.section-2 to None, run_after=None
[2025-07-01T17:20:58.785+0000] {processor.py:208} INFO - Processing /home/airflow/.local/lib/python3.12/site-packages/airflow/example_dags/example_subdag_operator.py took 0.237 seconds
[2025-07-01T21:05:54.682+0000] {processor.py:186} INFO - Started process (PID=67) to work on /home/airflow/.local/lib/python3.12/site-packages/airflow/example_dags/example_subdag_operator.py
[2025-07-01T21:05:54.684+0000] {processor.py:914} INFO - Processing file /home/airflow/.local/lib/python3.12/site-packages/airflow/example_dags/example_subdag_operator.py for tasks to queue
[2025-07-01T21:05:54.688+0000] {logging_mixin.py:190} INFO - [2025-07-01T21:05:54.687+0000] {dagbag.py:588} INFO - Filling up the DagBag from /home/airflow/.local/lib/python3.12/site-packages/airflow/example_dags/example_subdag_operator.py
[2025-07-01T21:05:54.735+0000] {processor.py:925} INFO - DAG(s) 'example_subdag_operator.section-1', 'example_subdag_operator.section-2', 'example_subdag_operator' retrieved from /home/airflow/.local/lib/python3.12/site-packages/airflow/example_dags/example_subdag_operator.py
[2025-07-01T21:05:54.780+0000] {logging_mixin.py:190} INFO - [2025-07-01T21:05:54.779+0000] {dag.py:3239} INFO - Sync 3 DAGs
[2025-07-01T21:05:54.834+0000] {logging_mixin.py:190} INFO - [2025-07-01T21:05:54.834+0000] {dag.py:4180} INFO - Setting next_dagrun for example_subdag_operator to 2022-01-01 00:00:00+00:00, run_after=2022-01-01 00:00:00+00:00
[2025-07-01T21:05:54.841+0000] {logging_mixin.py:190} INFO - [2025-07-01T21:05:54.841+0000] {dag.py:4180} INFO - Setting next_dagrun for example_subdag_operator.section-1 to None, run_after=None
[2025-07-01T21:05:54.844+0000] {logging_mixin.py:190} INFO - [2025-07-01T21:05:54.843+0000] {dag.py:4180} INFO - Setting next_dagrun for example_subdag_operator.section-2 to None, run_after=None
[2025-07-01T21:05:54.858+0000] {logging_mixin.py:190} INFO - [2025-07-01T21:05:54.857+0000] {dag.py:3239} INFO - Sync 2 DAGs
[2025-07-01T21:05:54.870+0000] {logging_mixin.py:190} INFO - [2025-07-01T21:05:54.869+0000] {dag.py:4180} INFO - Setting next_dagrun for example_subdag_operator.section-1 to None, run_after=None
[2025-07-01T21:05:54.870+0000] {logging_mixin.py:190} INFO - [2025-07-01T21:05:54.870+0000] {dag.py:4180} INFO - Setting next_dagrun for example_subdag_operator.section-2 to None, run_after=None
[2025-07-01T21:05:54.889+0000] {processor.py:208} INFO - Processing /home/airflow/.local/lib/python3.12/site-packages/airflow/example_dags/example_subdag_operator.py took 0.218 seconds
[2025-07-01T21:06:25.762+0000] {processor.py:186} INFO - Started process (PID=130) to work on /home/airflow/.local/lib/python3.12/site-packages/airflow/example_dags/example_subdag_operator.py
[2025-07-01T21:06:25.763+0000] {processor.py:914} INFO - Processing file /home/airflow/.local/lib/python3.12/site-packages/airflow/example_dags/example_subdag_operator.py for tasks to queue
[2025-07-01T21:06:25.766+0000] {logging_mixin.py:190} INFO - [2025-07-01T21:06:25.765+0000] {dagbag.py:588} INFO - Filling up the DagBag from /home/airflow/.local/lib/python3.12/site-packages/airflow/example_dags/example_subdag_operator.py
[2025-07-01T21:06:25.811+0000] {processor.py:925} INFO - DAG(s) 'example_subdag_operator.section-1', 'example_subdag_operator.section-2', 'example_subdag_operator' retrieved from /home/airflow/.local/lib/python3.12/site-packages/airflow/example_dags/example_subdag_operator.py
[2025-07-01T21:06:25.842+0000] {logging_mixin.py:190} INFO - [2025-07-01T21:06:25.842+0000] {dag.py:3239} INFO - Sync 3 DAGs
[2025-07-01T21:06:25.891+0000] {logging_mixin.py:190} INFO - [2025-07-01T21:06:25.891+0000] {dag.py:4180} INFO - Setting next_dagrun for example_subdag_operator to 2022-01-01 00:00:00+00:00, run_after=2022-01-01 00:00:00+00:00
[2025-07-01T21:06:25.899+0000] {logging_mixin.py:190} INFO - [2025-07-01T21:06:25.899+0000] {dag.py:4180} INFO - Setting next_dagrun for example_subdag_operator.section-1 to None, run_after=None
[2025-07-01T21:06:25.902+0000] {logging_mixin.py:190} INFO - [2025-07-01T21:06:25.901+0000] {dag.py:4180} INFO - Setting next_dagrun for example_subdag_operator.section-2 to None, run_after=None
[2025-07-01T21:06:25.914+0000] {logging_mixin.py:190} INFO - [2025-07-01T21:06:25.914+0000] {dag.py:3239} INFO - Sync 2 DAGs
[2025-07-01T21:06:25.922+0000] {logging_mixin.py:190} INFO - [2025-07-01T21:06:25.921+0000] {dag.py:4180} INFO - Setting next_dagrun for example_subdag_operator.section-1 to None, run_after=None
[2025-07-01T21:06:25.922+0000] {logging_mixin.py:190} INFO - [2025-07-01T21:06:25.922+0000] {dag.py:4180} INFO - Setting next_dagrun for example_subdag_operator.section-2 to None, run_after=None
[2025-07-01T21:06:25.941+0000] {processor.py:208} INFO - Processing /home/airflow/.local/lib/python3.12/site-packages/airflow/example_dags/example_subdag_operator.py took 0.189 seconds
[2025-07-01T21:06:56.772+0000] {processor.py:186} INFO - Started process (PID=193) to work on /home/airflow/.local/lib/python3.12/site-packages/airflow/example_dags/example_subdag_operator.py
[2025-07-01T21:06:56.781+0000] {processor.py:914} INFO - Processing file /home/airflow/.local/lib/python3.12/site-packages/airflow/example_dags/example_subdag_operator.py for tasks to queue
[2025-07-01T21:06:56.793+0000] {logging_mixin.py:190} INFO - [2025-07-01T21:06:56.793+0000] {dagbag.py:588} INFO - Filling up the DagBag from /home/airflow/.local/lib/python3.12/site-packages/airflow/example_dags/example_subdag_operator.py
[2025-07-01T21:06:56.889+0000] {processor.py:925} INFO - DAG(s) 'example_subdag_operator.section-1', 'example_subdag_operator.section-2', 'example_subdag_operator' retrieved from /home/airflow/.local/lib/python3.12/site-packages/airflow/example_dags/example_subdag_operator.py
[2025-07-01T21:06:56.923+0000] {logging_mixin.py:190} INFO - [2025-07-01T21:06:56.923+0000] {dag.py:3239} INFO - Sync 3 DAGs
[2025-07-01T21:06:56.967+0000] {logging_mixin.py:190} INFO - [2025-07-01T21:06:56.967+0000] {dag.py:4180} INFO - Setting next_dagrun for example_subdag_operator to 2022-01-01 00:00:00+00:00, run_after=2022-01-01 00:00:00+00:00
[2025-07-01T21:06:56.974+0000] {logging_mixin.py:190} INFO - [2025-07-01T21:06:56.974+0000] {dag.py:4180} INFO - Setting next_dagrun for example_subdag_operator.section-1 to None, run_after=None
[2025-07-01T21:06:56.977+0000] {logging_mixin.py:190} INFO - [2025-07-01T21:06:56.976+0000] {dag.py:4180} INFO - Setting next_dagrun for example_subdag_operator.section-2 to None, run_after=None
[2025-07-01T21:06:56.988+0000] {logging_mixin.py:190} INFO - [2025-07-01T21:06:56.988+0000] {dag.py:3239} INFO - Sync 2 DAGs
[2025-07-01T21:06:56.999+0000] {logging_mixin.py:190} INFO - [2025-07-01T21:06:56.998+0000] {dag.py:4180} INFO - Setting next_dagrun for example_subdag_operator.section-1 to None, run_after=None
[2025-07-01T21:06:56.999+0000] {logging_mixin.py:190} INFO - [2025-07-01T21:06:56.999+0000] {dag.py:4180} INFO - Setting next_dagrun for example_subdag_operator.section-2 to None, run_after=None
[2025-07-01T21:06:57.020+0000] {processor.py:208} INFO - Processing /home/airflow/.local/lib/python3.12/site-packages/airflow/example_dags/example_subdag_operator.py took 0.293 seconds
[2025-07-01T21:07:27.636+0000] {processor.py:186} INFO - Started process (PID=257) to work on /home/airflow/.local/lib/python3.12/site-packages/airflow/example_dags/example_subdag_operator.py
[2025-07-01T21:07:27.648+0000] {processor.py:914} INFO - Processing file /home/airflow/.local/lib/python3.12/site-packages/airflow/example_dags/example_subdag_operator.py for tasks to queue
[2025-07-01T21:07:27.663+0000] {logging_mixin.py:190} INFO - [2025-07-01T21:07:27.662+0000] {dagbag.py:588} INFO - Filling up the DagBag from /home/airflow/.local/lib/python3.12/site-packages/airflow/example_dags/example_subdag_operator.py
[2025-07-01T21:07:27.831+0000] {processor.py:925} INFO - DAG(s) 'example_subdag_operator.section-1', 'example_subdag_operator.section-2', 'example_subdag_operator' retrieved from /home/airflow/.local/lib/python3.12/site-packages/airflow/example_dags/example_subdag_operator.py
[2025-07-01T21:07:27.938+0000] {logging_mixin.py:190} INFO - [2025-07-01T21:07:27.937+0000] {dag.py:3239} INFO - Sync 3 DAGs
[2025-07-01T21:07:28.100+0000] {logging_mixin.py:190} INFO - [2025-07-01T21:07:28.099+0000] {dag.py:4180} INFO - Setting next_dagrun for example_subdag_operator to 2022-01-01 00:00:00+00:00, run_after=2022-01-01 00:00:00+00:00
[2025-07-01T21:07:28.125+0000] {logging_mixin.py:190} INFO - [2025-07-01T21:07:28.124+0000] {dag.py:4180} INFO - Setting next_dagrun for example_subdag_operator.section-1 to None, run_after=None
[2025-07-01T21:07:28.133+0000] {logging_mixin.py:190} INFO - [2025-07-01T21:07:28.133+0000] {dag.py:4180} INFO - Setting next_dagrun for example_subdag_operator.section-2 to None, run_after=None
[2025-07-01T21:07:28.167+0000] {logging_mixin.py:190} INFO - [2025-07-01T21:07:28.167+0000] {dag.py:3239} INFO - Sync 2 DAGs
[2025-07-01T21:07:28.196+0000] {logging_mixin.py:190} INFO - [2025-07-01T21:07:28.196+0000] {dag.py:4180} INFO - Setting next_dagrun for example_subdag_operator.section-1 to None, run_after=None
[2025-07-01T21:07:28.200+0000] {logging_mixin.py:190} INFO - [2025-07-01T21:07:28.200+0000] {dag.py:4180} INFO - Setting next_dagrun for example_subdag_operator.section-2 to None, run_after=None
[2025-07-01T21:07:28.243+0000] {processor.py:208} INFO - Processing /home/airflow/.local/lib/python3.12/site-packages/airflow/example_dags/example_subdag_operator.py took 0.669 seconds
[2025-07-01T21:07:58.513+0000] {processor.py:186} INFO - Started process (PID=320) to work on /home/airflow/.local/lib/python3.12/site-packages/airflow/example_dags/example_subdag_operator.py
[2025-07-01T21:07:58.515+0000] {processor.py:914} INFO - Processing file /home/airflow/.local/lib/python3.12/site-packages/airflow/example_dags/example_subdag_operator.py for tasks to queue
[2025-07-01T21:07:58.520+0000] {logging_mixin.py:190} INFO - [2025-07-01T21:07:58.519+0000] {dagbag.py:588} INFO - Filling up the DagBag from /home/airflow/.local/lib/python3.12/site-packages/airflow/example_dags/example_subdag_operator.py
[2025-07-01T21:07:58.567+0000] {processor.py:925} INFO - DAG(s) 'example_subdag_operator.section-1', 'example_subdag_operator.section-2', 'example_subdag_operator' retrieved from /home/airflow/.local/lib/python3.12/site-packages/airflow/example_dags/example_subdag_operator.py
[2025-07-01T21:07:58.598+0000] {logging_mixin.py:190} INFO - [2025-07-01T21:07:58.597+0000] {dag.py:3239} INFO - Sync 3 DAGs
[2025-07-01T21:07:58.647+0000] {logging_mixin.py:190} INFO - [2025-07-01T21:07:58.647+0000] {dag.py:4180} INFO - Setting next_dagrun for example_subdag_operator to 2022-01-01 00:00:00+00:00, run_after=2022-01-01 00:00:00+00:00
[2025-07-01T21:07:58.654+0000] {logging_mixin.py:190} INFO - [2025-07-01T21:07:58.654+0000] {dag.py:4180} INFO - Setting next_dagrun for example_subdag_operator.section-1 to None, run_after=None
[2025-07-01T21:07:58.656+0000] {logging_mixin.py:190} INFO - [2025-07-01T21:07:58.656+0000] {dag.py:4180} INFO - Setting next_dagrun for example_subdag_operator.section-2 to None, run_after=None
[2025-07-01T21:07:58.669+0000] {logging_mixin.py:190} INFO - [2025-07-01T21:07:58.668+0000] {dag.py:3239} INFO - Sync 2 DAGs
[2025-07-01T21:07:58.678+0000] {logging_mixin.py:190} INFO - [2025-07-01T21:07:58.678+0000] {dag.py:4180} INFO - Setting next_dagrun for example_subdag_operator.section-1 to None, run_after=None
[2025-07-01T21:07:58.679+0000] {logging_mixin.py:190} INFO - [2025-07-01T21:07:58.679+0000] {dag.py:4180} INFO - Setting next_dagrun for example_subdag_operator.section-2 to None, run_after=None
[2025-07-01T21:07:58.697+0000] {processor.py:208} INFO - Processing /home/airflow/.local/lib/python3.12/site-packages/airflow/example_dags/example_subdag_operator.py took 0.196 seconds
[2025-07-01T21:08:29.645+0000] {processor.py:186} INFO - Started process (PID=383) to work on /home/airflow/.local/lib/python3.12/site-packages/airflow/example_dags/example_subdag_operator.py
[2025-07-01T21:08:29.647+0000] {processor.py:914} INFO - Processing file /home/airflow/.local/lib/python3.12/site-packages/airflow/example_dags/example_subdag_operator.py for tasks to queue
[2025-07-01T21:08:29.651+0000] {logging_mixin.py:190} INFO - [2025-07-01T21:08:29.651+0000] {dagbag.py:588} INFO - Filling up the DagBag from /home/airflow/.local/lib/python3.12/site-packages/airflow/example_dags/example_subdag_operator.py
[2025-07-01T21:08:29.687+0000] {processor.py:925} INFO - DAG(s) 'example_subdag_operator.section-1', 'example_subdag_operator.section-2', 'example_subdag_operator' retrieved from /home/airflow/.local/lib/python3.12/site-packages/airflow/example_dags/example_subdag_operator.py
[2025-07-01T21:08:29.705+0000] {logging_mixin.py:190} INFO - [2025-07-01T21:08:29.705+0000] {dag.py:3239} INFO - Sync 3 DAGs
[2025-07-01T21:08:29.738+0000] {logging_mixin.py:190} INFO - [2025-07-01T21:08:29.737+0000] {dag.py:4180} INFO - Setting next_dagrun for example_subdag_operator to 2022-01-01 00:00:00+00:00, run_after=2022-01-01 00:00:00+00:00
[2025-07-01T21:08:29.743+0000] {logging_mixin.py:190} INFO - [2025-07-01T21:08:29.743+0000] {dag.py:4180} INFO - Setting next_dagrun for example_subdag_operator.section-1 to None, run_after=None
[2025-07-01T21:08:29.745+0000] {logging_mixin.py:190} INFO - [2025-07-01T21:08:29.745+0000] {dag.py:4180} INFO - Setting next_dagrun for example_subdag_operator.section-2 to None, run_after=None
[2025-07-01T21:08:29.753+0000] {logging_mixin.py:190} INFO - [2025-07-01T21:08:29.752+0000] {dag.py:3239} INFO - Sync 2 DAGs
[2025-07-01T21:08:29.759+0000] {logging_mixin.py:190} INFO - [2025-07-01T21:08:29.759+0000] {dag.py:4180} INFO - Setting next_dagrun for example_subdag_operator.section-1 to None, run_after=None
[2025-07-01T21:08:29.760+0000] {logging_mixin.py:190} INFO - [2025-07-01T21:08:29.760+0000] {dag.py:4180} INFO - Setting next_dagrun for example_subdag_operator.section-2 to None, run_after=None
[2025-07-01T21:08:29.773+0000] {processor.py:208} INFO - Processing /home/airflow/.local/lib/python3.12/site-packages/airflow/example_dags/example_subdag_operator.py took 0.137 seconds
[2025-07-01T21:09:00.715+0000] {processor.py:186} INFO - Started process (PID=445) to work on /home/airflow/.local/lib/python3.12/site-packages/airflow/example_dags/example_subdag_operator.py
[2025-07-01T21:09:00.723+0000] {processor.py:914} INFO - Processing file /home/airflow/.local/lib/python3.12/site-packages/airflow/example_dags/example_subdag_operator.py for tasks to queue
[2025-07-01T21:09:00.726+0000] {logging_mixin.py:190} INFO - [2025-07-01T21:09:00.725+0000] {dagbag.py:588} INFO - Filling up the DagBag from /home/airflow/.local/lib/python3.12/site-packages/airflow/example_dags/example_subdag_operator.py
[2025-07-01T21:09:00.757+0000] {processor.py:925} INFO - DAG(s) 'example_subdag_operator.section-1', 'example_subdag_operator.section-2', 'example_subdag_operator' retrieved from /home/airflow/.local/lib/python3.12/site-packages/airflow/example_dags/example_subdag_operator.py
[2025-07-01T21:09:00.774+0000] {logging_mixin.py:190} INFO - [2025-07-01T21:09:00.774+0000] {dag.py:3239} INFO - Sync 3 DAGs
[2025-07-01T21:09:00.806+0000] {logging_mixin.py:190} INFO - [2025-07-01T21:09:00.805+0000] {dag.py:4180} INFO - Setting next_dagrun for example_subdag_operator to 2022-01-01 00:00:00+00:00, run_after=2022-01-01 00:00:00+00:00
[2025-07-01T21:09:00.810+0000] {logging_mixin.py:190} INFO - [2025-07-01T21:09:00.810+0000] {dag.py:4180} INFO - Setting next_dagrun for example_subdag_operator.section-1 to None, run_after=None
[2025-07-01T21:09:00.812+0000] {logging_mixin.py:190} INFO - [2025-07-01T21:09:00.812+0000] {dag.py:4180} INFO - Setting next_dagrun for example_subdag_operator.section-2 to None, run_after=None
[2025-07-01T21:09:00.821+0000] {logging_mixin.py:190} INFO - [2025-07-01T21:09:00.821+0000] {dag.py:3239} INFO - Sync 2 DAGs
[2025-07-01T21:09:00.830+0000] {logging_mixin.py:190} INFO - [2025-07-01T21:09:00.830+0000] {dag.py:4180} INFO - Setting next_dagrun for example_subdag_operator.section-1 to None, run_after=None
[2025-07-01T21:09:00.831+0000] {logging_mixin.py:190} INFO - [2025-07-01T21:09:00.831+0000] {dag.py:4180} INFO - Setting next_dagrun for example_subdag_operator.section-2 to None, run_after=None
[2025-07-01T21:09:00.846+0000] {processor.py:208} INFO - Processing /home/airflow/.local/lib/python3.12/site-packages/airflow/example_dags/example_subdag_operator.py took 0.145 seconds
[2025-07-01T21:09:31.146+0000] {processor.py:186} INFO - Started process (PID=508) to work on /home/airflow/.local/lib/python3.12/site-packages/airflow/example_dags/example_subdag_operator.py
[2025-07-01T21:09:31.154+0000] {processor.py:914} INFO - Processing file /home/airflow/.local/lib/python3.12/site-packages/airflow/example_dags/example_subdag_operator.py for tasks to queue
[2025-07-01T21:09:31.158+0000] {logging_mixin.py:190} INFO - [2025-07-01T21:09:31.158+0000] {dagbag.py:588} INFO - Filling up the DagBag from /home/airflow/.local/lib/python3.12/site-packages/airflow/example_dags/example_subdag_operator.py
[2025-07-01T21:09:31.198+0000] {processor.py:925} INFO - DAG(s) 'example_subdag_operator.section-1', 'example_subdag_operator.section-2', 'example_subdag_operator' retrieved from /home/airflow/.local/lib/python3.12/site-packages/airflow/example_dags/example_subdag_operator.py
[2025-07-01T21:09:31.216+0000] {logging_mixin.py:190} INFO - [2025-07-01T21:09:31.215+0000] {dag.py:3239} INFO - Sync 3 DAGs
[2025-07-01T21:09:31.246+0000] {logging_mixin.py:190} INFO - [2025-07-01T21:09:31.245+0000] {dag.py:4180} INFO - Setting next_dagrun for example_subdag_operator to 2022-01-01 00:00:00+00:00, run_after=2022-01-01 00:00:00+00:00
[2025-07-01T21:09:31.250+0000] {logging_mixin.py:190} INFO - [2025-07-01T21:09:31.250+0000] {dag.py:4180} INFO - Setting next_dagrun for example_subdag_operator.section-1 to None, run_after=None
[2025-07-01T21:09:31.252+0000] {logging_mixin.py:190} INFO - [2025-07-01T21:09:31.251+0000] {dag.py:4180} INFO - Setting next_dagrun for example_subdag_operator.section-2 to None, run_after=None
[2025-07-01T21:09:31.262+0000] {logging_mixin.py:190} INFO - [2025-07-01T21:09:31.262+0000] {dag.py:3239} INFO - Sync 2 DAGs
[2025-07-01T21:09:31.274+0000] {logging_mixin.py:190} INFO - [2025-07-01T21:09:31.274+0000] {dag.py:4180} INFO - Setting next_dagrun for example_subdag_operator.section-1 to None, run_after=None
[2025-07-01T21:09:31.275+0000] {logging_mixin.py:190} INFO - [2025-07-01T21:09:31.274+0000] {dag.py:4180} INFO - Setting next_dagrun for example_subdag_operator.section-2 to None, run_after=None
[2025-07-01T21:09:31.288+0000] {processor.py:208} INFO - Processing /home/airflow/.local/lib/python3.12/site-packages/airflow/example_dags/example_subdag_operator.py took 0.156 seconds
[2025-07-01T21:10:02.089+0000] {processor.py:186} INFO - Started process (PID=571) to work on /home/airflow/.local/lib/python3.12/site-packages/airflow/example_dags/example_subdag_operator.py
[2025-07-01T21:10:02.090+0000] {processor.py:914} INFO - Processing file /home/airflow/.local/lib/python3.12/site-packages/airflow/example_dags/example_subdag_operator.py for tasks to queue
[2025-07-01T21:10:02.096+0000] {logging_mixin.py:190} INFO - [2025-07-01T21:10:02.096+0000] {dagbag.py:588} INFO - Filling up the DagBag from /home/airflow/.local/lib/python3.12/site-packages/airflow/example_dags/example_subdag_operator.py
[2025-07-01T21:10:02.138+0000] {processor.py:925} INFO - DAG(s) 'example_subdag_operator.section-1', 'example_subdag_operator.section-2', 'example_subdag_operator' retrieved from /home/airflow/.local/lib/python3.12/site-packages/airflow/example_dags/example_subdag_operator.py
[2025-07-01T21:10:02.166+0000] {logging_mixin.py:190} INFO - [2025-07-01T21:10:02.166+0000] {dag.py:3239} INFO - Sync 3 DAGs
[2025-07-01T21:10:02.194+0000] {logging_mixin.py:190} INFO - [2025-07-01T21:10:02.194+0000] {dag.py:4180} INFO - Setting next_dagrun for example_subdag_operator to 2022-01-01 00:00:00+00:00, run_after=2022-01-01 00:00:00+00:00
[2025-07-01T21:10:02.199+0000] {logging_mixin.py:190} INFO - [2025-07-01T21:10:02.198+0000] {dag.py:4180} INFO - Setting next_dagrun for example_subdag_operator.section-1 to None, run_after=None
[2025-07-01T21:10:02.200+0000] {logging_mixin.py:190} INFO - [2025-07-01T21:10:02.200+0000] {dag.py:4180} INFO - Setting next_dagrun for example_subdag_operator.section-2 to None, run_after=None
[2025-07-01T21:10:02.208+0000] {logging_mixin.py:190} INFO - [2025-07-01T21:10:02.208+0000] {dag.py:3239} INFO - Sync 2 DAGs
[2025-07-01T21:10:02.216+0000] {logging_mixin.py:190} INFO - [2025-07-01T21:10:02.216+0000] {dag.py:4180} INFO - Setting next_dagrun for example_subdag_operator.section-1 to None, run_after=None
[2025-07-01T21:10:02.217+0000] {logging_mixin.py:190} INFO - [2025-07-01T21:10:02.216+0000] {dag.py:4180} INFO - Setting next_dagrun for example_subdag_operator.section-2 to None, run_after=None
[2025-07-01T21:10:02.231+0000] {processor.py:208} INFO - Processing /home/airflow/.local/lib/python3.12/site-packages/airflow/example_dags/example_subdag_operator.py took 0.152 seconds
[2025-07-01T21:10:33.086+0000] {processor.py:186} INFO - Started process (PID=634) to work on /home/airflow/.local/lib/python3.12/site-packages/airflow/example_dags/example_subdag_operator.py
[2025-07-01T21:10:33.090+0000] {processor.py:914} INFO - Processing file /home/airflow/.local/lib/python3.12/site-packages/airflow/example_dags/example_subdag_operator.py for tasks to queue
[2025-07-01T21:10:33.095+0000] {logging_mixin.py:190} INFO - [2025-07-01T21:10:33.094+0000] {dagbag.py:588} INFO - Filling up the DagBag from /home/airflow/.local/lib/python3.12/site-packages/airflow/example_dags/example_subdag_operator.py
[2025-07-01T21:10:33.140+0000] {processor.py:925} INFO - DAG(s) 'example_subdag_operator.section-1', 'example_subdag_operator.section-2', 'example_subdag_operator' retrieved from /home/airflow/.local/lib/python3.12/site-packages/airflow/example_dags/example_subdag_operator.py
[2025-07-01T21:10:33.169+0000] {logging_mixin.py:190} INFO - [2025-07-01T21:10:33.168+0000] {dag.py:3239} INFO - Sync 3 DAGs
[2025-07-01T21:10:33.234+0000] {logging_mixin.py:190} INFO - [2025-07-01T21:10:33.233+0000] {dag.py:4180} INFO - Setting next_dagrun for example_subdag_operator to 2022-01-01 00:00:00+00:00, run_after=2022-01-01 00:00:00+00:00
[2025-07-01T21:10:33.247+0000] {logging_mixin.py:190} INFO - [2025-07-01T21:10:33.247+0000] {dag.py:4180} INFO - Setting next_dagrun for example_subdag_operator.section-1 to None, run_after=None
[2025-07-01T21:10:33.253+0000] {logging_mixin.py:190} INFO - [2025-07-01T21:10:33.252+0000] {dag.py:4180} INFO - Setting next_dagrun for example_subdag_operator.section-2 to None, run_after=None
[2025-07-01T21:10:33.281+0000] {logging_mixin.py:190} INFO - [2025-07-01T21:10:33.280+0000] {dag.py:3239} INFO - Sync 2 DAGs
[2025-07-01T21:10:33.310+0000] {logging_mixin.py:190} INFO - [2025-07-01T21:10:33.310+0000] {dag.py:4180} INFO - Setting next_dagrun for example_subdag_operator.section-1 to None, run_after=None
[2025-07-01T21:10:33.311+0000] {logging_mixin.py:190} INFO - [2025-07-01T21:10:33.311+0000] {dag.py:4180} INFO - Setting next_dagrun for example_subdag_operator.section-2 to None, run_after=None
[2025-07-01T21:10:33.361+0000] {processor.py:208} INFO - Processing /home/airflow/.local/lib/python3.12/site-packages/airflow/example_dags/example_subdag_operator.py took 0.294 seconds
[2025-07-01T21:11:03.420+0000] {processor.py:186} INFO - Started process (PID=698) to work on /home/airflow/.local/lib/python3.12/site-packages/airflow/example_dags/example_subdag_operator.py
[2025-07-01T21:11:03.421+0000] {processor.py:914} INFO - Processing file /home/airflow/.local/lib/python3.12/site-packages/airflow/example_dags/example_subdag_operator.py for tasks to queue
[2025-07-01T21:11:03.424+0000] {logging_mixin.py:190} INFO - [2025-07-01T21:11:03.423+0000] {dagbag.py:588} INFO - Filling up the DagBag from /home/airflow/.local/lib/python3.12/site-packages/airflow/example_dags/example_subdag_operator.py
[2025-07-01T21:11:03.455+0000] {processor.py:925} INFO - DAG(s) 'example_subdag_operator.section-1', 'example_subdag_operator.section-2', 'example_subdag_operator' retrieved from /home/airflow/.local/lib/python3.12/site-packages/airflow/example_dags/example_subdag_operator.py
[2025-07-01T21:11:03.478+0000] {logging_mixin.py:190} INFO - [2025-07-01T21:11:03.477+0000] {dag.py:3239} INFO - Sync 3 DAGs
[2025-07-01T21:11:03.510+0000] {logging_mixin.py:190} INFO - [2025-07-01T21:11:03.510+0000] {dag.py:4180} INFO - Setting next_dagrun for example_subdag_operator to 2022-01-01 00:00:00+00:00, run_after=2022-01-01 00:00:00+00:00
[2025-07-01T21:11:03.518+0000] {logging_mixin.py:190} INFO - [2025-07-01T21:11:03.517+0000] {dag.py:4180} INFO - Setting next_dagrun for example_subdag_operator.section-1 to None, run_after=None
[2025-07-01T21:11:03.520+0000] {logging_mixin.py:190} INFO - [2025-07-01T21:11:03.520+0000] {dag.py:4180} INFO - Setting next_dagrun for example_subdag_operator.section-2 to None, run_after=None
[2025-07-01T21:11:03.531+0000] {logging_mixin.py:190} INFO - [2025-07-01T21:11:03.530+0000] {dag.py:3239} INFO - Sync 2 DAGs
[2025-07-01T21:11:03.538+0000] {logging_mixin.py:190} INFO - [2025-07-01T21:11:03.537+0000] {dag.py:4180} INFO - Setting next_dagrun for example_subdag_operator.section-1 to None, run_after=None
[2025-07-01T21:11:03.538+0000] {logging_mixin.py:190} INFO - [2025-07-01T21:11:03.538+0000] {dag.py:4180} INFO - Setting next_dagrun for example_subdag_operator.section-2 to None, run_after=None
[2025-07-01T21:11:03.551+0000] {processor.py:208} INFO - Processing /home/airflow/.local/lib/python3.12/site-packages/airflow/example_dags/example_subdag_operator.py took 0.137 seconds
[2025-07-01T21:11:34.442+0000] {processor.py:186} INFO - Started process (PID=760) to work on /home/airflow/.local/lib/python3.12/site-packages/airflow/example_dags/example_subdag_operator.py
[2025-07-01T21:11:34.449+0000] {processor.py:914} INFO - Processing file /home/airflow/.local/lib/python3.12/site-packages/airflow/example_dags/example_subdag_operator.py for tasks to queue
[2025-07-01T21:11:34.453+0000] {logging_mixin.py:190} INFO - [2025-07-01T21:11:34.453+0000] {dagbag.py:588} INFO - Filling up the DagBag from /home/airflow/.local/lib/python3.12/site-packages/airflow/example_dags/example_subdag_operator.py
[2025-07-01T21:11:34.486+0000] {processor.py:925} INFO - DAG(s) 'example_subdag_operator.section-1', 'example_subdag_operator.section-2', 'example_subdag_operator' retrieved from /home/airflow/.local/lib/python3.12/site-packages/airflow/example_dags/example_subdag_operator.py
[2025-07-01T21:11:34.512+0000] {logging_mixin.py:190} INFO - [2025-07-01T21:11:34.512+0000] {dag.py:3239} INFO - Sync 3 DAGs
[2025-07-01T21:11:34.538+0000] {logging_mixin.py:190} INFO - [2025-07-01T21:11:34.538+0000] {dag.py:4180} INFO - Setting next_dagrun for example_subdag_operator to 2022-01-01 00:00:00+00:00, run_after=2022-01-01 00:00:00+00:00
[2025-07-01T21:11:34.543+0000] {logging_mixin.py:190} INFO - [2025-07-01T21:11:34.543+0000] {dag.py:4180} INFO - Setting next_dagrun for example_subdag_operator.section-1 to None, run_after=None
[2025-07-01T21:11:34.545+0000] {logging_mixin.py:190} INFO - [2025-07-01T21:11:34.545+0000] {dag.py:4180} INFO - Setting next_dagrun for example_subdag_operator.section-2 to None, run_after=None
[2025-07-01T21:11:34.553+0000] {logging_mixin.py:190} INFO - [2025-07-01T21:11:34.552+0000] {dag.py:3239} INFO - Sync 2 DAGs
[2025-07-01T21:11:34.559+0000] {logging_mixin.py:190} INFO - [2025-07-01T21:11:34.559+0000] {dag.py:4180} INFO - Setting next_dagrun for example_subdag_operator.section-1 to None, run_after=None
[2025-07-01T21:11:34.560+0000] {logging_mixin.py:190} INFO - [2025-07-01T21:11:34.560+0000] {dag.py:4180} INFO - Setting next_dagrun for example_subdag_operator.section-2 to None, run_after=None
[2025-07-01T21:11:34.571+0000] {processor.py:208} INFO - Processing /home/airflow/.local/lib/python3.12/site-packages/airflow/example_dags/example_subdag_operator.py took 0.142 seconds
[2025-07-01T21:12:04.860+0000] {processor.py:186} INFO - Started process (PID=823) to work on /home/airflow/.local/lib/python3.12/site-packages/airflow/example_dags/example_subdag_operator.py
[2025-07-01T21:12:04.867+0000] {processor.py:914} INFO - Processing file /home/airflow/.local/lib/python3.12/site-packages/airflow/example_dags/example_subdag_operator.py for tasks to queue
[2025-07-01T21:12:04.870+0000] {logging_mixin.py:190} INFO - [2025-07-01T21:12:04.869+0000] {dagbag.py:588} INFO - Filling up the DagBag from /home/airflow/.local/lib/python3.12/site-packages/airflow/example_dags/example_subdag_operator.py
[2025-07-01T21:12:04.900+0000] {processor.py:925} INFO - DAG(s) 'example_subdag_operator.section-1', 'example_subdag_operator.section-2', 'example_subdag_operator' retrieved from /home/airflow/.local/lib/python3.12/site-packages/airflow/example_dags/example_subdag_operator.py
[2025-07-01T21:12:04.917+0000] {logging_mixin.py:190} INFO - [2025-07-01T21:12:04.917+0000] {dag.py:3239} INFO - Sync 3 DAGs
[2025-07-01T21:12:04.943+0000] {logging_mixin.py:190} INFO - [2025-07-01T21:12:04.942+0000] {dag.py:4180} INFO - Setting next_dagrun for example_subdag_operator to 2022-01-01 00:00:00+00:00, run_after=2022-01-01 00:00:00+00:00
[2025-07-01T21:12:04.949+0000] {logging_mixin.py:190} INFO - [2025-07-01T21:12:04.949+0000] {dag.py:4180} INFO - Setting next_dagrun for example_subdag_operator.section-1 to None, run_after=None
[2025-07-01T21:12:04.951+0000] {logging_mixin.py:190} INFO - [2025-07-01T21:12:04.951+0000] {dag.py:4180} INFO - Setting next_dagrun for example_subdag_operator.section-2 to None, run_after=None
[2025-07-01T21:12:04.962+0000] {logging_mixin.py:190} INFO - [2025-07-01T21:12:04.962+0000] {dag.py:3239} INFO - Sync 2 DAGs
[2025-07-01T21:12:04.973+0000] {logging_mixin.py:190} INFO - [2025-07-01T21:12:04.972+0000] {dag.py:4180} INFO - Setting next_dagrun for example_subdag_operator.section-1 to None, run_after=None
[2025-07-01T21:12:04.973+0000] {logging_mixin.py:190} INFO - [2025-07-01T21:12:04.973+0000] {dag.py:4180} INFO - Setting next_dagrun for example_subdag_operator.section-2 to None, run_after=None
[2025-07-01T21:12:04.986+0000] {processor.py:208} INFO - Processing /home/airflow/.local/lib/python3.12/site-packages/airflow/example_dags/example_subdag_operator.py took 0.134 seconds
[2025-07-01T21:12:35.511+0000] {processor.py:186} INFO - Started process (PID=886) to work on /home/airflow/.local/lib/python3.12/site-packages/airflow/example_dags/example_subdag_operator.py
[2025-07-01T21:12:35.519+0000] {processor.py:914} INFO - Processing file /home/airflow/.local/lib/python3.12/site-packages/airflow/example_dags/example_subdag_operator.py for tasks to queue
[2025-07-01T21:12:35.522+0000] {logging_mixin.py:190} INFO - [2025-07-01T21:12:35.522+0000] {dagbag.py:588} INFO - Filling up the DagBag from /home/airflow/.local/lib/python3.12/site-packages/airflow/example_dags/example_subdag_operator.py
[2025-07-01T21:12:35.562+0000] {processor.py:925} INFO - DAG(s) 'example_subdag_operator.section-1', 'example_subdag_operator.section-2', 'example_subdag_operator' retrieved from /home/airflow/.local/lib/python3.12/site-packages/airflow/example_dags/example_subdag_operator.py
[2025-07-01T21:12:35.589+0000] {logging_mixin.py:190} INFO - [2025-07-01T21:12:35.588+0000] {dag.py:3239} INFO - Sync 3 DAGs
[2025-07-01T21:12:35.616+0000] {logging_mixin.py:190} INFO - [2025-07-01T21:12:35.616+0000] {dag.py:4180} INFO - Setting next_dagrun for example_subdag_operator to 2022-01-01 00:00:00+00:00, run_after=2022-01-01 00:00:00+00:00
[2025-07-01T21:12:35.621+0000] {logging_mixin.py:190} INFO - [2025-07-01T21:12:35.620+0000] {dag.py:4180} INFO - Setting next_dagrun for example_subdag_operator.section-1 to None, run_after=None
[2025-07-01T21:12:35.624+0000] {logging_mixin.py:190} INFO - [2025-07-01T21:12:35.623+0000] {dag.py:4180} INFO - Setting next_dagrun for example_subdag_operator.section-2 to None, run_after=None
[2025-07-01T21:12:35.633+0000] {logging_mixin.py:190} INFO - [2025-07-01T21:12:35.632+0000] {dag.py:3239} INFO - Sync 2 DAGs
[2025-07-01T21:12:35.642+0000] {logging_mixin.py:190} INFO - [2025-07-01T21:12:35.641+0000] {dag.py:4180} INFO - Setting next_dagrun for example_subdag_operator.section-1 to None, run_after=None
[2025-07-01T21:12:35.642+0000] {logging_mixin.py:190} INFO - [2025-07-01T21:12:35.642+0000] {dag.py:4180} INFO - Setting next_dagrun for example_subdag_operator.section-2 to None, run_after=None
[2025-07-01T21:12:35.655+0000] {processor.py:208} INFO - Processing /home/airflow/.local/lib/python3.12/site-packages/airflow/example_dags/example_subdag_operator.py took 0.155 seconds
[2025-07-01T21:13:06.110+0000] {processor.py:186} INFO - Started process (PID=949) to work on /home/airflow/.local/lib/python3.12/site-packages/airflow/example_dags/example_subdag_operator.py
[2025-07-01T21:13:06.113+0000] {processor.py:914} INFO - Processing file /home/airflow/.local/lib/python3.12/site-packages/airflow/example_dags/example_subdag_operator.py for tasks to queue
[2025-07-01T21:13:06.121+0000] {logging_mixin.py:190} INFO - [2025-07-01T21:13:06.121+0000] {dagbag.py:588} INFO - Filling up the DagBag from /home/airflow/.local/lib/python3.12/site-packages/airflow/example_dags/example_subdag_operator.py
[2025-07-01T21:13:06.166+0000] {processor.py:925} INFO - DAG(s) 'example_subdag_operator.section-1', 'example_subdag_operator.section-2', 'example_subdag_operator' retrieved from /home/airflow/.local/lib/python3.12/site-packages/airflow/example_dags/example_subdag_operator.py
[2025-07-01T21:13:06.191+0000] {logging_mixin.py:190} INFO - [2025-07-01T21:13:06.191+0000] {dag.py:3239} INFO - Sync 3 DAGs
[2025-07-01T21:13:06.224+0000] {logging_mixin.py:190} INFO - [2025-07-01T21:13:06.223+0000] {dag.py:4180} INFO - Setting next_dagrun for example_subdag_operator to 2022-01-01 00:00:00+00:00, run_after=2022-01-01 00:00:00+00:00
[2025-07-01T21:13:06.228+0000] {logging_mixin.py:190} INFO - [2025-07-01T21:13:06.228+0000] {dag.py:4180} INFO - Setting next_dagrun for example_subdag_operator.section-1 to None, run_after=None
[2025-07-01T21:13:06.231+0000] {logging_mixin.py:190} INFO - [2025-07-01T21:13:06.231+0000] {dag.py:4180} INFO - Setting next_dagrun for example_subdag_operator.section-2 to None, run_after=None
[2025-07-01T21:13:06.243+0000] {logging_mixin.py:190} INFO - [2025-07-01T21:13:06.242+0000] {dag.py:3239} INFO - Sync 2 DAGs
[2025-07-01T21:13:06.249+0000] {logging_mixin.py:190} INFO - [2025-07-01T21:13:06.249+0000] {dag.py:4180} INFO - Setting next_dagrun for example_subdag_operator.section-1 to None, run_after=None
[2025-07-01T21:13:06.250+0000] {logging_mixin.py:190} INFO - [2025-07-01T21:13:06.250+0000] {dag.py:4180} INFO - Setting next_dagrun for example_subdag_operator.section-2 to None, run_after=None
[2025-07-01T21:13:06.262+0000] {processor.py:208} INFO - Processing /home/airflow/.local/lib/python3.12/site-packages/airflow/example_dags/example_subdag_operator.py took 0.162 seconds
[2025-07-01T21:13:36.542+0000] {processor.py:186} INFO - Started process (PID=1012) to work on /home/airflow/.local/lib/python3.12/site-packages/airflow/example_dags/example_subdag_operator.py
[2025-07-01T21:13:36.544+0000] {processor.py:914} INFO - Processing file /home/airflow/.local/lib/python3.12/site-packages/airflow/example_dags/example_subdag_operator.py for tasks to queue
[2025-07-01T21:13:36.549+0000] {logging_mixin.py:190} INFO - [2025-07-01T21:13:36.548+0000] {dagbag.py:588} INFO - Filling up the DagBag from /home/airflow/.local/lib/python3.12/site-packages/airflow/example_dags/example_subdag_operator.py
[2025-07-01T21:13:36.609+0000] {processor.py:925} INFO - DAG(s) 'example_subdag_operator.section-1', 'example_subdag_operator.section-2', 'example_subdag_operator' retrieved from /home/airflow/.local/lib/python3.12/site-packages/airflow/example_dags/example_subdag_operator.py
[2025-07-01T21:13:36.652+0000] {logging_mixin.py:190} INFO - [2025-07-01T21:13:36.652+0000] {dag.py:3239} INFO - Sync 3 DAGs
[2025-07-01T21:13:36.724+0000] {logging_mixin.py:190} INFO - [2025-07-01T21:13:36.721+0000] {dag.py:4180} INFO - Setting next_dagrun for example_subdag_operator to 2022-01-01 00:00:00+00:00, run_after=2022-01-01 00:00:00+00:00
[2025-07-01T21:13:36.733+0000] {logging_mixin.py:190} INFO - [2025-07-01T21:13:36.732+0000] {dag.py:4180} INFO - Setting next_dagrun for example_subdag_operator.section-1 to None, run_after=None
[2025-07-01T21:13:36.736+0000] {logging_mixin.py:190} INFO - [2025-07-01T21:13:36.736+0000] {dag.py:4180} INFO - Setting next_dagrun for example_subdag_operator.section-2 to None, run_after=None
[2025-07-01T21:13:36.755+0000] {logging_mixin.py:190} INFO - [2025-07-01T21:13:36.754+0000] {dag.py:3239} INFO - Sync 2 DAGs
[2025-07-01T21:13:36.771+0000] {logging_mixin.py:190} INFO - [2025-07-01T21:13:36.771+0000] {dag.py:4180} INFO - Setting next_dagrun for example_subdag_operator.section-1 to None, run_after=None
[2025-07-01T21:13:36.772+0000] {logging_mixin.py:190} INFO - [2025-07-01T21:13:36.772+0000] {dag.py:4180} INFO - Setting next_dagrun for example_subdag_operator.section-2 to None, run_after=None
[2025-07-01T21:13:36.797+0000] {processor.py:208} INFO - Processing /home/airflow/.local/lib/python3.12/site-packages/airflow/example_dags/example_subdag_operator.py took 0.267 seconds
[2025-07-01T21:14:07.275+0000] {processor.py:186} INFO - Started process (PID=1075) to work on /home/airflow/.local/lib/python3.12/site-packages/airflow/example_dags/example_subdag_operator.py
[2025-07-01T21:14:07.277+0000] {processor.py:914} INFO - Processing file /home/airflow/.local/lib/python3.12/site-packages/airflow/example_dags/example_subdag_operator.py for tasks to queue
[2025-07-01T21:14:07.282+0000] {logging_mixin.py:190} INFO - [2025-07-01T21:14:07.281+0000] {dagbag.py:588} INFO - Filling up the DagBag from /home/airflow/.local/lib/python3.12/site-packages/airflow/example_dags/example_subdag_operator.py
[2025-07-01T21:14:07.317+0000] {processor.py:925} INFO - DAG(s) 'example_subdag_operator.section-1', 'example_subdag_operator.section-2', 'example_subdag_operator' retrieved from /home/airflow/.local/lib/python3.12/site-packages/airflow/example_dags/example_subdag_operator.py
[2025-07-01T21:14:07.344+0000] {logging_mixin.py:190} INFO - [2025-07-01T21:14:07.344+0000] {dag.py:3239} INFO - Sync 3 DAGs
[2025-07-01T21:14:07.380+0000] {logging_mixin.py:190} INFO - [2025-07-01T21:14:07.380+0000] {dag.py:4180} INFO - Setting next_dagrun for example_subdag_operator to 2022-01-01 00:00:00+00:00, run_after=2022-01-01 00:00:00+00:00
[2025-07-01T21:14:07.386+0000] {logging_mixin.py:190} INFO - [2025-07-01T21:14:07.386+0000] {dag.py:4180} INFO - Setting next_dagrun for example_subdag_operator.section-1 to None, run_after=None
[2025-07-01T21:14:07.388+0000] {logging_mixin.py:190} INFO - [2025-07-01T21:14:07.387+0000] {dag.py:4180} INFO - Setting next_dagrun for example_subdag_operator.section-2 to None, run_after=None
[2025-07-01T21:14:07.398+0000] {logging_mixin.py:190} INFO - [2025-07-01T21:14:07.398+0000] {dag.py:3239} INFO - Sync 2 DAGs
[2025-07-01T21:14:07.411+0000] {logging_mixin.py:190} INFO - [2025-07-01T21:14:07.411+0000] {dag.py:4180} INFO - Setting next_dagrun for example_subdag_operator.section-1 to None, run_after=None
[2025-07-01T21:14:07.412+0000] {logging_mixin.py:190} INFO - [2025-07-01T21:14:07.412+0000] {dag.py:4180} INFO - Setting next_dagrun for example_subdag_operator.section-2 to None, run_after=None
[2025-07-01T21:14:07.423+0000] {processor.py:208} INFO - Processing /home/airflow/.local/lib/python3.12/site-packages/airflow/example_dags/example_subdag_operator.py took 0.160 seconds
[2025-07-01T21:14:37.569+0000] {processor.py:186} INFO - Started process (PID=1138) to work on /home/airflow/.local/lib/python3.12/site-packages/airflow/example_dags/example_subdag_operator.py
[2025-07-01T21:14:37.577+0000] {processor.py:914} INFO - Processing file /home/airflow/.local/lib/python3.12/site-packages/airflow/example_dags/example_subdag_operator.py for tasks to queue
[2025-07-01T21:14:37.582+0000] {logging_mixin.py:190} INFO - [2025-07-01T21:14:37.581+0000] {dagbag.py:588} INFO - Filling up the DagBag from /home/airflow/.local/lib/python3.12/site-packages/airflow/example_dags/example_subdag_operator.py
[2025-07-01T21:14:37.627+0000] {processor.py:925} INFO - DAG(s) 'example_subdag_operator.section-1', 'example_subdag_operator.section-2', 'example_subdag_operator' retrieved from /home/airflow/.local/lib/python3.12/site-packages/airflow/example_dags/example_subdag_operator.py
[2025-07-01T21:14:37.654+0000] {logging_mixin.py:190} INFO - [2025-07-01T21:14:37.653+0000] {dag.py:3239} INFO - Sync 3 DAGs
[2025-07-01T21:14:37.694+0000] {logging_mixin.py:190} INFO - [2025-07-01T21:14:37.693+0000] {dag.py:4180} INFO - Setting next_dagrun for example_subdag_operator to 2022-01-01 00:00:00+00:00, run_after=2022-01-01 00:00:00+00:00
[2025-07-01T21:14:37.700+0000] {logging_mixin.py:190} INFO - [2025-07-01T21:14:37.700+0000] {dag.py:4180} INFO - Setting next_dagrun for example_subdag_operator.section-1 to None, run_after=None
[2025-07-01T21:14:37.702+0000] {logging_mixin.py:190} INFO - [2025-07-01T21:14:37.702+0000] {dag.py:4180} INFO - Setting next_dagrun for example_subdag_operator.section-2 to None, run_after=None
[2025-07-01T21:14:37.716+0000] {logging_mixin.py:190} INFO - [2025-07-01T21:14:37.713+0000] {dag.py:3239} INFO - Sync 2 DAGs
[2025-07-01T21:14:37.730+0000] {logging_mixin.py:190} INFO - [2025-07-01T21:14:37.730+0000] {dag.py:4180} INFO - Setting next_dagrun for example_subdag_operator.section-1 to None, run_after=None
[2025-07-01T21:14:37.732+0000] {logging_mixin.py:190} INFO - [2025-07-01T21:14:37.732+0000] {dag.py:4180} INFO - Setting next_dagrun for example_subdag_operator.section-2 to None, run_after=None
[2025-07-01T21:14:37.748+0000] {processor.py:208} INFO - Processing /home/airflow/.local/lib/python3.12/site-packages/airflow/example_dags/example_subdag_operator.py took 0.189 seconds
[2025-07-01T21:15:07.945+0000] {processor.py:186} INFO - Started process (PID=1201) to work on /home/airflow/.local/lib/python3.12/site-packages/airflow/example_dags/example_subdag_operator.py
[2025-07-01T21:15:07.947+0000] {processor.py:914} INFO - Processing file /home/airflow/.local/lib/python3.12/site-packages/airflow/example_dags/example_subdag_operator.py for tasks to queue
[2025-07-01T21:15:07.950+0000] {logging_mixin.py:190} INFO - [2025-07-01T21:15:07.949+0000] {dagbag.py:588} INFO - Filling up the DagBag from /home/airflow/.local/lib/python3.12/site-packages/airflow/example_dags/example_subdag_operator.py
[2025-07-01T21:15:07.987+0000] {processor.py:925} INFO - DAG(s) 'example_subdag_operator.section-1', 'example_subdag_operator.section-2', 'example_subdag_operator' retrieved from /home/airflow/.local/lib/python3.12/site-packages/airflow/example_dags/example_subdag_operator.py
[2025-07-01T21:15:08.013+0000] {logging_mixin.py:190} INFO - [2025-07-01T21:15:08.013+0000] {dag.py:3239} INFO - Sync 3 DAGs
[2025-07-01T21:15:08.052+0000] {logging_mixin.py:190} INFO - [2025-07-01T21:15:08.051+0000] {dag.py:4180} INFO - Setting next_dagrun for example_subdag_operator to 2022-01-01 00:00:00+00:00, run_after=2022-01-01 00:00:00+00:00
[2025-07-01T21:15:08.056+0000] {logging_mixin.py:190} INFO - [2025-07-01T21:15:08.056+0000] {dag.py:4180} INFO - Setting next_dagrun for example_subdag_operator.section-1 to None, run_after=None
[2025-07-01T21:15:08.058+0000] {logging_mixin.py:190} INFO - [2025-07-01T21:15:08.058+0000] {dag.py:4180} INFO - Setting next_dagrun for example_subdag_operator.section-2 to None, run_after=None
[2025-07-01T21:15:08.067+0000] {logging_mixin.py:190} INFO - [2025-07-01T21:15:08.066+0000] {dag.py:3239} INFO - Sync 2 DAGs
[2025-07-01T21:15:08.075+0000] {logging_mixin.py:190} INFO - [2025-07-01T21:15:08.074+0000] {dag.py:4180} INFO - Setting next_dagrun for example_subdag_operator.section-1 to None, run_after=None
[2025-07-01T21:15:08.076+0000] {logging_mixin.py:190} INFO - [2025-07-01T21:15:08.076+0000] {dag.py:4180} INFO - Setting next_dagrun for example_subdag_operator.section-2 to None, run_after=None
[2025-07-01T21:15:08.090+0000] {processor.py:208} INFO - Processing /home/airflow/.local/lib/python3.12/site-packages/airflow/example_dags/example_subdag_operator.py took 0.156 seconds
[2025-07-01T21:15:38.181+0000] {processor.py:186} INFO - Started process (PID=1265) to work on /home/airflow/.local/lib/python3.12/site-packages/airflow/example_dags/example_subdag_operator.py
[2025-07-01T21:15:38.182+0000] {processor.py:914} INFO - Processing file /home/airflow/.local/lib/python3.12/site-packages/airflow/example_dags/example_subdag_operator.py for tasks to queue
[2025-07-01T21:15:38.185+0000] {logging_mixin.py:190} INFO - [2025-07-01T21:15:38.185+0000] {dagbag.py:588} INFO - Filling up the DagBag from /home/airflow/.local/lib/python3.12/site-packages/airflow/example_dags/example_subdag_operator.py
[2025-07-01T21:15:38.214+0000] {processor.py:925} INFO - DAG(s) 'example_subdag_operator.section-1', 'example_subdag_operator.section-2', 'example_subdag_operator' retrieved from /home/airflow/.local/lib/python3.12/site-packages/airflow/example_dags/example_subdag_operator.py
[2025-07-01T21:15:38.232+0000] {logging_mixin.py:190} INFO - [2025-07-01T21:15:38.231+0000] {dag.py:3239} INFO - Sync 3 DAGs
[2025-07-01T21:15:38.256+0000] {logging_mixin.py:190} INFO - [2025-07-01T21:15:38.256+0000] {dag.py:4180} INFO - Setting next_dagrun for example_subdag_operator to 2022-01-01 00:00:00+00:00, run_after=2022-01-01 00:00:00+00:00
[2025-07-01T21:15:38.261+0000] {logging_mixin.py:190} INFO - [2025-07-01T21:15:38.260+0000] {dag.py:4180} INFO - Setting next_dagrun for example_subdag_operator.section-1 to None, run_after=None
[2025-07-01T21:15:38.262+0000] {logging_mixin.py:190} INFO - [2025-07-01T21:15:38.262+0000] {dag.py:4180} INFO - Setting next_dagrun for example_subdag_operator.section-2 to None, run_after=None
[2025-07-01T21:15:38.270+0000] {logging_mixin.py:190} INFO - [2025-07-01T21:15:38.270+0000] {dag.py:3239} INFO - Sync 2 DAGs
[2025-07-01T21:15:38.277+0000] {logging_mixin.py:190} INFO - [2025-07-01T21:15:38.277+0000] {dag.py:4180} INFO - Setting next_dagrun for example_subdag_operator.section-1 to None, run_after=None
[2025-07-01T21:15:38.278+0000] {logging_mixin.py:190} INFO - [2025-07-01T21:15:38.278+0000] {dag.py:4180} INFO - Setting next_dagrun for example_subdag_operator.section-2 to None, run_after=None
[2025-07-01T21:15:38.289+0000] {processor.py:208} INFO - Processing /home/airflow/.local/lib/python3.12/site-packages/airflow/example_dags/example_subdag_operator.py took 0.114 seconds
[2025-07-01T21:16:08.445+0000] {processor.py:186} INFO - Started process (PID=1327) to work on /home/airflow/.local/lib/python3.12/site-packages/airflow/example_dags/example_subdag_operator.py
[2025-07-01T21:16:08.446+0000] {processor.py:914} INFO - Processing file /home/airflow/.local/lib/python3.12/site-packages/airflow/example_dags/example_subdag_operator.py for tasks to queue
[2025-07-01T21:16:08.450+0000] {logging_mixin.py:190} INFO - [2025-07-01T21:16:08.449+0000] {dagbag.py:588} INFO - Filling up the DagBag from /home/airflow/.local/lib/python3.12/site-packages/airflow/example_dags/example_subdag_operator.py
[2025-07-01T21:16:08.489+0000] {processor.py:925} INFO - DAG(s) 'example_subdag_operator.section-1', 'example_subdag_operator.section-2', 'example_subdag_operator' retrieved from /home/airflow/.local/lib/python3.12/site-packages/airflow/example_dags/example_subdag_operator.py
[2025-07-01T21:16:08.521+0000] {logging_mixin.py:190} INFO - [2025-07-01T21:16:08.521+0000] {dag.py:3239} INFO - Sync 3 DAGs
[2025-07-01T21:16:08.567+0000] {logging_mixin.py:190} INFO - [2025-07-01T21:16:08.566+0000] {dag.py:4180} INFO - Setting next_dagrun for example_subdag_operator to 2022-01-01 00:00:00+00:00, run_after=2022-01-01 00:00:00+00:00
[2025-07-01T21:16:08.572+0000] {logging_mixin.py:190} INFO - [2025-07-01T21:16:08.572+0000] {dag.py:4180} INFO - Setting next_dagrun for example_subdag_operator.section-1 to None, run_after=None
[2025-07-01T21:16:08.574+0000] {logging_mixin.py:190} INFO - [2025-07-01T21:16:08.574+0000] {dag.py:4180} INFO - Setting next_dagrun for example_subdag_operator.section-2 to None, run_after=None
[2025-07-01T21:16:08.585+0000] {logging_mixin.py:190} INFO - [2025-07-01T21:16:08.585+0000] {dag.py:3239} INFO - Sync 2 DAGs
[2025-07-01T21:16:08.596+0000] {logging_mixin.py:190} INFO - [2025-07-01T21:16:08.596+0000] {dag.py:4180} INFO - Setting next_dagrun for example_subdag_operator.section-1 to None, run_after=None
[2025-07-01T21:16:08.597+0000] {logging_mixin.py:190} INFO - [2025-07-01T21:16:08.597+0000] {dag.py:4180} INFO - Setting next_dagrun for example_subdag_operator.section-2 to None, run_after=None
[2025-07-01T21:16:08.620+0000] {processor.py:208} INFO - Processing /home/airflow/.local/lib/python3.12/site-packages/airflow/example_dags/example_subdag_operator.py took 0.185 seconds
[2025-07-01T21:16:39.211+0000] {processor.py:186} INFO - Started process (PID=1390) to work on /home/airflow/.local/lib/python3.12/site-packages/airflow/example_dags/example_subdag_operator.py
[2025-07-01T21:16:39.212+0000] {processor.py:914} INFO - Processing file /home/airflow/.local/lib/python3.12/site-packages/airflow/example_dags/example_subdag_operator.py for tasks to queue
[2025-07-01T21:16:39.215+0000] {logging_mixin.py:190} INFO - [2025-07-01T21:16:39.214+0000] {dagbag.py:588} INFO - Filling up the DagBag from /home/airflow/.local/lib/python3.12/site-packages/airflow/example_dags/example_subdag_operator.py
[2025-07-01T21:16:39.245+0000] {processor.py:925} INFO - DAG(s) 'example_subdag_operator.section-1', 'example_subdag_operator.section-2', 'example_subdag_operator' retrieved from /home/airflow/.local/lib/python3.12/site-packages/airflow/example_dags/example_subdag_operator.py
[2025-07-01T21:16:39.267+0000] {logging_mixin.py:190} INFO - [2025-07-01T21:16:39.267+0000] {dag.py:3239} INFO - Sync 3 DAGs
[2025-07-01T21:16:39.311+0000] {logging_mixin.py:190} INFO - [2025-07-01T21:16:39.310+0000] {dag.py:4180} INFO - Setting next_dagrun for example_subdag_operator to 2022-01-01 00:00:00+00:00, run_after=2022-01-01 00:00:00+00:00
[2025-07-01T21:16:39.318+0000] {logging_mixin.py:190} INFO - [2025-07-01T21:16:39.317+0000] {dag.py:4180} INFO - Setting next_dagrun for example_subdag_operator.section-1 to None, run_after=None
[2025-07-01T21:16:39.319+0000] {logging_mixin.py:190} INFO - [2025-07-01T21:16:39.319+0000] {dag.py:4180} INFO - Setting next_dagrun for example_subdag_operator.section-2 to None, run_after=None
[2025-07-01T21:16:39.329+0000] {logging_mixin.py:190} INFO - [2025-07-01T21:16:39.329+0000] {dag.py:3239} INFO - Sync 2 DAGs
[2025-07-01T21:16:39.337+0000] {logging_mixin.py:190} INFO - [2025-07-01T21:16:39.337+0000] {dag.py:4180} INFO - Setting next_dagrun for example_subdag_operator.section-1 to None, run_after=None
[2025-07-01T21:16:39.338+0000] {logging_mixin.py:190} INFO - [2025-07-01T21:16:39.337+0000] {dag.py:4180} INFO - Setting next_dagrun for example_subdag_operator.section-2 to None, run_after=None
[2025-07-01T21:16:39.357+0000] {processor.py:208} INFO - Processing /home/airflow/.local/lib/python3.12/site-packages/airflow/example_dags/example_subdag_operator.py took 0.153 seconds
[2025-07-01T21:17:09.456+0000] {processor.py:186} INFO - Started process (PID=1453) to work on /home/airflow/.local/lib/python3.12/site-packages/airflow/example_dags/example_subdag_operator.py
[2025-07-01T21:17:09.458+0000] {processor.py:914} INFO - Processing file /home/airflow/.local/lib/python3.12/site-packages/airflow/example_dags/example_subdag_operator.py for tasks to queue
[2025-07-01T21:17:09.462+0000] {logging_mixin.py:190} INFO - [2025-07-01T21:17:09.461+0000] {dagbag.py:588} INFO - Filling up the DagBag from /home/airflow/.local/lib/python3.12/site-packages/airflow/example_dags/example_subdag_operator.py
[2025-07-01T21:17:09.502+0000] {processor.py:925} INFO - DAG(s) 'example_subdag_operator.section-1', 'example_subdag_operator.section-2', 'example_subdag_operator' retrieved from /home/airflow/.local/lib/python3.12/site-packages/airflow/example_dags/example_subdag_operator.py
[2025-07-01T21:17:09.526+0000] {logging_mixin.py:190} INFO - [2025-07-01T21:17:09.526+0000] {dag.py:3239} INFO - Sync 3 DAGs
[2025-07-01T21:17:09.564+0000] {logging_mixin.py:190} INFO - [2025-07-01T21:17:09.564+0000] {dag.py:4180} INFO - Setting next_dagrun for example_subdag_operator to 2022-01-01 00:00:00+00:00, run_after=2022-01-01 00:00:00+00:00
[2025-07-01T21:17:09.571+0000] {logging_mixin.py:190} INFO - [2025-07-01T21:17:09.570+0000] {dag.py:4180} INFO - Setting next_dagrun for example_subdag_operator.section-1 to None, run_after=None
[2025-07-01T21:17:09.573+0000] {logging_mixin.py:190} INFO - [2025-07-01T21:17:09.573+0000] {dag.py:4180} INFO - Setting next_dagrun for example_subdag_operator.section-2 to None, run_after=None
[2025-07-01T21:17:09.586+0000] {logging_mixin.py:190} INFO - [2025-07-01T21:17:09.585+0000] {dag.py:3239} INFO - Sync 2 DAGs
[2025-07-01T21:17:09.596+0000] {logging_mixin.py:190} INFO - [2025-07-01T21:17:09.595+0000] {dag.py:4180} INFO - Setting next_dagrun for example_subdag_operator.section-1 to None, run_after=None
[2025-07-01T21:17:09.596+0000] {logging_mixin.py:190} INFO - [2025-07-01T21:17:09.596+0000] {dag.py:4180} INFO - Setting next_dagrun for example_subdag_operator.section-2 to None, run_after=None
[2025-07-01T21:17:09.616+0000] {processor.py:208} INFO - Processing /home/airflow/.local/lib/python3.12/site-packages/airflow/example_dags/example_subdag_operator.py took 0.172 seconds
[2025-07-01T21:17:40.628+0000] {processor.py:186} INFO - Started process (PID=1516) to work on /home/airflow/.local/lib/python3.12/site-packages/airflow/example_dags/example_subdag_operator.py
[2025-07-01T21:17:40.629+0000] {processor.py:914} INFO - Processing file /home/airflow/.local/lib/python3.12/site-packages/airflow/example_dags/example_subdag_operator.py for tasks to queue
[2025-07-01T21:17:40.632+0000] {logging_mixin.py:190} INFO - [2025-07-01T21:17:40.632+0000] {dagbag.py:588} INFO - Filling up the DagBag from /home/airflow/.local/lib/python3.12/site-packages/airflow/example_dags/example_subdag_operator.py
[2025-07-01T21:17:40.660+0000] {processor.py:925} INFO - DAG(s) 'example_subdag_operator.section-1', 'example_subdag_operator.section-2', 'example_subdag_operator' retrieved from /home/airflow/.local/lib/python3.12/site-packages/airflow/example_dags/example_subdag_operator.py
[2025-07-01T21:17:40.687+0000] {logging_mixin.py:190} INFO - [2025-07-01T21:17:40.687+0000] {dag.py:3239} INFO - Sync 3 DAGs
[2025-07-01T21:17:40.715+0000] {logging_mixin.py:190} INFO - [2025-07-01T21:17:40.714+0000] {dag.py:4180} INFO - Setting next_dagrun for example_subdag_operator to 2022-01-01 00:00:00+00:00, run_after=2022-01-01 00:00:00+00:00
[2025-07-01T21:17:40.721+0000] {logging_mixin.py:190} INFO - [2025-07-01T21:17:40.720+0000] {dag.py:4180} INFO - Setting next_dagrun for example_subdag_operator.section-1 to None, run_after=None
[2025-07-01T21:17:40.723+0000] {logging_mixin.py:190} INFO - [2025-07-01T21:17:40.723+0000] {dag.py:4180} INFO - Setting next_dagrun for example_subdag_operator.section-2 to None, run_after=None
[2025-07-01T21:17:40.733+0000] {logging_mixin.py:190} INFO - [2025-07-01T21:17:40.733+0000] {dag.py:3239} INFO - Sync 2 DAGs
[2025-07-01T21:17:40.741+0000] {logging_mixin.py:190} INFO - [2025-07-01T21:17:40.741+0000] {dag.py:4180} INFO - Setting next_dagrun for example_subdag_operator.section-1 to None, run_after=None
[2025-07-01T21:17:40.742+0000] {logging_mixin.py:190} INFO - [2025-07-01T21:17:40.742+0000] {dag.py:4180} INFO - Setting next_dagrun for example_subdag_operator.section-2 to None, run_after=None
[2025-07-01T21:17:40.759+0000] {processor.py:208} INFO - Processing /home/airflow/.local/lib/python3.12/site-packages/airflow/example_dags/example_subdag_operator.py took 0.139 seconds
[2025-07-01T21:18:11.116+0000] {processor.py:186} INFO - Started process (PID=1579) to work on /home/airflow/.local/lib/python3.12/site-packages/airflow/example_dags/example_subdag_operator.py
[2025-07-01T21:18:11.117+0000] {processor.py:914} INFO - Processing file /home/airflow/.local/lib/python3.12/site-packages/airflow/example_dags/example_subdag_operator.py for tasks to queue
[2025-07-01T21:18:11.120+0000] {logging_mixin.py:190} INFO - [2025-07-01T21:18:11.120+0000] {dagbag.py:588} INFO - Filling up the DagBag from /home/airflow/.local/lib/python3.12/site-packages/airflow/example_dags/example_subdag_operator.py
[2025-07-01T21:18:11.159+0000] {processor.py:925} INFO - DAG(s) 'example_subdag_operator.section-1', 'example_subdag_operator.section-2', 'example_subdag_operator' retrieved from /home/airflow/.local/lib/python3.12/site-packages/airflow/example_dags/example_subdag_operator.py
[2025-07-01T21:18:11.196+0000] {logging_mixin.py:190} INFO - [2025-07-01T21:18:11.196+0000] {dag.py:3239} INFO - Sync 3 DAGs
[2025-07-01T21:18:11.226+0000] {logging_mixin.py:190} INFO - [2025-07-01T21:18:11.226+0000] {dag.py:4180} INFO - Setting next_dagrun for example_subdag_operator to 2022-01-01 00:00:00+00:00, run_after=2022-01-01 00:00:00+00:00
[2025-07-01T21:18:11.230+0000] {logging_mixin.py:190} INFO - [2025-07-01T21:18:11.230+0000] {dag.py:4180} INFO - Setting next_dagrun for example_subdag_operator.section-1 to None, run_after=None
[2025-07-01T21:18:11.232+0000] {logging_mixin.py:190} INFO - [2025-07-01T21:18:11.232+0000] {dag.py:4180} INFO - Setting next_dagrun for example_subdag_operator.section-2 to None, run_after=None
[2025-07-01T21:18:11.241+0000] {logging_mixin.py:190} INFO - [2025-07-01T21:18:11.240+0000] {dag.py:3239} INFO - Sync 2 DAGs
[2025-07-01T21:18:11.248+0000] {logging_mixin.py:190} INFO - [2025-07-01T21:18:11.248+0000] {dag.py:4180} INFO - Setting next_dagrun for example_subdag_operator.section-1 to None, run_after=None
[2025-07-01T21:18:11.248+0000] {logging_mixin.py:190} INFO - [2025-07-01T21:18:11.248+0000] {dag.py:4180} INFO - Setting next_dagrun for example_subdag_operator.section-2 to None, run_after=None
[2025-07-01T21:18:11.260+0000] {processor.py:208} INFO - Processing /home/airflow/.local/lib/python3.12/site-packages/airflow/example_dags/example_subdag_operator.py took 0.152 seconds
[2025-07-01T21:18:42.322+0000] {processor.py:186} INFO - Started process (PID=1642) to work on /home/airflow/.local/lib/python3.12/site-packages/airflow/example_dags/example_subdag_operator.py
[2025-07-01T21:18:42.335+0000] {processor.py:914} INFO - Processing file /home/airflow/.local/lib/python3.12/site-packages/airflow/example_dags/example_subdag_operator.py for tasks to queue
[2025-07-01T21:18:42.341+0000] {logging_mixin.py:190} INFO - [2025-07-01T21:18:42.340+0000] {dagbag.py:588} INFO - Filling up the DagBag from /home/airflow/.local/lib/python3.12/site-packages/airflow/example_dags/example_subdag_operator.py
[2025-07-01T21:18:42.413+0000] {processor.py:925} INFO - DAG(s) 'example_subdag_operator.section-1', 'example_subdag_operator.section-2', 'example_subdag_operator' retrieved from /home/airflow/.local/lib/python3.12/site-packages/airflow/example_dags/example_subdag_operator.py
[2025-07-01T21:18:42.441+0000] {logging_mixin.py:190} INFO - [2025-07-01T21:18:42.441+0000] {dag.py:3239} INFO - Sync 3 DAGs
[2025-07-01T21:18:42.483+0000] {logging_mixin.py:190} INFO - [2025-07-01T21:18:42.482+0000] {dag.py:4180} INFO - Setting next_dagrun for example_subdag_operator to 2022-01-01 00:00:00+00:00, run_after=2022-01-01 00:00:00+00:00
[2025-07-01T21:18:42.489+0000] {logging_mixin.py:190} INFO - [2025-07-01T21:18:42.489+0000] {dag.py:4180} INFO - Setting next_dagrun for example_subdag_operator.section-1 to None, run_after=None
[2025-07-01T21:18:42.492+0000] {logging_mixin.py:190} INFO - [2025-07-01T21:18:42.492+0000] {dag.py:4180} INFO - Setting next_dagrun for example_subdag_operator.section-2 to None, run_after=None
[2025-07-01T21:18:42.504+0000] {logging_mixin.py:190} INFO - [2025-07-01T21:18:42.504+0000] {dag.py:3239} INFO - Sync 2 DAGs
[2025-07-01T21:18:42.515+0000] {logging_mixin.py:190} INFO - [2025-07-01T21:18:42.514+0000] {dag.py:4180} INFO - Setting next_dagrun for example_subdag_operator.section-1 to None, run_after=None
[2025-07-01T21:18:42.516+0000] {logging_mixin.py:190} INFO - [2025-07-01T21:18:42.515+0000] {dag.py:4180} INFO - Setting next_dagrun for example_subdag_operator.section-2 to None, run_after=None
[2025-07-01T21:18:42.550+0000] {processor.py:208} INFO - Processing /home/airflow/.local/lib/python3.12/site-packages/airflow/example_dags/example_subdag_operator.py took 0.250 seconds
[2025-07-01T21:19:13.104+0000] {processor.py:186} INFO - Started process (PID=1705) to work on /home/airflow/.local/lib/python3.12/site-packages/airflow/example_dags/example_subdag_operator.py
[2025-07-01T21:19:13.105+0000] {processor.py:914} INFO - Processing file /home/airflow/.local/lib/python3.12/site-packages/airflow/example_dags/example_subdag_operator.py for tasks to queue
[2025-07-01T21:19:13.108+0000] {logging_mixin.py:190} INFO - [2025-07-01T21:19:13.107+0000] {dagbag.py:588} INFO - Filling up the DagBag from /home/airflow/.local/lib/python3.12/site-packages/airflow/example_dags/example_subdag_operator.py
[2025-07-01T21:19:13.147+0000] {processor.py:925} INFO - DAG(s) 'example_subdag_operator.section-1', 'example_subdag_operator.section-2', 'example_subdag_operator' retrieved from /home/airflow/.local/lib/python3.12/site-packages/airflow/example_dags/example_subdag_operator.py
[2025-07-01T21:19:13.169+0000] {logging_mixin.py:190} INFO - [2025-07-01T21:19:13.169+0000] {dag.py:3239} INFO - Sync 3 DAGs
[2025-07-01T21:19:13.209+0000] {logging_mixin.py:190} INFO - [2025-07-01T21:19:13.209+0000] {dag.py:4180} INFO - Setting next_dagrun for example_subdag_operator to 2022-01-01 00:00:00+00:00, run_after=2022-01-01 00:00:00+00:00
[2025-07-01T21:19:13.217+0000] {logging_mixin.py:190} INFO - [2025-07-01T21:19:13.216+0000] {dag.py:4180} INFO - Setting next_dagrun for example_subdag_operator.section-1 to None, run_after=None
[2025-07-01T21:19:13.219+0000] {logging_mixin.py:190} INFO - [2025-07-01T21:19:13.218+0000] {dag.py:4180} INFO - Setting next_dagrun for example_subdag_operator.section-2 to None, run_after=None
[2025-07-01T21:19:13.232+0000] {logging_mixin.py:190} INFO - [2025-07-01T21:19:13.232+0000] {dag.py:3239} INFO - Sync 2 DAGs
[2025-07-01T21:19:13.239+0000] {logging_mixin.py:190} INFO - [2025-07-01T21:19:13.239+0000] {dag.py:4180} INFO - Setting next_dagrun for example_subdag_operator.section-1 to None, run_after=None
[2025-07-01T21:19:13.240+0000] {logging_mixin.py:190} INFO - [2025-07-01T21:19:13.239+0000] {dag.py:4180} INFO - Setting next_dagrun for example_subdag_operator.section-2 to None, run_after=None
[2025-07-01T21:19:13.256+0000] {processor.py:208} INFO - Processing /home/airflow/.local/lib/python3.12/site-packages/airflow/example_dags/example_subdag_operator.py took 0.162 seconds
[2025-07-01T21:19:43.358+0000] {processor.py:186} INFO - Started process (PID=1768) to work on /home/airflow/.local/lib/python3.12/site-packages/airflow/example_dags/example_subdag_operator.py
[2025-07-01T21:19:43.359+0000] {processor.py:914} INFO - Processing file /home/airflow/.local/lib/python3.12/site-packages/airflow/example_dags/example_subdag_operator.py for tasks to queue
[2025-07-01T21:19:43.362+0000] {logging_mixin.py:190} INFO - [2025-07-01T21:19:43.361+0000] {dagbag.py:588} INFO - Filling up the DagBag from /home/airflow/.local/lib/python3.12/site-packages/airflow/example_dags/example_subdag_operator.py
[2025-07-01T21:19:43.390+0000] {processor.py:925} INFO - DAG(s) 'example_subdag_operator.section-1', 'example_subdag_operator.section-2', 'example_subdag_operator' retrieved from /home/airflow/.local/lib/python3.12/site-packages/airflow/example_dags/example_subdag_operator.py
[2025-07-01T21:19:43.414+0000] {logging_mixin.py:190} INFO - [2025-07-01T21:19:43.414+0000] {dag.py:3239} INFO - Sync 3 DAGs
[2025-07-01T21:19:43.442+0000] {logging_mixin.py:190} INFO - [2025-07-01T21:19:43.442+0000] {dag.py:4180} INFO - Setting next_dagrun for example_subdag_operator to 2022-01-01 00:00:00+00:00, run_after=2022-01-01 00:00:00+00:00
[2025-07-01T21:19:43.447+0000] {logging_mixin.py:190} INFO - [2025-07-01T21:19:43.446+0000] {dag.py:4180} INFO - Setting next_dagrun for example_subdag_operator.section-1 to None, run_after=None
[2025-07-01T21:19:43.449+0000] {logging_mixin.py:190} INFO - [2025-07-01T21:19:43.448+0000] {dag.py:4180} INFO - Setting next_dagrun for example_subdag_operator.section-2 to None, run_after=None
[2025-07-01T21:19:43.458+0000] {logging_mixin.py:190} INFO - [2025-07-01T21:19:43.458+0000] {dag.py:3239} INFO - Sync 2 DAGs
[2025-07-01T21:19:43.465+0000] {logging_mixin.py:190} INFO - [2025-07-01T21:19:43.465+0000] {dag.py:4180} INFO - Setting next_dagrun for example_subdag_operator.section-1 to None, run_after=None
[2025-07-01T21:19:43.466+0000] {logging_mixin.py:190} INFO - [2025-07-01T21:19:43.466+0000] {dag.py:4180} INFO - Setting next_dagrun for example_subdag_operator.section-2 to None, run_after=None
[2025-07-01T21:19:43.478+0000] {processor.py:208} INFO - Processing /home/airflow/.local/lib/python3.12/site-packages/airflow/example_dags/example_subdag_operator.py took 0.128 seconds
[2025-07-01T21:20:14.314+0000] {processor.py:186} INFO - Started process (PID=1831) to work on /home/airflow/.local/lib/python3.12/site-packages/airflow/example_dags/example_subdag_operator.py
[2025-07-01T21:20:14.315+0000] {processor.py:914} INFO - Processing file /home/airflow/.local/lib/python3.12/site-packages/airflow/example_dags/example_subdag_operator.py for tasks to queue
[2025-07-01T21:20:14.318+0000] {logging_mixin.py:190} INFO - [2025-07-01T21:20:14.317+0000] {dagbag.py:588} INFO - Filling up the DagBag from /home/airflow/.local/lib/python3.12/site-packages/airflow/example_dags/example_subdag_operator.py
[2025-07-01T21:20:14.348+0000] {processor.py:925} INFO - DAG(s) 'example_subdag_operator.section-1', 'example_subdag_operator.section-2', 'example_subdag_operator' retrieved from /home/airflow/.local/lib/python3.12/site-packages/airflow/example_dags/example_subdag_operator.py
[2025-07-01T21:20:14.374+0000] {logging_mixin.py:190} INFO - [2025-07-01T21:20:14.374+0000] {dag.py:3239} INFO - Sync 3 DAGs
[2025-07-01T21:20:14.401+0000] {logging_mixin.py:190} INFO - [2025-07-01T21:20:14.401+0000] {dag.py:4180} INFO - Setting next_dagrun for example_subdag_operator to 2022-01-01 00:00:00+00:00, run_after=2022-01-01 00:00:00+00:00
[2025-07-01T21:20:14.406+0000] {logging_mixin.py:190} INFO - [2025-07-01T21:20:14.406+0000] {dag.py:4180} INFO - Setting next_dagrun for example_subdag_operator.section-1 to None, run_after=None
[2025-07-01T21:20:14.408+0000] {logging_mixin.py:190} INFO - [2025-07-01T21:20:14.407+0000] {dag.py:4180} INFO - Setting next_dagrun for example_subdag_operator.section-2 to None, run_after=None
[2025-07-01T21:20:14.416+0000] {logging_mixin.py:190} INFO - [2025-07-01T21:20:14.416+0000] {dag.py:3239} INFO - Sync 2 DAGs
[2025-07-01T21:20:14.422+0000] {logging_mixin.py:190} INFO - [2025-07-01T21:20:14.422+0000] {dag.py:4180} INFO - Setting next_dagrun for example_subdag_operator.section-1 to None, run_after=None
[2025-07-01T21:20:14.423+0000] {logging_mixin.py:190} INFO - [2025-07-01T21:20:14.423+0000] {dag.py:4180} INFO - Setting next_dagrun for example_subdag_operator.section-2 to None, run_after=None
[2025-07-01T21:20:14.434+0000] {processor.py:208} INFO - Processing /home/airflow/.local/lib/python3.12/site-packages/airflow/example_dags/example_subdag_operator.py took 0.128 seconds
[2025-07-01T21:20:45.470+0000] {processor.py:186} INFO - Started process (PID=1894) to work on /home/airflow/.local/lib/python3.12/site-packages/airflow/example_dags/example_subdag_operator.py
[2025-07-01T21:20:45.472+0000] {processor.py:914} INFO - Processing file /home/airflow/.local/lib/python3.12/site-packages/airflow/example_dags/example_subdag_operator.py for tasks to queue
[2025-07-01T21:20:45.475+0000] {logging_mixin.py:190} INFO - [2025-07-01T21:20:45.475+0000] {dagbag.py:588} INFO - Filling up the DagBag from /home/airflow/.local/lib/python3.12/site-packages/airflow/example_dags/example_subdag_operator.py
[2025-07-01T21:20:45.517+0000] {processor.py:925} INFO - DAG(s) 'example_subdag_operator.section-1', 'example_subdag_operator.section-2', 'example_subdag_operator' retrieved from /home/airflow/.local/lib/python3.12/site-packages/airflow/example_dags/example_subdag_operator.py
[2025-07-01T21:20:45.547+0000] {logging_mixin.py:190} INFO - [2025-07-01T21:20:45.547+0000] {dag.py:3239} INFO - Sync 3 DAGs
[2025-07-01T21:20:45.601+0000] {logging_mixin.py:190} INFO - [2025-07-01T21:20:45.601+0000] {dag.py:4180} INFO - Setting next_dagrun for example_subdag_operator to 2022-01-01 00:00:00+00:00, run_after=2022-01-01 00:00:00+00:00
[2025-07-01T21:20:45.608+0000] {logging_mixin.py:190} INFO - [2025-07-01T21:20:45.608+0000] {dag.py:4180} INFO - Setting next_dagrun for example_subdag_operator.section-1 to None, run_after=None
[2025-07-01T21:20:45.611+0000] {logging_mixin.py:190} INFO - [2025-07-01T21:20:45.610+0000] {dag.py:4180} INFO - Setting next_dagrun for example_subdag_operator.section-2 to None, run_after=None
[2025-07-01T21:20:45.624+0000] {logging_mixin.py:190} INFO - [2025-07-01T21:20:45.623+0000] {dag.py:3239} INFO - Sync 2 DAGs
[2025-07-01T21:20:45.636+0000] {logging_mixin.py:190} INFO - [2025-07-01T21:20:45.636+0000] {dag.py:4180} INFO - Setting next_dagrun for example_subdag_operator.section-1 to None, run_after=None
[2025-07-01T21:20:45.637+0000] {logging_mixin.py:190} INFO - [2025-07-01T21:20:45.637+0000] {dag.py:4180} INFO - Setting next_dagrun for example_subdag_operator.section-2 to None, run_after=None
[2025-07-01T21:20:45.653+0000] {processor.py:208} INFO - Processing /home/airflow/.local/lib/python3.12/site-packages/airflow/example_dags/example_subdag_operator.py took 0.196 seconds
[2025-07-01T21:21:16.732+0000] {processor.py:186} INFO - Started process (PID=1957) to work on /home/airflow/.local/lib/python3.12/site-packages/airflow/example_dags/example_subdag_operator.py
[2025-07-01T21:21:16.734+0000] {processor.py:914} INFO - Processing file /home/airflow/.local/lib/python3.12/site-packages/airflow/example_dags/example_subdag_operator.py for tasks to queue
[2025-07-01T21:21:16.738+0000] {logging_mixin.py:190} INFO - [2025-07-01T21:21:16.737+0000] {dagbag.py:588} INFO - Filling up the DagBag from /home/airflow/.local/lib/python3.12/site-packages/airflow/example_dags/example_subdag_operator.py
[2025-07-01T21:21:16.775+0000] {processor.py:925} INFO - DAG(s) 'example_subdag_operator.section-1', 'example_subdag_operator.section-2', 'example_subdag_operator' retrieved from /home/airflow/.local/lib/python3.12/site-packages/airflow/example_dags/example_subdag_operator.py
[2025-07-01T21:21:16.799+0000] {logging_mixin.py:190} INFO - [2025-07-01T21:21:16.798+0000] {dag.py:3239} INFO - Sync 3 DAGs
[2025-07-01T21:21:16.829+0000] {logging_mixin.py:190} INFO - [2025-07-01T21:21:16.828+0000] {dag.py:4180} INFO - Setting next_dagrun for example_subdag_operator to 2022-01-01 00:00:00+00:00, run_after=2022-01-01 00:00:00+00:00
[2025-07-01T21:21:16.833+0000] {logging_mixin.py:190} INFO - [2025-07-01T21:21:16.833+0000] {dag.py:4180} INFO - Setting next_dagrun for example_subdag_operator.section-1 to None, run_after=None
[2025-07-01T21:21:16.835+0000] {logging_mixin.py:190} INFO - [2025-07-01T21:21:16.834+0000] {dag.py:4180} INFO - Setting next_dagrun for example_subdag_operator.section-2 to None, run_after=None
[2025-07-01T21:21:16.843+0000] {logging_mixin.py:190} INFO - [2025-07-01T21:21:16.843+0000] {dag.py:3239} INFO - Sync 2 DAGs
[2025-07-01T21:21:16.849+0000] {logging_mixin.py:190} INFO - [2025-07-01T21:21:16.849+0000] {dag.py:4180} INFO - Setting next_dagrun for example_subdag_operator.section-1 to None, run_after=None
[2025-07-01T21:21:16.850+0000] {logging_mixin.py:190} INFO - [2025-07-01T21:21:16.850+0000] {dag.py:4180} INFO - Setting next_dagrun for example_subdag_operator.section-2 to None, run_after=None
[2025-07-01T21:21:16.861+0000] {processor.py:208} INFO - Processing /home/airflow/.local/lib/python3.12/site-packages/airflow/example_dags/example_subdag_operator.py took 0.139 seconds
[2025-07-01T21:21:46.938+0000] {processor.py:186} INFO - Started process (PID=2020) to work on /home/airflow/.local/lib/python3.12/site-packages/airflow/example_dags/example_subdag_operator.py
[2025-07-01T21:21:46.939+0000] {processor.py:914} INFO - Processing file /home/airflow/.local/lib/python3.12/site-packages/airflow/example_dags/example_subdag_operator.py for tasks to queue
[2025-07-01T21:21:46.942+0000] {logging_mixin.py:190} INFO - [2025-07-01T21:21:46.941+0000] {dagbag.py:588} INFO - Filling up the DagBag from /home/airflow/.local/lib/python3.12/site-packages/airflow/example_dags/example_subdag_operator.py
[2025-07-01T21:21:46.976+0000] {processor.py:925} INFO - DAG(s) 'example_subdag_operator.section-1', 'example_subdag_operator.section-2', 'example_subdag_operator' retrieved from /home/airflow/.local/lib/python3.12/site-packages/airflow/example_dags/example_subdag_operator.py
[2025-07-01T21:21:47.001+0000] {logging_mixin.py:190} INFO - [2025-07-01T21:21:47.001+0000] {dag.py:3239} INFO - Sync 3 DAGs
[2025-07-01T21:21:47.041+0000] {logging_mixin.py:190} INFO - [2025-07-01T21:21:47.041+0000] {dag.py:4180} INFO - Setting next_dagrun for example_subdag_operator to 2022-01-01 00:00:00+00:00, run_after=2022-01-01 00:00:00+00:00
[2025-07-01T21:21:47.047+0000] {logging_mixin.py:190} INFO - [2025-07-01T21:21:47.047+0000] {dag.py:4180} INFO - Setting next_dagrun for example_subdag_operator.section-1 to None, run_after=None
[2025-07-01T21:21:47.049+0000] {logging_mixin.py:190} INFO - [2025-07-01T21:21:47.049+0000] {dag.py:4180} INFO - Setting next_dagrun for example_subdag_operator.section-2 to None, run_after=None
[2025-07-01T21:21:47.060+0000] {logging_mixin.py:190} INFO - [2025-07-01T21:21:47.060+0000] {dag.py:3239} INFO - Sync 2 DAGs
[2025-07-01T21:21:47.068+0000] {logging_mixin.py:190} INFO - [2025-07-01T21:21:47.067+0000] {dag.py:4180} INFO - Setting next_dagrun for example_subdag_operator.section-1 to None, run_after=None
[2025-07-01T21:21:47.068+0000] {logging_mixin.py:190} INFO - [2025-07-01T21:21:47.068+0000] {dag.py:4180} INFO - Setting next_dagrun for example_subdag_operator.section-2 to None, run_after=None
[2025-07-01T21:21:47.086+0000] {processor.py:208} INFO - Processing /home/airflow/.local/lib/python3.12/site-packages/airflow/example_dags/example_subdag_operator.py took 0.156 seconds
[2025-07-01T21:22:17.331+0000] {processor.py:186} INFO - Started process (PID=2083) to work on /home/airflow/.local/lib/python3.12/site-packages/airflow/example_dags/example_subdag_operator.py
[2025-07-01T21:22:17.332+0000] {processor.py:914} INFO - Processing file /home/airflow/.local/lib/python3.12/site-packages/airflow/example_dags/example_subdag_operator.py for tasks to queue
[2025-07-01T21:22:17.335+0000] {logging_mixin.py:190} INFO - [2025-07-01T21:22:17.335+0000] {dagbag.py:588} INFO - Filling up the DagBag from /home/airflow/.local/lib/python3.12/site-packages/airflow/example_dags/example_subdag_operator.py
[2025-07-01T21:22:17.369+0000] {processor.py:925} INFO - DAG(s) 'example_subdag_operator.section-1', 'example_subdag_operator.section-2', 'example_subdag_operator' retrieved from /home/airflow/.local/lib/python3.12/site-packages/airflow/example_dags/example_subdag_operator.py
[2025-07-01T21:22:17.391+0000] {logging_mixin.py:190} INFO - [2025-07-01T21:22:17.391+0000] {dag.py:3239} INFO - Sync 3 DAGs
[2025-07-01T21:22:17.425+0000] {logging_mixin.py:190} INFO - [2025-07-01T21:22:17.424+0000] {dag.py:4180} INFO - Setting next_dagrun for example_subdag_operator to 2022-01-01 00:00:00+00:00, run_after=2022-01-01 00:00:00+00:00
[2025-07-01T21:22:17.429+0000] {logging_mixin.py:190} INFO - [2025-07-01T21:22:17.429+0000] {dag.py:4180} INFO - Setting next_dagrun for example_subdag_operator.section-1 to None, run_after=None
[2025-07-01T21:22:17.430+0000] {logging_mixin.py:190} INFO - [2025-07-01T21:22:17.430+0000] {dag.py:4180} INFO - Setting next_dagrun for example_subdag_operator.section-2 to None, run_after=None
[2025-07-01T21:22:17.439+0000] {logging_mixin.py:190} INFO - [2025-07-01T21:22:17.438+0000] {dag.py:3239} INFO - Sync 2 DAGs
[2025-07-01T21:22:17.445+0000] {logging_mixin.py:190} INFO - [2025-07-01T21:22:17.444+0000] {dag.py:4180} INFO - Setting next_dagrun for example_subdag_operator.section-1 to None, run_after=None
[2025-07-01T21:22:17.445+0000] {logging_mixin.py:190} INFO - [2025-07-01T21:22:17.445+0000] {dag.py:4180} INFO - Setting next_dagrun for example_subdag_operator.section-2 to None, run_after=None
[2025-07-01T21:22:17.457+0000] {processor.py:208} INFO - Processing /home/airflow/.local/lib/python3.12/site-packages/airflow/example_dags/example_subdag_operator.py took 0.133 seconds
[2025-07-01T21:22:48.339+0000] {processor.py:186} INFO - Started process (PID=2146) to work on /home/airflow/.local/lib/python3.12/site-packages/airflow/example_dags/example_subdag_operator.py
[2025-07-01T21:22:48.340+0000] {processor.py:914} INFO - Processing file /home/airflow/.local/lib/python3.12/site-packages/airflow/example_dags/example_subdag_operator.py for tasks to queue
[2025-07-01T21:22:48.343+0000] {logging_mixin.py:190} INFO - [2025-07-01T21:22:48.343+0000] {dagbag.py:588} INFO - Filling up the DagBag from /home/airflow/.local/lib/python3.12/site-packages/airflow/example_dags/example_subdag_operator.py
[2025-07-01T21:22:48.373+0000] {processor.py:925} INFO - DAG(s) 'example_subdag_operator.section-1', 'example_subdag_operator.section-2', 'example_subdag_operator' retrieved from /home/airflow/.local/lib/python3.12/site-packages/airflow/example_dags/example_subdag_operator.py
[2025-07-01T21:22:48.390+0000] {logging_mixin.py:190} INFO - [2025-07-01T21:22:48.390+0000] {dag.py:3239} INFO - Sync 3 DAGs
[2025-07-01T21:22:48.419+0000] {logging_mixin.py:190} INFO - [2025-07-01T21:22:48.419+0000] {dag.py:4180} INFO - Setting next_dagrun for example_subdag_operator to 2022-01-01 00:00:00+00:00, run_after=2022-01-01 00:00:00+00:00
[2025-07-01T21:22:48.424+0000] {logging_mixin.py:190} INFO - [2025-07-01T21:22:48.423+0000] {dag.py:4180} INFO - Setting next_dagrun for example_subdag_operator.section-1 to None, run_after=None
[2025-07-01T21:22:48.425+0000] {logging_mixin.py:190} INFO - [2025-07-01T21:22:48.425+0000] {dag.py:4180} INFO - Setting next_dagrun for example_subdag_operator.section-2 to None, run_after=None
[2025-07-01T21:22:48.435+0000] {logging_mixin.py:190} INFO - [2025-07-01T21:22:48.434+0000] {dag.py:3239} INFO - Sync 2 DAGs
[2025-07-01T21:22:48.443+0000] {logging_mixin.py:190} INFO - [2025-07-01T21:22:48.443+0000] {dag.py:4180} INFO - Setting next_dagrun for example_subdag_operator.section-1 to None, run_after=None
[2025-07-01T21:22:48.443+0000] {logging_mixin.py:190} INFO - [2025-07-01T21:22:48.443+0000] {dag.py:4180} INFO - Setting next_dagrun for example_subdag_operator.section-2 to None, run_after=None
[2025-07-01T21:22:48.458+0000] {processor.py:208} INFO - Processing /home/airflow/.local/lib/python3.12/site-packages/airflow/example_dags/example_subdag_operator.py took 0.127 seconds
[2025-07-01T21:23:18.841+0000] {processor.py:186} INFO - Started process (PID=2209) to work on /home/airflow/.local/lib/python3.12/site-packages/airflow/example_dags/example_subdag_operator.py
[2025-07-01T21:23:18.842+0000] {processor.py:914} INFO - Processing file /home/airflow/.local/lib/python3.12/site-packages/airflow/example_dags/example_subdag_operator.py for tasks to queue
[2025-07-01T21:23:18.845+0000] {logging_mixin.py:190} INFO - [2025-07-01T21:23:18.844+0000] {dagbag.py:588} INFO - Filling up the DagBag from /home/airflow/.local/lib/python3.12/site-packages/airflow/example_dags/example_subdag_operator.py
[2025-07-01T21:23:18.885+0000] {processor.py:925} INFO - DAG(s) 'example_subdag_operator.section-1', 'example_subdag_operator.section-2', 'example_subdag_operator' retrieved from /home/airflow/.local/lib/python3.12/site-packages/airflow/example_dags/example_subdag_operator.py
[2025-07-01T21:23:18.903+0000] {logging_mixin.py:190} INFO - [2025-07-01T21:23:18.903+0000] {dag.py:3239} INFO - Sync 3 DAGs
[2025-07-01T21:23:18.941+0000] {logging_mixin.py:190} INFO - [2025-07-01T21:23:18.941+0000] {dag.py:4180} INFO - Setting next_dagrun for example_subdag_operator to 2022-01-01 00:00:00+00:00, run_after=2022-01-01 00:00:00+00:00
[2025-07-01T21:23:18.949+0000] {logging_mixin.py:190} INFO - [2025-07-01T21:23:18.949+0000] {dag.py:4180} INFO - Setting next_dagrun for example_subdag_operator.section-1 to None, run_after=None
[2025-07-01T21:23:18.952+0000] {logging_mixin.py:190} INFO - [2025-07-01T21:23:18.952+0000] {dag.py:4180} INFO - Setting next_dagrun for example_subdag_operator.section-2 to None, run_after=None
[2025-07-01T21:23:18.965+0000] {logging_mixin.py:190} INFO - [2025-07-01T21:23:18.965+0000] {dag.py:3239} INFO - Sync 2 DAGs
[2025-07-01T21:23:18.975+0000] {logging_mixin.py:190} INFO - [2025-07-01T21:23:18.975+0000] {dag.py:4180} INFO - Setting next_dagrun for example_subdag_operator.section-1 to None, run_after=None
[2025-07-01T21:23:18.977+0000] {logging_mixin.py:190} INFO - [2025-07-01T21:23:18.977+0000] {dag.py:4180} INFO - Setting next_dagrun for example_subdag_operator.section-2 to None, run_after=None
[2025-07-01T21:23:18.997+0000] {processor.py:208} INFO - Processing /home/airflow/.local/lib/python3.12/site-packages/airflow/example_dags/example_subdag_operator.py took 0.163 seconds
[2025-07-01T21:23:49.156+0000] {processor.py:186} INFO - Started process (PID=2271) to work on /home/airflow/.local/lib/python3.12/site-packages/airflow/example_dags/example_subdag_operator.py
[2025-07-01T21:23:49.158+0000] {processor.py:914} INFO - Processing file /home/airflow/.local/lib/python3.12/site-packages/airflow/example_dags/example_subdag_operator.py for tasks to queue
[2025-07-01T21:23:49.161+0000] {logging_mixin.py:190} INFO - [2025-07-01T21:23:49.161+0000] {dagbag.py:588} INFO - Filling up the DagBag from /home/airflow/.local/lib/python3.12/site-packages/airflow/example_dags/example_subdag_operator.py
[2025-07-01T21:23:49.202+0000] {processor.py:925} INFO - DAG(s) 'example_subdag_operator.section-1', 'example_subdag_operator.section-2', 'example_subdag_operator' retrieved from /home/airflow/.local/lib/python3.12/site-packages/airflow/example_dags/example_subdag_operator.py
[2025-07-01T21:23:49.235+0000] {logging_mixin.py:190} INFO - [2025-07-01T21:23:49.235+0000] {dag.py:3239} INFO - Sync 3 DAGs
[2025-07-01T21:23:49.262+0000] {logging_mixin.py:190} INFO - [2025-07-01T21:23:49.262+0000] {dag.py:4180} INFO - Setting next_dagrun for example_subdag_operator to 2022-01-01 00:00:00+00:00, run_after=2022-01-01 00:00:00+00:00
[2025-07-01T21:23:49.267+0000] {logging_mixin.py:190} INFO - [2025-07-01T21:23:49.267+0000] {dag.py:4180} INFO - Setting next_dagrun for example_subdag_operator.section-1 to None, run_after=None
[2025-07-01T21:23:49.269+0000] {logging_mixin.py:190} INFO - [2025-07-01T21:23:49.268+0000] {dag.py:4180} INFO - Setting next_dagrun for example_subdag_operator.section-2 to None, run_after=None
[2025-07-01T21:23:49.277+0000] {logging_mixin.py:190} INFO - [2025-07-01T21:23:49.276+0000] {dag.py:3239} INFO - Sync 2 DAGs
[2025-07-01T21:23:49.283+0000] {logging_mixin.py:190} INFO - [2025-07-01T21:23:49.283+0000] {dag.py:4180} INFO - Setting next_dagrun for example_subdag_operator.section-1 to None, run_after=None
[2025-07-01T21:23:49.284+0000] {logging_mixin.py:190} INFO - [2025-07-01T21:23:49.284+0000] {dag.py:4180} INFO - Setting next_dagrun for example_subdag_operator.section-2 to None, run_after=None
[2025-07-01T21:23:49.305+0000] {processor.py:208} INFO - Processing /home/airflow/.local/lib/python3.12/site-packages/airflow/example_dags/example_subdag_operator.py took 0.157 seconds
[2025-07-01T21:24:19.410+0000] {processor.py:186} INFO - Started process (PID=2333) to work on /home/airflow/.local/lib/python3.12/site-packages/airflow/example_dags/example_subdag_operator.py
[2025-07-01T21:24:19.417+0000] {processor.py:914} INFO - Processing file /home/airflow/.local/lib/python3.12/site-packages/airflow/example_dags/example_subdag_operator.py for tasks to queue
[2025-07-01T21:24:19.421+0000] {logging_mixin.py:190} INFO - [2025-07-01T21:24:19.420+0000] {dagbag.py:588} INFO - Filling up the DagBag from /home/airflow/.local/lib/python3.12/site-packages/airflow/example_dags/example_subdag_operator.py
[2025-07-01T21:24:19.458+0000] {processor.py:925} INFO - DAG(s) 'example_subdag_operator.section-1', 'example_subdag_operator.section-2', 'example_subdag_operator' retrieved from /home/airflow/.local/lib/python3.12/site-packages/airflow/example_dags/example_subdag_operator.py
[2025-07-01T21:24:19.475+0000] {logging_mixin.py:190} INFO - [2025-07-01T21:24:19.474+0000] {dag.py:3239} INFO - Sync 3 DAGs
[2025-07-01T21:24:19.506+0000] {logging_mixin.py:190} INFO - [2025-07-01T21:24:19.505+0000] {dag.py:4180} INFO - Setting next_dagrun for example_subdag_operator to 2022-01-01 00:00:00+00:00, run_after=2022-01-01 00:00:00+00:00
[2025-07-01T21:24:19.511+0000] {logging_mixin.py:190} INFO - [2025-07-01T21:24:19.510+0000] {dag.py:4180} INFO - Setting next_dagrun for example_subdag_operator.section-1 to None, run_after=None
[2025-07-01T21:24:19.512+0000] {logging_mixin.py:190} INFO - [2025-07-01T21:24:19.512+0000] {dag.py:4180} INFO - Setting next_dagrun for example_subdag_operator.section-2 to None, run_after=None
[2025-07-01T21:24:19.523+0000] {logging_mixin.py:190} INFO - [2025-07-01T21:24:19.522+0000] {dag.py:3239} INFO - Sync 2 DAGs
[2025-07-01T21:24:19.531+0000] {logging_mixin.py:190} INFO - [2025-07-01T21:24:19.531+0000] {dag.py:4180} INFO - Setting next_dagrun for example_subdag_operator.section-1 to None, run_after=None
[2025-07-01T21:24:19.532+0000] {logging_mixin.py:190} INFO - [2025-07-01T21:24:19.531+0000] {dag.py:4180} INFO - Setting next_dagrun for example_subdag_operator.section-2 to None, run_after=None
[2025-07-01T21:24:19.550+0000] {processor.py:208} INFO - Processing /home/airflow/.local/lib/python3.12/site-packages/airflow/example_dags/example_subdag_operator.py took 0.147 seconds
