[2025-07-01T17:21:04.117+0000] {processor.py:186} INFO - Started process (PID=6313) to work on /home/airflow/.local/lib/python3.12/site-packages/airflow/example_dags/example_bash_operator.py
[2025-07-01T17:21:04.118+0000] {processor.py:914} INFO - Processing file /home/airflow/.local/lib/python3.12/site-packages/airflow/example_dags/example_bash_operator.py for tasks to queue
[2025-07-01T17:21:04.123+0000] {logging_mixin.py:190} INFO - [2025-07-01T17:21:04.123+0000] {dagbag.py:588} INFO - Filling up the DagBag from /home/airflow/.local/lib/python3.12/site-packages/airflow/example_dags/example_bash_operator.py
[2025-07-01T17:21:04.156+0000] {processor.py:925} INFO - DAG(s) 'example_bash_operator' retrieved from /home/airflow/.local/lib/python3.12/site-packages/airflow/example_dags/example_bash_operator.py
[2025-07-01T17:21:04.225+0000] {logging_mixin.py:190} INFO - [2025-07-01T17:21:04.225+0000] {dag.py:3239} INFO - Sync 1 DAGs
[2025-07-01T17:21:04.290+0000] {logging_mixin.py:190} INFO - [2025-07-01T17:21:04.290+0000] {dag.py:4180} INFO - Setting next_dagrun for example_bash_operator to 2025-06-30 00:00:00+00:00, run_after=2025-07-01 00:00:00+00:00
[2025-07-01T17:21:04.332+0000] {processor.py:208} INFO - Processing /home/airflow/.local/lib/python3.12/site-packages/airflow/example_dags/example_bash_operator.py took 0.232 seconds
[2025-07-01T21:05:59.675+0000] {processor.py:186} INFO - Started process (PID=102) to work on /home/airflow/.local/lib/python3.12/site-packages/airflow/example_dags/example_bash_operator.py
[2025-07-01T21:05:59.676+0000] {processor.py:914} INFO - Processing file /home/airflow/.local/lib/python3.12/site-packages/airflow/example_dags/example_bash_operator.py for tasks to queue
[2025-07-01T21:05:59.681+0000] {logging_mixin.py:190} INFO - [2025-07-01T21:05:59.680+0000] {dagbag.py:588} INFO - Filling up the DagBag from /home/airflow/.local/lib/python3.12/site-packages/airflow/example_dags/example_bash_operator.py
[2025-07-01T21:05:59.700+0000] {processor.py:925} INFO - DAG(s) 'example_bash_operator' retrieved from /home/airflow/.local/lib/python3.12/site-packages/airflow/example_dags/example_bash_operator.py
[2025-07-01T21:05:59.752+0000] {logging_mixin.py:190} INFO - [2025-07-01T21:05:59.751+0000] {dag.py:3239} INFO - Sync 1 DAGs
[2025-07-01T21:05:59.792+0000] {logging_mixin.py:190} INFO - [2025-07-01T21:05:59.791+0000] {dag.py:4180} INFO - Setting next_dagrun for example_bash_operator to 2025-06-30 00:00:00+00:00, run_after=2025-07-01 00:00:00+00:00
[2025-07-01T21:05:59.820+0000] {processor.py:208} INFO - Processing /home/airflow/.local/lib/python3.12/site-packages/airflow/example_dags/example_bash_operator.py took 0.154 seconds
[2025-07-01T21:06:30.527+0000] {processor.py:186} INFO - Started process (PID=165) to work on /home/airflow/.local/lib/python3.12/site-packages/airflow/example_dags/example_bash_operator.py
[2025-07-01T21:06:30.528+0000] {processor.py:914} INFO - Processing file /home/airflow/.local/lib/python3.12/site-packages/airflow/example_dags/example_bash_operator.py for tasks to queue
[2025-07-01T21:06:30.530+0000] {logging_mixin.py:190} INFO - [2025-07-01T21:06:30.530+0000] {dagbag.py:588} INFO - Filling up the DagBag from /home/airflow/.local/lib/python3.12/site-packages/airflow/example_dags/example_bash_operator.py
[2025-07-01T21:06:30.551+0000] {processor.py:925} INFO - DAG(s) 'example_bash_operator' retrieved from /home/airflow/.local/lib/python3.12/site-packages/airflow/example_dags/example_bash_operator.py
[2025-07-01T21:06:30.595+0000] {logging_mixin.py:190} INFO - [2025-07-01T21:06:30.594+0000] {dag.py:3239} INFO - Sync 1 DAGs
[2025-07-01T21:06:30.623+0000] {logging_mixin.py:190} INFO - [2025-07-01T21:06:30.623+0000] {dag.py:4180} INFO - Setting next_dagrun for example_bash_operator to 2025-06-30 00:00:00+00:00, run_after=2025-07-01 00:00:00+00:00
[2025-07-01T21:06:30.644+0000] {processor.py:208} INFO - Processing /home/airflow/.local/lib/python3.12/site-packages/airflow/example_dags/example_bash_operator.py took 0.124 seconds
[2025-07-01T21:07:02.501+0000] {processor.py:186} INFO - Started process (PID=228) to work on /home/airflow/.local/lib/python3.12/site-packages/airflow/example_dags/example_bash_operator.py
[2025-07-01T21:07:02.502+0000] {processor.py:914} INFO - Processing file /home/airflow/.local/lib/python3.12/site-packages/airflow/example_dags/example_bash_operator.py for tasks to queue
[2025-07-01T21:07:02.513+0000] {logging_mixin.py:190} INFO - [2025-07-01T21:07:02.513+0000] {dagbag.py:588} INFO - Filling up the DagBag from /home/airflow/.local/lib/python3.12/site-packages/airflow/example_dags/example_bash_operator.py
[2025-07-01T21:07:02.545+0000] {processor.py:925} INFO - DAG(s) 'example_bash_operator' retrieved from /home/airflow/.local/lib/python3.12/site-packages/airflow/example_dags/example_bash_operator.py
[2025-07-01T21:07:02.602+0000] {logging_mixin.py:190} INFO - [2025-07-01T21:07:02.601+0000] {dag.py:3239} INFO - Sync 1 DAGs
[2025-07-01T21:07:02.647+0000] {logging_mixin.py:190} INFO - [2025-07-01T21:07:02.647+0000] {dag.py:4180} INFO - Setting next_dagrun for example_bash_operator to 2025-06-30 00:00:00+00:00, run_after=2025-07-01 00:00:00+00:00
[2025-07-01T21:07:02.683+0000] {processor.py:208} INFO - Processing /home/airflow/.local/lib/python3.12/site-packages/airflow/example_dags/example_bash_operator.py took 0.206 seconds
[2025-07-01T21:07:37.279+0000] {processor.py:186} INFO - Started process (PID=291) to work on /home/airflow/.local/lib/python3.12/site-packages/airflow/example_dags/example_bash_operator.py
[2025-07-01T21:07:37.281+0000] {processor.py:914} INFO - Processing file /home/airflow/.local/lib/python3.12/site-packages/airflow/example_dags/example_bash_operator.py for tasks to queue
[2025-07-01T21:07:37.294+0000] {logging_mixin.py:190} INFO - [2025-07-01T21:07:37.292+0000] {dagbag.py:588} INFO - Filling up the DagBag from /home/airflow/.local/lib/python3.12/site-packages/airflow/example_dags/example_bash_operator.py
[2025-07-01T21:07:37.318+0000] {processor.py:925} INFO - DAG(s) 'example_bash_operator' retrieved from /home/airflow/.local/lib/python3.12/site-packages/airflow/example_dags/example_bash_operator.py
[2025-07-01T21:07:37.369+0000] {logging_mixin.py:190} INFO - [2025-07-01T21:07:37.368+0000] {dag.py:3239} INFO - Sync 1 DAGs
[2025-07-01T21:07:37.416+0000] {logging_mixin.py:190} INFO - [2025-07-01T21:07:37.415+0000] {dag.py:4180} INFO - Setting next_dagrun for example_bash_operator to 2025-06-30 00:00:00+00:00, run_after=2025-07-01 00:00:00+00:00
[2025-07-01T21:07:37.458+0000] {processor.py:208} INFO - Processing /home/airflow/.local/lib/python3.12/site-packages/airflow/example_dags/example_bash_operator.py took 0.197 seconds
[2025-07-01T21:08:10.385+0000] {processor.py:186} INFO - Started process (PID=354) to work on /home/airflow/.local/lib/python3.12/site-packages/airflow/example_dags/example_bash_operator.py
[2025-07-01T21:08:10.389+0000] {processor.py:914} INFO - Processing file /home/airflow/.local/lib/python3.12/site-packages/airflow/example_dags/example_bash_operator.py for tasks to queue
[2025-07-01T21:08:10.395+0000] {logging_mixin.py:190} INFO - [2025-07-01T21:08:10.395+0000] {dagbag.py:588} INFO - Filling up the DagBag from /home/airflow/.local/lib/python3.12/site-packages/airflow/example_dags/example_bash_operator.py
[2025-07-01T21:08:10.465+0000] {processor.py:925} INFO - DAG(s) 'example_bash_operator' retrieved from /home/airflow/.local/lib/python3.12/site-packages/airflow/example_dags/example_bash_operator.py
[2025-07-01T21:08:10.595+0000] {logging_mixin.py:190} INFO - [2025-07-01T21:08:10.594+0000] {dag.py:3239} INFO - Sync 1 DAGs
[2025-07-01T21:08:10.821+0000] {logging_mixin.py:190} INFO - [2025-07-01T21:08:10.815+0000] {dag.py:4180} INFO - Setting next_dagrun for example_bash_operator to 2025-06-30 00:00:00+00:00, run_after=2025-07-01 00:00:00+00:00
[2025-07-01T21:08:10.957+0000] {processor.py:208} INFO - Processing /home/airflow/.local/lib/python3.12/site-packages/airflow/example_dags/example_bash_operator.py took 0.616 seconds
[2025-07-01T21:08:41.245+0000] {processor.py:186} INFO - Started process (PID=417) to work on /home/airflow/.local/lib/python3.12/site-packages/airflow/example_dags/example_bash_operator.py
[2025-07-01T21:08:41.246+0000] {processor.py:914} INFO - Processing file /home/airflow/.local/lib/python3.12/site-packages/airflow/example_dags/example_bash_operator.py for tasks to queue
[2025-07-01T21:08:41.248+0000] {logging_mixin.py:190} INFO - [2025-07-01T21:08:41.248+0000] {dagbag.py:588} INFO - Filling up the DagBag from /home/airflow/.local/lib/python3.12/site-packages/airflow/example_dags/example_bash_operator.py
[2025-07-01T21:08:41.262+0000] {processor.py:925} INFO - DAG(s) 'example_bash_operator' retrieved from /home/airflow/.local/lib/python3.12/site-packages/airflow/example_dags/example_bash_operator.py
[2025-07-01T21:08:41.291+0000] {logging_mixin.py:190} INFO - [2025-07-01T21:08:41.291+0000] {dag.py:3239} INFO - Sync 1 DAGs
[2025-07-01T21:08:41.317+0000] {logging_mixin.py:190} INFO - [2025-07-01T21:08:41.317+0000] {dag.py:4180} INFO - Setting next_dagrun for example_bash_operator to 2025-06-30 00:00:00+00:00, run_after=2025-07-01 00:00:00+00:00
[2025-07-01T21:08:41.337+0000] {processor.py:208} INFO - Processing /home/airflow/.local/lib/python3.12/site-packages/airflow/example_dags/example_bash_operator.py took 0.102 seconds
[2025-07-01T21:09:11.466+0000] {processor.py:186} INFO - Started process (PID=479) to work on /home/airflow/.local/lib/python3.12/site-packages/airflow/example_dags/example_bash_operator.py
[2025-07-01T21:09:11.467+0000] {processor.py:914} INFO - Processing file /home/airflow/.local/lib/python3.12/site-packages/airflow/example_dags/example_bash_operator.py for tasks to queue
[2025-07-01T21:09:11.470+0000] {logging_mixin.py:190} INFO - [2025-07-01T21:09:11.469+0000] {dagbag.py:588} INFO - Filling up the DagBag from /home/airflow/.local/lib/python3.12/site-packages/airflow/example_dags/example_bash_operator.py
[2025-07-01T21:09:11.484+0000] {processor.py:925} INFO - DAG(s) 'example_bash_operator' retrieved from /home/airflow/.local/lib/python3.12/site-packages/airflow/example_dags/example_bash_operator.py
[2025-07-01T21:09:11.513+0000] {logging_mixin.py:190} INFO - [2025-07-01T21:09:11.513+0000] {dag.py:3239} INFO - Sync 1 DAGs
[2025-07-01T21:09:11.539+0000] {logging_mixin.py:190} INFO - [2025-07-01T21:09:11.539+0000] {dag.py:4180} INFO - Setting next_dagrun for example_bash_operator to 2025-06-30 00:00:00+00:00, run_after=2025-07-01 00:00:00+00:00
[2025-07-01T21:09:11.559+0000] {processor.py:208} INFO - Processing /home/airflow/.local/lib/python3.12/site-packages/airflow/example_dags/example_bash_operator.py took 0.100 seconds
[2025-07-01T21:09:42.217+0000] {processor.py:186} INFO - Started process (PID=542) to work on /home/airflow/.local/lib/python3.12/site-packages/airflow/example_dags/example_bash_operator.py
[2025-07-01T21:09:42.218+0000] {processor.py:914} INFO - Processing file /home/airflow/.local/lib/python3.12/site-packages/airflow/example_dags/example_bash_operator.py for tasks to queue
[2025-07-01T21:09:42.222+0000] {logging_mixin.py:190} INFO - [2025-07-01T21:09:42.221+0000] {dagbag.py:588} INFO - Filling up the DagBag from /home/airflow/.local/lib/python3.12/site-packages/airflow/example_dags/example_bash_operator.py
[2025-07-01T21:09:42.236+0000] {processor.py:925} INFO - DAG(s) 'example_bash_operator' retrieved from /home/airflow/.local/lib/python3.12/site-packages/airflow/example_dags/example_bash_operator.py
[2025-07-01T21:09:42.265+0000] {logging_mixin.py:190} INFO - [2025-07-01T21:09:42.264+0000] {dag.py:3239} INFO - Sync 1 DAGs
[2025-07-01T21:09:42.290+0000] {logging_mixin.py:190} INFO - [2025-07-01T21:09:42.290+0000] {dag.py:4180} INFO - Setting next_dagrun for example_bash_operator to 2025-06-30 00:00:00+00:00, run_after=2025-07-01 00:00:00+00:00
[2025-07-01T21:09:42.309+0000] {processor.py:208} INFO - Processing /home/airflow/.local/lib/python3.12/site-packages/airflow/example_dags/example_bash_operator.py took 0.099 seconds
[2025-07-01T21:10:12.641+0000] {processor.py:186} INFO - Started process (PID=605) to work on /home/airflow/.local/lib/python3.12/site-packages/airflow/example_dags/example_bash_operator.py
[2025-07-01T21:10:12.642+0000] {processor.py:914} INFO - Processing file /home/airflow/.local/lib/python3.12/site-packages/airflow/example_dags/example_bash_operator.py for tasks to queue
[2025-07-01T21:10:12.644+0000] {logging_mixin.py:190} INFO - [2025-07-01T21:10:12.644+0000] {dagbag.py:588} INFO - Filling up the DagBag from /home/airflow/.local/lib/python3.12/site-packages/airflow/example_dags/example_bash_operator.py
[2025-07-01T21:10:12.662+0000] {processor.py:925} INFO - DAG(s) 'example_bash_operator' retrieved from /home/airflow/.local/lib/python3.12/site-packages/airflow/example_dags/example_bash_operator.py
[2025-07-01T21:10:12.692+0000] {logging_mixin.py:190} INFO - [2025-07-01T21:10:12.692+0000] {dag.py:3239} INFO - Sync 1 DAGs
[2025-07-01T21:10:12.717+0000] {logging_mixin.py:190} INFO - [2025-07-01T21:10:12.717+0000] {dag.py:4180} INFO - Setting next_dagrun for example_bash_operator to 2025-06-30 00:00:00+00:00, run_after=2025-07-01 00:00:00+00:00
[2025-07-01T21:10:12.737+0000] {processor.py:208} INFO - Processing /home/airflow/.local/lib/python3.12/site-packages/airflow/example_dags/example_bash_operator.py took 0.104 seconds
[2025-07-01T21:10:43.573+0000] {processor.py:186} INFO - Started process (PID=668) to work on /home/airflow/.local/lib/python3.12/site-packages/airflow/example_dags/example_bash_operator.py
[2025-07-01T21:10:43.574+0000] {processor.py:914} INFO - Processing file /home/airflow/.local/lib/python3.12/site-packages/airflow/example_dags/example_bash_operator.py for tasks to queue
[2025-07-01T21:10:43.577+0000] {logging_mixin.py:190} INFO - [2025-07-01T21:10:43.576+0000] {dagbag.py:588} INFO - Filling up the DagBag from /home/airflow/.local/lib/python3.12/site-packages/airflow/example_dags/example_bash_operator.py
[2025-07-01T21:10:43.591+0000] {processor.py:925} INFO - DAG(s) 'example_bash_operator' retrieved from /home/airflow/.local/lib/python3.12/site-packages/airflow/example_dags/example_bash_operator.py
[2025-07-01T21:10:43.620+0000] {logging_mixin.py:190} INFO - [2025-07-01T21:10:43.620+0000] {dag.py:3239} INFO - Sync 1 DAGs
[2025-07-01T21:10:43.645+0000] {logging_mixin.py:190} INFO - [2025-07-01T21:10:43.645+0000] {dag.py:4180} INFO - Setting next_dagrun for example_bash_operator to 2025-06-30 00:00:00+00:00, run_after=2025-07-01 00:00:00+00:00
[2025-07-01T21:10:43.665+0000] {processor.py:208} INFO - Processing /home/airflow/.local/lib/python3.12/site-packages/airflow/example_dags/example_bash_operator.py took 0.102 seconds
[2025-07-01T21:11:14.416+0000] {processor.py:186} INFO - Started process (PID=731) to work on /home/airflow/.local/lib/python3.12/site-packages/airflow/example_dags/example_bash_operator.py
[2025-07-01T21:11:14.417+0000] {processor.py:914} INFO - Processing file /home/airflow/.local/lib/python3.12/site-packages/airflow/example_dags/example_bash_operator.py for tasks to queue
[2025-07-01T21:11:14.420+0000] {logging_mixin.py:190} INFO - [2025-07-01T21:11:14.420+0000] {dagbag.py:588} INFO - Filling up the DagBag from /home/airflow/.local/lib/python3.12/site-packages/airflow/example_dags/example_bash_operator.py
[2025-07-01T21:11:14.436+0000] {processor.py:925} INFO - DAG(s) 'example_bash_operator' retrieved from /home/airflow/.local/lib/python3.12/site-packages/airflow/example_dags/example_bash_operator.py
[2025-07-01T21:11:14.464+0000] {logging_mixin.py:190} INFO - [2025-07-01T21:11:14.463+0000] {dag.py:3239} INFO - Sync 1 DAGs
[2025-07-01T21:11:14.489+0000] {logging_mixin.py:190} INFO - [2025-07-01T21:11:14.489+0000] {dag.py:4180} INFO - Setting next_dagrun for example_bash_operator to 2025-06-30 00:00:00+00:00, run_after=2025-07-01 00:00:00+00:00
[2025-07-01T21:11:14.510+0000] {processor.py:208} INFO - Processing /home/airflow/.local/lib/python3.12/site-packages/airflow/example_dags/example_bash_operator.py took 0.100 seconds
[2025-07-01T21:11:45.150+0000] {processor.py:186} INFO - Started process (PID=794) to work on /home/airflow/.local/lib/python3.12/site-packages/airflow/example_dags/example_bash_operator.py
[2025-07-01T21:11:45.151+0000] {processor.py:914} INFO - Processing file /home/airflow/.local/lib/python3.12/site-packages/airflow/example_dags/example_bash_operator.py for tasks to queue
[2025-07-01T21:11:45.154+0000] {logging_mixin.py:190} INFO - [2025-07-01T21:11:45.154+0000] {dagbag.py:588} INFO - Filling up the DagBag from /home/airflow/.local/lib/python3.12/site-packages/airflow/example_dags/example_bash_operator.py
[2025-07-01T21:11:45.175+0000] {processor.py:925} INFO - DAG(s) 'example_bash_operator' retrieved from /home/airflow/.local/lib/python3.12/site-packages/airflow/example_dags/example_bash_operator.py
[2025-07-01T21:11:45.218+0000] {logging_mixin.py:190} INFO - [2025-07-01T21:11:45.218+0000] {dag.py:3239} INFO - Sync 1 DAGs
[2025-07-01T21:11:45.248+0000] {logging_mixin.py:190} INFO - [2025-07-01T21:11:45.247+0000] {dag.py:4180} INFO - Setting next_dagrun for example_bash_operator to 2025-06-30 00:00:00+00:00, run_after=2025-07-01 00:00:00+00:00
[2025-07-01T21:11:45.277+0000] {processor.py:208} INFO - Processing /home/airflow/.local/lib/python3.12/site-packages/airflow/example_dags/example_bash_operator.py took 0.136 seconds
[2025-07-01T21:12:15.725+0000] {processor.py:186} INFO - Started process (PID=857) to work on /home/airflow/.local/lib/python3.12/site-packages/airflow/example_dags/example_bash_operator.py
[2025-07-01T21:12:15.726+0000] {processor.py:914} INFO - Processing file /home/airflow/.local/lib/python3.12/site-packages/airflow/example_dags/example_bash_operator.py for tasks to queue
[2025-07-01T21:12:15.729+0000] {logging_mixin.py:190} INFO - [2025-07-01T21:12:15.729+0000] {dagbag.py:588} INFO - Filling up the DagBag from /home/airflow/.local/lib/python3.12/site-packages/airflow/example_dags/example_bash_operator.py
[2025-07-01T21:12:15.751+0000] {processor.py:925} INFO - DAG(s) 'example_bash_operator' retrieved from /home/airflow/.local/lib/python3.12/site-packages/airflow/example_dags/example_bash_operator.py
[2025-07-01T21:12:15.801+0000] {logging_mixin.py:190} INFO - [2025-07-01T21:12:15.801+0000] {dag.py:3239} INFO - Sync 1 DAGs
[2025-07-01T21:12:15.856+0000] {logging_mixin.py:190} INFO - [2025-07-01T21:12:15.855+0000] {dag.py:4180} INFO - Setting next_dagrun for example_bash_operator to 2025-06-30 00:00:00+00:00, run_after=2025-07-01 00:00:00+00:00
[2025-07-01T21:12:15.884+0000] {processor.py:208} INFO - Processing /home/airflow/.local/lib/python3.12/site-packages/airflow/example_dags/example_bash_operator.py took 0.169 seconds
[2025-07-01T21:12:46.154+0000] {processor.py:186} INFO - Started process (PID=920) to work on /home/airflow/.local/lib/python3.12/site-packages/airflow/example_dags/example_bash_operator.py
[2025-07-01T21:12:46.155+0000] {processor.py:914} INFO - Processing file /home/airflow/.local/lib/python3.12/site-packages/airflow/example_dags/example_bash_operator.py for tasks to queue
[2025-07-01T21:12:46.158+0000] {logging_mixin.py:190} INFO - [2025-07-01T21:12:46.157+0000] {dagbag.py:588} INFO - Filling up the DagBag from /home/airflow/.local/lib/python3.12/site-packages/airflow/example_dags/example_bash_operator.py
[2025-07-01T21:12:46.173+0000] {processor.py:925} INFO - DAG(s) 'example_bash_operator' retrieved from /home/airflow/.local/lib/python3.12/site-packages/airflow/example_dags/example_bash_operator.py
[2025-07-01T21:12:46.202+0000] {logging_mixin.py:190} INFO - [2025-07-01T21:12:46.202+0000] {dag.py:3239} INFO - Sync 1 DAGs
[2025-07-01T21:12:46.231+0000] {logging_mixin.py:190} INFO - [2025-07-01T21:12:46.231+0000] {dag.py:4180} INFO - Setting next_dagrun for example_bash_operator to 2025-06-30 00:00:00+00:00, run_after=2025-07-01 00:00:00+00:00
[2025-07-01T21:12:46.251+0000] {processor.py:208} INFO - Processing /home/airflow/.local/lib/python3.12/site-packages/airflow/example_dags/example_bash_operator.py took 0.104 seconds
[2025-07-01T21:13:16.948+0000] {processor.py:186} INFO - Started process (PID=983) to work on /home/airflow/.local/lib/python3.12/site-packages/airflow/example_dags/example_bash_operator.py
[2025-07-01T21:13:16.950+0000] {processor.py:914} INFO - Processing file /home/airflow/.local/lib/python3.12/site-packages/airflow/example_dags/example_bash_operator.py for tasks to queue
[2025-07-01T21:13:16.965+0000] {logging_mixin.py:190} INFO - [2025-07-01T21:13:16.964+0000] {dagbag.py:588} INFO - Filling up the DagBag from /home/airflow/.local/lib/python3.12/site-packages/airflow/example_dags/example_bash_operator.py
[2025-07-01T21:13:17.026+0000] {processor.py:925} INFO - DAG(s) 'example_bash_operator' retrieved from /home/airflow/.local/lib/python3.12/site-packages/airflow/example_dags/example_bash_operator.py
[2025-07-01T21:13:17.138+0000] {logging_mixin.py:190} INFO - [2025-07-01T21:13:17.138+0000] {dag.py:3239} INFO - Sync 1 DAGs
[2025-07-01T21:13:17.197+0000] {logging_mixin.py:190} INFO - [2025-07-01T21:13:17.196+0000] {dag.py:4180} INFO - Setting next_dagrun for example_bash_operator to 2025-06-30 00:00:00+00:00, run_after=2025-07-01 00:00:00+00:00
[2025-07-01T21:13:17.230+0000] {processor.py:208} INFO - Processing /home/airflow/.local/lib/python3.12/site-packages/airflow/example_dags/example_bash_operator.py took 0.321 seconds
[2025-07-01T21:13:47.376+0000] {processor.py:186} INFO - Started process (PID=1046) to work on /home/airflow/.local/lib/python3.12/site-packages/airflow/example_dags/example_bash_operator.py
[2025-07-01T21:13:47.377+0000] {processor.py:914} INFO - Processing file /home/airflow/.local/lib/python3.12/site-packages/airflow/example_dags/example_bash_operator.py for tasks to queue
[2025-07-01T21:13:47.380+0000] {logging_mixin.py:190} INFO - [2025-07-01T21:13:47.380+0000] {dagbag.py:588} INFO - Filling up the DagBag from /home/airflow/.local/lib/python3.12/site-packages/airflow/example_dags/example_bash_operator.py
[2025-07-01T21:13:47.400+0000] {processor.py:925} INFO - DAG(s) 'example_bash_operator' retrieved from /home/airflow/.local/lib/python3.12/site-packages/airflow/example_dags/example_bash_operator.py
[2025-07-01T21:13:47.458+0000] {logging_mixin.py:190} INFO - [2025-07-01T21:13:47.457+0000] {dag.py:3239} INFO - Sync 1 DAGs
[2025-07-01T21:13:47.515+0000] {logging_mixin.py:190} INFO - [2025-07-01T21:13:47.515+0000] {dag.py:4180} INFO - Setting next_dagrun for example_bash_operator to 2025-06-30 00:00:00+00:00, run_after=2025-07-01 00:00:00+00:00
[2025-07-01T21:13:47.551+0000] {processor.py:208} INFO - Processing /home/airflow/.local/lib/python3.12/site-packages/airflow/example_dags/example_bash_operator.py took 0.186 seconds
[2025-07-01T21:14:18.013+0000] {processor.py:186} INFO - Started process (PID=1109) to work on /home/airflow/.local/lib/python3.12/site-packages/airflow/example_dags/example_bash_operator.py
[2025-07-01T21:14:18.014+0000] {processor.py:914} INFO - Processing file /home/airflow/.local/lib/python3.12/site-packages/airflow/example_dags/example_bash_operator.py for tasks to queue
[2025-07-01T21:14:18.019+0000] {logging_mixin.py:190} INFO - [2025-07-01T21:14:18.019+0000] {dagbag.py:588} INFO - Filling up the DagBag from /home/airflow/.local/lib/python3.12/site-packages/airflow/example_dags/example_bash_operator.py
[2025-07-01T21:14:18.045+0000] {processor.py:925} INFO - DAG(s) 'example_bash_operator' retrieved from /home/airflow/.local/lib/python3.12/site-packages/airflow/example_dags/example_bash_operator.py
[2025-07-01T21:14:18.088+0000] {logging_mixin.py:190} INFO - [2025-07-01T21:14:18.087+0000] {dag.py:3239} INFO - Sync 1 DAGs
[2025-07-01T21:14:18.136+0000] {logging_mixin.py:190} INFO - [2025-07-01T21:14:18.136+0000] {dag.py:4180} INFO - Setting next_dagrun for example_bash_operator to 2025-06-30 00:00:00+00:00, run_after=2025-07-01 00:00:00+00:00
[2025-07-01T21:14:18.168+0000] {processor.py:208} INFO - Processing /home/airflow/.local/lib/python3.12/site-packages/airflow/example_dags/example_bash_operator.py took 0.163 seconds
[2025-07-01T21:14:48.643+0000] {processor.py:186} INFO - Started process (PID=1172) to work on /home/airflow/.local/lib/python3.12/site-packages/airflow/example_dags/example_bash_operator.py
[2025-07-01T21:14:48.644+0000] {processor.py:914} INFO - Processing file /home/airflow/.local/lib/python3.12/site-packages/airflow/example_dags/example_bash_operator.py for tasks to queue
[2025-07-01T21:14:48.646+0000] {logging_mixin.py:190} INFO - [2025-07-01T21:14:48.646+0000] {dagbag.py:588} INFO - Filling up the DagBag from /home/airflow/.local/lib/python3.12/site-packages/airflow/example_dags/example_bash_operator.py
[2025-07-01T21:14:48.662+0000] {processor.py:925} INFO - DAG(s) 'example_bash_operator' retrieved from /home/airflow/.local/lib/python3.12/site-packages/airflow/example_dags/example_bash_operator.py
[2025-07-01T21:14:48.692+0000] {logging_mixin.py:190} INFO - [2025-07-01T21:14:48.691+0000] {dag.py:3239} INFO - Sync 1 DAGs
[2025-07-01T21:14:48.717+0000] {logging_mixin.py:190} INFO - [2025-07-01T21:14:48.717+0000] {dag.py:4180} INFO - Setting next_dagrun for example_bash_operator to 2025-06-30 00:00:00+00:00, run_after=2025-07-01 00:00:00+00:00
[2025-07-01T21:14:48.736+0000] {processor.py:208} INFO - Processing /home/airflow/.local/lib/python3.12/site-packages/airflow/example_dags/example_bash_operator.py took 0.100 seconds
[2025-07-01T21:15:18.968+0000] {processor.py:186} INFO - Started process (PID=1235) to work on /home/airflow/.local/lib/python3.12/site-packages/airflow/example_dags/example_bash_operator.py
[2025-07-01T21:15:18.969+0000] {processor.py:914} INFO - Processing file /home/airflow/.local/lib/python3.12/site-packages/airflow/example_dags/example_bash_operator.py for tasks to queue
[2025-07-01T21:15:18.971+0000] {logging_mixin.py:190} INFO - [2025-07-01T21:15:18.971+0000] {dagbag.py:588} INFO - Filling up the DagBag from /home/airflow/.local/lib/python3.12/site-packages/airflow/example_dags/example_bash_operator.py
[2025-07-01T21:15:18.987+0000] {processor.py:925} INFO - DAG(s) 'example_bash_operator' retrieved from /home/airflow/.local/lib/python3.12/site-packages/airflow/example_dags/example_bash_operator.py
[2025-07-01T21:15:19.023+0000] {logging_mixin.py:190} INFO - [2025-07-01T21:15:19.022+0000] {dag.py:3239} INFO - Sync 1 DAGs
[2025-07-01T21:15:19.053+0000] {logging_mixin.py:190} INFO - [2025-07-01T21:15:19.053+0000] {dag.py:4180} INFO - Setting next_dagrun for example_bash_operator to 2025-06-30 00:00:00+00:00, run_after=2025-07-01 00:00:00+00:00
[2025-07-01T21:15:19.072+0000] {processor.py:208} INFO - Processing /home/airflow/.local/lib/python3.12/site-packages/airflow/example_dags/example_bash_operator.py took 0.113 seconds
[2025-07-01T21:15:49.920+0000] {processor.py:186} INFO - Started process (PID=1298) to work on /home/airflow/.local/lib/python3.12/site-packages/airflow/example_dags/example_bash_operator.py
[2025-07-01T21:15:49.921+0000] {processor.py:914} INFO - Processing file /home/airflow/.local/lib/python3.12/site-packages/airflow/example_dags/example_bash_operator.py for tasks to queue
[2025-07-01T21:15:49.925+0000] {logging_mixin.py:190} INFO - [2025-07-01T21:15:49.924+0000] {dagbag.py:588} INFO - Filling up the DagBag from /home/airflow/.local/lib/python3.12/site-packages/airflow/example_dags/example_bash_operator.py
[2025-07-01T21:15:49.945+0000] {processor.py:925} INFO - DAG(s) 'example_bash_operator' retrieved from /home/airflow/.local/lib/python3.12/site-packages/airflow/example_dags/example_bash_operator.py
[2025-07-01T21:15:49.989+0000] {logging_mixin.py:190} INFO - [2025-07-01T21:15:49.989+0000] {dag.py:3239} INFO - Sync 1 DAGs
[2025-07-01T21:15:50.030+0000] {logging_mixin.py:190} INFO - [2025-07-01T21:15:50.030+0000] {dag.py:4180} INFO - Setting next_dagrun for example_bash_operator to 2025-06-30 00:00:00+00:00, run_after=2025-07-01 00:00:00+00:00
[2025-07-01T21:15:50.060+0000] {processor.py:208} INFO - Processing /home/airflow/.local/lib/python3.12/site-packages/airflow/example_dags/example_bash_operator.py took 0.149 seconds
[2025-07-01T21:16:21.555+0000] {processor.py:186} INFO - Started process (PID=1367) to work on /home/airflow/.local/lib/python3.12/site-packages/airflow/example_dags/example_bash_operator.py
[2025-07-01T21:16:21.557+0000] {processor.py:914} INFO - Processing file /home/airflow/.local/lib/python3.12/site-packages/airflow/example_dags/example_bash_operator.py for tasks to queue
[2025-07-01T21:16:21.563+0000] {logging_mixin.py:190} INFO - [2025-07-01T21:16:21.563+0000] {dagbag.py:588} INFO - Filling up the DagBag from /home/airflow/.local/lib/python3.12/site-packages/airflow/example_dags/example_bash_operator.py
[2025-07-01T21:16:21.604+0000] {processor.py:925} INFO - DAG(s) 'example_bash_operator' retrieved from /home/airflow/.local/lib/python3.12/site-packages/airflow/example_dags/example_bash_operator.py
[2025-07-01T21:16:21.696+0000] {logging_mixin.py:190} INFO - [2025-07-01T21:16:21.695+0000] {dag.py:3239} INFO - Sync 1 DAGs
[2025-07-01T21:16:21.752+0000] {logging_mixin.py:190} INFO - [2025-07-01T21:16:21.751+0000] {dag.py:4180} INFO - Setting next_dagrun for example_bash_operator to 2025-06-30 00:00:00+00:00, run_after=2025-07-01 00:00:00+00:00
[2025-07-01T21:16:21.795+0000] {processor.py:208} INFO - Processing /home/airflow/.local/lib/python3.12/site-packages/airflow/example_dags/example_bash_operator.py took 0.250 seconds
[2025-07-01T21:16:52.506+0000] {processor.py:186} INFO - Started process (PID=1430) to work on /home/airflow/.local/lib/python3.12/site-packages/airflow/example_dags/example_bash_operator.py
[2025-07-01T21:16:52.507+0000] {processor.py:914} INFO - Processing file /home/airflow/.local/lib/python3.12/site-packages/airflow/example_dags/example_bash_operator.py for tasks to queue
[2025-07-01T21:16:52.510+0000] {logging_mixin.py:190} INFO - [2025-07-01T21:16:52.510+0000] {dagbag.py:588} INFO - Filling up the DagBag from /home/airflow/.local/lib/python3.12/site-packages/airflow/example_dags/example_bash_operator.py
[2025-07-01T21:16:52.539+0000] {processor.py:925} INFO - DAG(s) 'example_bash_operator' retrieved from /home/airflow/.local/lib/python3.12/site-packages/airflow/example_dags/example_bash_operator.py
[2025-07-01T21:16:52.607+0000] {logging_mixin.py:190} INFO - [2025-07-01T21:16:52.607+0000] {dag.py:3239} INFO - Sync 1 DAGs
[2025-07-01T21:16:52.682+0000] {logging_mixin.py:190} INFO - [2025-07-01T21:16:52.681+0000] {dag.py:4180} INFO - Setting next_dagrun for example_bash_operator to 2025-06-30 00:00:00+00:00, run_after=2025-07-01 00:00:00+00:00
[2025-07-01T21:16:52.740+0000] {processor.py:208} INFO - Processing /home/airflow/.local/lib/python3.12/site-packages/airflow/example_dags/example_bash_operator.py took 0.243 seconds
[2025-07-01T21:17:23.691+0000] {processor.py:186} INFO - Started process (PID=1493) to work on /home/airflow/.local/lib/python3.12/site-packages/airflow/example_dags/example_bash_operator.py
[2025-07-01T21:17:23.702+0000] {processor.py:914} INFO - Processing file /home/airflow/.local/lib/python3.12/site-packages/airflow/example_dags/example_bash_operator.py for tasks to queue
[2025-07-01T21:17:23.720+0000] {logging_mixin.py:190} INFO - [2025-07-01T21:17:23.719+0000] {dagbag.py:588} INFO - Filling up the DagBag from /home/airflow/.local/lib/python3.12/site-packages/airflow/example_dags/example_bash_operator.py
[2025-07-01T21:17:23.750+0000] {processor.py:925} INFO - DAG(s) 'example_bash_operator' retrieved from /home/airflow/.local/lib/python3.12/site-packages/airflow/example_dags/example_bash_operator.py
[2025-07-01T21:17:23.792+0000] {logging_mixin.py:190} INFO - [2025-07-01T21:17:23.791+0000] {dag.py:3239} INFO - Sync 1 DAGs
[2025-07-01T21:17:23.819+0000] {logging_mixin.py:190} INFO - [2025-07-01T21:17:23.819+0000] {dag.py:4180} INFO - Setting next_dagrun for example_bash_operator to 2025-06-30 00:00:00+00:00, run_after=2025-07-01 00:00:00+00:00
[2025-07-01T21:17:23.844+0000] {processor.py:208} INFO - Processing /home/airflow/.local/lib/python3.12/site-packages/airflow/example_dags/example_bash_operator.py took 0.179 seconds
[2025-07-01T21:17:54.255+0000] {processor.py:186} INFO - Started process (PID=1556) to work on /home/airflow/.local/lib/python3.12/site-packages/airflow/example_dags/example_bash_operator.py
[2025-07-01T21:17:54.261+0000] {processor.py:914} INFO - Processing file /home/airflow/.local/lib/python3.12/site-packages/airflow/example_dags/example_bash_operator.py for tasks to queue
[2025-07-01T21:17:54.270+0000] {logging_mixin.py:190} INFO - [2025-07-01T21:17:54.269+0000] {dagbag.py:588} INFO - Filling up the DagBag from /home/airflow/.local/lib/python3.12/site-packages/airflow/example_dags/example_bash_operator.py
[2025-07-01T21:17:54.302+0000] {processor.py:925} INFO - DAG(s) 'example_bash_operator' retrieved from /home/airflow/.local/lib/python3.12/site-packages/airflow/example_dags/example_bash_operator.py
[2025-07-01T21:17:54.394+0000] {logging_mixin.py:190} INFO - [2025-07-01T21:17:54.393+0000] {dag.py:3239} INFO - Sync 1 DAGs
[2025-07-01T21:17:54.454+0000] {logging_mixin.py:190} INFO - [2025-07-01T21:17:54.454+0000] {dag.py:4180} INFO - Setting next_dagrun for example_bash_operator to 2025-06-30 00:00:00+00:00, run_after=2025-07-01 00:00:00+00:00
[2025-07-01T21:17:54.488+0000] {processor.py:208} INFO - Processing /home/airflow/.local/lib/python3.12/site-packages/airflow/example_dags/example_bash_operator.py took 0.262 seconds
[2025-07-01T21:18:24.706+0000] {processor.py:186} INFO - Started process (PID=1619) to work on /home/airflow/.local/lib/python3.12/site-packages/airflow/example_dags/example_bash_operator.py
[2025-07-01T21:18:24.713+0000] {processor.py:914} INFO - Processing file /home/airflow/.local/lib/python3.12/site-packages/airflow/example_dags/example_bash_operator.py for tasks to queue
[2025-07-01T21:18:24.716+0000] {logging_mixin.py:190} INFO - [2025-07-01T21:18:24.716+0000] {dagbag.py:588} INFO - Filling up the DagBag from /home/airflow/.local/lib/python3.12/site-packages/airflow/example_dags/example_bash_operator.py
[2025-07-01T21:18:24.731+0000] {processor.py:925} INFO - DAG(s) 'example_bash_operator' retrieved from /home/airflow/.local/lib/python3.12/site-packages/airflow/example_dags/example_bash_operator.py
[2025-07-01T21:18:24.771+0000] {logging_mixin.py:190} INFO - [2025-07-01T21:18:24.771+0000] {dag.py:3239} INFO - Sync 1 DAGs
[2025-07-01T21:18:24.804+0000] {logging_mixin.py:190} INFO - [2025-07-01T21:18:24.803+0000] {dag.py:4180} INFO - Setting next_dagrun for example_bash_operator to 2025-06-30 00:00:00+00:00, run_after=2025-07-01 00:00:00+00:00
[2025-07-01T21:18:24.827+0000] {processor.py:208} INFO - Processing /home/airflow/.local/lib/python3.12/site-packages/airflow/example_dags/example_bash_operator.py took 0.131 seconds
[2025-07-01T21:18:54.967+0000] {processor.py:186} INFO - Started process (PID=1682) to work on /home/airflow/.local/lib/python3.12/site-packages/airflow/example_dags/example_bash_operator.py
[2025-07-01T21:18:54.968+0000] {processor.py:914} INFO - Processing file /home/airflow/.local/lib/python3.12/site-packages/airflow/example_dags/example_bash_operator.py for tasks to queue
[2025-07-01T21:18:54.970+0000] {logging_mixin.py:190} INFO - [2025-07-01T21:18:54.970+0000] {dagbag.py:588} INFO - Filling up the DagBag from /home/airflow/.local/lib/python3.12/site-packages/airflow/example_dags/example_bash_operator.py
[2025-07-01T21:18:54.986+0000] {processor.py:925} INFO - DAG(s) 'example_bash_operator' retrieved from /home/airflow/.local/lib/python3.12/site-packages/airflow/example_dags/example_bash_operator.py
[2025-07-01T21:18:55.025+0000] {logging_mixin.py:190} INFO - [2025-07-01T21:18:55.025+0000] {dag.py:3239} INFO - Sync 1 DAGs
[2025-07-01T21:18:55.058+0000] {logging_mixin.py:190} INFO - [2025-07-01T21:18:55.058+0000] {dag.py:4180} INFO - Setting next_dagrun for example_bash_operator to 2025-06-30 00:00:00+00:00, run_after=2025-07-01 00:00:00+00:00
[2025-07-01T21:18:55.081+0000] {processor.py:208} INFO - Processing /home/airflow/.local/lib/python3.12/site-packages/airflow/example_dags/example_bash_operator.py took 0.120 seconds
[2025-07-01T21:19:25.148+0000] {processor.py:186} INFO - Started process (PID=1745) to work on /home/airflow/.local/lib/python3.12/site-packages/airflow/example_dags/example_bash_operator.py
[2025-07-01T21:19:25.149+0000] {processor.py:914} INFO - Processing file /home/airflow/.local/lib/python3.12/site-packages/airflow/example_dags/example_bash_operator.py for tasks to queue
[2025-07-01T21:19:25.152+0000] {logging_mixin.py:190} INFO - [2025-07-01T21:19:25.152+0000] {dagbag.py:588} INFO - Filling up the DagBag from /home/airflow/.local/lib/python3.12/site-packages/airflow/example_dags/example_bash_operator.py
[2025-07-01T21:19:25.167+0000] {processor.py:925} INFO - DAG(s) 'example_bash_operator' retrieved from /home/airflow/.local/lib/python3.12/site-packages/airflow/example_dags/example_bash_operator.py
[2025-07-01T21:19:25.202+0000] {logging_mixin.py:190} INFO - [2025-07-01T21:19:25.201+0000] {dag.py:3239} INFO - Sync 1 DAGs
[2025-07-01T21:19:25.230+0000] {logging_mixin.py:190} INFO - [2025-07-01T21:19:25.230+0000] {dag.py:4180} INFO - Setting next_dagrun for example_bash_operator to 2025-06-30 00:00:00+00:00, run_after=2025-07-01 00:00:00+00:00
[2025-07-01T21:19:25.252+0000] {processor.py:208} INFO - Processing /home/airflow/.local/lib/python3.12/site-packages/airflow/example_dags/example_bash_operator.py took 0.113 seconds
[2025-07-01T21:19:55.385+0000] {processor.py:186} INFO - Started process (PID=1807) to work on /home/airflow/.local/lib/python3.12/site-packages/airflow/example_dags/example_bash_operator.py
[2025-07-01T21:19:55.389+0000] {processor.py:914} INFO - Processing file /home/airflow/.local/lib/python3.12/site-packages/airflow/example_dags/example_bash_operator.py for tasks to queue
[2025-07-01T21:19:55.393+0000] {logging_mixin.py:190} INFO - [2025-07-01T21:19:55.392+0000] {dagbag.py:588} INFO - Filling up the DagBag from /home/airflow/.local/lib/python3.12/site-packages/airflow/example_dags/example_bash_operator.py
[2025-07-01T21:19:55.417+0000] {processor.py:925} INFO - DAG(s) 'example_bash_operator' retrieved from /home/airflow/.local/lib/python3.12/site-packages/airflow/example_dags/example_bash_operator.py
[2025-07-01T21:19:55.462+0000] {logging_mixin.py:190} INFO - [2025-07-01T21:19:55.462+0000] {dag.py:3239} INFO - Sync 1 DAGs
[2025-07-01T21:19:55.555+0000] {logging_mixin.py:190} INFO - [2025-07-01T21:19:55.555+0000] {dag.py:4180} INFO - Setting next_dagrun for example_bash_operator to 2025-06-30 00:00:00+00:00, run_after=2025-07-01 00:00:00+00:00
[2025-07-01T21:19:55.623+0000] {processor.py:208} INFO - Processing /home/airflow/.local/lib/python3.12/site-packages/airflow/example_dags/example_bash_operator.py took 0.247 seconds
[2025-07-01T21:20:26.770+0000] {processor.py:186} INFO - Started process (PID=1871) to work on /home/airflow/.local/lib/python3.12/site-packages/airflow/example_dags/example_bash_operator.py
[2025-07-01T21:20:26.772+0000] {processor.py:914} INFO - Processing file /home/airflow/.local/lib/python3.12/site-packages/airflow/example_dags/example_bash_operator.py for tasks to queue
[2025-07-01T21:20:26.775+0000] {logging_mixin.py:190} INFO - [2025-07-01T21:20:26.775+0000] {dagbag.py:588} INFO - Filling up the DagBag from /home/airflow/.local/lib/python3.12/site-packages/airflow/example_dags/example_bash_operator.py
[2025-07-01T21:20:26.790+0000] {processor.py:925} INFO - DAG(s) 'example_bash_operator' retrieved from /home/airflow/.local/lib/python3.12/site-packages/airflow/example_dags/example_bash_operator.py
[2025-07-01T21:20:26.840+0000] {logging_mixin.py:190} INFO - [2025-07-01T21:20:26.839+0000] {dag.py:3239} INFO - Sync 1 DAGs
[2025-07-01T21:20:26.889+0000] {logging_mixin.py:190} INFO - [2025-07-01T21:20:26.888+0000] {dag.py:4180} INFO - Setting next_dagrun for example_bash_operator to 2025-06-30 00:00:00+00:00, run_after=2025-07-01 00:00:00+00:00
[2025-07-01T21:20:26.921+0000] {processor.py:208} INFO - Processing /home/airflow/.local/lib/python3.12/site-packages/airflow/example_dags/example_bash_operator.py took 0.161 seconds
[2025-07-01T21:20:57.117+0000] {processor.py:186} INFO - Started process (PID=1933) to work on /home/airflow/.local/lib/python3.12/site-packages/airflow/example_dags/example_bash_operator.py
[2025-07-01T21:20:57.118+0000] {processor.py:914} INFO - Processing file /home/airflow/.local/lib/python3.12/site-packages/airflow/example_dags/example_bash_operator.py for tasks to queue
[2025-07-01T21:20:57.121+0000] {logging_mixin.py:190} INFO - [2025-07-01T21:20:57.121+0000] {dagbag.py:588} INFO - Filling up the DagBag from /home/airflow/.local/lib/python3.12/site-packages/airflow/example_dags/example_bash_operator.py
[2025-07-01T21:20:57.144+0000] {processor.py:925} INFO - DAG(s) 'example_bash_operator' retrieved from /home/airflow/.local/lib/python3.12/site-packages/airflow/example_dags/example_bash_operator.py
[2025-07-01T21:20:57.190+0000] {logging_mixin.py:190} INFO - [2025-07-01T21:20:57.189+0000] {dag.py:3239} INFO - Sync 1 DAGs
[2025-07-01T21:20:57.224+0000] {logging_mixin.py:190} INFO - [2025-07-01T21:20:57.224+0000] {dag.py:4180} INFO - Setting next_dagrun for example_bash_operator to 2025-06-30 00:00:00+00:00, run_after=2025-07-01 00:00:00+00:00
[2025-07-01T21:20:57.255+0000] {processor.py:208} INFO - Processing /home/airflow/.local/lib/python3.12/site-packages/airflow/example_dags/example_bash_operator.py took 0.148 seconds
[2025-07-01T21:21:27.758+0000] {processor.py:186} INFO - Started process (PID=1996) to work on /home/airflow/.local/lib/python3.12/site-packages/airflow/example_dags/example_bash_operator.py
[2025-07-01T21:21:27.759+0000] {processor.py:914} INFO - Processing file /home/airflow/.local/lib/python3.12/site-packages/airflow/example_dags/example_bash_operator.py for tasks to queue
[2025-07-01T21:21:27.763+0000] {logging_mixin.py:190} INFO - [2025-07-01T21:21:27.763+0000] {dagbag.py:588} INFO - Filling up the DagBag from /home/airflow/.local/lib/python3.12/site-packages/airflow/example_dags/example_bash_operator.py
[2025-07-01T21:21:27.781+0000] {processor.py:925} INFO - DAG(s) 'example_bash_operator' retrieved from /home/airflow/.local/lib/python3.12/site-packages/airflow/example_dags/example_bash_operator.py
[2025-07-01T21:21:27.829+0000] {logging_mixin.py:190} INFO - [2025-07-01T21:21:27.829+0000] {dag.py:3239} INFO - Sync 1 DAGs
[2025-07-01T21:21:27.871+0000] {logging_mixin.py:190} INFO - [2025-07-01T21:21:27.871+0000] {dag.py:4180} INFO - Setting next_dagrun for example_bash_operator to 2025-06-30 00:00:00+00:00, run_after=2025-07-01 00:00:00+00:00
[2025-07-01T21:21:27.896+0000] {processor.py:208} INFO - Processing /home/airflow/.local/lib/python3.12/site-packages/airflow/example_dags/example_bash_operator.py took 0.147 seconds
[2025-07-01T21:21:59.377+0000] {processor.py:186} INFO - Started process (PID=2060) to work on /home/airflow/.local/lib/python3.12/site-packages/airflow/example_dags/example_bash_operator.py
[2025-07-01T21:21:59.378+0000] {processor.py:914} INFO - Processing file /home/airflow/.local/lib/python3.12/site-packages/airflow/example_dags/example_bash_operator.py for tasks to queue
[2025-07-01T21:21:59.380+0000] {logging_mixin.py:190} INFO - [2025-07-01T21:21:59.380+0000] {dagbag.py:588} INFO - Filling up the DagBag from /home/airflow/.local/lib/python3.12/site-packages/airflow/example_dags/example_bash_operator.py
[2025-07-01T21:21:59.394+0000] {processor.py:925} INFO - DAG(s) 'example_bash_operator' retrieved from /home/airflow/.local/lib/python3.12/site-packages/airflow/example_dags/example_bash_operator.py
[2025-07-01T21:21:59.423+0000] {logging_mixin.py:190} INFO - [2025-07-01T21:21:59.423+0000] {dag.py:3239} INFO - Sync 1 DAGs
[2025-07-01T21:21:59.457+0000] {logging_mixin.py:190} INFO - [2025-07-01T21:21:59.456+0000] {dag.py:4180} INFO - Setting next_dagrun for example_bash_operator to 2025-06-30 00:00:00+00:00, run_after=2025-07-01 00:00:00+00:00
[2025-07-01T21:21:59.480+0000] {processor.py:208} INFO - Processing /home/airflow/.local/lib/python3.12/site-packages/airflow/example_dags/example_bash_operator.py took 0.110 seconds
[2025-07-01T21:22:30.849+0000] {processor.py:186} INFO - Started process (PID=2123) to work on /home/airflow/.local/lib/python3.12/site-packages/airflow/example_dags/example_bash_operator.py
[2025-07-01T21:22:30.850+0000] {processor.py:914} INFO - Processing file /home/airflow/.local/lib/python3.12/site-packages/airflow/example_dags/example_bash_operator.py for tasks to queue
[2025-07-01T21:22:30.853+0000] {logging_mixin.py:190} INFO - [2025-07-01T21:22:30.853+0000] {dagbag.py:588} INFO - Filling up the DagBag from /home/airflow/.local/lib/python3.12/site-packages/airflow/example_dags/example_bash_operator.py
[2025-07-01T21:22:30.877+0000] {processor.py:925} INFO - DAG(s) 'example_bash_operator' retrieved from /home/airflow/.local/lib/python3.12/site-packages/airflow/example_dags/example_bash_operator.py
[2025-07-01T21:22:30.916+0000] {logging_mixin.py:190} INFO - [2025-07-01T21:22:30.916+0000] {dag.py:3239} INFO - Sync 1 DAGs
[2025-07-01T21:22:30.947+0000] {logging_mixin.py:190} INFO - [2025-07-01T21:22:30.946+0000] {dag.py:4180} INFO - Setting next_dagrun for example_bash_operator to 2025-06-30 00:00:00+00:00, run_after=2025-07-01 00:00:00+00:00
[2025-07-01T21:22:30.970+0000] {processor.py:208} INFO - Processing /home/airflow/.local/lib/python3.12/site-packages/airflow/example_dags/example_bash_operator.py took 0.128 seconds
[2025-07-01T21:23:02.336+0000] {processor.py:186} INFO - Started process (PID=2186) to work on /home/airflow/.local/lib/python3.12/site-packages/airflow/example_dags/example_bash_operator.py
[2025-07-01T21:23:02.338+0000] {processor.py:914} INFO - Processing file /home/airflow/.local/lib/python3.12/site-packages/airflow/example_dags/example_bash_operator.py for tasks to queue
[2025-07-01T21:23:02.342+0000] {logging_mixin.py:190} INFO - [2025-07-01T21:23:02.342+0000] {dagbag.py:588} INFO - Filling up the DagBag from /home/airflow/.local/lib/python3.12/site-packages/airflow/example_dags/example_bash_operator.py
[2025-07-01T21:23:02.367+0000] {processor.py:925} INFO - DAG(s) 'example_bash_operator' retrieved from /home/airflow/.local/lib/python3.12/site-packages/airflow/example_dags/example_bash_operator.py
[2025-07-01T21:23:02.402+0000] {logging_mixin.py:190} INFO - [2025-07-01T21:23:02.402+0000] {dag.py:3239} INFO - Sync 1 DAGs
[2025-07-01T21:23:02.442+0000] {logging_mixin.py:190} INFO - [2025-07-01T21:23:02.442+0000] {dag.py:4180} INFO - Setting next_dagrun for example_bash_operator to 2025-06-30 00:00:00+00:00, run_after=2025-07-01 00:00:00+00:00
[2025-07-01T21:23:02.472+0000] {processor.py:208} INFO - Processing /home/airflow/.local/lib/python3.12/site-packages/airflow/example_dags/example_bash_operator.py took 0.144 seconds
[2025-07-01T21:23:33.428+0000] {processor.py:186} INFO - Started process (PID=2249) to work on /home/airflow/.local/lib/python3.12/site-packages/airflow/example_dags/example_bash_operator.py
[2025-07-01T21:23:33.429+0000] {processor.py:914} INFO - Processing file /home/airflow/.local/lib/python3.12/site-packages/airflow/example_dags/example_bash_operator.py for tasks to queue
[2025-07-01T21:23:33.432+0000] {logging_mixin.py:190} INFO - [2025-07-01T21:23:33.431+0000] {dagbag.py:588} INFO - Filling up the DagBag from /home/airflow/.local/lib/python3.12/site-packages/airflow/example_dags/example_bash_operator.py
[2025-07-01T21:23:33.447+0000] {processor.py:925} INFO - DAG(s) 'example_bash_operator' retrieved from /home/airflow/.local/lib/python3.12/site-packages/airflow/example_dags/example_bash_operator.py
[2025-07-01T21:23:33.492+0000] {logging_mixin.py:190} INFO - [2025-07-01T21:23:33.492+0000] {dag.py:3239} INFO - Sync 1 DAGs
[2025-07-01T21:23:33.526+0000] {logging_mixin.py:190} INFO - [2025-07-01T21:23:33.525+0000] {dag.py:4180} INFO - Setting next_dagrun for example_bash_operator to 2025-06-30 00:00:00+00:00, run_after=2025-07-01 00:00:00+00:00
[2025-07-01T21:23:33.546+0000] {processor.py:208} INFO - Processing /home/airflow/.local/lib/python3.12/site-packages/airflow/example_dags/example_bash_operator.py took 0.125 seconds
[2025-07-01T21:24:05.039+0000] {processor.py:186} INFO - Started process (PID=2312) to work on /home/airflow/.local/lib/python3.12/site-packages/airflow/example_dags/example_bash_operator.py
[2025-07-01T21:24:05.040+0000] {processor.py:914} INFO - Processing file /home/airflow/.local/lib/python3.12/site-packages/airflow/example_dags/example_bash_operator.py for tasks to queue
[2025-07-01T21:24:05.045+0000] {logging_mixin.py:190} INFO - [2025-07-01T21:24:05.044+0000] {dagbag.py:588} INFO - Filling up the DagBag from /home/airflow/.local/lib/python3.12/site-packages/airflow/example_dags/example_bash_operator.py
[2025-07-01T21:24:05.064+0000] {processor.py:925} INFO - DAG(s) 'example_bash_operator' retrieved from /home/airflow/.local/lib/python3.12/site-packages/airflow/example_dags/example_bash_operator.py
[2025-07-01T21:24:05.113+0000] {logging_mixin.py:190} INFO - [2025-07-01T21:24:05.113+0000] {dag.py:3239} INFO - Sync 1 DAGs
[2025-07-01T21:24:05.153+0000] {logging_mixin.py:190} INFO - [2025-07-01T21:24:05.153+0000] {dag.py:4180} INFO - Setting next_dagrun for example_bash_operator to 2025-06-30 00:00:00+00:00, run_after=2025-07-01 00:00:00+00:00
[2025-07-01T21:24:05.181+0000] {processor.py:208} INFO - Processing /home/airflow/.local/lib/python3.12/site-packages/airflow/example_dags/example_bash_operator.py took 0.152 seconds
