[2025-07-01T17:21:04.615+0000] {processor.py:186} INFO - Started process (PID=6317) to work on /home/airflow/.local/lib/python3.12/site-packages/airflow/example_dags/example_trigger_target_dag.py
[2025-07-01T17:21:04.616+0000] {processor.py:914} INFO - Processing file /home/airflow/.local/lib/python3.12/site-packages/airflow/example_dags/example_trigger_target_dag.py for tasks to queue
[2025-07-01T17:21:04.620+0000] {logging_mixin.py:190} INFO - [2025-07-01T17:21:04.620+0000] {dagbag.py:588} INFO - Filling up the DagBag from /home/airflow/.local/lib/python3.12/site-packages/airflow/example_dags/example_trigger_target_dag.py
[2025-07-01T17:21:04.635+0000] {processor.py:925} INFO - DAG(s) 'example_trigger_target_dag' retrieved from /home/airflow/.local/lib/python3.12/site-packages/airflow/example_dags/example_trigger_target_dag.py
[2025-07-01T17:21:04.672+0000] {logging_mixin.py:190} INFO - [2025-07-01T17:21:04.672+0000] {dag.py:3239} INFO - Sync 1 DAGs
[2025-07-01T17:21:04.703+0000] {logging_mixin.py:190} INFO - [2025-07-01T17:21:04.703+0000] {dag.py:4180} INFO - Setting next_dagrun for example_trigger_target_dag to None, run_after=None
[2025-07-01T17:21:04.742+0000] {processor.py:208} INFO - Processing /home/airflow/.local/lib/python3.12/site-packages/airflow/example_dags/example_trigger_target_dag.py took 0.139 seconds
[2025-07-01T21:06:00.138+0000] {processor.py:186} INFO - Started process (PID=106) to work on /home/airflow/.local/lib/python3.12/site-packages/airflow/example_dags/example_trigger_target_dag.py
[2025-07-01T21:06:00.139+0000] {processor.py:914} INFO - Processing file /home/airflow/.local/lib/python3.12/site-packages/airflow/example_dags/example_trigger_target_dag.py for tasks to queue
[2025-07-01T21:06:00.142+0000] {logging_mixin.py:190} INFO - [2025-07-01T21:06:00.141+0000] {dagbag.py:588} INFO - Filling up the DagBag from /home/airflow/.local/lib/python3.12/site-packages/airflow/example_dags/example_trigger_target_dag.py
[2025-07-01T21:06:00.156+0000] {processor.py:925} INFO - DAG(s) 'example_trigger_target_dag' retrieved from /home/airflow/.local/lib/python3.12/site-packages/airflow/example_dags/example_trigger_target_dag.py
[2025-07-01T21:06:00.184+0000] {logging_mixin.py:190} INFO - [2025-07-01T21:06:00.183+0000] {dag.py:3239} INFO - Sync 1 DAGs
[2025-07-01T21:06:00.207+0000] {logging_mixin.py:190} INFO - [2025-07-01T21:06:00.206+0000] {dag.py:4180} INFO - Setting next_dagrun for example_trigger_target_dag to None, run_after=None
[2025-07-01T21:06:00.238+0000] {processor.py:208} INFO - Processing /home/airflow/.local/lib/python3.12/site-packages/airflow/example_dags/example_trigger_target_dag.py took 0.108 seconds
[2025-07-01T21:06:30.787+0000] {processor.py:186} INFO - Started process (PID=169) to work on /home/airflow/.local/lib/python3.12/site-packages/airflow/example_dags/example_trigger_target_dag.py
[2025-07-01T21:06:30.788+0000] {processor.py:914} INFO - Processing file /home/airflow/.local/lib/python3.12/site-packages/airflow/example_dags/example_trigger_target_dag.py for tasks to queue
[2025-07-01T21:06:30.790+0000] {logging_mixin.py:190} INFO - [2025-07-01T21:06:30.790+0000] {dagbag.py:588} INFO - Filling up the DagBag from /home/airflow/.local/lib/python3.12/site-packages/airflow/example_dags/example_trigger_target_dag.py
[2025-07-01T21:06:30.800+0000] {processor.py:925} INFO - DAG(s) 'example_trigger_target_dag' retrieved from /home/airflow/.local/lib/python3.12/site-packages/airflow/example_dags/example_trigger_target_dag.py
[2025-07-01T21:06:30.827+0000] {logging_mixin.py:190} INFO - [2025-07-01T21:06:30.827+0000] {dag.py:3239} INFO - Sync 1 DAGs
[2025-07-01T21:06:30.846+0000] {logging_mixin.py:190} INFO - [2025-07-01T21:06:30.846+0000] {dag.py:4180} INFO - Setting next_dagrun for example_trigger_target_dag to None, run_after=None
[2025-07-01T21:06:30.866+0000] {processor.py:208} INFO - Processing /home/airflow/.local/lib/python3.12/site-packages/airflow/example_dags/example_trigger_target_dag.py took 0.085 seconds
[2025-07-01T21:07:03.180+0000] {processor.py:186} INFO - Started process (PID=232) to work on /home/airflow/.local/lib/python3.12/site-packages/airflow/example_dags/example_trigger_target_dag.py
[2025-07-01T21:07:03.182+0000] {processor.py:914} INFO - Processing file /home/airflow/.local/lib/python3.12/site-packages/airflow/example_dags/example_trigger_target_dag.py for tasks to queue
[2025-07-01T21:07:03.186+0000] {logging_mixin.py:190} INFO - [2025-07-01T21:07:03.185+0000] {dagbag.py:588} INFO - Filling up the DagBag from /home/airflow/.local/lib/python3.12/site-packages/airflow/example_dags/example_trigger_target_dag.py
[2025-07-01T21:07:03.205+0000] {processor.py:925} INFO - DAG(s) 'example_trigger_target_dag' retrieved from /home/airflow/.local/lib/python3.12/site-packages/airflow/example_dags/example_trigger_target_dag.py
[2025-07-01T21:07:03.283+0000] {logging_mixin.py:190} INFO - [2025-07-01T21:07:03.282+0000] {dag.py:3239} INFO - Sync 1 DAGs
[2025-07-01T21:07:03.334+0000] {logging_mixin.py:190} INFO - [2025-07-01T21:07:03.334+0000] {dag.py:4180} INFO - Setting next_dagrun for example_trigger_target_dag to None, run_after=None
[2025-07-01T21:07:03.378+0000] {processor.py:208} INFO - Processing /home/airflow/.local/lib/python3.12/site-packages/airflow/example_dags/example_trigger_target_dag.py took 0.214 seconds
[2025-07-01T21:07:37.763+0000] {processor.py:186} INFO - Started process (PID=295) to work on /home/airflow/.local/lib/python3.12/site-packages/airflow/example_dags/example_trigger_target_dag.py
[2025-07-01T21:07:37.765+0000] {processor.py:914} INFO - Processing file /home/airflow/.local/lib/python3.12/site-packages/airflow/example_dags/example_trigger_target_dag.py for tasks to queue
[2025-07-01T21:07:37.770+0000] {logging_mixin.py:190} INFO - [2025-07-01T21:07:37.769+0000] {dagbag.py:588} INFO - Filling up the DagBag from /home/airflow/.local/lib/python3.12/site-packages/airflow/example_dags/example_trigger_target_dag.py
[2025-07-01T21:07:37.791+0000] {processor.py:925} INFO - DAG(s) 'example_trigger_target_dag' retrieved from /home/airflow/.local/lib/python3.12/site-packages/airflow/example_dags/example_trigger_target_dag.py
[2025-07-01T21:07:37.835+0000] {logging_mixin.py:190} INFO - [2025-07-01T21:07:37.835+0000] {dag.py:3239} INFO - Sync 1 DAGs
[2025-07-01T21:07:37.875+0000] {logging_mixin.py:190} INFO - [2025-07-01T21:07:37.874+0000] {dag.py:4180} INFO - Setting next_dagrun for example_trigger_target_dag to None, run_after=None
[2025-07-01T21:07:37.919+0000] {processor.py:208} INFO - Processing /home/airflow/.local/lib/python3.12/site-packages/airflow/example_dags/example_trigger_target_dag.py took 0.166 seconds
[2025-07-01T21:08:11.773+0000] {processor.py:186} INFO - Started process (PID=358) to work on /home/airflow/.local/lib/python3.12/site-packages/airflow/example_dags/example_trigger_target_dag.py
[2025-07-01T21:08:11.774+0000] {processor.py:914} INFO - Processing file /home/airflow/.local/lib/python3.12/site-packages/airflow/example_dags/example_trigger_target_dag.py for tasks to queue
[2025-07-01T21:08:11.780+0000] {logging_mixin.py:190} INFO - [2025-07-01T21:08:11.778+0000] {dagbag.py:588} INFO - Filling up the DagBag from /home/airflow/.local/lib/python3.12/site-packages/airflow/example_dags/example_trigger_target_dag.py
[2025-07-01T21:08:11.798+0000] {processor.py:925} INFO - DAG(s) 'example_trigger_target_dag' retrieved from /home/airflow/.local/lib/python3.12/site-packages/airflow/example_dags/example_trigger_target_dag.py
[2025-07-01T21:08:11.912+0000] {logging_mixin.py:190} INFO - [2025-07-01T21:08:11.912+0000] {dag.py:3239} INFO - Sync 1 DAGs
[2025-07-01T21:08:12.033+0000] {logging_mixin.py:190} INFO - [2025-07-01T21:08:12.033+0000] {dag.py:4180} INFO - Setting next_dagrun for example_trigger_target_dag to None, run_after=None
[2025-07-01T21:08:12.145+0000] {processor.py:208} INFO - Processing /home/airflow/.local/lib/python3.12/site-packages/airflow/example_dags/example_trigger_target_dag.py took 0.394 seconds
[2025-07-01T21:08:42.410+0000] {processor.py:186} INFO - Started process (PID=420) to work on /home/airflow/.local/lib/python3.12/site-packages/airflow/example_dags/example_trigger_target_dag.py
[2025-07-01T21:08:42.411+0000] {processor.py:914} INFO - Processing file /home/airflow/.local/lib/python3.12/site-packages/airflow/example_dags/example_trigger_target_dag.py for tasks to queue
[2025-07-01T21:08:42.413+0000] {logging_mixin.py:190} INFO - [2025-07-01T21:08:42.413+0000] {dagbag.py:588} INFO - Filling up the DagBag from /home/airflow/.local/lib/python3.12/site-packages/airflow/example_dags/example_trigger_target_dag.py
[2025-07-01T21:08:42.423+0000] {processor.py:925} INFO - DAG(s) 'example_trigger_target_dag' retrieved from /home/airflow/.local/lib/python3.12/site-packages/airflow/example_dags/example_trigger_target_dag.py
[2025-07-01T21:08:42.453+0000] {logging_mixin.py:190} INFO - [2025-07-01T21:08:42.452+0000] {dag.py:3239} INFO - Sync 1 DAGs
[2025-07-01T21:08:42.473+0000] {logging_mixin.py:190} INFO - [2025-07-01T21:08:42.473+0000] {dag.py:4180} INFO - Setting next_dagrun for example_trigger_target_dag to None, run_after=None
[2025-07-01T21:08:42.498+0000] {processor.py:208} INFO - Processing /home/airflow/.local/lib/python3.12/site-packages/airflow/example_dags/example_trigger_target_dag.py took 0.095 seconds
[2025-07-01T21:09:12.647+0000] {processor.py:186} INFO - Started process (PID=482) to work on /home/airflow/.local/lib/python3.12/site-packages/airflow/example_dags/example_trigger_target_dag.py
[2025-07-01T21:09:12.648+0000] {processor.py:914} INFO - Processing file /home/airflow/.local/lib/python3.12/site-packages/airflow/example_dags/example_trigger_target_dag.py for tasks to queue
[2025-07-01T21:09:12.650+0000] {logging_mixin.py:190} INFO - [2025-07-01T21:09:12.650+0000] {dagbag.py:588} INFO - Filling up the DagBag from /home/airflow/.local/lib/python3.12/site-packages/airflow/example_dags/example_trigger_target_dag.py
[2025-07-01T21:09:12.658+0000] {processor.py:925} INFO - DAG(s) 'example_trigger_target_dag' retrieved from /home/airflow/.local/lib/python3.12/site-packages/airflow/example_dags/example_trigger_target_dag.py
[2025-07-01T21:09:12.679+0000] {logging_mixin.py:190} INFO - [2025-07-01T21:09:12.679+0000] {dag.py:3239} INFO - Sync 1 DAGs
[2025-07-01T21:09:12.695+0000] {logging_mixin.py:190} INFO - [2025-07-01T21:09:12.694+0000] {dag.py:4180} INFO - Setting next_dagrun for example_trigger_target_dag to None, run_after=None
[2025-07-01T21:09:12.715+0000] {processor.py:208} INFO - Processing /home/airflow/.local/lib/python3.12/site-packages/airflow/example_dags/example_trigger_target_dag.py took 0.074 seconds
[2025-07-01T21:09:43.404+0000] {processor.py:186} INFO - Started process (PID=545) to work on /home/airflow/.local/lib/python3.12/site-packages/airflow/example_dags/example_trigger_target_dag.py
[2025-07-01T21:09:43.407+0000] {processor.py:914} INFO - Processing file /home/airflow/.local/lib/python3.12/site-packages/airflow/example_dags/example_trigger_target_dag.py for tasks to queue
[2025-07-01T21:09:43.412+0000] {logging_mixin.py:190} INFO - [2025-07-01T21:09:43.411+0000] {dagbag.py:588} INFO - Filling up the DagBag from /home/airflow/.local/lib/python3.12/site-packages/airflow/example_dags/example_trigger_target_dag.py
[2025-07-01T21:09:43.422+0000] {processor.py:925} INFO - DAG(s) 'example_trigger_target_dag' retrieved from /home/airflow/.local/lib/python3.12/site-packages/airflow/example_dags/example_trigger_target_dag.py
[2025-07-01T21:09:43.449+0000] {logging_mixin.py:190} INFO - [2025-07-01T21:09:43.449+0000] {dag.py:3239} INFO - Sync 1 DAGs
[2025-07-01T21:09:43.471+0000] {logging_mixin.py:190} INFO - [2025-07-01T21:09:43.471+0000] {dag.py:4180} INFO - Setting next_dagrun for example_trigger_target_dag to None, run_after=None
[2025-07-01T21:09:43.493+0000] {processor.py:208} INFO - Processing /home/airflow/.local/lib/python3.12/site-packages/airflow/example_dags/example_trigger_target_dag.py took 0.097 seconds
[2025-07-01T21:10:13.839+0000] {processor.py:186} INFO - Started process (PID=608) to work on /home/airflow/.local/lib/python3.12/site-packages/airflow/example_dags/example_trigger_target_dag.py
[2025-07-01T21:10:13.840+0000] {processor.py:914} INFO - Processing file /home/airflow/.local/lib/python3.12/site-packages/airflow/example_dags/example_trigger_target_dag.py for tasks to queue
[2025-07-01T21:10:13.842+0000] {logging_mixin.py:190} INFO - [2025-07-01T21:10:13.842+0000] {dagbag.py:588} INFO - Filling up the DagBag from /home/airflow/.local/lib/python3.12/site-packages/airflow/example_dags/example_trigger_target_dag.py
[2025-07-01T21:10:13.850+0000] {processor.py:925} INFO - DAG(s) 'example_trigger_target_dag' retrieved from /home/airflow/.local/lib/python3.12/site-packages/airflow/example_dags/example_trigger_target_dag.py
[2025-07-01T21:10:13.871+0000] {logging_mixin.py:190} INFO - [2025-07-01T21:10:13.871+0000] {dag.py:3239} INFO - Sync 1 DAGs
[2025-07-01T21:10:13.886+0000] {logging_mixin.py:190} INFO - [2025-07-01T21:10:13.886+0000] {dag.py:4180} INFO - Setting next_dagrun for example_trigger_target_dag to None, run_after=None
[2025-07-01T21:10:13.906+0000] {processor.py:208} INFO - Processing /home/airflow/.local/lib/python3.12/site-packages/airflow/example_dags/example_trigger_target_dag.py took 0.074 seconds
[2025-07-01T21:10:44.728+0000] {processor.py:186} INFO - Started process (PID=671) to work on /home/airflow/.local/lib/python3.12/site-packages/airflow/example_dags/example_trigger_target_dag.py
[2025-07-01T21:10:44.729+0000] {processor.py:914} INFO - Processing file /home/airflow/.local/lib/python3.12/site-packages/airflow/example_dags/example_trigger_target_dag.py for tasks to queue
[2025-07-01T21:10:44.731+0000] {logging_mixin.py:190} INFO - [2025-07-01T21:10:44.731+0000] {dagbag.py:588} INFO - Filling up the DagBag from /home/airflow/.local/lib/python3.12/site-packages/airflow/example_dags/example_trigger_target_dag.py
[2025-07-01T21:10:44.739+0000] {processor.py:925} INFO - DAG(s) 'example_trigger_target_dag' retrieved from /home/airflow/.local/lib/python3.12/site-packages/airflow/example_dags/example_trigger_target_dag.py
[2025-07-01T21:10:44.761+0000] {logging_mixin.py:190} INFO - [2025-07-01T21:10:44.761+0000] {dag.py:3239} INFO - Sync 1 DAGs
[2025-07-01T21:10:44.777+0000] {logging_mixin.py:190} INFO - [2025-07-01T21:10:44.777+0000] {dag.py:4180} INFO - Setting next_dagrun for example_trigger_target_dag to None, run_after=None
[2025-07-01T21:10:44.797+0000] {processor.py:208} INFO - Processing /home/airflow/.local/lib/python3.12/site-packages/airflow/example_dags/example_trigger_target_dag.py took 0.079 seconds
[2025-07-01T21:11:15.621+0000] {processor.py:186} INFO - Started process (PID=734) to work on /home/airflow/.local/lib/python3.12/site-packages/airflow/example_dags/example_trigger_target_dag.py
[2025-07-01T21:11:15.622+0000] {processor.py:914} INFO - Processing file /home/airflow/.local/lib/python3.12/site-packages/airflow/example_dags/example_trigger_target_dag.py for tasks to queue
[2025-07-01T21:11:15.625+0000] {logging_mixin.py:190} INFO - [2025-07-01T21:11:15.624+0000] {dagbag.py:588} INFO - Filling up the DagBag from /home/airflow/.local/lib/python3.12/site-packages/airflow/example_dags/example_trigger_target_dag.py
[2025-07-01T21:11:15.633+0000] {processor.py:925} INFO - DAG(s) 'example_trigger_target_dag' retrieved from /home/airflow/.local/lib/python3.12/site-packages/airflow/example_dags/example_trigger_target_dag.py
[2025-07-01T21:11:15.653+0000] {logging_mixin.py:190} INFO - [2025-07-01T21:11:15.653+0000] {dag.py:3239} INFO - Sync 1 DAGs
[2025-07-01T21:11:15.668+0000] {logging_mixin.py:190} INFO - [2025-07-01T21:11:15.668+0000] {dag.py:4180} INFO - Setting next_dagrun for example_trigger_target_dag to None, run_after=None
[2025-07-01T21:11:15.699+0000] {processor.py:208} INFO - Processing /home/airflow/.local/lib/python3.12/site-packages/airflow/example_dags/example_trigger_target_dag.py took 0.084 seconds
[2025-07-01T21:11:46.333+0000] {processor.py:186} INFO - Started process (PID=797) to work on /home/airflow/.local/lib/python3.12/site-packages/airflow/example_dags/example_trigger_target_dag.py
[2025-07-01T21:11:46.334+0000] {processor.py:914} INFO - Processing file /home/airflow/.local/lib/python3.12/site-packages/airflow/example_dags/example_trigger_target_dag.py for tasks to queue
[2025-07-01T21:11:46.337+0000] {logging_mixin.py:190} INFO - [2025-07-01T21:11:46.336+0000] {dagbag.py:588} INFO - Filling up the DagBag from /home/airflow/.local/lib/python3.12/site-packages/airflow/example_dags/example_trigger_target_dag.py
[2025-07-01T21:11:46.345+0000] {processor.py:925} INFO - DAG(s) 'example_trigger_target_dag' retrieved from /home/airflow/.local/lib/python3.12/site-packages/airflow/example_dags/example_trigger_target_dag.py
[2025-07-01T21:11:46.366+0000] {logging_mixin.py:190} INFO - [2025-07-01T21:11:46.366+0000] {dag.py:3239} INFO - Sync 1 DAGs
[2025-07-01T21:11:46.381+0000] {logging_mixin.py:190} INFO - [2025-07-01T21:11:46.381+0000] {dag.py:4180} INFO - Setting next_dagrun for example_trigger_target_dag to None, run_after=None
[2025-07-01T21:11:46.402+0000] {processor.py:208} INFO - Processing /home/airflow/.local/lib/python3.12/site-packages/airflow/example_dags/example_trigger_target_dag.py took 0.075 seconds
[2025-07-01T21:12:17.791+0000] {processor.py:186} INFO - Started process (PID=860) to work on /home/airflow/.local/lib/python3.12/site-packages/airflow/example_dags/example_trigger_target_dag.py
[2025-07-01T21:12:17.792+0000] {processor.py:914} INFO - Processing file /home/airflow/.local/lib/python3.12/site-packages/airflow/example_dags/example_trigger_target_dag.py for tasks to queue
[2025-07-01T21:12:17.795+0000] {logging_mixin.py:190} INFO - [2025-07-01T21:12:17.794+0000] {dagbag.py:588} INFO - Filling up the DagBag from /home/airflow/.local/lib/python3.12/site-packages/airflow/example_dags/example_trigger_target_dag.py
[2025-07-01T21:12:17.803+0000] {processor.py:925} INFO - DAG(s) 'example_trigger_target_dag' retrieved from /home/airflow/.local/lib/python3.12/site-packages/airflow/example_dags/example_trigger_target_dag.py
[2025-07-01T21:12:17.826+0000] {logging_mixin.py:190} INFO - [2025-07-01T21:12:17.825+0000] {dag.py:3239} INFO - Sync 1 DAGs
[2025-07-01T21:12:17.853+0000] {logging_mixin.py:190} INFO - [2025-07-01T21:12:17.853+0000] {dag.py:4180} INFO - Setting next_dagrun for example_trigger_target_dag to None, run_after=None
[2025-07-01T21:12:17.876+0000] {processor.py:208} INFO - Processing /home/airflow/.local/lib/python3.12/site-packages/airflow/example_dags/example_trigger_target_dag.py took 0.092 seconds
[2025-07-01T21:12:48.346+0000] {processor.py:186} INFO - Started process (PID=923) to work on /home/airflow/.local/lib/python3.12/site-packages/airflow/example_dags/example_trigger_target_dag.py
[2025-07-01T21:12:48.357+0000] {processor.py:914} INFO - Processing file /home/airflow/.local/lib/python3.12/site-packages/airflow/example_dags/example_trigger_target_dag.py for tasks to queue
[2025-07-01T21:12:48.361+0000] {logging_mixin.py:190} INFO - [2025-07-01T21:12:48.361+0000] {dagbag.py:588} INFO - Filling up the DagBag from /home/airflow/.local/lib/python3.12/site-packages/airflow/example_dags/example_trigger_target_dag.py
[2025-07-01T21:12:48.373+0000] {processor.py:925} INFO - DAG(s) 'example_trigger_target_dag' retrieved from /home/airflow/.local/lib/python3.12/site-packages/airflow/example_dags/example_trigger_target_dag.py
[2025-07-01T21:12:48.404+0000] {logging_mixin.py:190} INFO - [2025-07-01T21:12:48.404+0000] {dag.py:3239} INFO - Sync 1 DAGs
[2025-07-01T21:12:48.430+0000] {logging_mixin.py:190} INFO - [2025-07-01T21:12:48.429+0000] {dag.py:4180} INFO - Setting next_dagrun for example_trigger_target_dag to None, run_after=None
[2025-07-01T21:12:48.462+0000] {processor.py:208} INFO - Processing /home/airflow/.local/lib/python3.12/site-packages/airflow/example_dags/example_trigger_target_dag.py took 0.134 seconds
[2025-07-01T21:13:18.535+0000] {processor.py:186} INFO - Started process (PID=986) to work on /home/airflow/.local/lib/python3.12/site-packages/airflow/example_dags/example_trigger_target_dag.py
[2025-07-01T21:13:18.537+0000] {processor.py:914} INFO - Processing file /home/airflow/.local/lib/python3.12/site-packages/airflow/example_dags/example_trigger_target_dag.py for tasks to queue
[2025-07-01T21:13:18.541+0000] {logging_mixin.py:190} INFO - [2025-07-01T21:13:18.540+0000] {dagbag.py:588} INFO - Filling up the DagBag from /home/airflow/.local/lib/python3.12/site-packages/airflow/example_dags/example_trigger_target_dag.py
[2025-07-01T21:13:18.555+0000] {processor.py:925} INFO - DAG(s) 'example_trigger_target_dag' retrieved from /home/airflow/.local/lib/python3.12/site-packages/airflow/example_dags/example_trigger_target_dag.py
[2025-07-01T21:13:18.590+0000] {logging_mixin.py:190} INFO - [2025-07-01T21:13:18.590+0000] {dag.py:3239} INFO - Sync 1 DAGs
[2025-07-01T21:13:18.620+0000] {logging_mixin.py:190} INFO - [2025-07-01T21:13:18.619+0000] {dag.py:4180} INFO - Setting next_dagrun for example_trigger_target_dag to None, run_after=None
[2025-07-01T21:13:18.655+0000] {processor.py:208} INFO - Processing /home/airflow/.local/lib/python3.12/site-packages/airflow/example_dags/example_trigger_target_dag.py took 0.130 seconds
[2025-07-01T21:13:48.894+0000] {processor.py:186} INFO - Started process (PID=1049) to work on /home/airflow/.local/lib/python3.12/site-packages/airflow/example_dags/example_trigger_target_dag.py
[2025-07-01T21:13:48.896+0000] {processor.py:914} INFO - Processing file /home/airflow/.local/lib/python3.12/site-packages/airflow/example_dags/example_trigger_target_dag.py for tasks to queue
[2025-07-01T21:13:48.901+0000] {logging_mixin.py:190} INFO - [2025-07-01T21:13:48.900+0000] {dagbag.py:588} INFO - Filling up the DagBag from /home/airflow/.local/lib/python3.12/site-packages/airflow/example_dags/example_trigger_target_dag.py
[2025-07-01T21:13:48.917+0000] {processor.py:925} INFO - DAG(s) 'example_trigger_target_dag' retrieved from /home/airflow/.local/lib/python3.12/site-packages/airflow/example_dags/example_trigger_target_dag.py
[2025-07-01T21:13:48.956+0000] {logging_mixin.py:190} INFO - [2025-07-01T21:13:48.956+0000] {dag.py:3239} INFO - Sync 1 DAGs
[2025-07-01T21:13:48.990+0000] {logging_mixin.py:190} INFO - [2025-07-01T21:13:48.989+0000] {dag.py:4180} INFO - Setting next_dagrun for example_trigger_target_dag to None, run_after=None
[2025-07-01T21:13:49.029+0000] {processor.py:208} INFO - Processing /home/airflow/.local/lib/python3.12/site-packages/airflow/example_dags/example_trigger_target_dag.py took 0.147 seconds
[2025-07-01T21:14:19.323+0000] {processor.py:186} INFO - Started process (PID=1112) to work on /home/airflow/.local/lib/python3.12/site-packages/airflow/example_dags/example_trigger_target_dag.py
[2025-07-01T21:14:19.325+0000] {processor.py:914} INFO - Processing file /home/airflow/.local/lib/python3.12/site-packages/airflow/example_dags/example_trigger_target_dag.py for tasks to queue
[2025-07-01T21:14:19.327+0000] {logging_mixin.py:190} INFO - [2025-07-01T21:14:19.327+0000] {dagbag.py:588} INFO - Filling up the DagBag from /home/airflow/.local/lib/python3.12/site-packages/airflow/example_dags/example_trigger_target_dag.py
[2025-07-01T21:14:19.338+0000] {processor.py:925} INFO - DAG(s) 'example_trigger_target_dag' retrieved from /home/airflow/.local/lib/python3.12/site-packages/airflow/example_dags/example_trigger_target_dag.py
[2025-07-01T21:14:19.365+0000] {logging_mixin.py:190} INFO - [2025-07-01T21:14:19.364+0000] {dag.py:3239} INFO - Sync 1 DAGs
[2025-07-01T21:14:19.385+0000] {logging_mixin.py:190} INFO - [2025-07-01T21:14:19.385+0000] {dag.py:4180} INFO - Setting next_dagrun for example_trigger_target_dag to None, run_after=None
[2025-07-01T21:14:19.416+0000] {processor.py:208} INFO - Processing /home/airflow/.local/lib/python3.12/site-packages/airflow/example_dags/example_trigger_target_dag.py took 0.100 seconds
[2025-07-01T21:14:49.813+0000] {processor.py:186} INFO - Started process (PID=1175) to work on /home/airflow/.local/lib/python3.12/site-packages/airflow/example_dags/example_trigger_target_dag.py
[2025-07-01T21:14:49.814+0000] {processor.py:914} INFO - Processing file /home/airflow/.local/lib/python3.12/site-packages/airflow/example_dags/example_trigger_target_dag.py for tasks to queue
[2025-07-01T21:14:49.817+0000] {logging_mixin.py:190} INFO - [2025-07-01T21:14:49.816+0000] {dagbag.py:588} INFO - Filling up the DagBag from /home/airflow/.local/lib/python3.12/site-packages/airflow/example_dags/example_trigger_target_dag.py
[2025-07-01T21:14:49.828+0000] {processor.py:925} INFO - DAG(s) 'example_trigger_target_dag' retrieved from /home/airflow/.local/lib/python3.12/site-packages/airflow/example_dags/example_trigger_target_dag.py
[2025-07-01T21:14:49.849+0000] {logging_mixin.py:190} INFO - [2025-07-01T21:14:49.849+0000] {dag.py:3239} INFO - Sync 1 DAGs
[2025-07-01T21:14:49.865+0000] {logging_mixin.py:190} INFO - [2025-07-01T21:14:49.865+0000] {dag.py:4180} INFO - Setting next_dagrun for example_trigger_target_dag to None, run_after=None
[2025-07-01T21:14:49.885+0000] {processor.py:208} INFO - Processing /home/airflow/.local/lib/python3.12/site-packages/airflow/example_dags/example_trigger_target_dag.py took 0.079 seconds
[2025-07-01T21:15:20.225+0000] {processor.py:186} INFO - Started process (PID=1238) to work on /home/airflow/.local/lib/python3.12/site-packages/airflow/example_dags/example_trigger_target_dag.py
[2025-07-01T21:15:20.226+0000] {processor.py:914} INFO - Processing file /home/airflow/.local/lib/python3.12/site-packages/airflow/example_dags/example_trigger_target_dag.py for tasks to queue
[2025-07-01T21:15:20.229+0000] {logging_mixin.py:190} INFO - [2025-07-01T21:15:20.228+0000] {dagbag.py:588} INFO - Filling up the DagBag from /home/airflow/.local/lib/python3.12/site-packages/airflow/example_dags/example_trigger_target_dag.py
[2025-07-01T21:15:20.237+0000] {processor.py:925} INFO - DAG(s) 'example_trigger_target_dag' retrieved from /home/airflow/.local/lib/python3.12/site-packages/airflow/example_dags/example_trigger_target_dag.py
[2025-07-01T21:15:20.258+0000] {logging_mixin.py:190} INFO - [2025-07-01T21:15:20.257+0000] {dag.py:3239} INFO - Sync 1 DAGs
[2025-07-01T21:15:20.276+0000] {logging_mixin.py:190} INFO - [2025-07-01T21:15:20.276+0000] {dag.py:4180} INFO - Setting next_dagrun for example_trigger_target_dag to None, run_after=None
[2025-07-01T21:15:20.299+0000] {processor.py:208} INFO - Processing /home/airflow/.local/lib/python3.12/site-packages/airflow/example_dags/example_trigger_target_dag.py took 0.081 seconds
[2025-07-01T21:15:51.149+0000] {processor.py:186} INFO - Started process (PID=1301) to work on /home/airflow/.local/lib/python3.12/site-packages/airflow/example_dags/example_trigger_target_dag.py
[2025-07-01T21:15:51.151+0000] {processor.py:914} INFO - Processing file /home/airflow/.local/lib/python3.12/site-packages/airflow/example_dags/example_trigger_target_dag.py for tasks to queue
[2025-07-01T21:15:51.155+0000] {logging_mixin.py:190} INFO - [2025-07-01T21:15:51.154+0000] {dagbag.py:588} INFO - Filling up the DagBag from /home/airflow/.local/lib/python3.12/site-packages/airflow/example_dags/example_trigger_target_dag.py
[2025-07-01T21:15:51.168+0000] {processor.py:925} INFO - DAG(s) 'example_trigger_target_dag' retrieved from /home/airflow/.local/lib/python3.12/site-packages/airflow/example_dags/example_trigger_target_dag.py
[2025-07-01T21:15:51.197+0000] {logging_mixin.py:190} INFO - [2025-07-01T21:15:51.197+0000] {dag.py:3239} INFO - Sync 1 DAGs
[2025-07-01T21:15:51.220+0000] {logging_mixin.py:190} INFO - [2025-07-01T21:15:51.220+0000] {dag.py:4180} INFO - Setting next_dagrun for example_trigger_target_dag to None, run_after=None
[2025-07-01T21:15:51.251+0000] {processor.py:208} INFO - Processing /home/airflow/.local/lib/python3.12/site-packages/airflow/example_dags/example_trigger_target_dag.py took 0.113 seconds
[2025-07-01T21:16:22.181+0000] {processor.py:186} INFO - Started process (PID=1370) to work on /home/airflow/.local/lib/python3.12/site-packages/airflow/example_dags/example_trigger_target_dag.py
[2025-07-01T21:16:22.184+0000] {processor.py:914} INFO - Processing file /home/airflow/.local/lib/python3.12/site-packages/airflow/example_dags/example_trigger_target_dag.py for tasks to queue
[2025-07-01T21:16:22.189+0000] {logging_mixin.py:190} INFO - [2025-07-01T21:16:22.188+0000] {dagbag.py:588} INFO - Filling up the DagBag from /home/airflow/.local/lib/python3.12/site-packages/airflow/example_dags/example_trigger_target_dag.py
[2025-07-01T21:16:22.206+0000] {processor.py:925} INFO - DAG(s) 'example_trigger_target_dag' retrieved from /home/airflow/.local/lib/python3.12/site-packages/airflow/example_dags/example_trigger_target_dag.py
[2025-07-01T21:16:22.247+0000] {logging_mixin.py:190} INFO - [2025-07-01T21:16:22.246+0000] {dag.py:3239} INFO - Sync 1 DAGs
[2025-07-01T21:16:22.279+0000] {logging_mixin.py:190} INFO - [2025-07-01T21:16:22.279+0000] {dag.py:4180} INFO - Setting next_dagrun for example_trigger_target_dag to None, run_after=None
[2025-07-01T21:16:22.312+0000] {processor.py:208} INFO - Processing /home/airflow/.local/lib/python3.12/site-packages/airflow/example_dags/example_trigger_target_dag.py took 0.146 seconds
[2025-07-01T21:16:52.850+0000] {processor.py:186} INFO - Started process (PID=1433) to work on /home/airflow/.local/lib/python3.12/site-packages/airflow/example_dags/example_trigger_target_dag.py
[2025-07-01T21:16:52.858+0000] {processor.py:914} INFO - Processing file /home/airflow/.local/lib/python3.12/site-packages/airflow/example_dags/example_trigger_target_dag.py for tasks to queue
[2025-07-01T21:16:52.865+0000] {logging_mixin.py:190} INFO - [2025-07-01T21:16:52.864+0000] {dagbag.py:588} INFO - Filling up the DagBag from /home/airflow/.local/lib/python3.12/site-packages/airflow/example_dags/example_trigger_target_dag.py
[2025-07-01T21:16:52.899+0000] {processor.py:925} INFO - DAG(s) 'example_trigger_target_dag' retrieved from /home/airflow/.local/lib/python3.12/site-packages/airflow/example_dags/example_trigger_target_dag.py
[2025-07-01T21:16:52.961+0000] {logging_mixin.py:190} INFO - [2025-07-01T21:16:52.960+0000] {dag.py:3239} INFO - Sync 1 DAGs
[2025-07-01T21:16:52.997+0000] {logging_mixin.py:190} INFO - [2025-07-01T21:16:52.997+0000] {dag.py:4180} INFO - Setting next_dagrun for example_trigger_target_dag to None, run_after=None
[2025-07-01T21:16:53.043+0000] {processor.py:208} INFO - Processing /home/airflow/.local/lib/python3.12/site-packages/airflow/example_dags/example_trigger_target_dag.py took 0.223 seconds
[2025-07-01T21:17:23.994+0000] {processor.py:186} INFO - Started process (PID=1496) to work on /home/airflow/.local/lib/python3.12/site-packages/airflow/example_dags/example_trigger_target_dag.py
[2025-07-01T21:17:23.995+0000] {processor.py:914} INFO - Processing file /home/airflow/.local/lib/python3.12/site-packages/airflow/example_dags/example_trigger_target_dag.py for tasks to queue
[2025-07-01T21:17:23.998+0000] {logging_mixin.py:190} INFO - [2025-07-01T21:17:23.998+0000] {dagbag.py:588} INFO - Filling up the DagBag from /home/airflow/.local/lib/python3.12/site-packages/airflow/example_dags/example_trigger_target_dag.py
[2025-07-01T21:17:24.008+0000] {processor.py:925} INFO - DAG(s) 'example_trigger_target_dag' retrieved from /home/airflow/.local/lib/python3.12/site-packages/airflow/example_dags/example_trigger_target_dag.py
[2025-07-01T21:17:24.030+0000] {logging_mixin.py:190} INFO - [2025-07-01T21:17:24.030+0000] {dag.py:3239} INFO - Sync 1 DAGs
[2025-07-01T21:17:24.053+0000] {logging_mixin.py:190} INFO - [2025-07-01T21:17:24.053+0000] {dag.py:4180} INFO - Setting next_dagrun for example_trigger_target_dag to None, run_after=None
[2025-07-01T21:17:24.074+0000] {processor.py:208} INFO - Processing /home/airflow/.local/lib/python3.12/site-packages/airflow/example_dags/example_trigger_target_dag.py took 0.089 seconds
[2025-07-01T21:17:54.532+0000] {processor.py:186} INFO - Started process (PID=1559) to work on /home/airflow/.local/lib/python3.12/site-packages/airflow/example_dags/example_trigger_target_dag.py
[2025-07-01T21:17:54.533+0000] {processor.py:914} INFO - Processing file /home/airflow/.local/lib/python3.12/site-packages/airflow/example_dags/example_trigger_target_dag.py for tasks to queue
[2025-07-01T21:17:54.536+0000] {logging_mixin.py:190} INFO - [2025-07-01T21:17:54.536+0000] {dagbag.py:588} INFO - Filling up the DagBag from /home/airflow/.local/lib/python3.12/site-packages/airflow/example_dags/example_trigger_target_dag.py
[2025-07-01T21:17:54.547+0000] {processor.py:925} INFO - DAG(s) 'example_trigger_target_dag' retrieved from /home/airflow/.local/lib/python3.12/site-packages/airflow/example_dags/example_trigger_target_dag.py
[2025-07-01T21:17:54.573+0000] {logging_mixin.py:190} INFO - [2025-07-01T21:17:54.573+0000] {dag.py:3239} INFO - Sync 1 DAGs
[2025-07-01T21:17:54.591+0000] {logging_mixin.py:190} INFO - [2025-07-01T21:17:54.591+0000] {dag.py:4180} INFO - Setting next_dagrun for example_trigger_target_dag to None, run_after=None
[2025-07-01T21:17:54.616+0000] {processor.py:208} INFO - Processing /home/airflow/.local/lib/python3.12/site-packages/airflow/example_dags/example_trigger_target_dag.py took 0.095 seconds
[2025-07-01T21:18:24.861+0000] {processor.py:186} INFO - Started process (PID=1622) to work on /home/airflow/.local/lib/python3.12/site-packages/airflow/example_dags/example_trigger_target_dag.py
[2025-07-01T21:18:24.862+0000] {processor.py:914} INFO - Processing file /home/airflow/.local/lib/python3.12/site-packages/airflow/example_dags/example_trigger_target_dag.py for tasks to queue
[2025-07-01T21:18:24.865+0000] {logging_mixin.py:190} INFO - [2025-07-01T21:18:24.865+0000] {dagbag.py:588} INFO - Filling up the DagBag from /home/airflow/.local/lib/python3.12/site-packages/airflow/example_dags/example_trigger_target_dag.py
[2025-07-01T21:18:24.876+0000] {processor.py:925} INFO - DAG(s) 'example_trigger_target_dag' retrieved from /home/airflow/.local/lib/python3.12/site-packages/airflow/example_dags/example_trigger_target_dag.py
[2025-07-01T21:18:24.899+0000] {logging_mixin.py:190} INFO - [2025-07-01T21:18:24.898+0000] {dag.py:3239} INFO - Sync 1 DAGs
[2025-07-01T21:18:24.915+0000] {logging_mixin.py:190} INFO - [2025-07-01T21:18:24.915+0000] {dag.py:4180} INFO - Setting next_dagrun for example_trigger_target_dag to None, run_after=None
[2025-07-01T21:18:24.937+0000] {processor.py:208} INFO - Processing /home/airflow/.local/lib/python3.12/site-packages/airflow/example_dags/example_trigger_target_dag.py took 0.082 seconds
[2025-07-01T21:18:55.218+0000] {processor.py:186} INFO - Started process (PID=1685) to work on /home/airflow/.local/lib/python3.12/site-packages/airflow/example_dags/example_trigger_target_dag.py
[2025-07-01T21:18:55.219+0000] {processor.py:914} INFO - Processing file /home/airflow/.local/lib/python3.12/site-packages/airflow/example_dags/example_trigger_target_dag.py for tasks to queue
[2025-07-01T21:18:55.222+0000] {logging_mixin.py:190} INFO - [2025-07-01T21:18:55.222+0000] {dagbag.py:588} INFO - Filling up the DagBag from /home/airflow/.local/lib/python3.12/site-packages/airflow/example_dags/example_trigger_target_dag.py
[2025-07-01T21:18:55.231+0000] {processor.py:925} INFO - DAG(s) 'example_trigger_target_dag' retrieved from /home/airflow/.local/lib/python3.12/site-packages/airflow/example_dags/example_trigger_target_dag.py
[2025-07-01T21:18:55.252+0000] {logging_mixin.py:190} INFO - [2025-07-01T21:18:55.252+0000] {dag.py:3239} INFO - Sync 1 DAGs
[2025-07-01T21:18:55.268+0000] {logging_mixin.py:190} INFO - [2025-07-01T21:18:55.268+0000] {dag.py:4180} INFO - Setting next_dagrun for example_trigger_target_dag to None, run_after=None
[2025-07-01T21:18:55.288+0000] {processor.py:208} INFO - Processing /home/airflow/.local/lib/python3.12/site-packages/airflow/example_dags/example_trigger_target_dag.py took 0.078 seconds
[2025-07-01T21:19:25.554+0000] {processor.py:186} INFO - Started process (PID=1748) to work on /home/airflow/.local/lib/python3.12/site-packages/airflow/example_dags/example_trigger_target_dag.py
[2025-07-01T21:19:25.555+0000] {processor.py:914} INFO - Processing file /home/airflow/.local/lib/python3.12/site-packages/airflow/example_dags/example_trigger_target_dag.py for tasks to queue
[2025-07-01T21:19:25.558+0000] {logging_mixin.py:190} INFO - [2025-07-01T21:19:25.558+0000] {dagbag.py:588} INFO - Filling up the DagBag from /home/airflow/.local/lib/python3.12/site-packages/airflow/example_dags/example_trigger_target_dag.py
[2025-07-01T21:19:25.572+0000] {processor.py:925} INFO - DAG(s) 'example_trigger_target_dag' retrieved from /home/airflow/.local/lib/python3.12/site-packages/airflow/example_dags/example_trigger_target_dag.py
[2025-07-01T21:19:25.603+0000] {logging_mixin.py:190} INFO - [2025-07-01T21:19:25.602+0000] {dag.py:3239} INFO - Sync 1 DAGs
[2025-07-01T21:19:25.626+0000] {logging_mixin.py:190} INFO - [2025-07-01T21:19:25.626+0000] {dag.py:4180} INFO - Setting next_dagrun for example_trigger_target_dag to None, run_after=None
[2025-07-01T21:19:25.650+0000] {processor.py:208} INFO - Processing /home/airflow/.local/lib/python3.12/site-packages/airflow/example_dags/example_trigger_target_dag.py took 0.109 seconds
[2025-07-01T21:19:56.319+0000] {processor.py:186} INFO - Started process (PID=1811) to work on /home/airflow/.local/lib/python3.12/site-packages/airflow/example_dags/example_trigger_target_dag.py
[2025-07-01T21:19:56.320+0000] {processor.py:914} INFO - Processing file /home/airflow/.local/lib/python3.12/site-packages/airflow/example_dags/example_trigger_target_dag.py for tasks to queue
[2025-07-01T21:19:56.323+0000] {logging_mixin.py:190} INFO - [2025-07-01T21:19:56.323+0000] {dagbag.py:588} INFO - Filling up the DagBag from /home/airflow/.local/lib/python3.12/site-packages/airflow/example_dags/example_trigger_target_dag.py
[2025-07-01T21:19:56.332+0000] {processor.py:925} INFO - DAG(s) 'example_trigger_target_dag' retrieved from /home/airflow/.local/lib/python3.12/site-packages/airflow/example_dags/example_trigger_target_dag.py
[2025-07-01T21:19:56.358+0000] {logging_mixin.py:190} INFO - [2025-07-01T21:19:56.358+0000] {dag.py:3239} INFO - Sync 1 DAGs
[2025-07-01T21:19:56.375+0000] {logging_mixin.py:190} INFO - [2025-07-01T21:19:56.375+0000] {dag.py:4180} INFO - Setting next_dagrun for example_trigger_target_dag to None, run_after=None
[2025-07-01T21:19:56.398+0000] {processor.py:208} INFO - Processing /home/airflow/.local/lib/python3.12/site-packages/airflow/example_dags/example_trigger_target_dag.py took 0.085 seconds
[2025-07-01T21:20:27.341+0000] {processor.py:186} INFO - Started process (PID=1874) to work on /home/airflow/.local/lib/python3.12/site-packages/airflow/example_dags/example_trigger_target_dag.py
[2025-07-01T21:20:27.342+0000] {processor.py:914} INFO - Processing file /home/airflow/.local/lib/python3.12/site-packages/airflow/example_dags/example_trigger_target_dag.py for tasks to queue
[2025-07-01T21:20:27.345+0000] {logging_mixin.py:190} INFO - [2025-07-01T21:20:27.344+0000] {dagbag.py:588} INFO - Filling up the DagBag from /home/airflow/.local/lib/python3.12/site-packages/airflow/example_dags/example_trigger_target_dag.py
[2025-07-01T21:20:27.354+0000] {processor.py:925} INFO - DAG(s) 'example_trigger_target_dag' retrieved from /home/airflow/.local/lib/python3.12/site-packages/airflow/example_dags/example_trigger_target_dag.py
[2025-07-01T21:20:27.376+0000] {logging_mixin.py:190} INFO - [2025-07-01T21:20:27.376+0000] {dag.py:3239} INFO - Sync 1 DAGs
[2025-07-01T21:20:27.396+0000] {logging_mixin.py:190} INFO - [2025-07-01T21:20:27.395+0000] {dag.py:4180} INFO - Setting next_dagrun for example_trigger_target_dag to None, run_after=None
[2025-07-01T21:20:27.418+0000] {processor.py:208} INFO - Processing /home/airflow/.local/lib/python3.12/site-packages/airflow/example_dags/example_trigger_target_dag.py took 0.087 seconds
[2025-07-01T21:20:57.770+0000] {processor.py:186} INFO - Started process (PID=1937) to work on /home/airflow/.local/lib/python3.12/site-packages/airflow/example_dags/example_trigger_target_dag.py
[2025-07-01T21:20:57.771+0000] {processor.py:914} INFO - Processing file /home/airflow/.local/lib/python3.12/site-packages/airflow/example_dags/example_trigger_target_dag.py for tasks to queue
[2025-07-01T21:20:57.775+0000] {logging_mixin.py:190} INFO - [2025-07-01T21:20:57.775+0000] {dagbag.py:588} INFO - Filling up the DagBag from /home/airflow/.local/lib/python3.12/site-packages/airflow/example_dags/example_trigger_target_dag.py
[2025-07-01T21:20:57.792+0000] {processor.py:925} INFO - DAG(s) 'example_trigger_target_dag' retrieved from /home/airflow/.local/lib/python3.12/site-packages/airflow/example_dags/example_trigger_target_dag.py
[2025-07-01T21:20:57.829+0000] {logging_mixin.py:190} INFO - [2025-07-01T21:20:57.828+0000] {dag.py:3239} INFO - Sync 1 DAGs
[2025-07-01T21:20:57.861+0000] {logging_mixin.py:190} INFO - [2025-07-01T21:20:57.861+0000] {dag.py:4180} INFO - Setting next_dagrun for example_trigger_target_dag to None, run_after=None
[2025-07-01T21:20:57.898+0000] {processor.py:208} INFO - Processing /home/airflow/.local/lib/python3.12/site-packages/airflow/example_dags/example_trigger_target_dag.py took 0.140 seconds
[2025-07-01T21:21:28.074+0000] {processor.py:186} INFO - Started process (PID=1999) to work on /home/airflow/.local/lib/python3.12/site-packages/airflow/example_dags/example_trigger_target_dag.py
[2025-07-01T21:21:28.075+0000] {processor.py:914} INFO - Processing file /home/airflow/.local/lib/python3.12/site-packages/airflow/example_dags/example_trigger_target_dag.py for tasks to queue
[2025-07-01T21:21:28.078+0000] {logging_mixin.py:190} INFO - [2025-07-01T21:21:28.078+0000] {dagbag.py:588} INFO - Filling up the DagBag from /home/airflow/.local/lib/python3.12/site-packages/airflow/example_dags/example_trigger_target_dag.py
[2025-07-01T21:21:28.088+0000] {processor.py:925} INFO - DAG(s) 'example_trigger_target_dag' retrieved from /home/airflow/.local/lib/python3.12/site-packages/airflow/example_dags/example_trigger_target_dag.py
[2025-07-01T21:21:28.113+0000] {logging_mixin.py:190} INFO - [2025-07-01T21:21:28.112+0000] {dag.py:3239} INFO - Sync 1 DAGs
[2025-07-01T21:21:28.130+0000] {logging_mixin.py:190} INFO - [2025-07-01T21:21:28.130+0000] {dag.py:4180} INFO - Setting next_dagrun for example_trigger_target_dag to None, run_after=None
[2025-07-01T21:21:28.152+0000] {processor.py:208} INFO - Processing /home/airflow/.local/lib/python3.12/site-packages/airflow/example_dags/example_trigger_target_dag.py took 0.085 seconds
[2025-07-01T21:21:59.793+0000] {processor.py:186} INFO - Started process (PID=2063) to work on /home/airflow/.local/lib/python3.12/site-packages/airflow/example_dags/example_trigger_target_dag.py
[2025-07-01T21:21:59.798+0000] {processor.py:914} INFO - Processing file /home/airflow/.local/lib/python3.12/site-packages/airflow/example_dags/example_trigger_target_dag.py for tasks to queue
[2025-07-01T21:21:59.802+0000] {logging_mixin.py:190} INFO - [2025-07-01T21:21:59.801+0000] {dagbag.py:588} INFO - Filling up the DagBag from /home/airflow/.local/lib/python3.12/site-packages/airflow/example_dags/example_trigger_target_dag.py
[2025-07-01T21:21:59.816+0000] {processor.py:925} INFO - DAG(s) 'example_trigger_target_dag' retrieved from /home/airflow/.local/lib/python3.12/site-packages/airflow/example_dags/example_trigger_target_dag.py
[2025-07-01T21:21:59.855+0000] {logging_mixin.py:190} INFO - [2025-07-01T21:21:59.855+0000] {dag.py:3239} INFO - Sync 1 DAGs
[2025-07-01T21:21:59.888+0000] {logging_mixin.py:190} INFO - [2025-07-01T21:21:59.887+0000] {dag.py:4180} INFO - Setting next_dagrun for example_trigger_target_dag to None, run_after=None
[2025-07-01T21:21:59.957+0000] {processor.py:208} INFO - Processing /home/airflow/.local/lib/python3.12/site-packages/airflow/example_dags/example_trigger_target_dag.py took 0.177 seconds
[2025-07-01T21:22:31.030+0000] {processor.py:186} INFO - Started process (PID=2126) to work on /home/airflow/.local/lib/python3.12/site-packages/airflow/example_dags/example_trigger_target_dag.py
[2025-07-01T21:22:31.031+0000] {processor.py:914} INFO - Processing file /home/airflow/.local/lib/python3.12/site-packages/airflow/example_dags/example_trigger_target_dag.py for tasks to queue
[2025-07-01T21:22:31.035+0000] {logging_mixin.py:190} INFO - [2025-07-01T21:22:31.034+0000] {dagbag.py:588} INFO - Filling up the DagBag from /home/airflow/.local/lib/python3.12/site-packages/airflow/example_dags/example_trigger_target_dag.py
[2025-07-01T21:22:31.045+0000] {processor.py:925} INFO - DAG(s) 'example_trigger_target_dag' retrieved from /home/airflow/.local/lib/python3.12/site-packages/airflow/example_dags/example_trigger_target_dag.py
[2025-07-01T21:22:31.068+0000] {logging_mixin.py:190} INFO - [2025-07-01T21:22:31.067+0000] {dag.py:3239} INFO - Sync 1 DAGs
[2025-07-01T21:22:31.087+0000] {logging_mixin.py:190} INFO - [2025-07-01T21:22:31.086+0000] {dag.py:4180} INFO - Setting next_dagrun for example_trigger_target_dag to None, run_after=None
[2025-07-01T21:22:31.114+0000] {processor.py:208} INFO - Processing /home/airflow/.local/lib/python3.12/site-packages/airflow/example_dags/example_trigger_target_dag.py took 0.092 seconds
[2025-07-01T21:23:02.560+0000] {processor.py:186} INFO - Started process (PID=2189) to work on /home/airflow/.local/lib/python3.12/site-packages/airflow/example_dags/example_trigger_target_dag.py
[2025-07-01T21:23:02.562+0000] {processor.py:914} INFO - Processing file /home/airflow/.local/lib/python3.12/site-packages/airflow/example_dags/example_trigger_target_dag.py for tasks to queue
[2025-07-01T21:23:02.565+0000] {logging_mixin.py:190} INFO - [2025-07-01T21:23:02.565+0000] {dagbag.py:588} INFO - Filling up the DagBag from /home/airflow/.local/lib/python3.12/site-packages/airflow/example_dags/example_trigger_target_dag.py
[2025-07-01T21:23:02.580+0000] {processor.py:925} INFO - DAG(s) 'example_trigger_target_dag' retrieved from /home/airflow/.local/lib/python3.12/site-packages/airflow/example_dags/example_trigger_target_dag.py
[2025-07-01T21:23:02.614+0000] {logging_mixin.py:190} INFO - [2025-07-01T21:23:02.614+0000] {dag.py:3239} INFO - Sync 1 DAGs
[2025-07-01T21:23:02.634+0000] {logging_mixin.py:190} INFO - [2025-07-01T21:23:02.634+0000] {dag.py:4180} INFO - Setting next_dagrun for example_trigger_target_dag to None, run_after=None
[2025-07-01T21:23:02.661+0000] {processor.py:208} INFO - Processing /home/airflow/.local/lib/python3.12/site-packages/airflow/example_dags/example_trigger_target_dag.py took 0.110 seconds
[2025-07-01T21:23:33.604+0000] {processor.py:186} INFO - Started process (PID=2252) to work on /home/airflow/.local/lib/python3.12/site-packages/airflow/example_dags/example_trigger_target_dag.py
[2025-07-01T21:23:33.605+0000] {processor.py:914} INFO - Processing file /home/airflow/.local/lib/python3.12/site-packages/airflow/example_dags/example_trigger_target_dag.py for tasks to queue
[2025-07-01T21:23:33.608+0000] {logging_mixin.py:190} INFO - [2025-07-01T21:23:33.607+0000] {dagbag.py:588} INFO - Filling up the DagBag from /home/airflow/.local/lib/python3.12/site-packages/airflow/example_dags/example_trigger_target_dag.py
[2025-07-01T21:23:33.618+0000] {processor.py:925} INFO - DAG(s) 'example_trigger_target_dag' retrieved from /home/airflow/.local/lib/python3.12/site-packages/airflow/example_dags/example_trigger_target_dag.py
[2025-07-01T21:23:33.640+0000] {logging_mixin.py:190} INFO - [2025-07-01T21:23:33.639+0000] {dag.py:3239} INFO - Sync 1 DAGs
[2025-07-01T21:23:33.657+0000] {logging_mixin.py:190} INFO - [2025-07-01T21:23:33.657+0000] {dag.py:4180} INFO - Setting next_dagrun for example_trigger_target_dag to None, run_after=None
[2025-07-01T21:23:33.680+0000] {processor.py:208} INFO - Processing /home/airflow/.local/lib/python3.12/site-packages/airflow/example_dags/example_trigger_target_dag.py took 0.083 seconds
[2025-07-01T21:24:05.336+0000] {processor.py:186} INFO - Started process (PID=2315) to work on /home/airflow/.local/lib/python3.12/site-packages/airflow/example_dags/example_trigger_target_dag.py
[2025-07-01T21:24:05.337+0000] {processor.py:914} INFO - Processing file /home/airflow/.local/lib/python3.12/site-packages/airflow/example_dags/example_trigger_target_dag.py for tasks to queue
[2025-07-01T21:24:05.341+0000] {logging_mixin.py:190} INFO - [2025-07-01T21:24:05.340+0000] {dagbag.py:588} INFO - Filling up the DagBag from /home/airflow/.local/lib/python3.12/site-packages/airflow/example_dags/example_trigger_target_dag.py
[2025-07-01T21:24:05.355+0000] {processor.py:925} INFO - DAG(s) 'example_trigger_target_dag' retrieved from /home/airflow/.local/lib/python3.12/site-packages/airflow/example_dags/example_trigger_target_dag.py
[2025-07-01T21:24:05.392+0000] {logging_mixin.py:190} INFO - [2025-07-01T21:24:05.391+0000] {dag.py:3239} INFO - Sync 1 DAGs
[2025-07-01T21:24:05.424+0000] {logging_mixin.py:190} INFO - [2025-07-01T21:24:05.423+0000] {dag.py:4180} INFO - Setting next_dagrun for example_trigger_target_dag to None, run_after=None
[2025-07-01T21:24:05.465+0000] {processor.py:208} INFO - Processing /home/airflow/.local/lib/python3.12/site-packages/airflow/example_dags/example_trigger_target_dag.py took 0.138 seconds
