[2025-07-01T17:20:59.276+0000] {processor.py:186} INFO - Started process (PID=6284) to work on /home/airflow/.local/lib/python3.12/site-packages/airflow/example_dags/example_external_task_marker_dag.py
[2025-07-01T17:20:59.277+0000] {processor.py:914} INFO - Processing file /home/airflow/.local/lib/python3.12/site-packages/airflow/example_dags/example_external_task_marker_dag.py for tasks to queue
[2025-07-01T17:20:59.281+0000] {logging_mixin.py:190} INFO - [2025-07-01T17:20:59.281+0000] {dagbag.py:588} INFO - Filling up the DagBag from /home/airflow/.local/lib/python3.12/site-packages/airflow/example_dags/example_external_task_marker_dag.py
[2025-07-01T17:20:59.297+0000] {processor.py:925} INFO - DAG(s) 'example_external_task_marker_parent', 'example_external_task_marker_child' retrieved from /home/airflow/.local/lib/python3.12/site-packages/airflow/example_dags/example_external_task_marker_dag.py
[2025-07-01T17:20:59.354+0000] {logging_mixin.py:190} INFO - [2025-07-01T17:20:59.353+0000] {dag.py:3239} INFO - Sync 2 DAGs
[2025-07-01T17:20:59.411+0000] {logging_mixin.py:190} INFO - [2025-07-01T17:20:59.410+0000] {dag.py:4180} INFO - Setting next_dagrun for example_external_task_marker_child to None, run_after=None
[2025-07-01T17:20:59.425+0000] {logging_mixin.py:190} INFO - [2025-07-01T17:20:59.425+0000] {dag.py:4180} INFO - Setting next_dagrun for example_external_task_marker_parent to None, run_after=None
[2025-07-01T17:20:59.486+0000] {processor.py:208} INFO - Processing /home/airflow/.local/lib/python3.12/site-packages/airflow/example_dags/example_external_task_marker_dag.py took 0.221 seconds
[2025-07-01T21:05:55.437+0000] {processor.py:186} INFO - Started process (PID=73) to work on /home/airflow/.local/lib/python3.12/site-packages/airflow/example_dags/example_external_task_marker_dag.py
[2025-07-01T21:05:55.439+0000] {processor.py:914} INFO - Processing file /home/airflow/.local/lib/python3.12/site-packages/airflow/example_dags/example_external_task_marker_dag.py for tasks to queue
[2025-07-01T21:05:55.442+0000] {logging_mixin.py:190} INFO - [2025-07-01T21:05:55.441+0000] {dagbag.py:588} INFO - Filling up the DagBag from /home/airflow/.local/lib/python3.12/site-packages/airflow/example_dags/example_external_task_marker_dag.py
[2025-07-01T21:05:55.456+0000] {processor.py:925} INFO - DAG(s) 'example_external_task_marker_parent', 'example_external_task_marker_child' retrieved from /home/airflow/.local/lib/python3.12/site-packages/airflow/example_dags/example_external_task_marker_dag.py
[2025-07-01T21:05:55.495+0000] {logging_mixin.py:190} INFO - [2025-07-01T21:05:55.495+0000] {dag.py:3239} INFO - Sync 2 DAGs
[2025-07-01T21:05:55.522+0000] {logging_mixin.py:190} INFO - [2025-07-01T21:05:55.522+0000] {dag.py:4180} INFO - Setting next_dagrun for example_external_task_marker_child to None, run_after=None
[2025-07-01T21:05:55.532+0000] {logging_mixin.py:190} INFO - [2025-07-01T21:05:55.531+0000] {dag.py:4180} INFO - Setting next_dagrun for example_external_task_marker_parent to None, run_after=None
[2025-07-01T21:05:55.566+0000] {processor.py:208} INFO - Processing /home/airflow/.local/lib/python3.12/site-packages/airflow/example_dags/example_external_task_marker_dag.py took 0.137 seconds
[2025-07-01T21:06:26.155+0000] {processor.py:186} INFO - Started process (PID=135) to work on /home/airflow/.local/lib/python3.12/site-packages/airflow/example_dags/example_external_task_marker_dag.py
[2025-07-01T21:06:26.156+0000] {processor.py:914} INFO - Processing file /home/airflow/.local/lib/python3.12/site-packages/airflow/example_dags/example_external_task_marker_dag.py for tasks to queue
[2025-07-01T21:06:26.159+0000] {logging_mixin.py:190} INFO - [2025-07-01T21:06:26.158+0000] {dagbag.py:588} INFO - Filling up the DagBag from /home/airflow/.local/lib/python3.12/site-packages/airflow/example_dags/example_external_task_marker_dag.py
[2025-07-01T21:06:26.170+0000] {processor.py:925} INFO - DAG(s) 'example_external_task_marker_parent', 'example_external_task_marker_child' retrieved from /home/airflow/.local/lib/python3.12/site-packages/airflow/example_dags/example_external_task_marker_dag.py
[2025-07-01T21:06:26.197+0000] {logging_mixin.py:190} INFO - [2025-07-01T21:06:26.196+0000] {dag.py:3239} INFO - Sync 2 DAGs
[2025-07-01T21:06:26.216+0000] {logging_mixin.py:190} INFO - [2025-07-01T21:06:26.216+0000] {dag.py:4180} INFO - Setting next_dagrun for example_external_task_marker_child to None, run_after=None
[2025-07-01T21:06:26.220+0000] {logging_mixin.py:190} INFO - [2025-07-01T21:06:26.220+0000] {dag.py:4180} INFO - Setting next_dagrun for example_external_task_marker_parent to None, run_after=None
[2025-07-01T21:06:26.237+0000] {processor.py:208} INFO - Processing /home/airflow/.local/lib/python3.12/site-packages/airflow/example_dags/example_external_task_marker_dag.py took 0.089 seconds
[2025-07-01T21:06:57.334+0000] {processor.py:186} INFO - Started process (PID=198) to work on /home/airflow/.local/lib/python3.12/site-packages/airflow/example_dags/example_external_task_marker_dag.py
[2025-07-01T21:06:57.335+0000] {processor.py:914} INFO - Processing file /home/airflow/.local/lib/python3.12/site-packages/airflow/example_dags/example_external_task_marker_dag.py for tasks to queue
[2025-07-01T21:06:57.339+0000] {logging_mixin.py:190} INFO - [2025-07-01T21:06:57.339+0000] {dagbag.py:588} INFO - Filling up the DagBag from /home/airflow/.local/lib/python3.12/site-packages/airflow/example_dags/example_external_task_marker_dag.py
[2025-07-01T21:06:57.351+0000] {processor.py:925} INFO - DAG(s) 'example_external_task_marker_parent', 'example_external_task_marker_child' retrieved from /home/airflow/.local/lib/python3.12/site-packages/airflow/example_dags/example_external_task_marker_dag.py
[2025-07-01T21:06:57.395+0000] {logging_mixin.py:190} INFO - [2025-07-01T21:06:57.394+0000] {dag.py:3239} INFO - Sync 2 DAGs
[2025-07-01T21:06:57.426+0000] {logging_mixin.py:190} INFO - [2025-07-01T21:06:57.426+0000] {dag.py:4180} INFO - Setting next_dagrun for example_external_task_marker_child to None, run_after=None
[2025-07-01T21:06:57.432+0000] {logging_mixin.py:190} INFO - [2025-07-01T21:06:57.432+0000] {dag.py:4180} INFO - Setting next_dagrun for example_external_task_marker_parent to None, run_after=None
[2025-07-01T21:06:57.454+0000] {processor.py:208} INFO - Processing /home/airflow/.local/lib/python3.12/site-packages/airflow/example_dags/example_external_task_marker_dag.py took 0.129 seconds
[2025-07-01T21:07:28.884+0000] {processor.py:186} INFO - Started process (PID=261) to work on /home/airflow/.local/lib/python3.12/site-packages/airflow/example_dags/example_external_task_marker_dag.py
[2025-07-01T21:07:28.885+0000] {processor.py:914} INFO - Processing file /home/airflow/.local/lib/python3.12/site-packages/airflow/example_dags/example_external_task_marker_dag.py for tasks to queue
[2025-07-01T21:07:28.892+0000] {logging_mixin.py:190} INFO - [2025-07-01T21:07:28.892+0000] {dagbag.py:588} INFO - Filling up the DagBag from /home/airflow/.local/lib/python3.12/site-packages/airflow/example_dags/example_external_task_marker_dag.py
[2025-07-01T21:07:28.918+0000] {processor.py:925} INFO - DAG(s) 'example_external_task_marker_child', 'example_external_task_marker_parent' retrieved from /home/airflow/.local/lib/python3.12/site-packages/airflow/example_dags/example_external_task_marker_dag.py
[2025-07-01T21:07:28.995+0000] {logging_mixin.py:190} INFO - [2025-07-01T21:07:28.994+0000] {dag.py:3239} INFO - Sync 2 DAGs
[2025-07-01T21:07:29.035+0000] {logging_mixin.py:190} INFO - [2025-07-01T21:07:29.035+0000] {dag.py:4180} INFO - Setting next_dagrun for example_external_task_marker_child to None, run_after=None
[2025-07-01T21:07:29.046+0000] {logging_mixin.py:190} INFO - [2025-07-01T21:07:29.046+0000] {dag.py:4180} INFO - Setting next_dagrun for example_external_task_marker_parent to None, run_after=None
[2025-07-01T21:07:29.082+0000] {processor.py:208} INFO - Processing /home/airflow/.local/lib/python3.12/site-packages/airflow/example_dags/example_external_task_marker_dag.py took 0.221 seconds
[2025-07-01T21:07:59.190+0000] {processor.py:186} INFO - Started process (PID=324) to work on /home/airflow/.local/lib/python3.12/site-packages/airflow/example_dags/example_external_task_marker_dag.py
[2025-07-01T21:07:59.192+0000] {processor.py:914} INFO - Processing file /home/airflow/.local/lib/python3.12/site-packages/airflow/example_dags/example_external_task_marker_dag.py for tasks to queue
[2025-07-01T21:07:59.198+0000] {logging_mixin.py:190} INFO - [2025-07-01T21:07:59.198+0000] {dagbag.py:588} INFO - Filling up the DagBag from /home/airflow/.local/lib/python3.12/site-packages/airflow/example_dags/example_external_task_marker_dag.py
[2025-07-01T21:07:59.216+0000] {processor.py:925} INFO - DAG(s) 'example_external_task_marker_child', 'example_external_task_marker_parent' retrieved from /home/airflow/.local/lib/python3.12/site-packages/airflow/example_dags/example_external_task_marker_dag.py
[2025-07-01T21:07:59.293+0000] {logging_mixin.py:190} INFO - [2025-07-01T21:07:59.292+0000] {dag.py:3239} INFO - Sync 2 DAGs
[2025-07-01T21:07:59.324+0000] {logging_mixin.py:190} INFO - [2025-07-01T21:07:59.324+0000] {dag.py:4180} INFO - Setting next_dagrun for example_external_task_marker_child to None, run_after=None
[2025-07-01T21:07:59.333+0000] {logging_mixin.py:190} INFO - [2025-07-01T21:07:59.333+0000] {dag.py:4180} INFO - Setting next_dagrun for example_external_task_marker_parent to None, run_after=None
[2025-07-01T21:07:59.367+0000] {processor.py:208} INFO - Processing /home/airflow/.local/lib/python3.12/site-packages/airflow/example_dags/example_external_task_marker_dag.py took 0.202 seconds
[2025-07-01T21:08:29.909+0000] {processor.py:186} INFO - Started process (PID=387) to work on /home/airflow/.local/lib/python3.12/site-packages/airflow/example_dags/example_external_task_marker_dag.py
[2025-07-01T21:08:29.909+0000] {processor.py:914} INFO - Processing file /home/airflow/.local/lib/python3.12/site-packages/airflow/example_dags/example_external_task_marker_dag.py for tasks to queue
[2025-07-01T21:08:29.912+0000] {logging_mixin.py:190} INFO - [2025-07-01T21:08:29.912+0000] {dagbag.py:588} INFO - Filling up the DagBag from /home/airflow/.local/lib/python3.12/site-packages/airflow/example_dags/example_external_task_marker_dag.py
[2025-07-01T21:08:29.921+0000] {processor.py:925} INFO - DAG(s) 'example_external_task_marker_child', 'example_external_task_marker_parent' retrieved from /home/airflow/.local/lib/python3.12/site-packages/airflow/example_dags/example_external_task_marker_dag.py
[2025-07-01T21:08:29.944+0000] {logging_mixin.py:190} INFO - [2025-07-01T21:08:29.944+0000] {dag.py:3239} INFO - Sync 2 DAGs
[2025-07-01T21:08:29.960+0000] {logging_mixin.py:190} INFO - [2025-07-01T21:08:29.960+0000] {dag.py:4180} INFO - Setting next_dagrun for example_external_task_marker_child to None, run_after=None
[2025-07-01T21:08:29.964+0000] {logging_mixin.py:190} INFO - [2025-07-01T21:08:29.964+0000] {dag.py:4180} INFO - Setting next_dagrun for example_external_task_marker_parent to None, run_after=None
[2025-07-01T21:08:29.982+0000] {processor.py:208} INFO - Processing /home/airflow/.local/lib/python3.12/site-packages/airflow/example_dags/example_external_task_marker_dag.py took 0.080 seconds
[2025-07-01T21:09:00.985+0000] {processor.py:186} INFO - Started process (PID=449) to work on /home/airflow/.local/lib/python3.12/site-packages/airflow/example_dags/example_external_task_marker_dag.py
[2025-07-01T21:09:00.986+0000] {processor.py:914} INFO - Processing file /home/airflow/.local/lib/python3.12/site-packages/airflow/example_dags/example_external_task_marker_dag.py for tasks to queue
[2025-07-01T21:09:00.989+0000] {logging_mixin.py:190} INFO - [2025-07-01T21:09:00.989+0000] {dagbag.py:588} INFO - Filling up the DagBag from /home/airflow/.local/lib/python3.12/site-packages/airflow/example_dags/example_external_task_marker_dag.py
[2025-07-01T21:09:01.001+0000] {processor.py:925} INFO - DAG(s) 'example_external_task_marker_child', 'example_external_task_marker_parent' retrieved from /home/airflow/.local/lib/python3.12/site-packages/airflow/example_dags/example_external_task_marker_dag.py
[2025-07-01T21:09:01.025+0000] {logging_mixin.py:190} INFO - [2025-07-01T21:09:01.025+0000] {dag.py:3239} INFO - Sync 2 DAGs
[2025-07-01T21:09:01.041+0000] {logging_mixin.py:190} INFO - [2025-07-01T21:09:01.040+0000] {dag.py:4180} INFO - Setting next_dagrun for example_external_task_marker_child to None, run_after=None
[2025-07-01T21:09:01.045+0000] {logging_mixin.py:190} INFO - [2025-07-01T21:09:01.044+0000] {dag.py:4180} INFO - Setting next_dagrun for example_external_task_marker_parent to None, run_after=None
[2025-07-01T21:09:01.061+0000] {processor.py:208} INFO - Processing /home/airflow/.local/lib/python3.12/site-packages/airflow/example_dags/example_external_task_marker_dag.py took 0.084 seconds
[2025-07-01T21:09:31.405+0000] {processor.py:186} INFO - Started process (PID=512) to work on /home/airflow/.local/lib/python3.12/site-packages/airflow/example_dags/example_external_task_marker_dag.py
[2025-07-01T21:09:31.406+0000] {processor.py:914} INFO - Processing file /home/airflow/.local/lib/python3.12/site-packages/airflow/example_dags/example_external_task_marker_dag.py for tasks to queue
[2025-07-01T21:09:31.409+0000] {logging_mixin.py:190} INFO - [2025-07-01T21:09:31.409+0000] {dagbag.py:588} INFO - Filling up the DagBag from /home/airflow/.local/lib/python3.12/site-packages/airflow/example_dags/example_external_task_marker_dag.py
[2025-07-01T21:09:31.421+0000] {processor.py:925} INFO - DAG(s) 'example_external_task_marker_parent', 'example_external_task_marker_child' retrieved from /home/airflow/.local/lib/python3.12/site-packages/airflow/example_dags/example_external_task_marker_dag.py
[2025-07-01T21:09:31.455+0000] {logging_mixin.py:190} INFO - [2025-07-01T21:09:31.455+0000] {dag.py:3239} INFO - Sync 2 DAGs
[2025-07-01T21:09:31.480+0000] {logging_mixin.py:190} INFO - [2025-07-01T21:09:31.480+0000] {dag.py:4180} INFO - Setting next_dagrun for example_external_task_marker_child to None, run_after=None
[2025-07-01T21:09:31.487+0000] {logging_mixin.py:190} INFO - [2025-07-01T21:09:31.486+0000] {dag.py:4180} INFO - Setting next_dagrun for example_external_task_marker_parent to None, run_after=None
[2025-07-01T21:09:31.507+0000] {processor.py:208} INFO - Processing /home/airflow/.local/lib/python3.12/site-packages/airflow/example_dags/example_external_task_marker_dag.py took 0.108 seconds
[2025-07-01T21:10:02.363+0000] {processor.py:186} INFO - Started process (PID=575) to work on /home/airflow/.local/lib/python3.12/site-packages/airflow/example_dags/example_external_task_marker_dag.py
[2025-07-01T21:10:02.364+0000] {processor.py:914} INFO - Processing file /home/airflow/.local/lib/python3.12/site-packages/airflow/example_dags/example_external_task_marker_dag.py for tasks to queue
[2025-07-01T21:10:02.367+0000] {logging_mixin.py:190} INFO - [2025-07-01T21:10:02.367+0000] {dagbag.py:588} INFO - Filling up the DagBag from /home/airflow/.local/lib/python3.12/site-packages/airflow/example_dags/example_external_task_marker_dag.py
[2025-07-01T21:10:02.380+0000] {processor.py:925} INFO - DAG(s) 'example_external_task_marker_child', 'example_external_task_marker_parent' retrieved from /home/airflow/.local/lib/python3.12/site-packages/airflow/example_dags/example_external_task_marker_dag.py
[2025-07-01T21:10:02.409+0000] {logging_mixin.py:190} INFO - [2025-07-01T21:10:02.409+0000] {dag.py:3239} INFO - Sync 2 DAGs
[2025-07-01T21:10:02.426+0000] {logging_mixin.py:190} INFO - [2025-07-01T21:10:02.426+0000] {dag.py:4180} INFO - Setting next_dagrun for example_external_task_marker_child to None, run_after=None
[2025-07-01T21:10:02.430+0000] {logging_mixin.py:190} INFO - [2025-07-01T21:10:02.430+0000] {dag.py:4180} INFO - Setting next_dagrun for example_external_task_marker_parent to None, run_after=None
[2025-07-01T21:10:02.449+0000] {processor.py:208} INFO - Processing /home/airflow/.local/lib/python3.12/site-packages/airflow/example_dags/example_external_task_marker_dag.py took 0.096 seconds
[2025-07-01T21:10:33.676+0000] {processor.py:186} INFO - Started process (PID=638) to work on /home/airflow/.local/lib/python3.12/site-packages/airflow/example_dags/example_external_task_marker_dag.py
[2025-07-01T21:10:33.678+0000] {processor.py:914} INFO - Processing file /home/airflow/.local/lib/python3.12/site-packages/airflow/example_dags/example_external_task_marker_dag.py for tasks to queue
[2025-07-01T21:10:33.682+0000] {logging_mixin.py:190} INFO - [2025-07-01T21:10:33.682+0000] {dagbag.py:588} INFO - Filling up the DagBag from /home/airflow/.local/lib/python3.12/site-packages/airflow/example_dags/example_external_task_marker_dag.py
[2025-07-01T21:10:33.699+0000] {processor.py:925} INFO - DAG(s) 'example_external_task_marker_parent', 'example_external_task_marker_child' retrieved from /home/airflow/.local/lib/python3.12/site-packages/airflow/example_dags/example_external_task_marker_dag.py
[2025-07-01T21:10:33.737+0000] {logging_mixin.py:190} INFO - [2025-07-01T21:10:33.737+0000] {dag.py:3239} INFO - Sync 2 DAGs
[2025-07-01T21:10:33.766+0000] {logging_mixin.py:190} INFO - [2025-07-01T21:10:33.766+0000] {dag.py:4180} INFO - Setting next_dagrun for example_external_task_marker_child to None, run_after=None
[2025-07-01T21:10:33.773+0000] {logging_mixin.py:190} INFO - [2025-07-01T21:10:33.773+0000] {dag.py:4180} INFO - Setting next_dagrun for example_external_task_marker_parent to None, run_after=None
[2025-07-01T21:10:33.875+0000] {processor.py:208} INFO - Processing /home/airflow/.local/lib/python3.12/site-packages/airflow/example_dags/example_external_task_marker_dag.py took 0.217 seconds
[2025-07-01T21:11:04.697+0000] {processor.py:186} INFO - Started process (PID=701) to work on /home/airflow/.local/lib/python3.12/site-packages/airflow/example_dags/example_external_task_marker_dag.py
[2025-07-01T21:11:04.698+0000] {processor.py:914} INFO - Processing file /home/airflow/.local/lib/python3.12/site-packages/airflow/example_dags/example_external_task_marker_dag.py for tasks to queue
[2025-07-01T21:11:04.701+0000] {logging_mixin.py:190} INFO - [2025-07-01T21:11:04.701+0000] {dagbag.py:588} INFO - Filling up the DagBag from /home/airflow/.local/lib/python3.12/site-packages/airflow/example_dags/example_external_task_marker_dag.py
[2025-07-01T21:11:04.710+0000] {processor.py:925} INFO - DAG(s) 'example_external_task_marker_child', 'example_external_task_marker_parent' retrieved from /home/airflow/.local/lib/python3.12/site-packages/airflow/example_dags/example_external_task_marker_dag.py
[2025-07-01T21:11:04.736+0000] {logging_mixin.py:190} INFO - [2025-07-01T21:11:04.736+0000] {dag.py:3239} INFO - Sync 2 DAGs
[2025-07-01T21:11:04.753+0000] {logging_mixin.py:190} INFO - [2025-07-01T21:11:04.753+0000] {dag.py:4180} INFO - Setting next_dagrun for example_external_task_marker_child to None, run_after=None
[2025-07-01T21:11:04.758+0000] {logging_mixin.py:190} INFO - [2025-07-01T21:11:04.757+0000] {dag.py:4180} INFO - Setting next_dagrun for example_external_task_marker_parent to None, run_after=None
[2025-07-01T21:11:04.776+0000] {processor.py:208} INFO - Processing /home/airflow/.local/lib/python3.12/site-packages/airflow/example_dags/example_external_task_marker_dag.py took 0.086 seconds
[2025-07-01T21:11:35.704+0000] {processor.py:186} INFO - Started process (PID=764) to work on /home/airflow/.local/lib/python3.12/site-packages/airflow/example_dags/example_external_task_marker_dag.py
[2025-07-01T21:11:35.705+0000] {processor.py:914} INFO - Processing file /home/airflow/.local/lib/python3.12/site-packages/airflow/example_dags/example_external_task_marker_dag.py for tasks to queue
[2025-07-01T21:11:35.708+0000] {logging_mixin.py:190} INFO - [2025-07-01T21:11:35.707+0000] {dagbag.py:588} INFO - Filling up the DagBag from /home/airflow/.local/lib/python3.12/site-packages/airflow/example_dags/example_external_task_marker_dag.py
[2025-07-01T21:11:35.716+0000] {processor.py:925} INFO - DAG(s) 'example_external_task_marker_child', 'example_external_task_marker_parent' retrieved from /home/airflow/.local/lib/python3.12/site-packages/airflow/example_dags/example_external_task_marker_dag.py
[2025-07-01T21:11:35.740+0000] {logging_mixin.py:190} INFO - [2025-07-01T21:11:35.739+0000] {dag.py:3239} INFO - Sync 2 DAGs
[2025-07-01T21:11:35.755+0000] {logging_mixin.py:190} INFO - [2025-07-01T21:11:35.755+0000] {dag.py:4180} INFO - Setting next_dagrun for example_external_task_marker_child to None, run_after=None
[2025-07-01T21:11:35.759+0000] {logging_mixin.py:190} INFO - [2025-07-01T21:11:35.759+0000] {dag.py:4180} INFO - Setting next_dagrun for example_external_task_marker_parent to None, run_after=None
[2025-07-01T21:11:35.776+0000] {processor.py:208} INFO - Processing /home/airflow/.local/lib/python3.12/site-packages/airflow/example_dags/example_external_task_marker_dag.py took 0.079 seconds
[2025-07-01T21:12:06.159+0000] {processor.py:186} INFO - Started process (PID=827) to work on /home/airflow/.local/lib/python3.12/site-packages/airflow/example_dags/example_external_task_marker_dag.py
[2025-07-01T21:12:06.160+0000] {processor.py:914} INFO - Processing file /home/airflow/.local/lib/python3.12/site-packages/airflow/example_dags/example_external_task_marker_dag.py for tasks to queue
[2025-07-01T21:12:06.163+0000] {logging_mixin.py:190} INFO - [2025-07-01T21:12:06.162+0000] {dagbag.py:588} INFO - Filling up the DagBag from /home/airflow/.local/lib/python3.12/site-packages/airflow/example_dags/example_external_task_marker_dag.py
[2025-07-01T21:12:06.171+0000] {processor.py:925} INFO - DAG(s) 'example_external_task_marker_child', 'example_external_task_marker_parent' retrieved from /home/airflow/.local/lib/python3.12/site-packages/airflow/example_dags/example_external_task_marker_dag.py
[2025-07-01T21:12:06.195+0000] {logging_mixin.py:190} INFO - [2025-07-01T21:12:06.195+0000] {dag.py:3239} INFO - Sync 2 DAGs
[2025-07-01T21:12:06.211+0000] {logging_mixin.py:190} INFO - [2025-07-01T21:12:06.211+0000] {dag.py:4180} INFO - Setting next_dagrun for example_external_task_marker_child to None, run_after=None
[2025-07-01T21:12:06.215+0000] {logging_mixin.py:190} INFO - [2025-07-01T21:12:06.215+0000] {dag.py:4180} INFO - Setting next_dagrun for example_external_task_marker_parent to None, run_after=None
[2025-07-01T21:12:06.232+0000] {processor.py:208} INFO - Processing /home/airflow/.local/lib/python3.12/site-packages/airflow/example_dags/example_external_task_marker_dag.py took 0.079 seconds
[2025-07-01T21:12:36.845+0000] {processor.py:186} INFO - Started process (PID=890) to work on /home/airflow/.local/lib/python3.12/site-packages/airflow/example_dags/example_external_task_marker_dag.py
[2025-07-01T21:12:36.846+0000] {processor.py:914} INFO - Processing file /home/airflow/.local/lib/python3.12/site-packages/airflow/example_dags/example_external_task_marker_dag.py for tasks to queue
[2025-07-01T21:12:36.850+0000] {logging_mixin.py:190} INFO - [2025-07-01T21:12:36.849+0000] {dagbag.py:588} INFO - Filling up the DagBag from /home/airflow/.local/lib/python3.12/site-packages/airflow/example_dags/example_external_task_marker_dag.py
[2025-07-01T21:12:36.860+0000] {processor.py:925} INFO - DAG(s) 'example_external_task_marker_child', 'example_external_task_marker_parent' retrieved from /home/airflow/.local/lib/python3.12/site-packages/airflow/example_dags/example_external_task_marker_dag.py
[2025-07-01T21:12:36.885+0000] {logging_mixin.py:190} INFO - [2025-07-01T21:12:36.885+0000] {dag.py:3239} INFO - Sync 2 DAGs
[2025-07-01T21:12:36.901+0000] {logging_mixin.py:190} INFO - [2025-07-01T21:12:36.901+0000] {dag.py:4180} INFO - Setting next_dagrun for example_external_task_marker_child to None, run_after=None
[2025-07-01T21:12:36.905+0000] {logging_mixin.py:190} INFO - [2025-07-01T21:12:36.905+0000] {dag.py:4180} INFO - Setting next_dagrun for example_external_task_marker_parent to None, run_after=None
[2025-07-01T21:12:36.921+0000] {processor.py:208} INFO - Processing /home/airflow/.local/lib/python3.12/site-packages/airflow/example_dags/example_external_task_marker_dag.py took 0.083 seconds
[2025-07-01T21:13:07.521+0000] {processor.py:186} INFO - Started process (PID=953) to work on /home/airflow/.local/lib/python3.12/site-packages/airflow/example_dags/example_external_task_marker_dag.py
[2025-07-01T21:13:07.524+0000] {processor.py:914} INFO - Processing file /home/airflow/.local/lib/python3.12/site-packages/airflow/example_dags/example_external_task_marker_dag.py for tasks to queue
[2025-07-01T21:13:07.527+0000] {logging_mixin.py:190} INFO - [2025-07-01T21:13:07.527+0000] {dagbag.py:588} INFO - Filling up the DagBag from /home/airflow/.local/lib/python3.12/site-packages/airflow/example_dags/example_external_task_marker_dag.py
[2025-07-01T21:13:07.545+0000] {processor.py:925} INFO - DAG(s) 'example_external_task_marker_parent', 'example_external_task_marker_child' retrieved from /home/airflow/.local/lib/python3.12/site-packages/airflow/example_dags/example_external_task_marker_dag.py
[2025-07-01T21:13:07.609+0000] {logging_mixin.py:190} INFO - [2025-07-01T21:13:07.608+0000] {dag.py:3239} INFO - Sync 2 DAGs
[2025-07-01T21:13:07.656+0000] {logging_mixin.py:190} INFO - [2025-07-01T21:13:07.656+0000] {dag.py:4180} INFO - Setting next_dagrun for example_external_task_marker_child to None, run_after=None
[2025-07-01T21:13:07.674+0000] {logging_mixin.py:190} INFO - [2025-07-01T21:13:07.674+0000] {dag.py:4180} INFO - Setting next_dagrun for example_external_task_marker_parent to None, run_after=None
[2025-07-01T21:13:07.733+0000] {processor.py:208} INFO - Processing /home/airflow/.local/lib/python3.12/site-packages/airflow/example_dags/example_external_task_marker_dag.py took 0.227 seconds
[2025-07-01T21:13:37.992+0000] {processor.py:186} INFO - Started process (PID=1016) to work on /home/airflow/.local/lib/python3.12/site-packages/airflow/example_dags/example_external_task_marker_dag.py
[2025-07-01T21:13:37.993+0000] {processor.py:914} INFO - Processing file /home/airflow/.local/lib/python3.12/site-packages/airflow/example_dags/example_external_task_marker_dag.py for tasks to queue
[2025-07-01T21:13:37.996+0000] {logging_mixin.py:190} INFO - [2025-07-01T21:13:37.996+0000] {dagbag.py:588} INFO - Filling up the DagBag from /home/airflow/.local/lib/python3.12/site-packages/airflow/example_dags/example_external_task_marker_dag.py
[2025-07-01T21:13:38.009+0000] {processor.py:925} INFO - DAG(s) 'example_external_task_marker_child', 'example_external_task_marker_parent' retrieved from /home/airflow/.local/lib/python3.12/site-packages/airflow/example_dags/example_external_task_marker_dag.py
[2025-07-01T21:13:38.045+0000] {logging_mixin.py:190} INFO - [2025-07-01T21:13:38.044+0000] {dag.py:3239} INFO - Sync 2 DAGs
[2025-07-01T21:13:38.078+0000] {logging_mixin.py:190} INFO - [2025-07-01T21:13:38.077+0000] {dag.py:4180} INFO - Setting next_dagrun for example_external_task_marker_child to None, run_after=None
[2025-07-01T21:13:38.087+0000] {logging_mixin.py:190} INFO - [2025-07-01T21:13:38.086+0000] {dag.py:4180} INFO - Setting next_dagrun for example_external_task_marker_parent to None, run_after=None
[2025-07-01T21:13:38.114+0000] {processor.py:208} INFO - Processing /home/airflow/.local/lib/python3.12/site-packages/airflow/example_dags/example_external_task_marker_dag.py took 0.130 seconds
[2025-07-01T21:14:08.651+0000] {processor.py:186} INFO - Started process (PID=1079) to work on /home/airflow/.local/lib/python3.12/site-packages/airflow/example_dags/example_external_task_marker_dag.py
[2025-07-01T21:14:08.652+0000] {processor.py:914} INFO - Processing file /home/airflow/.local/lib/python3.12/site-packages/airflow/example_dags/example_external_task_marker_dag.py for tasks to queue
[2025-07-01T21:14:08.656+0000] {logging_mixin.py:190} INFO - [2025-07-01T21:14:08.655+0000] {dagbag.py:588} INFO - Filling up the DagBag from /home/airflow/.local/lib/python3.12/site-packages/airflow/example_dags/example_external_task_marker_dag.py
[2025-07-01T21:14:08.668+0000] {processor.py:925} INFO - DAG(s) 'example_external_task_marker_parent', 'example_external_task_marker_child' retrieved from /home/airflow/.local/lib/python3.12/site-packages/airflow/example_dags/example_external_task_marker_dag.py
[2025-07-01T21:14:08.698+0000] {logging_mixin.py:190} INFO - [2025-07-01T21:14:08.697+0000] {dag.py:3239} INFO - Sync 2 DAGs
[2025-07-01T21:14:08.716+0000] {logging_mixin.py:190} INFO - [2025-07-01T21:14:08.716+0000] {dag.py:4180} INFO - Setting next_dagrun for example_external_task_marker_child to None, run_after=None
[2025-07-01T21:14:08.721+0000] {logging_mixin.py:190} INFO - [2025-07-01T21:14:08.721+0000] {dag.py:4180} INFO - Setting next_dagrun for example_external_task_marker_parent to None, run_after=None
[2025-07-01T21:14:08.738+0000] {processor.py:208} INFO - Processing /home/airflow/.local/lib/python3.12/site-packages/airflow/example_dags/example_external_task_marker_dag.py took 0.096 seconds
[2025-07-01T21:14:38.996+0000] {processor.py:186} INFO - Started process (PID=1142) to work on /home/airflow/.local/lib/python3.12/site-packages/airflow/example_dags/example_external_task_marker_dag.py
[2025-07-01T21:14:38.997+0000] {processor.py:914} INFO - Processing file /home/airflow/.local/lib/python3.12/site-packages/airflow/example_dags/example_external_task_marker_dag.py for tasks to queue
[2025-07-01T21:14:39.001+0000] {logging_mixin.py:190} INFO - [2025-07-01T21:14:39.000+0000] {dagbag.py:588} INFO - Filling up the DagBag from /home/airflow/.local/lib/python3.12/site-packages/airflow/example_dags/example_external_task_marker_dag.py
[2025-07-01T21:14:39.013+0000] {processor.py:925} INFO - DAG(s) 'example_external_task_marker_parent', 'example_external_task_marker_child' retrieved from /home/airflow/.local/lib/python3.12/site-packages/airflow/example_dags/example_external_task_marker_dag.py
[2025-07-01T21:14:39.054+0000] {logging_mixin.py:190} INFO - [2025-07-01T21:14:39.054+0000] {dag.py:3239} INFO - Sync 2 DAGs
[2025-07-01T21:14:39.082+0000] {logging_mixin.py:190} INFO - [2025-07-01T21:14:39.081+0000] {dag.py:4180} INFO - Setting next_dagrun for example_external_task_marker_child to None, run_after=None
[2025-07-01T21:14:39.088+0000] {logging_mixin.py:190} INFO - [2025-07-01T21:14:39.088+0000] {dag.py:4180} INFO - Setting next_dagrun for example_external_task_marker_parent to None, run_after=None
[2025-07-01T21:14:39.121+0000] {processor.py:208} INFO - Processing /home/airflow/.local/lib/python3.12/site-packages/airflow/example_dags/example_external_task_marker_dag.py took 0.135 seconds
[2025-07-01T21:15:09.354+0000] {processor.py:186} INFO - Started process (PID=1205) to work on /home/airflow/.local/lib/python3.12/site-packages/airflow/example_dags/example_external_task_marker_dag.py
[2025-07-01T21:15:09.355+0000] {processor.py:914} INFO - Processing file /home/airflow/.local/lib/python3.12/site-packages/airflow/example_dags/example_external_task_marker_dag.py for tasks to queue
[2025-07-01T21:15:09.359+0000] {logging_mixin.py:190} INFO - [2025-07-01T21:15:09.358+0000] {dagbag.py:588} INFO - Filling up the DagBag from /home/airflow/.local/lib/python3.12/site-packages/airflow/example_dags/example_external_task_marker_dag.py
[2025-07-01T21:15:09.368+0000] {processor.py:925} INFO - DAG(s) 'example_external_task_marker_child', 'example_external_task_marker_parent' retrieved from /home/airflow/.local/lib/python3.12/site-packages/airflow/example_dags/example_external_task_marker_dag.py
[2025-07-01T21:15:09.397+0000] {logging_mixin.py:190} INFO - [2025-07-01T21:15:09.397+0000] {dag.py:3239} INFO - Sync 2 DAGs
[2025-07-01T21:15:09.415+0000] {logging_mixin.py:190} INFO - [2025-07-01T21:15:09.415+0000] {dag.py:4180} INFO - Setting next_dagrun for example_external_task_marker_child to None, run_after=None
[2025-07-01T21:15:09.419+0000] {logging_mixin.py:190} INFO - [2025-07-01T21:15:09.419+0000] {dag.py:4180} INFO - Setting next_dagrun for example_external_task_marker_parent to None, run_after=None
[2025-07-01T21:15:09.440+0000] {processor.py:208} INFO - Processing /home/airflow/.local/lib/python3.12/site-packages/airflow/example_dags/example_external_task_marker_dag.py took 0.093 seconds
[2025-07-01T21:15:40.387+0000] {processor.py:186} INFO - Started process (PID=1268) to work on /home/airflow/.local/lib/python3.12/site-packages/airflow/example_dags/example_external_task_marker_dag.py
[2025-07-01T21:15:40.388+0000] {processor.py:914} INFO - Processing file /home/airflow/.local/lib/python3.12/site-packages/airflow/example_dags/example_external_task_marker_dag.py for tasks to queue
[2025-07-01T21:15:40.391+0000] {logging_mixin.py:190} INFO - [2025-07-01T21:15:40.391+0000] {dagbag.py:588} INFO - Filling up the DagBag from /home/airflow/.local/lib/python3.12/site-packages/airflow/example_dags/example_external_task_marker_dag.py
[2025-07-01T21:15:40.400+0000] {processor.py:925} INFO - DAG(s) 'example_external_task_marker_child', 'example_external_task_marker_parent' retrieved from /home/airflow/.local/lib/python3.12/site-packages/airflow/example_dags/example_external_task_marker_dag.py
[2025-07-01T21:15:40.425+0000] {logging_mixin.py:190} INFO - [2025-07-01T21:15:40.425+0000] {dag.py:3239} INFO - Sync 2 DAGs
[2025-07-01T21:15:40.441+0000] {logging_mixin.py:190} INFO - [2025-07-01T21:15:40.441+0000] {dag.py:4180} INFO - Setting next_dagrun for example_external_task_marker_child to None, run_after=None
[2025-07-01T21:15:40.445+0000] {logging_mixin.py:190} INFO - [2025-07-01T21:15:40.445+0000] {dag.py:4180} INFO - Setting next_dagrun for example_external_task_marker_parent to None, run_after=None
[2025-07-01T21:15:40.465+0000] {processor.py:208} INFO - Processing /home/airflow/.local/lib/python3.12/site-packages/airflow/example_dags/example_external_task_marker_dag.py took 0.087 seconds
[2025-07-01T21:16:11.017+0000] {processor.py:186} INFO - Started process (PID=1331) to work on /home/airflow/.local/lib/python3.12/site-packages/airflow/example_dags/example_external_task_marker_dag.py
[2025-07-01T21:16:11.018+0000] {processor.py:914} INFO - Processing file /home/airflow/.local/lib/python3.12/site-packages/airflow/example_dags/example_external_task_marker_dag.py for tasks to queue
[2025-07-01T21:16:11.022+0000] {logging_mixin.py:190} INFO - [2025-07-01T21:16:11.021+0000] {dagbag.py:588} INFO - Filling up the DagBag from /home/airflow/.local/lib/python3.12/site-packages/airflow/example_dags/example_external_task_marker_dag.py
[2025-07-01T21:16:11.033+0000] {processor.py:925} INFO - DAG(s) 'example_external_task_marker_child', 'example_external_task_marker_parent' retrieved from /home/airflow/.local/lib/python3.12/site-packages/airflow/example_dags/example_external_task_marker_dag.py
[2025-07-01T21:16:11.066+0000] {logging_mixin.py:190} INFO - [2025-07-01T21:16:11.066+0000] {dag.py:3239} INFO - Sync 2 DAGs
[2025-07-01T21:16:11.092+0000] {logging_mixin.py:190} INFO - [2025-07-01T21:16:11.091+0000] {dag.py:4180} INFO - Setting next_dagrun for example_external_task_marker_child to None, run_after=None
[2025-07-01T21:16:11.097+0000] {logging_mixin.py:190} INFO - [2025-07-01T21:16:11.097+0000] {dag.py:4180} INFO - Setting next_dagrun for example_external_task_marker_parent to None, run_after=None
[2025-07-01T21:16:11.118+0000] {processor.py:208} INFO - Processing /home/airflow/.local/lib/python3.12/site-packages/airflow/example_dags/example_external_task_marker_dag.py took 0.109 seconds
[2025-07-01T21:16:41.613+0000] {processor.py:186} INFO - Started process (PID=1394) to work on /home/airflow/.local/lib/python3.12/site-packages/airflow/example_dags/example_external_task_marker_dag.py
[2025-07-01T21:16:41.614+0000] {processor.py:914} INFO - Processing file /home/airflow/.local/lib/python3.12/site-packages/airflow/example_dags/example_external_task_marker_dag.py for tasks to queue
[2025-07-01T21:16:41.618+0000] {logging_mixin.py:190} INFO - [2025-07-01T21:16:41.617+0000] {dagbag.py:588} INFO - Filling up the DagBag from /home/airflow/.local/lib/python3.12/site-packages/airflow/example_dags/example_external_task_marker_dag.py
[2025-07-01T21:16:41.639+0000] {processor.py:925} INFO - DAG(s) 'example_external_task_marker_parent', 'example_external_task_marker_child' retrieved from /home/airflow/.local/lib/python3.12/site-packages/airflow/example_dags/example_external_task_marker_dag.py
[2025-07-01T21:16:41.692+0000] {logging_mixin.py:190} INFO - [2025-07-01T21:16:41.691+0000] {dag.py:3239} INFO - Sync 2 DAGs
[2025-07-01T21:16:41.714+0000] {logging_mixin.py:190} INFO - [2025-07-01T21:16:41.714+0000] {dag.py:4180} INFO - Setting next_dagrun for example_external_task_marker_child to None, run_after=None
[2025-07-01T21:16:41.719+0000] {logging_mixin.py:190} INFO - [2025-07-01T21:16:41.719+0000] {dag.py:4180} INFO - Setting next_dagrun for example_external_task_marker_parent to None, run_after=None
[2025-07-01T21:16:41.745+0000] {processor.py:208} INFO - Processing /home/airflow/.local/lib/python3.12/site-packages/airflow/example_dags/example_external_task_marker_dag.py took 0.138 seconds
[2025-07-01T21:17:11.895+0000] {processor.py:186} INFO - Started process (PID=1457) to work on /home/airflow/.local/lib/python3.12/site-packages/airflow/example_dags/example_external_task_marker_dag.py
[2025-07-01T21:17:11.896+0000] {processor.py:914} INFO - Processing file /home/airflow/.local/lib/python3.12/site-packages/airflow/example_dags/example_external_task_marker_dag.py for tasks to queue
[2025-07-01T21:17:11.900+0000] {logging_mixin.py:190} INFO - [2025-07-01T21:17:11.900+0000] {dagbag.py:588} INFO - Filling up the DagBag from /home/airflow/.local/lib/python3.12/site-packages/airflow/example_dags/example_external_task_marker_dag.py
[2025-07-01T21:17:11.910+0000] {processor.py:925} INFO - DAG(s) 'example_external_task_marker_parent', 'example_external_task_marker_child' retrieved from /home/airflow/.local/lib/python3.12/site-packages/airflow/example_dags/example_external_task_marker_dag.py
[2025-07-01T21:17:11.942+0000] {logging_mixin.py:190} INFO - [2025-07-01T21:17:11.942+0000] {dag.py:3239} INFO - Sync 2 DAGs
[2025-07-01T21:17:11.967+0000] {logging_mixin.py:190} INFO - [2025-07-01T21:17:11.967+0000] {dag.py:4180} INFO - Setting next_dagrun for example_external_task_marker_child to None, run_after=None
[2025-07-01T21:17:11.973+0000] {logging_mixin.py:190} INFO - [2025-07-01T21:17:11.973+0000] {dag.py:4180} INFO - Setting next_dagrun for example_external_task_marker_parent to None, run_after=None
[2025-07-01T21:17:11.995+0000] {processor.py:208} INFO - Processing /home/airflow/.local/lib/python3.12/site-packages/airflow/example_dags/example_external_task_marker_dag.py took 0.107 seconds
[2025-07-01T21:17:42.959+0000] {processor.py:186} INFO - Started process (PID=1520) to work on /home/airflow/.local/lib/python3.12/site-packages/airflow/example_dags/example_external_task_marker_dag.py
[2025-07-01T21:17:42.960+0000] {processor.py:914} INFO - Processing file /home/airflow/.local/lib/python3.12/site-packages/airflow/example_dags/example_external_task_marker_dag.py for tasks to queue
[2025-07-01T21:17:42.964+0000] {logging_mixin.py:190} INFO - [2025-07-01T21:17:42.963+0000] {dagbag.py:588} INFO - Filling up the DagBag from /home/airflow/.local/lib/python3.12/site-packages/airflow/example_dags/example_external_task_marker_dag.py
[2025-07-01T21:17:42.973+0000] {processor.py:925} INFO - DAG(s) 'example_external_task_marker_child', 'example_external_task_marker_parent' retrieved from /home/airflow/.local/lib/python3.12/site-packages/airflow/example_dags/example_external_task_marker_dag.py
[2025-07-01T21:17:42.999+0000] {logging_mixin.py:190} INFO - [2025-07-01T21:17:42.999+0000] {dag.py:3239} INFO - Sync 2 DAGs
[2025-07-01T21:17:43.017+0000] {logging_mixin.py:190} INFO - [2025-07-01T21:17:43.016+0000] {dag.py:4180} INFO - Setting next_dagrun for example_external_task_marker_child to None, run_after=None
[2025-07-01T21:17:43.021+0000] {logging_mixin.py:190} INFO - [2025-07-01T21:17:43.021+0000] {dag.py:4180} INFO - Setting next_dagrun for example_external_task_marker_parent to None, run_after=None
[2025-07-01T21:17:43.039+0000] {processor.py:208} INFO - Processing /home/airflow/.local/lib/python3.12/site-packages/airflow/example_dags/example_external_task_marker_dag.py took 0.087 seconds
[2025-07-01T21:18:13.467+0000] {processor.py:186} INFO - Started process (PID=1583) to work on /home/airflow/.local/lib/python3.12/site-packages/airflow/example_dags/example_external_task_marker_dag.py
[2025-07-01T21:18:13.468+0000] {processor.py:914} INFO - Processing file /home/airflow/.local/lib/python3.12/site-packages/airflow/example_dags/example_external_task_marker_dag.py for tasks to queue
[2025-07-01T21:18:13.471+0000] {logging_mixin.py:190} INFO - [2025-07-01T21:18:13.471+0000] {dagbag.py:588} INFO - Filling up the DagBag from /home/airflow/.local/lib/python3.12/site-packages/airflow/example_dags/example_external_task_marker_dag.py
[2025-07-01T21:18:13.481+0000] {processor.py:925} INFO - DAG(s) 'example_external_task_marker_child', 'example_external_task_marker_parent' retrieved from /home/airflow/.local/lib/python3.12/site-packages/airflow/example_dags/example_external_task_marker_dag.py
[2025-07-01T21:18:13.520+0000] {logging_mixin.py:190} INFO - [2025-07-01T21:18:13.520+0000] {dag.py:3239} INFO - Sync 2 DAGs
[2025-07-01T21:18:13.542+0000] {logging_mixin.py:190} INFO - [2025-07-01T21:18:13.542+0000] {dag.py:4180} INFO - Setting next_dagrun for example_external_task_marker_child to None, run_after=None
[2025-07-01T21:18:13.547+0000] {logging_mixin.py:190} INFO - [2025-07-01T21:18:13.547+0000] {dag.py:4180} INFO - Setting next_dagrun for example_external_task_marker_parent to None, run_after=None
[2025-07-01T21:18:13.565+0000] {processor.py:208} INFO - Processing /home/airflow/.local/lib/python3.12/site-packages/airflow/example_dags/example_external_task_marker_dag.py took 0.107 seconds
[2025-07-01T21:18:43.810+0000] {processor.py:186} INFO - Started process (PID=1646) to work on /home/airflow/.local/lib/python3.12/site-packages/airflow/example_dags/example_external_task_marker_dag.py
[2025-07-01T21:18:43.812+0000] {processor.py:914} INFO - Processing file /home/airflow/.local/lib/python3.12/site-packages/airflow/example_dags/example_external_task_marker_dag.py for tasks to queue
[2025-07-01T21:18:43.816+0000] {logging_mixin.py:190} INFO - [2025-07-01T21:18:43.815+0000] {dagbag.py:588} INFO - Filling up the DagBag from /home/airflow/.local/lib/python3.12/site-packages/airflow/example_dags/example_external_task_marker_dag.py
[2025-07-01T21:18:43.827+0000] {processor.py:925} INFO - DAG(s) 'example_external_task_marker_child', 'example_external_task_marker_parent' retrieved from /home/airflow/.local/lib/python3.12/site-packages/airflow/example_dags/example_external_task_marker_dag.py
[2025-07-01T21:18:43.863+0000] {logging_mixin.py:190} INFO - [2025-07-01T21:18:43.862+0000] {dag.py:3239} INFO - Sync 2 DAGs
[2025-07-01T21:18:43.889+0000] {logging_mixin.py:190} INFO - [2025-07-01T21:18:43.888+0000] {dag.py:4180} INFO - Setting next_dagrun for example_external_task_marker_child to None, run_after=None
[2025-07-01T21:18:43.896+0000] {logging_mixin.py:190} INFO - [2025-07-01T21:18:43.895+0000] {dag.py:4180} INFO - Setting next_dagrun for example_external_task_marker_parent to None, run_after=None
[2025-07-01T21:18:43.920+0000] {processor.py:208} INFO - Processing /home/airflow/.local/lib/python3.12/site-packages/airflow/example_dags/example_external_task_marker_dag.py took 0.119 seconds
[2025-07-01T21:19:14.502+0000] {processor.py:186} INFO - Started process (PID=1709) to work on /home/airflow/.local/lib/python3.12/site-packages/airflow/example_dags/example_external_task_marker_dag.py
[2025-07-01T21:19:14.503+0000] {processor.py:914} INFO - Processing file /home/airflow/.local/lib/python3.12/site-packages/airflow/example_dags/example_external_task_marker_dag.py for tasks to queue
[2025-07-01T21:19:14.507+0000] {logging_mixin.py:190} INFO - [2025-07-01T21:19:14.506+0000] {dagbag.py:588} INFO - Filling up the DagBag from /home/airflow/.local/lib/python3.12/site-packages/airflow/example_dags/example_external_task_marker_dag.py
[2025-07-01T21:19:14.519+0000] {processor.py:925} INFO - DAG(s) 'example_external_task_marker_child', 'example_external_task_marker_parent' retrieved from /home/airflow/.local/lib/python3.12/site-packages/airflow/example_dags/example_external_task_marker_dag.py
[2025-07-01T21:19:14.553+0000] {logging_mixin.py:190} INFO - [2025-07-01T21:19:14.553+0000] {dag.py:3239} INFO - Sync 2 DAGs
[2025-07-01T21:19:14.577+0000] {logging_mixin.py:190} INFO - [2025-07-01T21:19:14.576+0000] {dag.py:4180} INFO - Setting next_dagrun for example_external_task_marker_child to None, run_after=None
[2025-07-01T21:19:14.583+0000] {logging_mixin.py:190} INFO - [2025-07-01T21:19:14.582+0000] {dag.py:4180} INFO - Setting next_dagrun for example_external_task_marker_parent to None, run_after=None
[2025-07-01T21:19:14.605+0000] {processor.py:208} INFO - Processing /home/airflow/.local/lib/python3.12/site-packages/airflow/example_dags/example_external_task_marker_dag.py took 0.110 seconds
[2025-07-01T21:19:44.654+0000] {processor.py:186} INFO - Started process (PID=1772) to work on /home/airflow/.local/lib/python3.12/site-packages/airflow/example_dags/example_external_task_marker_dag.py
[2025-07-01T21:19:44.655+0000] {processor.py:914} INFO - Processing file /home/airflow/.local/lib/python3.12/site-packages/airflow/example_dags/example_external_task_marker_dag.py for tasks to queue
[2025-07-01T21:19:44.658+0000] {logging_mixin.py:190} INFO - [2025-07-01T21:19:44.658+0000] {dagbag.py:588} INFO - Filling up the DagBag from /home/airflow/.local/lib/python3.12/site-packages/airflow/example_dags/example_external_task_marker_dag.py
[2025-07-01T21:19:44.666+0000] {processor.py:925} INFO - DAG(s) 'example_external_task_marker_parent', 'example_external_task_marker_child' retrieved from /home/airflow/.local/lib/python3.12/site-packages/airflow/example_dags/example_external_task_marker_dag.py
[2025-07-01T21:19:44.691+0000] {logging_mixin.py:190} INFO - [2025-07-01T21:19:44.691+0000] {dag.py:3239} INFO - Sync 2 DAGs
[2025-07-01T21:19:44.707+0000] {logging_mixin.py:190} INFO - [2025-07-01T21:19:44.707+0000] {dag.py:4180} INFO - Setting next_dagrun for example_external_task_marker_child to None, run_after=None
[2025-07-01T21:19:44.711+0000] {logging_mixin.py:190} INFO - [2025-07-01T21:19:44.711+0000] {dag.py:4180} INFO - Setting next_dagrun for example_external_task_marker_parent to None, run_after=None
[2025-07-01T21:19:44.729+0000] {processor.py:208} INFO - Processing /home/airflow/.local/lib/python3.12/site-packages/airflow/example_dags/example_external_task_marker_dag.py took 0.082 seconds
[2025-07-01T21:20:15.702+0000] {processor.py:186} INFO - Started process (PID=1835) to work on /home/airflow/.local/lib/python3.12/site-packages/airflow/example_dags/example_external_task_marker_dag.py
[2025-07-01T21:20:15.703+0000] {processor.py:914} INFO - Processing file /home/airflow/.local/lib/python3.12/site-packages/airflow/example_dags/example_external_task_marker_dag.py for tasks to queue
[2025-07-01T21:20:15.706+0000] {logging_mixin.py:190} INFO - [2025-07-01T21:20:15.706+0000] {dagbag.py:588} INFO - Filling up the DagBag from /home/airflow/.local/lib/python3.12/site-packages/airflow/example_dags/example_external_task_marker_dag.py
[2025-07-01T21:20:15.714+0000] {processor.py:925} INFO - DAG(s) 'example_external_task_marker_child', 'example_external_task_marker_parent' retrieved from /home/airflow/.local/lib/python3.12/site-packages/airflow/example_dags/example_external_task_marker_dag.py
[2025-07-01T21:20:15.740+0000] {logging_mixin.py:190} INFO - [2025-07-01T21:20:15.739+0000] {dag.py:3239} INFO - Sync 2 DAGs
[2025-07-01T21:20:15.755+0000] {logging_mixin.py:190} INFO - [2025-07-01T21:20:15.755+0000] {dag.py:4180} INFO - Setting next_dagrun for example_external_task_marker_child to None, run_after=None
[2025-07-01T21:20:15.759+0000] {logging_mixin.py:190} INFO - [2025-07-01T21:20:15.759+0000] {dag.py:4180} INFO - Setting next_dagrun for example_external_task_marker_parent to None, run_after=None
[2025-07-01T21:20:15.781+0000] {processor.py:208} INFO - Processing /home/airflow/.local/lib/python3.12/site-packages/airflow/example_dags/example_external_task_marker_dag.py took 0.085 seconds
[2025-07-01T21:20:45.895+0000] {processor.py:186} INFO - Started process (PID=1898) to work on /home/airflow/.local/lib/python3.12/site-packages/airflow/example_dags/example_external_task_marker_dag.py
[2025-07-01T21:20:45.896+0000] {processor.py:914} INFO - Processing file /home/airflow/.local/lib/python3.12/site-packages/airflow/example_dags/example_external_task_marker_dag.py for tasks to queue
[2025-07-01T21:20:45.900+0000] {logging_mixin.py:190} INFO - [2025-07-01T21:20:45.899+0000] {dagbag.py:588} INFO - Filling up the DagBag from /home/airflow/.local/lib/python3.12/site-packages/airflow/example_dags/example_external_task_marker_dag.py
[2025-07-01T21:20:45.912+0000] {processor.py:925} INFO - DAG(s) 'example_external_task_marker_child', 'example_external_task_marker_parent' retrieved from /home/airflow/.local/lib/python3.12/site-packages/airflow/example_dags/example_external_task_marker_dag.py
[2025-07-01T21:20:45.953+0000] {logging_mixin.py:190} INFO - [2025-07-01T21:20:45.953+0000] {dag.py:3239} INFO - Sync 2 DAGs
[2025-07-01T21:20:45.982+0000] {logging_mixin.py:190} INFO - [2025-07-01T21:20:45.982+0000] {dag.py:4180} INFO - Setting next_dagrun for example_external_task_marker_child to None, run_after=None
[2025-07-01T21:20:45.989+0000] {logging_mixin.py:190} INFO - [2025-07-01T21:20:45.989+0000] {dag.py:4180} INFO - Setting next_dagrun for example_external_task_marker_parent to None, run_after=None
[2025-07-01T21:20:46.011+0000] {processor.py:208} INFO - Processing /home/airflow/.local/lib/python3.12/site-packages/airflow/example_dags/example_external_task_marker_dag.py took 0.123 seconds
[2025-07-01T21:21:17.007+0000] {processor.py:186} INFO - Started process (PID=1961) to work on /home/airflow/.local/lib/python3.12/site-packages/airflow/example_dags/example_external_task_marker_dag.py
[2025-07-01T21:21:17.008+0000] {processor.py:914} INFO - Processing file /home/airflow/.local/lib/python3.12/site-packages/airflow/example_dags/example_external_task_marker_dag.py for tasks to queue
[2025-07-01T21:21:17.011+0000] {logging_mixin.py:190} INFO - [2025-07-01T21:21:17.011+0000] {dagbag.py:588} INFO - Filling up the DagBag from /home/airflow/.local/lib/python3.12/site-packages/airflow/example_dags/example_external_task_marker_dag.py
[2025-07-01T21:21:17.020+0000] {processor.py:925} INFO - DAG(s) 'example_external_task_marker_child', 'example_external_task_marker_parent' retrieved from /home/airflow/.local/lib/python3.12/site-packages/airflow/example_dags/example_external_task_marker_dag.py
[2025-07-01T21:21:17.047+0000] {logging_mixin.py:190} INFO - [2025-07-01T21:21:17.046+0000] {dag.py:3239} INFO - Sync 2 DAGs
[2025-07-01T21:21:17.065+0000] {logging_mixin.py:190} INFO - [2025-07-01T21:21:17.064+0000] {dag.py:4180} INFO - Setting next_dagrun for example_external_task_marker_child to None, run_after=None
[2025-07-01T21:21:17.070+0000] {logging_mixin.py:190} INFO - [2025-07-01T21:21:17.070+0000] {dag.py:4180} INFO - Setting next_dagrun for example_external_task_marker_parent to None, run_after=None
[2025-07-01T21:21:17.088+0000] {processor.py:208} INFO - Processing /home/airflow/.local/lib/python3.12/site-packages/airflow/example_dags/example_external_task_marker_dag.py took 0.090 seconds
[2025-07-01T21:21:47.337+0000] {processor.py:186} INFO - Started process (PID=2024) to work on /home/airflow/.local/lib/python3.12/site-packages/airflow/example_dags/example_external_task_marker_dag.py
[2025-07-01T21:21:47.339+0000] {processor.py:914} INFO - Processing file /home/airflow/.local/lib/python3.12/site-packages/airflow/example_dags/example_external_task_marker_dag.py for tasks to queue
[2025-07-01T21:21:47.342+0000] {logging_mixin.py:190} INFO - [2025-07-01T21:21:47.341+0000] {dagbag.py:588} INFO - Filling up the DagBag from /home/airflow/.local/lib/python3.12/site-packages/airflow/example_dags/example_external_task_marker_dag.py
[2025-07-01T21:21:47.351+0000] {processor.py:925} INFO - DAG(s) 'example_external_task_marker_parent', 'example_external_task_marker_child' retrieved from /home/airflow/.local/lib/python3.12/site-packages/airflow/example_dags/example_external_task_marker_dag.py
[2025-07-01T21:21:47.384+0000] {logging_mixin.py:190} INFO - [2025-07-01T21:21:47.384+0000] {dag.py:3239} INFO - Sync 2 DAGs
[2025-07-01T21:21:47.403+0000] {logging_mixin.py:190} INFO - [2025-07-01T21:21:47.403+0000] {dag.py:4180} INFO - Setting next_dagrun for example_external_task_marker_child to None, run_after=None
[2025-07-01T21:21:47.408+0000] {logging_mixin.py:190} INFO - [2025-07-01T21:21:47.408+0000] {dag.py:4180} INFO - Setting next_dagrun for example_external_task_marker_parent to None, run_after=None
[2025-07-01T21:21:47.426+0000] {processor.py:208} INFO - Processing /home/airflow/.local/lib/python3.12/site-packages/airflow/example_dags/example_external_task_marker_dag.py took 0.096 seconds
[2025-07-01T21:22:17.687+0000] {processor.py:186} INFO - Started process (PID=2087) to work on /home/airflow/.local/lib/python3.12/site-packages/airflow/example_dags/example_external_task_marker_dag.py
[2025-07-01T21:22:17.688+0000] {processor.py:914} INFO - Processing file /home/airflow/.local/lib/python3.12/site-packages/airflow/example_dags/example_external_task_marker_dag.py for tasks to queue
[2025-07-01T21:22:17.691+0000] {logging_mixin.py:190} INFO - [2025-07-01T21:22:17.690+0000] {dagbag.py:588} INFO - Filling up the DagBag from /home/airflow/.local/lib/python3.12/site-packages/airflow/example_dags/example_external_task_marker_dag.py
[2025-07-01T21:22:17.702+0000] {processor.py:925} INFO - DAG(s) 'example_external_task_marker_parent', 'example_external_task_marker_child' retrieved from /home/airflow/.local/lib/python3.12/site-packages/airflow/example_dags/example_external_task_marker_dag.py
[2025-07-01T21:22:17.729+0000] {logging_mixin.py:190} INFO - [2025-07-01T21:22:17.728+0000] {dag.py:3239} INFO - Sync 2 DAGs
[2025-07-01T21:22:17.746+0000] {logging_mixin.py:190} INFO - [2025-07-01T21:22:17.746+0000] {dag.py:4180} INFO - Setting next_dagrun for example_external_task_marker_child to None, run_after=None
[2025-07-01T21:22:17.751+0000] {logging_mixin.py:190} INFO - [2025-07-01T21:22:17.751+0000] {dag.py:4180} INFO - Setting next_dagrun for example_external_task_marker_parent to None, run_after=None
[2025-07-01T21:22:17.769+0000] {processor.py:208} INFO - Processing /home/airflow/.local/lib/python3.12/site-packages/airflow/example_dags/example_external_task_marker_dag.py took 0.090 seconds
[2025-07-01T21:22:48.729+0000] {processor.py:186} INFO - Started process (PID=2150) to work on /home/airflow/.local/lib/python3.12/site-packages/airflow/example_dags/example_external_task_marker_dag.py
[2025-07-01T21:22:48.730+0000] {processor.py:914} INFO - Processing file /home/airflow/.local/lib/python3.12/site-packages/airflow/example_dags/example_external_task_marker_dag.py for tasks to queue
[2025-07-01T21:22:48.733+0000] {logging_mixin.py:190} INFO - [2025-07-01T21:22:48.733+0000] {dagbag.py:588} INFO - Filling up the DagBag from /home/airflow/.local/lib/python3.12/site-packages/airflow/example_dags/example_external_task_marker_dag.py
[2025-07-01T21:22:48.744+0000] {processor.py:925} INFO - DAG(s) 'example_external_task_marker_child', 'example_external_task_marker_parent' retrieved from /home/airflow/.local/lib/python3.12/site-packages/airflow/example_dags/example_external_task_marker_dag.py
[2025-07-01T21:22:48.780+0000] {logging_mixin.py:190} INFO - [2025-07-01T21:22:48.780+0000] {dag.py:3239} INFO - Sync 2 DAGs
[2025-07-01T21:22:48.810+0000] {logging_mixin.py:190} INFO - [2025-07-01T21:22:48.809+0000] {dag.py:4180} INFO - Setting next_dagrun for example_external_task_marker_child to None, run_after=None
[2025-07-01T21:22:48.817+0000] {logging_mixin.py:190} INFO - [2025-07-01T21:22:48.817+0000] {dag.py:4180} INFO - Setting next_dagrun for example_external_task_marker_parent to None, run_after=None
[2025-07-01T21:22:48.843+0000] {processor.py:208} INFO - Processing /home/airflow/.local/lib/python3.12/site-packages/airflow/example_dags/example_external_task_marker_dag.py took 0.121 seconds
[2025-07-01T21:23:19.337+0000] {processor.py:186} INFO - Started process (PID=2213) to work on /home/airflow/.local/lib/python3.12/site-packages/airflow/example_dags/example_external_task_marker_dag.py
[2025-07-01T21:23:19.339+0000] {processor.py:914} INFO - Processing file /home/airflow/.local/lib/python3.12/site-packages/airflow/example_dags/example_external_task_marker_dag.py for tasks to queue
[2025-07-01T21:23:19.343+0000] {logging_mixin.py:190} INFO - [2025-07-01T21:23:19.343+0000] {dagbag.py:588} INFO - Filling up the DagBag from /home/airflow/.local/lib/python3.12/site-packages/airflow/example_dags/example_external_task_marker_dag.py
[2025-07-01T21:23:19.365+0000] {processor.py:925} INFO - DAG(s) 'example_external_task_marker_parent', 'example_external_task_marker_child' retrieved from /home/airflow/.local/lib/python3.12/site-packages/airflow/example_dags/example_external_task_marker_dag.py
[2025-07-01T21:23:19.406+0000] {logging_mixin.py:190} INFO - [2025-07-01T21:23:19.405+0000] {dag.py:3239} INFO - Sync 2 DAGs
[2025-07-01T21:23:19.430+0000] {logging_mixin.py:190} INFO - [2025-07-01T21:23:19.430+0000] {dag.py:4180} INFO - Setting next_dagrun for example_external_task_marker_child to None, run_after=None
[2025-07-01T21:23:19.435+0000] {logging_mixin.py:190} INFO - [2025-07-01T21:23:19.434+0000] {dag.py:4180} INFO - Setting next_dagrun for example_external_task_marker_parent to None, run_after=None
[2025-07-01T21:23:19.456+0000] {processor.py:208} INFO - Processing /home/airflow/.local/lib/python3.12/site-packages/airflow/example_dags/example_external_task_marker_dag.py took 0.129 seconds
[2025-07-01T21:23:49.859+0000] {processor.py:186} INFO - Started process (PID=2276) to work on /home/airflow/.local/lib/python3.12/site-packages/airflow/example_dags/example_external_task_marker_dag.py
[2025-07-01T21:23:49.861+0000] {processor.py:914} INFO - Processing file /home/airflow/.local/lib/python3.12/site-packages/airflow/example_dags/example_external_task_marker_dag.py for tasks to queue
[2025-07-01T21:23:49.867+0000] {logging_mixin.py:190} INFO - [2025-07-01T21:23:49.866+0000] {dagbag.py:588} INFO - Filling up the DagBag from /home/airflow/.local/lib/python3.12/site-packages/airflow/example_dags/example_external_task_marker_dag.py
[2025-07-01T21:23:49.883+0000] {processor.py:925} INFO - DAG(s) 'example_external_task_marker_parent', 'example_external_task_marker_child' retrieved from /home/airflow/.local/lib/python3.12/site-packages/airflow/example_dags/example_external_task_marker_dag.py
[2025-07-01T21:23:49.928+0000] {logging_mixin.py:190} INFO - [2025-07-01T21:23:49.928+0000] {dag.py:3239} INFO - Sync 2 DAGs
[2025-07-01T21:23:49.957+0000] {logging_mixin.py:190} INFO - [2025-07-01T21:23:49.956+0000] {dag.py:4180} INFO - Setting next_dagrun for example_external_task_marker_child to None, run_after=None
[2025-07-01T21:23:49.963+0000] {logging_mixin.py:190} INFO - [2025-07-01T21:23:49.963+0000] {dag.py:4180} INFO - Setting next_dagrun for example_external_task_marker_parent to None, run_after=None
[2025-07-01T21:23:49.988+0000] {processor.py:208} INFO - Processing /home/airflow/.local/lib/python3.12/site-packages/airflow/example_dags/example_external_task_marker_dag.py took 0.140 seconds
[2025-07-01T21:24:20.479+0000] {processor.py:186} INFO - Started process (PID=2339) to work on /home/airflow/.local/lib/python3.12/site-packages/airflow/example_dags/example_external_task_marker_dag.py
[2025-07-01T21:24:20.481+0000] {processor.py:914} INFO - Processing file /home/airflow/.local/lib/python3.12/site-packages/airflow/example_dags/example_external_task_marker_dag.py for tasks to queue
[2025-07-01T21:24:20.484+0000] {logging_mixin.py:190} INFO - [2025-07-01T21:24:20.484+0000] {dagbag.py:588} INFO - Filling up the DagBag from /home/airflow/.local/lib/python3.12/site-packages/airflow/example_dags/example_external_task_marker_dag.py
[2025-07-01T21:24:20.495+0000] {processor.py:925} INFO - DAG(s) 'example_external_task_marker_parent', 'example_external_task_marker_child' retrieved from /home/airflow/.local/lib/python3.12/site-packages/airflow/example_dags/example_external_task_marker_dag.py
[2025-07-01T21:24:20.530+0000] {logging_mixin.py:190} INFO - [2025-07-01T21:24:20.530+0000] {dag.py:3239} INFO - Sync 2 DAGs
[2025-07-01T21:24:20.557+0000] {logging_mixin.py:190} INFO - [2025-07-01T21:24:20.557+0000] {dag.py:4180} INFO - Setting next_dagrun for example_external_task_marker_child to None, run_after=None
[2025-07-01T21:24:20.562+0000] {logging_mixin.py:190} INFO - [2025-07-01T21:24:20.562+0000] {dag.py:4180} INFO - Setting next_dagrun for example_external_task_marker_parent to None, run_after=None
[2025-07-01T21:24:20.583+0000] {processor.py:208} INFO - Processing /home/airflow/.local/lib/python3.12/site-packages/airflow/example_dags/example_external_task_marker_dag.py took 0.116 seconds
