[2025-07-01T17:21:02.766+0000] {processor.py:186} INFO - Started process (PID=6302) to work on /home/airflow/.local/lib/python3.12/site-packages/airflow/example_dags/example_branch_labels.py
[2025-07-01T17:21:02.767+0000] {processor.py:914} INFO - Processing file /home/airflow/.local/lib/python3.12/site-packages/airflow/example_dags/example_branch_labels.py for tasks to queue
[2025-07-01T17:21:02.770+0000] {logging_mixin.py:190} INFO - [2025-07-01T17:21:02.770+0000] {dagbag.py:588} INFO - Filling up the DagBag from /home/airflow/.local/lib/python3.12/site-packages/airflow/example_dags/example_branch_labels.py
[2025-07-01T17:21:02.786+0000] {processor.py:925} INFO - DAG(s) 'example_branch_labels' retrieved from /home/airflow/.local/lib/python3.12/site-packages/airflow/example_dags/example_branch_labels.py
[2025-07-01T17:21:02.821+0000] {logging_mixin.py:190} INFO - [2025-07-01T17:21:02.821+0000] {dag.py:3239} INFO - Sync 1 DAGs
[2025-07-01T17:21:02.863+0000] {logging_mixin.py:190} INFO - [2025-07-01T17:21:02.862+0000] {dag.py:4180} INFO - Setting next_dagrun for example_branch_labels to 2025-06-30 00:00:00+00:00, run_after=2025-07-01 00:00:00+00:00
[2025-07-01T17:21:02.896+0000] {processor.py:208} INFO - Processing /home/airflow/.local/lib/python3.12/site-packages/airflow/example_dags/example_branch_labels.py took 0.140 seconds
[2025-07-01T21:05:58.677+0000] {processor.py:186} INFO - Started process (PID=91) to work on /home/airflow/.local/lib/python3.12/site-packages/airflow/example_dags/example_branch_labels.py
[2025-07-01T21:05:58.678+0000] {processor.py:914} INFO - Processing file /home/airflow/.local/lib/python3.12/site-packages/airflow/example_dags/example_branch_labels.py for tasks to queue
[2025-07-01T21:05:58.682+0000] {logging_mixin.py:190} INFO - [2025-07-01T21:05:58.681+0000] {dagbag.py:588} INFO - Filling up the DagBag from /home/airflow/.local/lib/python3.12/site-packages/airflow/example_dags/example_branch_labels.py
[2025-07-01T21:05:58.698+0000] {processor.py:925} INFO - DAG(s) 'example_branch_labels' retrieved from /home/airflow/.local/lib/python3.12/site-packages/airflow/example_dags/example_branch_labels.py
[2025-07-01T21:05:58.734+0000] {logging_mixin.py:190} INFO - [2025-07-01T21:05:58.734+0000] {dag.py:3239} INFO - Sync 1 DAGs
[2025-07-01T21:05:58.781+0000] {logging_mixin.py:190} INFO - [2025-07-01T21:05:58.781+0000] {dag.py:4180} INFO - Setting next_dagrun for example_branch_labels to 2025-06-30 00:00:00+00:00, run_after=2025-07-01 00:00:00+00:00
[2025-07-01T21:05:58.810+0000] {processor.py:208} INFO - Processing /home/airflow/.local/lib/python3.12/site-packages/airflow/example_dags/example_branch_labels.py took 0.143 seconds
[2025-07-01T21:06:29.688+0000] {processor.py:186} INFO - Started process (PID=154) to work on /home/airflow/.local/lib/python3.12/site-packages/airflow/example_dags/example_branch_labels.py
[2025-07-01T21:06:29.689+0000] {processor.py:914} INFO - Processing file /home/airflow/.local/lib/python3.12/site-packages/airflow/example_dags/example_branch_labels.py for tasks to queue
[2025-07-01T21:06:29.691+0000] {logging_mixin.py:190} INFO - [2025-07-01T21:06:29.691+0000] {dagbag.py:588} INFO - Filling up the DagBag from /home/airflow/.local/lib/python3.12/site-packages/airflow/example_dags/example_branch_labels.py
[2025-07-01T21:06:29.702+0000] {processor.py:925} INFO - DAG(s) 'example_branch_labels' retrieved from /home/airflow/.local/lib/python3.12/site-packages/airflow/example_dags/example_branch_labels.py
[2025-07-01T21:06:29.723+0000] {logging_mixin.py:190} INFO - [2025-07-01T21:06:29.723+0000] {dag.py:3239} INFO - Sync 1 DAGs
[2025-07-01T21:06:29.749+0000] {logging_mixin.py:190} INFO - [2025-07-01T21:06:29.749+0000] {dag.py:4180} INFO - Setting next_dagrun for example_branch_labels to 2025-06-30 00:00:00+00:00, run_after=2025-07-01 00:00:00+00:00
[2025-07-01T21:06:29.772+0000] {processor.py:208} INFO - Processing /home/airflow/.local/lib/python3.12/site-packages/airflow/example_dags/example_branch_labels.py took 0.091 seconds
[2025-07-01T21:07:00.842+0000] {processor.py:186} INFO - Started process (PID=217) to work on /home/airflow/.local/lib/python3.12/site-packages/airflow/example_dags/example_branch_labels.py
[2025-07-01T21:07:00.847+0000] {processor.py:914} INFO - Processing file /home/airflow/.local/lib/python3.12/site-packages/airflow/example_dags/example_branch_labels.py for tasks to queue
[2025-07-01T21:07:00.850+0000] {logging_mixin.py:190} INFO - [2025-07-01T21:07:00.850+0000] {dagbag.py:588} INFO - Filling up the DagBag from /home/airflow/.local/lib/python3.12/site-packages/airflow/example_dags/example_branch_labels.py
[2025-07-01T21:07:00.869+0000] {processor.py:925} INFO - DAG(s) 'example_branch_labels' retrieved from /home/airflow/.local/lib/python3.12/site-packages/airflow/example_dags/example_branch_labels.py
[2025-07-01T21:07:00.905+0000] {logging_mixin.py:190} INFO - [2025-07-01T21:07:00.904+0000] {dag.py:3239} INFO - Sync 1 DAGs
[2025-07-01T21:07:00.947+0000] {logging_mixin.py:190} INFO - [2025-07-01T21:07:00.946+0000] {dag.py:4180} INFO - Setting next_dagrun for example_branch_labels to 2025-06-30 00:00:00+00:00, run_after=2025-07-01 00:00:00+00:00
[2025-07-01T21:07:00.976+0000] {processor.py:208} INFO - Processing /home/airflow/.local/lib/python3.12/site-packages/airflow/example_dags/example_branch_labels.py took 0.144 seconds
[2025-07-01T21:07:34.577+0000] {processor.py:186} INFO - Started process (PID=280) to work on /home/airflow/.local/lib/python3.12/site-packages/airflow/example_dags/example_branch_labels.py
[2025-07-01T21:07:34.583+0000] {processor.py:914} INFO - Processing file /home/airflow/.local/lib/python3.12/site-packages/airflow/example_dags/example_branch_labels.py for tasks to queue
[2025-07-01T21:07:34.597+0000] {logging_mixin.py:190} INFO - [2025-07-01T21:07:34.596+0000] {dagbag.py:588} INFO - Filling up the DagBag from /home/airflow/.local/lib/python3.12/site-packages/airflow/example_dags/example_branch_labels.py
[2025-07-01T21:07:34.634+0000] {processor.py:925} INFO - DAG(s) 'example_branch_labels' retrieved from /home/airflow/.local/lib/python3.12/site-packages/airflow/example_dags/example_branch_labels.py
[2025-07-01T21:07:34.713+0000] {logging_mixin.py:190} INFO - [2025-07-01T21:07:34.712+0000] {dag.py:3239} INFO - Sync 1 DAGs
[2025-07-01T21:07:34.905+0000] {logging_mixin.py:190} INFO - [2025-07-01T21:07:34.905+0000] {dag.py:4180} INFO - Setting next_dagrun for example_branch_labels to 2025-06-30 00:00:00+00:00, run_after=2025-07-01 00:00:00+00:00
[2025-07-01T21:07:34.999+0000] {processor.py:208} INFO - Processing /home/airflow/.local/lib/python3.12/site-packages/airflow/example_dags/example_branch_labels.py took 0.443 seconds
[2025-07-01T21:08:05.384+0000] {processor.py:186} INFO - Started process (PID=343) to work on /home/airflow/.local/lib/python3.12/site-packages/airflow/example_dags/example_branch_labels.py
[2025-07-01T21:08:05.389+0000] {processor.py:914} INFO - Processing file /home/airflow/.local/lib/python3.12/site-packages/airflow/example_dags/example_branch_labels.py for tasks to queue
[2025-07-01T21:08:05.394+0000] {logging_mixin.py:190} INFO - [2025-07-01T21:08:05.394+0000] {dagbag.py:588} INFO - Filling up the DagBag from /home/airflow/.local/lib/python3.12/site-packages/airflow/example_dags/example_branch_labels.py
[2025-07-01T21:08:05.436+0000] {processor.py:925} INFO - DAG(s) 'example_branch_labels' retrieved from /home/airflow/.local/lib/python3.12/site-packages/airflow/example_dags/example_branch_labels.py
[2025-07-01T21:08:05.515+0000] {logging_mixin.py:190} INFO - [2025-07-01T21:08:05.515+0000] {dag.py:3239} INFO - Sync 1 DAGs
[2025-07-01T21:08:05.672+0000] {logging_mixin.py:190} INFO - [2025-07-01T21:08:05.671+0000] {dag.py:4180} INFO - Setting next_dagrun for example_branch_labels to 2025-06-30 00:00:00+00:00, run_after=2025-07-01 00:00:00+00:00
[2025-07-01T21:08:05.726+0000] {processor.py:208} INFO - Processing /home/airflow/.local/lib/python3.12/site-packages/airflow/example_dags/example_branch_labels.py took 0.359 seconds
[2025-07-01T21:08:36.453+0000] {processor.py:186} INFO - Started process (PID=406) to work on /home/airflow/.local/lib/python3.12/site-packages/airflow/example_dags/example_branch_labels.py
[2025-07-01T21:08:36.454+0000] {processor.py:914} INFO - Processing file /home/airflow/.local/lib/python3.12/site-packages/airflow/example_dags/example_branch_labels.py for tasks to queue
[2025-07-01T21:08:36.457+0000] {logging_mixin.py:190} INFO - [2025-07-01T21:08:36.456+0000] {dagbag.py:588} INFO - Filling up the DagBag from /home/airflow/.local/lib/python3.12/site-packages/airflow/example_dags/example_branch_labels.py
[2025-07-01T21:08:36.467+0000] {processor.py:925} INFO - DAG(s) 'example_branch_labels' retrieved from /home/airflow/.local/lib/python3.12/site-packages/airflow/example_dags/example_branch_labels.py
[2025-07-01T21:08:36.491+0000] {logging_mixin.py:190} INFO - [2025-07-01T21:08:36.491+0000] {dag.py:3239} INFO - Sync 1 DAGs
[2025-07-01T21:08:36.522+0000] {logging_mixin.py:190} INFO - [2025-07-01T21:08:36.522+0000] {dag.py:4180} INFO - Setting next_dagrun for example_branch_labels to 2025-06-30 00:00:00+00:00, run_after=2025-07-01 00:00:00+00:00
[2025-07-01T21:08:36.545+0000] {processor.py:208} INFO - Processing /home/airflow/.local/lib/python3.12/site-packages/airflow/example_dags/example_branch_labels.py took 0.100 seconds
[2025-07-01T21:09:07.399+0000] {processor.py:186} INFO - Started process (PID=468) to work on /home/airflow/.local/lib/python3.12/site-packages/airflow/example_dags/example_branch_labels.py
[2025-07-01T21:09:07.401+0000] {processor.py:914} INFO - Processing file /home/airflow/.local/lib/python3.12/site-packages/airflow/example_dags/example_branch_labels.py for tasks to queue
[2025-07-01T21:09:07.404+0000] {logging_mixin.py:190} INFO - [2025-07-01T21:09:07.404+0000] {dagbag.py:588} INFO - Filling up the DagBag from /home/airflow/.local/lib/python3.12/site-packages/airflow/example_dags/example_branch_labels.py
[2025-07-01T21:09:07.415+0000] {processor.py:925} INFO - DAG(s) 'example_branch_labels' retrieved from /home/airflow/.local/lib/python3.12/site-packages/airflow/example_dags/example_branch_labels.py
[2025-07-01T21:09:07.438+0000] {logging_mixin.py:190} INFO - [2025-07-01T21:09:07.438+0000] {dag.py:3239} INFO - Sync 1 DAGs
[2025-07-01T21:09:07.470+0000] {logging_mixin.py:190} INFO - [2025-07-01T21:09:07.469+0000] {dag.py:4180} INFO - Setting next_dagrun for example_branch_labels to 2025-06-30 00:00:00+00:00, run_after=2025-07-01 00:00:00+00:00
[2025-07-01T21:09:07.495+0000] {processor.py:208} INFO - Processing /home/airflow/.local/lib/python3.12/site-packages/airflow/example_dags/example_branch_labels.py took 0.103 seconds
[2025-07-01T21:09:38.243+0000] {processor.py:186} INFO - Started process (PID=531) to work on /home/airflow/.local/lib/python3.12/site-packages/airflow/example_dags/example_branch_labels.py
[2025-07-01T21:09:38.244+0000] {processor.py:914} INFO - Processing file /home/airflow/.local/lib/python3.12/site-packages/airflow/example_dags/example_branch_labels.py for tasks to queue
[2025-07-01T21:09:38.247+0000] {logging_mixin.py:190} INFO - [2025-07-01T21:09:38.247+0000] {dagbag.py:588} INFO - Filling up the DagBag from /home/airflow/.local/lib/python3.12/site-packages/airflow/example_dags/example_branch_labels.py
[2025-07-01T21:09:38.263+0000] {processor.py:925} INFO - DAG(s) 'example_branch_labels' retrieved from /home/airflow/.local/lib/python3.12/site-packages/airflow/example_dags/example_branch_labels.py
[2025-07-01T21:09:38.302+0000] {logging_mixin.py:190} INFO - [2025-07-01T21:09:38.302+0000] {dag.py:3239} INFO - Sync 1 DAGs
[2025-07-01T21:09:38.349+0000] {logging_mixin.py:190} INFO - [2025-07-01T21:09:38.349+0000] {dag.py:4180} INFO - Setting next_dagrun for example_branch_labels to 2025-06-30 00:00:00+00:00, run_after=2025-07-01 00:00:00+00:00
[2025-07-01T21:09:38.378+0000] {processor.py:208} INFO - Processing /home/airflow/.local/lib/python3.12/site-packages/airflow/example_dags/example_branch_labels.py took 0.146 seconds
[2025-07-01T21:10:08.832+0000] {processor.py:186} INFO - Started process (PID=594) to work on /home/airflow/.local/lib/python3.12/site-packages/airflow/example_dags/example_branch_labels.py
[2025-07-01T21:10:08.833+0000] {processor.py:914} INFO - Processing file /home/airflow/.local/lib/python3.12/site-packages/airflow/example_dags/example_branch_labels.py for tasks to queue
[2025-07-01T21:10:08.835+0000] {logging_mixin.py:190} INFO - [2025-07-01T21:10:08.835+0000] {dagbag.py:588} INFO - Filling up the DagBag from /home/airflow/.local/lib/python3.12/site-packages/airflow/example_dags/example_branch_labels.py
[2025-07-01T21:10:08.848+0000] {processor.py:925} INFO - DAG(s) 'example_branch_labels' retrieved from /home/airflow/.local/lib/python3.12/site-packages/airflow/example_dags/example_branch_labels.py
[2025-07-01T21:10:08.877+0000] {logging_mixin.py:190} INFO - [2025-07-01T21:10:08.876+0000] {dag.py:3239} INFO - Sync 1 DAGs
[2025-07-01T21:10:08.908+0000] {logging_mixin.py:190} INFO - [2025-07-01T21:10:08.907+0000] {dag.py:4180} INFO - Setting next_dagrun for example_branch_labels to 2025-06-30 00:00:00+00:00, run_after=2025-07-01 00:00:00+00:00
[2025-07-01T21:10:08.929+0000] {processor.py:208} INFO - Processing /home/airflow/.local/lib/python3.12/site-packages/airflow/example_dags/example_branch_labels.py took 0.106 seconds
[2025-07-01T21:10:39.676+0000] {processor.py:186} INFO - Started process (PID=657) to work on /home/airflow/.local/lib/python3.12/site-packages/airflow/example_dags/example_branch_labels.py
[2025-07-01T21:10:39.677+0000] {processor.py:914} INFO - Processing file /home/airflow/.local/lib/python3.12/site-packages/airflow/example_dags/example_branch_labels.py for tasks to queue
[2025-07-01T21:10:39.680+0000] {logging_mixin.py:190} INFO - [2025-07-01T21:10:39.679+0000] {dagbag.py:588} INFO - Filling up the DagBag from /home/airflow/.local/lib/python3.12/site-packages/airflow/example_dags/example_branch_labels.py
[2025-07-01T21:10:39.693+0000] {processor.py:925} INFO - DAG(s) 'example_branch_labels' retrieved from /home/airflow/.local/lib/python3.12/site-packages/airflow/example_dags/example_branch_labels.py
[2025-07-01T21:10:39.723+0000] {logging_mixin.py:190} INFO - [2025-07-01T21:10:39.722+0000] {dag.py:3239} INFO - Sync 1 DAGs
[2025-07-01T21:10:39.759+0000] {logging_mixin.py:190} INFO - [2025-07-01T21:10:39.759+0000] {dag.py:4180} INFO - Setting next_dagrun for example_branch_labels to 2025-06-30 00:00:00+00:00, run_after=2025-07-01 00:00:00+00:00
[2025-07-01T21:10:39.783+0000] {processor.py:208} INFO - Processing /home/airflow/.local/lib/python3.12/site-packages/airflow/example_dags/example_branch_labels.py took 0.114 seconds
[2025-07-01T21:11:10.546+0000] {processor.py:186} INFO - Started process (PID=720) to work on /home/airflow/.local/lib/python3.12/site-packages/airflow/example_dags/example_branch_labels.py
[2025-07-01T21:11:10.547+0000] {processor.py:914} INFO - Processing file /home/airflow/.local/lib/python3.12/site-packages/airflow/example_dags/example_branch_labels.py for tasks to queue
[2025-07-01T21:11:10.549+0000] {logging_mixin.py:190} INFO - [2025-07-01T21:11:10.549+0000] {dagbag.py:588} INFO - Filling up the DagBag from /home/airflow/.local/lib/python3.12/site-packages/airflow/example_dags/example_branch_labels.py
[2025-07-01T21:11:10.560+0000] {processor.py:925} INFO - DAG(s) 'example_branch_labels' retrieved from /home/airflow/.local/lib/python3.12/site-packages/airflow/example_dags/example_branch_labels.py
[2025-07-01T21:11:10.585+0000] {logging_mixin.py:190} INFO - [2025-07-01T21:11:10.584+0000] {dag.py:3239} INFO - Sync 1 DAGs
[2025-07-01T21:11:10.618+0000] {logging_mixin.py:190} INFO - [2025-07-01T21:11:10.617+0000] {dag.py:4180} INFO - Setting next_dagrun for example_branch_labels to 2025-06-30 00:00:00+00:00, run_after=2025-07-01 00:00:00+00:00
[2025-07-01T21:11:10.646+0000] {processor.py:208} INFO - Processing /home/airflow/.local/lib/python3.12/site-packages/airflow/example_dags/example_branch_labels.py took 0.108 seconds
[2025-07-01T21:11:41.330+0000] {processor.py:186} INFO - Started process (PID=783) to work on /home/airflow/.local/lib/python3.12/site-packages/airflow/example_dags/example_branch_labels.py
[2025-07-01T21:11:41.332+0000] {processor.py:914} INFO - Processing file /home/airflow/.local/lib/python3.12/site-packages/airflow/example_dags/example_branch_labels.py for tasks to queue
[2025-07-01T21:11:41.335+0000] {logging_mixin.py:190} INFO - [2025-07-01T21:11:41.335+0000] {dagbag.py:588} INFO - Filling up the DagBag from /home/airflow/.local/lib/python3.12/site-packages/airflow/example_dags/example_branch_labels.py
[2025-07-01T21:11:41.356+0000] {processor.py:925} INFO - DAG(s) 'example_branch_labels' retrieved from /home/airflow/.local/lib/python3.12/site-packages/airflow/example_dags/example_branch_labels.py
[2025-07-01T21:11:41.390+0000] {logging_mixin.py:190} INFO - [2025-07-01T21:11:41.390+0000] {dag.py:3239} INFO - Sync 1 DAGs
[2025-07-01T21:11:41.437+0000] {logging_mixin.py:190} INFO - [2025-07-01T21:11:41.436+0000] {dag.py:4180} INFO - Setting next_dagrun for example_branch_labels to 2025-06-30 00:00:00+00:00, run_after=2025-07-01 00:00:00+00:00
[2025-07-01T21:11:41.465+0000] {processor.py:208} INFO - Processing /home/airflow/.local/lib/python3.12/site-packages/airflow/example_dags/example_branch_labels.py took 0.145 seconds
[2025-07-01T21:12:11.645+0000] {processor.py:186} INFO - Started process (PID=846) to work on /home/airflow/.local/lib/python3.12/site-packages/airflow/example_dags/example_branch_labels.py
[2025-07-01T21:12:11.646+0000] {processor.py:914} INFO - Processing file /home/airflow/.local/lib/python3.12/site-packages/airflow/example_dags/example_branch_labels.py for tasks to queue
[2025-07-01T21:12:11.649+0000] {logging_mixin.py:190} INFO - [2025-07-01T21:12:11.648+0000] {dagbag.py:588} INFO - Filling up the DagBag from /home/airflow/.local/lib/python3.12/site-packages/airflow/example_dags/example_branch_labels.py
[2025-07-01T21:12:11.659+0000] {processor.py:925} INFO - DAG(s) 'example_branch_labels' retrieved from /home/airflow/.local/lib/python3.12/site-packages/airflow/example_dags/example_branch_labels.py
[2025-07-01T21:12:11.698+0000] {logging_mixin.py:190} INFO - [2025-07-01T21:12:11.698+0000] {dag.py:3239} INFO - Sync 1 DAGs
[2025-07-01T21:12:11.729+0000] {logging_mixin.py:190} INFO - [2025-07-01T21:12:11.728+0000] {dag.py:4180} INFO - Setting next_dagrun for example_branch_labels to 2025-06-30 00:00:00+00:00, run_after=2025-07-01 00:00:00+00:00
[2025-07-01T21:12:11.749+0000] {processor.py:208} INFO - Processing /home/airflow/.local/lib/python3.12/site-packages/airflow/example_dags/example_branch_labels.py took 0.112 seconds
[2025-07-01T21:12:42.274+0000] {processor.py:186} INFO - Started process (PID=909) to work on /home/airflow/.local/lib/python3.12/site-packages/airflow/example_dags/example_branch_labels.py
[2025-07-01T21:12:42.275+0000] {processor.py:914} INFO - Processing file /home/airflow/.local/lib/python3.12/site-packages/airflow/example_dags/example_branch_labels.py for tasks to queue
[2025-07-01T21:12:42.278+0000] {logging_mixin.py:190} INFO - [2025-07-01T21:12:42.278+0000] {dagbag.py:588} INFO - Filling up the DagBag from /home/airflow/.local/lib/python3.12/site-packages/airflow/example_dags/example_branch_labels.py
[2025-07-01T21:12:42.291+0000] {processor.py:925} INFO - DAG(s) 'example_branch_labels' retrieved from /home/airflow/.local/lib/python3.12/site-packages/airflow/example_dags/example_branch_labels.py
[2025-07-01T21:12:42.318+0000] {logging_mixin.py:190} INFO - [2025-07-01T21:12:42.318+0000] {dag.py:3239} INFO - Sync 1 DAGs
[2025-07-01T21:12:42.350+0000] {logging_mixin.py:190} INFO - [2025-07-01T21:12:42.349+0000] {dag.py:4180} INFO - Setting next_dagrun for example_branch_labels to 2025-06-30 00:00:00+00:00, run_after=2025-07-01 00:00:00+00:00
[2025-07-01T21:12:42.372+0000] {processor.py:208} INFO - Processing /home/airflow/.local/lib/python3.12/site-packages/airflow/example_dags/example_branch_labels.py took 0.108 seconds
[2025-07-01T21:13:13.105+0000] {processor.py:186} INFO - Started process (PID=972) to work on /home/airflow/.local/lib/python3.12/site-packages/airflow/example_dags/example_branch_labels.py
[2025-07-01T21:13:13.107+0000] {processor.py:914} INFO - Processing file /home/airflow/.local/lib/python3.12/site-packages/airflow/example_dags/example_branch_labels.py for tasks to queue
[2025-07-01T21:13:13.111+0000] {logging_mixin.py:190} INFO - [2025-07-01T21:13:13.110+0000] {dagbag.py:588} INFO - Filling up the DagBag from /home/airflow/.local/lib/python3.12/site-packages/airflow/example_dags/example_branch_labels.py
[2025-07-01T21:13:13.135+0000] {processor.py:925} INFO - DAG(s) 'example_branch_labels' retrieved from /home/airflow/.local/lib/python3.12/site-packages/airflow/example_dags/example_branch_labels.py
[2025-07-01T21:13:13.180+0000] {logging_mixin.py:190} INFO - [2025-07-01T21:13:13.179+0000] {dag.py:3239} INFO - Sync 1 DAGs
[2025-07-01T21:13:13.237+0000] {logging_mixin.py:190} INFO - [2025-07-01T21:13:13.236+0000] {dag.py:4180} INFO - Setting next_dagrun for example_branch_labels to 2025-06-30 00:00:00+00:00, run_after=2025-07-01 00:00:00+00:00
[2025-07-01T21:13:13.274+0000] {processor.py:208} INFO - Processing /home/airflow/.local/lib/python3.12/site-packages/airflow/example_dags/example_branch_labels.py took 0.188 seconds
[2025-07-01T21:13:43.867+0000] {processor.py:186} INFO - Started process (PID=1035) to work on /home/airflow/.local/lib/python3.12/site-packages/airflow/example_dags/example_branch_labels.py
[2025-07-01T21:13:43.868+0000] {processor.py:914} INFO - Processing file /home/airflow/.local/lib/python3.12/site-packages/airflow/example_dags/example_branch_labels.py for tasks to queue
[2025-07-01T21:13:43.870+0000] {logging_mixin.py:190} INFO - [2025-07-01T21:13:43.870+0000] {dagbag.py:588} INFO - Filling up the DagBag from /home/airflow/.local/lib/python3.12/site-packages/airflow/example_dags/example_branch_labels.py
[2025-07-01T21:13:43.882+0000] {processor.py:925} INFO - DAG(s) 'example_branch_labels' retrieved from /home/airflow/.local/lib/python3.12/site-packages/airflow/example_dags/example_branch_labels.py
[2025-07-01T21:13:43.911+0000] {logging_mixin.py:190} INFO - [2025-07-01T21:13:43.911+0000] {dag.py:3239} INFO - Sync 1 DAGs
[2025-07-01T21:13:43.949+0000] {logging_mixin.py:190} INFO - [2025-07-01T21:13:43.949+0000] {dag.py:4180} INFO - Setting next_dagrun for example_branch_labels to 2025-06-30 00:00:00+00:00, run_after=2025-07-01 00:00:00+00:00
[2025-07-01T21:13:43.971+0000] {processor.py:208} INFO - Processing /home/airflow/.local/lib/python3.12/site-packages/airflow/example_dags/example_branch_labels.py took 0.111 seconds
[2025-07-01T21:14:14.759+0000] {processor.py:186} INFO - Started process (PID=1098) to work on /home/airflow/.local/lib/python3.12/site-packages/airflow/example_dags/example_branch_labels.py
[2025-07-01T21:14:14.762+0000] {processor.py:914} INFO - Processing file /home/airflow/.local/lib/python3.12/site-packages/airflow/example_dags/example_branch_labels.py for tasks to queue
[2025-07-01T21:14:14.768+0000] {logging_mixin.py:190} INFO - [2025-07-01T21:14:14.767+0000] {dagbag.py:588} INFO - Filling up the DagBag from /home/airflow/.local/lib/python3.12/site-packages/airflow/example_dags/example_branch_labels.py
[2025-07-01T21:14:14.789+0000] {processor.py:925} INFO - DAG(s) 'example_branch_labels' retrieved from /home/airflow/.local/lib/python3.12/site-packages/airflow/example_dags/example_branch_labels.py
[2025-07-01T21:14:14.829+0000] {logging_mixin.py:190} INFO - [2025-07-01T21:14:14.829+0000] {dag.py:3239} INFO - Sync 1 DAGs
[2025-07-01T21:14:14.882+0000] {logging_mixin.py:190} INFO - [2025-07-01T21:14:14.882+0000] {dag.py:4180} INFO - Setting next_dagrun for example_branch_labels to 2025-06-30 00:00:00+00:00, run_after=2025-07-01 00:00:00+00:00
[2025-07-01T21:14:14.922+0000] {processor.py:208} INFO - Processing /home/airflow/.local/lib/python3.12/site-packages/airflow/example_dags/example_branch_labels.py took 0.172 seconds
[2025-07-01T21:14:45.640+0000] {processor.py:186} INFO - Started process (PID=1161) to work on /home/airflow/.local/lib/python3.12/site-packages/airflow/example_dags/example_branch_labels.py
[2025-07-01T21:14:45.641+0000] {processor.py:914} INFO - Processing file /home/airflow/.local/lib/python3.12/site-packages/airflow/example_dags/example_branch_labels.py for tasks to queue
[2025-07-01T21:14:45.644+0000] {logging_mixin.py:190} INFO - [2025-07-01T21:14:45.643+0000] {dagbag.py:588} INFO - Filling up the DagBag from /home/airflow/.local/lib/python3.12/site-packages/airflow/example_dags/example_branch_labels.py
[2025-07-01T21:14:45.655+0000] {processor.py:925} INFO - DAG(s) 'example_branch_labels' retrieved from /home/airflow/.local/lib/python3.12/site-packages/airflow/example_dags/example_branch_labels.py
[2025-07-01T21:14:45.683+0000] {logging_mixin.py:190} INFO - [2025-07-01T21:14:45.682+0000] {dag.py:3239} INFO - Sync 1 DAGs
[2025-07-01T21:14:45.717+0000] {logging_mixin.py:190} INFO - [2025-07-01T21:14:45.717+0000] {dag.py:4180} INFO - Setting next_dagrun for example_branch_labels to 2025-06-30 00:00:00+00:00, run_after=2025-07-01 00:00:00+00:00
[2025-07-01T21:14:45.742+0000] {processor.py:208} INFO - Processing /home/airflow/.local/lib/python3.12/site-packages/airflow/example_dags/example_branch_labels.py took 0.110 seconds
[2025-07-01T21:15:16.201+0000] {processor.py:186} INFO - Started process (PID=1224) to work on /home/airflow/.local/lib/python3.12/site-packages/airflow/example_dags/example_branch_labels.py
[2025-07-01T21:15:16.202+0000] {processor.py:914} INFO - Processing file /home/airflow/.local/lib/python3.12/site-packages/airflow/example_dags/example_branch_labels.py for tasks to queue
[2025-07-01T21:15:16.205+0000] {logging_mixin.py:190} INFO - [2025-07-01T21:15:16.205+0000] {dagbag.py:588} INFO - Filling up the DagBag from /home/airflow/.local/lib/python3.12/site-packages/airflow/example_dags/example_branch_labels.py
[2025-07-01T21:15:16.219+0000] {processor.py:925} INFO - DAG(s) 'example_branch_labels' retrieved from /home/airflow/.local/lib/python3.12/site-packages/airflow/example_dags/example_branch_labels.py
[2025-07-01T21:15:16.246+0000] {logging_mixin.py:190} INFO - [2025-07-01T21:15:16.246+0000] {dag.py:3239} INFO - Sync 1 DAGs
[2025-07-01T21:15:16.277+0000] {logging_mixin.py:190} INFO - [2025-07-01T21:15:16.277+0000] {dag.py:4180} INFO - Setting next_dagrun for example_branch_labels to 2025-06-30 00:00:00+00:00, run_after=2025-07-01 00:00:00+00:00
[2025-07-01T21:15:16.300+0000] {processor.py:208} INFO - Processing /home/airflow/.local/lib/python3.12/site-packages/airflow/example_dags/example_branch_labels.py took 0.105 seconds
[2025-07-01T21:15:46.775+0000] {processor.py:186} INFO - Started process (PID=1287) to work on /home/airflow/.local/lib/python3.12/site-packages/airflow/example_dags/example_branch_labels.py
[2025-07-01T21:15:46.779+0000] {processor.py:914} INFO - Processing file /home/airflow/.local/lib/python3.12/site-packages/airflow/example_dags/example_branch_labels.py for tasks to queue
[2025-07-01T21:15:46.787+0000] {logging_mixin.py:190} INFO - [2025-07-01T21:15:46.785+0000] {dagbag.py:588} INFO - Filling up the DagBag from /home/airflow/.local/lib/python3.12/site-packages/airflow/example_dags/example_branch_labels.py
[2025-07-01T21:15:46.805+0000] {processor.py:925} INFO - DAG(s) 'example_branch_labels' retrieved from /home/airflow/.local/lib/python3.12/site-packages/airflow/example_dags/example_branch_labels.py
[2025-07-01T21:15:46.861+0000] {logging_mixin.py:190} INFO - [2025-07-01T21:15:46.860+0000] {dag.py:3239} INFO - Sync 1 DAGs
[2025-07-01T21:15:46.918+0000] {logging_mixin.py:190} INFO - [2025-07-01T21:15:46.917+0000] {dag.py:4180} INFO - Setting next_dagrun for example_branch_labels to 2025-06-30 00:00:00+00:00, run_after=2025-07-01 00:00:00+00:00
[2025-07-01T21:15:46.952+0000] {processor.py:208} INFO - Processing /home/airflow/.local/lib/python3.12/site-packages/airflow/example_dags/example_branch_labels.py took 0.192 seconds
[2025-07-01T21:16:17.900+0000] {processor.py:186} INFO - Started process (PID=1350) to work on /home/airflow/.local/lib/python3.12/site-packages/airflow/example_dags/example_branch_labels.py
[2025-07-01T21:16:17.901+0000] {processor.py:914} INFO - Processing file /home/airflow/.local/lib/python3.12/site-packages/airflow/example_dags/example_branch_labels.py for tasks to queue
[2025-07-01T21:16:17.904+0000] {logging_mixin.py:190} INFO - [2025-07-01T21:16:17.903+0000] {dagbag.py:588} INFO - Filling up the DagBag from /home/airflow/.local/lib/python3.12/site-packages/airflow/example_dags/example_branch_labels.py
[2025-07-01T21:16:17.915+0000] {processor.py:925} INFO - DAG(s) 'example_branch_labels' retrieved from /home/airflow/.local/lib/python3.12/site-packages/airflow/example_dags/example_branch_labels.py
[2025-07-01T21:16:17.941+0000] {logging_mixin.py:190} INFO - [2025-07-01T21:16:17.940+0000] {dag.py:3239} INFO - Sync 1 DAGs
[2025-07-01T21:16:17.971+0000] {logging_mixin.py:190} INFO - [2025-07-01T21:16:17.971+0000] {dag.py:4180} INFO - Setting next_dagrun for example_branch_labels to 2025-06-30 00:00:00+00:00, run_after=2025-07-01 00:00:00+00:00
[2025-07-01T21:16:17.997+0000] {processor.py:208} INFO - Processing /home/airflow/.local/lib/python3.12/site-packages/airflow/example_dags/example_branch_labels.py took 0.104 seconds
[2025-07-01T21:16:48.411+0000] {processor.py:186} INFO - Started process (PID=1413) to work on /home/airflow/.local/lib/python3.12/site-packages/airflow/example_dags/example_branch_labels.py
[2025-07-01T21:16:48.419+0000] {processor.py:914} INFO - Processing file /home/airflow/.local/lib/python3.12/site-packages/airflow/example_dags/example_branch_labels.py for tasks to queue
[2025-07-01T21:16:48.423+0000] {logging_mixin.py:190} INFO - [2025-07-01T21:16:48.423+0000] {dagbag.py:588} INFO - Filling up the DagBag from /home/airflow/.local/lib/python3.12/site-packages/airflow/example_dags/example_branch_labels.py
[2025-07-01T21:16:48.437+0000] {processor.py:925} INFO - DAG(s) 'example_branch_labels' retrieved from /home/airflow/.local/lib/python3.12/site-packages/airflow/example_dags/example_branch_labels.py
[2025-07-01T21:16:48.462+0000] {logging_mixin.py:190} INFO - [2025-07-01T21:16:48.462+0000] {dag.py:3239} INFO - Sync 1 DAGs
[2025-07-01T21:16:48.490+0000] {logging_mixin.py:190} INFO - [2025-07-01T21:16:48.490+0000] {dag.py:4180} INFO - Setting next_dagrun for example_branch_labels to 2025-06-30 00:00:00+00:00, run_after=2025-07-01 00:00:00+00:00
[2025-07-01T21:16:48.512+0000] {processor.py:208} INFO - Processing /home/airflow/.local/lib/python3.12/site-packages/airflow/example_dags/example_branch_labels.py took 0.120 seconds
[2025-07-01T21:17:18.684+0000] {processor.py:186} INFO - Started process (PID=1476) to work on /home/airflow/.local/lib/python3.12/site-packages/airflow/example_dags/example_branch_labels.py
[2025-07-01T21:17:18.691+0000] {processor.py:914} INFO - Processing file /home/airflow/.local/lib/python3.12/site-packages/airflow/example_dags/example_branch_labels.py for tasks to queue
[2025-07-01T21:17:18.695+0000] {logging_mixin.py:190} INFO - [2025-07-01T21:17:18.695+0000] {dagbag.py:588} INFO - Filling up the DagBag from /home/airflow/.local/lib/python3.12/site-packages/airflow/example_dags/example_branch_labels.py
[2025-07-01T21:17:18.710+0000] {processor.py:925} INFO - DAG(s) 'example_branch_labels' retrieved from /home/airflow/.local/lib/python3.12/site-packages/airflow/example_dags/example_branch_labels.py
[2025-07-01T21:17:18.739+0000] {logging_mixin.py:190} INFO - [2025-07-01T21:17:18.739+0000] {dag.py:3239} INFO - Sync 1 DAGs
[2025-07-01T21:17:18.773+0000] {logging_mixin.py:190} INFO - [2025-07-01T21:17:18.772+0000] {dag.py:4180} INFO - Setting next_dagrun for example_branch_labels to 2025-06-30 00:00:00+00:00, run_after=2025-07-01 00:00:00+00:00
[2025-07-01T21:17:18.794+0000] {processor.py:208} INFO - Processing /home/airflow/.local/lib/python3.12/site-packages/airflow/example_dags/example_branch_labels.py took 0.122 seconds
[2025-07-01T21:17:49.127+0000] {processor.py:186} INFO - Started process (PID=1539) to work on /home/airflow/.local/lib/python3.12/site-packages/airflow/example_dags/example_branch_labels.py
[2025-07-01T21:17:49.129+0000] {processor.py:914} INFO - Processing file /home/airflow/.local/lib/python3.12/site-packages/airflow/example_dags/example_branch_labels.py for tasks to queue
[2025-07-01T21:17:49.132+0000] {logging_mixin.py:190} INFO - [2025-07-01T21:17:49.131+0000] {dagbag.py:588} INFO - Filling up the DagBag from /home/airflow/.local/lib/python3.12/site-packages/airflow/example_dags/example_branch_labels.py
[2025-07-01T21:17:49.144+0000] {processor.py:925} INFO - DAG(s) 'example_branch_labels' retrieved from /home/airflow/.local/lib/python3.12/site-packages/airflow/example_dags/example_branch_labels.py
[2025-07-01T21:17:49.195+0000] {logging_mixin.py:190} INFO - [2025-07-01T21:17:49.194+0000] {dag.py:3239} INFO - Sync 1 DAGs
[2025-07-01T21:17:49.243+0000] {logging_mixin.py:190} INFO - [2025-07-01T21:17:49.243+0000] {dag.py:4180} INFO - Setting next_dagrun for example_branch_labels to 2025-06-30 00:00:00+00:00, run_after=2025-07-01 00:00:00+00:00
[2025-07-01T21:17:49.267+0000] {processor.py:208} INFO - Processing /home/airflow/.local/lib/python3.12/site-packages/airflow/example_dags/example_branch_labels.py took 0.149 seconds
[2025-07-01T21:18:19.528+0000] {processor.py:186} INFO - Started process (PID=1602) to work on /home/airflow/.local/lib/python3.12/site-packages/airflow/example_dags/example_branch_labels.py
[2025-07-01T21:18:19.529+0000] {processor.py:914} INFO - Processing file /home/airflow/.local/lib/python3.12/site-packages/airflow/example_dags/example_branch_labels.py for tasks to queue
[2025-07-01T21:18:19.532+0000] {logging_mixin.py:190} INFO - [2025-07-01T21:18:19.532+0000] {dagbag.py:588} INFO - Filling up the DagBag from /home/airflow/.local/lib/python3.12/site-packages/airflow/example_dags/example_branch_labels.py
[2025-07-01T21:18:19.543+0000] {processor.py:925} INFO - DAG(s) 'example_branch_labels' retrieved from /home/airflow/.local/lib/python3.12/site-packages/airflow/example_dags/example_branch_labels.py
[2025-07-01T21:18:19.565+0000] {logging_mixin.py:190} INFO - [2025-07-01T21:18:19.565+0000] {dag.py:3239} INFO - Sync 1 DAGs
[2025-07-01T21:18:19.590+0000] {logging_mixin.py:190} INFO - [2025-07-01T21:18:19.590+0000] {dag.py:4180} INFO - Setting next_dagrun for example_branch_labels to 2025-06-30 00:00:00+00:00, run_after=2025-07-01 00:00:00+00:00
[2025-07-01T21:18:19.609+0000] {processor.py:208} INFO - Processing /home/airflow/.local/lib/python3.12/site-packages/airflow/example_dags/example_branch_labels.py took 0.088 seconds
[2025-07-01T21:18:50.895+0000] {processor.py:186} INFO - Started process (PID=1665) to work on /home/airflow/.local/lib/python3.12/site-packages/airflow/example_dags/example_branch_labels.py
[2025-07-01T21:18:50.896+0000] {processor.py:914} INFO - Processing file /home/airflow/.local/lib/python3.12/site-packages/airflow/example_dags/example_branch_labels.py for tasks to queue
[2025-07-01T21:18:50.899+0000] {logging_mixin.py:190} INFO - [2025-07-01T21:18:50.899+0000] {dagbag.py:588} INFO - Filling up the DagBag from /home/airflow/.local/lib/python3.12/site-packages/airflow/example_dags/example_branch_labels.py
[2025-07-01T21:18:50.911+0000] {processor.py:925} INFO - DAG(s) 'example_branch_labels' retrieved from /home/airflow/.local/lib/python3.12/site-packages/airflow/example_dags/example_branch_labels.py
[2025-07-01T21:18:50.936+0000] {logging_mixin.py:190} INFO - [2025-07-01T21:18:50.935+0000] {dag.py:3239} INFO - Sync 1 DAGs
[2025-07-01T21:18:50.966+0000] {logging_mixin.py:190} INFO - [2025-07-01T21:18:50.966+0000] {dag.py:4180} INFO - Setting next_dagrun for example_branch_labels to 2025-06-30 00:00:00+00:00, run_after=2025-07-01 00:00:00+00:00
[2025-07-01T21:18:50.986+0000] {processor.py:208} INFO - Processing /home/airflow/.local/lib/python3.12/site-packages/airflow/example_dags/example_branch_labels.py took 0.097 seconds
[2025-07-01T21:19:22.262+0000] {processor.py:186} INFO - Started process (PID=1734) to work on /home/airflow/.local/lib/python3.12/site-packages/airflow/example_dags/example_branch_labels.py
[2025-07-01T21:19:22.263+0000] {processor.py:914} INFO - Processing file /home/airflow/.local/lib/python3.12/site-packages/airflow/example_dags/example_branch_labels.py for tasks to queue
[2025-07-01T21:19:22.266+0000] {logging_mixin.py:190} INFO - [2025-07-01T21:19:22.266+0000] {dagbag.py:588} INFO - Filling up the DagBag from /home/airflow/.local/lib/python3.12/site-packages/airflow/example_dags/example_branch_labels.py
[2025-07-01T21:19:22.282+0000] {processor.py:925} INFO - DAG(s) 'example_branch_labels' retrieved from /home/airflow/.local/lib/python3.12/site-packages/airflow/example_dags/example_branch_labels.py
[2025-07-01T21:19:22.308+0000] {logging_mixin.py:190} INFO - [2025-07-01T21:19:22.308+0000] {dag.py:3239} INFO - Sync 1 DAGs
[2025-07-01T21:19:22.338+0000] {logging_mixin.py:190} INFO - [2025-07-01T21:19:22.338+0000] {dag.py:4180} INFO - Setting next_dagrun for example_branch_labels to 2025-06-30 00:00:00+00:00, run_after=2025-07-01 00:00:00+00:00
[2025-07-01T21:19:22.373+0000] {processor.py:208} INFO - Processing /home/airflow/.local/lib/python3.12/site-packages/airflow/example_dags/example_branch_labels.py took 0.121 seconds
[2025-07-01T21:19:53.479+0000] {processor.py:186} INFO - Started process (PID=1797) to work on /home/airflow/.local/lib/python3.12/site-packages/airflow/example_dags/example_branch_labels.py
[2025-07-01T21:19:53.480+0000] {processor.py:914} INFO - Processing file /home/airflow/.local/lib/python3.12/site-packages/airflow/example_dags/example_branch_labels.py for tasks to queue
[2025-07-01T21:19:53.483+0000] {logging_mixin.py:190} INFO - [2025-07-01T21:19:53.482+0000] {dagbag.py:588} INFO - Filling up the DagBag from /home/airflow/.local/lib/python3.12/site-packages/airflow/example_dags/example_branch_labels.py
[2025-07-01T21:19:53.495+0000] {processor.py:925} INFO - DAG(s) 'example_branch_labels' retrieved from /home/airflow/.local/lib/python3.12/site-packages/airflow/example_dags/example_branch_labels.py
[2025-07-01T21:19:53.529+0000] {logging_mixin.py:190} INFO - [2025-07-01T21:19:53.529+0000] {dag.py:3239} INFO - Sync 1 DAGs
[2025-07-01T21:19:53.571+0000] {logging_mixin.py:190} INFO - [2025-07-01T21:19:53.571+0000] {dag.py:4180} INFO - Setting next_dagrun for example_branch_labels to 2025-06-30 00:00:00+00:00, run_after=2025-07-01 00:00:00+00:00
[2025-07-01T21:19:53.599+0000] {processor.py:208} INFO - Processing /home/airflow/.local/lib/python3.12/site-packages/airflow/example_dags/example_branch_labels.py took 0.131 seconds
[2025-07-01T21:20:24.673+0000] {processor.py:186} INFO - Started process (PID=1860) to work on /home/airflow/.local/lib/python3.12/site-packages/airflow/example_dags/example_branch_labels.py
[2025-07-01T21:20:24.674+0000] {processor.py:914} INFO - Processing file /home/airflow/.local/lib/python3.12/site-packages/airflow/example_dags/example_branch_labels.py for tasks to queue
[2025-07-01T21:20:24.678+0000] {logging_mixin.py:190} INFO - [2025-07-01T21:20:24.678+0000] {dagbag.py:588} INFO - Filling up the DagBag from /home/airflow/.local/lib/python3.12/site-packages/airflow/example_dags/example_branch_labels.py
[2025-07-01T21:20:24.694+0000] {processor.py:925} INFO - DAG(s) 'example_branch_labels' retrieved from /home/airflow/.local/lib/python3.12/site-packages/airflow/example_dags/example_branch_labels.py
[2025-07-01T21:20:24.728+0000] {logging_mixin.py:190} INFO - [2025-07-01T21:20:24.727+0000] {dag.py:3239} INFO - Sync 1 DAGs
[2025-07-01T21:20:24.772+0000] {logging_mixin.py:190} INFO - [2025-07-01T21:20:24.772+0000] {dag.py:4180} INFO - Setting next_dagrun for example_branch_labels to 2025-06-30 00:00:00+00:00, run_after=2025-07-01 00:00:00+00:00
[2025-07-01T21:20:24.797+0000] {processor.py:208} INFO - Processing /home/airflow/.local/lib/python3.12/site-packages/airflow/example_dags/example_branch_labels.py took 0.133 seconds
[2025-07-01T21:20:56.158+0000] {processor.py:186} INFO - Started process (PID=1923) to work on /home/airflow/.local/lib/python3.12/site-packages/airflow/example_dags/example_branch_labels.py
[2025-07-01T21:20:56.159+0000] {processor.py:914} INFO - Processing file /home/airflow/.local/lib/python3.12/site-packages/airflow/example_dags/example_branch_labels.py for tasks to queue
[2025-07-01T21:20:56.161+0000] {logging_mixin.py:190} INFO - [2025-07-01T21:20:56.161+0000] {dagbag.py:588} INFO - Filling up the DagBag from /home/airflow/.local/lib/python3.12/site-packages/airflow/example_dags/example_branch_labels.py
[2025-07-01T21:20:56.173+0000] {processor.py:925} INFO - DAG(s) 'example_branch_labels' retrieved from /home/airflow/.local/lib/python3.12/site-packages/airflow/example_dags/example_branch_labels.py
[2025-07-01T21:20:56.203+0000] {logging_mixin.py:190} INFO - [2025-07-01T21:20:56.202+0000] {dag.py:3239} INFO - Sync 1 DAGs
[2025-07-01T21:20:56.239+0000] {logging_mixin.py:190} INFO - [2025-07-01T21:20:56.239+0000] {dag.py:4180} INFO - Setting next_dagrun for example_branch_labels to 2025-06-30 00:00:00+00:00, run_after=2025-07-01 00:00:00+00:00
[2025-07-01T21:20:56.260+0000] {processor.py:208} INFO - Processing /home/airflow/.local/lib/python3.12/site-packages/airflow/example_dags/example_branch_labels.py took 0.109 seconds
[2025-07-01T21:21:26.887+0000] {processor.py:186} INFO - Started process (PID=1986) to work on /home/airflow/.local/lib/python3.12/site-packages/airflow/example_dags/example_branch_labels.py
[2025-07-01T21:21:26.888+0000] {processor.py:914} INFO - Processing file /home/airflow/.local/lib/python3.12/site-packages/airflow/example_dags/example_branch_labels.py for tasks to queue
[2025-07-01T21:21:26.891+0000] {logging_mixin.py:190} INFO - [2025-07-01T21:21:26.890+0000] {dagbag.py:588} INFO - Filling up the DagBag from /home/airflow/.local/lib/python3.12/site-packages/airflow/example_dags/example_branch_labels.py
[2025-07-01T21:21:26.904+0000] {processor.py:925} INFO - DAG(s) 'example_branch_labels' retrieved from /home/airflow/.local/lib/python3.12/site-packages/airflow/example_dags/example_branch_labels.py
[2025-07-01T21:21:26.935+0000] {logging_mixin.py:190} INFO - [2025-07-01T21:21:26.935+0000] {dag.py:3239} INFO - Sync 1 DAGs
[2025-07-01T21:21:26.975+0000] {logging_mixin.py:190} INFO - [2025-07-01T21:21:26.974+0000] {dag.py:4180} INFO - Setting next_dagrun for example_branch_labels to 2025-06-30 00:00:00+00:00, run_after=2025-07-01 00:00:00+00:00
[2025-07-01T21:21:27.003+0000] {processor.py:208} INFO - Processing /home/airflow/.local/lib/python3.12/site-packages/airflow/example_dags/example_branch_labels.py took 0.124 seconds
[2025-07-01T21:21:58.380+0000] {processor.py:186} INFO - Started process (PID=2049) to work on /home/airflow/.local/lib/python3.12/site-packages/airflow/example_dags/example_branch_labels.py
[2025-07-01T21:21:58.381+0000] {processor.py:914} INFO - Processing file /home/airflow/.local/lib/python3.12/site-packages/airflow/example_dags/example_branch_labels.py for tasks to queue
[2025-07-01T21:21:58.384+0000] {logging_mixin.py:190} INFO - [2025-07-01T21:21:58.384+0000] {dagbag.py:588} INFO - Filling up the DagBag from /home/airflow/.local/lib/python3.12/site-packages/airflow/example_dags/example_branch_labels.py
[2025-07-01T21:21:58.395+0000] {processor.py:925} INFO - DAG(s) 'example_branch_labels' retrieved from /home/airflow/.local/lib/python3.12/site-packages/airflow/example_dags/example_branch_labels.py
[2025-07-01T21:21:58.419+0000] {logging_mixin.py:190} INFO - [2025-07-01T21:21:58.419+0000] {dag.py:3239} INFO - Sync 1 DAGs
[2025-07-01T21:21:58.448+0000] {logging_mixin.py:190} INFO - [2025-07-01T21:21:58.447+0000] {dag.py:4180} INFO - Setting next_dagrun for example_branch_labels to 2025-06-30 00:00:00+00:00, run_after=2025-07-01 00:00:00+00:00
[2025-07-01T21:21:58.476+0000] {processor.py:208} INFO - Processing /home/airflow/.local/lib/python3.12/site-packages/airflow/example_dags/example_branch_labels.py took 0.102 seconds
[2025-07-01T21:22:29.685+0000] {processor.py:186} INFO - Started process (PID=2112) to work on /home/airflow/.local/lib/python3.12/site-packages/airflow/example_dags/example_branch_labels.py
[2025-07-01T21:22:29.687+0000] {processor.py:914} INFO - Processing file /home/airflow/.local/lib/python3.12/site-packages/airflow/example_dags/example_branch_labels.py for tasks to queue
[2025-07-01T21:22:29.689+0000] {logging_mixin.py:190} INFO - [2025-07-01T21:22:29.689+0000] {dagbag.py:588} INFO - Filling up the DagBag from /home/airflow/.local/lib/python3.12/site-packages/airflow/example_dags/example_branch_labels.py
[2025-07-01T21:22:29.699+0000] {processor.py:925} INFO - DAG(s) 'example_branch_labels' retrieved from /home/airflow/.local/lib/python3.12/site-packages/airflow/example_dags/example_branch_labels.py
[2025-07-01T21:22:29.721+0000] {logging_mixin.py:190} INFO - [2025-07-01T21:22:29.721+0000] {dag.py:3239} INFO - Sync 1 DAGs
[2025-07-01T21:22:29.748+0000] {logging_mixin.py:190} INFO - [2025-07-01T21:22:29.748+0000] {dag.py:4180} INFO - Setting next_dagrun for example_branch_labels to 2025-06-30 00:00:00+00:00, run_after=2025-07-01 00:00:00+00:00
[2025-07-01T21:22:29.770+0000] {processor.py:208} INFO - Processing /home/airflow/.local/lib/python3.12/site-packages/airflow/example_dags/example_branch_labels.py took 0.091 seconds
[2025-07-01T21:23:01.171+0000] {processor.py:186} INFO - Started process (PID=2175) to work on /home/airflow/.local/lib/python3.12/site-packages/airflow/example_dags/example_branch_labels.py
[2025-07-01T21:23:01.173+0000] {processor.py:914} INFO - Processing file /home/airflow/.local/lib/python3.12/site-packages/airflow/example_dags/example_branch_labels.py for tasks to queue
[2025-07-01T21:23:01.176+0000] {logging_mixin.py:190} INFO - [2025-07-01T21:23:01.176+0000] {dagbag.py:588} INFO - Filling up the DagBag from /home/airflow/.local/lib/python3.12/site-packages/airflow/example_dags/example_branch_labels.py
[2025-07-01T21:23:01.195+0000] {processor.py:925} INFO - DAG(s) 'example_branch_labels' retrieved from /home/airflow/.local/lib/python3.12/site-packages/airflow/example_dags/example_branch_labels.py
[2025-07-01T21:23:01.226+0000] {logging_mixin.py:190} INFO - [2025-07-01T21:23:01.226+0000] {dag.py:3239} INFO - Sync 1 DAGs
[2025-07-01T21:23:01.264+0000] {logging_mixin.py:190} INFO - [2025-07-01T21:23:01.263+0000] {dag.py:4180} INFO - Setting next_dagrun for example_branch_labels to 2025-06-30 00:00:00+00:00, run_after=2025-07-01 00:00:00+00:00
[2025-07-01T21:23:01.290+0000] {processor.py:208} INFO - Processing /home/airflow/.local/lib/python3.12/site-packages/airflow/example_dags/example_branch_labels.py took 0.125 seconds
[2025-07-01T21:23:32.452+0000] {processor.py:186} INFO - Started process (PID=2238) to work on /home/airflow/.local/lib/python3.12/site-packages/airflow/example_dags/example_branch_labels.py
[2025-07-01T21:23:32.454+0000] {processor.py:914} INFO - Processing file /home/airflow/.local/lib/python3.12/site-packages/airflow/example_dags/example_branch_labels.py for tasks to queue
[2025-07-01T21:23:32.457+0000] {logging_mixin.py:190} INFO - [2025-07-01T21:23:32.457+0000] {dagbag.py:588} INFO - Filling up the DagBag from /home/airflow/.local/lib/python3.12/site-packages/airflow/example_dags/example_branch_labels.py
[2025-07-01T21:23:32.473+0000] {processor.py:925} INFO - DAG(s) 'example_branch_labels' retrieved from /home/airflow/.local/lib/python3.12/site-packages/airflow/example_dags/example_branch_labels.py
[2025-07-01T21:23:32.499+0000] {logging_mixin.py:190} INFO - [2025-07-01T21:23:32.499+0000] {dag.py:3239} INFO - Sync 1 DAGs
[2025-07-01T21:23:32.526+0000] {logging_mixin.py:190} INFO - [2025-07-01T21:23:32.526+0000] {dag.py:4180} INFO - Setting next_dagrun for example_branch_labels to 2025-06-30 00:00:00+00:00, run_after=2025-07-01 00:00:00+00:00
[2025-07-01T21:23:32.546+0000] {processor.py:208} INFO - Processing /home/airflow/.local/lib/python3.12/site-packages/airflow/example_dags/example_branch_labels.py took 0.104 seconds
[2025-07-01T21:24:04.034+0000] {processor.py:186} INFO - Started process (PID=2301) to work on /home/airflow/.local/lib/python3.12/site-packages/airflow/example_dags/example_branch_labels.py
[2025-07-01T21:24:04.037+0000] {processor.py:914} INFO - Processing file /home/airflow/.local/lib/python3.12/site-packages/airflow/example_dags/example_branch_labels.py for tasks to queue
[2025-07-01T21:24:04.040+0000] {logging_mixin.py:190} INFO - [2025-07-01T21:24:04.039+0000] {dagbag.py:588} INFO - Filling up the DagBag from /home/airflow/.local/lib/python3.12/site-packages/airflow/example_dags/example_branch_labels.py
[2025-07-01T21:24:04.054+0000] {processor.py:925} INFO - DAG(s) 'example_branch_labels' retrieved from /home/airflow/.local/lib/python3.12/site-packages/airflow/example_dags/example_branch_labels.py
[2025-07-01T21:24:04.078+0000] {logging_mixin.py:190} INFO - [2025-07-01T21:24:04.078+0000] {dag.py:3239} INFO - Sync 1 DAGs
[2025-07-01T21:24:04.108+0000] {logging_mixin.py:190} INFO - [2025-07-01T21:24:04.108+0000] {dag.py:4180} INFO - Setting next_dagrun for example_branch_labels to 2025-06-30 00:00:00+00:00, run_after=2025-07-01 00:00:00+00:00
[2025-07-01T21:24:04.133+0000] {processor.py:208} INFO - Processing /home/airflow/.local/lib/python3.12/site-packages/airflow/example_dags/example_branch_labels.py took 0.111 seconds
