[2025-07-01T17:20:58.289+0000] {processor.py:186} INFO - Started process (PID=6277) to work on /home/airflow/.local/lib/python3.12/site-packages/airflow/example_dags/example_workday_timetable.py
[2025-07-01T17:20:58.291+0000] {processor.py:914} INFO - Processing file /home/airflow/.local/lib/python3.12/site-packages/airflow/example_dags/example_workday_timetable.py for tasks to queue
[2025-07-01T17:20:58.297+0000] {logging_mixin.py:190} INFO - [2025-07-01T17:20:58.296+0000] {dagbag.py:588} INFO - Filling up the DagBag from /home/airflow/.local/lib/python3.12/site-packages/airflow/example_dags/example_workday_timetable.py
[2025-07-01T17:20:58.318+0000] {processor.py:925} INFO - DAG(s) 'example_workday_timetable' retrieved from /home/airflow/.local/lib/python3.12/site-packages/airflow/example_dags/example_workday_timetable.py
[2025-07-01T17:20:58.378+0000] {logging_mixin.py:190} INFO - [2025-07-01T17:20:58.377+0000] {dag.py:3239} INFO - Sync 1 DAGs
[2025-07-01T17:20:58.567+0000] {logging_mixin.py:190} INFO - [2025-07-01T17:20:58.567+0000] {dag.py:4180} INFO - Setting next_dagrun for example_workday_timetable to 2021-01-04 00:00:00+00:00, run_after=2021-01-05 00:00:00+00:00
[2025-07-01T17:20:58.605+0000] {processor.py:208} INFO - Processing /home/airflow/.local/lib/python3.12/site-packages/airflow/example_dags/example_workday_timetable.py took 0.336 seconds
[2025-07-01T21:05:54.692+0000] {processor.py:186} INFO - Started process (PID=66) to work on /home/airflow/.local/lib/python3.12/site-packages/airflow/example_dags/example_workday_timetable.py
[2025-07-01T21:05:54.701+0000] {processor.py:914} INFO - Processing file /home/airflow/.local/lib/python3.12/site-packages/airflow/example_dags/example_workday_timetable.py for tasks to queue
[2025-07-01T21:05:54.710+0000] {logging_mixin.py:190} INFO - [2025-07-01T21:05:54.710+0000] {dagbag.py:588} INFO - Filling up the DagBag from /home/airflow/.local/lib/python3.12/site-packages/airflow/example_dags/example_workday_timetable.py
[2025-07-01T21:05:54.732+0000] {processor.py:925} INFO - DAG(s) 'example_workday_timetable' retrieved from /home/airflow/.local/lib/python3.12/site-packages/airflow/example_dags/example_workday_timetable.py
[2025-07-01T21:05:54.791+0000] {logging_mixin.py:190} INFO - [2025-07-01T21:05:54.790+0000] {dag.py:3239} INFO - Sync 1 DAGs
[2025-07-01T21:05:54.956+0000] {logging_mixin.py:190} INFO - [2025-07-01T21:05:54.956+0000] {dag.py:4180} INFO - Setting next_dagrun for example_workday_timetable to 2021-01-04 00:00:00+00:00, run_after=2021-01-05 00:00:00+00:00
[2025-07-01T21:05:55.004+0000] {processor.py:208} INFO - Processing /home/airflow/.local/lib/python3.12/site-packages/airflow/example_dags/example_workday_timetable.py took 0.341 seconds
[2025-07-01T21:06:25.629+0000] {processor.py:186} INFO - Started process (PID=129) to work on /home/airflow/.local/lib/python3.12/site-packages/airflow/example_dags/example_workday_timetable.py
[2025-07-01T21:06:25.630+0000] {processor.py:914} INFO - Processing file /home/airflow/.local/lib/python3.12/site-packages/airflow/example_dags/example_workday_timetable.py for tasks to queue
[2025-07-01T21:06:25.633+0000] {logging_mixin.py:190} INFO - [2025-07-01T21:06:25.633+0000] {dagbag.py:588} INFO - Filling up the DagBag from /home/airflow/.local/lib/python3.12/site-packages/airflow/example_dags/example_workday_timetable.py
[2025-07-01T21:06:25.640+0000] {processor.py:925} INFO - DAG(s) 'example_workday_timetable' retrieved from /home/airflow/.local/lib/python3.12/site-packages/airflow/example_dags/example_workday_timetable.py
[2025-07-01T21:06:25.665+0000] {logging_mixin.py:190} INFO - [2025-07-01T21:06:25.665+0000] {dag.py:3239} INFO - Sync 1 DAGs
[2025-07-01T21:06:25.775+0000] {logging_mixin.py:190} INFO - [2025-07-01T21:06:25.775+0000] {dag.py:4180} INFO - Setting next_dagrun for example_workday_timetable to 2021-01-04 00:00:00+00:00, run_after=2021-01-05 00:00:00+00:00
[2025-07-01T21:06:25.812+0000] {processor.py:208} INFO - Processing /home/airflow/.local/lib/python3.12/site-packages/airflow/example_dags/example_workday_timetable.py took 0.190 seconds
[2025-07-01T21:06:56.449+0000] {processor.py:186} INFO - Started process (PID=192) to work on /home/airflow/.local/lib/python3.12/site-packages/airflow/example_dags/example_workday_timetable.py
[2025-07-01T21:06:56.453+0000] {processor.py:914} INFO - Processing file /home/airflow/.local/lib/python3.12/site-packages/airflow/example_dags/example_workday_timetable.py for tasks to queue
[2025-07-01T21:06:56.463+0000] {logging_mixin.py:190} INFO - [2025-07-01T21:06:56.462+0000] {dagbag.py:588} INFO - Filling up the DagBag from /home/airflow/.local/lib/python3.12/site-packages/airflow/example_dags/example_workday_timetable.py
[2025-07-01T21:06:56.481+0000] {processor.py:925} INFO - DAG(s) 'example_workday_timetable' retrieved from /home/airflow/.local/lib/python3.12/site-packages/airflow/example_dags/example_workday_timetable.py
[2025-07-01T21:06:56.520+0000] {logging_mixin.py:190} INFO - [2025-07-01T21:06:56.520+0000] {dag.py:3239} INFO - Sync 1 DAGs
[2025-07-01T21:06:56.742+0000] {logging_mixin.py:190} INFO - [2025-07-01T21:06:56.742+0000] {dag.py:4180} INFO - Setting next_dagrun for example_workday_timetable to 2021-01-04 00:00:00+00:00, run_after=2021-01-05 00:00:00+00:00
[2025-07-01T21:06:56.784+0000] {processor.py:208} INFO - Processing /home/airflow/.local/lib/python3.12/site-packages/airflow/example_dags/example_workday_timetable.py took 0.348 seconds
[2025-07-01T21:07:26.947+0000] {processor.py:186} INFO - Started process (PID=255) to work on /home/airflow/.local/lib/python3.12/site-packages/airflow/example_dags/example_workday_timetable.py
[2025-07-01T21:07:26.958+0000] {processor.py:914} INFO - Processing file /home/airflow/.local/lib/python3.12/site-packages/airflow/example_dags/example_workday_timetable.py for tasks to queue
[2025-07-01T21:07:26.969+0000] {logging_mixin.py:190} INFO - [2025-07-01T21:07:26.969+0000] {dagbag.py:588} INFO - Filling up the DagBag from /home/airflow/.local/lib/python3.12/site-packages/airflow/example_dags/example_workday_timetable.py
[2025-07-01T21:07:27.000+0000] {processor.py:925} INFO - DAG(s) 'example_workday_timetable' retrieved from /home/airflow/.local/lib/python3.12/site-packages/airflow/example_dags/example_workday_timetable.py
[2025-07-01T21:07:27.091+0000] {logging_mixin.py:190} INFO - [2025-07-01T21:07:27.091+0000] {dag.py:3239} INFO - Sync 1 DAGs
[2025-07-01T21:07:27.391+0000] {logging_mixin.py:190} INFO - [2025-07-01T21:07:27.391+0000] {dag.py:4180} INFO - Setting next_dagrun for example_workday_timetable to 2021-01-04 00:00:00+00:00, run_after=2021-01-05 00:00:00+00:00
[2025-07-01T21:07:27.462+0000] {processor.py:208} INFO - Processing /home/airflow/.local/lib/python3.12/site-packages/airflow/example_dags/example_workday_timetable.py took 0.548 seconds
[2025-07-01T21:07:58.111+0000] {processor.py:186} INFO - Started process (PID=318) to work on /home/airflow/.local/lib/python3.12/site-packages/airflow/example_dags/example_workday_timetable.py
[2025-07-01T21:07:58.114+0000] {processor.py:914} INFO - Processing file /home/airflow/.local/lib/python3.12/site-packages/airflow/example_dags/example_workday_timetable.py for tasks to queue
[2025-07-01T21:07:58.120+0000] {logging_mixin.py:190} INFO - [2025-07-01T21:07:58.120+0000] {dagbag.py:588} INFO - Filling up the DagBag from /home/airflow/.local/lib/python3.12/site-packages/airflow/example_dags/example_workday_timetable.py
[2025-07-01T21:07:58.134+0000] {processor.py:925} INFO - DAG(s) 'example_workday_timetable' retrieved from /home/airflow/.local/lib/python3.12/site-packages/airflow/example_dags/example_workday_timetable.py
[2025-07-01T21:07:58.186+0000] {logging_mixin.py:190} INFO - [2025-07-01T21:07:58.185+0000] {dag.py:3239} INFO - Sync 1 DAGs
[2025-07-01T21:07:58.411+0000] {logging_mixin.py:190} INFO - [2025-07-01T21:07:58.411+0000] {dag.py:4180} INFO - Setting next_dagrun for example_workday_timetable to 2021-01-04 00:00:00+00:00, run_after=2021-01-05 00:00:00+00:00
[2025-07-01T21:07:58.471+0000] {processor.py:208} INFO - Processing /home/airflow/.local/lib/python3.12/site-packages/airflow/example_dags/example_workday_timetable.py took 0.375 seconds
[2025-07-01T21:08:28.519+0000] {processor.py:186} INFO - Started process (PID=381) to work on /home/airflow/.local/lib/python3.12/site-packages/airflow/example_dags/example_workday_timetable.py
[2025-07-01T21:08:28.520+0000] {processor.py:914} INFO - Processing file /home/airflow/.local/lib/python3.12/site-packages/airflow/example_dags/example_workday_timetable.py for tasks to queue
[2025-07-01T21:08:28.523+0000] {logging_mixin.py:190} INFO - [2025-07-01T21:08:28.522+0000] {dagbag.py:588} INFO - Filling up the DagBag from /home/airflow/.local/lib/python3.12/site-packages/airflow/example_dags/example_workday_timetable.py
[2025-07-01T21:08:28.529+0000] {processor.py:925} INFO - DAG(s) 'example_workday_timetable' retrieved from /home/airflow/.local/lib/python3.12/site-packages/airflow/example_dags/example_workday_timetable.py
[2025-07-01T21:08:28.553+0000] {logging_mixin.py:190} INFO - [2025-07-01T21:08:28.553+0000] {dag.py:3239} INFO - Sync 1 DAGs
[2025-07-01T21:08:28.635+0000] {logging_mixin.py:190} INFO - [2025-07-01T21:08:28.634+0000] {dag.py:4180} INFO - Setting next_dagrun for example_workday_timetable to 2021-01-04 00:00:00+00:00, run_after=2021-01-05 00:00:00+00:00
[2025-07-01T21:08:28.660+0000] {processor.py:208} INFO - Processing /home/airflow/.local/lib/python3.12/site-packages/airflow/example_dags/example_workday_timetable.py took 0.147 seconds
[2025-07-01T21:08:59.493+0000] {processor.py:186} INFO - Started process (PID=443) to work on /home/airflow/.local/lib/python3.12/site-packages/airflow/example_dags/example_workday_timetable.py
[2025-07-01T21:08:59.494+0000] {processor.py:914} INFO - Processing file /home/airflow/.local/lib/python3.12/site-packages/airflow/example_dags/example_workday_timetable.py for tasks to queue
[2025-07-01T21:08:59.498+0000] {logging_mixin.py:190} INFO - [2025-07-01T21:08:59.497+0000] {dagbag.py:588} INFO - Filling up the DagBag from /home/airflow/.local/lib/python3.12/site-packages/airflow/example_dags/example_workday_timetable.py
[2025-07-01T21:08:59.505+0000] {processor.py:925} INFO - DAG(s) 'example_workday_timetable' retrieved from /home/airflow/.local/lib/python3.12/site-packages/airflow/example_dags/example_workday_timetable.py
[2025-07-01T21:08:59.530+0000] {logging_mixin.py:190} INFO - [2025-07-01T21:08:59.530+0000] {dag.py:3239} INFO - Sync 1 DAGs
[2025-07-01T21:08:59.619+0000] {logging_mixin.py:190} INFO - [2025-07-01T21:08:59.618+0000] {dag.py:4180} INFO - Setting next_dagrun for example_workday_timetable to 2021-01-04 00:00:00+00:00, run_after=2021-01-05 00:00:00+00:00
[2025-07-01T21:08:59.641+0000] {processor.py:208} INFO - Processing /home/airflow/.local/lib/python3.12/site-packages/airflow/example_dags/example_workday_timetable.py took 0.161 seconds
[2025-07-01T21:09:29.917+0000] {processor.py:186} INFO - Started process (PID=506) to work on /home/airflow/.local/lib/python3.12/site-packages/airflow/example_dags/example_workday_timetable.py
[2025-07-01T21:09:29.919+0000] {processor.py:914} INFO - Processing file /home/airflow/.local/lib/python3.12/site-packages/airflow/example_dags/example_workday_timetable.py for tasks to queue
[2025-07-01T21:09:29.927+0000] {logging_mixin.py:190} INFO - [2025-07-01T21:09:29.926+0000] {dagbag.py:588} INFO - Filling up the DagBag from /home/airflow/.local/lib/python3.12/site-packages/airflow/example_dags/example_workday_timetable.py
[2025-07-01T21:09:29.937+0000] {processor.py:925} INFO - DAG(s) 'example_workday_timetable' retrieved from /home/airflow/.local/lib/python3.12/site-packages/airflow/example_dags/example_workday_timetable.py
[2025-07-01T21:09:29.964+0000] {logging_mixin.py:190} INFO - [2025-07-01T21:09:29.964+0000] {dag.py:3239} INFO - Sync 1 DAGs
[2025-07-01T21:09:30.049+0000] {logging_mixin.py:190} INFO - [2025-07-01T21:09:30.048+0000] {dag.py:4180} INFO - Setting next_dagrun for example_workday_timetable to 2021-01-04 00:00:00+00:00, run_after=2021-01-05 00:00:00+00:00
[2025-07-01T21:09:30.070+0000] {processor.py:208} INFO - Processing /home/airflow/.local/lib/python3.12/site-packages/airflow/example_dags/example_workday_timetable.py took 0.182 seconds
[2025-07-01T21:10:00.892+0000] {processor.py:186} INFO - Started process (PID=569) to work on /home/airflow/.local/lib/python3.12/site-packages/airflow/example_dags/example_workday_timetable.py
[2025-07-01T21:10:00.894+0000] {processor.py:914} INFO - Processing file /home/airflow/.local/lib/python3.12/site-packages/airflow/example_dags/example_workday_timetable.py for tasks to queue
[2025-07-01T21:10:00.898+0000] {logging_mixin.py:190} INFO - [2025-07-01T21:10:00.897+0000] {dagbag.py:588} INFO - Filling up the DagBag from /home/airflow/.local/lib/python3.12/site-packages/airflow/example_dags/example_workday_timetable.py
[2025-07-01T21:10:00.907+0000] {processor.py:925} INFO - DAG(s) 'example_workday_timetable' retrieved from /home/airflow/.local/lib/python3.12/site-packages/airflow/example_dags/example_workday_timetable.py
[2025-07-01T21:10:00.934+0000] {logging_mixin.py:190} INFO - [2025-07-01T21:10:00.934+0000] {dag.py:3239} INFO - Sync 1 DAGs
[2025-07-01T21:10:01.025+0000] {logging_mixin.py:190} INFO - [2025-07-01T21:10:01.025+0000] {dag.py:4180} INFO - Setting next_dagrun for example_workday_timetable to 2021-01-04 00:00:00+00:00, run_after=2021-01-05 00:00:00+00:00
[2025-07-01T21:10:01.043+0000] {processor.py:208} INFO - Processing /home/airflow/.local/lib/python3.12/site-packages/airflow/example_dags/example_workday_timetable.py took 0.160 seconds
[2025-07-01T21:10:31.667+0000] {processor.py:186} INFO - Started process (PID=632) to work on /home/airflow/.local/lib/python3.12/site-packages/airflow/example_dags/example_workday_timetable.py
[2025-07-01T21:10:31.670+0000] {processor.py:914} INFO - Processing file /home/airflow/.local/lib/python3.12/site-packages/airflow/example_dags/example_workday_timetable.py for tasks to queue
[2025-07-01T21:10:31.680+0000] {logging_mixin.py:190} INFO - [2025-07-01T21:10:31.679+0000] {dagbag.py:588} INFO - Filling up the DagBag from /home/airflow/.local/lib/python3.12/site-packages/airflow/example_dags/example_workday_timetable.py
[2025-07-01T21:10:31.698+0000] {processor.py:925} INFO - DAG(s) 'example_workday_timetable' retrieved from /home/airflow/.local/lib/python3.12/site-packages/airflow/example_dags/example_workday_timetable.py
[2025-07-01T21:10:31.765+0000] {logging_mixin.py:190} INFO - [2025-07-01T21:10:31.764+0000] {dag.py:3239} INFO - Sync 1 DAGs
[2025-07-01T21:10:31.947+0000] {logging_mixin.py:190} INFO - [2025-07-01T21:10:31.946+0000] {dag.py:4180} INFO - Setting next_dagrun for example_workday_timetable to 2021-01-04 00:00:00+00:00, run_after=2021-01-05 00:00:00+00:00
[2025-07-01T21:10:31.988+0000] {processor.py:208} INFO - Processing /home/airflow/.local/lib/python3.12/site-packages/airflow/example_dags/example_workday_timetable.py took 0.341 seconds
[2025-07-01T21:11:02.186+0000] {processor.py:186} INFO - Started process (PID=695) to work on /home/airflow/.local/lib/python3.12/site-packages/airflow/example_dags/example_workday_timetable.py
[2025-07-01T21:11:02.187+0000] {processor.py:914} INFO - Processing file /home/airflow/.local/lib/python3.12/site-packages/airflow/example_dags/example_workday_timetable.py for tasks to queue
[2025-07-01T21:11:02.191+0000] {logging_mixin.py:190} INFO - [2025-07-01T21:11:02.191+0000] {dagbag.py:588} INFO - Filling up the DagBag from /home/airflow/.local/lib/python3.12/site-packages/airflow/example_dags/example_workday_timetable.py
[2025-07-01T21:11:02.199+0000] {processor.py:925} INFO - DAG(s) 'example_workday_timetable' retrieved from /home/airflow/.local/lib/python3.12/site-packages/airflow/example_dags/example_workday_timetable.py
[2025-07-01T21:11:02.226+0000] {logging_mixin.py:190} INFO - [2025-07-01T21:11:02.225+0000] {dag.py:3239} INFO - Sync 1 DAGs
[2025-07-01T21:11:02.314+0000] {logging_mixin.py:190} INFO - [2025-07-01T21:11:02.314+0000] {dag.py:4180} INFO - Setting next_dagrun for example_workday_timetable to 2021-01-04 00:00:00+00:00, run_after=2021-01-05 00:00:00+00:00
[2025-07-01T21:11:02.337+0000] {processor.py:208} INFO - Processing /home/airflow/.local/lib/python3.12/site-packages/airflow/example_dags/example_workday_timetable.py took 0.160 seconds
[2025-07-01T21:11:33.182+0000] {processor.py:186} INFO - Started process (PID=758) to work on /home/airflow/.local/lib/python3.12/site-packages/airflow/example_dags/example_workday_timetable.py
[2025-07-01T21:11:33.186+0000] {processor.py:914} INFO - Processing file /home/airflow/.local/lib/python3.12/site-packages/airflow/example_dags/example_workday_timetable.py for tasks to queue
[2025-07-01T21:11:33.196+0000] {logging_mixin.py:190} INFO - [2025-07-01T21:11:33.195+0000] {dagbag.py:588} INFO - Filling up the DagBag from /home/airflow/.local/lib/python3.12/site-packages/airflow/example_dags/example_workday_timetable.py
[2025-07-01T21:11:33.217+0000] {processor.py:925} INFO - DAG(s) 'example_workday_timetable' retrieved from /home/airflow/.local/lib/python3.12/site-packages/airflow/example_dags/example_workday_timetable.py
[2025-07-01T21:11:33.254+0000] {logging_mixin.py:190} INFO - [2025-07-01T21:11:33.253+0000] {dag.py:3239} INFO - Sync 1 DAGs
[2025-07-01T21:11:33.358+0000] {logging_mixin.py:190} INFO - [2025-07-01T21:11:33.358+0000] {dag.py:4180} INFO - Setting next_dagrun for example_workday_timetable to 2021-01-04 00:00:00+00:00, run_after=2021-01-05 00:00:00+00:00
[2025-07-01T21:11:33.382+0000] {processor.py:208} INFO - Processing /home/airflow/.local/lib/python3.12/site-packages/airflow/example_dags/example_workday_timetable.py took 0.228 seconds
[2025-07-01T21:12:03.623+0000] {processor.py:186} INFO - Started process (PID=821) to work on /home/airflow/.local/lib/python3.12/site-packages/airflow/example_dags/example_workday_timetable.py
[2025-07-01T21:12:03.625+0000] {processor.py:914} INFO - Processing file /home/airflow/.local/lib/python3.12/site-packages/airflow/example_dags/example_workday_timetable.py for tasks to queue
[2025-07-01T21:12:03.630+0000] {logging_mixin.py:190} INFO - [2025-07-01T21:12:03.629+0000] {dagbag.py:588} INFO - Filling up the DagBag from /home/airflow/.local/lib/python3.12/site-packages/airflow/example_dags/example_workday_timetable.py
[2025-07-01T21:12:03.641+0000] {processor.py:925} INFO - DAG(s) 'example_workday_timetable' retrieved from /home/airflow/.local/lib/python3.12/site-packages/airflow/example_dags/example_workday_timetable.py
[2025-07-01T21:12:03.670+0000] {logging_mixin.py:190} INFO - [2025-07-01T21:12:03.669+0000] {dag.py:3239} INFO - Sync 1 DAGs
[2025-07-01T21:12:03.769+0000] {logging_mixin.py:190} INFO - [2025-07-01T21:12:03.768+0000] {dag.py:4180} INFO - Setting next_dagrun for example_workday_timetable to 2021-01-04 00:00:00+00:00, run_after=2021-01-05 00:00:00+00:00
[2025-07-01T21:12:03.794+0000] {processor.py:208} INFO - Processing /home/airflow/.local/lib/python3.12/site-packages/airflow/example_dags/example_workday_timetable.py took 0.195 seconds
[2025-07-01T21:12:34.322+0000] {processor.py:186} INFO - Started process (PID=884) to work on /home/airflow/.local/lib/python3.12/site-packages/airflow/example_dags/example_workday_timetable.py
[2025-07-01T21:12:34.323+0000] {processor.py:914} INFO - Processing file /home/airflow/.local/lib/python3.12/site-packages/airflow/example_dags/example_workday_timetable.py for tasks to queue
[2025-07-01T21:12:34.327+0000] {logging_mixin.py:190} INFO - [2025-07-01T21:12:34.326+0000] {dagbag.py:588} INFO - Filling up the DagBag from /home/airflow/.local/lib/python3.12/site-packages/airflow/example_dags/example_workday_timetable.py
[2025-07-01T21:12:34.337+0000] {processor.py:925} INFO - DAG(s) 'example_workday_timetable' retrieved from /home/airflow/.local/lib/python3.12/site-packages/airflow/example_dags/example_workday_timetable.py
[2025-07-01T21:12:34.367+0000] {logging_mixin.py:190} INFO - [2025-07-01T21:12:34.367+0000] {dag.py:3239} INFO - Sync 1 DAGs
[2025-07-01T21:12:34.445+0000] {logging_mixin.py:190} INFO - [2025-07-01T21:12:34.445+0000] {dag.py:4180} INFO - Setting next_dagrun for example_workday_timetable to 2021-01-04 00:00:00+00:00, run_after=2021-01-05 00:00:00+00:00
[2025-07-01T21:12:34.468+0000] {processor.py:208} INFO - Processing /home/airflow/.local/lib/python3.12/site-packages/airflow/example_dags/example_workday_timetable.py took 0.158 seconds
[2025-07-01T21:13:04.922+0000] {processor.py:186} INFO - Started process (PID=947) to work on /home/airflow/.local/lib/python3.12/site-packages/airflow/example_dags/example_workday_timetable.py
[2025-07-01T21:13:04.923+0000] {processor.py:914} INFO - Processing file /home/airflow/.local/lib/python3.12/site-packages/airflow/example_dags/example_workday_timetable.py for tasks to queue
[2025-07-01T21:13:04.926+0000] {logging_mixin.py:190} INFO - [2025-07-01T21:13:04.926+0000] {dagbag.py:588} INFO - Filling up the DagBag from /home/airflow/.local/lib/python3.12/site-packages/airflow/example_dags/example_workday_timetable.py
[2025-07-01T21:13:04.933+0000] {processor.py:925} INFO - DAG(s) 'example_workday_timetable' retrieved from /home/airflow/.local/lib/python3.12/site-packages/airflow/example_dags/example_workday_timetable.py
[2025-07-01T21:13:04.958+0000] {logging_mixin.py:190} INFO - [2025-07-01T21:13:04.957+0000] {dag.py:3239} INFO - Sync 1 DAGs
[2025-07-01T21:13:05.038+0000] {logging_mixin.py:190} INFO - [2025-07-01T21:13:05.037+0000] {dag.py:4180} INFO - Setting next_dagrun for example_workday_timetable to 2021-01-04 00:00:00+00:00, run_after=2021-01-05 00:00:00+00:00
[2025-07-01T21:13:05.058+0000] {processor.py:208} INFO - Processing /home/airflow/.local/lib/python3.12/site-packages/airflow/example_dags/example_workday_timetable.py took 0.146 seconds
[2025-07-01T21:13:35.306+0000] {processor.py:186} INFO - Started process (PID=1010) to work on /home/airflow/.local/lib/python3.12/site-packages/airflow/example_dags/example_workday_timetable.py
[2025-07-01T21:13:35.309+0000] {processor.py:914} INFO - Processing file /home/airflow/.local/lib/python3.12/site-packages/airflow/example_dags/example_workday_timetable.py for tasks to queue
[2025-07-01T21:13:35.315+0000] {logging_mixin.py:190} INFO - [2025-07-01T21:13:35.314+0000] {dagbag.py:588} INFO - Filling up the DagBag from /home/airflow/.local/lib/python3.12/site-packages/airflow/example_dags/example_workday_timetable.py
[2025-07-01T21:13:35.331+0000] {processor.py:925} INFO - DAG(s) 'example_workday_timetable' retrieved from /home/airflow/.local/lib/python3.12/site-packages/airflow/example_dags/example_workday_timetable.py
[2025-07-01T21:13:35.401+0000] {logging_mixin.py:190} INFO - [2025-07-01T21:13:35.400+0000] {dag.py:3239} INFO - Sync 1 DAGs
[2025-07-01T21:13:35.580+0000] {logging_mixin.py:190} INFO - [2025-07-01T21:13:35.580+0000] {dag.py:4180} INFO - Setting next_dagrun for example_workday_timetable to 2021-01-04 00:00:00+00:00, run_after=2021-01-05 00:00:00+00:00
[2025-07-01T21:13:35.615+0000] {processor.py:208} INFO - Processing /home/airflow/.local/lib/python3.12/site-packages/airflow/example_dags/example_workday_timetable.py took 0.325 seconds
[2025-07-01T21:14:06.077+0000] {processor.py:186} INFO - Started process (PID=1073) to work on /home/airflow/.local/lib/python3.12/site-packages/airflow/example_dags/example_workday_timetable.py
[2025-07-01T21:14:06.078+0000] {processor.py:914} INFO - Processing file /home/airflow/.local/lib/python3.12/site-packages/airflow/example_dags/example_workday_timetable.py for tasks to queue
[2025-07-01T21:14:06.081+0000] {logging_mixin.py:190} INFO - [2025-07-01T21:14:06.080+0000] {dagbag.py:588} INFO - Filling up the DagBag from /home/airflow/.local/lib/python3.12/site-packages/airflow/example_dags/example_workday_timetable.py
[2025-07-01T21:14:06.087+0000] {processor.py:925} INFO - DAG(s) 'example_workday_timetable' retrieved from /home/airflow/.local/lib/python3.12/site-packages/airflow/example_dags/example_workday_timetable.py
[2025-07-01T21:14:06.111+0000] {logging_mixin.py:190} INFO - [2025-07-01T21:14:06.111+0000] {dag.py:3239} INFO - Sync 1 DAGs
[2025-07-01T21:14:06.199+0000] {logging_mixin.py:190} INFO - [2025-07-01T21:14:06.199+0000] {dag.py:4180} INFO - Setting next_dagrun for example_workday_timetable to 2021-01-04 00:00:00+00:00, run_after=2021-01-05 00:00:00+00:00
[2025-07-01T21:14:06.219+0000] {processor.py:208} INFO - Processing /home/airflow/.local/lib/python3.12/site-packages/airflow/example_dags/example_workday_timetable.py took 0.153 seconds
[2025-07-01T21:14:36.526+0000] {processor.py:186} INFO - Started process (PID=1137) to work on /home/airflow/.local/lib/python3.12/site-packages/airflow/example_dags/example_workday_timetable.py
[2025-07-01T21:14:36.527+0000] {processor.py:914} INFO - Processing file /home/airflow/.local/lib/python3.12/site-packages/airflow/example_dags/example_workday_timetable.py for tasks to queue
[2025-07-01T21:14:36.531+0000] {logging_mixin.py:190} INFO - [2025-07-01T21:14:36.530+0000] {dagbag.py:588} INFO - Filling up the DagBag from /home/airflow/.local/lib/python3.12/site-packages/airflow/example_dags/example_workday_timetable.py
[2025-07-01T21:14:36.539+0000] {processor.py:925} INFO - DAG(s) 'example_workday_timetable' retrieved from /home/airflow/.local/lib/python3.12/site-packages/airflow/example_dags/example_workday_timetable.py
[2025-07-01T21:14:36.567+0000] {logging_mixin.py:190} INFO - [2025-07-01T21:14:36.567+0000] {dag.py:3239} INFO - Sync 1 DAGs
[2025-07-01T21:14:36.663+0000] {logging_mixin.py:190} INFO - [2025-07-01T21:14:36.663+0000] {dag.py:4180} INFO - Setting next_dagrun for example_workday_timetable to 2021-01-04 00:00:00+00:00, run_after=2021-01-05 00:00:00+00:00
[2025-07-01T21:14:36.691+0000] {processor.py:208} INFO - Processing /home/airflow/.local/lib/python3.12/site-packages/airflow/example_dags/example_workday_timetable.py took 0.174 seconds
[2025-07-01T21:15:06.755+0000] {processor.py:186} INFO - Started process (PID=1200) to work on /home/airflow/.local/lib/python3.12/site-packages/airflow/example_dags/example_workday_timetable.py
[2025-07-01T21:15:06.756+0000] {processor.py:914} INFO - Processing file /home/airflow/.local/lib/python3.12/site-packages/airflow/example_dags/example_workday_timetable.py for tasks to queue
[2025-07-01T21:15:06.759+0000] {logging_mixin.py:190} INFO - [2025-07-01T21:15:06.759+0000] {dagbag.py:588} INFO - Filling up the DagBag from /home/airflow/.local/lib/python3.12/site-packages/airflow/example_dags/example_workday_timetable.py
[2025-07-01T21:15:06.768+0000] {processor.py:925} INFO - DAG(s) 'example_workday_timetable' retrieved from /home/airflow/.local/lib/python3.12/site-packages/airflow/example_dags/example_workday_timetable.py
[2025-07-01T21:15:06.795+0000] {logging_mixin.py:190} INFO - [2025-07-01T21:15:06.795+0000] {dag.py:3239} INFO - Sync 1 DAGs
[2025-07-01T21:15:06.929+0000] {logging_mixin.py:190} INFO - [2025-07-01T21:15:06.928+0000] {dag.py:4180} INFO - Setting next_dagrun for example_workday_timetable to 2021-01-04 00:00:00+00:00, run_after=2021-01-05 00:00:00+00:00
[2025-07-01T21:15:06.955+0000] {processor.py:208} INFO - Processing /home/airflow/.local/lib/python3.12/site-packages/airflow/example_dags/example_workday_timetable.py took 0.207 seconds
[2025-07-01T21:15:37.906+0000] {processor.py:186} INFO - Started process (PID=1263) to work on /home/airflow/.local/lib/python3.12/site-packages/airflow/example_dags/example_workday_timetable.py
[2025-07-01T21:15:37.907+0000] {processor.py:914} INFO - Processing file /home/airflow/.local/lib/python3.12/site-packages/airflow/example_dags/example_workday_timetable.py for tasks to queue
[2025-07-01T21:15:37.911+0000] {logging_mixin.py:190} INFO - [2025-07-01T21:15:37.910+0000] {dagbag.py:588} INFO - Filling up the DagBag from /home/airflow/.local/lib/python3.12/site-packages/airflow/example_dags/example_workday_timetable.py
[2025-07-01T21:15:37.918+0000] {processor.py:925} INFO - DAG(s) 'example_workday_timetable' retrieved from /home/airflow/.local/lib/python3.12/site-packages/airflow/example_dags/example_workday_timetable.py
[2025-07-01T21:15:37.943+0000] {logging_mixin.py:190} INFO - [2025-07-01T21:15:37.943+0000] {dag.py:3239} INFO - Sync 1 DAGs
[2025-07-01T21:15:38.029+0000] {logging_mixin.py:190} INFO - [2025-07-01T21:15:38.029+0000] {dag.py:4180} INFO - Setting next_dagrun for example_workday_timetable to 2021-01-04 00:00:00+00:00, run_after=2021-01-05 00:00:00+00:00
[2025-07-01T21:15:38.061+0000] {processor.py:208} INFO - Processing /home/airflow/.local/lib/python3.12/site-packages/airflow/example_dags/example_workday_timetable.py took 0.165 seconds
[2025-07-01T21:16:08.234+0000] {processor.py:186} INFO - Started process (PID=1325) to work on /home/airflow/.local/lib/python3.12/site-packages/airflow/example_dags/example_workday_timetable.py
[2025-07-01T21:16:08.242+0000] {processor.py:914} INFO - Processing file /home/airflow/.local/lib/python3.12/site-packages/airflow/example_dags/example_workday_timetable.py for tasks to queue
[2025-07-01T21:16:08.246+0000] {logging_mixin.py:190} INFO - [2025-07-01T21:16:08.246+0000] {dagbag.py:588} INFO - Filling up the DagBag from /home/airflow/.local/lib/python3.12/site-packages/airflow/example_dags/example_workday_timetable.py
[2025-07-01T21:16:08.255+0000] {processor.py:925} INFO - DAG(s) 'example_workday_timetable' retrieved from /home/airflow/.local/lib/python3.12/site-packages/airflow/example_dags/example_workday_timetable.py
[2025-07-01T21:16:08.282+0000] {logging_mixin.py:190} INFO - [2025-07-01T21:16:08.281+0000] {dag.py:3239} INFO - Sync 1 DAGs
[2025-07-01T21:16:08.370+0000] {logging_mixin.py:190} INFO - [2025-07-01T21:16:08.370+0000] {dag.py:4180} INFO - Setting next_dagrun for example_workday_timetable to 2021-01-04 00:00:00+00:00, run_after=2021-01-05 00:00:00+00:00
[2025-07-01T21:16:08.394+0000] {processor.py:208} INFO - Processing /home/airflow/.local/lib/python3.12/site-packages/airflow/example_dags/example_workday_timetable.py took 0.172 seconds
[2025-07-01T21:16:39.008+0000] {processor.py:186} INFO - Started process (PID=1389) to work on /home/airflow/.local/lib/python3.12/site-packages/airflow/example_dags/example_workday_timetable.py
[2025-07-01T21:16:39.009+0000] {processor.py:914} INFO - Processing file /home/airflow/.local/lib/python3.12/site-packages/airflow/example_dags/example_workday_timetable.py for tasks to queue
[2025-07-01T21:16:39.012+0000] {logging_mixin.py:190} INFO - [2025-07-01T21:16:39.011+0000] {dagbag.py:588} INFO - Filling up the DagBag from /home/airflow/.local/lib/python3.12/site-packages/airflow/example_dags/example_workday_timetable.py
[2025-07-01T21:16:39.019+0000] {processor.py:925} INFO - DAG(s) 'example_workday_timetable' retrieved from /home/airflow/.local/lib/python3.12/site-packages/airflow/example_dags/example_workday_timetable.py
[2025-07-01T21:16:39.043+0000] {logging_mixin.py:190} INFO - [2025-07-01T21:16:39.043+0000] {dag.py:3239} INFO - Sync 1 DAGs
[2025-07-01T21:16:39.150+0000] {logging_mixin.py:190} INFO - [2025-07-01T21:16:39.149+0000] {dag.py:4180} INFO - Setting next_dagrun for example_workday_timetable to 2021-01-04 00:00:00+00:00, run_after=2021-01-05 00:00:00+00:00
[2025-07-01T21:16:39.176+0000] {processor.py:208} INFO - Processing /home/airflow/.local/lib/python3.12/site-packages/airflow/example_dags/example_workday_timetable.py took 0.178 seconds
[2025-07-01T21:17:09.269+0000] {processor.py:186} INFO - Started process (PID=1451) to work on /home/airflow/.local/lib/python3.12/site-packages/airflow/example_dags/example_workday_timetable.py
[2025-07-01T21:17:09.278+0000] {processor.py:914} INFO - Processing file /home/airflow/.local/lib/python3.12/site-packages/airflow/example_dags/example_workday_timetable.py for tasks to queue
[2025-07-01T21:17:09.283+0000] {logging_mixin.py:190} INFO - [2025-07-01T21:17:09.283+0000] {dagbag.py:588} INFO - Filling up the DagBag from /home/airflow/.local/lib/python3.12/site-packages/airflow/example_dags/example_workday_timetable.py
[2025-07-01T21:17:09.294+0000] {processor.py:925} INFO - DAG(s) 'example_workday_timetable' retrieved from /home/airflow/.local/lib/python3.12/site-packages/airflow/example_dags/example_workday_timetable.py
[2025-07-01T21:17:09.317+0000] {logging_mixin.py:190} INFO - [2025-07-01T21:17:09.317+0000] {dag.py:3239} INFO - Sync 1 DAGs
[2025-07-01T21:17:09.387+0000] {logging_mixin.py:190} INFO - [2025-07-01T21:17:09.387+0000] {dag.py:4180} INFO - Setting next_dagrun for example_workday_timetable to 2021-01-04 00:00:00+00:00, run_after=2021-01-05 00:00:00+00:00
[2025-07-01T21:17:09.407+0000] {processor.py:208} INFO - Processing /home/airflow/.local/lib/python3.12/site-packages/airflow/example_dags/example_workday_timetable.py took 0.169 seconds
[2025-07-01T21:17:40.421+0000] {processor.py:186} INFO - Started process (PID=1515) to work on /home/airflow/.local/lib/python3.12/site-packages/airflow/example_dags/example_workday_timetable.py
[2025-07-01T21:17:40.422+0000] {processor.py:914} INFO - Processing file /home/airflow/.local/lib/python3.12/site-packages/airflow/example_dags/example_workday_timetable.py for tasks to queue
[2025-07-01T21:17:40.424+0000] {logging_mixin.py:190} INFO - [2025-07-01T21:17:40.424+0000] {dagbag.py:588} INFO - Filling up the DagBag from /home/airflow/.local/lib/python3.12/site-packages/airflow/example_dags/example_workday_timetable.py
[2025-07-01T21:17:40.431+0000] {processor.py:925} INFO - DAG(s) 'example_workday_timetable' retrieved from /home/airflow/.local/lib/python3.12/site-packages/airflow/example_dags/example_workday_timetable.py
[2025-07-01T21:17:40.457+0000] {logging_mixin.py:190} INFO - [2025-07-01T21:17:40.456+0000] {dag.py:3239} INFO - Sync 1 DAGs
[2025-07-01T21:17:40.568+0000] {logging_mixin.py:190} INFO - [2025-07-01T21:17:40.568+0000] {dag.py:4180} INFO - Setting next_dagrun for example_workday_timetable to 2021-01-04 00:00:00+00:00, run_after=2021-01-05 00:00:00+00:00
[2025-07-01T21:17:40.595+0000] {processor.py:208} INFO - Processing /home/airflow/.local/lib/python3.12/site-packages/airflow/example_dags/example_workday_timetable.py took 0.183 seconds
[2025-07-01T21:18:10.841+0000] {processor.py:186} INFO - Started process (PID=1578) to work on /home/airflow/.local/lib/python3.12/site-packages/airflow/example_dags/example_workday_timetable.py
[2025-07-01T21:18:10.843+0000] {processor.py:914} INFO - Processing file /home/airflow/.local/lib/python3.12/site-packages/airflow/example_dags/example_workday_timetable.py for tasks to queue
[2025-07-01T21:18:10.847+0000] {logging_mixin.py:190} INFO - [2025-07-01T21:18:10.846+0000] {dagbag.py:588} INFO - Filling up the DagBag from /home/airflow/.local/lib/python3.12/site-packages/airflow/example_dags/example_workday_timetable.py
[2025-07-01T21:18:10.857+0000] {processor.py:925} INFO - DAG(s) 'example_workday_timetable' retrieved from /home/airflow/.local/lib/python3.12/site-packages/airflow/example_dags/example_workday_timetable.py
[2025-07-01T21:18:10.891+0000] {logging_mixin.py:190} INFO - [2025-07-01T21:18:10.890+0000] {dag.py:3239} INFO - Sync 1 DAGs
[2025-07-01T21:18:11.036+0000] {logging_mixin.py:190} INFO - [2025-07-01T21:18:11.035+0000] {dag.py:4180} INFO - Setting next_dagrun for example_workday_timetable to 2021-01-04 00:00:00+00:00, run_after=2021-01-05 00:00:00+00:00
[2025-07-01T21:18:11.078+0000] {processor.py:208} INFO - Processing /home/airflow/.local/lib/python3.12/site-packages/airflow/example_dags/example_workday_timetable.py took 0.249 seconds
[2025-07-01T21:18:41.606+0000] {processor.py:186} INFO - Started process (PID=1641) to work on /home/airflow/.local/lib/python3.12/site-packages/airflow/example_dags/example_workday_timetable.py
[2025-07-01T21:18:41.616+0000] {processor.py:914} INFO - Processing file /home/airflow/.local/lib/python3.12/site-packages/airflow/example_dags/example_workday_timetable.py for tasks to queue
[2025-07-01T21:18:41.632+0000] {logging_mixin.py:190} INFO - [2025-07-01T21:18:41.631+0000] {dagbag.py:588} INFO - Filling up the DagBag from /home/airflow/.local/lib/python3.12/site-packages/airflow/example_dags/example_workday_timetable.py
[2025-07-01T21:18:41.665+0000] {processor.py:925} INFO - DAG(s) 'example_workday_timetable' retrieved from /home/airflow/.local/lib/python3.12/site-packages/airflow/example_dags/example_workday_timetable.py
[2025-07-01T21:18:41.801+0000] {logging_mixin.py:190} INFO - [2025-07-01T21:18:41.801+0000] {dag.py:3239} INFO - Sync 1 DAGs
[2025-07-01T21:18:42.154+0000] {logging_mixin.py:190} INFO - [2025-07-01T21:18:42.153+0000] {dag.py:4180} INFO - Setting next_dagrun for example_workday_timetable to 2021-01-04 00:00:00+00:00, run_after=2021-01-05 00:00:00+00:00
[2025-07-01T21:18:42.236+0000] {processor.py:208} INFO - Processing /home/airflow/.local/lib/python3.12/site-packages/airflow/example_dags/example_workday_timetable.py took 0.692 seconds
[2025-07-01T21:19:12.818+0000] {processor.py:186} INFO - Started process (PID=1704) to work on /home/airflow/.local/lib/python3.12/site-packages/airflow/example_dags/example_workday_timetable.py
[2025-07-01T21:19:12.821+0000] {processor.py:914} INFO - Processing file /home/airflow/.local/lib/python3.12/site-packages/airflow/example_dags/example_workday_timetable.py for tasks to queue
[2025-07-01T21:19:12.824+0000] {logging_mixin.py:190} INFO - [2025-07-01T21:19:12.824+0000] {dagbag.py:588} INFO - Filling up the DagBag from /home/airflow/.local/lib/python3.12/site-packages/airflow/example_dags/example_workday_timetable.py
[2025-07-01T21:19:12.833+0000] {processor.py:925} INFO - DAG(s) 'example_workday_timetable' retrieved from /home/airflow/.local/lib/python3.12/site-packages/airflow/example_dags/example_workday_timetable.py
[2025-07-01T21:19:12.863+0000] {logging_mixin.py:190} INFO - [2025-07-01T21:19:12.862+0000] {dag.py:3239} INFO - Sync 1 DAGs
[2025-07-01T21:19:13.015+0000] {logging_mixin.py:190} INFO - [2025-07-01T21:19:13.014+0000] {dag.py:4180} INFO - Setting next_dagrun for example_workday_timetable to 2021-01-04 00:00:00+00:00, run_after=2021-01-05 00:00:00+00:00
[2025-07-01T21:19:13.066+0000] {processor.py:208} INFO - Processing /home/airflow/.local/lib/python3.12/site-packages/airflow/example_dags/example_workday_timetable.py took 0.255 seconds
[2025-07-01T21:19:43.166+0000] {processor.py:186} INFO - Started process (PID=1766) to work on /home/airflow/.local/lib/python3.12/site-packages/airflow/example_dags/example_workday_timetable.py
[2025-07-01T21:19:43.174+0000] {processor.py:914} INFO - Processing file /home/airflow/.local/lib/python3.12/site-packages/airflow/example_dags/example_workday_timetable.py for tasks to queue
[2025-07-01T21:19:43.179+0000] {logging_mixin.py:190} INFO - [2025-07-01T21:19:43.178+0000] {dagbag.py:588} INFO - Filling up the DagBag from /home/airflow/.local/lib/python3.12/site-packages/airflow/example_dags/example_workday_timetable.py
[2025-07-01T21:19:43.191+0000] {processor.py:925} INFO - DAG(s) 'example_workday_timetable' retrieved from /home/airflow/.local/lib/python3.12/site-packages/airflow/example_dags/example_workday_timetable.py
[2025-07-01T21:19:43.220+0000] {logging_mixin.py:190} INFO - [2025-07-01T21:19:43.220+0000] {dag.py:3239} INFO - Sync 1 DAGs
[2025-07-01T21:19:43.296+0000] {logging_mixin.py:190} INFO - [2025-07-01T21:19:43.296+0000] {dag.py:4180} INFO - Setting next_dagrun for example_workday_timetable to 2021-01-04 00:00:00+00:00, run_after=2021-01-05 00:00:00+00:00
[2025-07-01T21:19:43.322+0000] {processor.py:208} INFO - Processing /home/airflow/.local/lib/python3.12/site-packages/airflow/example_dags/example_workday_timetable.py took 0.171 seconds
[2025-07-01T21:20:14.130+0000] {processor.py:186} INFO - Started process (PID=1830) to work on /home/airflow/.local/lib/python3.12/site-packages/airflow/example_dags/example_workday_timetable.py
[2025-07-01T21:20:14.131+0000] {processor.py:914} INFO - Processing file /home/airflow/.local/lib/python3.12/site-packages/airflow/example_dags/example_workday_timetable.py for tasks to queue
[2025-07-01T21:20:14.136+0000] {logging_mixin.py:190} INFO - [2025-07-01T21:20:14.136+0000] {dagbag.py:588} INFO - Filling up the DagBag from /home/airflow/.local/lib/python3.12/site-packages/airflow/example_dags/example_workday_timetable.py
[2025-07-01T21:20:14.145+0000] {processor.py:925} INFO - DAG(s) 'example_workday_timetable' retrieved from /home/airflow/.local/lib/python3.12/site-packages/airflow/example_dags/example_workday_timetable.py
[2025-07-01T21:20:14.173+0000] {logging_mixin.py:190} INFO - [2025-07-01T21:20:14.172+0000] {dag.py:3239} INFO - Sync 1 DAGs
[2025-07-01T21:20:14.262+0000] {logging_mixin.py:190} INFO - [2025-07-01T21:20:14.262+0000] {dag.py:4180} INFO - Setting next_dagrun for example_workday_timetable to 2021-01-04 00:00:00+00:00, run_after=2021-01-05 00:00:00+00:00
[2025-07-01T21:20:14.282+0000] {processor.py:208} INFO - Processing /home/airflow/.local/lib/python3.12/site-packages/airflow/example_dags/example_workday_timetable.py took 0.171 seconds
[2025-07-01T21:20:45.252+0000] {processor.py:186} INFO - Started process (PID=1893) to work on /home/airflow/.local/lib/python3.12/site-packages/airflow/example_dags/example_workday_timetable.py
[2025-07-01T21:20:45.254+0000] {processor.py:914} INFO - Processing file /home/airflow/.local/lib/python3.12/site-packages/airflow/example_dags/example_workday_timetable.py for tasks to queue
[2025-07-01T21:20:45.259+0000] {logging_mixin.py:190} INFO - [2025-07-01T21:20:45.258+0000] {dagbag.py:588} INFO - Filling up the DagBag from /home/airflow/.local/lib/python3.12/site-packages/airflow/example_dags/example_workday_timetable.py
[2025-07-01T21:20:45.271+0000] {processor.py:925} INFO - DAG(s) 'example_workday_timetable' retrieved from /home/airflow/.local/lib/python3.12/site-packages/airflow/example_dags/example_workday_timetable.py
[2025-07-01T21:20:45.299+0000] {logging_mixin.py:190} INFO - [2025-07-01T21:20:45.299+0000] {dag.py:3239} INFO - Sync 1 DAGs
[2025-07-01T21:20:45.390+0000] {logging_mixin.py:190} INFO - [2025-07-01T21:20:45.389+0000] {dag.py:4180} INFO - Setting next_dagrun for example_workday_timetable to 2021-01-04 00:00:00+00:00, run_after=2021-01-05 00:00:00+00:00
[2025-07-01T21:20:45.421+0000] {processor.py:208} INFO - Processing /home/airflow/.local/lib/python3.12/site-packages/airflow/example_dags/example_workday_timetable.py took 0.184 seconds
[2025-07-01T21:21:16.469+0000] {processor.py:186} INFO - Started process (PID=1956) to work on /home/airflow/.local/lib/python3.12/site-packages/airflow/example_dags/example_workday_timetable.py
[2025-07-01T21:21:16.471+0000] {processor.py:914} INFO - Processing file /home/airflow/.local/lib/python3.12/site-packages/airflow/example_dags/example_workday_timetable.py for tasks to queue
[2025-07-01T21:21:16.475+0000] {logging_mixin.py:190} INFO - [2025-07-01T21:21:16.474+0000] {dagbag.py:588} INFO - Filling up the DagBag from /home/airflow/.local/lib/python3.12/site-packages/airflow/example_dags/example_workday_timetable.py
[2025-07-01T21:21:16.487+0000] {processor.py:925} INFO - DAG(s) 'example_workday_timetable' retrieved from /home/airflow/.local/lib/python3.12/site-packages/airflow/example_dags/example_workday_timetable.py
[2025-07-01T21:21:16.519+0000] {logging_mixin.py:190} INFO - [2025-07-01T21:21:16.518+0000] {dag.py:3239} INFO - Sync 1 DAGs
[2025-07-01T21:21:16.663+0000] {logging_mixin.py:190} INFO - [2025-07-01T21:21:16.663+0000] {dag.py:4180} INFO - Setting next_dagrun for example_workday_timetable to 2021-01-04 00:00:00+00:00, run_after=2021-01-05 00:00:00+00:00
[2025-07-01T21:21:16.693+0000] {processor.py:208} INFO - Processing /home/airflow/.local/lib/python3.12/site-packages/airflow/example_dags/example_workday_timetable.py took 0.241 seconds
[2025-07-01T21:21:46.762+0000] {processor.py:186} INFO - Started process (PID=2018) to work on /home/airflow/.local/lib/python3.12/site-packages/airflow/example_dags/example_workday_timetable.py
[2025-07-01T21:21:46.769+0000] {processor.py:914} INFO - Processing file /home/airflow/.local/lib/python3.12/site-packages/airflow/example_dags/example_workday_timetable.py for tasks to queue
[2025-07-01T21:21:46.773+0000] {logging_mixin.py:190} INFO - [2025-07-01T21:21:46.772+0000] {dagbag.py:588} INFO - Filling up the DagBag from /home/airflow/.local/lib/python3.12/site-packages/airflow/example_dags/example_workday_timetable.py
[2025-07-01T21:21:46.782+0000] {processor.py:925} INFO - DAG(s) 'example_workday_timetable' retrieved from /home/airflow/.local/lib/python3.12/site-packages/airflow/example_dags/example_workday_timetable.py
[2025-07-01T21:21:46.806+0000] {logging_mixin.py:190} INFO - [2025-07-01T21:21:46.806+0000] {dag.py:3239} INFO - Sync 1 DAGs
[2025-07-01T21:21:46.878+0000] {logging_mixin.py:190} INFO - [2025-07-01T21:21:46.878+0000] {dag.py:4180} INFO - Setting next_dagrun for example_workday_timetable to 2021-01-04 00:00:00+00:00, run_after=2021-01-05 00:00:00+00:00
[2025-07-01T21:21:46.898+0000] {processor.py:208} INFO - Processing /home/airflow/.local/lib/python3.12/site-packages/airflow/example_dags/example_workday_timetable.py took 0.147 seconds
[2025-07-01T21:22:17.094+0000] {processor.py:186} INFO - Started process (PID=2081) to work on /home/airflow/.local/lib/python3.12/site-packages/airflow/example_dags/example_workday_timetable.py
[2025-07-01T21:22:17.105+0000] {processor.py:914} INFO - Processing file /home/airflow/.local/lib/python3.12/site-packages/airflow/example_dags/example_workday_timetable.py for tasks to queue
[2025-07-01T21:22:17.119+0000] {logging_mixin.py:190} INFO - [2025-07-01T21:22:17.117+0000] {dagbag.py:588} INFO - Filling up the DagBag from /home/airflow/.local/lib/python3.12/site-packages/airflow/example_dags/example_workday_timetable.py
[2025-07-01T21:22:17.150+0000] {processor.py:925} INFO - DAG(s) 'example_workday_timetable' retrieved from /home/airflow/.local/lib/python3.12/site-packages/airflow/example_dags/example_workday_timetable.py
[2025-07-01T21:22:17.192+0000] {logging_mixin.py:190} INFO - [2025-07-01T21:22:17.191+0000] {dag.py:3239} INFO - Sync 1 DAGs
[2025-07-01T21:22:17.275+0000] {logging_mixin.py:190} INFO - [2025-07-01T21:22:17.274+0000] {dag.py:4180} INFO - Setting next_dagrun for example_workday_timetable to 2021-01-04 00:00:00+00:00, run_after=2021-01-05 00:00:00+00:00
[2025-07-01T21:22:17.294+0000] {processor.py:208} INFO - Processing /home/airflow/.local/lib/python3.12/site-packages/airflow/example_dags/example_workday_timetable.py took 0.232 seconds
[2025-07-01T21:22:48.151+0000] {processor.py:186} INFO - Started process (PID=2145) to work on /home/airflow/.local/lib/python3.12/site-packages/airflow/example_dags/example_workday_timetable.py
[2025-07-01T21:22:48.152+0000] {processor.py:914} INFO - Processing file /home/airflow/.local/lib/python3.12/site-packages/airflow/example_dags/example_workday_timetable.py for tasks to queue
[2025-07-01T21:22:48.158+0000] {logging_mixin.py:190} INFO - [2025-07-01T21:22:48.157+0000] {dagbag.py:588} INFO - Filling up the DagBag from /home/airflow/.local/lib/python3.12/site-packages/airflow/example_dags/example_workday_timetable.py
[2025-07-01T21:22:48.172+0000] {processor.py:925} INFO - DAG(s) 'example_workday_timetable' retrieved from /home/airflow/.local/lib/python3.12/site-packages/airflow/example_dags/example_workday_timetable.py
[2025-07-01T21:22:48.203+0000] {logging_mixin.py:190} INFO - [2025-07-01T21:22:48.202+0000] {dag.py:3239} INFO - Sync 1 DAGs
[2025-07-01T21:22:48.284+0000] {logging_mixin.py:190} INFO - [2025-07-01T21:22:48.284+0000] {dag.py:4180} INFO - Setting next_dagrun for example_workday_timetable to 2021-01-04 00:00:00+00:00, run_after=2021-01-05 00:00:00+00:00
[2025-07-01T21:22:48.305+0000] {processor.py:208} INFO - Processing /home/airflow/.local/lib/python3.12/site-packages/airflow/example_dags/example_workday_timetable.py took 0.165 seconds
[2025-07-01T21:23:18.642+0000] {processor.py:186} INFO - Started process (PID=2208) to work on /home/airflow/.local/lib/python3.12/site-packages/airflow/example_dags/example_workday_timetable.py
[2025-07-01T21:23:18.643+0000] {processor.py:914} INFO - Processing file /home/airflow/.local/lib/python3.12/site-packages/airflow/example_dags/example_workday_timetable.py for tasks to queue
[2025-07-01T21:23:18.647+0000] {logging_mixin.py:190} INFO - [2025-07-01T21:23:18.646+0000] {dagbag.py:588} INFO - Filling up the DagBag from /home/airflow/.local/lib/python3.12/site-packages/airflow/example_dags/example_workday_timetable.py
[2025-07-01T21:23:18.656+0000] {processor.py:925} INFO - DAG(s) 'example_workday_timetable' retrieved from /home/airflow/.local/lib/python3.12/site-packages/airflow/example_dags/example_workday_timetable.py
[2025-07-01T21:23:18.685+0000] {logging_mixin.py:190} INFO - [2025-07-01T21:23:18.684+0000] {dag.py:3239} INFO - Sync 1 DAGs
[2025-07-01T21:23:18.777+0000] {logging_mixin.py:190} INFO - [2025-07-01T21:23:18.777+0000] {dag.py:4180} INFO - Setting next_dagrun for example_workday_timetable to 2021-01-04 00:00:00+00:00, run_after=2021-01-05 00:00:00+00:00
[2025-07-01T21:23:18.803+0000] {processor.py:208} INFO - Processing /home/airflow/.local/lib/python3.12/site-packages/airflow/example_dags/example_workday_timetable.py took 0.170 seconds
[2025-07-01T21:23:49.144+0000] {processor.py:186} INFO - Started process (PID=2270) to work on /home/airflow/.local/lib/python3.12/site-packages/airflow/example_dags/example_workday_timetable.py
[2025-07-01T21:23:49.151+0000] {processor.py:914} INFO - Processing file /home/airflow/.local/lib/python3.12/site-packages/airflow/example_dags/example_workday_timetable.py for tasks to queue
[2025-07-01T21:23:49.155+0000] {logging_mixin.py:190} INFO - [2025-07-01T21:23:49.154+0000] {dagbag.py:588} INFO - Filling up the DagBag from /home/airflow/.local/lib/python3.12/site-packages/airflow/example_dags/example_workday_timetable.py
[2025-07-01T21:23:49.164+0000] {processor.py:925} INFO - DAG(s) 'example_workday_timetable' retrieved from /home/airflow/.local/lib/python3.12/site-packages/airflow/example_dags/example_workday_timetable.py
[2025-07-01T21:23:49.195+0000] {logging_mixin.py:190} INFO - [2025-07-01T21:23:49.195+0000] {dag.py:3239} INFO - Sync 1 DAGs
[2025-07-01T21:23:49.320+0000] {logging_mixin.py:190} INFO - [2025-07-01T21:23:49.320+0000] {dag.py:4180} INFO - Setting next_dagrun for example_workday_timetable to 2021-01-04 00:00:00+00:00, run_after=2021-01-05 00:00:00+00:00
[2025-07-01T21:23:49.351+0000] {processor.py:208} INFO - Processing /home/airflow/.local/lib/python3.12/site-packages/airflow/example_dags/example_workday_timetable.py took 0.215 seconds
[2025-07-01T21:24:19.589+0000] {processor.py:186} INFO - Started process (PID=2334) to work on /home/airflow/.local/lib/python3.12/site-packages/airflow/example_dags/example_workday_timetable.py
[2025-07-01T21:24:19.590+0000] {processor.py:914} INFO - Processing file /home/airflow/.local/lib/python3.12/site-packages/airflow/example_dags/example_workday_timetable.py for tasks to queue
[2025-07-01T21:24:19.593+0000] {logging_mixin.py:190} INFO - [2025-07-01T21:24:19.593+0000] {dagbag.py:588} INFO - Filling up the DagBag from /home/airflow/.local/lib/python3.12/site-packages/airflow/example_dags/example_workday_timetable.py
[2025-07-01T21:24:19.603+0000] {processor.py:925} INFO - DAG(s) 'example_workday_timetable' retrieved from /home/airflow/.local/lib/python3.12/site-packages/airflow/example_dags/example_workday_timetable.py
[2025-07-01T21:24:19.637+0000] {logging_mixin.py:190} INFO - [2025-07-01T21:24:19.637+0000] {dag.py:3239} INFO - Sync 1 DAGs
[2025-07-01T21:24:19.732+0000] {logging_mixin.py:190} INFO - [2025-07-01T21:24:19.731+0000] {dag.py:4180} INFO - Setting next_dagrun for example_workday_timetable to 2021-01-04 00:00:00+00:00, run_after=2021-01-05 00:00:00+00:00
[2025-07-01T21:24:19.754+0000] {processor.py:208} INFO - Processing /home/airflow/.local/lib/python3.12/site-packages/airflow/example_dags/example_workday_timetable.py took 0.173 seconds
