[2025-07-01T17:21:04.178+0000] {processor.py:186} INFO - Started process (PID=6314) to work on /home/airflow/.local/lib/python3.12/site-packages/airflow/example_dags/example_sensors.py
[2025-07-01T17:21:04.180+0000] {processor.py:914} INFO - Processing file /home/airflow/.local/lib/python3.12/site-packages/airflow/example_dags/example_sensors.py for tasks to queue
[2025-07-01T17:21:04.184+0000] {logging_mixin.py:190} INFO - [2025-07-01T17:21:04.183+0000] {dagbag.py:588} INFO - Filling up the DagBag from /home/airflow/.local/lib/python3.12/site-packages/airflow/example_dags/example_sensors.py
[2025-07-01T17:21:04.207+0000] {processor.py:925} INFO - DAG(s) 'example_sensors' retrieved from /home/airflow/.local/lib/python3.12/site-packages/airflow/example_dags/example_sensors.py
[2025-07-01T17:21:04.261+0000] {logging_mixin.py:190} INFO - [2025-07-01T17:21:04.261+0000] {dag.py:3239} INFO - Sync 1 DAGs
[2025-07-01T17:21:04.292+0000] {logging_mixin.py:190} INFO - [2025-07-01T17:21:04.291+0000] {dag.py:4180} INFO - Setting next_dagrun for example_sensors to None, run_after=None
[2025-07-01T17:21:04.333+0000] {processor.py:208} INFO - Processing /home/airflow/.local/lib/python3.12/site-packages/airflow/example_dags/example_sensors.py took 0.169 seconds
[2025-07-01T21:05:59.709+0000] {processor.py:186} INFO - Started process (PID=103) to work on /home/airflow/.local/lib/python3.12/site-packages/airflow/example_dags/example_sensors.py
[2025-07-01T21:05:59.710+0000] {processor.py:914} INFO - Processing file /home/airflow/.local/lib/python3.12/site-packages/airflow/example_dags/example_sensors.py for tasks to queue
[2025-07-01T21:05:59.715+0000] {logging_mixin.py:190} INFO - [2025-07-01T21:05:59.714+0000] {dagbag.py:588} INFO - Filling up the DagBag from /home/airflow/.local/lib/python3.12/site-packages/airflow/example_dags/example_sensors.py
[2025-07-01T21:05:59.738+0000] {processor.py:925} INFO - DAG(s) 'example_sensors' retrieved from /home/airflow/.local/lib/python3.12/site-packages/airflow/example_dags/example_sensors.py
[2025-07-01T21:05:59.785+0000] {logging_mixin.py:190} INFO - [2025-07-01T21:05:59.784+0000] {dag.py:3239} INFO - Sync 1 DAGs
[2025-07-01T21:05:59.805+0000] {logging_mixin.py:190} INFO - [2025-07-01T21:05:59.805+0000] {dag.py:4180} INFO - Setting next_dagrun for example_sensors to None, run_after=None
[2025-07-01T21:05:59.837+0000] {processor.py:208} INFO - Processing /home/airflow/.local/lib/python3.12/site-packages/airflow/example_dags/example_sensors.py took 0.136 seconds
[2025-07-01T21:06:30.570+0000] {processor.py:186} INFO - Started process (PID=166) to work on /home/airflow/.local/lib/python3.12/site-packages/airflow/example_dags/example_sensors.py
[2025-07-01T21:06:30.571+0000] {processor.py:914} INFO - Processing file /home/airflow/.local/lib/python3.12/site-packages/airflow/example_dags/example_sensors.py for tasks to queue
[2025-07-01T21:06:30.574+0000] {logging_mixin.py:190} INFO - [2025-07-01T21:06:30.573+0000] {dagbag.py:588} INFO - Filling up the DagBag from /home/airflow/.local/lib/python3.12/site-packages/airflow/example_dags/example_sensors.py
[2025-07-01T21:06:30.590+0000] {processor.py:925} INFO - DAG(s) 'example_sensors' retrieved from /home/airflow/.local/lib/python3.12/site-packages/airflow/example_dags/example_sensors.py
[2025-07-01T21:06:30.621+0000] {logging_mixin.py:190} INFO - [2025-07-01T21:06:30.621+0000] {dag.py:3239} INFO - Sync 1 DAGs
[2025-07-01T21:06:30.638+0000] {logging_mixin.py:190} INFO - [2025-07-01T21:06:30.638+0000] {dag.py:4180} INFO - Setting next_dagrun for example_sensors to None, run_after=None
[2025-07-01T21:06:30.661+0000] {processor.py:208} INFO - Processing /home/airflow/.local/lib/python3.12/site-packages/airflow/example_dags/example_sensors.py took 0.100 seconds
[2025-07-01T21:07:02.737+0000] {processor.py:186} INFO - Started process (PID=229) to work on /home/airflow/.local/lib/python3.12/site-packages/airflow/example_dags/example_sensors.py
[2025-07-01T21:07:02.739+0000] {processor.py:914} INFO - Processing file /home/airflow/.local/lib/python3.12/site-packages/airflow/example_dags/example_sensors.py for tasks to queue
[2025-07-01T21:07:02.743+0000] {logging_mixin.py:190} INFO - [2025-07-01T21:07:02.742+0000] {dagbag.py:588} INFO - Filling up the DagBag from /home/airflow/.local/lib/python3.12/site-packages/airflow/example_dags/example_sensors.py
[2025-07-01T21:07:02.768+0000] {processor.py:925} INFO - DAG(s) 'example_sensors' retrieved from /home/airflow/.local/lib/python3.12/site-packages/airflow/example_dags/example_sensors.py
[2025-07-01T21:07:02.829+0000] {logging_mixin.py:190} INFO - [2025-07-01T21:07:02.828+0000] {dag.py:3239} INFO - Sync 1 DAGs
[2025-07-01T21:07:02.860+0000] {logging_mixin.py:190} INFO - [2025-07-01T21:07:02.860+0000] {dag.py:4180} INFO - Setting next_dagrun for example_sensors to None, run_after=None
[2025-07-01T21:07:02.901+0000] {processor.py:208} INFO - Processing /home/airflow/.local/lib/python3.12/site-packages/airflow/example_dags/example_sensors.py took 0.178 seconds
[2025-07-01T21:07:37.369+0000] {processor.py:186} INFO - Started process (PID=292) to work on /home/airflow/.local/lib/python3.12/site-packages/airflow/example_dags/example_sensors.py
[2025-07-01T21:07:37.372+0000] {processor.py:914} INFO - Processing file /home/airflow/.local/lib/python3.12/site-packages/airflow/example_dags/example_sensors.py for tasks to queue
[2025-07-01T21:07:37.378+0000] {logging_mixin.py:190} INFO - [2025-07-01T21:07:37.377+0000] {dagbag.py:588} INFO - Filling up the DagBag from /home/airflow/.local/lib/python3.12/site-packages/airflow/example_dags/example_sensors.py
[2025-07-01T21:07:37.397+0000] {processor.py:925} INFO - DAG(s) 'example_sensors' retrieved from /home/airflow/.local/lib/python3.12/site-packages/airflow/example_dags/example_sensors.py
[2025-07-01T21:07:37.459+0000] {logging_mixin.py:190} INFO - [2025-07-01T21:07:37.458+0000] {dag.py:3239} INFO - Sync 1 DAGs
[2025-07-01T21:07:37.487+0000] {logging_mixin.py:190} INFO - [2025-07-01T21:07:37.487+0000] {dag.py:4180} INFO - Setting next_dagrun for example_sensors to None, run_after=None
[2025-07-01T21:07:37.521+0000] {processor.py:208} INFO - Processing /home/airflow/.local/lib/python3.12/site-packages/airflow/example_dags/example_sensors.py took 0.170 seconds
[2025-07-01T21:08:10.758+0000] {processor.py:186} INFO - Started process (PID=355) to work on /home/airflow/.local/lib/python3.12/site-packages/airflow/example_dags/example_sensors.py
[2025-07-01T21:08:10.760+0000] {processor.py:914} INFO - Processing file /home/airflow/.local/lib/python3.12/site-packages/airflow/example_dags/example_sensors.py for tasks to queue
[2025-07-01T21:08:10.770+0000] {logging_mixin.py:190} INFO - [2025-07-01T21:08:10.767+0000] {dagbag.py:588} INFO - Filling up the DagBag from /home/airflow/.local/lib/python3.12/site-packages/airflow/example_dags/example_sensors.py
[2025-07-01T21:08:10.826+0000] {processor.py:925} INFO - DAG(s) 'example_sensors' retrieved from /home/airflow/.local/lib/python3.12/site-packages/airflow/example_dags/example_sensors.py
[2025-07-01T21:08:11.030+0000] {logging_mixin.py:190} INFO - [2025-07-01T21:08:11.030+0000] {dag.py:3239} INFO - Sync 1 DAGs
[2025-07-01T21:08:11.172+0000] {logging_mixin.py:190} INFO - [2025-07-01T21:08:11.171+0000] {dag.py:4180} INFO - Setting next_dagrun for example_sensors to None, run_after=None
[2025-07-01T21:08:11.325+0000] {processor.py:208} INFO - Processing /home/airflow/.local/lib/python3.12/site-packages/airflow/example_dags/example_sensors.py took 0.585 seconds
[2025-07-01T21:08:42.271+0000] {processor.py:186} INFO - Started process (PID=418) to work on /home/airflow/.local/lib/python3.12/site-packages/airflow/example_dags/example_sensors.py
[2025-07-01T21:08:42.272+0000] {processor.py:914} INFO - Processing file /home/airflow/.local/lib/python3.12/site-packages/airflow/example_dags/example_sensors.py for tasks to queue
[2025-07-01T21:08:42.275+0000] {logging_mixin.py:190} INFO - [2025-07-01T21:08:42.275+0000] {dagbag.py:588} INFO - Filling up the DagBag from /home/airflow/.local/lib/python3.12/site-packages/airflow/example_dags/example_sensors.py
[2025-07-01T21:08:42.289+0000] {processor.py:925} INFO - DAG(s) 'example_sensors' retrieved from /home/airflow/.local/lib/python3.12/site-packages/airflow/example_dags/example_sensors.py
[2025-07-01T21:08:42.324+0000] {logging_mixin.py:190} INFO - [2025-07-01T21:08:42.323+0000] {dag.py:3239} INFO - Sync 1 DAGs
[2025-07-01T21:08:42.349+0000] {logging_mixin.py:190} INFO - [2025-07-01T21:08:42.348+0000] {dag.py:4180} INFO - Setting next_dagrun for example_sensors to None, run_after=None
[2025-07-01T21:08:42.376+0000] {processor.py:208} INFO - Processing /home/airflow/.local/lib/python3.12/site-packages/airflow/example_dags/example_sensors.py took 0.115 seconds
[2025-07-01T21:09:12.511+0000] {processor.py:186} INFO - Started process (PID=480) to work on /home/airflow/.local/lib/python3.12/site-packages/airflow/example_dags/example_sensors.py
[2025-07-01T21:09:12.517+0000] {processor.py:914} INFO - Processing file /home/airflow/.local/lib/python3.12/site-packages/airflow/example_dags/example_sensors.py for tasks to queue
[2025-07-01T21:09:12.520+0000] {logging_mixin.py:190} INFO - [2025-07-01T21:09:12.520+0000] {dagbag.py:588} INFO - Filling up the DagBag from /home/airflow/.local/lib/python3.12/site-packages/airflow/example_dags/example_sensors.py
[2025-07-01T21:09:12.532+0000] {processor.py:925} INFO - DAG(s) 'example_sensors' retrieved from /home/airflow/.local/lib/python3.12/site-packages/airflow/example_dags/example_sensors.py
[2025-07-01T21:09:12.562+0000] {logging_mixin.py:190} INFO - [2025-07-01T21:09:12.562+0000] {dag.py:3239} INFO - Sync 1 DAGs
[2025-07-01T21:09:12.589+0000] {logging_mixin.py:190} INFO - [2025-07-01T21:09:12.589+0000] {dag.py:4180} INFO - Setting next_dagrun for example_sensors to None, run_after=None
[2025-07-01T21:09:12.618+0000] {processor.py:208} INFO - Processing /home/airflow/.local/lib/python3.12/site-packages/airflow/example_dags/example_sensors.py took 0.114 seconds
[2025-07-01T21:09:43.253+0000] {processor.py:186} INFO - Started process (PID=543) to work on /home/airflow/.local/lib/python3.12/site-packages/airflow/example_dags/example_sensors.py
[2025-07-01T21:09:43.260+0000] {processor.py:914} INFO - Processing file /home/airflow/.local/lib/python3.12/site-packages/airflow/example_dags/example_sensors.py for tasks to queue
[2025-07-01T21:09:43.263+0000] {logging_mixin.py:190} INFO - [2025-07-01T21:09:43.263+0000] {dagbag.py:588} INFO - Filling up the DagBag from /home/airflow/.local/lib/python3.12/site-packages/airflow/example_dags/example_sensors.py
[2025-07-01T21:09:43.278+0000] {processor.py:925} INFO - DAG(s) 'example_sensors' retrieved from /home/airflow/.local/lib/python3.12/site-packages/airflow/example_dags/example_sensors.py
[2025-07-01T21:09:43.320+0000] {logging_mixin.py:190} INFO - [2025-07-01T21:09:43.320+0000] {dag.py:3239} INFO - Sync 1 DAGs
[2025-07-01T21:09:43.356+0000] {logging_mixin.py:190} INFO - [2025-07-01T21:09:43.356+0000] {dag.py:4180} INFO - Setting next_dagrun for example_sensors to None, run_after=None
[2025-07-01T21:09:43.385+0000] {processor.py:208} INFO - Processing /home/airflow/.local/lib/python3.12/site-packages/airflow/example_dags/example_sensors.py took 0.141 seconds
[2025-07-01T21:10:13.709+0000] {processor.py:186} INFO - Started process (PID=606) to work on /home/airflow/.local/lib/python3.12/site-packages/airflow/example_dags/example_sensors.py
[2025-07-01T21:10:13.716+0000] {processor.py:914} INFO - Processing file /home/airflow/.local/lib/python3.12/site-packages/airflow/example_dags/example_sensors.py for tasks to queue
[2025-07-01T21:10:13.719+0000] {logging_mixin.py:190} INFO - [2025-07-01T21:10:13.718+0000] {dagbag.py:588} INFO - Filling up the DagBag from /home/airflow/.local/lib/python3.12/site-packages/airflow/example_dags/example_sensors.py
[2025-07-01T21:10:13.730+0000] {processor.py:925} INFO - DAG(s) 'example_sensors' retrieved from /home/airflow/.local/lib/python3.12/site-packages/airflow/example_dags/example_sensors.py
[2025-07-01T21:10:13.771+0000] {logging_mixin.py:190} INFO - [2025-07-01T21:10:13.770+0000] {dag.py:3239} INFO - Sync 1 DAGs
[2025-07-01T21:10:13.791+0000] {logging_mixin.py:190} INFO - [2025-07-01T21:10:13.791+0000] {dag.py:4180} INFO - Setting next_dagrun for example_sensors to None, run_after=None
[2025-07-01T21:10:13.815+0000] {processor.py:208} INFO - Processing /home/airflow/.local/lib/python3.12/site-packages/airflow/example_dags/example_sensors.py took 0.117 seconds
[2025-07-01T21:10:44.599+0000] {processor.py:186} INFO - Started process (PID=669) to work on /home/airflow/.local/lib/python3.12/site-packages/airflow/example_dags/example_sensors.py
[2025-07-01T21:10:44.600+0000] {processor.py:914} INFO - Processing file /home/airflow/.local/lib/python3.12/site-packages/airflow/example_dags/example_sensors.py for tasks to queue
[2025-07-01T21:10:44.603+0000] {logging_mixin.py:190} INFO - [2025-07-01T21:10:44.603+0000] {dagbag.py:588} INFO - Filling up the DagBag from /home/airflow/.local/lib/python3.12/site-packages/airflow/example_dags/example_sensors.py
[2025-07-01T21:10:44.619+0000] {processor.py:925} INFO - DAG(s) 'example_sensors' retrieved from /home/airflow/.local/lib/python3.12/site-packages/airflow/example_dags/example_sensors.py
[2025-07-01T21:10:44.658+0000] {logging_mixin.py:190} INFO - [2025-07-01T21:10:44.657+0000] {dag.py:3239} INFO - Sync 1 DAGs
[2025-07-01T21:10:44.683+0000] {logging_mixin.py:190} INFO - [2025-07-01T21:10:44.682+0000] {dag.py:4180} INFO - Setting next_dagrun for example_sensors to None, run_after=None
[2025-07-01T21:10:44.709+0000] {processor.py:208} INFO - Processing /home/airflow/.local/lib/python3.12/site-packages/airflow/example_dags/example_sensors.py took 0.117 seconds
[2025-07-01T21:11:15.471+0000] {processor.py:186} INFO - Started process (PID=732) to work on /home/airflow/.local/lib/python3.12/site-packages/airflow/example_dags/example_sensors.py
[2025-07-01T21:11:15.472+0000] {processor.py:914} INFO - Processing file /home/airflow/.local/lib/python3.12/site-packages/airflow/example_dags/example_sensors.py for tasks to queue
[2025-07-01T21:11:15.476+0000] {logging_mixin.py:190} INFO - [2025-07-01T21:11:15.476+0000] {dagbag.py:588} INFO - Filling up the DagBag from /home/airflow/.local/lib/python3.12/site-packages/airflow/example_dags/example_sensors.py
[2025-07-01T21:11:15.493+0000] {processor.py:925} INFO - DAG(s) 'example_sensors' retrieved from /home/airflow/.local/lib/python3.12/site-packages/airflow/example_dags/example_sensors.py
[2025-07-01T21:11:15.540+0000] {logging_mixin.py:190} INFO - [2025-07-01T21:11:15.539+0000] {dag.py:3239} INFO - Sync 1 DAGs
[2025-07-01T21:11:15.570+0000] {logging_mixin.py:190} INFO - [2025-07-01T21:11:15.569+0000] {dag.py:4180} INFO - Setting next_dagrun for example_sensors to None, run_after=None
[2025-07-01T21:11:15.592+0000] {processor.py:208} INFO - Processing /home/airflow/.local/lib/python3.12/site-packages/airflow/example_dags/example_sensors.py took 0.134 seconds
[2025-07-01T21:11:46.201+0000] {processor.py:186} INFO - Started process (PID=795) to work on /home/airflow/.local/lib/python3.12/site-packages/airflow/example_dags/example_sensors.py
[2025-07-01T21:11:46.208+0000] {processor.py:914} INFO - Processing file /home/airflow/.local/lib/python3.12/site-packages/airflow/example_dags/example_sensors.py for tasks to queue
[2025-07-01T21:11:46.212+0000] {logging_mixin.py:190} INFO - [2025-07-01T21:11:46.211+0000] {dagbag.py:588} INFO - Filling up the DagBag from /home/airflow/.local/lib/python3.12/site-packages/airflow/example_dags/example_sensors.py
[2025-07-01T21:11:46.229+0000] {processor.py:925} INFO - DAG(s) 'example_sensors' retrieved from /home/airflow/.local/lib/python3.12/site-packages/airflow/example_dags/example_sensors.py
[2025-07-01T21:11:46.261+0000] {logging_mixin.py:190} INFO - [2025-07-01T21:11:46.261+0000] {dag.py:3239} INFO - Sync 1 DAGs
[2025-07-01T21:11:46.278+0000] {logging_mixin.py:190} INFO - [2025-07-01T21:11:46.278+0000] {dag.py:4180} INFO - Setting next_dagrun for example_sensors to None, run_after=None
[2025-07-01T21:11:46.305+0000] {processor.py:208} INFO - Processing /home/airflow/.local/lib/python3.12/site-packages/airflow/example_dags/example_sensors.py took 0.116 seconds
[2025-07-01T21:12:16.772+0000] {processor.py:186} INFO - Started process (PID=858) to work on /home/airflow/.local/lib/python3.12/site-packages/airflow/example_dags/example_sensors.py
[2025-07-01T21:12:16.773+0000] {processor.py:914} INFO - Processing file /home/airflow/.local/lib/python3.12/site-packages/airflow/example_dags/example_sensors.py for tasks to queue
[2025-07-01T21:12:16.778+0000] {logging_mixin.py:190} INFO - [2025-07-01T21:12:16.777+0000] {dagbag.py:588} INFO - Filling up the DagBag from /home/airflow/.local/lib/python3.12/site-packages/airflow/example_dags/example_sensors.py
[2025-07-01T21:12:16.799+0000] {processor.py:925} INFO - DAG(s) 'example_sensors' retrieved from /home/airflow/.local/lib/python3.12/site-packages/airflow/example_dags/example_sensors.py
[2025-07-01T21:12:16.843+0000] {logging_mixin.py:190} INFO - [2025-07-01T21:12:16.842+0000] {dag.py:3239} INFO - Sync 1 DAGs
[2025-07-01T21:12:16.864+0000] {logging_mixin.py:190} INFO - [2025-07-01T21:12:16.864+0000] {dag.py:4180} INFO - Setting next_dagrun for example_sensors to None, run_after=None
[2025-07-01T21:12:16.898+0000] {processor.py:208} INFO - Processing /home/airflow/.local/lib/python3.12/site-packages/airflow/example_dags/example_sensors.py took 0.135 seconds
[2025-07-01T21:12:47.184+0000] {processor.py:186} INFO - Started process (PID=921) to work on /home/airflow/.local/lib/python3.12/site-packages/airflow/example_dags/example_sensors.py
[2025-07-01T21:12:47.191+0000] {processor.py:914} INFO - Processing file /home/airflow/.local/lib/python3.12/site-packages/airflow/example_dags/example_sensors.py for tasks to queue
[2025-07-01T21:12:47.194+0000] {logging_mixin.py:190} INFO - [2025-07-01T21:12:47.194+0000] {dagbag.py:588} INFO - Filling up the DagBag from /home/airflow/.local/lib/python3.12/site-packages/airflow/example_dags/example_sensors.py
[2025-07-01T21:12:47.209+0000] {processor.py:925} INFO - DAG(s) 'example_sensors' retrieved from /home/airflow/.local/lib/python3.12/site-packages/airflow/example_dags/example_sensors.py
[2025-07-01T21:12:47.253+0000] {logging_mixin.py:190} INFO - [2025-07-01T21:12:47.253+0000] {dag.py:3239} INFO - Sync 1 DAGs
[2025-07-01T21:12:47.279+0000] {logging_mixin.py:190} INFO - [2025-07-01T21:12:47.278+0000] {dag.py:4180} INFO - Setting next_dagrun for example_sensors to None, run_after=None
[2025-07-01T21:12:47.307+0000] {processor.py:208} INFO - Processing /home/airflow/.local/lib/python3.12/site-packages/airflow/example_dags/example_sensors.py took 0.134 seconds
[2025-07-01T21:13:18.201+0000] {processor.py:186} INFO - Started process (PID=984) to work on /home/airflow/.local/lib/python3.12/site-packages/airflow/example_dags/example_sensors.py
[2025-07-01T21:13:18.202+0000] {processor.py:914} INFO - Processing file /home/airflow/.local/lib/python3.12/site-packages/airflow/example_dags/example_sensors.py for tasks to queue
[2025-07-01T21:13:18.207+0000] {logging_mixin.py:190} INFO - [2025-07-01T21:13:18.206+0000] {dagbag.py:588} INFO - Filling up the DagBag from /home/airflow/.local/lib/python3.12/site-packages/airflow/example_dags/example_sensors.py
[2025-07-01T21:13:18.229+0000] {processor.py:925} INFO - DAG(s) 'example_sensors' retrieved from /home/airflow/.local/lib/python3.12/site-packages/airflow/example_dags/example_sensors.py
[2025-07-01T21:13:18.295+0000] {logging_mixin.py:190} INFO - [2025-07-01T21:13:18.295+0000] {dag.py:3239} INFO - Sync 1 DAGs
[2025-07-01T21:13:18.329+0000] {logging_mixin.py:190} INFO - [2025-07-01T21:13:18.329+0000] {dag.py:4180} INFO - Setting next_dagrun for example_sensors to None, run_after=None
[2025-07-01T21:13:18.384+0000] {processor.py:208} INFO - Processing /home/airflow/.local/lib/python3.12/site-packages/airflow/example_dags/example_sensors.py took 0.197 seconds
[2025-07-01T21:13:48.627+0000] {processor.py:186} INFO - Started process (PID=1047) to work on /home/airflow/.local/lib/python3.12/site-packages/airflow/example_dags/example_sensors.py
[2025-07-01T21:13:48.629+0000] {processor.py:914} INFO - Processing file /home/airflow/.local/lib/python3.12/site-packages/airflow/example_dags/example_sensors.py for tasks to queue
[2025-07-01T21:13:48.634+0000] {logging_mixin.py:190} INFO - [2025-07-01T21:13:48.633+0000] {dagbag.py:588} INFO - Filling up the DagBag from /home/airflow/.local/lib/python3.12/site-packages/airflow/example_dags/example_sensors.py
[2025-07-01T21:13:48.662+0000] {processor.py:925} INFO - DAG(s) 'example_sensors' retrieved from /home/airflow/.local/lib/python3.12/site-packages/airflow/example_dags/example_sensors.py
[2025-07-01T21:13:48.741+0000] {logging_mixin.py:190} INFO - [2025-07-01T21:13:48.740+0000] {dag.py:3239} INFO - Sync 1 DAGs
[2025-07-01T21:13:48.775+0000] {logging_mixin.py:190} INFO - [2025-07-01T21:13:48.774+0000] {dag.py:4180} INFO - Setting next_dagrun for example_sensors to None, run_after=None
[2025-07-01T21:13:48.828+0000] {processor.py:208} INFO - Processing /home/airflow/.local/lib/python3.12/site-packages/airflow/example_dags/example_sensors.py took 0.223 seconds
[2025-07-01T21:14:19.140+0000] {processor.py:186} INFO - Started process (PID=1110) to work on /home/airflow/.local/lib/python3.12/site-packages/airflow/example_dags/example_sensors.py
[2025-07-01T21:14:19.144+0000] {processor.py:914} INFO - Processing file /home/airflow/.local/lib/python3.12/site-packages/airflow/example_dags/example_sensors.py for tasks to queue
[2025-07-01T21:14:19.153+0000] {logging_mixin.py:190} INFO - [2025-07-01T21:14:19.152+0000] {dagbag.py:588} INFO - Filling up the DagBag from /home/airflow/.local/lib/python3.12/site-packages/airflow/example_dags/example_sensors.py
[2025-07-01T21:14:19.182+0000] {processor.py:925} INFO - DAG(s) 'example_sensors' retrieved from /home/airflow/.local/lib/python3.12/site-packages/airflow/example_dags/example_sensors.py
[2025-07-01T21:14:19.238+0000] {logging_mixin.py:190} INFO - [2025-07-01T21:14:19.238+0000] {dag.py:3239} INFO - Sync 1 DAGs
[2025-07-01T21:14:19.263+0000] {logging_mixin.py:190} INFO - [2025-07-01T21:14:19.263+0000] {dag.py:4180} INFO - Setting next_dagrun for example_sensors to None, run_after=None
[2025-07-01T21:14:19.292+0000] {processor.py:208} INFO - Processing /home/airflow/.local/lib/python3.12/site-packages/airflow/example_dags/example_sensors.py took 0.175 seconds
[2025-07-01T21:14:49.685+0000] {processor.py:186} INFO - Started process (PID=1173) to work on /home/airflow/.local/lib/python3.12/site-packages/airflow/example_dags/example_sensors.py
[2025-07-01T21:14:49.692+0000] {processor.py:914} INFO - Processing file /home/airflow/.local/lib/python3.12/site-packages/airflow/example_dags/example_sensors.py for tasks to queue
[2025-07-01T21:14:49.695+0000] {logging_mixin.py:190} INFO - [2025-07-01T21:14:49.695+0000] {dagbag.py:588} INFO - Filling up the DagBag from /home/airflow/.local/lib/python3.12/site-packages/airflow/example_dags/example_sensors.py
[2025-07-01T21:14:49.708+0000] {processor.py:925} INFO - DAG(s) 'example_sensors' retrieved from /home/airflow/.local/lib/python3.12/site-packages/airflow/example_dags/example_sensors.py
[2025-07-01T21:14:49.746+0000] {logging_mixin.py:190} INFO - [2025-07-01T21:14:49.745+0000] {dag.py:3239} INFO - Sync 1 DAGs
[2025-07-01T21:14:49.765+0000] {logging_mixin.py:190} INFO - [2025-07-01T21:14:49.764+0000] {dag.py:4180} INFO - Setting next_dagrun for example_sensors to None, run_after=None
[2025-07-01T21:14:49.791+0000] {processor.py:208} INFO - Processing /home/airflow/.local/lib/python3.12/site-packages/airflow/example_dags/example_sensors.py took 0.115 seconds
[2025-07-01T21:15:20.096+0000] {processor.py:186} INFO - Started process (PID=1236) to work on /home/airflow/.local/lib/python3.12/site-packages/airflow/example_dags/example_sensors.py
[2025-07-01T21:15:20.098+0000] {processor.py:914} INFO - Processing file /home/airflow/.local/lib/python3.12/site-packages/airflow/example_dags/example_sensors.py for tasks to queue
[2025-07-01T21:15:20.102+0000] {logging_mixin.py:190} INFO - [2025-07-01T21:15:20.101+0000] {dagbag.py:588} INFO - Filling up the DagBag from /home/airflow/.local/lib/python3.12/site-packages/airflow/example_dags/example_sensors.py
[2025-07-01T21:15:20.120+0000] {processor.py:925} INFO - DAG(s) 'example_sensors' retrieved from /home/airflow/.local/lib/python3.12/site-packages/airflow/example_dags/example_sensors.py
[2025-07-01T21:15:20.156+0000] {logging_mixin.py:190} INFO - [2025-07-01T21:15:20.155+0000] {dag.py:3239} INFO - Sync 1 DAGs
[2025-07-01T21:15:20.175+0000] {logging_mixin.py:190} INFO - [2025-07-01T21:15:20.174+0000] {dag.py:4180} INFO - Setting next_dagrun for example_sensors to None, run_after=None
[2025-07-01T21:15:20.198+0000] {processor.py:208} INFO - Processing /home/airflow/.local/lib/python3.12/site-packages/airflow/example_dags/example_sensors.py took 0.110 seconds
[2025-07-01T21:15:50.995+0000] {processor.py:186} INFO - Started process (PID=1299) to work on /home/airflow/.local/lib/python3.12/site-packages/airflow/example_dags/example_sensors.py
[2025-07-01T21:15:50.997+0000] {processor.py:914} INFO - Processing file /home/airflow/.local/lib/python3.12/site-packages/airflow/example_dags/example_sensors.py for tasks to queue
[2025-07-01T21:15:51.002+0000] {logging_mixin.py:190} INFO - [2025-07-01T21:15:51.001+0000] {dagbag.py:588} INFO - Filling up the DagBag from /home/airflow/.local/lib/python3.12/site-packages/airflow/example_dags/example_sensors.py
[2025-07-01T21:15:51.022+0000] {processor.py:925} INFO - DAG(s) 'example_sensors' retrieved from /home/airflow/.local/lib/python3.12/site-packages/airflow/example_dags/example_sensors.py
[2025-07-01T21:15:51.064+0000] {logging_mixin.py:190} INFO - [2025-07-01T21:15:51.064+0000] {dag.py:3239} INFO - Sync 1 DAGs
[2025-07-01T21:15:51.089+0000] {logging_mixin.py:190} INFO - [2025-07-01T21:15:51.089+0000] {dag.py:4180} INFO - Setting next_dagrun for example_sensors to None, run_after=None
[2025-07-01T21:15:51.115+0000] {processor.py:208} INFO - Processing /home/airflow/.local/lib/python3.12/site-packages/airflow/example_dags/example_sensors.py took 0.149 seconds
[2025-07-01T21:16:21.868+0000] {processor.py:186} INFO - Started process (PID=1368) to work on /home/airflow/.local/lib/python3.12/site-packages/airflow/example_dags/example_sensors.py
[2025-07-01T21:16:21.870+0000] {processor.py:914} INFO - Processing file /home/airflow/.local/lib/python3.12/site-packages/airflow/example_dags/example_sensors.py for tasks to queue
[2025-07-01T21:16:21.874+0000] {logging_mixin.py:190} INFO - [2025-07-01T21:16:21.874+0000] {dagbag.py:588} INFO - Filling up the DagBag from /home/airflow/.local/lib/python3.12/site-packages/airflow/example_dags/example_sensors.py
[2025-07-01T21:16:21.900+0000] {processor.py:925} INFO - DAG(s) 'example_sensors' retrieved from /home/airflow/.local/lib/python3.12/site-packages/airflow/example_dags/example_sensors.py
[2025-07-01T21:16:22.003+0000] {logging_mixin.py:190} INFO - [2025-07-01T21:16:22.002+0000] {dag.py:3239} INFO - Sync 1 DAGs
[2025-07-01T21:16:22.045+0000] {logging_mixin.py:190} INFO - [2025-07-01T21:16:22.045+0000] {dag.py:4180} INFO - Setting next_dagrun for example_sensors to None, run_after=None
[2025-07-01T21:16:22.105+0000] {processor.py:208} INFO - Processing /home/airflow/.local/lib/python3.12/site-packages/airflow/example_dags/example_sensors.py took 0.253 seconds
[2025-07-01T21:16:52.535+0000] {processor.py:186} INFO - Started process (PID=1431) to work on /home/airflow/.local/lib/python3.12/site-packages/airflow/example_dags/example_sensors.py
[2025-07-01T21:16:52.538+0000] {processor.py:914} INFO - Processing file /home/airflow/.local/lib/python3.12/site-packages/airflow/example_dags/example_sensors.py for tasks to queue
[2025-07-01T21:16:52.542+0000] {logging_mixin.py:190} INFO - [2025-07-01T21:16:52.541+0000] {dagbag.py:588} INFO - Filling up the DagBag from /home/airflow/.local/lib/python3.12/site-packages/airflow/example_dags/example_sensors.py
[2025-07-01T21:16:52.567+0000] {processor.py:925} INFO - DAG(s) 'example_sensors' retrieved from /home/airflow/.local/lib/python3.12/site-packages/airflow/example_dags/example_sensors.py
[2025-07-01T21:16:52.631+0000] {logging_mixin.py:190} INFO - [2025-07-01T21:16:52.630+0000] {dag.py:3239} INFO - Sync 1 DAGs
[2025-07-01T21:16:52.670+0000] {logging_mixin.py:190} INFO - [2025-07-01T21:16:52.670+0000] {dag.py:4180} INFO - Setting next_dagrun for example_sensors to None, run_after=None
[2025-07-01T21:16:52.711+0000] {processor.py:208} INFO - Processing /home/airflow/.local/lib/python3.12/site-packages/airflow/example_dags/example_sensors.py took 0.186 seconds
[2025-07-01T21:17:23.733+0000] {processor.py:186} INFO - Started process (PID=1494) to work on /home/airflow/.local/lib/python3.12/site-packages/airflow/example_dags/example_sensors.py
[2025-07-01T21:17:23.737+0000] {processor.py:914} INFO - Processing file /home/airflow/.local/lib/python3.12/site-packages/airflow/example_dags/example_sensors.py for tasks to queue
[2025-07-01T21:17:23.742+0000] {logging_mixin.py:190} INFO - [2025-07-01T21:17:23.741+0000] {dagbag.py:588} INFO - Filling up the DagBag from /home/airflow/.local/lib/python3.12/site-packages/airflow/example_dags/example_sensors.py
[2025-07-01T21:17:23.765+0000] {processor.py:925} INFO - DAG(s) 'example_sensors' retrieved from /home/airflow/.local/lib/python3.12/site-packages/airflow/example_dags/example_sensors.py
[2025-07-01T21:17:23.804+0000] {logging_mixin.py:190} INFO - [2025-07-01T21:17:23.804+0000] {dag.py:3239} INFO - Sync 1 DAGs
[2025-07-01T21:17:23.826+0000] {logging_mixin.py:190} INFO - [2025-07-01T21:17:23.826+0000] {dag.py:4180} INFO - Setting next_dagrun for example_sensors to None, run_after=None
[2025-07-01T21:17:23.852+0000] {processor.py:208} INFO - Processing /home/airflow/.local/lib/python3.12/site-packages/airflow/example_dags/example_sensors.py took 0.140 seconds
[2025-07-01T21:17:54.288+0000] {processor.py:186} INFO - Started process (PID=1557) to work on /home/airflow/.local/lib/python3.12/site-packages/airflow/example_dags/example_sensors.py
[2025-07-01T21:17:54.289+0000] {processor.py:914} INFO - Processing file /home/airflow/.local/lib/python3.12/site-packages/airflow/example_dags/example_sensors.py for tasks to queue
[2025-07-01T21:17:54.293+0000] {logging_mixin.py:190} INFO - [2025-07-01T21:17:54.293+0000] {dagbag.py:588} INFO - Filling up the DagBag from /home/airflow/.local/lib/python3.12/site-packages/airflow/example_dags/example_sensors.py
[2025-07-01T21:17:54.317+0000] {processor.py:925} INFO - DAG(s) 'example_sensors' retrieved from /home/airflow/.local/lib/python3.12/site-packages/airflow/example_dags/example_sensors.py
[2025-07-01T21:17:54.368+0000] {logging_mixin.py:190} INFO - [2025-07-01T21:17:54.368+0000] {dag.py:3239} INFO - Sync 1 DAGs
[2025-07-01T21:17:54.395+0000] {logging_mixin.py:190} INFO - [2025-07-01T21:17:54.395+0000] {dag.py:4180} INFO - Setting next_dagrun for example_sensors to None, run_after=None
[2025-07-01T21:17:54.457+0000] {processor.py:208} INFO - Processing /home/airflow/.local/lib/python3.12/site-packages/airflow/example_dags/example_sensors.py took 0.187 seconds
[2025-07-01T21:18:24.718+0000] {processor.py:186} INFO - Started process (PID=1620) to work on /home/airflow/.local/lib/python3.12/site-packages/airflow/example_dags/example_sensors.py
[2025-07-01T21:18:24.719+0000] {processor.py:914} INFO - Processing file /home/airflow/.local/lib/python3.12/site-packages/airflow/example_dags/example_sensors.py for tasks to queue
[2025-07-01T21:18:24.721+0000] {logging_mixin.py:190} INFO - [2025-07-01T21:18:24.721+0000] {dagbag.py:588} INFO - Filling up the DagBag from /home/airflow/.local/lib/python3.12/site-packages/airflow/example_dags/example_sensors.py
[2025-07-01T21:18:24.733+0000] {processor.py:925} INFO - DAG(s) 'example_sensors' retrieved from /home/airflow/.local/lib/python3.12/site-packages/airflow/example_dags/example_sensors.py
[2025-07-01T21:18:24.770+0000] {logging_mixin.py:190} INFO - [2025-07-01T21:18:24.770+0000] {dag.py:3239} INFO - Sync 1 DAGs
[2025-07-01T21:18:24.792+0000] {logging_mixin.py:190} INFO - [2025-07-01T21:18:24.792+0000] {dag.py:4180} INFO - Setting next_dagrun for example_sensors to None, run_after=None
[2025-07-01T21:18:24.812+0000] {processor.py:208} INFO - Processing /home/airflow/.local/lib/python3.12/site-packages/airflow/example_dags/example_sensors.py took 0.103 seconds
[2025-07-01T21:18:54.977+0000] {processor.py:186} INFO - Started process (PID=1683) to work on /home/airflow/.local/lib/python3.12/site-packages/airflow/example_dags/example_sensors.py
[2025-07-01T21:18:54.978+0000] {processor.py:914} INFO - Processing file /home/airflow/.local/lib/python3.12/site-packages/airflow/example_dags/example_sensors.py for tasks to queue
[2025-07-01T21:18:54.980+0000] {logging_mixin.py:190} INFO - [2025-07-01T21:18:54.980+0000] {dagbag.py:588} INFO - Filling up the DagBag from /home/airflow/.local/lib/python3.12/site-packages/airflow/example_dags/example_sensors.py
[2025-07-01T21:18:54.993+0000] {processor.py:925} INFO - DAG(s) 'example_sensors' retrieved from /home/airflow/.local/lib/python3.12/site-packages/airflow/example_dags/example_sensors.py
[2025-07-01T21:18:55.031+0000] {logging_mixin.py:190} INFO - [2025-07-01T21:18:55.031+0000] {dag.py:3239} INFO - Sync 1 DAGs
[2025-07-01T21:18:55.049+0000] {logging_mixin.py:190} INFO - [2025-07-01T21:18:55.049+0000] {dag.py:4180} INFO - Setting next_dagrun for example_sensors to None, run_after=None
[2025-07-01T21:18:55.071+0000] {processor.py:208} INFO - Processing /home/airflow/.local/lib/python3.12/site-packages/airflow/example_dags/example_sensors.py took 0.101 seconds
[2025-07-01T21:19:25.283+0000] {processor.py:186} INFO - Started process (PID=1746) to work on /home/airflow/.local/lib/python3.12/site-packages/airflow/example_dags/example_sensors.py
[2025-07-01T21:19:25.284+0000] {processor.py:914} INFO - Processing file /home/airflow/.local/lib/python3.12/site-packages/airflow/example_dags/example_sensors.py for tasks to queue
[2025-07-01T21:19:25.286+0000] {logging_mixin.py:190} INFO - [2025-07-01T21:19:25.286+0000] {dagbag.py:588} INFO - Filling up the DagBag from /home/airflow/.local/lib/python3.12/site-packages/airflow/example_dags/example_sensors.py
[2025-07-01T21:19:25.298+0000] {processor.py:925} INFO - DAG(s) 'example_sensors' retrieved from /home/airflow/.local/lib/python3.12/site-packages/airflow/example_dags/example_sensors.py
[2025-07-01T21:19:25.330+0000] {logging_mixin.py:190} INFO - [2025-07-01T21:19:25.330+0000] {dag.py:3239} INFO - Sync 1 DAGs
[2025-07-01T21:19:25.346+0000] {logging_mixin.py:190} INFO - [2025-07-01T21:19:25.346+0000] {dag.py:4180} INFO - Setting next_dagrun for example_sensors to None, run_after=None
[2025-07-01T21:19:25.367+0000] {processor.py:208} INFO - Processing /home/airflow/.local/lib/python3.12/site-packages/airflow/example_dags/example_sensors.py took 0.091 seconds
[2025-07-01T21:19:55.439+0000] {processor.py:186} INFO - Started process (PID=1808) to work on /home/airflow/.local/lib/python3.12/site-packages/airflow/example_dags/example_sensors.py
[2025-07-01T21:19:55.441+0000] {processor.py:914} INFO - Processing file /home/airflow/.local/lib/python3.12/site-packages/airflow/example_dags/example_sensors.py for tasks to queue
[2025-07-01T21:19:55.446+0000] {logging_mixin.py:190} INFO - [2025-07-01T21:19:55.446+0000] {dagbag.py:588} INFO - Filling up the DagBag from /home/airflow/.local/lib/python3.12/site-packages/airflow/example_dags/example_sensors.py
[2025-07-01T21:19:55.492+0000] {processor.py:925} INFO - DAG(s) 'example_sensors' retrieved from /home/airflow/.local/lib/python3.12/site-packages/airflow/example_dags/example_sensors.py
[2025-07-01T21:19:55.548+0000] {logging_mixin.py:190} INFO - [2025-07-01T21:19:55.548+0000] {dag.py:3239} INFO - Sync 1 DAGs
[2025-07-01T21:19:55.579+0000] {logging_mixin.py:190} INFO - [2025-07-01T21:19:55.578+0000] {dag.py:4180} INFO - Setting next_dagrun for example_sensors to None, run_after=None
[2025-07-01T21:19:55.648+0000] {processor.py:208} INFO - Processing /home/airflow/.local/lib/python3.12/site-packages/airflow/example_dags/example_sensors.py took 0.219 seconds
[2025-07-01T21:20:26.980+0000] {processor.py:186} INFO - Started process (PID=1872) to work on /home/airflow/.local/lib/python3.12/site-packages/airflow/example_dags/example_sensors.py
[2025-07-01T21:20:26.981+0000] {processor.py:914} INFO - Processing file /home/airflow/.local/lib/python3.12/site-packages/airflow/example_dags/example_sensors.py for tasks to queue
[2025-07-01T21:20:26.985+0000] {logging_mixin.py:190} INFO - [2025-07-01T21:20:26.984+0000] {dagbag.py:588} INFO - Filling up the DagBag from /home/airflow/.local/lib/python3.12/site-packages/airflow/example_dags/example_sensors.py
[2025-07-01T21:20:27.005+0000] {processor.py:925} INFO - DAG(s) 'example_sensors' retrieved from /home/airflow/.local/lib/python3.12/site-packages/airflow/example_dags/example_sensors.py
[2025-07-01T21:20:27.047+0000] {logging_mixin.py:190} INFO - [2025-07-01T21:20:27.047+0000] {dag.py:3239} INFO - Sync 1 DAGs
[2025-07-01T21:20:27.071+0000] {logging_mixin.py:190} INFO - [2025-07-01T21:20:27.071+0000] {dag.py:4180} INFO - Setting next_dagrun for example_sensors to None, run_after=None
[2025-07-01T21:20:27.111+0000] {processor.py:208} INFO - Processing /home/airflow/.local/lib/python3.12/site-packages/airflow/example_dags/example_sensors.py took 0.142 seconds
[2025-07-01T21:20:57.306+0000] {processor.py:186} INFO - Started process (PID=1935) to work on /home/airflow/.local/lib/python3.12/site-packages/airflow/example_dags/example_sensors.py
[2025-07-01T21:20:57.309+0000] {processor.py:914} INFO - Processing file /home/airflow/.local/lib/python3.12/site-packages/airflow/example_dags/example_sensors.py for tasks to queue
[2025-07-01T21:20:57.313+0000] {logging_mixin.py:190} INFO - [2025-07-01T21:20:57.312+0000] {dagbag.py:588} INFO - Filling up the DagBag from /home/airflow/.local/lib/python3.12/site-packages/airflow/example_dags/example_sensors.py
[2025-07-01T21:20:57.335+0000] {processor.py:925} INFO - DAG(s) 'example_sensors' retrieved from /home/airflow/.local/lib/python3.12/site-packages/airflow/example_dags/example_sensors.py
[2025-07-01T21:20:57.396+0000] {logging_mixin.py:190} INFO - [2025-07-01T21:20:57.395+0000] {dag.py:3239} INFO - Sync 1 DAGs
[2025-07-01T21:20:57.444+0000] {logging_mixin.py:190} INFO - [2025-07-01T21:20:57.444+0000] {dag.py:4180} INFO - Setting next_dagrun for example_sensors to None, run_after=None
[2025-07-01T21:20:57.495+0000] {processor.py:208} INFO - Processing /home/airflow/.local/lib/python3.12/site-packages/airflow/example_dags/example_sensors.py took 0.201 seconds
[2025-07-01T21:21:27.932+0000] {processor.py:186} INFO - Started process (PID=1997) to work on /home/airflow/.local/lib/python3.12/site-packages/airflow/example_dags/example_sensors.py
[2025-07-01T21:21:27.933+0000] {processor.py:914} INFO - Processing file /home/airflow/.local/lib/python3.12/site-packages/airflow/example_dags/example_sensors.py for tasks to queue
[2025-07-01T21:21:27.936+0000] {logging_mixin.py:190} INFO - [2025-07-01T21:21:27.935+0000] {dagbag.py:588} INFO - Filling up the DagBag from /home/airflow/.local/lib/python3.12/site-packages/airflow/example_dags/example_sensors.py
[2025-07-01T21:21:27.951+0000] {processor.py:925} INFO - DAG(s) 'example_sensors' retrieved from /home/airflow/.local/lib/python3.12/site-packages/airflow/example_dags/example_sensors.py
[2025-07-01T21:21:27.987+0000] {logging_mixin.py:190} INFO - [2025-07-01T21:21:27.987+0000] {dag.py:3239} INFO - Sync 1 DAGs
[2025-07-01T21:21:28.007+0000] {logging_mixin.py:190} INFO - [2025-07-01T21:21:28.006+0000] {dag.py:4180} INFO - Setting next_dagrun for example_sensors to None, run_after=None
[2025-07-01T21:21:28.035+0000] {processor.py:208} INFO - Processing /home/airflow/.local/lib/python3.12/site-packages/airflow/example_dags/example_sensors.py took 0.112 seconds
[2025-07-01T21:21:59.539+0000] {processor.py:186} INFO - Started process (PID=2061) to work on /home/airflow/.local/lib/python3.12/site-packages/airflow/example_dags/example_sensors.py
[2025-07-01T21:21:59.541+0000] {processor.py:914} INFO - Processing file /home/airflow/.local/lib/python3.12/site-packages/airflow/example_dags/example_sensors.py for tasks to queue
[2025-07-01T21:21:59.546+0000] {logging_mixin.py:190} INFO - [2025-07-01T21:21:59.545+0000] {dagbag.py:588} INFO - Filling up the DagBag from /home/airflow/.local/lib/python3.12/site-packages/airflow/example_dags/example_sensors.py
[2025-07-01T21:21:59.571+0000] {processor.py:925} INFO - DAG(s) 'example_sensors' retrieved from /home/airflow/.local/lib/python3.12/site-packages/airflow/example_dags/example_sensors.py
[2025-07-01T21:21:59.634+0000] {logging_mixin.py:190} INFO - [2025-07-01T21:21:59.633+0000] {dag.py:3239} INFO - Sync 1 DAGs
[2025-07-01T21:21:59.674+0000] {logging_mixin.py:190} INFO - [2025-07-01T21:21:59.673+0000] {dag.py:4180} INFO - Setting next_dagrun for example_sensors to None, run_after=None
[2025-07-01T21:21:59.718+0000] {processor.py:208} INFO - Processing /home/airflow/.local/lib/python3.12/site-packages/airflow/example_dags/example_sensors.py took 0.201 seconds
[2025-07-01T21:22:30.901+0000] {processor.py:186} INFO - Started process (PID=2124) to work on /home/airflow/.local/lib/python3.12/site-packages/airflow/example_dags/example_sensors.py
[2025-07-01T21:22:30.903+0000] {processor.py:914} INFO - Processing file /home/airflow/.local/lib/python3.12/site-packages/airflow/example_dags/example_sensors.py for tasks to queue
[2025-07-01T21:22:30.906+0000] {logging_mixin.py:190} INFO - [2025-07-01T21:22:30.905+0000] {dagbag.py:588} INFO - Filling up the DagBag from /home/airflow/.local/lib/python3.12/site-packages/airflow/example_dags/example_sensors.py
[2025-07-01T21:22:30.918+0000] {processor.py:925} INFO - DAG(s) 'example_sensors' retrieved from /home/airflow/.local/lib/python3.12/site-packages/airflow/example_dags/example_sensors.py
[2025-07-01T21:22:30.949+0000] {logging_mixin.py:190} INFO - [2025-07-01T21:22:30.949+0000] {dag.py:3239} INFO - Sync 1 DAGs
[2025-07-01T21:22:30.968+0000] {logging_mixin.py:190} INFO - [2025-07-01T21:22:30.968+0000] {dag.py:4180} INFO - Setting next_dagrun for example_sensors to None, run_after=None
[2025-07-01T21:22:30.994+0000] {processor.py:208} INFO - Processing /home/airflow/.local/lib/python3.12/site-packages/airflow/example_dags/example_sensors.py took 0.101 seconds
[2025-07-01T21:23:02.392+0000] {processor.py:186} INFO - Started process (PID=2187) to work on /home/airflow/.local/lib/python3.12/site-packages/airflow/example_dags/example_sensors.py
[2025-07-01T21:23:02.394+0000] {processor.py:914} INFO - Processing file /home/airflow/.local/lib/python3.12/site-packages/airflow/example_dags/example_sensors.py for tasks to queue
[2025-07-01T21:23:02.397+0000] {logging_mixin.py:190} INFO - [2025-07-01T21:23:02.397+0000] {dagbag.py:588} INFO - Filling up the DagBag from /home/airflow/.local/lib/python3.12/site-packages/airflow/example_dags/example_sensors.py
[2025-07-01T21:23:02.420+0000] {processor.py:925} INFO - DAG(s) 'example_sensors' retrieved from /home/airflow/.local/lib/python3.12/site-packages/airflow/example_dags/example_sensors.py
[2025-07-01T21:23:02.467+0000] {logging_mixin.py:190} INFO - [2025-07-01T21:23:02.466+0000] {dag.py:3239} INFO - Sync 1 DAGs
[2025-07-01T21:23:02.493+0000] {logging_mixin.py:190} INFO - [2025-07-01T21:23:02.492+0000] {dag.py:4180} INFO - Setting next_dagrun for example_sensors to None, run_after=None
[2025-07-01T21:23:02.521+0000] {processor.py:208} INFO - Processing /home/airflow/.local/lib/python3.12/site-packages/airflow/example_dags/example_sensors.py took 0.140 seconds
[2025-07-01T21:23:33.477+0000] {processor.py:186} INFO - Started process (PID=2250) to work on /home/airflow/.local/lib/python3.12/site-packages/airflow/example_dags/example_sensors.py
[2025-07-01T21:23:33.478+0000] {processor.py:914} INFO - Processing file /home/airflow/.local/lib/python3.12/site-packages/airflow/example_dags/example_sensors.py for tasks to queue
[2025-07-01T21:23:33.481+0000] {logging_mixin.py:190} INFO - [2025-07-01T21:23:33.481+0000] {dagbag.py:588} INFO - Filling up the DagBag from /home/airflow/.local/lib/python3.12/site-packages/airflow/example_dags/example_sensors.py
[2025-07-01T21:23:33.499+0000] {processor.py:925} INFO - DAG(s) 'example_sensors' retrieved from /home/airflow/.local/lib/python3.12/site-packages/airflow/example_dags/example_sensors.py
[2025-07-01T21:23:33.532+0000] {logging_mixin.py:190} INFO - [2025-07-01T21:23:33.531+0000] {dag.py:3239} INFO - Sync 1 DAGs
[2025-07-01T21:23:33.550+0000] {logging_mixin.py:190} INFO - [2025-07-01T21:23:33.550+0000] {dag.py:4180} INFO - Setting next_dagrun for example_sensors to None, run_after=None
[2025-07-01T21:23:33.571+0000] {processor.py:208} INFO - Processing /home/airflow/.local/lib/python3.12/site-packages/airflow/example_dags/example_sensors.py took 0.104 seconds
[2025-07-01T21:24:05.167+0000] {processor.py:186} INFO - Started process (PID=2313) to work on /home/airflow/.local/lib/python3.12/site-packages/airflow/example_dags/example_sensors.py
[2025-07-01T21:24:05.168+0000] {processor.py:914} INFO - Processing file /home/airflow/.local/lib/python3.12/site-packages/airflow/example_dags/example_sensors.py for tasks to queue
[2025-07-01T21:24:05.171+0000] {logging_mixin.py:190} INFO - [2025-07-01T21:24:05.170+0000] {dagbag.py:588} INFO - Filling up the DagBag from /home/airflow/.local/lib/python3.12/site-packages/airflow/example_dags/example_sensors.py
[2025-07-01T21:24:05.195+0000] {processor.py:925} INFO - DAG(s) 'example_sensors' retrieved from /home/airflow/.local/lib/python3.12/site-packages/airflow/example_dags/example_sensors.py
[2025-07-01T21:24:05.237+0000] {logging_mixin.py:190} INFO - [2025-07-01T21:24:05.237+0000] {dag.py:3239} INFO - Sync 1 DAGs
[2025-07-01T21:24:05.261+0000] {logging_mixin.py:190} INFO - [2025-07-01T21:24:05.260+0000] {dag.py:4180} INFO - Setting next_dagrun for example_sensors to None, run_after=None
[2025-07-01T21:24:05.294+0000] {processor.py:208} INFO - Processing /home/airflow/.local/lib/python3.12/site-packages/airflow/example_dags/example_sensors.py took 0.134 seconds
