[2025-07-01T17:21:02.392+0000] {processor.py:186} INFO - Started process (PID=6299) to work on /home/airflow/.local/lib/python3.12/site-packages/airflow/example_dags/example_branch_operator.py
[2025-07-01T17:21:02.394+0000] {processor.py:914} INFO - Processing file /home/airflow/.local/lib/python3.12/site-packages/airflow/example_dags/example_branch_operator.py for tasks to queue
[2025-07-01T17:21:02.400+0000] {logging_mixin.py:190} INFO - [2025-07-01T17:21:02.399+0000] {dagbag.py:588} INFO - Filling up the DagBag from /home/airflow/.local/lib/python3.12/site-packages/airflow/example_dags/example_branch_operator.py
[2025-07-01T17:21:02.442+0000] {processor.py:925} INFO - DAG(s) 'example_branch_operator' retrieved from /home/airflow/.local/lib/python3.12/site-packages/airflow/example_dags/example_branch_operator.py
[2025-07-01T17:21:02.492+0000] {logging_mixin.py:190} INFO - [2025-07-01T17:21:02.492+0000] {dag.py:3239} INFO - Sync 1 DAGs
[2025-07-01T17:21:02.536+0000] {logging_mixin.py:190} INFO - [2025-07-01T17:21:02.536+0000] {dag.py:4180} INFO - Setting next_dagrun for example_branch_operator to 2025-06-30 00:00:00+00:00, run_after=2025-07-01 00:00:00+00:00
[2025-07-01T17:21:02.570+0000] {processor.py:208} INFO - Processing /home/airflow/.local/lib/python3.12/site-packages/airflow/example_dags/example_branch_operator.py took 0.195 seconds
[2025-07-01T21:05:58.258+0000] {processor.py:186} INFO - Started process (PID=88) to work on /home/airflow/.local/lib/python3.12/site-packages/airflow/example_dags/example_branch_operator.py
[2025-07-01T21:05:58.260+0000] {processor.py:914} INFO - Processing file /home/airflow/.local/lib/python3.12/site-packages/airflow/example_dags/example_branch_operator.py for tasks to queue
[2025-07-01T21:05:58.264+0000] {logging_mixin.py:190} INFO - [2025-07-01T21:05:58.263+0000] {dagbag.py:588} INFO - Filling up the DagBag from /home/airflow/.local/lib/python3.12/site-packages/airflow/example_dags/example_branch_operator.py
[2025-07-01T21:05:58.303+0000] {processor.py:925} INFO - DAG(s) 'example_branch_operator' retrieved from /home/airflow/.local/lib/python3.12/site-packages/airflow/example_dags/example_branch_operator.py
[2025-07-01T21:05:58.552+0000] {logging_mixin.py:190} INFO - [2025-07-01T21:05:58.552+0000] {dag.py:3239} INFO - Sync 1 DAGs
[2025-07-01T21:05:58.595+0000] {logging_mixin.py:190} INFO - [2025-07-01T21:05:58.594+0000] {dag.py:4180} INFO - Setting next_dagrun for example_branch_operator to 2025-06-30 00:00:00+00:00, run_after=2025-07-01 00:00:00+00:00
[2025-07-01T21:05:58.630+0000] {processor.py:208} INFO - Processing /home/airflow/.local/lib/python3.12/site-packages/airflow/example_dags/example_branch_operator.py took 0.382 seconds
[2025-07-01T21:06:29.560+0000] {processor.py:186} INFO - Started process (PID=152) to work on /home/airflow/.local/lib/python3.12/site-packages/airflow/example_dags/example_branch_operator.py
[2025-07-01T21:06:29.561+0000] {processor.py:914} INFO - Processing file /home/airflow/.local/lib/python3.12/site-packages/airflow/example_dags/example_branch_operator.py for tasks to queue
[2025-07-01T21:06:29.564+0000] {logging_mixin.py:190} INFO - [2025-07-01T21:06:29.563+0000] {dagbag.py:588} INFO - Filling up the DagBag from /home/airflow/.local/lib/python3.12/site-packages/airflow/example_dags/example_branch_operator.py
[2025-07-01T21:06:29.590+0000] {processor.py:925} INFO - DAG(s) 'example_branch_operator' retrieved from /home/airflow/.local/lib/python3.12/site-packages/airflow/example_dags/example_branch_operator.py
[2025-07-01T21:06:29.623+0000] {logging_mixin.py:190} INFO - [2025-07-01T21:06:29.623+0000] {dag.py:3239} INFO - Sync 1 DAGs
[2025-07-01T21:06:29.654+0000] {logging_mixin.py:190} INFO - [2025-07-01T21:06:29.654+0000] {dag.py:4180} INFO - Setting next_dagrun for example_branch_operator to 2025-06-30 00:00:00+00:00, run_after=2025-07-01 00:00:00+00:00
[2025-07-01T21:06:29.678+0000] {processor.py:208} INFO - Processing /home/airflow/.local/lib/python3.12/site-packages/airflow/example_dags/example_branch_operator.py took 0.129 seconds
[2025-07-01T21:07:00.536+0000] {processor.py:186} INFO - Started process (PID=215) to work on /home/airflow/.local/lib/python3.12/site-packages/airflow/example_dags/example_branch_operator.py
[2025-07-01T21:07:00.542+0000] {processor.py:914} INFO - Processing file /home/airflow/.local/lib/python3.12/site-packages/airflow/example_dags/example_branch_operator.py for tasks to queue
[2025-07-01T21:07:00.549+0000] {logging_mixin.py:190} INFO - [2025-07-01T21:07:00.548+0000] {dagbag.py:588} INFO - Filling up the DagBag from /home/airflow/.local/lib/python3.12/site-packages/airflow/example_dags/example_branch_operator.py
[2025-07-01T21:07:00.623+0000] {processor.py:925} INFO - DAG(s) 'example_branch_operator' retrieved from /home/airflow/.local/lib/python3.12/site-packages/airflow/example_dags/example_branch_operator.py
[2025-07-01T21:07:00.705+0000] {logging_mixin.py:190} INFO - [2025-07-01T21:07:00.705+0000] {dag.py:3239} INFO - Sync 1 DAGs
[2025-07-01T21:07:00.770+0000] {logging_mixin.py:190} INFO - [2025-07-01T21:07:00.770+0000] {dag.py:4180} INFO - Setting next_dagrun for example_branch_operator to 2025-06-30 00:00:00+00:00, run_after=2025-07-01 00:00:00+00:00
[2025-07-01T21:07:00.814+0000] {processor.py:208} INFO - Processing /home/airflow/.local/lib/python3.12/site-packages/airflow/example_dags/example_branch_operator.py took 0.290 seconds
[2025-07-01T21:07:33.961+0000] {processor.py:186} INFO - Started process (PID=277) to work on /home/airflow/.local/lib/python3.12/site-packages/airflow/example_dags/example_branch_operator.py
[2025-07-01T21:07:33.972+0000] {processor.py:914} INFO - Processing file /home/airflow/.local/lib/python3.12/site-packages/airflow/example_dags/example_branch_operator.py for tasks to queue
[2025-07-01T21:07:33.988+0000] {logging_mixin.py:190} INFO - [2025-07-01T21:07:33.983+0000] {dagbag.py:588} INFO - Filling up the DagBag from /home/airflow/.local/lib/python3.12/site-packages/airflow/example_dags/example_branch_operator.py
[2025-07-01T21:07:34.155+0000] {processor.py:925} INFO - DAG(s) 'example_branch_operator' retrieved from /home/airflow/.local/lib/python3.12/site-packages/airflow/example_dags/example_branch_operator.py
[2025-07-01T21:07:34.255+0000] {logging_mixin.py:190} INFO - [2025-07-01T21:07:34.255+0000] {dag.py:3239} INFO - Sync 1 DAGs
[2025-07-01T21:07:34.420+0000] {logging_mixin.py:190} INFO - [2025-07-01T21:07:34.416+0000] {dag.py:4180} INFO - Setting next_dagrun for example_branch_operator to 2025-06-30 00:00:00+00:00, run_after=2025-07-01 00:00:00+00:00
[2025-07-01T21:07:34.559+0000] {processor.py:208} INFO - Processing /home/airflow/.local/lib/python3.12/site-packages/airflow/example_dags/example_branch_operator.py took 0.613 seconds
[2025-07-01T21:08:05.069+0000] {processor.py:186} INFO - Started process (PID=341) to work on /home/airflow/.local/lib/python3.12/site-packages/airflow/example_dags/example_branch_operator.py
[2025-07-01T21:08:05.071+0000] {processor.py:914} INFO - Processing file /home/airflow/.local/lib/python3.12/site-packages/airflow/example_dags/example_branch_operator.py for tasks to queue
[2025-07-01T21:08:05.075+0000] {logging_mixin.py:190} INFO - [2025-07-01T21:08:05.074+0000] {dagbag.py:588} INFO - Filling up the DagBag from /home/airflow/.local/lib/python3.12/site-packages/airflow/example_dags/example_branch_operator.py
[2025-07-01T21:08:05.116+0000] {processor.py:925} INFO - DAG(s) 'example_branch_operator' retrieved from /home/airflow/.local/lib/python3.12/site-packages/airflow/example_dags/example_branch_operator.py
[2025-07-01T21:08:05.203+0000] {logging_mixin.py:190} INFO - [2025-07-01T21:08:05.202+0000] {dag.py:3239} INFO - Sync 1 DAGs
[2025-07-01T21:08:05.273+0000] {logging_mixin.py:190} INFO - [2025-07-01T21:08:05.272+0000] {dag.py:4180} INFO - Setting next_dagrun for example_branch_operator to 2025-06-30 00:00:00+00:00, run_after=2025-07-01 00:00:00+00:00
[2025-07-01T21:08:05.313+0000] {processor.py:208} INFO - Processing /home/airflow/.local/lib/python3.12/site-packages/airflow/example_dags/example_branch_operator.py took 0.258 seconds
[2025-07-01T21:08:35.398+0000] {processor.py:186} INFO - Started process (PID=403) to work on /home/airflow/.local/lib/python3.12/site-packages/airflow/example_dags/example_branch_operator.py
[2025-07-01T21:08:35.399+0000] {processor.py:914} INFO - Processing file /home/airflow/.local/lib/python3.12/site-packages/airflow/example_dags/example_branch_operator.py for tasks to queue
[2025-07-01T21:08:35.402+0000] {logging_mixin.py:190} INFO - [2025-07-01T21:08:35.401+0000] {dagbag.py:588} INFO - Filling up the DagBag from /home/airflow/.local/lib/python3.12/site-packages/airflow/example_dags/example_branch_operator.py
[2025-07-01T21:08:35.422+0000] {processor.py:925} INFO - DAG(s) 'example_branch_operator' retrieved from /home/airflow/.local/lib/python3.12/site-packages/airflow/example_dags/example_branch_operator.py
[2025-07-01T21:08:35.459+0000] {logging_mixin.py:190} INFO - [2025-07-01T21:08:35.459+0000] {dag.py:3239} INFO - Sync 1 DAGs
[2025-07-01T21:08:35.493+0000] {logging_mixin.py:190} INFO - [2025-07-01T21:08:35.492+0000] {dag.py:4180} INFO - Setting next_dagrun for example_branch_operator to 2025-06-30 00:00:00+00:00, run_after=2025-07-01 00:00:00+00:00
[2025-07-01T21:08:35.515+0000] {processor.py:208} INFO - Processing /home/airflow/.local/lib/python3.12/site-packages/airflow/example_dags/example_branch_operator.py took 0.124 seconds
[2025-07-01T21:09:06.201+0000] {processor.py:186} INFO - Started process (PID=465) to work on /home/airflow/.local/lib/python3.12/site-packages/airflow/example_dags/example_branch_operator.py
[2025-07-01T21:09:06.202+0000] {processor.py:914} INFO - Processing file /home/airflow/.local/lib/python3.12/site-packages/airflow/example_dags/example_branch_operator.py for tasks to queue
[2025-07-01T21:09:06.204+0000] {logging_mixin.py:190} INFO - [2025-07-01T21:09:06.204+0000] {dagbag.py:588} INFO - Filling up the DagBag from /home/airflow/.local/lib/python3.12/site-packages/airflow/example_dags/example_branch_operator.py
[2025-07-01T21:09:06.226+0000] {processor.py:925} INFO - DAG(s) 'example_branch_operator' retrieved from /home/airflow/.local/lib/python3.12/site-packages/airflow/example_dags/example_branch_operator.py
[2025-07-01T21:09:06.268+0000] {logging_mixin.py:190} INFO - [2025-07-01T21:09:06.268+0000] {dag.py:3239} INFO - Sync 1 DAGs
[2025-07-01T21:09:06.301+0000] {logging_mixin.py:190} INFO - [2025-07-01T21:09:06.301+0000] {dag.py:4180} INFO - Setting next_dagrun for example_branch_operator to 2025-06-30 00:00:00+00:00, run_after=2025-07-01 00:00:00+00:00
[2025-07-01T21:09:06.321+0000] {processor.py:208} INFO - Processing /home/airflow/.local/lib/python3.12/site-packages/airflow/example_dags/example_branch_operator.py took 0.127 seconds
[2025-07-01T21:09:36.918+0000] {processor.py:186} INFO - Started process (PID=528) to work on /home/airflow/.local/lib/python3.12/site-packages/airflow/example_dags/example_branch_operator.py
[2025-07-01T21:09:36.920+0000] {processor.py:914} INFO - Processing file /home/airflow/.local/lib/python3.12/site-packages/airflow/example_dags/example_branch_operator.py for tasks to queue
[2025-07-01T21:09:36.926+0000] {logging_mixin.py:190} INFO - [2025-07-01T21:09:36.925+0000] {dagbag.py:588} INFO - Filling up the DagBag from /home/airflow/.local/lib/python3.12/site-packages/airflow/example_dags/example_branch_operator.py
[2025-07-01T21:09:36.956+0000] {processor.py:925} INFO - DAG(s) 'example_branch_operator' retrieved from /home/airflow/.local/lib/python3.12/site-packages/airflow/example_dags/example_branch_operator.py
[2025-07-01T21:09:37.051+0000] {logging_mixin.py:190} INFO - [2025-07-01T21:09:37.051+0000] {dag.py:3239} INFO - Sync 1 DAGs
[2025-07-01T21:09:37.102+0000] {logging_mixin.py:190} INFO - [2025-07-01T21:09:37.101+0000] {dag.py:4180} INFO - Setting next_dagrun for example_branch_operator to 2025-06-30 00:00:00+00:00, run_after=2025-07-01 00:00:00+00:00
[2025-07-01T21:09:37.141+0000] {processor.py:208} INFO - Processing /home/airflow/.local/lib/python3.12/site-packages/airflow/example_dags/example_branch_operator.py took 0.233 seconds
[2025-07-01T21:10:07.611+0000] {processor.py:186} INFO - Started process (PID=591) to work on /home/airflow/.local/lib/python3.12/site-packages/airflow/example_dags/example_branch_operator.py
[2025-07-01T21:10:07.612+0000] {processor.py:914} INFO - Processing file /home/airflow/.local/lib/python3.12/site-packages/airflow/example_dags/example_branch_operator.py for tasks to queue
[2025-07-01T21:10:07.616+0000] {logging_mixin.py:190} INFO - [2025-07-01T21:10:07.616+0000] {dagbag.py:588} INFO - Filling up the DagBag from /home/airflow/.local/lib/python3.12/site-packages/airflow/example_dags/example_branch_operator.py
[2025-07-01T21:10:07.651+0000] {processor.py:925} INFO - DAG(s) 'example_branch_operator' retrieved from /home/airflow/.local/lib/python3.12/site-packages/airflow/example_dags/example_branch_operator.py
[2025-07-01T21:10:07.698+0000] {logging_mixin.py:190} INFO - [2025-07-01T21:10:07.697+0000] {dag.py:3239} INFO - Sync 1 DAGs
[2025-07-01T21:10:07.731+0000] {logging_mixin.py:190} INFO - [2025-07-01T21:10:07.730+0000] {dag.py:4180} INFO - Setting next_dagrun for example_branch_operator to 2025-06-30 00:00:00+00:00, run_after=2025-07-01 00:00:00+00:00
[2025-07-01T21:10:07.756+0000] {processor.py:208} INFO - Processing /home/airflow/.local/lib/python3.12/site-packages/airflow/example_dags/example_branch_operator.py took 0.155 seconds
[2025-07-01T21:10:38.488+0000] {processor.py:186} INFO - Started process (PID=654) to work on /home/airflow/.local/lib/python3.12/site-packages/airflow/example_dags/example_branch_operator.py
[2025-07-01T21:10:38.489+0000] {processor.py:914} INFO - Processing file /home/airflow/.local/lib/python3.12/site-packages/airflow/example_dags/example_branch_operator.py for tasks to queue
[2025-07-01T21:10:38.496+0000] {logging_mixin.py:190} INFO - [2025-07-01T21:10:38.495+0000] {dagbag.py:588} INFO - Filling up the DagBag from /home/airflow/.local/lib/python3.12/site-packages/airflow/example_dags/example_branch_operator.py
[2025-07-01T21:10:38.521+0000] {processor.py:925} INFO - DAG(s) 'example_branch_operator' retrieved from /home/airflow/.local/lib/python3.12/site-packages/airflow/example_dags/example_branch_operator.py
[2025-07-01T21:10:38.556+0000] {logging_mixin.py:190} INFO - [2025-07-01T21:10:38.555+0000] {dag.py:3239} INFO - Sync 1 DAGs
[2025-07-01T21:10:38.598+0000] {logging_mixin.py:190} INFO - [2025-07-01T21:10:38.598+0000] {dag.py:4180} INFO - Setting next_dagrun for example_branch_operator to 2025-06-30 00:00:00+00:00, run_after=2025-07-01 00:00:00+00:00
[2025-07-01T21:10:38.626+0000] {processor.py:208} INFO - Processing /home/airflow/.local/lib/python3.12/site-packages/airflow/example_dags/example_branch_operator.py took 0.147 seconds
[2025-07-01T21:11:09.379+0000] {processor.py:186} INFO - Started process (PID=717) to work on /home/airflow/.local/lib/python3.12/site-packages/airflow/example_dags/example_branch_operator.py
[2025-07-01T21:11:09.380+0000] {processor.py:914} INFO - Processing file /home/airflow/.local/lib/python3.12/site-packages/airflow/example_dags/example_branch_operator.py for tasks to queue
[2025-07-01T21:11:09.382+0000] {logging_mixin.py:190} INFO - [2025-07-01T21:11:09.382+0000] {dagbag.py:588} INFO - Filling up the DagBag from /home/airflow/.local/lib/python3.12/site-packages/airflow/example_dags/example_branch_operator.py
[2025-07-01T21:11:09.408+0000] {processor.py:925} INFO - DAG(s) 'example_branch_operator' retrieved from /home/airflow/.local/lib/python3.12/site-packages/airflow/example_dags/example_branch_operator.py
[2025-07-01T21:11:09.445+0000] {logging_mixin.py:190} INFO - [2025-07-01T21:11:09.444+0000] {dag.py:3239} INFO - Sync 1 DAGs
[2025-07-01T21:11:09.481+0000] {logging_mixin.py:190} INFO - [2025-07-01T21:11:09.480+0000] {dag.py:4180} INFO - Setting next_dagrun for example_branch_operator to 2025-06-30 00:00:00+00:00, run_after=2025-07-01 00:00:00+00:00
[2025-07-01T21:11:09.500+0000] {processor.py:208} INFO - Processing /home/airflow/.local/lib/python3.12/site-packages/airflow/example_dags/example_branch_operator.py took 0.129 seconds
[2025-07-01T21:11:40.046+0000] {processor.py:186} INFO - Started process (PID=780) to work on /home/airflow/.local/lib/python3.12/site-packages/airflow/example_dags/example_branch_operator.py
[2025-07-01T21:11:40.048+0000] {processor.py:914} INFO - Processing file /home/airflow/.local/lib/python3.12/site-packages/airflow/example_dags/example_branch_operator.py for tasks to queue
[2025-07-01T21:11:40.053+0000] {logging_mixin.py:190} INFO - [2025-07-01T21:11:40.052+0000] {dagbag.py:588} INFO - Filling up the DagBag from /home/airflow/.local/lib/python3.12/site-packages/airflow/example_dags/example_branch_operator.py
[2025-07-01T21:11:40.085+0000] {processor.py:925} INFO - DAG(s) 'example_branch_operator' retrieved from /home/airflow/.local/lib/python3.12/site-packages/airflow/example_dags/example_branch_operator.py
[2025-07-01T21:11:40.136+0000] {logging_mixin.py:190} INFO - [2025-07-01T21:11:40.135+0000] {dag.py:3239} INFO - Sync 1 DAGs
[2025-07-01T21:11:40.227+0000] {logging_mixin.py:190} INFO - [2025-07-01T21:11:40.227+0000] {dag.py:4180} INFO - Setting next_dagrun for example_branch_operator to 2025-06-30 00:00:00+00:00, run_after=2025-07-01 00:00:00+00:00
[2025-07-01T21:11:40.266+0000] {processor.py:208} INFO - Processing /home/airflow/.local/lib/python3.12/site-packages/airflow/example_dags/example_branch_operator.py took 0.228 seconds
[2025-07-01T21:12:10.324+0000] {processor.py:186} INFO - Started process (PID=843) to work on /home/airflow/.local/lib/python3.12/site-packages/airflow/example_dags/example_branch_operator.py
[2025-07-01T21:12:10.325+0000] {processor.py:914} INFO - Processing file /home/airflow/.local/lib/python3.12/site-packages/airflow/example_dags/example_branch_operator.py for tasks to queue
[2025-07-01T21:12:10.327+0000] {logging_mixin.py:190} INFO - [2025-07-01T21:12:10.327+0000] {dagbag.py:588} INFO - Filling up the DagBag from /home/airflow/.local/lib/python3.12/site-packages/airflow/example_dags/example_branch_operator.py
[2025-07-01T21:12:10.348+0000] {processor.py:925} INFO - DAG(s) 'example_branch_operator' retrieved from /home/airflow/.local/lib/python3.12/site-packages/airflow/example_dags/example_branch_operator.py
[2025-07-01T21:12:10.380+0000] {logging_mixin.py:190} INFO - [2025-07-01T21:12:10.380+0000] {dag.py:3239} INFO - Sync 1 DAGs
[2025-07-01T21:12:10.407+0000] {logging_mixin.py:190} INFO - [2025-07-01T21:12:10.407+0000] {dag.py:4180} INFO - Setting next_dagrun for example_branch_operator to 2025-06-30 00:00:00+00:00, run_after=2025-07-01 00:00:00+00:00
[2025-07-01T21:12:10.429+0000] {processor.py:208} INFO - Processing /home/airflow/.local/lib/python3.12/site-packages/airflow/example_dags/example_branch_operator.py took 0.112 seconds
[2025-07-01T21:12:41.101+0000] {processor.py:186} INFO - Started process (PID=906) to work on /home/airflow/.local/lib/python3.12/site-packages/airflow/example_dags/example_branch_operator.py
[2025-07-01T21:12:41.102+0000] {processor.py:914} INFO - Processing file /home/airflow/.local/lib/python3.12/site-packages/airflow/example_dags/example_branch_operator.py for tasks to queue
[2025-07-01T21:12:41.105+0000] {logging_mixin.py:190} INFO - [2025-07-01T21:12:41.105+0000] {dagbag.py:588} INFO - Filling up the DagBag from /home/airflow/.local/lib/python3.12/site-packages/airflow/example_dags/example_branch_operator.py
[2025-07-01T21:12:41.126+0000] {processor.py:925} INFO - DAG(s) 'example_branch_operator' retrieved from /home/airflow/.local/lib/python3.12/site-packages/airflow/example_dags/example_branch_operator.py
[2025-07-01T21:12:41.163+0000] {logging_mixin.py:190} INFO - [2025-07-01T21:12:41.163+0000] {dag.py:3239} INFO - Sync 1 DAGs
[2025-07-01T21:12:41.194+0000] {logging_mixin.py:190} INFO - [2025-07-01T21:12:41.194+0000] {dag.py:4180} INFO - Setting next_dagrun for example_branch_operator to 2025-06-30 00:00:00+00:00, run_after=2025-07-01 00:00:00+00:00
[2025-07-01T21:12:41.215+0000] {processor.py:208} INFO - Processing /home/airflow/.local/lib/python3.12/site-packages/airflow/example_dags/example_branch_operator.py took 0.120 seconds
[2025-07-01T21:13:12.450+0000] {processor.py:186} INFO - Started process (PID=969) to work on /home/airflow/.local/lib/python3.12/site-packages/airflow/example_dags/example_branch_operator.py
[2025-07-01T21:13:12.451+0000] {processor.py:914} INFO - Processing file /home/airflow/.local/lib/python3.12/site-packages/airflow/example_dags/example_branch_operator.py for tasks to queue
[2025-07-01T21:13:12.456+0000] {logging_mixin.py:190} INFO - [2025-07-01T21:13:12.456+0000] {dagbag.py:588} INFO - Filling up the DagBag from /home/airflow/.local/lib/python3.12/site-packages/airflow/example_dags/example_branch_operator.py
[2025-07-01T21:13:12.549+0000] {processor.py:925} INFO - DAG(s) 'example_branch_operator' retrieved from /home/airflow/.local/lib/python3.12/site-packages/airflow/example_dags/example_branch_operator.py
[2025-07-01T21:13:12.666+0000] {logging_mixin.py:190} INFO - [2025-07-01T21:13:12.666+0000] {dag.py:3239} INFO - Sync 1 DAGs
[2025-07-01T21:13:12.762+0000] {logging_mixin.py:190} INFO - [2025-07-01T21:13:12.762+0000] {dag.py:4180} INFO - Setting next_dagrun for example_branch_operator to 2025-06-30 00:00:00+00:00, run_after=2025-07-01 00:00:00+00:00
[2025-07-01T21:13:12.827+0000] {processor.py:208} INFO - Processing /home/airflow/.local/lib/python3.12/site-packages/airflow/example_dags/example_branch_operator.py took 0.394 seconds
[2025-07-01T21:13:43.579+0000] {processor.py:186} INFO - Started process (PID=1032) to work on /home/airflow/.local/lib/python3.12/site-packages/airflow/example_dags/example_branch_operator.py
[2025-07-01T21:13:43.580+0000] {processor.py:914} INFO - Processing file /home/airflow/.local/lib/python3.12/site-packages/airflow/example_dags/example_branch_operator.py for tasks to queue
[2025-07-01T21:13:43.586+0000] {logging_mixin.py:190} INFO - [2025-07-01T21:13:43.584+0000] {dagbag.py:588} INFO - Filling up the DagBag from /home/airflow/.local/lib/python3.12/site-packages/airflow/example_dags/example_branch_operator.py
[2025-07-01T21:13:43.621+0000] {processor.py:925} INFO - DAG(s) 'example_branch_operator' retrieved from /home/airflow/.local/lib/python3.12/site-packages/airflow/example_dags/example_branch_operator.py
[2025-07-01T21:13:43.668+0000] {logging_mixin.py:190} INFO - [2025-07-01T21:13:43.668+0000] {dag.py:3239} INFO - Sync 1 DAGs
[2025-07-01T21:13:43.704+0000] {logging_mixin.py:190} INFO - [2025-07-01T21:13:43.704+0000] {dag.py:4180} INFO - Setting next_dagrun for example_branch_operator to 2025-06-30 00:00:00+00:00, run_after=2025-07-01 00:00:00+00:00
[2025-07-01T21:13:43.728+0000] {processor.py:208} INFO - Processing /home/airflow/.local/lib/python3.12/site-packages/airflow/example_dags/example_branch_operator.py took 0.162 seconds
[2025-07-01T21:14:14.530+0000] {processor.py:186} INFO - Started process (PID=1095) to work on /home/airflow/.local/lib/python3.12/site-packages/airflow/example_dags/example_branch_operator.py
[2025-07-01T21:14:14.538+0000] {processor.py:914} INFO - Processing file /home/airflow/.local/lib/python3.12/site-packages/airflow/example_dags/example_branch_operator.py for tasks to queue
[2025-07-01T21:14:14.542+0000] {logging_mixin.py:190} INFO - [2025-07-01T21:14:14.541+0000] {dagbag.py:588} INFO - Filling up the DagBag from /home/airflow/.local/lib/python3.12/site-packages/airflow/example_dags/example_branch_operator.py
[2025-07-01T21:14:14.577+0000] {processor.py:925} INFO - DAG(s) 'example_branch_operator' retrieved from /home/airflow/.local/lib/python3.12/site-packages/airflow/example_dags/example_branch_operator.py
[2025-07-01T21:14:14.630+0000] {logging_mixin.py:190} INFO - [2025-07-01T21:14:14.630+0000] {dag.py:3239} INFO - Sync 1 DAGs
[2025-07-01T21:14:14.674+0000] {logging_mixin.py:190} INFO - [2025-07-01T21:14:14.674+0000] {dag.py:4180} INFO - Setting next_dagrun for example_branch_operator to 2025-06-30 00:00:00+00:00, run_after=2025-07-01 00:00:00+00:00
[2025-07-01T21:14:14.713+0000] {processor.py:208} INFO - Processing /home/airflow/.local/lib/python3.12/site-packages/airflow/example_dags/example_branch_operator.py took 0.198 seconds
[2025-07-01T21:14:45.427+0000] {processor.py:186} INFO - Started process (PID=1158) to work on /home/airflow/.local/lib/python3.12/site-packages/airflow/example_dags/example_branch_operator.py
[2025-07-01T21:14:45.435+0000] {processor.py:914} INFO - Processing file /home/airflow/.local/lib/python3.12/site-packages/airflow/example_dags/example_branch_operator.py for tasks to queue
[2025-07-01T21:14:45.447+0000] {logging_mixin.py:190} INFO - [2025-07-01T21:14:45.446+0000] {dagbag.py:588} INFO - Filling up the DagBag from /home/airflow/.local/lib/python3.12/site-packages/airflow/example_dags/example_branch_operator.py
[2025-07-01T21:14:45.484+0000] {processor.py:925} INFO - DAG(s) 'example_branch_operator' retrieved from /home/airflow/.local/lib/python3.12/site-packages/airflow/example_dags/example_branch_operator.py
[2025-07-01T21:14:45.531+0000] {logging_mixin.py:190} INFO - [2025-07-01T21:14:45.531+0000] {dag.py:3239} INFO - Sync 1 DAGs
[2025-07-01T21:14:45.575+0000] {logging_mixin.py:190} INFO - [2025-07-01T21:14:45.575+0000] {dag.py:4180} INFO - Setting next_dagrun for example_branch_operator to 2025-06-30 00:00:00+00:00, run_after=2025-07-01 00:00:00+00:00
[2025-07-01T21:14:45.600+0000] {processor.py:208} INFO - Processing /home/airflow/.local/lib/python3.12/site-packages/airflow/example_dags/example_branch_operator.py took 0.211 seconds
[2025-07-01T21:15:15.930+0000] {processor.py:186} INFO - Started process (PID=1221) to work on /home/airflow/.local/lib/python3.12/site-packages/airflow/example_dags/example_branch_operator.py
[2025-07-01T21:15:15.931+0000] {processor.py:914} INFO - Processing file /home/airflow/.local/lib/python3.12/site-packages/airflow/example_dags/example_branch_operator.py for tasks to queue
[2025-07-01T21:15:15.934+0000] {logging_mixin.py:190} INFO - [2025-07-01T21:15:15.933+0000] {dagbag.py:588} INFO - Filling up the DagBag from /home/airflow/.local/lib/python3.12/site-packages/airflow/example_dags/example_branch_operator.py
[2025-07-01T21:15:15.955+0000] {processor.py:925} INFO - DAG(s) 'example_branch_operator' retrieved from /home/airflow/.local/lib/python3.12/site-packages/airflow/example_dags/example_branch_operator.py
[2025-07-01T21:15:15.990+0000] {logging_mixin.py:190} INFO - [2025-07-01T21:15:15.989+0000] {dag.py:3239} INFO - Sync 1 DAGs
[2025-07-01T21:15:16.025+0000] {logging_mixin.py:190} INFO - [2025-07-01T21:15:16.025+0000] {dag.py:4180} INFO - Setting next_dagrun for example_branch_operator to 2025-06-30 00:00:00+00:00, run_after=2025-07-01 00:00:00+00:00
[2025-07-01T21:15:16.057+0000] {processor.py:208} INFO - Processing /home/airflow/.local/lib/python3.12/site-packages/airflow/example_dags/example_branch_operator.py took 0.140 seconds
[2025-07-01T21:15:46.204+0000] {processor.py:186} INFO - Started process (PID=1284) to work on /home/airflow/.local/lib/python3.12/site-packages/airflow/example_dags/example_branch_operator.py
[2025-07-01T21:15:46.216+0000] {processor.py:914} INFO - Processing file /home/airflow/.local/lib/python3.12/site-packages/airflow/example_dags/example_branch_operator.py for tasks to queue
[2025-07-01T21:15:46.230+0000] {logging_mixin.py:190} INFO - [2025-07-01T21:15:46.230+0000] {dagbag.py:588} INFO - Filling up the DagBag from /home/airflow/.local/lib/python3.12/site-packages/airflow/example_dags/example_branch_operator.py
[2025-07-01T21:15:46.279+0000] {processor.py:925} INFO - DAG(s) 'example_branch_operator' retrieved from /home/airflow/.local/lib/python3.12/site-packages/airflow/example_dags/example_branch_operator.py
[2025-07-01T21:15:46.341+0000] {logging_mixin.py:190} INFO - [2025-07-01T21:15:46.340+0000] {dag.py:3239} INFO - Sync 1 DAGs
[2025-07-01T21:15:46.429+0000] {logging_mixin.py:190} INFO - [2025-07-01T21:15:46.428+0000] {dag.py:4180} INFO - Setting next_dagrun for example_branch_operator to 2025-06-30 00:00:00+00:00, run_after=2025-07-01 00:00:00+00:00
[2025-07-01T21:15:46.524+0000] {processor.py:208} INFO - Processing /home/airflow/.local/lib/python3.12/site-packages/airflow/example_dags/example_branch_operator.py took 0.336 seconds
[2025-07-01T21:16:16.704+0000] {processor.py:186} INFO - Started process (PID=1347) to work on /home/airflow/.local/lib/python3.12/site-packages/airflow/example_dags/example_branch_operator.py
[2025-07-01T21:16:16.706+0000] {processor.py:914} INFO - Processing file /home/airflow/.local/lib/python3.12/site-packages/airflow/example_dags/example_branch_operator.py for tasks to queue
[2025-07-01T21:16:16.709+0000] {logging_mixin.py:190} INFO - [2025-07-01T21:16:16.709+0000] {dagbag.py:588} INFO - Filling up the DagBag from /home/airflow/.local/lib/python3.12/site-packages/airflow/example_dags/example_branch_operator.py
[2025-07-01T21:16:16.742+0000] {processor.py:925} INFO - DAG(s) 'example_branch_operator' retrieved from /home/airflow/.local/lib/python3.12/site-packages/airflow/example_dags/example_branch_operator.py
[2025-07-01T21:16:16.788+0000] {logging_mixin.py:190} INFO - [2025-07-01T21:16:16.788+0000] {dag.py:3239} INFO - Sync 1 DAGs
[2025-07-01T21:16:16.830+0000] {logging_mixin.py:190} INFO - [2025-07-01T21:16:16.830+0000] {dag.py:4180} INFO - Setting next_dagrun for example_branch_operator to 2025-06-30 00:00:00+00:00, run_after=2025-07-01 00:00:00+00:00
[2025-07-01T21:16:16.857+0000] {processor.py:208} INFO - Processing /home/airflow/.local/lib/python3.12/site-packages/airflow/example_dags/example_branch_operator.py took 0.163 seconds
[2025-07-01T21:16:46.986+0000] {processor.py:186} INFO - Started process (PID=1410) to work on /home/airflow/.local/lib/python3.12/site-packages/airflow/example_dags/example_branch_operator.py
[2025-07-01T21:16:46.987+0000] {processor.py:914} INFO - Processing file /home/airflow/.local/lib/python3.12/site-packages/airflow/example_dags/example_branch_operator.py for tasks to queue
[2025-07-01T21:16:46.990+0000] {logging_mixin.py:190} INFO - [2025-07-01T21:16:46.989+0000] {dagbag.py:588} INFO - Filling up the DagBag from /home/airflow/.local/lib/python3.12/site-packages/airflow/example_dags/example_branch_operator.py
[2025-07-01T21:16:47.018+0000] {processor.py:925} INFO - DAG(s) 'example_branch_operator' retrieved from /home/airflow/.local/lib/python3.12/site-packages/airflow/example_dags/example_branch_operator.py
[2025-07-01T21:16:47.065+0000] {logging_mixin.py:190} INFO - [2025-07-01T21:16:47.064+0000] {dag.py:3239} INFO - Sync 1 DAGs
[2025-07-01T21:16:47.110+0000] {logging_mixin.py:190} INFO - [2025-07-01T21:16:47.110+0000] {dag.py:4180} INFO - Setting next_dagrun for example_branch_operator to 2025-06-30 00:00:00+00:00, run_after=2025-07-01 00:00:00+00:00
[2025-07-01T21:16:47.145+0000] {processor.py:208} INFO - Processing /home/airflow/.local/lib/python3.12/site-packages/airflow/example_dags/example_branch_operator.py took 0.172 seconds
[2025-07-01T21:17:17.222+0000] {processor.py:186} INFO - Started process (PID=1472) to work on /home/airflow/.local/lib/python3.12/site-packages/airflow/example_dags/example_branch_operator.py
[2025-07-01T21:17:17.229+0000] {processor.py:914} INFO - Processing file /home/airflow/.local/lib/python3.12/site-packages/airflow/example_dags/example_branch_operator.py for tasks to queue
[2025-07-01T21:17:17.233+0000] {logging_mixin.py:190} INFO - [2025-07-01T21:17:17.232+0000] {dagbag.py:588} INFO - Filling up the DagBag from /home/airflow/.local/lib/python3.12/site-packages/airflow/example_dags/example_branch_operator.py
[2025-07-01T21:17:17.254+0000] {processor.py:925} INFO - DAG(s) 'example_branch_operator' retrieved from /home/airflow/.local/lib/python3.12/site-packages/airflow/example_dags/example_branch_operator.py
[2025-07-01T21:17:17.287+0000] {logging_mixin.py:190} INFO - [2025-07-01T21:17:17.286+0000] {dag.py:3239} INFO - Sync 1 DAGs
[2025-07-01T21:17:17.314+0000] {logging_mixin.py:190} INFO - [2025-07-01T21:17:17.313+0000] {dag.py:4180} INFO - Setting next_dagrun for example_branch_operator to 2025-06-30 00:00:00+00:00, run_after=2025-07-01 00:00:00+00:00
[2025-07-01T21:17:17.334+0000] {processor.py:208} INFO - Processing /home/airflow/.local/lib/python3.12/site-packages/airflow/example_dags/example_branch_operator.py took 0.124 seconds
[2025-07-01T21:17:47.711+0000] {processor.py:186} INFO - Started process (PID=1536) to work on /home/airflow/.local/lib/python3.12/site-packages/airflow/example_dags/example_branch_operator.py
[2025-07-01T21:17:47.712+0000] {processor.py:914} INFO - Processing file /home/airflow/.local/lib/python3.12/site-packages/airflow/example_dags/example_branch_operator.py for tasks to queue
[2025-07-01T21:17:47.716+0000] {logging_mixin.py:190} INFO - [2025-07-01T21:17:47.715+0000] {dagbag.py:588} INFO - Filling up the DagBag from /home/airflow/.local/lib/python3.12/site-packages/airflow/example_dags/example_branch_operator.py
[2025-07-01T21:17:47.745+0000] {processor.py:925} INFO - DAG(s) 'example_branch_operator' retrieved from /home/airflow/.local/lib/python3.12/site-packages/airflow/example_dags/example_branch_operator.py
[2025-07-01T21:17:47.778+0000] {logging_mixin.py:190} INFO - [2025-07-01T21:17:47.778+0000] {dag.py:3239} INFO - Sync 1 DAGs
[2025-07-01T21:17:47.806+0000] {logging_mixin.py:190} INFO - [2025-07-01T21:17:47.805+0000] {dag.py:4180} INFO - Setting next_dagrun for example_branch_operator to 2025-06-30 00:00:00+00:00, run_after=2025-07-01 00:00:00+00:00
[2025-07-01T21:17:47.826+0000] {processor.py:208} INFO - Processing /home/airflow/.local/lib/python3.12/site-packages/airflow/example_dags/example_branch_operator.py took 0.122 seconds
[2025-07-01T21:18:19.256+0000] {processor.py:186} INFO - Started process (PID=1599) to work on /home/airflow/.local/lib/python3.12/site-packages/airflow/example_dags/example_branch_operator.py
[2025-07-01T21:18:19.257+0000] {processor.py:914} INFO - Processing file /home/airflow/.local/lib/python3.12/site-packages/airflow/example_dags/example_branch_operator.py for tasks to queue
[2025-07-01T21:18:19.261+0000] {logging_mixin.py:190} INFO - [2025-07-01T21:18:19.260+0000] {dagbag.py:588} INFO - Filling up the DagBag from /home/airflow/.local/lib/python3.12/site-packages/airflow/example_dags/example_branch_operator.py
[2025-07-01T21:18:19.287+0000] {processor.py:925} INFO - DAG(s) 'example_branch_operator' retrieved from /home/airflow/.local/lib/python3.12/site-packages/airflow/example_dags/example_branch_operator.py
[2025-07-01T21:18:19.323+0000] {logging_mixin.py:190} INFO - [2025-07-01T21:18:19.323+0000] {dag.py:3239} INFO - Sync 1 DAGs
[2025-07-01T21:18:19.352+0000] {logging_mixin.py:190} INFO - [2025-07-01T21:18:19.352+0000] {dag.py:4180} INFO - Setting next_dagrun for example_branch_operator to 2025-06-30 00:00:00+00:00, run_after=2025-07-01 00:00:00+00:00
[2025-07-01T21:18:19.371+0000] {processor.py:208} INFO - Processing /home/airflow/.local/lib/python3.12/site-packages/airflow/example_dags/example_branch_operator.py took 0.124 seconds
[2025-07-01T21:18:50.633+0000] {processor.py:186} INFO - Started process (PID=1662) to work on /home/airflow/.local/lib/python3.12/site-packages/airflow/example_dags/example_branch_operator.py
[2025-07-01T21:18:50.634+0000] {processor.py:914} INFO - Processing file /home/airflow/.local/lib/python3.12/site-packages/airflow/example_dags/example_branch_operator.py for tasks to queue
[2025-07-01T21:18:50.636+0000] {logging_mixin.py:190} INFO - [2025-07-01T21:18:50.636+0000] {dagbag.py:588} INFO - Filling up the DagBag from /home/airflow/.local/lib/python3.12/site-packages/airflow/example_dags/example_branch_operator.py
[2025-07-01T21:18:50.656+0000] {processor.py:925} INFO - DAG(s) 'example_branch_operator' retrieved from /home/airflow/.local/lib/python3.12/site-packages/airflow/example_dags/example_branch_operator.py
[2025-07-01T21:18:50.690+0000] {logging_mixin.py:190} INFO - [2025-07-01T21:18:50.690+0000] {dag.py:3239} INFO - Sync 1 DAGs
[2025-07-01T21:18:50.720+0000] {logging_mixin.py:190} INFO - [2025-07-01T21:18:50.720+0000] {dag.py:4180} INFO - Setting next_dagrun for example_branch_operator to 2025-06-30 00:00:00+00:00, run_after=2025-07-01 00:00:00+00:00
[2025-07-01T21:18:50.741+0000] {processor.py:208} INFO - Processing /home/airflow/.local/lib/python3.12/site-packages/airflow/example_dags/example_branch_operator.py took 0.114 seconds
[2025-07-01T21:19:21.925+0000] {processor.py:186} INFO - Started process (PID=1725) to work on /home/airflow/.local/lib/python3.12/site-packages/airflow/example_dags/example_branch_operator.py
[2025-07-01T21:19:21.926+0000] {processor.py:914} INFO - Processing file /home/airflow/.local/lib/python3.12/site-packages/airflow/example_dags/example_branch_operator.py for tasks to queue
[2025-07-01T21:19:21.929+0000] {logging_mixin.py:190} INFO - [2025-07-01T21:19:21.929+0000] {dagbag.py:588} INFO - Filling up the DagBag from /home/airflow/.local/lib/python3.12/site-packages/airflow/example_dags/example_branch_operator.py
[2025-07-01T21:19:21.951+0000] {processor.py:925} INFO - DAG(s) 'example_branch_operator' retrieved from /home/airflow/.local/lib/python3.12/site-packages/airflow/example_dags/example_branch_operator.py
[2025-07-01T21:19:21.983+0000] {logging_mixin.py:190} INFO - [2025-07-01T21:19:21.983+0000] {dag.py:3239} INFO - Sync 1 DAGs
[2025-07-01T21:19:22.014+0000] {logging_mixin.py:190} INFO - [2025-07-01T21:19:22.014+0000] {dag.py:4180} INFO - Setting next_dagrun for example_branch_operator to 2025-06-30 00:00:00+00:00, run_after=2025-07-01 00:00:00+00:00
[2025-07-01T21:19:22.035+0000] {processor.py:208} INFO - Processing /home/airflow/.local/lib/python3.12/site-packages/airflow/example_dags/example_branch_operator.py took 0.118 seconds
[2025-07-01T21:19:53.217+0000] {processor.py:186} INFO - Started process (PID=1794) to work on /home/airflow/.local/lib/python3.12/site-packages/airflow/example_dags/example_branch_operator.py
[2025-07-01T21:19:53.219+0000] {processor.py:914} INFO - Processing file /home/airflow/.local/lib/python3.12/site-packages/airflow/example_dags/example_branch_operator.py for tasks to queue
[2025-07-01T21:19:53.222+0000] {logging_mixin.py:190} INFO - [2025-07-01T21:19:53.221+0000] {dagbag.py:588} INFO - Filling up the DagBag from /home/airflow/.local/lib/python3.12/site-packages/airflow/example_dags/example_branch_operator.py
[2025-07-01T21:19:53.256+0000] {processor.py:925} INFO - DAG(s) 'example_branch_operator' retrieved from /home/airflow/.local/lib/python3.12/site-packages/airflow/example_dags/example_branch_operator.py
[2025-07-01T21:19:53.295+0000] {logging_mixin.py:190} INFO - [2025-07-01T21:19:53.295+0000] {dag.py:3239} INFO - Sync 1 DAGs
[2025-07-01T21:19:53.329+0000] {logging_mixin.py:190} INFO - [2025-07-01T21:19:53.329+0000] {dag.py:4180} INFO - Setting next_dagrun for example_branch_operator to 2025-06-30 00:00:00+00:00, run_after=2025-07-01 00:00:00+00:00
[2025-07-01T21:19:53.357+0000] {processor.py:208} INFO - Processing /home/airflow/.local/lib/python3.12/site-packages/airflow/example_dags/example_branch_operator.py took 0.149 seconds
[2025-07-01T21:20:24.414+0000] {processor.py:186} INFO - Started process (PID=1857) to work on /home/airflow/.local/lib/python3.12/site-packages/airflow/example_dags/example_branch_operator.py
[2025-07-01T21:20:24.418+0000] {processor.py:914} INFO - Processing file /home/airflow/.local/lib/python3.12/site-packages/airflow/example_dags/example_branch_operator.py for tasks to queue
[2025-07-01T21:20:24.424+0000] {logging_mixin.py:190} INFO - [2025-07-01T21:20:24.424+0000] {dagbag.py:588} INFO - Filling up the DagBag from /home/airflow/.local/lib/python3.12/site-packages/airflow/example_dags/example_branch_operator.py
[2025-07-01T21:20:24.465+0000] {processor.py:925} INFO - DAG(s) 'example_branch_operator' retrieved from /home/airflow/.local/lib/python3.12/site-packages/airflow/example_dags/example_branch_operator.py
[2025-07-01T21:20:24.509+0000] {logging_mixin.py:190} INFO - [2025-07-01T21:20:24.509+0000] {dag.py:3239} INFO - Sync 1 DAGs
[2025-07-01T21:20:24.540+0000] {logging_mixin.py:190} INFO - [2025-07-01T21:20:24.540+0000] {dag.py:4180} INFO - Setting next_dagrun for example_branch_operator to 2025-06-30 00:00:00+00:00, run_after=2025-07-01 00:00:00+00:00
[2025-07-01T21:20:24.561+0000] {processor.py:208} INFO - Processing /home/airflow/.local/lib/python3.12/site-packages/airflow/example_dags/example_branch_operator.py took 0.165 seconds
[2025-07-01T21:20:55.905+0000] {processor.py:186} INFO - Started process (PID=1920) to work on /home/airflow/.local/lib/python3.12/site-packages/airflow/example_dags/example_branch_operator.py
[2025-07-01T21:20:55.906+0000] {processor.py:914} INFO - Processing file /home/airflow/.local/lib/python3.12/site-packages/airflow/example_dags/example_branch_operator.py for tasks to queue
[2025-07-01T21:20:55.909+0000] {logging_mixin.py:190} INFO - [2025-07-01T21:20:55.908+0000] {dagbag.py:588} INFO - Filling up the DagBag from /home/airflow/.local/lib/python3.12/site-packages/airflow/example_dags/example_branch_operator.py
[2025-07-01T21:20:55.932+0000] {processor.py:925} INFO - DAG(s) 'example_branch_operator' retrieved from /home/airflow/.local/lib/python3.12/site-packages/airflow/example_dags/example_branch_operator.py
[2025-07-01T21:20:55.970+0000] {logging_mixin.py:190} INFO - [2025-07-01T21:20:55.970+0000] {dag.py:3239} INFO - Sync 1 DAGs
[2025-07-01T21:20:56.002+0000] {logging_mixin.py:190} INFO - [2025-07-01T21:20:56.001+0000] {dag.py:4180} INFO - Setting next_dagrun for example_branch_operator to 2025-06-30 00:00:00+00:00, run_after=2025-07-01 00:00:00+00:00
[2025-07-01T21:20:56.022+0000] {processor.py:208} INFO - Processing /home/airflow/.local/lib/python3.12/site-packages/airflow/example_dags/example_branch_operator.py took 0.125 seconds
[2025-07-01T21:21:26.693+0000] {processor.py:186} INFO - Started process (PID=1984) to work on /home/airflow/.local/lib/python3.12/site-packages/airflow/example_dags/example_branch_operator.py
[2025-07-01T21:21:26.694+0000] {processor.py:914} INFO - Processing file /home/airflow/.local/lib/python3.12/site-packages/airflow/example_dags/example_branch_operator.py for tasks to queue
[2025-07-01T21:21:26.698+0000] {logging_mixin.py:190} INFO - [2025-07-01T21:21:26.697+0000] {dagbag.py:588} INFO - Filling up the DagBag from /home/airflow/.local/lib/python3.12/site-packages/airflow/example_dags/example_branch_operator.py
[2025-07-01T21:21:26.721+0000] {processor.py:925} INFO - DAG(s) 'example_branch_operator' retrieved from /home/airflow/.local/lib/python3.12/site-packages/airflow/example_dags/example_branch_operator.py
[2025-07-01T21:21:26.778+0000] {logging_mixin.py:190} INFO - [2025-07-01T21:21:26.777+0000] {dag.py:3239} INFO - Sync 1 DAGs
[2025-07-01T21:21:26.820+0000] {logging_mixin.py:190} INFO - [2025-07-01T21:21:26.819+0000] {dag.py:4180} INFO - Setting next_dagrun for example_branch_operator to 2025-06-30 00:00:00+00:00, run_after=2025-07-01 00:00:00+00:00
[2025-07-01T21:21:26.847+0000] {processor.py:208} INFO - Processing /home/airflow/.local/lib/python3.12/site-packages/airflow/example_dags/example_branch_operator.py took 0.168 seconds
[2025-07-01T21:21:58.077+0000] {processor.py:186} INFO - Started process (PID=2046) to work on /home/airflow/.local/lib/python3.12/site-packages/airflow/example_dags/example_branch_operator.py
[2025-07-01T21:21:58.078+0000] {processor.py:914} INFO - Processing file /home/airflow/.local/lib/python3.12/site-packages/airflow/example_dags/example_branch_operator.py for tasks to queue
[2025-07-01T21:21:58.081+0000] {logging_mixin.py:190} INFO - [2025-07-01T21:21:58.080+0000] {dagbag.py:588} INFO - Filling up the DagBag from /home/airflow/.local/lib/python3.12/site-packages/airflow/example_dags/example_branch_operator.py
[2025-07-01T21:21:58.107+0000] {processor.py:925} INFO - DAG(s) 'example_branch_operator' retrieved from /home/airflow/.local/lib/python3.12/site-packages/airflow/example_dags/example_branch_operator.py
[2025-07-01T21:21:58.156+0000] {logging_mixin.py:190} INFO - [2025-07-01T21:21:58.156+0000] {dag.py:3239} INFO - Sync 1 DAGs
[2025-07-01T21:21:58.197+0000] {logging_mixin.py:190} INFO - [2025-07-01T21:21:58.196+0000] {dag.py:4180} INFO - Setting next_dagrun for example_branch_operator to 2025-06-30 00:00:00+00:00, run_after=2025-07-01 00:00:00+00:00
[2025-07-01T21:21:58.225+0000] {processor.py:208} INFO - Processing /home/airflow/.local/lib/python3.12/site-packages/airflow/example_dags/example_branch_operator.py took 0.157 seconds
[2025-07-01T21:22:29.415+0000] {processor.py:186} INFO - Started process (PID=2109) to work on /home/airflow/.local/lib/python3.12/site-packages/airflow/example_dags/example_branch_operator.py
[2025-07-01T21:22:29.416+0000] {processor.py:914} INFO - Processing file /home/airflow/.local/lib/python3.12/site-packages/airflow/example_dags/example_branch_operator.py for tasks to queue
[2025-07-01T21:22:29.419+0000] {logging_mixin.py:190} INFO - [2025-07-01T21:22:29.418+0000] {dagbag.py:588} INFO - Filling up the DagBag from /home/airflow/.local/lib/python3.12/site-packages/airflow/example_dags/example_branch_operator.py
[2025-07-01T21:22:29.440+0000] {processor.py:925} INFO - DAG(s) 'example_branch_operator' retrieved from /home/airflow/.local/lib/python3.12/site-packages/airflow/example_dags/example_branch_operator.py
[2025-07-01T21:22:29.472+0000] {logging_mixin.py:190} INFO - [2025-07-01T21:22:29.471+0000] {dag.py:3239} INFO - Sync 1 DAGs
[2025-07-01T21:22:29.498+0000] {logging_mixin.py:190} INFO - [2025-07-01T21:22:29.498+0000] {dag.py:4180} INFO - Setting next_dagrun for example_branch_operator to 2025-06-30 00:00:00+00:00, run_after=2025-07-01 00:00:00+00:00
[2025-07-01T21:22:29.519+0000] {processor.py:208} INFO - Processing /home/airflow/.local/lib/python3.12/site-packages/airflow/example_dags/example_branch_operator.py took 0.111 seconds
[2025-07-01T21:23:00.847+0000] {processor.py:186} INFO - Started process (PID=2172) to work on /home/airflow/.local/lib/python3.12/site-packages/airflow/example_dags/example_branch_operator.py
[2025-07-01T21:23:00.848+0000] {processor.py:914} INFO - Processing file /home/airflow/.local/lib/python3.12/site-packages/airflow/example_dags/example_branch_operator.py for tasks to queue
[2025-07-01T21:23:00.851+0000] {logging_mixin.py:190} INFO - [2025-07-01T21:23:00.851+0000] {dagbag.py:588} INFO - Filling up the DagBag from /home/airflow/.local/lib/python3.12/site-packages/airflow/example_dags/example_branch_operator.py
[2025-07-01T21:23:00.875+0000] {processor.py:925} INFO - DAG(s) 'example_branch_operator' retrieved from /home/airflow/.local/lib/python3.12/site-packages/airflow/example_dags/example_branch_operator.py
[2025-07-01T21:23:00.913+0000] {logging_mixin.py:190} INFO - [2025-07-01T21:23:00.912+0000] {dag.py:3239} INFO - Sync 1 DAGs
[2025-07-01T21:23:00.948+0000] {logging_mixin.py:190} INFO - [2025-07-01T21:23:00.948+0000] {dag.py:4180} INFO - Setting next_dagrun for example_branch_operator to 2025-06-30 00:00:00+00:00, run_after=2025-07-01 00:00:00+00:00
[2025-07-01T21:23:00.976+0000] {processor.py:208} INFO - Processing /home/airflow/.local/lib/python3.12/site-packages/airflow/example_dags/example_branch_operator.py took 0.136 seconds
[2025-07-01T21:23:32.182+0000] {processor.py:186} INFO - Started process (PID=2235) to work on /home/airflow/.local/lib/python3.12/site-packages/airflow/example_dags/example_branch_operator.py
[2025-07-01T21:23:32.183+0000] {processor.py:914} INFO - Processing file /home/airflow/.local/lib/python3.12/site-packages/airflow/example_dags/example_branch_operator.py for tasks to queue
[2025-07-01T21:23:32.186+0000] {logging_mixin.py:190} INFO - [2025-07-01T21:23:32.185+0000] {dagbag.py:588} INFO - Filling up the DagBag from /home/airflow/.local/lib/python3.12/site-packages/airflow/example_dags/example_branch_operator.py
[2025-07-01T21:23:32.207+0000] {processor.py:925} INFO - DAG(s) 'example_branch_operator' retrieved from /home/airflow/.local/lib/python3.12/site-packages/airflow/example_dags/example_branch_operator.py
[2025-07-01T21:23:32.248+0000] {logging_mixin.py:190} INFO - [2025-07-01T21:23:32.247+0000] {dag.py:3239} INFO - Sync 1 DAGs
[2025-07-01T21:23:32.291+0000] {logging_mixin.py:190} INFO - [2025-07-01T21:23:32.290+0000] {dag.py:4180} INFO - Setting next_dagrun for example_branch_operator to 2025-06-30 00:00:00+00:00, run_after=2025-07-01 00:00:00+00:00
[2025-07-01T21:23:32.318+0000] {processor.py:208} INFO - Processing /home/airflow/.local/lib/python3.12/site-packages/airflow/example_dags/example_branch_operator.py took 0.143 seconds
[2025-07-01T21:24:03.871+0000] {processor.py:186} INFO - Started process (PID=2298) to work on /home/airflow/.local/lib/python3.12/site-packages/airflow/example_dags/example_branch_operator.py
[2025-07-01T21:24:03.873+0000] {processor.py:914} INFO - Processing file /home/airflow/.local/lib/python3.12/site-packages/airflow/example_dags/example_branch_operator.py for tasks to queue
[2025-07-01T21:24:03.876+0000] {logging_mixin.py:190} INFO - [2025-07-01T21:24:03.876+0000] {dagbag.py:588} INFO - Filling up the DagBag from /home/airflow/.local/lib/python3.12/site-packages/airflow/example_dags/example_branch_operator.py
[2025-07-01T21:24:03.898+0000] {processor.py:925} INFO - DAG(s) 'example_branch_operator' retrieved from /home/airflow/.local/lib/python3.12/site-packages/airflow/example_dags/example_branch_operator.py
[2025-07-01T21:24:03.939+0000] {logging_mixin.py:190} INFO - [2025-07-01T21:24:03.938+0000] {dag.py:3239} INFO - Sync 1 DAGs
[2025-07-01T21:24:03.965+0000] {logging_mixin.py:190} INFO - [2025-07-01T21:24:03.964+0000] {dag.py:4180} INFO - Setting next_dagrun for example_branch_operator to 2025-06-30 00:00:00+00:00, run_after=2025-07-01 00:00:00+00:00
[2025-07-01T21:24:03.984+0000] {processor.py:208} INFO - Processing /home/airflow/.local/lib/python3.12/site-packages/airflow/example_dags/example_branch_operator.py took 0.122 seconds
