[2025-07-01T17:21:02.602+0000] {processor.py:186} INFO - Started process (PID=6301) to work on /home/airflow/.local/lib/python3.12/site-packages/airflow/example_dags/example_xcomargs.py
[2025-07-01T17:21:02.604+0000] {processor.py:914} INFO - Processing file /home/airflow/.local/lib/python3.12/site-packages/airflow/example_dags/example_xcomargs.py for tasks to queue
[2025-07-01T17:21:02.609+0000] {logging_mixin.py:190} INFO - [2025-07-01T17:21:02.608+0000] {dagbag.py:588} INFO - Filling up the DagBag from /home/airflow/.local/lib/python3.12/site-packages/airflow/example_dags/example_xcomargs.py
[2025-07-01T17:21:02.628+0000] {processor.py:925} INFO - DAG(s) 'example_xcom_args', 'example_xcom_args_with_operators' retrieved from /home/airflow/.local/lib/python3.12/site-packages/airflow/example_dags/example_xcomargs.py
[2025-07-01T17:21:02.664+0000] {logging_mixin.py:190} INFO - [2025-07-01T17:21:02.664+0000] {dag.py:3239} INFO - Sync 2 DAGs
[2025-07-01T17:21:02.688+0000] {logging_mixin.py:190} INFO - [2025-07-01T17:21:02.687+0000] {dag.py:4180} INFO - Setting next_dagrun for example_xcom_args to None, run_after=None
[2025-07-01T17:21:02.694+0000] {logging_mixin.py:190} INFO - [2025-07-01T17:21:02.693+0000] {dag.py:4180} INFO - Setting next_dagrun for example_xcom_args_with_operators to None, run_after=None
[2025-07-01T17:21:02.726+0000] {processor.py:208} INFO - Processing /home/airflow/.local/lib/python3.12/site-packages/airflow/example_dags/example_xcomargs.py took 0.135 seconds
[2025-07-01T21:05:58.520+0000] {processor.py:186} INFO - Started process (PID=90) to work on /home/airflow/.local/lib/python3.12/site-packages/airflow/example_dags/example_xcomargs.py
[2025-07-01T21:05:58.521+0000] {processor.py:914} INFO - Processing file /home/airflow/.local/lib/python3.12/site-packages/airflow/example_dags/example_xcomargs.py for tasks to queue
[2025-07-01T21:05:58.525+0000] {logging_mixin.py:190} INFO - [2025-07-01T21:05:58.524+0000] {dagbag.py:588} INFO - Filling up the DagBag from /home/airflow/.local/lib/python3.12/site-packages/airflow/example_dags/example_xcomargs.py
[2025-07-01T21:05:58.542+0000] {processor.py:925} INFO - DAG(s) 'example_xcom_args', 'example_xcom_args_with_operators' retrieved from /home/airflow/.local/lib/python3.12/site-packages/airflow/example_dags/example_xcomargs.py
[2025-07-01T21:05:58.581+0000] {logging_mixin.py:190} INFO - [2025-07-01T21:05:58.581+0000] {dag.py:3239} INFO - Sync 2 DAGs
[2025-07-01T21:05:58.618+0000] {logging_mixin.py:190} INFO - [2025-07-01T21:05:58.618+0000] {dag.py:4180} INFO - Setting next_dagrun for example_xcom_args to None, run_after=None
[2025-07-01T21:05:58.625+0000] {logging_mixin.py:190} INFO - [2025-07-01T21:05:58.624+0000] {dag.py:4180} INFO - Setting next_dagrun for example_xcom_args_with_operators to None, run_after=None
[2025-07-01T21:05:58.652+0000] {processor.py:208} INFO - Processing /home/airflow/.local/lib/python3.12/site-packages/airflow/example_dags/example_xcomargs.py took 0.141 seconds
[2025-07-01T21:06:29.568+0000] {processor.py:186} INFO - Started process (PID=153) to work on /home/airflow/.local/lib/python3.12/site-packages/airflow/example_dags/example_xcomargs.py
[2025-07-01T21:06:29.569+0000] {processor.py:914} INFO - Processing file /home/airflow/.local/lib/python3.12/site-packages/airflow/example_dags/example_xcomargs.py for tasks to queue
[2025-07-01T21:06:29.572+0000] {logging_mixin.py:190} INFO - [2025-07-01T21:06:29.572+0000] {dagbag.py:588} INFO - Filling up the DagBag from /home/airflow/.local/lib/python3.12/site-packages/airflow/example_dags/example_xcomargs.py
[2025-07-01T21:06:29.586+0000] {processor.py:925} INFO - DAG(s) 'example_xcom_args', 'example_xcom_args_with_operators' retrieved from /home/airflow/.local/lib/python3.12/site-packages/airflow/example_dags/example_xcomargs.py
[2025-07-01T21:06:29.613+0000] {logging_mixin.py:190} INFO - [2025-07-01T21:06:29.613+0000] {dag.py:3239} INFO - Sync 2 DAGs
[2025-07-01T21:06:29.633+0000] {logging_mixin.py:190} INFO - [2025-07-01T21:06:29.633+0000] {dag.py:4180} INFO - Setting next_dagrun for example_xcom_args to None, run_after=None
[2025-07-01T21:06:29.637+0000] {logging_mixin.py:190} INFO - [2025-07-01T21:06:29.637+0000] {dag.py:4180} INFO - Setting next_dagrun for example_xcom_args_with_operators to None, run_after=None
[2025-07-01T21:06:29.658+0000] {processor.py:208} INFO - Processing /home/airflow/.local/lib/python3.12/site-packages/airflow/example_dags/example_xcomargs.py took 0.097 seconds
[2025-07-01T21:07:00.573+0000] {processor.py:186} INFO - Started process (PID=216) to work on /home/airflow/.local/lib/python3.12/site-packages/airflow/example_dags/example_xcomargs.py
[2025-07-01T21:07:00.578+0000] {processor.py:914} INFO - Processing file /home/airflow/.local/lib/python3.12/site-packages/airflow/example_dags/example_xcomargs.py for tasks to queue
[2025-07-01T21:07:00.584+0000] {logging_mixin.py:190} INFO - [2025-07-01T21:07:00.584+0000] {dagbag.py:588} INFO - Filling up the DagBag from /home/airflow/.local/lib/python3.12/site-packages/airflow/example_dags/example_xcomargs.py
[2025-07-01T21:07:00.620+0000] {processor.py:925} INFO - DAG(s) 'example_xcom_args_with_operators', 'example_xcom_args' retrieved from /home/airflow/.local/lib/python3.12/site-packages/airflow/example_dags/example_xcomargs.py
[2025-07-01T21:07:00.697+0000] {logging_mixin.py:190} INFO - [2025-07-01T21:07:00.697+0000] {dag.py:3239} INFO - Sync 2 DAGs
[2025-07-01T21:07:00.742+0000] {logging_mixin.py:190} INFO - [2025-07-01T21:07:00.742+0000] {dag.py:4180} INFO - Setting next_dagrun for example_xcom_args to None, run_after=None
[2025-07-01T21:07:00.753+0000] {logging_mixin.py:190} INFO - [2025-07-01T21:07:00.753+0000] {dag.py:4180} INFO - Setting next_dagrun for example_xcom_args_with_operators to None, run_after=None
[2025-07-01T21:07:00.789+0000] {processor.py:208} INFO - Processing /home/airflow/.local/lib/python3.12/site-packages/airflow/example_dags/example_xcomargs.py took 0.238 seconds
[2025-07-01T21:07:34.243+0000] {processor.py:186} INFO - Started process (PID=279) to work on /home/airflow/.local/lib/python3.12/site-packages/airflow/example_dags/example_xcomargs.py
[2025-07-01T21:07:34.245+0000] {processor.py:914} INFO - Processing file /home/airflow/.local/lib/python3.12/site-packages/airflow/example_dags/example_xcomargs.py for tasks to queue
[2025-07-01T21:07:34.251+0000] {logging_mixin.py:190} INFO - [2025-07-01T21:07:34.251+0000] {dagbag.py:588} INFO - Filling up the DagBag from /home/airflow/.local/lib/python3.12/site-packages/airflow/example_dags/example_xcomargs.py
[2025-07-01T21:07:34.274+0000] {processor.py:925} INFO - DAG(s) 'example_xcom_args', 'example_xcom_args_with_operators' retrieved from /home/airflow/.local/lib/python3.12/site-packages/airflow/example_dags/example_xcomargs.py
[2025-07-01T21:07:34.338+0000] {logging_mixin.py:190} INFO - [2025-07-01T21:07:34.338+0000] {dag.py:3239} INFO - Sync 2 DAGs
[2025-07-01T21:07:34.383+0000] {logging_mixin.py:190} INFO - [2025-07-01T21:07:34.383+0000] {dag.py:4180} INFO - Setting next_dagrun for example_xcom_args to None, run_after=None
[2025-07-01T21:07:34.393+0000] {logging_mixin.py:190} INFO - [2025-07-01T21:07:34.392+0000] {dag.py:4180} INFO - Setting next_dagrun for example_xcom_args_with_operators to None, run_after=None
[2025-07-01T21:07:34.444+0000] {processor.py:208} INFO - Processing /home/airflow/.local/lib/python3.12/site-packages/airflow/example_dags/example_xcomargs.py took 0.211 seconds
[2025-07-01T21:08:05.328+0000] {processor.py:186} INFO - Started process (PID=342) to work on /home/airflow/.local/lib/python3.12/site-packages/airflow/example_dags/example_xcomargs.py
[2025-07-01T21:08:05.335+0000] {processor.py:914} INFO - Processing file /home/airflow/.local/lib/python3.12/site-packages/airflow/example_dags/example_xcomargs.py for tasks to queue
[2025-07-01T21:08:05.338+0000] {logging_mixin.py:190} INFO - [2025-07-01T21:08:05.338+0000] {dagbag.py:588} INFO - Filling up the DagBag from /home/airflow/.local/lib/python3.12/site-packages/airflow/example_dags/example_xcomargs.py
[2025-07-01T21:08:05.376+0000] {processor.py:925} INFO - DAG(s) 'example_xcom_args_with_operators', 'example_xcom_args' retrieved from /home/airflow/.local/lib/python3.12/site-packages/airflow/example_dags/example_xcomargs.py
[2025-07-01T21:08:05.436+0000] {logging_mixin.py:190} INFO - [2025-07-01T21:08:05.436+0000] {dag.py:3239} INFO - Sync 2 DAGs
[2025-07-01T21:08:05.490+0000] {logging_mixin.py:190} INFO - [2025-07-01T21:08:05.490+0000] {dag.py:4180} INFO - Setting next_dagrun for example_xcom_args to None, run_after=None
[2025-07-01T21:08:05.506+0000] {logging_mixin.py:190} INFO - [2025-07-01T21:08:05.506+0000] {dag.py:4180} INFO - Setting next_dagrun for example_xcom_args_with_operators to None, run_after=None
[2025-07-01T21:08:05.584+0000] {processor.py:208} INFO - Processing /home/airflow/.local/lib/python3.12/site-packages/airflow/example_dags/example_xcomargs.py took 0.269 seconds
[2025-07-01T21:08:36.445+0000] {processor.py:186} INFO - Started process (PID=405) to work on /home/airflow/.local/lib/python3.12/site-packages/airflow/example_dags/example_xcomargs.py
[2025-07-01T21:08:36.452+0000] {processor.py:914} INFO - Processing file /home/airflow/.local/lib/python3.12/site-packages/airflow/example_dags/example_xcomargs.py for tasks to queue
[2025-07-01T21:08:36.455+0000] {logging_mixin.py:190} INFO - [2025-07-01T21:08:36.455+0000] {dagbag.py:588} INFO - Filling up the DagBag from /home/airflow/.local/lib/python3.12/site-packages/airflow/example_dags/example_xcomargs.py
[2025-07-01T21:08:36.467+0000] {processor.py:925} INFO - DAG(s) 'example_xcom_args', 'example_xcom_args_with_operators' retrieved from /home/airflow/.local/lib/python3.12/site-packages/airflow/example_dags/example_xcomargs.py
[2025-07-01T21:08:36.494+0000] {logging_mixin.py:190} INFO - [2025-07-01T21:08:36.494+0000] {dag.py:3239} INFO - Sync 2 DAGs
[2025-07-01T21:08:36.514+0000] {logging_mixin.py:190} INFO - [2025-07-01T21:08:36.514+0000] {dag.py:4180} INFO - Setting next_dagrun for example_xcom_args to None, run_after=None
[2025-07-01T21:08:36.519+0000] {logging_mixin.py:190} INFO - [2025-07-01T21:08:36.518+0000] {dag.py:4180} INFO - Setting next_dagrun for example_xcom_args_with_operators to None, run_after=None
[2025-07-01T21:08:36.541+0000] {processor.py:208} INFO - Processing /home/airflow/.local/lib/python3.12/site-packages/airflow/example_dags/example_xcomargs.py took 0.104 seconds
[2025-07-01T21:09:07.394+0000] {processor.py:186} INFO - Started process (PID=467) to work on /home/airflow/.local/lib/python3.12/site-packages/airflow/example_dags/example_xcomargs.py
[2025-07-01T21:09:07.401+0000] {processor.py:914} INFO - Processing file /home/airflow/.local/lib/python3.12/site-packages/airflow/example_dags/example_xcomargs.py for tasks to queue
[2025-07-01T21:09:07.404+0000] {logging_mixin.py:190} INFO - [2025-07-01T21:09:07.404+0000] {dagbag.py:588} INFO - Filling up the DagBag from /home/airflow/.local/lib/python3.12/site-packages/airflow/example_dags/example_xcomargs.py
[2025-07-01T21:09:07.416+0000] {processor.py:925} INFO - DAG(s) 'example_xcom_args', 'example_xcom_args_with_operators' retrieved from /home/airflow/.local/lib/python3.12/site-packages/airflow/example_dags/example_xcomargs.py
[2025-07-01T21:09:07.442+0000] {logging_mixin.py:190} INFO - [2025-07-01T21:09:07.442+0000] {dag.py:3239} INFO - Sync 2 DAGs
[2025-07-01T21:09:07.461+0000] {logging_mixin.py:190} INFO - [2025-07-01T21:09:07.461+0000] {dag.py:4180} INFO - Setting next_dagrun for example_xcom_args to None, run_after=None
[2025-07-01T21:09:07.466+0000] {logging_mixin.py:190} INFO - [2025-07-01T21:09:07.466+0000] {dag.py:4180} INFO - Setting next_dagrun for example_xcom_args_with_operators to None, run_after=None
[2025-07-01T21:09:07.486+0000] {processor.py:208} INFO - Processing /home/airflow/.local/lib/python3.12/site-packages/airflow/example_dags/example_xcomargs.py took 0.105 seconds
[2025-07-01T21:09:38.233+0000] {processor.py:186} INFO - Started process (PID=530) to work on /home/airflow/.local/lib/python3.12/site-packages/airflow/example_dags/example_xcomargs.py
[2025-07-01T21:09:38.240+0000] {processor.py:914} INFO - Processing file /home/airflow/.local/lib/python3.12/site-packages/airflow/example_dags/example_xcomargs.py for tasks to queue
[2025-07-01T21:09:38.245+0000] {logging_mixin.py:190} INFO - [2025-07-01T21:09:38.244+0000] {dagbag.py:588} INFO - Filling up the DagBag from /home/airflow/.local/lib/python3.12/site-packages/airflow/example_dags/example_xcomargs.py
[2025-07-01T21:09:38.261+0000] {processor.py:925} INFO - DAG(s) 'example_xcom_args', 'example_xcom_args_with_operators' retrieved from /home/airflow/.local/lib/python3.12/site-packages/airflow/example_dags/example_xcomargs.py
[2025-07-01T21:09:38.303+0000] {logging_mixin.py:190} INFO - [2025-07-01T21:09:38.302+0000] {dag.py:3239} INFO - Sync 2 DAGs
[2025-07-01T21:09:38.333+0000] {logging_mixin.py:190} INFO - [2025-07-01T21:09:38.332+0000] {dag.py:4180} INFO - Setting next_dagrun for example_xcom_args to None, run_after=None
[2025-07-01T21:09:38.340+0000] {logging_mixin.py:190} INFO - [2025-07-01T21:09:38.340+0000] {dag.py:4180} INFO - Setting next_dagrun for example_xcom_args_with_operators to None, run_after=None
[2025-07-01T21:09:38.371+0000] {processor.py:208} INFO - Processing /home/airflow/.local/lib/python3.12/site-packages/airflow/example_dags/example_xcomargs.py took 0.150 seconds
[2025-07-01T21:10:08.821+0000] {processor.py:186} INFO - Started process (PID=593) to work on /home/airflow/.local/lib/python3.12/site-packages/airflow/example_dags/example_xcomargs.py
[2025-07-01T21:10:08.823+0000] {processor.py:914} INFO - Processing file /home/airflow/.local/lib/python3.12/site-packages/airflow/example_dags/example_xcomargs.py for tasks to queue
[2025-07-01T21:10:08.826+0000] {logging_mixin.py:190} INFO - [2025-07-01T21:10:08.826+0000] {dagbag.py:588} INFO - Filling up the DagBag from /home/airflow/.local/lib/python3.12/site-packages/airflow/example_dags/example_xcomargs.py
[2025-07-01T21:10:08.839+0000] {processor.py:925} INFO - DAG(s) 'example_xcom_args_with_operators', 'example_xcom_args' retrieved from /home/airflow/.local/lib/python3.12/site-packages/airflow/example_dags/example_xcomargs.py
[2025-07-01T21:10:08.872+0000] {logging_mixin.py:190} INFO - [2025-07-01T21:10:08.871+0000] {dag.py:3239} INFO - Sync 2 DAGs
[2025-07-01T21:10:08.893+0000] {logging_mixin.py:190} INFO - [2025-07-01T21:10:08.893+0000] {dag.py:4180} INFO - Setting next_dagrun for example_xcom_args to None, run_after=None
[2025-07-01T21:10:08.897+0000] {logging_mixin.py:190} INFO - [2025-07-01T21:10:08.897+0000] {dag.py:4180} INFO - Setting next_dagrun for example_xcom_args_with_operators to None, run_after=None
[2025-07-01T21:10:08.916+0000] {processor.py:208} INFO - Processing /home/airflow/.local/lib/python3.12/site-packages/airflow/example_dags/example_xcomargs.py took 0.104 seconds
[2025-07-01T21:10:39.668+0000] {processor.py:186} INFO - Started process (PID=656) to work on /home/airflow/.local/lib/python3.12/site-packages/airflow/example_dags/example_xcomargs.py
[2025-07-01T21:10:39.669+0000] {processor.py:914} INFO - Processing file /home/airflow/.local/lib/python3.12/site-packages/airflow/example_dags/example_xcomargs.py for tasks to queue
[2025-07-01T21:10:39.672+0000] {logging_mixin.py:190} INFO - [2025-07-01T21:10:39.671+0000] {dagbag.py:588} INFO - Filling up the DagBag from /home/airflow/.local/lib/python3.12/site-packages/airflow/example_dags/example_xcomargs.py
[2025-07-01T21:10:39.686+0000] {processor.py:925} INFO - DAG(s) 'example_xcom_args_with_operators', 'example_xcom_args' retrieved from /home/airflow/.local/lib/python3.12/site-packages/airflow/example_dags/example_xcomargs.py
[2025-07-01T21:10:39.722+0000] {logging_mixin.py:190} INFO - [2025-07-01T21:10:39.722+0000] {dag.py:3239} INFO - Sync 2 DAGs
[2025-07-01T21:10:39.745+0000] {logging_mixin.py:190} INFO - [2025-07-01T21:10:39.745+0000] {dag.py:4180} INFO - Setting next_dagrun for example_xcom_args to None, run_after=None
[2025-07-01T21:10:39.750+0000] {logging_mixin.py:190} INFO - [2025-07-01T21:10:39.750+0000] {dag.py:4180} INFO - Setting next_dagrun for example_xcom_args_with_operators to None, run_after=None
[2025-07-01T21:10:39.771+0000] {processor.py:208} INFO - Processing /home/airflow/.local/lib/python3.12/site-packages/airflow/example_dags/example_xcomargs.py took 0.110 seconds
[2025-07-01T21:11:10.536+0000] {processor.py:186} INFO - Started process (PID=719) to work on /home/airflow/.local/lib/python3.12/site-packages/airflow/example_dags/example_xcomargs.py
[2025-07-01T21:11:10.543+0000] {processor.py:914} INFO - Processing file /home/airflow/.local/lib/python3.12/site-packages/airflow/example_dags/example_xcomargs.py for tasks to queue
[2025-07-01T21:11:10.546+0000] {logging_mixin.py:190} INFO - [2025-07-01T21:11:10.545+0000] {dagbag.py:588} INFO - Filling up the DagBag from /home/airflow/.local/lib/python3.12/site-packages/airflow/example_dags/example_xcomargs.py
[2025-07-01T21:11:10.557+0000] {processor.py:925} INFO - DAG(s) 'example_xcom_args_with_operators', 'example_xcom_args' retrieved from /home/airflow/.local/lib/python3.12/site-packages/airflow/example_dags/example_xcomargs.py
[2025-07-01T21:11:10.586+0000] {logging_mixin.py:190} INFO - [2025-07-01T21:11:10.585+0000] {dag.py:3239} INFO - Sync 2 DAGs
[2025-07-01T21:11:10.605+0000] {logging_mixin.py:190} INFO - [2025-07-01T21:11:10.605+0000] {dag.py:4180} INFO - Setting next_dagrun for example_xcom_args to None, run_after=None
[2025-07-01T21:11:10.609+0000] {logging_mixin.py:190} INFO - [2025-07-01T21:11:10.609+0000] {dag.py:4180} INFO - Setting next_dagrun for example_xcom_args_with_operators to None, run_after=None
[2025-07-01T21:11:10.634+0000] {processor.py:208} INFO - Processing /home/airflow/.local/lib/python3.12/site-packages/airflow/example_dags/example_xcomargs.py took 0.105 seconds
[2025-07-01T21:11:41.318+0000] {processor.py:186} INFO - Started process (PID=782) to work on /home/airflow/.local/lib/python3.12/site-packages/airflow/example_dags/example_xcomargs.py
[2025-07-01T21:11:41.319+0000] {processor.py:914} INFO - Processing file /home/airflow/.local/lib/python3.12/site-packages/airflow/example_dags/example_xcomargs.py for tasks to queue
[2025-07-01T21:11:41.324+0000] {logging_mixin.py:190} INFO - [2025-07-01T21:11:41.324+0000] {dagbag.py:588} INFO - Filling up the DagBag from /home/airflow/.local/lib/python3.12/site-packages/airflow/example_dags/example_xcomargs.py
[2025-07-01T21:11:41.344+0000] {processor.py:925} INFO - DAG(s) 'example_xcom_args', 'example_xcom_args_with_operators' retrieved from /home/airflow/.local/lib/python3.12/site-packages/airflow/example_dags/example_xcomargs.py
[2025-07-01T21:11:41.385+0000] {logging_mixin.py:190} INFO - [2025-07-01T21:11:41.384+0000] {dag.py:3239} INFO - Sync 2 DAGs
[2025-07-01T21:11:41.416+0000] {logging_mixin.py:190} INFO - [2025-07-01T21:11:41.416+0000] {dag.py:4180} INFO - Setting next_dagrun for example_xcom_args to None, run_after=None
[2025-07-01T21:11:41.423+0000] {logging_mixin.py:190} INFO - [2025-07-01T21:11:41.423+0000] {dag.py:4180} INFO - Setting next_dagrun for example_xcom_args_with_operators to None, run_after=None
[2025-07-01T21:11:41.454+0000] {processor.py:208} INFO - Processing /home/airflow/.local/lib/python3.12/site-packages/airflow/example_dags/example_xcomargs.py took 0.146 seconds
[2025-07-01T21:12:11.634+0000] {processor.py:186} INFO - Started process (PID=845) to work on /home/airflow/.local/lib/python3.12/site-packages/airflow/example_dags/example_xcomargs.py
[2025-07-01T21:12:11.641+0000] {processor.py:914} INFO - Processing file /home/airflow/.local/lib/python3.12/site-packages/airflow/example_dags/example_xcomargs.py for tasks to queue
[2025-07-01T21:12:11.645+0000] {logging_mixin.py:190} INFO - [2025-07-01T21:12:11.644+0000] {dagbag.py:588} INFO - Filling up the DagBag from /home/airflow/.local/lib/python3.12/site-packages/airflow/example_dags/example_xcomargs.py
[2025-07-01T21:12:11.657+0000] {processor.py:925} INFO - DAG(s) 'example_xcom_args', 'example_xcom_args_with_operators' retrieved from /home/airflow/.local/lib/python3.12/site-packages/airflow/example_dags/example_xcomargs.py
[2025-07-01T21:12:11.700+0000] {logging_mixin.py:190} INFO - [2025-07-01T21:12:11.699+0000] {dag.py:3239} INFO - Sync 2 DAGs
[2025-07-01T21:12:11.719+0000] {logging_mixin.py:190} INFO - [2025-07-01T21:12:11.718+0000] {dag.py:4180} INFO - Setting next_dagrun for example_xcom_args to None, run_after=None
[2025-07-01T21:12:11.723+0000] {logging_mixin.py:190} INFO - [2025-07-01T21:12:11.723+0000] {dag.py:4180} INFO - Setting next_dagrun for example_xcom_args_with_operators to None, run_after=None
[2025-07-01T21:12:11.741+0000] {processor.py:208} INFO - Processing /home/airflow/.local/lib/python3.12/site-packages/airflow/example_dags/example_xcomargs.py took 0.116 seconds
[2025-07-01T21:12:42.264+0000] {processor.py:186} INFO - Started process (PID=908) to work on /home/airflow/.local/lib/python3.12/site-packages/airflow/example_dags/example_xcomargs.py
[2025-07-01T21:12:42.265+0000] {processor.py:914} INFO - Processing file /home/airflow/.local/lib/python3.12/site-packages/airflow/example_dags/example_xcomargs.py for tasks to queue
[2025-07-01T21:12:42.268+0000] {logging_mixin.py:190} INFO - [2025-07-01T21:12:42.268+0000] {dagbag.py:588} INFO - Filling up the DagBag from /home/airflow/.local/lib/python3.12/site-packages/airflow/example_dags/example_xcomargs.py
[2025-07-01T21:12:42.281+0000] {processor.py:925} INFO - DAG(s) 'example_xcom_args_with_operators', 'example_xcom_args' retrieved from /home/airflow/.local/lib/python3.12/site-packages/airflow/example_dags/example_xcomargs.py
[2025-07-01T21:12:42.314+0000] {logging_mixin.py:190} INFO - [2025-07-01T21:12:42.314+0000] {dag.py:3239} INFO - Sync 2 DAGs
[2025-07-01T21:12:42.333+0000] {logging_mixin.py:190} INFO - [2025-07-01T21:12:42.333+0000] {dag.py:4180} INFO - Setting next_dagrun for example_xcom_args to None, run_after=None
[2025-07-01T21:12:42.337+0000] {logging_mixin.py:190} INFO - [2025-07-01T21:12:42.337+0000] {dag.py:4180} INFO - Setting next_dagrun for example_xcom_args_with_operators to None, run_after=None
[2025-07-01T21:12:42.358+0000] {processor.py:208} INFO - Processing /home/airflow/.local/lib/python3.12/site-packages/airflow/example_dags/example_xcomargs.py took 0.105 seconds
[2025-07-01T21:13:12.898+0000] {processor.py:186} INFO - Started process (PID=971) to work on /home/airflow/.local/lib/python3.12/site-packages/airflow/example_dags/example_xcomargs.py
[2025-07-01T21:13:12.902+0000] {processor.py:914} INFO - Processing file /home/airflow/.local/lib/python3.12/site-packages/airflow/example_dags/example_xcomargs.py for tasks to queue
[2025-07-01T21:13:12.906+0000] {logging_mixin.py:190} INFO - [2025-07-01T21:13:12.905+0000] {dagbag.py:588} INFO - Filling up the DagBag from /home/airflow/.local/lib/python3.12/site-packages/airflow/example_dags/example_xcomargs.py
[2025-07-01T21:13:12.924+0000] {processor.py:925} INFO - DAG(s) 'example_xcom_args_with_operators', 'example_xcom_args' retrieved from /home/airflow/.local/lib/python3.12/site-packages/airflow/example_dags/example_xcomargs.py
[2025-07-01T21:13:12.967+0000] {logging_mixin.py:190} INFO - [2025-07-01T21:13:12.966+0000] {dag.py:3239} INFO - Sync 2 DAGs
[2025-07-01T21:13:12.999+0000] {logging_mixin.py:190} INFO - [2025-07-01T21:13:12.999+0000] {dag.py:4180} INFO - Setting next_dagrun for example_xcom_args to None, run_after=None
[2025-07-01T21:13:13.007+0000] {logging_mixin.py:190} INFO - [2025-07-01T21:13:13.006+0000] {dag.py:4180} INFO - Setting next_dagrun for example_xcom_args_with_operators to None, run_after=None
[2025-07-01T21:13:13.037+0000] {processor.py:208} INFO - Processing /home/airflow/.local/lib/python3.12/site-packages/airflow/example_dags/example_xcomargs.py took 0.155 seconds
[2025-07-01T21:13:43.752+0000] {processor.py:186} INFO - Started process (PID=1034) to work on /home/airflow/.local/lib/python3.12/site-packages/airflow/example_dags/example_xcomargs.py
[2025-07-01T21:13:43.753+0000] {processor.py:914} INFO - Processing file /home/airflow/.local/lib/python3.12/site-packages/airflow/example_dags/example_xcomargs.py for tasks to queue
[2025-07-01T21:13:43.755+0000] {logging_mixin.py:190} INFO - [2025-07-01T21:13:43.755+0000] {dagbag.py:588} INFO - Filling up the DagBag from /home/airflow/.local/lib/python3.12/site-packages/airflow/example_dags/example_xcomargs.py
[2025-07-01T21:13:43.767+0000] {processor.py:925} INFO - DAG(s) 'example_xcom_args_with_operators', 'example_xcom_args' retrieved from /home/airflow/.local/lib/python3.12/site-packages/airflow/example_dags/example_xcomargs.py
[2025-07-01T21:13:43.799+0000] {logging_mixin.py:190} INFO - [2025-07-01T21:13:43.799+0000] {dag.py:3239} INFO - Sync 2 DAGs
[2025-07-01T21:13:43.816+0000] {logging_mixin.py:190} INFO - [2025-07-01T21:13:43.816+0000] {dag.py:4180} INFO - Setting next_dagrun for example_xcom_args to None, run_after=None
[2025-07-01T21:13:43.820+0000] {logging_mixin.py:190} INFO - [2025-07-01T21:13:43.820+0000] {dag.py:4180} INFO - Setting next_dagrun for example_xcom_args_with_operators to None, run_after=None
[2025-07-01T21:13:43.837+0000] {processor.py:208} INFO - Processing /home/airflow/.local/lib/python3.12/site-packages/airflow/example_dags/example_xcomargs.py took 0.093 seconds
[2025-07-01T21:14:14.703+0000] {processor.py:186} INFO - Started process (PID=1097) to work on /home/airflow/.local/lib/python3.12/site-packages/airflow/example_dags/example_xcomargs.py
[2025-07-01T21:14:14.705+0000] {processor.py:914} INFO - Processing file /home/airflow/.local/lib/python3.12/site-packages/airflow/example_dags/example_xcomargs.py for tasks to queue
[2025-07-01T21:14:14.708+0000] {logging_mixin.py:190} INFO - [2025-07-01T21:14:14.708+0000] {dagbag.py:588} INFO - Filling up the DagBag from /home/airflow/.local/lib/python3.12/site-packages/airflow/example_dags/example_xcomargs.py
[2025-07-01T21:14:14.728+0000] {processor.py:925} INFO - DAG(s) 'example_xcom_args', 'example_xcom_args_with_operators' retrieved from /home/airflow/.local/lib/python3.12/site-packages/airflow/example_dags/example_xcomargs.py
[2025-07-01T21:14:14.764+0000] {logging_mixin.py:190} INFO - [2025-07-01T21:14:14.764+0000] {dag.py:3239} INFO - Sync 2 DAGs
[2025-07-01T21:14:14.795+0000] {logging_mixin.py:190} INFO - [2025-07-01T21:14:14.795+0000] {dag.py:4180} INFO - Setting next_dagrun for example_xcom_args to None, run_after=None
[2025-07-01T21:14:14.802+0000] {logging_mixin.py:190} INFO - [2025-07-01T21:14:14.802+0000] {dag.py:4180} INFO - Setting next_dagrun for example_xcom_args_with_operators to None, run_after=None
[2025-07-01T21:14:14.833+0000] {processor.py:208} INFO - Processing /home/airflow/.local/lib/python3.12/site-packages/airflow/example_dags/example_xcomargs.py took 0.140 seconds
[2025-07-01T21:14:45.615+0000] {processor.py:186} INFO - Started process (PID=1160) to work on /home/airflow/.local/lib/python3.12/site-packages/airflow/example_dags/example_xcomargs.py
[2025-07-01T21:14:45.616+0000] {processor.py:914} INFO - Processing file /home/airflow/.local/lib/python3.12/site-packages/airflow/example_dags/example_xcomargs.py for tasks to queue
[2025-07-01T21:14:45.620+0000] {logging_mixin.py:190} INFO - [2025-07-01T21:14:45.619+0000] {dagbag.py:588} INFO - Filling up the DagBag from /home/airflow/.local/lib/python3.12/site-packages/airflow/example_dags/example_xcomargs.py
[2025-07-01T21:14:45.634+0000] {processor.py:925} INFO - DAG(s) 'example_xcom_args', 'example_xcom_args_with_operators' retrieved from /home/airflow/.local/lib/python3.12/site-packages/airflow/example_dags/example_xcomargs.py
[2025-07-01T21:14:45.661+0000] {logging_mixin.py:190} INFO - [2025-07-01T21:14:45.660+0000] {dag.py:3239} INFO - Sync 2 DAGs
[2025-07-01T21:14:45.684+0000] {logging_mixin.py:190} INFO - [2025-07-01T21:14:45.683+0000] {dag.py:4180} INFO - Setting next_dagrun for example_xcom_args to None, run_after=None
[2025-07-01T21:14:45.689+0000] {logging_mixin.py:190} INFO - [2025-07-01T21:14:45.689+0000] {dag.py:4180} INFO - Setting next_dagrun for example_xcom_args_with_operators to None, run_after=None
[2025-07-01T21:14:45.712+0000] {processor.py:208} INFO - Processing /home/airflow/.local/lib/python3.12/site-packages/airflow/example_dags/example_xcomargs.py took 0.106 seconds
[2025-07-01T21:15:16.087+0000] {processor.py:186} INFO - Started process (PID=1223) to work on /home/airflow/.local/lib/python3.12/site-packages/airflow/example_dags/example_xcomargs.py
[2025-07-01T21:15:16.088+0000] {processor.py:914} INFO - Processing file /home/airflow/.local/lib/python3.12/site-packages/airflow/example_dags/example_xcomargs.py for tasks to queue
[2025-07-01T21:15:16.091+0000] {logging_mixin.py:190} INFO - [2025-07-01T21:15:16.091+0000] {dagbag.py:588} INFO - Filling up the DagBag from /home/airflow/.local/lib/python3.12/site-packages/airflow/example_dags/example_xcomargs.py
[2025-07-01T21:15:16.102+0000] {processor.py:925} INFO - DAG(s) 'example_xcom_args', 'example_xcom_args_with_operators' retrieved from /home/airflow/.local/lib/python3.12/site-packages/airflow/example_dags/example_xcomargs.py
[2025-07-01T21:15:16.127+0000] {logging_mixin.py:190} INFO - [2025-07-01T21:15:16.126+0000] {dag.py:3239} INFO - Sync 2 DAGs
[2025-07-01T21:15:16.143+0000] {logging_mixin.py:190} INFO - [2025-07-01T21:15:16.143+0000] {dag.py:4180} INFO - Setting next_dagrun for example_xcom_args to None, run_after=None
[2025-07-01T21:15:16.147+0000] {logging_mixin.py:190} INFO - [2025-07-01T21:15:16.147+0000] {dag.py:4180} INFO - Setting next_dagrun for example_xcom_args_with_operators to None, run_after=None
[2025-07-01T21:15:16.168+0000] {processor.py:208} INFO - Processing /home/airflow/.local/lib/python3.12/site-packages/airflow/example_dags/example_xcomargs.py took 0.087 seconds
[2025-07-01T21:15:46.575+0000] {processor.py:186} INFO - Started process (PID=1286) to work on /home/airflow/.local/lib/python3.12/site-packages/airflow/example_dags/example_xcomargs.py
[2025-07-01T21:15:46.578+0000] {processor.py:914} INFO - Processing file /home/airflow/.local/lib/python3.12/site-packages/airflow/example_dags/example_xcomargs.py for tasks to queue
[2025-07-01T21:15:46.582+0000] {logging_mixin.py:190} INFO - [2025-07-01T21:15:46.581+0000] {dagbag.py:588} INFO - Filling up the DagBag from /home/airflow/.local/lib/python3.12/site-packages/airflow/example_dags/example_xcomargs.py
[2025-07-01T21:15:46.601+0000] {processor.py:925} INFO - DAG(s) 'example_xcom_args', 'example_xcom_args_with_operators' retrieved from /home/airflow/.local/lib/python3.12/site-packages/airflow/example_dags/example_xcomargs.py
[2025-07-01T21:15:46.644+0000] {logging_mixin.py:190} INFO - [2025-07-01T21:15:46.644+0000] {dag.py:3239} INFO - Sync 2 DAGs
[2025-07-01T21:15:46.679+0000] {logging_mixin.py:190} INFO - [2025-07-01T21:15:46.679+0000] {dag.py:4180} INFO - Setting next_dagrun for example_xcom_args to None, run_after=None
[2025-07-01T21:15:46.687+0000] {logging_mixin.py:190} INFO - [2025-07-01T21:15:46.687+0000] {dag.py:4180} INFO - Setting next_dagrun for example_xcom_args_with_operators to None, run_after=None
[2025-07-01T21:15:46.723+0000] {processor.py:208} INFO - Processing /home/airflow/.local/lib/python3.12/site-packages/airflow/example_dags/example_xcomargs.py took 0.159 seconds
[2025-07-01T21:16:16.876+0000] {processor.py:186} INFO - Started process (PID=1349) to work on /home/airflow/.local/lib/python3.12/site-packages/airflow/example_dags/example_xcomargs.py
[2025-07-01T21:16:16.877+0000] {processor.py:914} INFO - Processing file /home/airflow/.local/lib/python3.12/site-packages/airflow/example_dags/example_xcomargs.py for tasks to queue
[2025-07-01T21:16:16.879+0000] {logging_mixin.py:190} INFO - [2025-07-01T21:16:16.879+0000] {dagbag.py:588} INFO - Filling up the DagBag from /home/airflow/.local/lib/python3.12/site-packages/airflow/example_dags/example_xcomargs.py
[2025-07-01T21:16:16.890+0000] {processor.py:925} INFO - DAG(s) 'example_xcom_args', 'example_xcom_args_with_operators' retrieved from /home/airflow/.local/lib/python3.12/site-packages/airflow/example_dags/example_xcomargs.py
[2025-07-01T21:16:16.915+0000] {logging_mixin.py:190} INFO - [2025-07-01T21:16:16.915+0000] {dag.py:3239} INFO - Sync 2 DAGs
[2025-07-01T21:16:16.932+0000] {logging_mixin.py:190} INFO - [2025-07-01T21:16:16.932+0000] {dag.py:4180} INFO - Setting next_dagrun for example_xcom_args to None, run_after=None
[2025-07-01T21:16:16.936+0000] {logging_mixin.py:190} INFO - [2025-07-01T21:16:16.936+0000] {dag.py:4180} INFO - Setting next_dagrun for example_xcom_args_with_operators to None, run_after=None
[2025-07-01T21:16:16.954+0000] {processor.py:208} INFO - Processing /home/airflow/.local/lib/python3.12/site-packages/airflow/example_dags/example_xcomargs.py took 0.088 seconds
[2025-07-01T21:16:47.314+0000] {processor.py:186} INFO - Started process (PID=1412) to work on /home/airflow/.local/lib/python3.12/site-packages/airflow/example_dags/example_xcomargs.py
[2025-07-01T21:16:47.315+0000] {processor.py:914} INFO - Processing file /home/airflow/.local/lib/python3.12/site-packages/airflow/example_dags/example_xcomargs.py for tasks to queue
[2025-07-01T21:16:47.318+0000] {logging_mixin.py:190} INFO - [2025-07-01T21:16:47.317+0000] {dagbag.py:588} INFO - Filling up the DagBag from /home/airflow/.local/lib/python3.12/site-packages/airflow/example_dags/example_xcomargs.py
[2025-07-01T21:16:47.334+0000] {processor.py:925} INFO - DAG(s) 'example_xcom_args_with_operators', 'example_xcom_args' retrieved from /home/airflow/.local/lib/python3.12/site-packages/airflow/example_dags/example_xcomargs.py
[2025-07-01T21:16:47.360+0000] {logging_mixin.py:190} INFO - [2025-07-01T21:16:47.360+0000] {dag.py:3239} INFO - Sync 2 DAGs
[2025-07-01T21:16:47.376+0000] {logging_mixin.py:190} INFO - [2025-07-01T21:16:47.375+0000] {dag.py:4180} INFO - Setting next_dagrun for example_xcom_args to None, run_after=None
[2025-07-01T21:16:47.380+0000] {logging_mixin.py:190} INFO - [2025-07-01T21:16:47.380+0000] {dag.py:4180} INFO - Setting next_dagrun for example_xcom_args_with_operators to None, run_after=None
[2025-07-01T21:16:47.398+0000] {processor.py:208} INFO - Processing /home/airflow/.local/lib/python3.12/site-packages/airflow/example_dags/example_xcomargs.py took 0.091 seconds
[2025-07-01T21:17:17.504+0000] {processor.py:186} INFO - Started process (PID=1475) to work on /home/airflow/.local/lib/python3.12/site-packages/airflow/example_dags/example_xcomargs.py
[2025-07-01T21:17:17.505+0000] {processor.py:914} INFO - Processing file /home/airflow/.local/lib/python3.12/site-packages/airflow/example_dags/example_xcomargs.py for tasks to queue
[2025-07-01T21:17:17.508+0000] {logging_mixin.py:190} INFO - [2025-07-01T21:17:17.507+0000] {dagbag.py:588} INFO - Filling up the DagBag from /home/airflow/.local/lib/python3.12/site-packages/airflow/example_dags/example_xcomargs.py
[2025-07-01T21:17:17.520+0000] {processor.py:925} INFO - DAG(s) 'example_xcom_args_with_operators', 'example_xcom_args' retrieved from /home/airflow/.local/lib/python3.12/site-packages/airflow/example_dags/example_xcomargs.py
[2025-07-01T21:17:17.547+0000] {logging_mixin.py:190} INFO - [2025-07-01T21:17:17.547+0000] {dag.py:3239} INFO - Sync 2 DAGs
[2025-07-01T21:17:17.566+0000] {logging_mixin.py:190} INFO - [2025-07-01T21:17:17.566+0000] {dag.py:4180} INFO - Setting next_dagrun for example_xcom_args to None, run_after=None
[2025-07-01T21:17:17.572+0000] {logging_mixin.py:190} INFO - [2025-07-01T21:17:17.571+0000] {dag.py:4180} INFO - Setting next_dagrun for example_xcom_args_with_operators to None, run_after=None
[2025-07-01T21:17:17.594+0000] {processor.py:208} INFO - Processing /home/airflow/.local/lib/python3.12/site-packages/airflow/example_dags/example_xcomargs.py took 0.098 seconds
[2025-07-01T21:17:47.989+0000] {processor.py:186} INFO - Started process (PID=1538) to work on /home/airflow/.local/lib/python3.12/site-packages/airflow/example_dags/example_xcomargs.py
[2025-07-01T21:17:47.990+0000] {processor.py:914} INFO - Processing file /home/airflow/.local/lib/python3.12/site-packages/airflow/example_dags/example_xcomargs.py for tasks to queue
[2025-07-01T21:17:47.992+0000] {logging_mixin.py:190} INFO - [2025-07-01T21:17:47.992+0000] {dagbag.py:588} INFO - Filling up the DagBag from /home/airflow/.local/lib/python3.12/site-packages/airflow/example_dags/example_xcomargs.py
[2025-07-01T21:17:48.004+0000] {processor.py:925} INFO - DAG(s) 'example_xcom_args_with_operators', 'example_xcom_args' retrieved from /home/airflow/.local/lib/python3.12/site-packages/airflow/example_dags/example_xcomargs.py
[2025-07-01T21:17:48.032+0000] {logging_mixin.py:190} INFO - [2025-07-01T21:17:48.031+0000] {dag.py:3239} INFO - Sync 2 DAGs
[2025-07-01T21:17:48.051+0000] {logging_mixin.py:190} INFO - [2025-07-01T21:17:48.051+0000] {dag.py:4180} INFO - Setting next_dagrun for example_xcom_args to None, run_after=None
[2025-07-01T21:17:48.056+0000] {logging_mixin.py:190} INFO - [2025-07-01T21:17:48.056+0000] {dag.py:4180} INFO - Setting next_dagrun for example_xcom_args_with_operators to None, run_after=None
[2025-07-01T21:17:48.082+0000] {processor.py:208} INFO - Processing /home/airflow/.local/lib/python3.12/site-packages/airflow/example_dags/example_xcomargs.py took 0.099 seconds
[2025-07-01T21:18:19.411+0000] {processor.py:186} INFO - Started process (PID=1601) to work on /home/airflow/.local/lib/python3.12/site-packages/airflow/example_dags/example_xcomargs.py
[2025-07-01T21:18:19.412+0000] {processor.py:914} INFO - Processing file /home/airflow/.local/lib/python3.12/site-packages/airflow/example_dags/example_xcomargs.py for tasks to queue
[2025-07-01T21:18:19.414+0000] {logging_mixin.py:190} INFO - [2025-07-01T21:18:19.414+0000] {dagbag.py:588} INFO - Filling up the DagBag from /home/airflow/.local/lib/python3.12/site-packages/airflow/example_dags/example_xcomargs.py
[2025-07-01T21:18:19.428+0000] {processor.py:925} INFO - DAG(s) 'example_xcom_args', 'example_xcom_args_with_operators' retrieved from /home/airflow/.local/lib/python3.12/site-packages/airflow/example_dags/example_xcomargs.py
[2025-07-01T21:18:19.455+0000] {logging_mixin.py:190} INFO - [2025-07-01T21:18:19.454+0000] {dag.py:3239} INFO - Sync 2 DAGs
[2025-07-01T21:18:19.473+0000] {logging_mixin.py:190} INFO - [2025-07-01T21:18:19.473+0000] {dag.py:4180} INFO - Setting next_dagrun for example_xcom_args to None, run_after=None
[2025-07-01T21:18:19.478+0000] {logging_mixin.py:190} INFO - [2025-07-01T21:18:19.477+0000] {dag.py:4180} INFO - Setting next_dagrun for example_xcom_args_with_operators to None, run_after=None
[2025-07-01T21:18:19.497+0000] {processor.py:208} INFO - Processing /home/airflow/.local/lib/python3.12/site-packages/airflow/example_dags/example_xcomargs.py took 0.094 seconds
[2025-07-01T21:18:50.777+0000] {processor.py:186} INFO - Started process (PID=1664) to work on /home/airflow/.local/lib/python3.12/site-packages/airflow/example_dags/example_xcomargs.py
[2025-07-01T21:18:50.778+0000] {processor.py:914} INFO - Processing file /home/airflow/.local/lib/python3.12/site-packages/airflow/example_dags/example_xcomargs.py for tasks to queue
[2025-07-01T21:18:50.781+0000] {logging_mixin.py:190} INFO - [2025-07-01T21:18:50.780+0000] {dagbag.py:588} INFO - Filling up the DagBag from /home/airflow/.local/lib/python3.12/site-packages/airflow/example_dags/example_xcomargs.py
[2025-07-01T21:18:50.793+0000] {processor.py:925} INFO - DAG(s) 'example_xcom_args_with_operators', 'example_xcom_args' retrieved from /home/airflow/.local/lib/python3.12/site-packages/airflow/example_dags/example_xcomargs.py
[2025-07-01T21:18:50.821+0000] {logging_mixin.py:190} INFO - [2025-07-01T21:18:50.821+0000] {dag.py:3239} INFO - Sync 2 DAGs
[2025-07-01T21:18:50.838+0000] {logging_mixin.py:190} INFO - [2025-07-01T21:18:50.838+0000] {dag.py:4180} INFO - Setting next_dagrun for example_xcom_args to None, run_after=None
[2025-07-01T21:18:50.844+0000] {logging_mixin.py:190} INFO - [2025-07-01T21:18:50.843+0000] {dag.py:4180} INFO - Setting next_dagrun for example_xcom_args_with_operators to None, run_after=None
[2025-07-01T21:18:50.862+0000] {processor.py:208} INFO - Processing /home/airflow/.local/lib/python3.12/site-packages/airflow/example_dags/example_xcomargs.py took 0.091 seconds
[2025-07-01T21:19:22.081+0000] {processor.py:186} INFO - Started process (PID=1733) to work on /home/airflow/.local/lib/python3.12/site-packages/airflow/example_dags/example_xcomargs.py
[2025-07-01T21:19:22.083+0000] {processor.py:914} INFO - Processing file /home/airflow/.local/lib/python3.12/site-packages/airflow/example_dags/example_xcomargs.py for tasks to queue
[2025-07-01T21:19:22.086+0000] {logging_mixin.py:190} INFO - [2025-07-01T21:19:22.086+0000] {dagbag.py:588} INFO - Filling up the DagBag from /home/airflow/.local/lib/python3.12/site-packages/airflow/example_dags/example_xcomargs.py
[2025-07-01T21:19:22.104+0000] {processor.py:925} INFO - DAG(s) 'example_xcom_args', 'example_xcom_args_with_operators' retrieved from /home/airflow/.local/lib/python3.12/site-packages/airflow/example_dags/example_xcomargs.py
[2025-07-01T21:19:22.156+0000] {logging_mixin.py:190} INFO - [2025-07-01T21:19:22.156+0000] {dag.py:3239} INFO - Sync 2 DAGs
[2025-07-01T21:19:22.181+0000] {logging_mixin.py:190} INFO - [2025-07-01T21:19:22.181+0000] {dag.py:4180} INFO - Setting next_dagrun for example_xcom_args to None, run_after=None
[2025-07-01T21:19:22.188+0000] {logging_mixin.py:190} INFO - [2025-07-01T21:19:22.188+0000] {dag.py:4180} INFO - Setting next_dagrun for example_xcom_args_with_operators to None, run_after=None
[2025-07-01T21:19:22.219+0000] {processor.py:208} INFO - Processing /home/airflow/.local/lib/python3.12/site-packages/airflow/example_dags/example_xcomargs.py took 0.150 seconds
[2025-07-01T21:19:53.400+0000] {processor.py:186} INFO - Started process (PID=1796) to work on /home/airflow/.local/lib/python3.12/site-packages/airflow/example_dags/example_xcomargs.py
[2025-07-01T21:19:53.402+0000] {processor.py:914} INFO - Processing file /home/airflow/.local/lib/python3.12/site-packages/airflow/example_dags/example_xcomargs.py for tasks to queue
[2025-07-01T21:19:53.406+0000] {logging_mixin.py:190} INFO - [2025-07-01T21:19:53.405+0000] {dagbag.py:588} INFO - Filling up the DagBag from /home/airflow/.local/lib/python3.12/site-packages/airflow/example_dags/example_xcomargs.py
[2025-07-01T21:19:53.424+0000] {processor.py:925} INFO - DAG(s) 'example_xcom_args_with_operators', 'example_xcom_args' retrieved from /home/airflow/.local/lib/python3.12/site-packages/airflow/example_dags/example_xcomargs.py
[2025-07-01T21:19:53.469+0000] {logging_mixin.py:190} INFO - [2025-07-01T21:19:53.469+0000] {dag.py:3239} INFO - Sync 2 DAGs
[2025-07-01T21:19:53.497+0000] {logging_mixin.py:190} INFO - [2025-07-01T21:19:53.497+0000] {dag.py:4180} INFO - Setting next_dagrun for example_xcom_args to None, run_after=None
[2025-07-01T21:19:53.504+0000] {logging_mixin.py:190} INFO - [2025-07-01T21:19:53.503+0000] {dag.py:4180} INFO - Setting next_dagrun for example_xcom_args_with_operators to None, run_after=None
[2025-07-01T21:19:53.527+0000] {processor.py:208} INFO - Processing /home/airflow/.local/lib/python3.12/site-packages/airflow/example_dags/example_xcomargs.py took 0.138 seconds
[2025-07-01T21:20:24.596+0000] {processor.py:186} INFO - Started process (PID=1859) to work on /home/airflow/.local/lib/python3.12/site-packages/airflow/example_dags/example_xcomargs.py
[2025-07-01T21:20:24.597+0000] {processor.py:914} INFO - Processing file /home/airflow/.local/lib/python3.12/site-packages/airflow/example_dags/example_xcomargs.py for tasks to queue
[2025-07-01T21:20:24.601+0000] {logging_mixin.py:190} INFO - [2025-07-01T21:20:24.601+0000] {dagbag.py:588} INFO - Filling up the DagBag from /home/airflow/.local/lib/python3.12/site-packages/airflow/example_dags/example_xcomargs.py
[2025-07-01T21:20:24.613+0000] {processor.py:925} INFO - DAG(s) 'example_xcom_args_with_operators', 'example_xcom_args' retrieved from /home/airflow/.local/lib/python3.12/site-packages/airflow/example_dags/example_xcomargs.py
[2025-07-01T21:20:24.643+0000] {logging_mixin.py:190} INFO - [2025-07-01T21:20:24.643+0000] {dag.py:3239} INFO - Sync 2 DAGs
[2025-07-01T21:20:24.667+0000] {logging_mixin.py:190} INFO - [2025-07-01T21:20:24.667+0000] {dag.py:4180} INFO - Setting next_dagrun for example_xcom_args to None, run_after=None
[2025-07-01T21:20:24.672+0000] {logging_mixin.py:190} INFO - [2025-07-01T21:20:24.672+0000] {dag.py:4180} INFO - Setting next_dagrun for example_xcom_args_with_operators to None, run_after=None
[2025-07-01T21:20:24.695+0000] {processor.py:208} INFO - Processing /home/airflow/.local/lib/python3.12/site-packages/airflow/example_dags/example_xcomargs.py took 0.109 seconds
[2025-07-01T21:20:56.051+0000] {processor.py:186} INFO - Started process (PID=1922) to work on /home/airflow/.local/lib/python3.12/site-packages/airflow/example_dags/example_xcomargs.py
[2025-07-01T21:20:56.052+0000] {processor.py:914} INFO - Processing file /home/airflow/.local/lib/python3.12/site-packages/airflow/example_dags/example_xcomargs.py for tasks to queue
[2025-07-01T21:20:56.055+0000] {logging_mixin.py:190} INFO - [2025-07-01T21:20:56.054+0000] {dagbag.py:588} INFO - Filling up the DagBag from /home/airflow/.local/lib/python3.12/site-packages/airflow/example_dags/example_xcomargs.py
[2025-07-01T21:20:56.065+0000] {processor.py:925} INFO - DAG(s) 'example_xcom_args', 'example_xcom_args_with_operators' retrieved from /home/airflow/.local/lib/python3.12/site-packages/airflow/example_dags/example_xcomargs.py
[2025-07-01T21:20:56.091+0000] {logging_mixin.py:190} INFO - [2025-07-01T21:20:56.091+0000] {dag.py:3239} INFO - Sync 2 DAGs
[2025-07-01T21:20:56.107+0000] {logging_mixin.py:190} INFO - [2025-07-01T21:20:56.107+0000] {dag.py:4180} INFO - Setting next_dagrun for example_xcom_args to None, run_after=None
[2025-07-01T21:20:56.111+0000] {logging_mixin.py:190} INFO - [2025-07-01T21:20:56.111+0000] {dag.py:4180} INFO - Setting next_dagrun for example_xcom_args_with_operators to None, run_after=None
[2025-07-01T21:20:56.129+0000] {processor.py:208} INFO - Processing /home/airflow/.local/lib/python3.12/site-packages/airflow/example_dags/example_xcomargs.py took 0.085 seconds
[2025-07-01T21:21:26.833+0000] {processor.py:186} INFO - Started process (PID=1985) to work on /home/airflow/.local/lib/python3.12/site-packages/airflow/example_dags/example_xcomargs.py
[2025-07-01T21:21:26.834+0000] {processor.py:914} INFO - Processing file /home/airflow/.local/lib/python3.12/site-packages/airflow/example_dags/example_xcomargs.py for tasks to queue
[2025-07-01T21:21:26.837+0000] {logging_mixin.py:190} INFO - [2025-07-01T21:21:26.836+0000] {dagbag.py:588} INFO - Filling up the DagBag from /home/airflow/.local/lib/python3.12/site-packages/airflow/example_dags/example_xcomargs.py
[2025-07-01T21:21:26.852+0000] {processor.py:925} INFO - DAG(s) 'example_xcom_args_with_operators', 'example_xcom_args' retrieved from /home/airflow/.local/lib/python3.12/site-packages/airflow/example_dags/example_xcomargs.py
[2025-07-01T21:21:26.888+0000] {logging_mixin.py:190} INFO - [2025-07-01T21:21:26.887+0000] {dag.py:3239} INFO - Sync 2 DAGs
[2025-07-01T21:21:26.908+0000] {logging_mixin.py:190} INFO - [2025-07-01T21:21:26.908+0000] {dag.py:4180} INFO - Setting next_dagrun for example_xcom_args to None, run_after=None
[2025-07-01T21:21:26.916+0000] {logging_mixin.py:190} INFO - [2025-07-01T21:21:26.915+0000] {dag.py:4180} INFO - Setting next_dagrun for example_xcom_args_with_operators to None, run_after=None
[2025-07-01T21:21:26.940+0000] {processor.py:208} INFO - Processing /home/airflow/.local/lib/python3.12/site-packages/airflow/example_dags/example_xcomargs.py took 0.118 seconds
[2025-07-01T21:21:58.261+0000] {processor.py:186} INFO - Started process (PID=2048) to work on /home/airflow/.local/lib/python3.12/site-packages/airflow/example_dags/example_xcomargs.py
[2025-07-01T21:21:58.262+0000] {processor.py:914} INFO - Processing file /home/airflow/.local/lib/python3.12/site-packages/airflow/example_dags/example_xcomargs.py for tasks to queue
[2025-07-01T21:21:58.265+0000] {logging_mixin.py:190} INFO - [2025-07-01T21:21:58.264+0000] {dagbag.py:588} INFO - Filling up the DagBag from /home/airflow/.local/lib/python3.12/site-packages/airflow/example_dags/example_xcomargs.py
[2025-07-01T21:21:58.277+0000] {processor.py:925} INFO - DAG(s) 'example_xcom_args_with_operators', 'example_xcom_args' retrieved from /home/airflow/.local/lib/python3.12/site-packages/airflow/example_dags/example_xcomargs.py
[2025-07-01T21:21:58.306+0000] {logging_mixin.py:190} INFO - [2025-07-01T21:21:58.306+0000] {dag.py:3239} INFO - Sync 2 DAGs
[2025-07-01T21:21:58.325+0000] {logging_mixin.py:190} INFO - [2025-07-01T21:21:58.324+0000] {dag.py:4180} INFO - Setting next_dagrun for example_xcom_args to None, run_after=None
[2025-07-01T21:21:58.329+0000] {logging_mixin.py:190} INFO - [2025-07-01T21:21:58.329+0000] {dag.py:4180} INFO - Setting next_dagrun for example_xcom_args_with_operators to None, run_after=None
[2025-07-01T21:21:58.350+0000] {processor.py:208} INFO - Processing /home/airflow/.local/lib/python3.12/site-packages/airflow/example_dags/example_xcomargs.py took 0.096 seconds
[2025-07-01T21:22:29.557+0000] {processor.py:186} INFO - Started process (PID=2111) to work on /home/airflow/.local/lib/python3.12/site-packages/airflow/example_dags/example_xcomargs.py
[2025-07-01T21:22:29.558+0000] {processor.py:914} INFO - Processing file /home/airflow/.local/lib/python3.12/site-packages/airflow/example_dags/example_xcomargs.py for tasks to queue
[2025-07-01T21:22:29.561+0000] {logging_mixin.py:190} INFO - [2025-07-01T21:22:29.561+0000] {dagbag.py:588} INFO - Filling up the DagBag from /home/airflow/.local/lib/python3.12/site-packages/airflow/example_dags/example_xcomargs.py
[2025-07-01T21:22:29.575+0000] {processor.py:925} INFO - DAG(s) 'example_xcom_args_with_operators', 'example_xcom_args' retrieved from /home/airflow/.local/lib/python3.12/site-packages/airflow/example_dags/example_xcomargs.py
[2025-07-01T21:22:29.608+0000] {logging_mixin.py:190} INFO - [2025-07-01T21:22:29.608+0000] {dag.py:3239} INFO - Sync 2 DAGs
[2025-07-01T21:22:29.629+0000] {logging_mixin.py:190} INFO - [2025-07-01T21:22:29.629+0000] {dag.py:4180} INFO - Setting next_dagrun for example_xcom_args to None, run_after=None
[2025-07-01T21:22:29.634+0000] {logging_mixin.py:190} INFO - [2025-07-01T21:22:29.633+0000] {dag.py:4180} INFO - Setting next_dagrun for example_xcom_args_with_operators to None, run_after=None
[2025-07-01T21:22:29.657+0000] {processor.py:208} INFO - Processing /home/airflow/.local/lib/python3.12/site-packages/airflow/example_dags/example_xcomargs.py took 0.107 seconds
[2025-07-01T21:23:01.018+0000] {processor.py:186} INFO - Started process (PID=2174) to work on /home/airflow/.local/lib/python3.12/site-packages/airflow/example_dags/example_xcomargs.py
[2025-07-01T21:23:01.020+0000] {processor.py:914} INFO - Processing file /home/airflow/.local/lib/python3.12/site-packages/airflow/example_dags/example_xcomargs.py for tasks to queue
[2025-07-01T21:23:01.023+0000] {logging_mixin.py:190} INFO - [2025-07-01T21:23:01.023+0000] {dagbag.py:588} INFO - Filling up the DagBag from /home/airflow/.local/lib/python3.12/site-packages/airflow/example_dags/example_xcomargs.py
[2025-07-01T21:23:01.053+0000] {processor.py:925} INFO - DAG(s) 'example_xcom_args', 'example_xcom_args_with_operators' retrieved from /home/airflow/.local/lib/python3.12/site-packages/airflow/example_dags/example_xcomargs.py
[2025-07-01T21:23:01.086+0000] {logging_mixin.py:190} INFO - [2025-07-01T21:23:01.086+0000] {dag.py:3239} INFO - Sync 2 DAGs
[2025-07-01T21:23:01.105+0000] {logging_mixin.py:190} INFO - [2025-07-01T21:23:01.105+0000] {dag.py:4180} INFO - Setting next_dagrun for example_xcom_args to None, run_after=None
[2025-07-01T21:23:01.111+0000] {logging_mixin.py:190} INFO - [2025-07-01T21:23:01.110+0000] {dag.py:4180} INFO - Setting next_dagrun for example_xcom_args_with_operators to None, run_after=None
[2025-07-01T21:23:01.133+0000] {processor.py:208} INFO - Processing /home/airflow/.local/lib/python3.12/site-packages/airflow/example_dags/example_xcomargs.py took 0.122 seconds
[2025-07-01T21:23:32.342+0000] {processor.py:186} INFO - Started process (PID=2237) to work on /home/airflow/.local/lib/python3.12/site-packages/airflow/example_dags/example_xcomargs.py
[2025-07-01T21:23:32.343+0000] {processor.py:914} INFO - Processing file /home/airflow/.local/lib/python3.12/site-packages/airflow/example_dags/example_xcomargs.py for tasks to queue
[2025-07-01T21:23:32.346+0000] {logging_mixin.py:190} INFO - [2025-07-01T21:23:32.345+0000] {dagbag.py:588} INFO - Filling up the DagBag from /home/airflow/.local/lib/python3.12/site-packages/airflow/example_dags/example_xcomargs.py
[2025-07-01T21:23:32.357+0000] {processor.py:925} INFO - DAG(s) 'example_xcom_args_with_operators', 'example_xcom_args' retrieved from /home/airflow/.local/lib/python3.12/site-packages/airflow/example_dags/example_xcomargs.py
[2025-07-01T21:23:32.381+0000] {logging_mixin.py:190} INFO - [2025-07-01T21:23:32.381+0000] {dag.py:3239} INFO - Sync 2 DAGs
[2025-07-01T21:23:32.397+0000] {logging_mixin.py:190} INFO - [2025-07-01T21:23:32.397+0000] {dag.py:4180} INFO - Setting next_dagrun for example_xcom_args to None, run_after=None
[2025-07-01T21:23:32.402+0000] {logging_mixin.py:190} INFO - [2025-07-01T21:23:32.402+0000] {dag.py:4180} INFO - Setting next_dagrun for example_xcom_args_with_operators to None, run_after=None
[2025-07-01T21:23:32.421+0000] {processor.py:208} INFO - Processing /home/airflow/.local/lib/python3.12/site-packages/airflow/example_dags/example_xcomargs.py took 0.085 seconds
[2025-07-01T21:24:04.018+0000] {processor.py:186} INFO - Started process (PID=2300) to work on /home/airflow/.local/lib/python3.12/site-packages/airflow/example_dags/example_xcomargs.py
[2025-07-01T21:24:04.019+0000] {processor.py:914} INFO - Processing file /home/airflow/.local/lib/python3.12/site-packages/airflow/example_dags/example_xcomargs.py for tasks to queue
[2025-07-01T21:24:04.023+0000] {logging_mixin.py:190} INFO - [2025-07-01T21:24:04.022+0000] {dagbag.py:588} INFO - Filling up the DagBag from /home/airflow/.local/lib/python3.12/site-packages/airflow/example_dags/example_xcomargs.py
[2025-07-01T21:24:04.042+0000] {processor.py:925} INFO - DAG(s) 'example_xcom_args_with_operators', 'example_xcom_args' retrieved from /home/airflow/.local/lib/python3.12/site-packages/airflow/example_dags/example_xcomargs.py
[2025-07-01T21:24:04.072+0000] {logging_mixin.py:190} INFO - [2025-07-01T21:24:04.072+0000] {dag.py:3239} INFO - Sync 2 DAGs
[2025-07-01T21:24:04.089+0000] {logging_mixin.py:190} INFO - [2025-07-01T21:24:04.089+0000] {dag.py:4180} INFO - Setting next_dagrun for example_xcom_args to None, run_after=None
[2025-07-01T21:24:04.095+0000] {logging_mixin.py:190} INFO - [2025-07-01T21:24:04.094+0000] {dag.py:4180} INFO - Setting next_dagrun for example_xcom_args_with_operators to None, run_after=None
[2025-07-01T21:24:04.114+0000] {processor.py:208} INFO - Processing /home/airflow/.local/lib/python3.12/site-packages/airflow/example_dags/example_xcomargs.py took 0.104 seconds
