[2025-07-01T17:21:01.014+0000] {processor.py:186} INFO - Started process (PID=6292) to work on /home/airflow/.local/lib/python3.12/site-packages/airflow/example_dags/example_complex.py
[2025-07-01T17:21:01.016+0000] {processor.py:914} INFO - Processing file /home/airflow/.local/lib/python3.12/site-packages/airflow/example_dags/example_complex.py for tasks to queue
[2025-07-01T17:21:01.023+0000] {logging_mixin.py:190} INFO - [2025-07-01T17:21:01.022+0000] {dagbag.py:588} INFO - Filling up the DagBag from /home/airflow/.local/lib/python3.12/site-packages/airflow/example_dags/example_complex.py
[2025-07-01T17:21:01.063+0000] {processor.py:925} INFO - DAG(s) 'example_complex' retrieved from /home/airflow/.local/lib/python3.12/site-packages/airflow/example_dags/example_complex.py
[2025-07-01T17:21:01.155+0000] {logging_mixin.py:190} INFO - [2025-07-01T17:21:01.154+0000] {dag.py:3239} INFO - Sync 1 DAGs
[2025-07-01T17:21:01.192+0000] {logging_mixin.py:190} INFO - [2025-07-01T17:21:01.191+0000] {dag.py:4180} INFO - Setting next_dagrun for example_complex to None, run_after=None
[2025-07-01T17:21:01.237+0000] {processor.py:208} INFO - Processing /home/airflow/.local/lib/python3.12/site-packages/airflow/example_dags/example_complex.py took 0.240 seconds
[2025-07-01T21:05:57.014+0000] {processor.py:186} INFO - Started process (PID=81) to work on /home/airflow/.local/lib/python3.12/site-packages/airflow/example_dags/example_complex.py
[2025-07-01T21:05:57.018+0000] {processor.py:914} INFO - Processing file /home/airflow/.local/lib/python3.12/site-packages/airflow/example_dags/example_complex.py for tasks to queue
[2025-07-01T21:05:57.021+0000] {logging_mixin.py:190} INFO - [2025-07-01T21:05:57.021+0000] {dagbag.py:588} INFO - Filling up the DagBag from /home/airflow/.local/lib/python3.12/site-packages/airflow/example_dags/example_complex.py
[2025-07-01T21:05:57.092+0000] {processor.py:925} INFO - DAG(s) 'example_complex' retrieved from /home/airflow/.local/lib/python3.12/site-packages/airflow/example_dags/example_complex.py
[2025-07-01T21:05:57.163+0000] {logging_mixin.py:190} INFO - [2025-07-01T21:05:57.163+0000] {dag.py:3239} INFO - Sync 1 DAGs
[2025-07-01T21:05:57.194+0000] {logging_mixin.py:190} INFO - [2025-07-01T21:05:57.194+0000] {dag.py:4180} INFO - Setting next_dagrun for example_complex to None, run_after=None
[2025-07-01T21:05:57.234+0000] {processor.py:208} INFO - Processing /home/airflow/.local/lib/python3.12/site-packages/airflow/example_dags/example_complex.py took 0.231 seconds
[2025-07-01T21:06:27.889+0000] {processor.py:186} INFO - Started process (PID=144) to work on /home/airflow/.local/lib/python3.12/site-packages/airflow/example_dags/example_complex.py
[2025-07-01T21:06:27.890+0000] {processor.py:914} INFO - Processing file /home/airflow/.local/lib/python3.12/site-packages/airflow/example_dags/example_complex.py for tasks to queue
[2025-07-01T21:06:27.893+0000] {logging_mixin.py:190} INFO - [2025-07-01T21:06:27.892+0000] {dagbag.py:588} INFO - Filling up the DagBag from /home/airflow/.local/lib/python3.12/site-packages/airflow/example_dags/example_complex.py
[2025-07-01T21:06:27.914+0000] {processor.py:925} INFO - DAG(s) 'example_complex' retrieved from /home/airflow/.local/lib/python3.12/site-packages/airflow/example_dags/example_complex.py
[2025-07-01T21:06:27.951+0000] {logging_mixin.py:190} INFO - [2025-07-01T21:06:27.951+0000] {dag.py:3239} INFO - Sync 1 DAGs
[2025-07-01T21:06:27.967+0000] {logging_mixin.py:190} INFO - [2025-07-01T21:06:27.966+0000] {dag.py:4180} INFO - Setting next_dagrun for example_complex to None, run_after=None
[2025-07-01T21:06:27.986+0000] {processor.py:208} INFO - Processing /home/airflow/.local/lib/python3.12/site-packages/airflow/example_dags/example_complex.py took 0.106 seconds
[2025-07-01T21:06:58.488+0000] {processor.py:186} INFO - Started process (PID=207) to work on /home/airflow/.local/lib/python3.12/site-packages/airflow/example_dags/example_complex.py
[2025-07-01T21:06:58.492+0000] {processor.py:914} INFO - Processing file /home/airflow/.local/lib/python3.12/site-packages/airflow/example_dags/example_complex.py for tasks to queue
[2025-07-01T21:06:58.495+0000] {logging_mixin.py:190} INFO - [2025-07-01T21:06:58.495+0000] {dagbag.py:588} INFO - Filling up the DagBag from /home/airflow/.local/lib/python3.12/site-packages/airflow/example_dags/example_complex.py
[2025-07-01T21:06:58.522+0000] {processor.py:925} INFO - DAG(s) 'example_complex' retrieved from /home/airflow/.local/lib/python3.12/site-packages/airflow/example_dags/example_complex.py
[2025-07-01T21:06:58.594+0000] {logging_mixin.py:190} INFO - [2025-07-01T21:06:58.594+0000] {dag.py:3239} INFO - Sync 1 DAGs
[2025-07-01T21:06:58.620+0000] {logging_mixin.py:190} INFO - [2025-07-01T21:06:58.619+0000] {dag.py:4180} INFO - Setting next_dagrun for example_complex to None, run_after=None
[2025-07-01T21:06:58.655+0000] {processor.py:208} INFO - Processing /home/airflow/.local/lib/python3.12/site-packages/airflow/example_dags/example_complex.py took 0.178 seconds
[2025-07-01T21:07:32.158+0000] {processor.py:186} INFO - Started process (PID=270) to work on /home/airflow/.local/lib/python3.12/site-packages/airflow/example_dags/example_complex.py
[2025-07-01T21:07:32.169+0000] {processor.py:914} INFO - Processing file /home/airflow/.local/lib/python3.12/site-packages/airflow/example_dags/example_complex.py for tasks to queue
[2025-07-01T21:07:32.179+0000] {logging_mixin.py:190} INFO - [2025-07-01T21:07:32.178+0000] {dagbag.py:588} INFO - Filling up the DagBag from /home/airflow/.local/lib/python3.12/site-packages/airflow/example_dags/example_complex.py
[2025-07-01T21:07:32.278+0000] {processor.py:925} INFO - DAG(s) 'example_complex' retrieved from /home/airflow/.local/lib/python3.12/site-packages/airflow/example_dags/example_complex.py
[2025-07-01T21:07:32.497+0000] {logging_mixin.py:190} INFO - [2025-07-01T21:07:32.497+0000] {dag.py:3239} INFO - Sync 1 DAGs
[2025-07-01T21:07:32.590+0000] {logging_mixin.py:190} INFO - [2025-07-01T21:07:32.590+0000] {dag.py:4180} INFO - Setting next_dagrun for example_complex to None, run_after=None
[2025-07-01T21:07:32.663+0000] {processor.py:208} INFO - Processing /home/airflow/.local/lib/python3.12/site-packages/airflow/example_dags/example_complex.py took 0.531 seconds
[2025-07-01T21:08:02.779+0000] {processor.py:186} INFO - Started process (PID=334) to work on /home/airflow/.local/lib/python3.12/site-packages/airflow/example_dags/example_complex.py
[2025-07-01T21:08:02.780+0000] {processor.py:914} INFO - Processing file /home/airflow/.local/lib/python3.12/site-packages/airflow/example_dags/example_complex.py for tasks to queue
[2025-07-01T21:08:02.787+0000] {logging_mixin.py:190} INFO - [2025-07-01T21:08:02.786+0000] {dagbag.py:588} INFO - Filling up the DagBag from /home/airflow/.local/lib/python3.12/site-packages/airflow/example_dags/example_complex.py
[2025-07-01T21:08:02.815+0000] {processor.py:925} INFO - DAG(s) 'example_complex' retrieved from /home/airflow/.local/lib/python3.12/site-packages/airflow/example_dags/example_complex.py
[2025-07-01T21:08:02.907+0000] {logging_mixin.py:190} INFO - [2025-07-01T21:08:02.907+0000] {dag.py:3239} INFO - Sync 1 DAGs
[2025-07-01T21:08:02.943+0000] {logging_mixin.py:190} INFO - [2025-07-01T21:08:02.942+0000] {dag.py:4180} INFO - Setting next_dagrun for example_complex to None, run_after=None
[2025-07-01T21:08:02.987+0000] {processor.py:208} INFO - Processing /home/airflow/.local/lib/python3.12/site-packages/airflow/example_dags/example_complex.py took 0.223 seconds
[2025-07-01T21:08:33.570+0000] {processor.py:186} INFO - Started process (PID=396) to work on /home/airflow/.local/lib/python3.12/site-packages/airflow/example_dags/example_complex.py
[2025-07-01T21:08:33.578+0000] {processor.py:914} INFO - Processing file /home/airflow/.local/lib/python3.12/site-packages/airflow/example_dags/example_complex.py for tasks to queue
[2025-07-01T21:08:33.585+0000] {logging_mixin.py:190} INFO - [2025-07-01T21:08:33.582+0000] {dagbag.py:588} INFO - Filling up the DagBag from /home/airflow/.local/lib/python3.12/site-packages/airflow/example_dags/example_complex.py
[2025-07-01T21:08:33.611+0000] {processor.py:925} INFO - DAG(s) 'example_complex' retrieved from /home/airflow/.local/lib/python3.12/site-packages/airflow/example_dags/example_complex.py
[2025-07-01T21:08:33.668+0000] {logging_mixin.py:190} INFO - [2025-07-01T21:08:33.668+0000] {dag.py:3239} INFO - Sync 1 DAGs
[2025-07-01T21:08:33.686+0000] {logging_mixin.py:190} INFO - [2025-07-01T21:08:33.686+0000] {dag.py:4180} INFO - Setting next_dagrun for example_complex to None, run_after=None
[2025-07-01T21:08:33.714+0000] {processor.py:208} INFO - Processing /home/airflow/.local/lib/python3.12/site-packages/airflow/example_dags/example_complex.py took 0.159 seconds
[2025-07-01T21:09:04.720+0000] {processor.py:186} INFO - Started process (PID=458) to work on /home/airflow/.local/lib/python3.12/site-packages/airflow/example_dags/example_complex.py
[2025-07-01T21:09:04.725+0000] {processor.py:914} INFO - Processing file /home/airflow/.local/lib/python3.12/site-packages/airflow/example_dags/example_complex.py for tasks to queue
[2025-07-01T21:09:04.733+0000] {logging_mixin.py:190} INFO - [2025-07-01T21:09:04.732+0000] {dagbag.py:588} INFO - Filling up the DagBag from /home/airflow/.local/lib/python3.12/site-packages/airflow/example_dags/example_complex.py
[2025-07-01T21:09:04.760+0000] {processor.py:925} INFO - DAG(s) 'example_complex' retrieved from /home/airflow/.local/lib/python3.12/site-packages/airflow/example_dags/example_complex.py
[2025-07-01T21:09:04.799+0000] {logging_mixin.py:190} INFO - [2025-07-01T21:09:04.799+0000] {dag.py:3239} INFO - Sync 1 DAGs
[2025-07-01T21:09:04.817+0000] {logging_mixin.py:190} INFO - [2025-07-01T21:09:04.817+0000] {dag.py:4180} INFO - Setting next_dagrun for example_complex to None, run_after=None
[2025-07-01T21:09:04.841+0000] {processor.py:208} INFO - Processing /home/airflow/.local/lib/python3.12/site-packages/airflow/example_dags/example_complex.py took 0.155 seconds
[2025-07-01T21:09:35.227+0000] {processor.py:186} INFO - Started process (PID=521) to work on /home/airflow/.local/lib/python3.12/site-packages/airflow/example_dags/example_complex.py
[2025-07-01T21:09:35.234+0000] {processor.py:914} INFO - Processing file /home/airflow/.local/lib/python3.12/site-packages/airflow/example_dags/example_complex.py for tasks to queue
[2025-07-01T21:09:35.240+0000] {logging_mixin.py:190} INFO - [2025-07-01T21:09:35.240+0000] {dagbag.py:588} INFO - Filling up the DagBag from /home/airflow/.local/lib/python3.12/site-packages/airflow/example_dags/example_complex.py
[2025-07-01T21:09:35.271+0000] {processor.py:925} INFO - DAG(s) 'example_complex' retrieved from /home/airflow/.local/lib/python3.12/site-packages/airflow/example_dags/example_complex.py
[2025-07-01T21:09:35.309+0000] {logging_mixin.py:190} INFO - [2025-07-01T21:09:35.309+0000] {dag.py:3239} INFO - Sync 1 DAGs
[2025-07-01T21:09:35.332+0000] {logging_mixin.py:190} INFO - [2025-07-01T21:09:35.331+0000] {dag.py:4180} INFO - Setting next_dagrun for example_complex to None, run_after=None
[2025-07-01T21:09:35.358+0000] {processor.py:208} INFO - Processing /home/airflow/.local/lib/python3.12/site-packages/airflow/example_dags/example_complex.py took 0.143 seconds
[2025-07-01T21:10:06.030+0000] {processor.py:186} INFO - Started process (PID=584) to work on /home/airflow/.local/lib/python3.12/site-packages/airflow/example_dags/example_complex.py
[2025-07-01T21:10:06.038+0000] {processor.py:914} INFO - Processing file /home/airflow/.local/lib/python3.12/site-packages/airflow/example_dags/example_complex.py for tasks to queue
[2025-07-01T21:10:06.041+0000] {logging_mixin.py:190} INFO - [2025-07-01T21:10:06.041+0000] {dagbag.py:588} INFO - Filling up the DagBag from /home/airflow/.local/lib/python3.12/site-packages/airflow/example_dags/example_complex.py
[2025-07-01T21:10:06.060+0000] {processor.py:925} INFO - DAG(s) 'example_complex' retrieved from /home/airflow/.local/lib/python3.12/site-packages/airflow/example_dags/example_complex.py
[2025-07-01T21:10:06.114+0000] {logging_mixin.py:190} INFO - [2025-07-01T21:10:06.113+0000] {dag.py:3239} INFO - Sync 1 DAGs
[2025-07-01T21:10:06.136+0000] {logging_mixin.py:190} INFO - [2025-07-01T21:10:06.136+0000] {dag.py:4180} INFO - Setting next_dagrun for example_complex to None, run_after=None
[2025-07-01T21:10:06.163+0000] {processor.py:208} INFO - Processing /home/airflow/.local/lib/python3.12/site-packages/airflow/example_dags/example_complex.py took 0.145 seconds
[2025-07-01T21:10:36.773+0000] {processor.py:186} INFO - Started process (PID=647) to work on /home/airflow/.local/lib/python3.12/site-packages/airflow/example_dags/example_complex.py
[2025-07-01T21:10:36.776+0000] {processor.py:914} INFO - Processing file /home/airflow/.local/lib/python3.12/site-packages/airflow/example_dags/example_complex.py for tasks to queue
[2025-07-01T21:10:36.782+0000] {logging_mixin.py:190} INFO - [2025-07-01T21:10:36.781+0000] {dagbag.py:588} INFO - Filling up the DagBag from /home/airflow/.local/lib/python3.12/site-packages/airflow/example_dags/example_complex.py
[2025-07-01T21:10:36.820+0000] {processor.py:925} INFO - DAG(s) 'example_complex' retrieved from /home/airflow/.local/lib/python3.12/site-packages/airflow/example_dags/example_complex.py
[2025-07-01T21:10:36.931+0000] {logging_mixin.py:190} INFO - [2025-07-01T21:10:36.931+0000] {dag.py:3239} INFO - Sync 1 DAGs
[2025-07-01T21:10:36.966+0000] {logging_mixin.py:190} INFO - [2025-07-01T21:10:36.965+0000] {dag.py:4180} INFO - Setting next_dagrun for example_complex to None, run_after=None
[2025-07-01T21:10:37.015+0000] {processor.py:208} INFO - Processing /home/airflow/.local/lib/python3.12/site-packages/airflow/example_dags/example_complex.py took 0.258 seconds
[2025-07-01T21:11:07.590+0000] {processor.py:186} INFO - Started process (PID=710) to work on /home/airflow/.local/lib/python3.12/site-packages/airflow/example_dags/example_complex.py
[2025-07-01T21:11:07.599+0000] {processor.py:914} INFO - Processing file /home/airflow/.local/lib/python3.12/site-packages/airflow/example_dags/example_complex.py for tasks to queue
[2025-07-01T21:11:07.604+0000] {logging_mixin.py:190} INFO - [2025-07-01T21:11:07.604+0000] {dagbag.py:588} INFO - Filling up the DagBag from /home/airflow/.local/lib/python3.12/site-packages/airflow/example_dags/example_complex.py
[2025-07-01T21:11:07.649+0000] {processor.py:925} INFO - DAG(s) 'example_complex' retrieved from /home/airflow/.local/lib/python3.12/site-packages/airflow/example_dags/example_complex.py
[2025-07-01T21:11:07.707+0000] {logging_mixin.py:190} INFO - [2025-07-01T21:11:07.707+0000] {dag.py:3239} INFO - Sync 1 DAGs
[2025-07-01T21:11:07.732+0000] {logging_mixin.py:190} INFO - [2025-07-01T21:11:07.732+0000] {dag.py:4180} INFO - Setting next_dagrun for example_complex to None, run_after=None
[2025-07-01T21:11:07.763+0000] {processor.py:208} INFO - Processing /home/airflow/.local/lib/python3.12/site-packages/airflow/example_dags/example_complex.py took 0.184 seconds
[2025-07-01T21:11:38.364+0000] {processor.py:186} INFO - Started process (PID=773) to work on /home/airflow/.local/lib/python3.12/site-packages/airflow/example_dags/example_complex.py
[2025-07-01T21:11:38.365+0000] {processor.py:914} INFO - Processing file /home/airflow/.local/lib/python3.12/site-packages/airflow/example_dags/example_complex.py for tasks to queue
[2025-07-01T21:11:38.368+0000] {logging_mixin.py:190} INFO - [2025-07-01T21:11:38.368+0000] {dagbag.py:588} INFO - Filling up the DagBag from /home/airflow/.local/lib/python3.12/site-packages/airflow/example_dags/example_complex.py
[2025-07-01T21:11:38.383+0000] {processor.py:925} INFO - DAG(s) 'example_complex' retrieved from /home/airflow/.local/lib/python3.12/site-packages/airflow/example_dags/example_complex.py
[2025-07-01T21:11:38.423+0000] {logging_mixin.py:190} INFO - [2025-07-01T21:11:38.423+0000] {dag.py:3239} INFO - Sync 1 DAGs
[2025-07-01T21:11:38.440+0000] {logging_mixin.py:190} INFO - [2025-07-01T21:11:38.440+0000] {dag.py:4180} INFO - Setting next_dagrun for example_complex to None, run_after=None
[2025-07-01T21:11:38.466+0000] {processor.py:208} INFO - Processing /home/airflow/.local/lib/python3.12/site-packages/airflow/example_dags/example_complex.py took 0.112 seconds
[2025-07-01T21:12:08.850+0000] {processor.py:186} INFO - Started process (PID=836) to work on /home/airflow/.local/lib/python3.12/site-packages/airflow/example_dags/example_complex.py
[2025-07-01T21:12:08.857+0000] {processor.py:914} INFO - Processing file /home/airflow/.local/lib/python3.12/site-packages/airflow/example_dags/example_complex.py for tasks to queue
[2025-07-01T21:12:08.860+0000] {logging_mixin.py:190} INFO - [2025-07-01T21:12:08.860+0000] {dagbag.py:588} INFO - Filling up the DagBag from /home/airflow/.local/lib/python3.12/site-packages/airflow/example_dags/example_complex.py
[2025-07-01T21:12:08.875+0000] {processor.py:925} INFO - DAG(s) 'example_complex' retrieved from /home/airflow/.local/lib/python3.12/site-packages/airflow/example_dags/example_complex.py
[2025-07-01T21:12:08.927+0000] {logging_mixin.py:190} INFO - [2025-07-01T21:12:08.927+0000] {dag.py:3239} INFO - Sync 1 DAGs
[2025-07-01T21:12:08.952+0000] {logging_mixin.py:190} INFO - [2025-07-01T21:12:08.952+0000] {dag.py:4180} INFO - Setting next_dagrun for example_complex to None, run_after=None
[2025-07-01T21:12:08.979+0000] {processor.py:208} INFO - Processing /home/airflow/.local/lib/python3.12/site-packages/airflow/example_dags/example_complex.py took 0.138 seconds
[2025-07-01T21:12:39.538+0000] {processor.py:186} INFO - Started process (PID=899) to work on /home/airflow/.local/lib/python3.12/site-packages/airflow/example_dags/example_complex.py
[2025-07-01T21:12:39.545+0000] {processor.py:914} INFO - Processing file /home/airflow/.local/lib/python3.12/site-packages/airflow/example_dags/example_complex.py for tasks to queue
[2025-07-01T21:12:39.548+0000] {logging_mixin.py:190} INFO - [2025-07-01T21:12:39.548+0000] {dagbag.py:588} INFO - Filling up the DagBag from /home/airflow/.local/lib/python3.12/site-packages/airflow/example_dags/example_complex.py
[2025-07-01T21:12:39.562+0000] {processor.py:925} INFO - DAG(s) 'example_complex' retrieved from /home/airflow/.local/lib/python3.12/site-packages/airflow/example_dags/example_complex.py
[2025-07-01T21:12:39.611+0000] {logging_mixin.py:190} INFO - [2025-07-01T21:12:39.611+0000] {dag.py:3239} INFO - Sync 1 DAGs
[2025-07-01T21:12:39.638+0000] {logging_mixin.py:190} INFO - [2025-07-01T21:12:39.637+0000] {dag.py:4180} INFO - Setting next_dagrun for example_complex to None, run_after=None
[2025-07-01T21:12:39.666+0000] {processor.py:208} INFO - Processing /home/airflow/.local/lib/python3.12/site-packages/airflow/example_dags/example_complex.py took 0.138 seconds
[2025-07-01T21:13:10.005+0000] {processor.py:186} INFO - Started process (PID=962) to work on /home/airflow/.local/lib/python3.12/site-packages/airflow/example_dags/example_complex.py
[2025-07-01T21:13:10.007+0000] {processor.py:914} INFO - Processing file /home/airflow/.local/lib/python3.12/site-packages/airflow/example_dags/example_complex.py for tasks to queue
[2025-07-01T21:13:10.016+0000] {logging_mixin.py:190} INFO - [2025-07-01T21:13:10.015+0000] {dagbag.py:588} INFO - Filling up the DagBag from /home/airflow/.local/lib/python3.12/site-packages/airflow/example_dags/example_complex.py
[2025-07-01T21:13:10.046+0000] {processor.py:925} INFO - DAG(s) 'example_complex' retrieved from /home/airflow/.local/lib/python3.12/site-packages/airflow/example_dags/example_complex.py
[2025-07-01T21:13:10.180+0000] {logging_mixin.py:190} INFO - [2025-07-01T21:13:10.179+0000] {dag.py:3239} INFO - Sync 1 DAGs
[2025-07-01T21:13:10.219+0000] {logging_mixin.py:190} INFO - [2025-07-01T21:13:10.218+0000] {dag.py:4180} INFO - Setting next_dagrun for example_complex to None, run_after=None
[2025-07-01T21:13:10.271+0000] {processor.py:208} INFO - Processing /home/airflow/.local/lib/python3.12/site-packages/airflow/example_dags/example_complex.py took 0.278 seconds
[2025-07-01T21:13:40.859+0000] {processor.py:186} INFO - Started process (PID=1025) to work on /home/airflow/.local/lib/python3.12/site-packages/airflow/example_dags/example_complex.py
[2025-07-01T21:13:40.862+0000] {processor.py:914} INFO - Processing file /home/airflow/.local/lib/python3.12/site-packages/airflow/example_dags/example_complex.py for tasks to queue
[2025-07-01T21:13:40.867+0000] {logging_mixin.py:190} INFO - [2025-07-01T21:13:40.867+0000] {dagbag.py:588} INFO - Filling up the DagBag from /home/airflow/.local/lib/python3.12/site-packages/airflow/example_dags/example_complex.py
[2025-07-01T21:13:40.894+0000] {processor.py:925} INFO - DAG(s) 'example_complex' retrieved from /home/airflow/.local/lib/python3.12/site-packages/airflow/example_dags/example_complex.py
[2025-07-01T21:13:40.959+0000] {logging_mixin.py:190} INFO - [2025-07-01T21:13:40.958+0000] {dag.py:3239} INFO - Sync 1 DAGs
[2025-07-01T21:13:40.982+0000] {logging_mixin.py:190} INFO - [2025-07-01T21:13:40.982+0000] {dag.py:4180} INFO - Setting next_dagrun for example_complex to None, run_after=None
[2025-07-01T21:13:41.015+0000] {processor.py:208} INFO - Processing /home/airflow/.local/lib/python3.12/site-packages/airflow/example_dags/example_complex.py took 0.174 seconds
[2025-07-01T21:14:11.690+0000] {processor.py:186} INFO - Started process (PID=1088) to work on /home/airflow/.local/lib/python3.12/site-packages/airflow/example_dags/example_complex.py
[2025-07-01T21:14:11.691+0000] {processor.py:914} INFO - Processing file /home/airflow/.local/lib/python3.12/site-packages/airflow/example_dags/example_complex.py for tasks to queue
[2025-07-01T21:14:11.695+0000] {logging_mixin.py:190} INFO - [2025-07-01T21:14:11.694+0000] {dagbag.py:588} INFO - Filling up the DagBag from /home/airflow/.local/lib/python3.12/site-packages/airflow/example_dags/example_complex.py
[2025-07-01T21:14:11.715+0000] {processor.py:925} INFO - DAG(s) 'example_complex' retrieved from /home/airflow/.local/lib/python3.12/site-packages/airflow/example_dags/example_complex.py
[2025-07-01T21:14:11.762+0000] {logging_mixin.py:190} INFO - [2025-07-01T21:14:11.762+0000] {dag.py:3239} INFO - Sync 1 DAGs
[2025-07-01T21:14:11.784+0000] {logging_mixin.py:190} INFO - [2025-07-01T21:14:11.784+0000] {dag.py:4180} INFO - Setting next_dagrun for example_complex to None, run_after=None
[2025-07-01T21:14:11.813+0000] {processor.py:208} INFO - Processing /home/airflow/.local/lib/python3.12/site-packages/airflow/example_dags/example_complex.py took 0.131 seconds
[2025-07-01T21:14:42.775+0000] {processor.py:186} INFO - Started process (PID=1151) to work on /home/airflow/.local/lib/python3.12/site-packages/airflow/example_dags/example_complex.py
[2025-07-01T21:14:42.776+0000] {processor.py:914} INFO - Processing file /home/airflow/.local/lib/python3.12/site-packages/airflow/example_dags/example_complex.py for tasks to queue
[2025-07-01T21:14:42.779+0000] {logging_mixin.py:190} INFO - [2025-07-01T21:14:42.779+0000] {dagbag.py:588} INFO - Filling up the DagBag from /home/airflow/.local/lib/python3.12/site-packages/airflow/example_dags/example_complex.py
[2025-07-01T21:14:42.800+0000] {processor.py:925} INFO - DAG(s) 'example_complex' retrieved from /home/airflow/.local/lib/python3.12/site-packages/airflow/example_dags/example_complex.py
[2025-07-01T21:14:42.848+0000] {logging_mixin.py:190} INFO - [2025-07-01T21:14:42.848+0000] {dag.py:3239} INFO - Sync 1 DAGs
[2025-07-01T21:14:42.867+0000] {logging_mixin.py:190} INFO - [2025-07-01T21:14:42.867+0000] {dag.py:4180} INFO - Setting next_dagrun for example_complex to None, run_after=None
[2025-07-01T21:14:42.892+0000] {processor.py:208} INFO - Processing /home/airflow/.local/lib/python3.12/site-packages/airflow/example_dags/example_complex.py took 0.126 seconds
[2025-07-01T21:15:13.846+0000] {processor.py:186} INFO - Started process (PID=1214) to work on /home/airflow/.local/lib/python3.12/site-packages/airflow/example_dags/example_complex.py
[2025-07-01T21:15:13.848+0000] {processor.py:914} INFO - Processing file /home/airflow/.local/lib/python3.12/site-packages/airflow/example_dags/example_complex.py for tasks to queue
[2025-07-01T21:15:13.853+0000] {logging_mixin.py:190} INFO - [2025-07-01T21:15:13.852+0000] {dagbag.py:588} INFO - Filling up the DagBag from /home/airflow/.local/lib/python3.12/site-packages/airflow/example_dags/example_complex.py
[2025-07-01T21:15:13.877+0000] {processor.py:925} INFO - DAG(s) 'example_complex' retrieved from /home/airflow/.local/lib/python3.12/site-packages/airflow/example_dags/example_complex.py
[2025-07-01T21:15:13.946+0000] {logging_mixin.py:190} INFO - [2025-07-01T21:15:13.945+0000] {dag.py:3239} INFO - Sync 1 DAGs
[2025-07-01T21:15:13.980+0000] {logging_mixin.py:190} INFO - [2025-07-01T21:15:13.980+0000] {dag.py:4180} INFO - Setting next_dagrun for example_complex to None, run_after=None
[2025-07-01T21:15:14.021+0000] {processor.py:208} INFO - Processing /home/airflow/.local/lib/python3.12/site-packages/airflow/example_dags/example_complex.py took 0.188 seconds
[2025-07-01T21:15:44.094+0000] {processor.py:186} INFO - Started process (PID=1276) to work on /home/airflow/.local/lib/python3.12/site-packages/airflow/example_dags/example_complex.py
[2025-07-01T21:15:44.095+0000] {processor.py:914} INFO - Processing file /home/airflow/.local/lib/python3.12/site-packages/airflow/example_dags/example_complex.py for tasks to queue
[2025-07-01T21:15:44.099+0000] {logging_mixin.py:190} INFO - [2025-07-01T21:15:44.098+0000] {dagbag.py:588} INFO - Filling up the DagBag from /home/airflow/.local/lib/python3.12/site-packages/airflow/example_dags/example_complex.py
[2025-07-01T21:15:44.121+0000] {processor.py:925} INFO - DAG(s) 'example_complex' retrieved from /home/airflow/.local/lib/python3.12/site-packages/airflow/example_dags/example_complex.py
[2025-07-01T21:15:44.176+0000] {logging_mixin.py:190} INFO - [2025-07-01T21:15:44.175+0000] {dag.py:3239} INFO - Sync 1 DAGs
[2025-07-01T21:15:44.203+0000] {logging_mixin.py:190} INFO - [2025-07-01T21:15:44.202+0000] {dag.py:4180} INFO - Setting next_dagrun for example_complex to None, run_after=None
[2025-07-01T21:15:44.241+0000] {processor.py:208} INFO - Processing /home/airflow/.local/lib/python3.12/site-packages/airflow/example_dags/example_complex.py took 0.156 seconds
[2025-07-01T21:16:14.635+0000] {processor.py:186} INFO - Started process (PID=1339) to work on /home/airflow/.local/lib/python3.12/site-packages/airflow/example_dags/example_complex.py
[2025-07-01T21:16:14.636+0000] {processor.py:914} INFO - Processing file /home/airflow/.local/lib/python3.12/site-packages/airflow/example_dags/example_complex.py for tasks to queue
[2025-07-01T21:16:14.639+0000] {logging_mixin.py:190} INFO - [2025-07-01T21:16:14.638+0000] {dagbag.py:588} INFO - Filling up the DagBag from /home/airflow/.local/lib/python3.12/site-packages/airflow/example_dags/example_complex.py
[2025-07-01T21:16:14.652+0000] {processor.py:925} INFO - DAG(s) 'example_complex' retrieved from /home/airflow/.local/lib/python3.12/site-packages/airflow/example_dags/example_complex.py
[2025-07-01T21:16:14.686+0000] {logging_mixin.py:190} INFO - [2025-07-01T21:16:14.686+0000] {dag.py:3239} INFO - Sync 1 DAGs
[2025-07-01T21:16:14.701+0000] {logging_mixin.py:190} INFO - [2025-07-01T21:16:14.701+0000] {dag.py:4180} INFO - Setting next_dagrun for example_complex to None, run_after=None
[2025-07-01T21:16:14.721+0000] {processor.py:208} INFO - Processing /home/airflow/.local/lib/python3.12/site-packages/airflow/example_dags/example_complex.py took 0.093 seconds
[2025-07-01T21:16:45.234+0000] {processor.py:186} INFO - Started process (PID=1402) to work on /home/airflow/.local/lib/python3.12/site-packages/airflow/example_dags/example_complex.py
[2025-07-01T21:16:45.235+0000] {processor.py:914} INFO - Processing file /home/airflow/.local/lib/python3.12/site-packages/airflow/example_dags/example_complex.py for tasks to queue
[2025-07-01T21:16:45.238+0000] {logging_mixin.py:190} INFO - [2025-07-01T21:16:45.237+0000] {dagbag.py:588} INFO - Filling up the DagBag from /home/airflow/.local/lib/python3.12/site-packages/airflow/example_dags/example_complex.py
[2025-07-01T21:16:45.251+0000] {processor.py:925} INFO - DAG(s) 'example_complex' retrieved from /home/airflow/.local/lib/python3.12/site-packages/airflow/example_dags/example_complex.py
[2025-07-01T21:16:45.286+0000] {logging_mixin.py:190} INFO - [2025-07-01T21:16:45.286+0000] {dag.py:3239} INFO - Sync 1 DAGs
[2025-07-01T21:16:45.301+0000] {logging_mixin.py:190} INFO - [2025-07-01T21:16:45.301+0000] {dag.py:4180} INFO - Setting next_dagrun for example_complex to None, run_after=None
[2025-07-01T21:16:45.321+0000] {processor.py:208} INFO - Processing /home/airflow/.local/lib/python3.12/site-packages/airflow/example_dags/example_complex.py took 0.094 seconds
[2025-07-01T21:17:15.455+0000] {processor.py:186} INFO - Started process (PID=1465) to work on /home/airflow/.local/lib/python3.12/site-packages/airflow/example_dags/example_complex.py
[2025-07-01T21:17:15.457+0000] {processor.py:914} INFO - Processing file /home/airflow/.local/lib/python3.12/site-packages/airflow/example_dags/example_complex.py for tasks to queue
[2025-07-01T21:17:15.461+0000] {logging_mixin.py:190} INFO - [2025-07-01T21:17:15.461+0000] {dagbag.py:588} INFO - Filling up the DagBag from /home/airflow/.local/lib/python3.12/site-packages/airflow/example_dags/example_complex.py
[2025-07-01T21:17:15.485+0000] {processor.py:925} INFO - DAG(s) 'example_complex' retrieved from /home/airflow/.local/lib/python3.12/site-packages/airflow/example_dags/example_complex.py
[2025-07-01T21:17:15.530+0000] {logging_mixin.py:190} INFO - [2025-07-01T21:17:15.530+0000] {dag.py:3239} INFO - Sync 1 DAGs
[2025-07-01T21:17:15.555+0000] {logging_mixin.py:190} INFO - [2025-07-01T21:17:15.554+0000] {dag.py:4180} INFO - Setting next_dagrun for example_complex to None, run_after=None
[2025-07-01T21:17:15.585+0000] {processor.py:208} INFO - Processing /home/airflow/.local/lib/python3.12/site-packages/airflow/example_dags/example_complex.py took 0.137 seconds
[2025-07-01T21:17:45.681+0000] {processor.py:186} INFO - Started process (PID=1528) to work on /home/airflow/.local/lib/python3.12/site-packages/airflow/example_dags/example_complex.py
[2025-07-01T21:17:45.682+0000] {processor.py:914} INFO - Processing file /home/airflow/.local/lib/python3.12/site-packages/airflow/example_dags/example_complex.py for tasks to queue
[2025-07-01T21:17:45.684+0000] {logging_mixin.py:190} INFO - [2025-07-01T21:17:45.684+0000] {dagbag.py:588} INFO - Filling up the DagBag from /home/airflow/.local/lib/python3.12/site-packages/airflow/example_dags/example_complex.py
[2025-07-01T21:17:45.698+0000] {processor.py:925} INFO - DAG(s) 'example_complex' retrieved from /home/airflow/.local/lib/python3.12/site-packages/airflow/example_dags/example_complex.py
[2025-07-01T21:17:45.732+0000] {logging_mixin.py:190} INFO - [2025-07-01T21:17:45.732+0000] {dag.py:3239} INFO - Sync 1 DAGs
[2025-07-01T21:17:45.747+0000] {logging_mixin.py:190} INFO - [2025-07-01T21:17:45.747+0000] {dag.py:4180} INFO - Setting next_dagrun for example_complex to None, run_after=None
[2025-07-01T21:17:45.766+0000] {processor.py:208} INFO - Processing /home/airflow/.local/lib/python3.12/site-packages/airflow/example_dags/example_complex.py took 0.092 seconds
[2025-07-01T21:18:16.060+0000] {processor.py:186} INFO - Started process (PID=1591) to work on /home/airflow/.local/lib/python3.12/site-packages/airflow/example_dags/example_complex.py
[2025-07-01T21:18:16.061+0000] {processor.py:914} INFO - Processing file /home/airflow/.local/lib/python3.12/site-packages/airflow/example_dags/example_complex.py for tasks to queue
[2025-07-01T21:18:16.064+0000] {logging_mixin.py:190} INFO - [2025-07-01T21:18:16.064+0000] {dagbag.py:588} INFO - Filling up the DagBag from /home/airflow/.local/lib/python3.12/site-packages/airflow/example_dags/example_complex.py
[2025-07-01T21:18:16.077+0000] {processor.py:925} INFO - DAG(s) 'example_complex' retrieved from /home/airflow/.local/lib/python3.12/site-packages/airflow/example_dags/example_complex.py
[2025-07-01T21:18:16.112+0000] {logging_mixin.py:190} INFO - [2025-07-01T21:18:16.111+0000] {dag.py:3239} INFO - Sync 1 DAGs
[2025-07-01T21:18:16.127+0000] {logging_mixin.py:190} INFO - [2025-07-01T21:18:16.127+0000] {dag.py:4180} INFO - Setting next_dagrun for example_complex to None, run_after=None
[2025-07-01T21:18:16.149+0000] {processor.py:208} INFO - Processing /home/airflow/.local/lib/python3.12/site-packages/airflow/example_dags/example_complex.py took 0.098 seconds
[2025-07-01T21:18:46.642+0000] {processor.py:186} INFO - Started process (PID=1654) to work on /home/airflow/.local/lib/python3.12/site-packages/airflow/example_dags/example_complex.py
[2025-07-01T21:18:46.644+0000] {processor.py:914} INFO - Processing file /home/airflow/.local/lib/python3.12/site-packages/airflow/example_dags/example_complex.py for tasks to queue
[2025-07-01T21:18:46.647+0000] {logging_mixin.py:190} INFO - [2025-07-01T21:18:46.647+0000] {dagbag.py:588} INFO - Filling up the DagBag from /home/airflow/.local/lib/python3.12/site-packages/airflow/example_dags/example_complex.py
[2025-07-01T21:18:46.661+0000] {processor.py:925} INFO - DAG(s) 'example_complex' retrieved from /home/airflow/.local/lib/python3.12/site-packages/airflow/example_dags/example_complex.py
[2025-07-01T21:18:46.702+0000] {logging_mixin.py:190} INFO - [2025-07-01T21:18:46.702+0000] {dag.py:3239} INFO - Sync 1 DAGs
[2025-07-01T21:18:46.719+0000] {logging_mixin.py:190} INFO - [2025-07-01T21:18:46.719+0000] {dag.py:4180} INFO - Setting next_dagrun for example_complex to None, run_after=None
[2025-07-01T21:18:46.745+0000] {processor.py:208} INFO - Processing /home/airflow/.local/lib/python3.12/site-packages/airflow/example_dags/example_complex.py took 0.112 seconds
[2025-07-01T21:19:17.267+0000] {processor.py:186} INFO - Started process (PID=1717) to work on /home/airflow/.local/lib/python3.12/site-packages/airflow/example_dags/example_complex.py
[2025-07-01T21:19:17.269+0000] {processor.py:914} INFO - Processing file /home/airflow/.local/lib/python3.12/site-packages/airflow/example_dags/example_complex.py for tasks to queue
[2025-07-01T21:19:17.273+0000] {logging_mixin.py:190} INFO - [2025-07-01T21:19:17.272+0000] {dagbag.py:588} INFO - Filling up the DagBag from /home/airflow/.local/lib/python3.12/site-packages/airflow/example_dags/example_complex.py
[2025-07-01T21:19:17.295+0000] {processor.py:925} INFO - DAG(s) 'example_complex' retrieved from /home/airflow/.local/lib/python3.12/site-packages/airflow/example_dags/example_complex.py
[2025-07-01T21:19:17.352+0000] {logging_mixin.py:190} INFO - [2025-07-01T21:19:17.352+0000] {dag.py:3239} INFO - Sync 1 DAGs
[2025-07-01T21:19:17.378+0000] {logging_mixin.py:190} INFO - [2025-07-01T21:19:17.377+0000] {dag.py:4180} INFO - Setting next_dagrun for example_complex to None, run_after=None
[2025-07-01T21:19:17.409+0000] {processor.py:208} INFO - Processing /home/airflow/.local/lib/python3.12/site-packages/airflow/example_dags/example_complex.py took 0.151 seconds
[2025-07-01T21:19:48.164+0000] {processor.py:186} INFO - Started process (PID=1780) to work on /home/airflow/.local/lib/python3.12/site-packages/airflow/example_dags/example_complex.py
[2025-07-01T21:19:48.165+0000] {processor.py:914} INFO - Processing file /home/airflow/.local/lib/python3.12/site-packages/airflow/example_dags/example_complex.py for tasks to queue
[2025-07-01T21:19:48.167+0000] {logging_mixin.py:190} INFO - [2025-07-01T21:19:48.167+0000] {dagbag.py:588} INFO - Filling up the DagBag from /home/airflow/.local/lib/python3.12/site-packages/airflow/example_dags/example_complex.py
[2025-07-01T21:19:48.181+0000] {processor.py:925} INFO - DAG(s) 'example_complex' retrieved from /home/airflow/.local/lib/python3.12/site-packages/airflow/example_dags/example_complex.py
[2025-07-01T21:19:48.215+0000] {logging_mixin.py:190} INFO - [2025-07-01T21:19:48.215+0000] {dag.py:3239} INFO - Sync 1 DAGs
[2025-07-01T21:19:48.231+0000] {logging_mixin.py:190} INFO - [2025-07-01T21:19:48.231+0000] {dag.py:4180} INFO - Setting next_dagrun for example_complex to None, run_after=None
[2025-07-01T21:19:48.251+0000] {processor.py:208} INFO - Processing /home/airflow/.local/lib/python3.12/site-packages/airflow/example_dags/example_complex.py took 0.094 seconds
[2025-07-01T21:20:18.300+0000] {processor.py:186} INFO - Started process (PID=1843) to work on /home/airflow/.local/lib/python3.12/site-packages/airflow/example_dags/example_complex.py
[2025-07-01T21:20:18.301+0000] {processor.py:914} INFO - Processing file /home/airflow/.local/lib/python3.12/site-packages/airflow/example_dags/example_complex.py for tasks to queue
[2025-07-01T21:20:18.304+0000] {logging_mixin.py:190} INFO - [2025-07-01T21:20:18.304+0000] {dagbag.py:588} INFO - Filling up the DagBag from /home/airflow/.local/lib/python3.12/site-packages/airflow/example_dags/example_complex.py
[2025-07-01T21:20:18.328+0000] {processor.py:925} INFO - DAG(s) 'example_complex' retrieved from /home/airflow/.local/lib/python3.12/site-packages/airflow/example_dags/example_complex.py
[2025-07-01T21:20:18.370+0000] {logging_mixin.py:190} INFO - [2025-07-01T21:20:18.370+0000] {dag.py:3239} INFO - Sync 1 DAGs
[2025-07-01T21:20:18.391+0000] {logging_mixin.py:190} INFO - [2025-07-01T21:20:18.391+0000] {dag.py:4180} INFO - Setting next_dagrun for example_complex to None, run_after=None
[2025-07-01T21:20:18.415+0000] {processor.py:208} INFO - Processing /home/airflow/.local/lib/python3.12/site-packages/airflow/example_dags/example_complex.py took 0.122 seconds
[2025-07-01T21:20:48.665+0000] {processor.py:186} INFO - Started process (PID=1906) to work on /home/airflow/.local/lib/python3.12/site-packages/airflow/example_dags/example_complex.py
[2025-07-01T21:20:48.666+0000] {processor.py:914} INFO - Processing file /home/airflow/.local/lib/python3.12/site-packages/airflow/example_dags/example_complex.py for tasks to queue
[2025-07-01T21:20:48.668+0000] {logging_mixin.py:190} INFO - [2025-07-01T21:20:48.668+0000] {dagbag.py:588} INFO - Filling up the DagBag from /home/airflow/.local/lib/python3.12/site-packages/airflow/example_dags/example_complex.py
[2025-07-01T21:20:48.681+0000] {processor.py:925} INFO - DAG(s) 'example_complex' retrieved from /home/airflow/.local/lib/python3.12/site-packages/airflow/example_dags/example_complex.py
[2025-07-01T21:20:48.716+0000] {logging_mixin.py:190} INFO - [2025-07-01T21:20:48.716+0000] {dag.py:3239} INFO - Sync 1 DAGs
[2025-07-01T21:20:48.732+0000] {logging_mixin.py:190} INFO - [2025-07-01T21:20:48.732+0000] {dag.py:4180} INFO - Setting next_dagrun for example_complex to None, run_after=None
[2025-07-01T21:20:48.752+0000] {processor.py:208} INFO - Processing /home/airflow/.local/lib/python3.12/site-packages/airflow/example_dags/example_complex.py took 0.094 seconds
[2025-07-01T21:21:19.577+0000] {processor.py:186} INFO - Started process (PID=1969) to work on /home/airflow/.local/lib/python3.12/site-packages/airflow/example_dags/example_complex.py
[2025-07-01T21:21:19.578+0000] {processor.py:914} INFO - Processing file /home/airflow/.local/lib/python3.12/site-packages/airflow/example_dags/example_complex.py for tasks to queue
[2025-07-01T21:21:19.581+0000] {logging_mixin.py:190} INFO - [2025-07-01T21:21:19.581+0000] {dagbag.py:588} INFO - Filling up the DagBag from /home/airflow/.local/lib/python3.12/site-packages/airflow/example_dags/example_complex.py
[2025-07-01T21:21:19.596+0000] {processor.py:925} INFO - DAG(s) 'example_complex' retrieved from /home/airflow/.local/lib/python3.12/site-packages/airflow/example_dags/example_complex.py
[2025-07-01T21:21:19.634+0000] {logging_mixin.py:190} INFO - [2025-07-01T21:21:19.633+0000] {dag.py:3239} INFO - Sync 1 DAGs
[2025-07-01T21:21:19.649+0000] {logging_mixin.py:190} INFO - [2025-07-01T21:21:19.649+0000] {dag.py:4180} INFO - Setting next_dagrun for example_complex to None, run_after=None
[2025-07-01T21:21:19.669+0000] {processor.py:208} INFO - Processing /home/airflow/.local/lib/python3.12/site-packages/airflow/example_dags/example_complex.py took 0.100 seconds
[2025-07-01T21:21:49.881+0000] {processor.py:186} INFO - Started process (PID=2032) to work on /home/airflow/.local/lib/python3.12/site-packages/airflow/example_dags/example_complex.py
[2025-07-01T21:21:49.883+0000] {processor.py:914} INFO - Processing file /home/airflow/.local/lib/python3.12/site-packages/airflow/example_dags/example_complex.py for tasks to queue
[2025-07-01T21:21:49.886+0000] {logging_mixin.py:190} INFO - [2025-07-01T21:21:49.886+0000] {dagbag.py:588} INFO - Filling up the DagBag from /home/airflow/.local/lib/python3.12/site-packages/airflow/example_dags/example_complex.py
[2025-07-01T21:21:49.904+0000] {processor.py:925} INFO - DAG(s) 'example_complex' retrieved from /home/airflow/.local/lib/python3.12/site-packages/airflow/example_dags/example_complex.py
[2025-07-01T21:21:49.942+0000] {logging_mixin.py:190} INFO - [2025-07-01T21:21:49.941+0000] {dag.py:3239} INFO - Sync 1 DAGs
[2025-07-01T21:21:49.959+0000] {logging_mixin.py:190} INFO - [2025-07-01T21:21:49.959+0000] {dag.py:4180} INFO - Setting next_dagrun for example_complex to None, run_after=None
[2025-07-01T21:21:49.980+0000] {processor.py:208} INFO - Processing /home/airflow/.local/lib/python3.12/site-packages/airflow/example_dags/example_complex.py took 0.108 seconds
[2025-07-01T21:22:20.206+0000] {processor.py:186} INFO - Started process (PID=2095) to work on /home/airflow/.local/lib/python3.12/site-packages/airflow/example_dags/example_complex.py
[2025-07-01T21:22:20.207+0000] {processor.py:914} INFO - Processing file /home/airflow/.local/lib/python3.12/site-packages/airflow/example_dags/example_complex.py for tasks to queue
[2025-07-01T21:22:20.209+0000] {logging_mixin.py:190} INFO - [2025-07-01T21:22:20.209+0000] {dagbag.py:588} INFO - Filling up the DagBag from /home/airflow/.local/lib/python3.12/site-packages/airflow/example_dags/example_complex.py
[2025-07-01T21:22:20.222+0000] {processor.py:925} INFO - DAG(s) 'example_complex' retrieved from /home/airflow/.local/lib/python3.12/site-packages/airflow/example_dags/example_complex.py
[2025-07-01T21:22:20.260+0000] {logging_mixin.py:190} INFO - [2025-07-01T21:22:20.260+0000] {dag.py:3239} INFO - Sync 1 DAGs
[2025-07-01T21:22:20.276+0000] {logging_mixin.py:190} INFO - [2025-07-01T21:22:20.275+0000] {dag.py:4180} INFO - Setting next_dagrun for example_complex to None, run_after=None
[2025-07-01T21:22:20.295+0000] {processor.py:208} INFO - Processing /home/airflow/.local/lib/python3.12/site-packages/airflow/example_dags/example_complex.py took 0.096 seconds
[2025-07-01T21:22:50.526+0000] {processor.py:186} INFO - Started process (PID=2158) to work on /home/airflow/.local/lib/python3.12/site-packages/airflow/example_dags/example_complex.py
[2025-07-01T21:22:50.527+0000] {processor.py:914} INFO - Processing file /home/airflow/.local/lib/python3.12/site-packages/airflow/example_dags/example_complex.py for tasks to queue
[2025-07-01T21:22:50.531+0000] {logging_mixin.py:190} INFO - [2025-07-01T21:22:50.531+0000] {dagbag.py:588} INFO - Filling up the DagBag from /home/airflow/.local/lib/python3.12/site-packages/airflow/example_dags/example_complex.py
[2025-07-01T21:22:50.569+0000] {processor.py:925} INFO - DAG(s) 'example_complex' retrieved from /home/airflow/.local/lib/python3.12/site-packages/airflow/example_dags/example_complex.py
[2025-07-01T21:22:50.636+0000] {logging_mixin.py:190} INFO - [2025-07-01T21:22:50.636+0000] {dag.py:3239} INFO - Sync 1 DAGs
[2025-07-01T21:22:50.664+0000] {logging_mixin.py:190} INFO - [2025-07-01T21:22:50.664+0000] {dag.py:4180} INFO - Setting next_dagrun for example_complex to None, run_after=None
[2025-07-01T21:22:50.710+0000] {processor.py:208} INFO - Processing /home/airflow/.local/lib/python3.12/site-packages/airflow/example_dags/example_complex.py took 0.200 seconds
[2025-07-01T21:23:21.028+0000] {processor.py:186} INFO - Started process (PID=2221) to work on /home/airflow/.local/lib/python3.12/site-packages/airflow/example_dags/example_complex.py
[2025-07-01T21:23:21.030+0000] {processor.py:914} INFO - Processing file /home/airflow/.local/lib/python3.12/site-packages/airflow/example_dags/example_complex.py for tasks to queue
[2025-07-01T21:23:21.035+0000] {logging_mixin.py:190} INFO - [2025-07-01T21:23:21.034+0000] {dagbag.py:588} INFO - Filling up the DagBag from /home/airflow/.local/lib/python3.12/site-packages/airflow/example_dags/example_complex.py
[2025-07-01T21:23:21.061+0000] {processor.py:925} INFO - DAG(s) 'example_complex' retrieved from /home/airflow/.local/lib/python3.12/site-packages/airflow/example_dags/example_complex.py
[2025-07-01T21:23:21.116+0000] {logging_mixin.py:190} INFO - [2025-07-01T21:23:21.115+0000] {dag.py:3239} INFO - Sync 1 DAGs
[2025-07-01T21:23:21.141+0000] {logging_mixin.py:190} INFO - [2025-07-01T21:23:21.141+0000] {dag.py:4180} INFO - Setting next_dagrun for example_complex to None, run_after=None
[2025-07-01T21:23:21.168+0000] {processor.py:208} INFO - Processing /home/airflow/.local/lib/python3.12/site-packages/airflow/example_dags/example_complex.py took 0.150 seconds
[2025-07-01T21:23:51.469+0000] {processor.py:186} INFO - Started process (PID=2284) to work on /home/airflow/.local/lib/python3.12/site-packages/airflow/example_dags/example_complex.py
[2025-07-01T21:23:51.470+0000] {processor.py:914} INFO - Processing file /home/airflow/.local/lib/python3.12/site-packages/airflow/example_dags/example_complex.py for tasks to queue
[2025-07-01T21:23:51.473+0000] {logging_mixin.py:190} INFO - [2025-07-01T21:23:51.472+0000] {dagbag.py:588} INFO - Filling up the DagBag from /home/airflow/.local/lib/python3.12/site-packages/airflow/example_dags/example_complex.py
[2025-07-01T21:23:51.486+0000] {processor.py:925} INFO - DAG(s) 'example_complex' retrieved from /home/airflow/.local/lib/python3.12/site-packages/airflow/example_dags/example_complex.py
[2025-07-01T21:23:51.526+0000] {logging_mixin.py:190} INFO - [2025-07-01T21:23:51.526+0000] {dag.py:3239} INFO - Sync 1 DAGs
[2025-07-01T21:23:51.549+0000] {logging_mixin.py:190} INFO - [2025-07-01T21:23:51.549+0000] {dag.py:4180} INFO - Setting next_dagrun for example_complex to None, run_after=None
[2025-07-01T21:23:51.571+0000] {processor.py:208} INFO - Processing /home/airflow/.local/lib/python3.12/site-packages/airflow/example_dags/example_complex.py took 0.108 seconds
[2025-07-01T21:24:22.080+0000] {processor.py:186} INFO - Started process (PID=2347) to work on /home/airflow/.local/lib/python3.12/site-packages/airflow/example_dags/example_complex.py
[2025-07-01T21:24:22.082+0000] {processor.py:914} INFO - Processing file /home/airflow/.local/lib/python3.12/site-packages/airflow/example_dags/example_complex.py for tasks to queue
[2025-07-01T21:24:22.086+0000] {logging_mixin.py:190} INFO - [2025-07-01T21:24:22.085+0000] {dagbag.py:588} INFO - Filling up the DagBag from /home/airflow/.local/lib/python3.12/site-packages/airflow/example_dags/example_complex.py
[2025-07-01T21:24:22.113+0000] {processor.py:925} INFO - DAG(s) 'example_complex' retrieved from /home/airflow/.local/lib/python3.12/site-packages/airflow/example_dags/example_complex.py
[2025-07-01T21:24:22.170+0000] {logging_mixin.py:190} INFO - [2025-07-01T21:24:22.170+0000] {dag.py:3239} INFO - Sync 1 DAGs
[2025-07-01T21:24:22.187+0000] {logging_mixin.py:190} INFO - [2025-07-01T21:24:22.187+0000] {dag.py:4180} INFO - Setting next_dagrun for example_complex to None, run_after=None
[2025-07-01T21:24:22.209+0000] {processor.py:208} INFO - Processing /home/airflow/.local/lib/python3.12/site-packages/airflow/example_dags/example_complex.py took 0.140 seconds
