[2025-07-01T17:21:05.568+0000] {processor.py:186} INFO - Started process (PID=6323) to work on /home/airflow/.local/lib/python3.12/site-packages/airflow/example_dags/example_params_ui_tutorial.py
[2025-07-01T17:21:05.570+0000] {processor.py:914} INFO - Processing file /home/airflow/.local/lib/python3.12/site-packages/airflow/example_dags/example_params_ui_tutorial.py for tasks to queue
[2025-07-01T17:21:05.575+0000] {logging_mixin.py:190} INFO - [2025-07-01T17:21:05.574+0000] {dagbag.py:588} INFO - Filling up the DagBag from /home/airflow/.local/lib/python3.12/site-packages/airflow/example_dags/example_params_ui_tutorial.py
[2025-07-01T17:21:05.596+0000] {processor.py:925} INFO - DAG(s) 'example_params_ui_tutorial' retrieved from /home/airflow/.local/lib/python3.12/site-packages/airflow/example_dags/example_params_ui_tutorial.py
[2025-07-01T17:21:05.962+0000] {logging_mixin.py:190} INFO - [2025-07-01T17:21:05.961+0000] {dag.py:3239} INFO - Sync 1 DAGs
[2025-07-01T17:21:05.997+0000] {logging_mixin.py:190} INFO - [2025-07-01T17:21:05.996+0000] {dag.py:4180} INFO - Setting next_dagrun for example_params_ui_tutorial to None, run_after=None
[2025-07-01T17:21:06.042+0000] {processor.py:208} INFO - Processing /home/airflow/.local/lib/python3.12/site-packages/airflow/example_dags/example_params_ui_tutorial.py took 0.487 seconds
[2025-07-01T21:06:00.738+0000] {processor.py:186} INFO - Started process (PID=112) to work on /home/airflow/.local/lib/python3.12/site-packages/airflow/example_dags/example_params_ui_tutorial.py
[2025-07-01T21:06:00.740+0000] {processor.py:914} INFO - Processing file /home/airflow/.local/lib/python3.12/site-packages/airflow/example_dags/example_params_ui_tutorial.py for tasks to queue
[2025-07-01T21:06:00.742+0000] {logging_mixin.py:190} INFO - [2025-07-01T21:06:00.742+0000] {dagbag.py:588} INFO - Filling up the DagBag from /home/airflow/.local/lib/python3.12/site-packages/airflow/example_dags/example_params_ui_tutorial.py
[2025-07-01T21:06:00.754+0000] {processor.py:925} INFO - DAG(s) 'example_params_ui_tutorial' retrieved from /home/airflow/.local/lib/python3.12/site-packages/airflow/example_dags/example_params_ui_tutorial.py
[2025-07-01T21:06:00.802+0000] {logging_mixin.py:190} INFO - [2025-07-01T21:06:00.802+0000] {dag.py:3239} INFO - Sync 1 DAGs
[2025-07-01T21:06:00.818+0000] {logging_mixin.py:190} INFO - [2025-07-01T21:06:00.817+0000] {dag.py:4180} INFO - Setting next_dagrun for example_params_ui_tutorial to None, run_after=None
[2025-07-01T21:06:00.839+0000] {processor.py:208} INFO - Processing /home/airflow/.local/lib/python3.12/site-packages/airflow/example_dags/example_params_ui_tutorial.py took 0.109 seconds
[2025-07-01T21:06:31.179+0000] {processor.py:186} INFO - Started process (PID=174) to work on /home/airflow/.local/lib/python3.12/site-packages/airflow/example_dags/example_params_ui_tutorial.py
[2025-07-01T21:06:31.180+0000] {processor.py:914} INFO - Processing file /home/airflow/.local/lib/python3.12/site-packages/airflow/example_dags/example_params_ui_tutorial.py for tasks to queue
[2025-07-01T21:06:31.182+0000] {logging_mixin.py:190} INFO - [2025-07-01T21:06:31.182+0000] {dagbag.py:588} INFO - Filling up the DagBag from /home/airflow/.local/lib/python3.12/site-packages/airflow/example_dags/example_params_ui_tutorial.py
[2025-07-01T21:06:31.192+0000] {processor.py:925} INFO - DAG(s) 'example_params_ui_tutorial' retrieved from /home/airflow/.local/lib/python3.12/site-packages/airflow/example_dags/example_params_ui_tutorial.py
[2025-07-01T21:06:31.255+0000] {logging_mixin.py:190} INFO - [2025-07-01T21:06:31.255+0000] {dag.py:3239} INFO - Sync 1 DAGs
[2025-07-01T21:06:31.271+0000] {logging_mixin.py:190} INFO - [2025-07-01T21:06:31.271+0000] {dag.py:4180} INFO - Setting next_dagrun for example_params_ui_tutorial to None, run_after=None
[2025-07-01T21:06:31.290+0000] {processor.py:208} INFO - Processing /home/airflow/.local/lib/python3.12/site-packages/airflow/example_dags/example_params_ui_tutorial.py took 0.120 seconds
[2025-07-01T21:07:04.295+0000] {processor.py:186} INFO - Started process (PID=238) to work on /home/airflow/.local/lib/python3.12/site-packages/airflow/example_dags/example_params_ui_tutorial.py
[2025-07-01T21:07:04.298+0000] {processor.py:914} INFO - Processing file /home/airflow/.local/lib/python3.12/site-packages/airflow/example_dags/example_params_ui_tutorial.py for tasks to queue
[2025-07-01T21:07:04.304+0000] {logging_mixin.py:190} INFO - [2025-07-01T21:07:04.303+0000] {dagbag.py:588} INFO - Filling up the DagBag from /home/airflow/.local/lib/python3.12/site-packages/airflow/example_dags/example_params_ui_tutorial.py
[2025-07-01T21:07:04.336+0000] {processor.py:925} INFO - DAG(s) 'example_params_ui_tutorial' retrieved from /home/airflow/.local/lib/python3.12/site-packages/airflow/example_dags/example_params_ui_tutorial.py
[2025-07-01T21:07:04.440+0000] {logging_mixin.py:190} INFO - [2025-07-01T21:07:04.438+0000] {dag.py:3239} INFO - Sync 1 DAGs
[2025-07-01T21:07:04.497+0000] {logging_mixin.py:190} INFO - [2025-07-01T21:07:04.497+0000] {dag.py:4180} INFO - Setting next_dagrun for example_params_ui_tutorial to None, run_after=None
[2025-07-01T21:07:04.548+0000] {processor.py:208} INFO - Processing /home/airflow/.local/lib/python3.12/site-packages/airflow/example_dags/example_params_ui_tutorial.py took 0.270 seconds
[2025-07-01T21:07:38.635+0000] {processor.py:186} INFO - Started process (PID=301) to work on /home/airflow/.local/lib/python3.12/site-packages/airflow/example_dags/example_params_ui_tutorial.py
[2025-07-01T21:07:38.636+0000] {processor.py:914} INFO - Processing file /home/airflow/.local/lib/python3.12/site-packages/airflow/example_dags/example_params_ui_tutorial.py for tasks to queue
[2025-07-01T21:07:38.642+0000] {logging_mixin.py:190} INFO - [2025-07-01T21:07:38.641+0000] {dagbag.py:588} INFO - Filling up the DagBag from /home/airflow/.local/lib/python3.12/site-packages/airflow/example_dags/example_params_ui_tutorial.py
[2025-07-01T21:07:38.656+0000] {processor.py:925} INFO - DAG(s) 'example_params_ui_tutorial' retrieved from /home/airflow/.local/lib/python3.12/site-packages/airflow/example_dags/example_params_ui_tutorial.py
[2025-07-01T21:07:38.742+0000] {logging_mixin.py:190} INFO - [2025-07-01T21:07:38.742+0000] {dag.py:3239} INFO - Sync 1 DAGs
[2025-07-01T21:07:38.764+0000] {logging_mixin.py:190} INFO - [2025-07-01T21:07:38.764+0000] {dag.py:4180} INFO - Setting next_dagrun for example_params_ui_tutorial to None, run_after=None
[2025-07-01T21:07:38.794+0000] {processor.py:208} INFO - Processing /home/airflow/.local/lib/python3.12/site-packages/airflow/example_dags/example_params_ui_tutorial.py took 0.169 seconds
[2025-07-01T21:08:13.797+0000] {processor.py:186} INFO - Started process (PID=364) to work on /home/airflow/.local/lib/python3.12/site-packages/airflow/example_dags/example_params_ui_tutorial.py
[2025-07-01T21:08:13.798+0000] {processor.py:914} INFO - Processing file /home/airflow/.local/lib/python3.12/site-packages/airflow/example_dags/example_params_ui_tutorial.py for tasks to queue
[2025-07-01T21:08:13.811+0000] {logging_mixin.py:190} INFO - [2025-07-01T21:08:13.810+0000] {dagbag.py:588} INFO - Filling up the DagBag from /home/airflow/.local/lib/python3.12/site-packages/airflow/example_dags/example_params_ui_tutorial.py
[2025-07-01T21:08:13.865+0000] {processor.py:925} INFO - DAG(s) 'example_params_ui_tutorial' retrieved from /home/airflow/.local/lib/python3.12/site-packages/airflow/example_dags/example_params_ui_tutorial.py
[2025-07-01T21:08:14.154+0000] {logging_mixin.py:190} INFO - [2025-07-01T21:08:14.154+0000] {dag.py:3239} INFO - Sync 1 DAGs
[2025-07-01T21:08:14.207+0000] {logging_mixin.py:190} INFO - [2025-07-01T21:08:14.206+0000] {dag.py:4180} INFO - Setting next_dagrun for example_params_ui_tutorial to None, run_after=None
[2025-07-01T21:08:14.306+0000] {processor.py:208} INFO - Processing /home/airflow/.local/lib/python3.12/site-packages/airflow/example_dags/example_params_ui_tutorial.py took 0.550 seconds
[2025-07-01T21:08:44.996+0000] {processor.py:186} INFO - Started process (PID=426) to work on /home/airflow/.local/lib/python3.12/site-packages/airflow/example_dags/example_params_ui_tutorial.py
[2025-07-01T21:08:44.998+0000] {processor.py:914} INFO - Processing file /home/airflow/.local/lib/python3.12/site-packages/airflow/example_dags/example_params_ui_tutorial.py for tasks to queue
[2025-07-01T21:08:45.004+0000] {logging_mixin.py:190} INFO - [2025-07-01T21:08:45.000+0000] {dagbag.py:588} INFO - Filling up the DagBag from /home/airflow/.local/lib/python3.12/site-packages/airflow/example_dags/example_params_ui_tutorial.py
[2025-07-01T21:08:45.047+0000] {processor.py:925} INFO - DAG(s) 'example_params_ui_tutorial' retrieved from /home/airflow/.local/lib/python3.12/site-packages/airflow/example_dags/example_params_ui_tutorial.py
[2025-07-01T21:08:45.151+0000] {logging_mixin.py:190} INFO - [2025-07-01T21:08:45.150+0000] {dag.py:3239} INFO - Sync 1 DAGs
[2025-07-01T21:08:45.177+0000] {logging_mixin.py:190} INFO - [2025-07-01T21:08:45.177+0000] {dag.py:4180} INFO - Setting next_dagrun for example_params_ui_tutorial to None, run_after=None
[2025-07-01T21:08:45.209+0000] {processor.py:208} INFO - Processing /home/airflow/.local/lib/python3.12/site-packages/airflow/example_dags/example_params_ui_tutorial.py took 0.222 seconds
[2025-07-01T21:09:16.158+0000] {processor.py:186} INFO - Started process (PID=490) to work on /home/airflow/.local/lib/python3.12/site-packages/airflow/example_dags/example_params_ui_tutorial.py
[2025-07-01T21:09:16.159+0000] {processor.py:914} INFO - Processing file /home/airflow/.local/lib/python3.12/site-packages/airflow/example_dags/example_params_ui_tutorial.py for tasks to queue
[2025-07-01T21:09:16.162+0000] {logging_mixin.py:190} INFO - [2025-07-01T21:09:16.162+0000] {dagbag.py:588} INFO - Filling up the DagBag from /home/airflow/.local/lib/python3.12/site-packages/airflow/example_dags/example_params_ui_tutorial.py
[2025-07-01T21:09:16.173+0000] {processor.py:925} INFO - DAG(s) 'example_params_ui_tutorial' retrieved from /home/airflow/.local/lib/python3.12/site-packages/airflow/example_dags/example_params_ui_tutorial.py
[2025-07-01T21:09:16.234+0000] {logging_mixin.py:190} INFO - [2025-07-01T21:09:16.233+0000] {dag.py:3239} INFO - Sync 1 DAGs
[2025-07-01T21:09:16.252+0000] {logging_mixin.py:190} INFO - [2025-07-01T21:09:16.252+0000] {dag.py:4180} INFO - Setting next_dagrun for example_params_ui_tutorial to None, run_after=None
[2025-07-01T21:09:16.272+0000] {processor.py:208} INFO - Processing /home/airflow/.local/lib/python3.12/site-packages/airflow/example_dags/example_params_ui_tutorial.py took 0.124 seconds
[2025-07-01T21:09:47.090+0000] {processor.py:186} INFO - Started process (PID=553) to work on /home/airflow/.local/lib/python3.12/site-packages/airflow/example_dags/example_params_ui_tutorial.py
[2025-07-01T21:09:47.091+0000] {processor.py:914} INFO - Processing file /home/airflow/.local/lib/python3.12/site-packages/airflow/example_dags/example_params_ui_tutorial.py for tasks to queue
[2025-07-01T21:09:47.093+0000] {logging_mixin.py:190} INFO - [2025-07-01T21:09:47.093+0000] {dagbag.py:588} INFO - Filling up the DagBag from /home/airflow/.local/lib/python3.12/site-packages/airflow/example_dags/example_params_ui_tutorial.py
[2025-07-01T21:09:47.103+0000] {processor.py:925} INFO - DAG(s) 'example_params_ui_tutorial' retrieved from /home/airflow/.local/lib/python3.12/site-packages/airflow/example_dags/example_params_ui_tutorial.py
[2025-07-01T21:09:47.152+0000] {logging_mixin.py:190} INFO - [2025-07-01T21:09:47.151+0000] {dag.py:3239} INFO - Sync 1 DAGs
[2025-07-01T21:09:47.171+0000] {logging_mixin.py:190} INFO - [2025-07-01T21:09:47.170+0000] {dag.py:4180} INFO - Setting next_dagrun for example_params_ui_tutorial to None, run_after=None
[2025-07-01T21:09:47.191+0000] {processor.py:208} INFO - Processing /home/airflow/.local/lib/python3.12/site-packages/airflow/example_dags/example_params_ui_tutorial.py took 0.109 seconds
[2025-07-01T21:10:17.490+0000] {processor.py:186} INFO - Started process (PID=615) to work on /home/airflow/.local/lib/python3.12/site-packages/airflow/example_dags/example_params_ui_tutorial.py
[2025-07-01T21:10:17.497+0000] {processor.py:914} INFO - Processing file /home/airflow/.local/lib/python3.12/site-packages/airflow/example_dags/example_params_ui_tutorial.py for tasks to queue
[2025-07-01T21:10:17.500+0000] {logging_mixin.py:190} INFO - [2025-07-01T21:10:17.499+0000] {dagbag.py:588} INFO - Filling up the DagBag from /home/airflow/.local/lib/python3.12/site-packages/airflow/example_dags/example_params_ui_tutorial.py
[2025-07-01T21:10:17.511+0000] {processor.py:925} INFO - DAG(s) 'example_params_ui_tutorial' retrieved from /home/airflow/.local/lib/python3.12/site-packages/airflow/example_dags/example_params_ui_tutorial.py
[2025-07-01T21:10:17.581+0000] {logging_mixin.py:190} INFO - [2025-07-01T21:10:17.581+0000] {dag.py:3239} INFO - Sync 1 DAGs
[2025-07-01T21:10:17.599+0000] {logging_mixin.py:190} INFO - [2025-07-01T21:10:17.599+0000] {dag.py:4180} INFO - Setting next_dagrun for example_params_ui_tutorial to None, run_after=None
[2025-07-01T21:10:17.622+0000] {processor.py:208} INFO - Processing /home/airflow/.local/lib/python3.12/site-packages/airflow/example_dags/example_params_ui_tutorial.py took 0.142 seconds
[2025-07-01T21:10:48.353+0000] {processor.py:186} INFO - Started process (PID=679) to work on /home/airflow/.local/lib/python3.12/site-packages/airflow/example_dags/example_params_ui_tutorial.py
[2025-07-01T21:10:48.354+0000] {processor.py:914} INFO - Processing file /home/airflow/.local/lib/python3.12/site-packages/airflow/example_dags/example_params_ui_tutorial.py for tasks to queue
[2025-07-01T21:10:48.356+0000] {logging_mixin.py:190} INFO - [2025-07-01T21:10:48.356+0000] {dagbag.py:588} INFO - Filling up the DagBag from /home/airflow/.local/lib/python3.12/site-packages/airflow/example_dags/example_params_ui_tutorial.py
[2025-07-01T21:10:48.366+0000] {processor.py:925} INFO - DAG(s) 'example_params_ui_tutorial' retrieved from /home/airflow/.local/lib/python3.12/site-packages/airflow/example_dags/example_params_ui_tutorial.py
[2025-07-01T21:10:48.414+0000] {logging_mixin.py:190} INFO - [2025-07-01T21:10:48.414+0000] {dag.py:3239} INFO - Sync 1 DAGs
[2025-07-01T21:10:48.431+0000] {logging_mixin.py:190} INFO - [2025-07-01T21:10:48.430+0000] {dag.py:4180} INFO - Setting next_dagrun for example_params_ui_tutorial to None, run_after=None
[2025-07-01T21:10:48.460+0000] {processor.py:208} INFO - Processing /home/airflow/.local/lib/python3.12/site-packages/airflow/example_dags/example_params_ui_tutorial.py took 0.117 seconds
[2025-07-01T21:11:19.147+0000] {processor.py:186} INFO - Started process (PID=742) to work on /home/airflow/.local/lib/python3.12/site-packages/airflow/example_dags/example_params_ui_tutorial.py
[2025-07-01T21:11:19.148+0000] {processor.py:914} INFO - Processing file /home/airflow/.local/lib/python3.12/site-packages/airflow/example_dags/example_params_ui_tutorial.py for tasks to queue
[2025-07-01T21:11:19.150+0000] {logging_mixin.py:190} INFO - [2025-07-01T21:11:19.150+0000] {dagbag.py:588} INFO - Filling up the DagBag from /home/airflow/.local/lib/python3.12/site-packages/airflow/example_dags/example_params_ui_tutorial.py
[2025-07-01T21:11:19.160+0000] {processor.py:925} INFO - DAG(s) 'example_params_ui_tutorial' retrieved from /home/airflow/.local/lib/python3.12/site-packages/airflow/example_dags/example_params_ui_tutorial.py
[2025-07-01T21:11:19.221+0000] {logging_mixin.py:190} INFO - [2025-07-01T21:11:19.221+0000] {dag.py:3239} INFO - Sync 1 DAGs
[2025-07-01T21:11:19.244+0000] {logging_mixin.py:190} INFO - [2025-07-01T21:11:19.244+0000] {dag.py:4180} INFO - Setting next_dagrun for example_params_ui_tutorial to None, run_after=None
[2025-07-01T21:11:19.276+0000] {processor.py:208} INFO - Processing /home/airflow/.local/lib/python3.12/site-packages/airflow/example_dags/example_params_ui_tutorial.py took 0.138 seconds
[2025-07-01T21:11:49.765+0000] {processor.py:186} INFO - Started process (PID=805) to work on /home/airflow/.local/lib/python3.12/site-packages/airflow/example_dags/example_params_ui_tutorial.py
[2025-07-01T21:11:49.766+0000] {processor.py:914} INFO - Processing file /home/airflow/.local/lib/python3.12/site-packages/airflow/example_dags/example_params_ui_tutorial.py for tasks to queue
[2025-07-01T21:11:49.769+0000] {logging_mixin.py:190} INFO - [2025-07-01T21:11:49.768+0000] {dagbag.py:588} INFO - Filling up the DagBag from /home/airflow/.local/lib/python3.12/site-packages/airflow/example_dags/example_params_ui_tutorial.py
[2025-07-01T21:11:49.779+0000] {processor.py:925} INFO - DAG(s) 'example_params_ui_tutorial' retrieved from /home/airflow/.local/lib/python3.12/site-packages/airflow/example_dags/example_params_ui_tutorial.py
[2025-07-01T21:11:49.850+0000] {logging_mixin.py:190} INFO - [2025-07-01T21:11:49.850+0000] {dag.py:3239} INFO - Sync 1 DAGs
[2025-07-01T21:11:49.868+0000] {logging_mixin.py:190} INFO - [2025-07-01T21:11:49.868+0000] {dag.py:4180} INFO - Setting next_dagrun for example_params_ui_tutorial to None, run_after=None
[2025-07-01T21:11:49.894+0000] {processor.py:208} INFO - Processing /home/airflow/.local/lib/python3.12/site-packages/airflow/example_dags/example_params_ui_tutorial.py took 0.136 seconds
[2025-07-01T21:12:20.476+0000] {processor.py:186} INFO - Started process (PID=874) to work on /home/airflow/.local/lib/python3.12/site-packages/airflow/example_dags/example_params_ui_tutorial.py
[2025-07-01T21:12:20.477+0000] {processor.py:914} INFO - Processing file /home/airflow/.local/lib/python3.12/site-packages/airflow/example_dags/example_params_ui_tutorial.py for tasks to queue
[2025-07-01T21:12:20.480+0000] {logging_mixin.py:190} INFO - [2025-07-01T21:12:20.480+0000] {dagbag.py:588} INFO - Filling up the DagBag from /home/airflow/.local/lib/python3.12/site-packages/airflow/example_dags/example_params_ui_tutorial.py
[2025-07-01T21:12:20.492+0000] {processor.py:925} INFO - DAG(s) 'example_params_ui_tutorial' retrieved from /home/airflow/.local/lib/python3.12/site-packages/airflow/example_dags/example_params_ui_tutorial.py
[2025-07-01T21:12:20.561+0000] {logging_mixin.py:190} INFO - [2025-07-01T21:12:20.561+0000] {dag.py:3239} INFO - Sync 1 DAGs
[2025-07-01T21:12:20.586+0000] {logging_mixin.py:190} INFO - [2025-07-01T21:12:20.586+0000] {dag.py:4180} INFO - Setting next_dagrun for example_params_ui_tutorial to None, run_after=None
[2025-07-01T21:12:20.623+0000] {processor.py:208} INFO - Processing /home/airflow/.local/lib/python3.12/site-packages/airflow/example_dags/example_params_ui_tutorial.py took 0.158 seconds
[2025-07-01T21:12:51.048+0000] {processor.py:186} INFO - Started process (PID=937) to work on /home/airflow/.local/lib/python3.12/site-packages/airflow/example_dags/example_params_ui_tutorial.py
[2025-07-01T21:12:51.049+0000] {processor.py:914} INFO - Processing file /home/airflow/.local/lib/python3.12/site-packages/airflow/example_dags/example_params_ui_tutorial.py for tasks to queue
[2025-07-01T21:12:51.053+0000] {logging_mixin.py:190} INFO - [2025-07-01T21:12:51.052+0000] {dagbag.py:588} INFO - Filling up the DagBag from /home/airflow/.local/lib/python3.12/site-packages/airflow/example_dags/example_params_ui_tutorial.py
[2025-07-01T21:12:51.067+0000] {processor.py:925} INFO - DAG(s) 'example_params_ui_tutorial' retrieved from /home/airflow/.local/lib/python3.12/site-packages/airflow/example_dags/example_params_ui_tutorial.py
[2025-07-01T21:12:51.148+0000] {logging_mixin.py:190} INFO - [2025-07-01T21:12:51.148+0000] {dag.py:3239} INFO - Sync 1 DAGs
[2025-07-01T21:12:51.173+0000] {logging_mixin.py:190} INFO - [2025-07-01T21:12:51.172+0000] {dag.py:4180} INFO - Setting next_dagrun for example_params_ui_tutorial to None, run_after=None
[2025-07-01T21:12:51.208+0000] {processor.py:208} INFO - Processing /home/airflow/.local/lib/python3.12/site-packages/airflow/example_dags/example_params_ui_tutorial.py took 0.169 seconds
[2025-07-01T21:13:21.847+0000] {processor.py:186} INFO - Started process (PID=1000) to work on /home/airflow/.local/lib/python3.12/site-packages/airflow/example_dags/example_params_ui_tutorial.py
[2025-07-01T21:13:21.851+0000] {processor.py:914} INFO - Processing file /home/airflow/.local/lib/python3.12/site-packages/airflow/example_dags/example_params_ui_tutorial.py for tasks to queue
[2025-07-01T21:13:21.864+0000] {logging_mixin.py:190} INFO - [2025-07-01T21:13:21.863+0000] {dagbag.py:588} INFO - Filling up the DagBag from /home/airflow/.local/lib/python3.12/site-packages/airflow/example_dags/example_params_ui_tutorial.py
[2025-07-01T21:13:21.933+0000] {processor.py:925} INFO - DAG(s) 'example_params_ui_tutorial' retrieved from /home/airflow/.local/lib/python3.12/site-packages/airflow/example_dags/example_params_ui_tutorial.py
[2025-07-01T21:13:22.306+0000] {logging_mixin.py:190} INFO - [2025-07-01T21:13:22.305+0000] {dag.py:3239} INFO - Sync 1 DAGs
[2025-07-01T21:13:22.373+0000] {logging_mixin.py:190} INFO - [2025-07-01T21:13:22.373+0000] {dag.py:4180} INFO - Setting next_dagrun for example_params_ui_tutorial to None, run_after=None
[2025-07-01T21:13:22.449+0000] {processor.py:208} INFO - Processing /home/airflow/.local/lib/python3.12/site-packages/airflow/example_dags/example_params_ui_tutorial.py took 0.634 seconds
[2025-07-01T21:13:52.850+0000] {processor.py:186} INFO - Started process (PID=1062) to work on /home/airflow/.local/lib/python3.12/site-packages/airflow/example_dags/example_params_ui_tutorial.py
[2025-07-01T21:13:52.852+0000] {processor.py:914} INFO - Processing file /home/airflow/.local/lib/python3.12/site-packages/airflow/example_dags/example_params_ui_tutorial.py for tasks to queue
[2025-07-01T21:13:52.857+0000] {logging_mixin.py:190} INFO - [2025-07-01T21:13:52.856+0000] {dagbag.py:588} INFO - Filling up the DagBag from /home/airflow/.local/lib/python3.12/site-packages/airflow/example_dags/example_params_ui_tutorial.py
[2025-07-01T21:13:52.874+0000] {processor.py:925} INFO - DAG(s) 'example_params_ui_tutorial' retrieved from /home/airflow/.local/lib/python3.12/site-packages/airflow/example_dags/example_params_ui_tutorial.py
[2025-07-01T21:13:52.950+0000] {logging_mixin.py:190} INFO - [2025-07-01T21:13:52.950+0000] {dag.py:3239} INFO - Sync 1 DAGs
[2025-07-01T21:13:52.966+0000] {logging_mixin.py:190} INFO - [2025-07-01T21:13:52.966+0000] {dag.py:4180} INFO - Setting next_dagrun for example_params_ui_tutorial to None, run_after=None
[2025-07-01T21:13:52.987+0000] {processor.py:208} INFO - Processing /home/airflow/.local/lib/python3.12/site-packages/airflow/example_dags/example_params_ui_tutorial.py took 0.153 seconds
[2025-07-01T21:14:23.034+0000] {processor.py:186} INFO - Started process (PID=1125) to work on /home/airflow/.local/lib/python3.12/site-packages/airflow/example_dags/example_params_ui_tutorial.py
[2025-07-01T21:14:23.036+0000] {processor.py:914} INFO - Processing file /home/airflow/.local/lib/python3.12/site-packages/airflow/example_dags/example_params_ui_tutorial.py for tasks to queue
[2025-07-01T21:14:23.039+0000] {logging_mixin.py:190} INFO - [2025-07-01T21:14:23.039+0000] {dagbag.py:588} INFO - Filling up the DagBag from /home/airflow/.local/lib/python3.12/site-packages/airflow/example_dags/example_params_ui_tutorial.py
[2025-07-01T21:14:23.059+0000] {processor.py:925} INFO - DAG(s) 'example_params_ui_tutorial' retrieved from /home/airflow/.local/lib/python3.12/site-packages/airflow/example_dags/example_params_ui_tutorial.py
[2025-07-01T21:14:23.156+0000] {logging_mixin.py:190} INFO - [2025-07-01T21:14:23.156+0000] {dag.py:3239} INFO - Sync 1 DAGs
[2025-07-01T21:14:23.183+0000] {logging_mixin.py:190} INFO - [2025-07-01T21:14:23.182+0000] {dag.py:4180} INFO - Setting next_dagrun for example_params_ui_tutorial to None, run_after=None
[2025-07-01T21:14:23.211+0000] {processor.py:208} INFO - Processing /home/airflow/.local/lib/python3.12/site-packages/airflow/example_dags/example_params_ui_tutorial.py took 0.190 seconds
[2025-07-01T21:14:53.337+0000] {processor.py:186} INFO - Started process (PID=1190) to work on /home/airflow/.local/lib/python3.12/site-packages/airflow/example_dags/example_params_ui_tutorial.py
[2025-07-01T21:14:53.338+0000] {processor.py:914} INFO - Processing file /home/airflow/.local/lib/python3.12/site-packages/airflow/example_dags/example_params_ui_tutorial.py for tasks to queue
[2025-07-01T21:14:53.341+0000] {logging_mixin.py:190} INFO - [2025-07-01T21:14:53.341+0000] {dagbag.py:588} INFO - Filling up the DagBag from /home/airflow/.local/lib/python3.12/site-packages/airflow/example_dags/example_params_ui_tutorial.py
[2025-07-01T21:14:53.351+0000] {processor.py:925} INFO - DAG(s) 'example_params_ui_tutorial' retrieved from /home/airflow/.local/lib/python3.12/site-packages/airflow/example_dags/example_params_ui_tutorial.py
[2025-07-01T21:14:53.412+0000] {logging_mixin.py:190} INFO - [2025-07-01T21:14:53.412+0000] {dag.py:3239} INFO - Sync 1 DAGs
[2025-07-01T21:14:53.433+0000] {logging_mixin.py:190} INFO - [2025-07-01T21:14:53.433+0000] {dag.py:4180} INFO - Setting next_dagrun for example_params_ui_tutorial to None, run_after=None
[2025-07-01T21:14:53.459+0000] {processor.py:208} INFO - Processing /home/airflow/.local/lib/python3.12/site-packages/airflow/example_dags/example_params_ui_tutorial.py took 0.128 seconds
[2025-07-01T21:15:23.694+0000] {processor.py:186} INFO - Started process (PID=1251) to work on /home/airflow/.local/lib/python3.12/site-packages/airflow/example_dags/example_params_ui_tutorial.py
[2025-07-01T21:15:23.695+0000] {processor.py:914} INFO - Processing file /home/airflow/.local/lib/python3.12/site-packages/airflow/example_dags/example_params_ui_tutorial.py for tasks to queue
[2025-07-01T21:15:23.698+0000] {logging_mixin.py:190} INFO - [2025-07-01T21:15:23.697+0000] {dagbag.py:588} INFO - Filling up the DagBag from /home/airflow/.local/lib/python3.12/site-packages/airflow/example_dags/example_params_ui_tutorial.py
[2025-07-01T21:15:23.716+0000] {processor.py:925} INFO - DAG(s) 'example_params_ui_tutorial' retrieved from /home/airflow/.local/lib/python3.12/site-packages/airflow/example_dags/example_params_ui_tutorial.py
[2025-07-01T21:15:23.800+0000] {logging_mixin.py:190} INFO - [2025-07-01T21:15:23.799+0000] {dag.py:3239} INFO - Sync 1 DAGs
[2025-07-01T21:15:23.822+0000] {logging_mixin.py:190} INFO - [2025-07-01T21:15:23.822+0000] {dag.py:4180} INFO - Setting next_dagrun for example_params_ui_tutorial to None, run_after=None
[2025-07-01T21:15:23.855+0000] {processor.py:208} INFO - Processing /home/airflow/.local/lib/python3.12/site-packages/airflow/example_dags/example_params_ui_tutorial.py took 0.170 seconds
[2025-07-01T21:15:54.694+0000] {processor.py:186} INFO - Started process (PID=1314) to work on /home/airflow/.local/lib/python3.12/site-packages/airflow/example_dags/example_params_ui_tutorial.py
[2025-07-01T21:15:54.696+0000] {processor.py:914} INFO - Processing file /home/airflow/.local/lib/python3.12/site-packages/airflow/example_dags/example_params_ui_tutorial.py for tasks to queue
[2025-07-01T21:15:54.701+0000] {logging_mixin.py:190} INFO - [2025-07-01T21:15:54.700+0000] {dagbag.py:588} INFO - Filling up the DagBag from /home/airflow/.local/lib/python3.12/site-packages/airflow/example_dags/example_params_ui_tutorial.py
[2025-07-01T21:15:54.719+0000] {processor.py:925} INFO - DAG(s) 'example_params_ui_tutorial' retrieved from /home/airflow/.local/lib/python3.12/site-packages/airflow/example_dags/example_params_ui_tutorial.py
[2025-07-01T21:15:54.804+0000] {logging_mixin.py:190} INFO - [2025-07-01T21:15:54.804+0000] {dag.py:3239} INFO - Sync 1 DAGs
[2025-07-01T21:15:54.820+0000] {logging_mixin.py:190} INFO - [2025-07-01T21:15:54.820+0000] {dag.py:4180} INFO - Setting next_dagrun for example_params_ui_tutorial to None, run_after=None
[2025-07-01T21:15:54.846+0000] {processor.py:208} INFO - Processing /home/airflow/.local/lib/python3.12/site-packages/airflow/example_dags/example_params_ui_tutorial.py took 0.168 seconds
[2025-07-01T21:16:25.797+0000] {processor.py:186} INFO - Started process (PID=1377) to work on /home/airflow/.local/lib/python3.12/site-packages/airflow/example_dags/example_params_ui_tutorial.py
[2025-07-01T21:16:25.798+0000] {processor.py:914} INFO - Processing file /home/airflow/.local/lib/python3.12/site-packages/airflow/example_dags/example_params_ui_tutorial.py for tasks to queue
[2025-07-01T21:16:25.801+0000] {logging_mixin.py:190} INFO - [2025-07-01T21:16:25.800+0000] {dagbag.py:588} INFO - Filling up the DagBag from /home/airflow/.local/lib/python3.12/site-packages/airflow/example_dags/example_params_ui_tutorial.py
[2025-07-01T21:16:25.811+0000] {processor.py:925} INFO - DAG(s) 'example_params_ui_tutorial' retrieved from /home/airflow/.local/lib/python3.12/site-packages/airflow/example_dags/example_params_ui_tutorial.py
[2025-07-01T21:16:25.866+0000] {logging_mixin.py:190} INFO - [2025-07-01T21:16:25.866+0000] {dag.py:3239} INFO - Sync 1 DAGs
[2025-07-01T21:16:25.883+0000] {logging_mixin.py:190} INFO - [2025-07-01T21:16:25.883+0000] {dag.py:4180} INFO - Setting next_dagrun for example_params_ui_tutorial to None, run_after=None
[2025-07-01T21:16:25.948+0000] {processor.py:208} INFO - Processing /home/airflow/.local/lib/python3.12/site-packages/airflow/example_dags/example_params_ui_tutorial.py took 0.158 seconds
[2025-07-01T21:16:56.775+0000] {processor.py:186} INFO - Started process (PID=1440) to work on /home/airflow/.local/lib/python3.12/site-packages/airflow/example_dags/example_params_ui_tutorial.py
[2025-07-01T21:16:56.783+0000] {processor.py:914} INFO - Processing file /home/airflow/.local/lib/python3.12/site-packages/airflow/example_dags/example_params_ui_tutorial.py for tasks to queue
[2025-07-01T21:16:56.793+0000] {logging_mixin.py:190} INFO - [2025-07-01T21:16:56.789+0000] {dagbag.py:588} INFO - Filling up the DagBag from /home/airflow/.local/lib/python3.12/site-packages/airflow/example_dags/example_params_ui_tutorial.py
[2025-07-01T21:16:56.849+0000] {processor.py:925} INFO - DAG(s) 'example_params_ui_tutorial' retrieved from /home/airflow/.local/lib/python3.12/site-packages/airflow/example_dags/example_params_ui_tutorial.py
[2025-07-01T21:16:57.059+0000] {logging_mixin.py:190} INFO - [2025-07-01T21:16:57.058+0000] {dag.py:3239} INFO - Sync 1 DAGs
[2025-07-01T21:16:57.116+0000] {logging_mixin.py:190} INFO - [2025-07-01T21:16:57.116+0000] {dag.py:4180} INFO - Setting next_dagrun for example_params_ui_tutorial to None, run_after=None
[2025-07-01T21:16:57.256+0000] {processor.py:208} INFO - Processing /home/airflow/.local/lib/python3.12/site-packages/airflow/example_dags/example_params_ui_tutorial.py took 0.516 seconds
[2025-07-01T21:17:27.450+0000] {processor.py:186} INFO - Started process (PID=1502) to work on /home/airflow/.local/lib/python3.12/site-packages/airflow/example_dags/example_params_ui_tutorial.py
[2025-07-01T21:17:27.452+0000] {processor.py:914} INFO - Processing file /home/airflow/.local/lib/python3.12/site-packages/airflow/example_dags/example_params_ui_tutorial.py for tasks to queue
[2025-07-01T21:17:27.458+0000] {logging_mixin.py:190} INFO - [2025-07-01T21:17:27.457+0000] {dagbag.py:588} INFO - Filling up the DagBag from /home/airflow/.local/lib/python3.12/site-packages/airflow/example_dags/example_params_ui_tutorial.py
[2025-07-01T21:17:27.477+0000] {processor.py:925} INFO - DAG(s) 'example_params_ui_tutorial' retrieved from /home/airflow/.local/lib/python3.12/site-packages/airflow/example_dags/example_params_ui_tutorial.py
[2025-07-01T21:17:27.540+0000] {logging_mixin.py:190} INFO - [2025-07-01T21:17:27.540+0000] {dag.py:3239} INFO - Sync 1 DAGs
[2025-07-01T21:17:27.557+0000] {logging_mixin.py:190} INFO - [2025-07-01T21:17:27.557+0000] {dag.py:4180} INFO - Setting next_dagrun for example_params_ui_tutorial to None, run_after=None
[2025-07-01T21:17:27.578+0000] {processor.py:208} INFO - Processing /home/airflow/.local/lib/python3.12/site-packages/airflow/example_dags/example_params_ui_tutorial.py took 0.159 seconds
[2025-07-01T21:17:58.152+0000] {processor.py:186} INFO - Started process (PID=1566) to work on /home/airflow/.local/lib/python3.12/site-packages/airflow/example_dags/example_params_ui_tutorial.py
[2025-07-01T21:17:58.154+0000] {processor.py:914} INFO - Processing file /home/airflow/.local/lib/python3.12/site-packages/airflow/example_dags/example_params_ui_tutorial.py for tasks to queue
[2025-07-01T21:17:58.157+0000] {logging_mixin.py:190} INFO - [2025-07-01T21:17:58.157+0000] {dagbag.py:588} INFO - Filling up the DagBag from /home/airflow/.local/lib/python3.12/site-packages/airflow/example_dags/example_params_ui_tutorial.py
[2025-07-01T21:17:58.173+0000] {processor.py:925} INFO - DAG(s) 'example_params_ui_tutorial' retrieved from /home/airflow/.local/lib/python3.12/site-packages/airflow/example_dags/example_params_ui_tutorial.py
[2025-07-01T21:17:58.225+0000] {logging_mixin.py:190} INFO - [2025-07-01T21:17:58.224+0000] {dag.py:3239} INFO - Sync 1 DAGs
[2025-07-01T21:17:58.241+0000] {logging_mixin.py:190} INFO - [2025-07-01T21:17:58.241+0000] {dag.py:4180} INFO - Setting next_dagrun for example_params_ui_tutorial to None, run_after=None
[2025-07-01T21:17:58.262+0000] {processor.py:208} INFO - Processing /home/airflow/.local/lib/python3.12/site-packages/airflow/example_dags/example_params_ui_tutorial.py took 0.123 seconds
[2025-07-01T21:18:28.344+0000] {processor.py:186} INFO - Started process (PID=1628) to work on /home/airflow/.local/lib/python3.12/site-packages/airflow/example_dags/example_params_ui_tutorial.py
[2025-07-01T21:18:28.345+0000] {processor.py:914} INFO - Processing file /home/airflow/.local/lib/python3.12/site-packages/airflow/example_dags/example_params_ui_tutorial.py for tasks to queue
[2025-07-01T21:18:28.348+0000] {logging_mixin.py:190} INFO - [2025-07-01T21:18:28.347+0000] {dagbag.py:588} INFO - Filling up the DagBag from /home/airflow/.local/lib/python3.12/site-packages/airflow/example_dags/example_params_ui_tutorial.py
[2025-07-01T21:18:28.358+0000] {processor.py:925} INFO - DAG(s) 'example_params_ui_tutorial' retrieved from /home/airflow/.local/lib/python3.12/site-packages/airflow/example_dags/example_params_ui_tutorial.py
[2025-07-01T21:18:28.423+0000] {logging_mixin.py:190} INFO - [2025-07-01T21:18:28.423+0000] {dag.py:3239} INFO - Sync 1 DAGs
[2025-07-01T21:18:28.443+0000] {logging_mixin.py:190} INFO - [2025-07-01T21:18:28.442+0000] {dag.py:4180} INFO - Setting next_dagrun for example_params_ui_tutorial to None, run_after=None
[2025-07-01T21:18:28.473+0000] {processor.py:208} INFO - Processing /home/airflow/.local/lib/python3.12/site-packages/airflow/example_dags/example_params_ui_tutorial.py took 0.136 seconds
[2025-07-01T21:18:58.637+0000] {processor.py:186} INFO - Started process (PID=1691) to work on /home/airflow/.local/lib/python3.12/site-packages/airflow/example_dags/example_params_ui_tutorial.py
[2025-07-01T21:18:58.638+0000] {processor.py:914} INFO - Processing file /home/airflow/.local/lib/python3.12/site-packages/airflow/example_dags/example_params_ui_tutorial.py for tasks to queue
[2025-07-01T21:18:58.641+0000] {logging_mixin.py:190} INFO - [2025-07-01T21:18:58.641+0000] {dagbag.py:588} INFO - Filling up the DagBag from /home/airflow/.local/lib/python3.12/site-packages/airflow/example_dags/example_params_ui_tutorial.py
[2025-07-01T21:18:58.653+0000] {processor.py:925} INFO - DAG(s) 'example_params_ui_tutorial' retrieved from /home/airflow/.local/lib/python3.12/site-packages/airflow/example_dags/example_params_ui_tutorial.py
[2025-07-01T21:18:58.720+0000] {logging_mixin.py:190} INFO - [2025-07-01T21:18:58.719+0000] {dag.py:3239} INFO - Sync 1 DAGs
[2025-07-01T21:18:58.740+0000] {logging_mixin.py:190} INFO - [2025-07-01T21:18:58.740+0000] {dag.py:4180} INFO - Setting next_dagrun for example_params_ui_tutorial to None, run_after=None
[2025-07-01T21:18:58.761+0000] {processor.py:208} INFO - Processing /home/airflow/.local/lib/python3.12/site-packages/airflow/example_dags/example_params_ui_tutorial.py took 0.133 seconds
[2025-07-01T21:19:29.074+0000] {processor.py:186} INFO - Started process (PID=1754) to work on /home/airflow/.local/lib/python3.12/site-packages/airflow/example_dags/example_params_ui_tutorial.py
[2025-07-01T21:19:29.078+0000] {processor.py:914} INFO - Processing file /home/airflow/.local/lib/python3.12/site-packages/airflow/example_dags/example_params_ui_tutorial.py for tasks to queue
[2025-07-01T21:19:29.085+0000] {logging_mixin.py:190} INFO - [2025-07-01T21:19:29.085+0000] {dagbag.py:588} INFO - Filling up the DagBag from /home/airflow/.local/lib/python3.12/site-packages/airflow/example_dags/example_params_ui_tutorial.py
[2025-07-01T21:19:29.103+0000] {processor.py:925} INFO - DAG(s) 'example_params_ui_tutorial' retrieved from /home/airflow/.local/lib/python3.12/site-packages/airflow/example_dags/example_params_ui_tutorial.py
[2025-07-01T21:19:29.172+0000] {logging_mixin.py:190} INFO - [2025-07-01T21:19:29.171+0000] {dag.py:3239} INFO - Sync 1 DAGs
[2025-07-01T21:19:29.200+0000] {logging_mixin.py:190} INFO - [2025-07-01T21:19:29.199+0000] {dag.py:4180} INFO - Setting next_dagrun for example_params_ui_tutorial to None, run_after=None
[2025-07-01T21:19:29.232+0000] {processor.py:208} INFO - Processing /home/airflow/.local/lib/python3.12/site-packages/airflow/example_dags/example_params_ui_tutorial.py took 0.184 seconds
[2025-07-01T21:19:59.718+0000] {processor.py:186} INFO - Started process (PID=1817) to work on /home/airflow/.local/lib/python3.12/site-packages/airflow/example_dags/example_params_ui_tutorial.py
[2025-07-01T21:19:59.719+0000] {processor.py:914} INFO - Processing file /home/airflow/.local/lib/python3.12/site-packages/airflow/example_dags/example_params_ui_tutorial.py for tasks to queue
[2025-07-01T21:19:59.722+0000] {logging_mixin.py:190} INFO - [2025-07-01T21:19:59.721+0000] {dagbag.py:588} INFO - Filling up the DagBag from /home/airflow/.local/lib/python3.12/site-packages/airflow/example_dags/example_params_ui_tutorial.py
[2025-07-01T21:19:59.733+0000] {processor.py:925} INFO - DAG(s) 'example_params_ui_tutorial' retrieved from /home/airflow/.local/lib/python3.12/site-packages/airflow/example_dags/example_params_ui_tutorial.py
[2025-07-01T21:19:59.790+0000] {logging_mixin.py:190} INFO - [2025-07-01T21:19:59.790+0000] {dag.py:3239} INFO - Sync 1 DAGs
[2025-07-01T21:19:59.809+0000] {logging_mixin.py:190} INFO - [2025-07-01T21:19:59.809+0000] {dag.py:4180} INFO - Setting next_dagrun for example_params_ui_tutorial to None, run_after=None
[2025-07-01T21:19:59.829+0000] {processor.py:208} INFO - Processing /home/airflow/.local/lib/python3.12/site-packages/airflow/example_dags/example_params_ui_tutorial.py took 0.119 seconds
[2025-07-01T21:20:30.743+0000] {processor.py:186} INFO - Started process (PID=1880) to work on /home/airflow/.local/lib/python3.12/site-packages/airflow/example_dags/example_params_ui_tutorial.py
[2025-07-01T21:20:30.744+0000] {processor.py:914} INFO - Processing file /home/airflow/.local/lib/python3.12/site-packages/airflow/example_dags/example_params_ui_tutorial.py for tasks to queue
[2025-07-01T21:20:30.748+0000] {logging_mixin.py:190} INFO - [2025-07-01T21:20:30.747+0000] {dagbag.py:588} INFO - Filling up the DagBag from /home/airflow/.local/lib/python3.12/site-packages/airflow/example_dags/example_params_ui_tutorial.py
[2025-07-01T21:20:30.759+0000] {processor.py:925} INFO - DAG(s) 'example_params_ui_tutorial' retrieved from /home/airflow/.local/lib/python3.12/site-packages/airflow/example_dags/example_params_ui_tutorial.py
[2025-07-01T21:20:30.815+0000] {logging_mixin.py:190} INFO - [2025-07-01T21:20:30.815+0000] {dag.py:3239} INFO - Sync 1 DAGs
[2025-07-01T21:20:30.833+0000] {logging_mixin.py:190} INFO - [2025-07-01T21:20:30.833+0000] {dag.py:4180} INFO - Setting next_dagrun for example_params_ui_tutorial to None, run_after=None
[2025-07-01T21:20:30.857+0000] {processor.py:208} INFO - Processing /home/airflow/.local/lib/python3.12/site-packages/airflow/example_dags/example_params_ui_tutorial.py took 0.124 seconds
[2025-07-01T21:21:01.566+0000] {processor.py:186} INFO - Started process (PID=1943) to work on /home/airflow/.local/lib/python3.12/site-packages/airflow/example_dags/example_params_ui_tutorial.py
[2025-07-01T21:21:01.573+0000] {processor.py:914} INFO - Processing file /home/airflow/.local/lib/python3.12/site-packages/airflow/example_dags/example_params_ui_tutorial.py for tasks to queue
[2025-07-01T21:21:01.578+0000] {logging_mixin.py:190} INFO - [2025-07-01T21:21:01.577+0000] {dagbag.py:588} INFO - Filling up the DagBag from /home/airflow/.local/lib/python3.12/site-packages/airflow/example_dags/example_params_ui_tutorial.py
[2025-07-01T21:21:01.596+0000] {processor.py:925} INFO - DAG(s) 'example_params_ui_tutorial' retrieved from /home/airflow/.local/lib/python3.12/site-packages/airflow/example_dags/example_params_ui_tutorial.py
[2025-07-01T21:21:01.669+0000] {logging_mixin.py:190} INFO - [2025-07-01T21:21:01.668+0000] {dag.py:3239} INFO - Sync 1 DAGs
[2025-07-01T21:21:01.703+0000] {logging_mixin.py:190} INFO - [2025-07-01T21:21:01.703+0000] {dag.py:4180} INFO - Setting next_dagrun for example_params_ui_tutorial to None, run_after=None
[2025-07-01T21:21:01.735+0000] {processor.py:208} INFO - Processing /home/airflow/.local/lib/python3.12/site-packages/airflow/example_dags/example_params_ui_tutorial.py took 0.179 seconds
[2025-07-01T21:21:32.023+0000] {processor.py:186} INFO - Started process (PID=2006) to work on /home/airflow/.local/lib/python3.12/site-packages/airflow/example_dags/example_params_ui_tutorial.py
[2025-07-01T21:21:32.025+0000] {processor.py:914} INFO - Processing file /home/airflow/.local/lib/python3.12/site-packages/airflow/example_dags/example_params_ui_tutorial.py for tasks to queue
[2025-07-01T21:21:32.029+0000] {logging_mixin.py:190} INFO - [2025-07-01T21:21:32.028+0000] {dagbag.py:588} INFO - Filling up the DagBag from /home/airflow/.local/lib/python3.12/site-packages/airflow/example_dags/example_params_ui_tutorial.py
[2025-07-01T21:21:32.046+0000] {processor.py:925} INFO - DAG(s) 'example_params_ui_tutorial' retrieved from /home/airflow/.local/lib/python3.12/site-packages/airflow/example_dags/example_params_ui_tutorial.py
[2025-07-01T21:21:32.115+0000] {logging_mixin.py:190} INFO - [2025-07-01T21:21:32.115+0000] {dag.py:3239} INFO - Sync 1 DAGs
[2025-07-01T21:21:32.138+0000] {logging_mixin.py:190} INFO - [2025-07-01T21:21:32.138+0000] {dag.py:4180} INFO - Setting next_dagrun for example_params_ui_tutorial to None, run_after=None
[2025-07-01T21:21:32.162+0000] {processor.py:208} INFO - Processing /home/airflow/.local/lib/python3.12/site-packages/airflow/example_dags/example_params_ui_tutorial.py took 0.147 seconds
[2025-07-01T21:22:02.288+0000] {processor.py:186} INFO - Started process (PID=2069) to work on /home/airflow/.local/lib/python3.12/site-packages/airflow/example_dags/example_params_ui_tutorial.py
[2025-07-01T21:22:02.290+0000] {processor.py:914} INFO - Processing file /home/airflow/.local/lib/python3.12/site-packages/airflow/example_dags/example_params_ui_tutorial.py for tasks to queue
[2025-07-01T21:22:02.293+0000] {logging_mixin.py:190} INFO - [2025-07-01T21:22:02.292+0000] {dagbag.py:588} INFO - Filling up the DagBag from /home/airflow/.local/lib/python3.12/site-packages/airflow/example_dags/example_params_ui_tutorial.py
[2025-07-01T21:22:02.307+0000] {processor.py:925} INFO - DAG(s) 'example_params_ui_tutorial' retrieved from /home/airflow/.local/lib/python3.12/site-packages/airflow/example_dags/example_params_ui_tutorial.py
[2025-07-01T21:22:02.406+0000] {logging_mixin.py:190} INFO - [2025-07-01T21:22:02.405+0000] {dag.py:3239} INFO - Sync 1 DAGs
[2025-07-01T21:22:02.429+0000] {logging_mixin.py:190} INFO - [2025-07-01T21:22:02.428+0000] {dag.py:4180} INFO - Setting next_dagrun for example_params_ui_tutorial to None, run_after=None
[2025-07-01T21:22:02.459+0000] {processor.py:208} INFO - Processing /home/airflow/.local/lib/python3.12/site-packages/airflow/example_dags/example_params_ui_tutorial.py took 0.181 seconds
[2025-07-01T21:22:32.513+0000] {processor.py:186} INFO - Started process (PID=2134) to work on /home/airflow/.local/lib/python3.12/site-packages/airflow/example_dags/example_params_ui_tutorial.py
[2025-07-01T21:22:32.514+0000] {processor.py:914} INFO - Processing file /home/airflow/.local/lib/python3.12/site-packages/airflow/example_dags/example_params_ui_tutorial.py for tasks to queue
[2025-07-01T21:22:32.517+0000] {logging_mixin.py:190} INFO - [2025-07-01T21:22:32.516+0000] {dagbag.py:588} INFO - Filling up the DagBag from /home/airflow/.local/lib/python3.12/site-packages/airflow/example_dags/example_params_ui_tutorial.py
[2025-07-01T21:22:32.527+0000] {processor.py:925} INFO - DAG(s) 'example_params_ui_tutorial' retrieved from /home/airflow/.local/lib/python3.12/site-packages/airflow/example_dags/example_params_ui_tutorial.py
[2025-07-01T21:22:32.591+0000] {logging_mixin.py:190} INFO - [2025-07-01T21:22:32.591+0000] {dag.py:3239} INFO - Sync 1 DAGs
[2025-07-01T21:22:32.614+0000] {logging_mixin.py:190} INFO - [2025-07-01T21:22:32.614+0000] {dag.py:4180} INFO - Setting next_dagrun for example_params_ui_tutorial to None, run_after=None
[2025-07-01T21:22:32.635+0000] {processor.py:208} INFO - Processing /home/airflow/.local/lib/python3.12/site-packages/airflow/example_dags/example_params_ui_tutorial.py took 0.129 seconds
[2025-07-01T21:23:03.105+0000] {processor.py:186} INFO - Started process (PID=2195) to work on /home/airflow/.local/lib/python3.12/site-packages/airflow/example_dags/example_params_ui_tutorial.py
[2025-07-01T21:23:03.107+0000] {processor.py:914} INFO - Processing file /home/airflow/.local/lib/python3.12/site-packages/airflow/example_dags/example_params_ui_tutorial.py for tasks to queue
[2025-07-01T21:23:03.110+0000] {logging_mixin.py:190} INFO - [2025-07-01T21:23:03.110+0000] {dagbag.py:588} INFO - Filling up the DagBag from /home/airflow/.local/lib/python3.12/site-packages/airflow/example_dags/example_params_ui_tutorial.py
[2025-07-01T21:23:03.123+0000] {processor.py:925} INFO - DAG(s) 'example_params_ui_tutorial' retrieved from /home/airflow/.local/lib/python3.12/site-packages/airflow/example_dags/example_params_ui_tutorial.py
[2025-07-01T21:23:03.194+0000] {logging_mixin.py:190} INFO - [2025-07-01T21:23:03.193+0000] {dag.py:3239} INFO - Sync 1 DAGs
[2025-07-01T21:23:03.221+0000] {logging_mixin.py:190} INFO - [2025-07-01T21:23:03.221+0000] {dag.py:4180} INFO - Setting next_dagrun for example_params_ui_tutorial to None, run_after=None
[2025-07-01T21:23:03.249+0000] {processor.py:208} INFO - Processing /home/airflow/.local/lib/python3.12/site-packages/airflow/example_dags/example_params_ui_tutorial.py took 0.155 seconds
[2025-07-01T21:23:33.930+0000] {processor.py:186} INFO - Started process (PID=2257) to work on /home/airflow/.local/lib/python3.12/site-packages/airflow/example_dags/example_params_ui_tutorial.py
[2025-07-01T21:23:33.931+0000] {processor.py:914} INFO - Processing file /home/airflow/.local/lib/python3.12/site-packages/airflow/example_dags/example_params_ui_tutorial.py for tasks to queue
[2025-07-01T21:23:33.933+0000] {logging_mixin.py:190} INFO - [2025-07-01T21:23:33.933+0000] {dagbag.py:588} INFO - Filling up the DagBag from /home/airflow/.local/lib/python3.12/site-packages/airflow/example_dags/example_params_ui_tutorial.py
[2025-07-01T21:23:33.944+0000] {processor.py:925} INFO - DAG(s) 'example_params_ui_tutorial' retrieved from /home/airflow/.local/lib/python3.12/site-packages/airflow/example_dags/example_params_ui_tutorial.py
[2025-07-01T21:23:34.006+0000] {logging_mixin.py:190} INFO - [2025-07-01T21:23:34.006+0000] {dag.py:3239} INFO - Sync 1 DAGs
[2025-07-01T21:23:34.022+0000] {logging_mixin.py:190} INFO - [2025-07-01T21:23:34.022+0000] {dag.py:4180} INFO - Setting next_dagrun for example_params_ui_tutorial to None, run_after=None
[2025-07-01T21:23:34.044+0000] {processor.py:208} INFO - Processing /home/airflow/.local/lib/python3.12/site-packages/airflow/example_dags/example_params_ui_tutorial.py took 0.121 seconds
[2025-07-01T21:24:05.793+0000] {processor.py:186} INFO - Started process (PID=2320) to work on /home/airflow/.local/lib/python3.12/site-packages/airflow/example_dags/example_params_ui_tutorial.py
[2025-07-01T21:24:05.795+0000] {processor.py:914} INFO - Processing file /home/airflow/.local/lib/python3.12/site-packages/airflow/example_dags/example_params_ui_tutorial.py for tasks to queue
[2025-07-01T21:24:05.799+0000] {logging_mixin.py:190} INFO - [2025-07-01T21:24:05.798+0000] {dagbag.py:588} INFO - Filling up the DagBag from /home/airflow/.local/lib/python3.12/site-packages/airflow/example_dags/example_params_ui_tutorial.py
[2025-07-01T21:24:05.818+0000] {processor.py:925} INFO - DAG(s) 'example_params_ui_tutorial' retrieved from /home/airflow/.local/lib/python3.12/site-packages/airflow/example_dags/example_params_ui_tutorial.py
[2025-07-01T21:24:05.896+0000] {logging_mixin.py:190} INFO - [2025-07-01T21:24:05.895+0000] {dag.py:3239} INFO - Sync 1 DAGs
[2025-07-01T21:24:05.928+0000] {logging_mixin.py:190} INFO - [2025-07-01T21:24:05.928+0000] {dag.py:4180} INFO - Setting next_dagrun for example_params_ui_tutorial to None, run_after=None
[2025-07-01T21:24:05.964+0000] {processor.py:208} INFO - Processing /home/airflow/.local/lib/python3.12/site-packages/airflow/example_dags/example_params_ui_tutorial.py took 0.182 seconds
