[2025-07-01T17:21:01.463+0000] {processor.py:186} INFO - Started process (PID=6295) to work on /home/airflow/.local/lib/python3.12/site-packages/airflow/example_dags/example_inlet_event_extra.py
[2025-07-01T17:21:01.465+0000] {processor.py:914} INFO - Processing file /home/airflow/.local/lib/python3.12/site-packages/airflow/example_dags/example_inlet_event_extra.py for tasks to queue
[2025-07-01T17:21:01.471+0000] {logging_mixin.py:190} INFO - [2025-07-01T17:21:01.470+0000] {dagbag.py:588} INFO - Filling up the DagBag from /home/airflow/.local/lib/python3.12/site-packages/airflow/example_dags/example_inlet_event_extra.py
[2025-07-01T17:21:01.940+0000] {processor.py:925} INFO - DAG(s) 'read_dataset_event', 'read_dataset_event_from_classic' retrieved from /home/airflow/.local/lib/python3.12/site-packages/airflow/example_dags/example_inlet_event_extra.py
[2025-07-01T17:21:02.000+0000] {logging_mixin.py:190} INFO - [2025-07-01T17:21:02.000+0000] {dag.py:3239} INFO - Sync 2 DAGs
[2025-07-01T17:21:02.068+0000] {logging_mixin.py:190} INFO - [2025-07-01T17:21:02.068+0000] {dag.py:4180} INFO - Setting next_dagrun for read_dataset_event to 2025-06-30 00:00:00+00:00, run_after=2025-07-01 00:00:00+00:00
[2025-07-01T17:21:02.083+0000] {logging_mixin.py:190} INFO - [2025-07-01T17:21:02.082+0000] {dag.py:4180} INFO - Setting next_dagrun for read_dataset_event_from_classic to 2025-06-30 00:00:00+00:00, run_after=2025-07-01 00:00:00+00:00
[2025-07-01T17:21:02.140+0000] {processor.py:208} INFO - Processing /home/airflow/.local/lib/python3.12/site-packages/airflow/example_dags/example_inlet_event_extra.py took 0.694 seconds
[2025-07-01T21:05:57.357+0000] {processor.py:186} INFO - Started process (PID=84) to work on /home/airflow/.local/lib/python3.12/site-packages/airflow/example_dags/example_inlet_event_extra.py
[2025-07-01T21:05:57.358+0000] {processor.py:914} INFO - Processing file /home/airflow/.local/lib/python3.12/site-packages/airflow/example_dags/example_inlet_event_extra.py for tasks to queue
[2025-07-01T21:05:57.362+0000] {logging_mixin.py:190} INFO - [2025-07-01T21:05:57.361+0000] {dagbag.py:588} INFO - Filling up the DagBag from /home/airflow/.local/lib/python3.12/site-packages/airflow/example_dags/example_inlet_event_extra.py
[2025-07-01T21:05:57.673+0000] {processor.py:925} INFO - DAG(s) 'read_dataset_event_from_classic', 'read_dataset_event' retrieved from /home/airflow/.local/lib/python3.12/site-packages/airflow/example_dags/example_inlet_event_extra.py
[2025-07-01T21:05:57.716+0000] {logging_mixin.py:190} INFO - [2025-07-01T21:05:57.716+0000] {dag.py:3239} INFO - Sync 2 DAGs
[2025-07-01T21:05:57.771+0000] {logging_mixin.py:190} INFO - [2025-07-01T21:05:57.771+0000] {dag.py:4180} INFO - Setting next_dagrun for read_dataset_event to 2025-06-30 00:00:00+00:00, run_after=2025-07-01 00:00:00+00:00
[2025-07-01T21:05:57.790+0000] {logging_mixin.py:190} INFO - [2025-07-01T21:05:57.789+0000] {dag.py:4180} INFO - Setting next_dagrun for read_dataset_event_from_classic to 2025-06-30 00:00:00+00:00, run_after=2025-07-01 00:00:00+00:00
[2025-07-01T21:05:57.850+0000] {processor.py:208} INFO - Processing /home/airflow/.local/lib/python3.12/site-packages/airflow/example_dags/example_inlet_event_extra.py took 0.503 seconds
[2025-07-01T21:06:28.122+0000] {processor.py:186} INFO - Started process (PID=147) to work on /home/airflow/.local/lib/python3.12/site-packages/airflow/example_dags/example_inlet_event_extra.py
[2025-07-01T21:06:28.123+0000] {processor.py:914} INFO - Processing file /home/airflow/.local/lib/python3.12/site-packages/airflow/example_dags/example_inlet_event_extra.py for tasks to queue
[2025-07-01T21:06:28.125+0000] {logging_mixin.py:190} INFO - [2025-07-01T21:06:28.125+0000] {dagbag.py:588} INFO - Filling up the DagBag from /home/airflow/.local/lib/python3.12/site-packages/airflow/example_dags/example_inlet_event_extra.py
[2025-07-01T21:06:28.293+0000] {processor.py:925} INFO - DAG(s) 'read_dataset_event_from_classic', 'read_dataset_event' retrieved from /home/airflow/.local/lib/python3.12/site-packages/airflow/example_dags/example_inlet_event_extra.py
[2025-07-01T21:06:28.316+0000] {logging_mixin.py:190} INFO - [2025-07-01T21:06:28.315+0000] {dag.py:3239} INFO - Sync 2 DAGs
[2025-07-01T21:06:28.343+0000] {logging_mixin.py:190} INFO - [2025-07-01T21:06:28.343+0000] {dag.py:4180} INFO - Setting next_dagrun for read_dataset_event to 2025-06-30 00:00:00+00:00, run_after=2025-07-01 00:00:00+00:00
[2025-07-01T21:06:28.348+0000] {logging_mixin.py:190} INFO - [2025-07-01T21:06:28.348+0000] {dag.py:4180} INFO - Setting next_dagrun for read_dataset_event_from_classic to 2025-06-30 00:00:00+00:00, run_after=2025-07-01 00:00:00+00:00
[2025-07-01T21:06:28.370+0000] {processor.py:208} INFO - Processing /home/airflow/.local/lib/python3.12/site-packages/airflow/example_dags/example_inlet_event_extra.py took 0.255 seconds
[2025-07-01T21:06:58.897+0000] {processor.py:186} INFO - Started process (PID=210) to work on /home/airflow/.local/lib/python3.12/site-packages/airflow/example_dags/example_inlet_event_extra.py
[2025-07-01T21:06:58.899+0000] {processor.py:914} INFO - Processing file /home/airflow/.local/lib/python3.12/site-packages/airflow/example_dags/example_inlet_event_extra.py for tasks to queue
[2025-07-01T21:06:58.903+0000] {logging_mixin.py:190} INFO - [2025-07-01T21:06:58.903+0000] {dagbag.py:588} INFO - Filling up the DagBag from /home/airflow/.local/lib/python3.12/site-packages/airflow/example_dags/example_inlet_event_extra.py
[2025-07-01T21:06:59.222+0000] {processor.py:925} INFO - DAG(s) 'read_dataset_event_from_classic', 'read_dataset_event' retrieved from /home/airflow/.local/lib/python3.12/site-packages/airflow/example_dags/example_inlet_event_extra.py
[2025-07-01T21:06:59.256+0000] {logging_mixin.py:190} INFO - [2025-07-01T21:06:59.255+0000] {dag.py:3239} INFO - Sync 2 DAGs
[2025-07-01T21:06:59.310+0000] {logging_mixin.py:190} INFO - [2025-07-01T21:06:59.310+0000] {dag.py:4180} INFO - Setting next_dagrun for read_dataset_event to 2025-06-30 00:00:00+00:00, run_after=2025-07-01 00:00:00+00:00
[2025-07-01T21:06:59.320+0000] {logging_mixin.py:190} INFO - [2025-07-01T21:06:59.320+0000] {dag.py:4180} INFO - Setting next_dagrun for read_dataset_event_from_classic to 2025-06-30 00:00:00+00:00, run_after=2025-07-01 00:00:00+00:00
[2025-07-01T21:06:59.347+0000] {processor.py:208} INFO - Processing /home/airflow/.local/lib/python3.12/site-packages/airflow/example_dags/example_inlet_event_extra.py took 0.461 seconds
[2025-07-01T21:07:33.039+0000] {processor.py:186} INFO - Started process (PID=274) to work on /home/airflow/.local/lib/python3.12/site-packages/airflow/example_dags/example_inlet_event_extra.py
[2025-07-01T21:07:33.042+0000] {processor.py:914} INFO - Processing file /home/airflow/.local/lib/python3.12/site-packages/airflow/example_dags/example_inlet_event_extra.py for tasks to queue
[2025-07-01T21:07:33.056+0000] {logging_mixin.py:190} INFO - [2025-07-01T21:07:33.056+0000] {dagbag.py:588} INFO - Filling up the DagBag from /home/airflow/.local/lib/python3.12/site-packages/airflow/example_dags/example_inlet_event_extra.py
[2025-07-01T21:07:33.488+0000] {processor.py:925} INFO - DAG(s) 'read_dataset_event_from_classic', 'read_dataset_event' retrieved from /home/airflow/.local/lib/python3.12/site-packages/airflow/example_dags/example_inlet_event_extra.py
[2025-07-01T21:07:33.541+0000] {logging_mixin.py:190} INFO - [2025-07-01T21:07:33.540+0000] {dag.py:3239} INFO - Sync 2 DAGs
[2025-07-01T21:07:33.598+0000] {logging_mixin.py:190} INFO - [2025-07-01T21:07:33.597+0000] {dag.py:4180} INFO - Setting next_dagrun for read_dataset_event to 2025-06-30 00:00:00+00:00, run_after=2025-07-01 00:00:00+00:00
[2025-07-01T21:07:33.609+0000] {logging_mixin.py:190} INFO - [2025-07-01T21:07:33.608+0000] {dag.py:4180} INFO - Setting next_dagrun for read_dataset_event_from_classic to 2025-06-30 00:00:00+00:00, run_after=2025-07-01 00:00:00+00:00
[2025-07-01T21:07:33.657+0000] {processor.py:208} INFO - Processing /home/airflow/.local/lib/python3.12/site-packages/airflow/example_dags/example_inlet_event_extra.py took 0.660 seconds
[2025-07-01T21:08:04.333+0000] {processor.py:186} INFO - Started process (PID=337) to work on /home/airflow/.local/lib/python3.12/site-packages/airflow/example_dags/example_inlet_event_extra.py
[2025-07-01T21:08:04.338+0000] {processor.py:914} INFO - Processing file /home/airflow/.local/lib/python3.12/site-packages/airflow/example_dags/example_inlet_event_extra.py for tasks to queue
[2025-07-01T21:08:04.346+0000] {logging_mixin.py:190} INFO - [2025-07-01T21:08:04.345+0000] {dagbag.py:588} INFO - Filling up the DagBag from /home/airflow/.local/lib/python3.12/site-packages/airflow/example_dags/example_inlet_event_extra.py
[2025-07-01T21:08:04.750+0000] {processor.py:925} INFO - DAG(s) 'read_dataset_event', 'read_dataset_event_from_classic' retrieved from /home/airflow/.local/lib/python3.12/site-packages/airflow/example_dags/example_inlet_event_extra.py
[2025-07-01T21:08:04.814+0000] {logging_mixin.py:190} INFO - [2025-07-01T21:08:04.814+0000] {dag.py:3239} INFO - Sync 2 DAGs
[2025-07-01T21:08:04.936+0000] {logging_mixin.py:190} INFO - [2025-07-01T21:08:04.935+0000] {dag.py:4180} INFO - Setting next_dagrun for read_dataset_event to 2025-06-30 00:00:00+00:00, run_after=2025-07-01 00:00:00+00:00
[2025-07-01T21:08:04.948+0000] {logging_mixin.py:190} INFO - [2025-07-01T21:08:04.948+0000] {dag.py:4180} INFO - Setting next_dagrun for read_dataset_event_from_classic to 2025-06-30 00:00:00+00:00, run_after=2025-07-01 00:00:00+00:00
[2025-07-01T21:08:04.989+0000] {processor.py:208} INFO - Processing /home/airflow/.local/lib/python3.12/site-packages/airflow/example_dags/example_inlet_event_extra.py took 0.678 seconds
[2025-07-01T21:08:35.111+0000] {processor.py:186} INFO - Started process (PID=402) to work on /home/airflow/.local/lib/python3.12/site-packages/airflow/example_dags/example_inlet_event_extra.py
[2025-07-01T21:08:35.112+0000] {processor.py:914} INFO - Processing file /home/airflow/.local/lib/python3.12/site-packages/airflow/example_dags/example_inlet_event_extra.py for tasks to queue
[2025-07-01T21:08:35.114+0000] {logging_mixin.py:190} INFO - [2025-07-01T21:08:35.114+0000] {dagbag.py:588} INFO - Filling up the DagBag from /home/airflow/.local/lib/python3.12/site-packages/airflow/example_dags/example_inlet_event_extra.py
[2025-07-01T21:08:35.287+0000] {processor.py:925} INFO - DAG(s) 'read_dataset_event', 'read_dataset_event_from_classic' retrieved from /home/airflow/.local/lib/python3.12/site-packages/airflow/example_dags/example_inlet_event_extra.py
[2025-07-01T21:08:35.311+0000] {logging_mixin.py:190} INFO - [2025-07-01T21:08:35.311+0000] {dag.py:3239} INFO - Sync 2 DAGs
[2025-07-01T21:08:35.338+0000] {logging_mixin.py:190} INFO - [2025-07-01T21:08:35.337+0000] {dag.py:4180} INFO - Setting next_dagrun for read_dataset_event to 2025-06-30 00:00:00+00:00, run_after=2025-07-01 00:00:00+00:00
[2025-07-01T21:08:35.343+0000] {logging_mixin.py:190} INFO - [2025-07-01T21:08:35.343+0000] {dag.py:4180} INFO - Setting next_dagrun for read_dataset_event_from_classic to 2025-06-30 00:00:00+00:00, run_after=2025-07-01 00:00:00+00:00
[2025-07-01T21:08:35.363+0000] {processor.py:208} INFO - Processing /home/airflow/.local/lib/python3.12/site-packages/airflow/example_dags/example_inlet_event_extra.py took 0.259 seconds
[2025-07-01T21:09:05.934+0000] {processor.py:186} INFO - Started process (PID=462) to work on /home/airflow/.local/lib/python3.12/site-packages/airflow/example_dags/example_inlet_event_extra.py
[2025-07-01T21:09:05.935+0000] {processor.py:914} INFO - Processing file /home/airflow/.local/lib/python3.12/site-packages/airflow/example_dags/example_inlet_event_extra.py for tasks to queue
[2025-07-01T21:09:05.938+0000] {logging_mixin.py:190} INFO - [2025-07-01T21:09:05.938+0000] {dagbag.py:588} INFO - Filling up the DagBag from /home/airflow/.local/lib/python3.12/site-packages/airflow/example_dags/example_inlet_event_extra.py
[2025-07-01T21:09:06.149+0000] {processor.py:925} INFO - DAG(s) 'read_dataset_event', 'read_dataset_event_from_classic' retrieved from /home/airflow/.local/lib/python3.12/site-packages/airflow/example_dags/example_inlet_event_extra.py
[2025-07-01T21:09:06.179+0000] {logging_mixin.py:190} INFO - [2025-07-01T21:09:06.179+0000] {dag.py:3239} INFO - Sync 2 DAGs
[2025-07-01T21:09:06.207+0000] {logging_mixin.py:190} INFO - [2025-07-01T21:09:06.207+0000] {dag.py:4180} INFO - Setting next_dagrun for read_dataset_event to 2025-06-30 00:00:00+00:00, run_after=2025-07-01 00:00:00+00:00
[2025-07-01T21:09:06.212+0000] {logging_mixin.py:190} INFO - [2025-07-01T21:09:06.212+0000] {dag.py:4180} INFO - Setting next_dagrun for read_dataset_event_from_classic to 2025-06-30 00:00:00+00:00, run_after=2025-07-01 00:00:00+00:00
[2025-07-01T21:09:06.231+0000] {processor.py:208} INFO - Processing /home/airflow/.local/lib/python3.12/site-packages/airflow/example_dags/example_inlet_event_extra.py took 0.311 seconds
[2025-07-01T21:09:36.437+0000] {processor.py:186} INFO - Started process (PID=525) to work on /home/airflow/.local/lib/python3.12/site-packages/airflow/example_dags/example_inlet_event_extra.py
[2025-07-01T21:09:36.442+0000] {processor.py:914} INFO - Processing file /home/airflow/.local/lib/python3.12/site-packages/airflow/example_dags/example_inlet_event_extra.py for tasks to queue
[2025-07-01T21:09:36.448+0000] {logging_mixin.py:190} INFO - [2025-07-01T21:09:36.446+0000] {dagbag.py:588} INFO - Filling up the DagBag from /home/airflow/.local/lib/python3.12/site-packages/airflow/example_dags/example_inlet_event_extra.py
[2025-07-01T21:09:36.906+0000] {processor.py:925} INFO - DAG(s) 'read_dataset_event_from_classic', 'read_dataset_event' retrieved from /home/airflow/.local/lib/python3.12/site-packages/airflow/example_dags/example_inlet_event_extra.py
[2025-07-01T21:09:36.950+0000] {logging_mixin.py:190} INFO - [2025-07-01T21:09:36.949+0000] {dag.py:3239} INFO - Sync 2 DAGs
[2025-07-01T21:09:37.028+0000] {logging_mixin.py:190} INFO - [2025-07-01T21:09:37.027+0000] {dag.py:4180} INFO - Setting next_dagrun for read_dataset_event to 2025-06-30 00:00:00+00:00, run_after=2025-07-01 00:00:00+00:00
[2025-07-01T21:09:37.043+0000] {logging_mixin.py:190} INFO - [2025-07-01T21:09:37.043+0000] {dag.py:4180} INFO - Setting next_dagrun for read_dataset_event_from_classic to 2025-06-30 00:00:00+00:00, run_after=2025-07-01 00:00:00+00:00
[2025-07-01T21:09:37.082+0000] {processor.py:208} INFO - Processing /home/airflow/.local/lib/python3.12/site-packages/airflow/example_dags/example_inlet_event_extra.py took 0.667 seconds
[2025-07-01T21:10:07.331+0000] {processor.py:186} INFO - Started process (PID=588) to work on /home/airflow/.local/lib/python3.12/site-packages/airflow/example_dags/example_inlet_event_extra.py
[2025-07-01T21:10:07.338+0000] {processor.py:914} INFO - Processing file /home/airflow/.local/lib/python3.12/site-packages/airflow/example_dags/example_inlet_event_extra.py for tasks to queue
[2025-07-01T21:10:07.342+0000] {logging_mixin.py:190} INFO - [2025-07-01T21:10:07.341+0000] {dagbag.py:588} INFO - Filling up the DagBag from /home/airflow/.local/lib/python3.12/site-packages/airflow/example_dags/example_inlet_event_extra.py
[2025-07-01T21:10:07.538+0000] {processor.py:925} INFO - DAG(s) 'read_dataset_event', 'read_dataset_event_from_classic' retrieved from /home/airflow/.local/lib/python3.12/site-packages/airflow/example_dags/example_inlet_event_extra.py
[2025-07-01T21:10:07.570+0000] {logging_mixin.py:190} INFO - [2025-07-01T21:10:07.570+0000] {dag.py:3239} INFO - Sync 2 DAGs
[2025-07-01T21:10:07.612+0000] {logging_mixin.py:190} INFO - [2025-07-01T21:10:07.612+0000] {dag.py:4180} INFO - Setting next_dagrun for read_dataset_event to 2025-06-30 00:00:00+00:00, run_after=2025-07-01 00:00:00+00:00
[2025-07-01T21:10:07.621+0000] {logging_mixin.py:190} INFO - [2025-07-01T21:10:07.621+0000] {dag.py:4180} INFO - Setting next_dagrun for read_dataset_event_from_classic to 2025-06-30 00:00:00+00:00, run_after=2025-07-01 00:00:00+00:00
[2025-07-01T21:10:07.646+0000] {processor.py:208} INFO - Processing /home/airflow/.local/lib/python3.12/site-packages/airflow/example_dags/example_inlet_event_extra.py took 0.334 seconds
[2025-07-01T21:10:38.205+0000] {processor.py:186} INFO - Started process (PID=651) to work on /home/airflow/.local/lib/python3.12/site-packages/airflow/example_dags/example_inlet_event_extra.py
[2025-07-01T21:10:38.206+0000] {processor.py:914} INFO - Processing file /home/airflow/.local/lib/python3.12/site-packages/airflow/example_dags/example_inlet_event_extra.py for tasks to queue
[2025-07-01T21:10:38.211+0000] {logging_mixin.py:190} INFO - [2025-07-01T21:10:38.210+0000] {dagbag.py:588} INFO - Filling up the DagBag from /home/airflow/.local/lib/python3.12/site-packages/airflow/example_dags/example_inlet_event_extra.py
[2025-07-01T21:10:38.462+0000] {processor.py:925} INFO - DAG(s) 'read_dataset_event_from_classic', 'read_dataset_event' retrieved from /home/airflow/.local/lib/python3.12/site-packages/airflow/example_dags/example_inlet_event_extra.py
[2025-07-01T21:10:38.500+0000] {logging_mixin.py:190} INFO - [2025-07-01T21:10:38.500+0000] {dag.py:3239} INFO - Sync 2 DAGs
[2025-07-01T21:10:38.541+0000] {logging_mixin.py:190} INFO - [2025-07-01T21:10:38.541+0000] {dag.py:4180} INFO - Setting next_dagrun for read_dataset_event to 2025-06-30 00:00:00+00:00, run_after=2025-07-01 00:00:00+00:00
[2025-07-01T21:10:38.549+0000] {logging_mixin.py:190} INFO - [2025-07-01T21:10:38.548+0000] {dag.py:4180} INFO - Setting next_dagrun for read_dataset_event_from_classic to 2025-06-30 00:00:00+00:00, run_after=2025-07-01 00:00:00+00:00
[2025-07-01T21:10:38.572+0000] {processor.py:208} INFO - Processing /home/airflow/.local/lib/python3.12/site-packages/airflow/example_dags/example_inlet_event_extra.py took 0.376 seconds
[2025-07-01T21:11:09.014+0000] {processor.py:186} INFO - Started process (PID=714) to work on /home/airflow/.local/lib/python3.12/site-packages/airflow/example_dags/example_inlet_event_extra.py
[2025-07-01T21:11:09.021+0000] {processor.py:914} INFO - Processing file /home/airflow/.local/lib/python3.12/site-packages/airflow/example_dags/example_inlet_event_extra.py for tasks to queue
[2025-07-01T21:11:09.025+0000] {logging_mixin.py:190} INFO - [2025-07-01T21:11:09.024+0000] {dagbag.py:588} INFO - Filling up the DagBag from /home/airflow/.local/lib/python3.12/site-packages/airflow/example_dags/example_inlet_event_extra.py
[2025-07-01T21:11:09.298+0000] {processor.py:925} INFO - DAG(s) 'read_dataset_event_from_classic', 'read_dataset_event' retrieved from /home/airflow/.local/lib/python3.12/site-packages/airflow/example_dags/example_inlet_event_extra.py
[2025-07-01T21:11:09.327+0000] {logging_mixin.py:190} INFO - [2025-07-01T21:11:09.327+0000] {dag.py:3239} INFO - Sync 2 DAGs
[2025-07-01T21:11:09.355+0000] {logging_mixin.py:190} INFO - [2025-07-01T21:11:09.355+0000] {dag.py:4180} INFO - Setting next_dagrun for read_dataset_event to 2025-06-30 00:00:00+00:00, run_after=2025-07-01 00:00:00+00:00
[2025-07-01T21:11:09.364+0000] {logging_mixin.py:190} INFO - [2025-07-01T21:11:09.363+0000] {dag.py:4180} INFO - Setting next_dagrun for read_dataset_event_from_classic to 2025-06-30 00:00:00+00:00, run_after=2025-07-01 00:00:00+00:00
[2025-07-01T21:11:09.383+0000] {processor.py:208} INFO - Processing /home/airflow/.local/lib/python3.12/site-packages/airflow/example_dags/example_inlet_event_extra.py took 0.384 seconds
[2025-07-01T21:11:39.645+0000] {processor.py:186} INFO - Started process (PID=777) to work on /home/airflow/.local/lib/python3.12/site-packages/airflow/example_dags/example_inlet_event_extra.py
[2025-07-01T21:11:39.658+0000] {processor.py:914} INFO - Processing file /home/airflow/.local/lib/python3.12/site-packages/airflow/example_dags/example_inlet_event_extra.py for tasks to queue
[2025-07-01T21:11:39.668+0000] {logging_mixin.py:190} INFO - [2025-07-01T21:11:39.668+0000] {dagbag.py:588} INFO - Filling up the DagBag from /home/airflow/.local/lib/python3.12/site-packages/airflow/example_dags/example_inlet_event_extra.py
[2025-07-01T21:11:40.002+0000] {processor.py:925} INFO - DAG(s) 'read_dataset_event_from_classic', 'read_dataset_event' retrieved from /home/airflow/.local/lib/python3.12/site-packages/airflow/example_dags/example_inlet_event_extra.py
[2025-07-01T21:11:40.035+0000] {logging_mixin.py:190} INFO - [2025-07-01T21:11:40.035+0000] {dag.py:3239} INFO - Sync 2 DAGs
[2025-07-01T21:11:40.081+0000] {logging_mixin.py:190} INFO - [2025-07-01T21:11:40.081+0000] {dag.py:4180} INFO - Setting next_dagrun for read_dataset_event to 2025-06-30 00:00:00+00:00, run_after=2025-07-01 00:00:00+00:00
[2025-07-01T21:11:40.090+0000] {logging_mixin.py:190} INFO - [2025-07-01T21:11:40.090+0000] {dag.py:4180} INFO - Setting next_dagrun for read_dataset_event_from_classic to 2025-06-30 00:00:00+00:00, run_after=2025-07-01 00:00:00+00:00
[2025-07-01T21:11:40.115+0000] {processor.py:208} INFO - Processing /home/airflow/.local/lib/python3.12/site-packages/airflow/example_dags/example_inlet_event_extra.py took 0.479 seconds
[2025-07-01T21:12:10.281+0000] {processor.py:186} INFO - Started process (PID=842) to work on /home/airflow/.local/lib/python3.12/site-packages/airflow/example_dags/example_inlet_event_extra.py
[2025-07-01T21:12:10.282+0000] {processor.py:914} INFO - Processing file /home/airflow/.local/lib/python3.12/site-packages/airflow/example_dags/example_inlet_event_extra.py for tasks to queue
[2025-07-01T21:12:10.284+0000] {logging_mixin.py:190} INFO - [2025-07-01T21:12:10.284+0000] {dagbag.py:588} INFO - Filling up the DagBag from /home/airflow/.local/lib/python3.12/site-packages/airflow/example_dags/example_inlet_event_extra.py
[2025-07-01T21:12:10.489+0000] {processor.py:925} INFO - DAG(s) 'read_dataset_event_from_classic', 'read_dataset_event' retrieved from /home/airflow/.local/lib/python3.12/site-packages/airflow/example_dags/example_inlet_event_extra.py
[2025-07-01T21:12:10.520+0000] {logging_mixin.py:190} INFO - [2025-07-01T21:12:10.519+0000] {dag.py:3239} INFO - Sync 2 DAGs
[2025-07-01T21:12:10.547+0000] {logging_mixin.py:190} INFO - [2025-07-01T21:12:10.547+0000] {dag.py:4180} INFO - Setting next_dagrun for read_dataset_event to 2025-06-30 00:00:00+00:00, run_after=2025-07-01 00:00:00+00:00
[2025-07-01T21:12:10.553+0000] {logging_mixin.py:190} INFO - [2025-07-01T21:12:10.552+0000] {dag.py:4180} INFO - Setting next_dagrun for read_dataset_event_from_classic to 2025-06-30 00:00:00+00:00, run_after=2025-07-01 00:00:00+00:00
[2025-07-01T21:12:10.571+0000] {processor.py:208} INFO - Processing /home/airflow/.local/lib/python3.12/site-packages/airflow/example_dags/example_inlet_event_extra.py took 0.297 seconds
[2025-07-01T21:12:40.851+0000] {processor.py:186} INFO - Started process (PID=903) to work on /home/airflow/.local/lib/python3.12/site-packages/airflow/example_dags/example_inlet_event_extra.py
[2025-07-01T21:12:40.859+0000] {processor.py:914} INFO - Processing file /home/airflow/.local/lib/python3.12/site-packages/airflow/example_dags/example_inlet_event_extra.py for tasks to queue
[2025-07-01T21:12:40.861+0000] {logging_mixin.py:190} INFO - [2025-07-01T21:12:40.861+0000] {dagbag.py:588} INFO - Filling up the DagBag from /home/airflow/.local/lib/python3.12/site-packages/airflow/example_dags/example_inlet_event_extra.py
[2025-07-01T21:12:41.047+0000] {processor.py:925} INFO - DAG(s) 'read_dataset_event', 'read_dataset_event_from_classic' retrieved from /home/airflow/.local/lib/python3.12/site-packages/airflow/example_dags/example_inlet_event_extra.py
[2025-07-01T21:12:41.070+0000] {logging_mixin.py:190} INFO - [2025-07-01T21:12:41.070+0000] {dag.py:3239} INFO - Sync 2 DAGs
[2025-07-01T21:12:41.103+0000] {logging_mixin.py:190} INFO - [2025-07-01T21:12:41.103+0000] {dag.py:4180} INFO - Setting next_dagrun for read_dataset_event to 2025-06-30 00:00:00+00:00, run_after=2025-07-01 00:00:00+00:00
[2025-07-01T21:12:41.108+0000] {logging_mixin.py:190} INFO - [2025-07-01T21:12:41.108+0000] {dag.py:4180} INFO - Setting next_dagrun for read_dataset_event_from_classic to 2025-06-30 00:00:00+00:00, run_after=2025-07-01 00:00:00+00:00
[2025-07-01T21:12:41.126+0000] {processor.py:208} INFO - Processing /home/airflow/.local/lib/python3.12/site-packages/airflow/example_dags/example_inlet_event_extra.py took 0.286 seconds
[2025-07-01T21:13:11.690+0000] {processor.py:186} INFO - Started process (PID=966) to work on /home/airflow/.local/lib/python3.12/site-packages/airflow/example_dags/example_inlet_event_extra.py
[2025-07-01T21:13:11.695+0000] {processor.py:914} INFO - Processing file /home/airflow/.local/lib/python3.12/site-packages/airflow/example_dags/example_inlet_event_extra.py for tasks to queue
[2025-07-01T21:13:11.701+0000] {logging_mixin.py:190} INFO - [2025-07-01T21:13:11.701+0000] {dagbag.py:588} INFO - Filling up the DagBag from /home/airflow/.local/lib/python3.12/site-packages/airflow/example_dags/example_inlet_event_extra.py
[2025-07-01T21:13:12.253+0000] {processor.py:925} INFO - DAG(s) 'read_dataset_event_from_classic', 'read_dataset_event' retrieved from /home/airflow/.local/lib/python3.12/site-packages/airflow/example_dags/example_inlet_event_extra.py
[2025-07-01T21:13:12.290+0000] {logging_mixin.py:190} INFO - [2025-07-01T21:13:12.290+0000] {dag.py:3239} INFO - Sync 2 DAGs
[2025-07-01T21:13:12.344+0000] {logging_mixin.py:190} INFO - [2025-07-01T21:13:12.344+0000] {dag.py:4180} INFO - Setting next_dagrun for read_dataset_event to 2025-06-30 00:00:00+00:00, run_after=2025-07-01 00:00:00+00:00
[2025-07-01T21:13:12.362+0000] {logging_mixin.py:190} INFO - [2025-07-01T21:13:12.361+0000] {dag.py:4180} INFO - Setting next_dagrun for read_dataset_event_from_classic to 2025-06-30 00:00:00+00:00, run_after=2025-07-01 00:00:00+00:00
[2025-07-01T21:13:12.400+0000] {processor.py:208} INFO - Processing /home/airflow/.local/lib/python3.12/site-packages/airflow/example_dags/example_inlet_event_extra.py took 0.738 seconds
[2025-07-01T21:13:42.537+0000] {processor.py:186} INFO - Started process (PID=1031) to work on /home/airflow/.local/lib/python3.12/site-packages/airflow/example_dags/example_inlet_event_extra.py
[2025-07-01T21:13:42.539+0000] {processor.py:914} INFO - Processing file /home/airflow/.local/lib/python3.12/site-packages/airflow/example_dags/example_inlet_event_extra.py for tasks to queue
[2025-07-01T21:13:42.541+0000] {logging_mixin.py:190} INFO - [2025-07-01T21:13:42.541+0000] {dagbag.py:588} INFO - Filling up the DagBag from /home/airflow/.local/lib/python3.12/site-packages/airflow/example_dags/example_inlet_event_extra.py
[2025-07-01T21:13:42.728+0000] {processor.py:925} INFO - DAG(s) 'read_dataset_event_from_classic', 'read_dataset_event' retrieved from /home/airflow/.local/lib/python3.12/site-packages/airflow/example_dags/example_inlet_event_extra.py
[2025-07-01T21:13:42.751+0000] {logging_mixin.py:190} INFO - [2025-07-01T21:13:42.751+0000] {dag.py:3239} INFO - Sync 2 DAGs
[2025-07-01T21:13:42.781+0000] {logging_mixin.py:190} INFO - [2025-07-01T21:13:42.781+0000] {dag.py:4180} INFO - Setting next_dagrun for read_dataset_event to 2025-06-30 00:00:00+00:00, run_after=2025-07-01 00:00:00+00:00
[2025-07-01T21:13:42.786+0000] {logging_mixin.py:190} INFO - [2025-07-01T21:13:42.786+0000] {dag.py:4180} INFO - Setting next_dagrun for read_dataset_event_from_classic to 2025-06-30 00:00:00+00:00, run_after=2025-07-01 00:00:00+00:00
[2025-07-01T21:13:42.804+0000] {processor.py:208} INFO - Processing /home/airflow/.local/lib/python3.12/site-packages/airflow/example_dags/example_inlet_event_extra.py took 0.274 seconds
[2025-07-01T21:14:13.048+0000] {processor.py:186} INFO - Started process (PID=1092) to work on /home/airflow/.local/lib/python3.12/site-packages/airflow/example_dags/example_inlet_event_extra.py
[2025-07-01T21:14:13.056+0000] {processor.py:914} INFO - Processing file /home/airflow/.local/lib/python3.12/site-packages/airflow/example_dags/example_inlet_event_extra.py for tasks to queue
[2025-07-01T21:14:13.060+0000] {logging_mixin.py:190} INFO - [2025-07-01T21:14:13.059+0000] {dagbag.py:588} INFO - Filling up the DagBag from /home/airflow/.local/lib/python3.12/site-packages/airflow/example_dags/example_inlet_event_extra.py
[2025-07-01T21:14:13.385+0000] {processor.py:925} INFO - DAG(s) 'read_dataset_event_from_classic', 'read_dataset_event' retrieved from /home/airflow/.local/lib/python3.12/site-packages/airflow/example_dags/example_inlet_event_extra.py
[2025-07-01T21:14:13.430+0000] {logging_mixin.py:190} INFO - [2025-07-01T21:14:13.430+0000] {dag.py:3239} INFO - Sync 2 DAGs
[2025-07-01T21:14:13.474+0000] {logging_mixin.py:190} INFO - [2025-07-01T21:14:13.474+0000] {dag.py:4180} INFO - Setting next_dagrun for read_dataset_event to 2025-06-30 00:00:00+00:00, run_after=2025-07-01 00:00:00+00:00
[2025-07-01T21:14:13.482+0000] {logging_mixin.py:190} INFO - [2025-07-01T21:14:13.482+0000] {dag.py:4180} INFO - Setting next_dagrun for read_dataset_event_from_classic to 2025-06-30 00:00:00+00:00, run_after=2025-07-01 00:00:00+00:00
[2025-07-01T21:14:13.507+0000] {processor.py:208} INFO - Processing /home/airflow/.local/lib/python3.12/site-packages/airflow/example_dags/example_inlet_event_extra.py took 0.475 seconds
[2025-07-01T21:14:44.067+0000] {processor.py:186} INFO - Started process (PID=1155) to work on /home/airflow/.local/lib/python3.12/site-packages/airflow/example_dags/example_inlet_event_extra.py
[2025-07-01T21:14:44.074+0000] {processor.py:914} INFO - Processing file /home/airflow/.local/lib/python3.12/site-packages/airflow/example_dags/example_inlet_event_extra.py for tasks to queue
[2025-07-01T21:14:44.078+0000] {logging_mixin.py:190} INFO - [2025-07-01T21:14:44.078+0000] {dagbag.py:588} INFO - Filling up the DagBag from /home/airflow/.local/lib/python3.12/site-packages/airflow/example_dags/example_inlet_event_extra.py
[2025-07-01T21:14:44.293+0000] {processor.py:925} INFO - DAG(s) 'read_dataset_event', 'read_dataset_event_from_classic' retrieved from /home/airflow/.local/lib/python3.12/site-packages/airflow/example_dags/example_inlet_event_extra.py
[2025-07-01T21:14:44.328+0000] {logging_mixin.py:190} INFO - [2025-07-01T21:14:44.327+0000] {dag.py:3239} INFO - Sync 2 DAGs
[2025-07-01T21:14:44.367+0000] {logging_mixin.py:190} INFO - [2025-07-01T21:14:44.366+0000] {dag.py:4180} INFO - Setting next_dagrun for read_dataset_event to 2025-06-30 00:00:00+00:00, run_after=2025-07-01 00:00:00+00:00
[2025-07-01T21:14:44.372+0000] {logging_mixin.py:190} INFO - [2025-07-01T21:14:44.372+0000] {dag.py:4180} INFO - Setting next_dagrun for read_dataset_event_from_classic to 2025-06-30 00:00:00+00:00, run_after=2025-07-01 00:00:00+00:00
[2025-07-01T21:14:44.388+0000] {processor.py:208} INFO - Processing /home/airflow/.local/lib/python3.12/site-packages/airflow/example_dags/example_inlet_event_extra.py took 0.328 seconds
[2025-07-01T21:15:14.589+0000] {processor.py:186} INFO - Started process (PID=1220) to work on /home/airflow/.local/lib/python3.12/site-packages/airflow/example_dags/example_inlet_event_extra.py
[2025-07-01T21:15:14.590+0000] {processor.py:914} INFO - Processing file /home/airflow/.local/lib/python3.12/site-packages/airflow/example_dags/example_inlet_event_extra.py for tasks to queue
[2025-07-01T21:15:14.594+0000] {logging_mixin.py:190} INFO - [2025-07-01T21:15:14.593+0000] {dagbag.py:588} INFO - Filling up the DagBag from /home/airflow/.local/lib/python3.12/site-packages/airflow/example_dags/example_inlet_event_extra.py
[2025-07-01T21:15:14.801+0000] {processor.py:925} INFO - DAG(s) 'read_dataset_event', 'read_dataset_event_from_classic' retrieved from /home/airflow/.local/lib/python3.12/site-packages/airflow/example_dags/example_inlet_event_extra.py
[2025-07-01T21:15:14.826+0000] {logging_mixin.py:190} INFO - [2025-07-01T21:15:14.826+0000] {dag.py:3239} INFO - Sync 2 DAGs
[2025-07-01T21:15:14.853+0000] {logging_mixin.py:190} INFO - [2025-07-01T21:15:14.853+0000] {dag.py:4180} INFO - Setting next_dagrun for read_dataset_event to 2025-06-30 00:00:00+00:00, run_after=2025-07-01 00:00:00+00:00
[2025-07-01T21:15:14.858+0000] {logging_mixin.py:190} INFO - [2025-07-01T21:15:14.858+0000] {dag.py:4180} INFO - Setting next_dagrun for read_dataset_event_from_classic to 2025-06-30 00:00:00+00:00, run_after=2025-07-01 00:00:00+00:00
[2025-07-01T21:15:14.876+0000] {processor.py:208} INFO - Processing /home/airflow/.local/lib/python3.12/site-packages/airflow/example_dags/example_inlet_event_extra.py took 0.294 seconds
[2025-07-01T21:15:45.140+0000] {processor.py:186} INFO - Started process (PID=1283) to work on /home/airflow/.local/lib/python3.12/site-packages/airflow/example_dags/example_inlet_event_extra.py
[2025-07-01T21:15:45.142+0000] {processor.py:914} INFO - Processing file /home/airflow/.local/lib/python3.12/site-packages/airflow/example_dags/example_inlet_event_extra.py for tasks to queue
[2025-07-01T21:15:45.148+0000] {logging_mixin.py:190} INFO - [2025-07-01T21:15:45.148+0000] {dagbag.py:588} INFO - Filling up the DagBag from /home/airflow/.local/lib/python3.12/site-packages/airflow/example_dags/example_inlet_event_extra.py
[2025-07-01T21:15:45.424+0000] {processor.py:925} INFO - DAG(s) 'read_dataset_event_from_classic', 'read_dataset_event' retrieved from /home/airflow/.local/lib/python3.12/site-packages/airflow/example_dags/example_inlet_event_extra.py
[2025-07-01T21:15:45.453+0000] {logging_mixin.py:190} INFO - [2025-07-01T21:15:45.453+0000] {dag.py:3239} INFO - Sync 2 DAGs
[2025-07-01T21:15:45.506+0000] {logging_mixin.py:190} INFO - [2025-07-01T21:15:45.506+0000] {dag.py:4180} INFO - Setting next_dagrun for read_dataset_event to 2025-06-30 00:00:00+00:00, run_after=2025-07-01 00:00:00+00:00
[2025-07-01T21:15:45.515+0000] {logging_mixin.py:190} INFO - [2025-07-01T21:15:45.515+0000] {dag.py:4180} INFO - Setting next_dagrun for read_dataset_event_from_classic to 2025-06-30 00:00:00+00:00, run_after=2025-07-01 00:00:00+00:00
[2025-07-01T21:15:45.550+0000] {processor.py:208} INFO - Processing /home/airflow/.local/lib/python3.12/site-packages/airflow/example_dags/example_inlet_event_extra.py took 0.430 seconds
[2025-07-01T21:16:16.414+0000] {processor.py:186} INFO - Started process (PID=1346) to work on /home/airflow/.local/lib/python3.12/site-packages/airflow/example_dags/example_inlet_event_extra.py
[2025-07-01T21:16:16.421+0000] {processor.py:914} INFO - Processing file /home/airflow/.local/lib/python3.12/site-packages/airflow/example_dags/example_inlet_event_extra.py for tasks to queue
[2025-07-01T21:16:16.425+0000] {logging_mixin.py:190} INFO - [2025-07-01T21:16:16.424+0000] {dagbag.py:588} INFO - Filling up the DagBag from /home/airflow/.local/lib/python3.12/site-packages/airflow/example_dags/example_inlet_event_extra.py
[2025-07-01T21:16:16.597+0000] {processor.py:925} INFO - DAG(s) 'read_dataset_event', 'read_dataset_event_from_classic' retrieved from /home/airflow/.local/lib/python3.12/site-packages/airflow/example_dags/example_inlet_event_extra.py
[2025-07-01T21:16:16.621+0000] {logging_mixin.py:190} INFO - [2025-07-01T21:16:16.621+0000] {dag.py:3239} INFO - Sync 2 DAGs
[2025-07-01T21:16:16.647+0000] {logging_mixin.py:190} INFO - [2025-07-01T21:16:16.647+0000] {dag.py:4180} INFO - Setting next_dagrun for read_dataset_event to 2025-06-30 00:00:00+00:00, run_after=2025-07-01 00:00:00+00:00
[2025-07-01T21:16:16.653+0000] {logging_mixin.py:190} INFO - [2025-07-01T21:16:16.653+0000] {dag.py:4180} INFO - Setting next_dagrun for read_dataset_event_from_classic to 2025-06-30 00:00:00+00:00, run_after=2025-07-01 00:00:00+00:00
[2025-07-01T21:16:16.671+0000] {processor.py:208} INFO - Processing /home/airflow/.local/lib/python3.12/site-packages/airflow/example_dags/example_inlet_event_extra.py took 0.268 seconds
[2025-07-01T21:16:46.965+0000] {processor.py:186} INFO - Started process (PID=1409) to work on /home/airflow/.local/lib/python3.12/site-packages/airflow/example_dags/example_inlet_event_extra.py
[2025-07-01T21:16:46.973+0000] {processor.py:914} INFO - Processing file /home/airflow/.local/lib/python3.12/site-packages/airflow/example_dags/example_inlet_event_extra.py for tasks to queue
[2025-07-01T21:16:46.979+0000] {logging_mixin.py:190} INFO - [2025-07-01T21:16:46.978+0000] {dagbag.py:588} INFO - Filling up the DagBag from /home/airflow/.local/lib/python3.12/site-packages/airflow/example_dags/example_inlet_event_extra.py
[2025-07-01T21:16:47.239+0000] {processor.py:925} INFO - DAG(s) 'read_dataset_event_from_classic', 'read_dataset_event' retrieved from /home/airflow/.local/lib/python3.12/site-packages/airflow/example_dags/example_inlet_event_extra.py
[2025-07-01T21:16:47.264+0000] {logging_mixin.py:190} INFO - [2025-07-01T21:16:47.264+0000] {dag.py:3239} INFO - Sync 2 DAGs
[2025-07-01T21:16:47.292+0000] {logging_mixin.py:190} INFO - [2025-07-01T21:16:47.292+0000] {dag.py:4180} INFO - Setting next_dagrun for read_dataset_event to 2025-06-30 00:00:00+00:00, run_after=2025-07-01 00:00:00+00:00
[2025-07-01T21:16:47.298+0000] {logging_mixin.py:190} INFO - [2025-07-01T21:16:47.298+0000] {dag.py:4180} INFO - Setting next_dagrun for read_dataset_event_from_classic to 2025-06-30 00:00:00+00:00, run_after=2025-07-01 00:00:00+00:00
[2025-07-01T21:16:47.317+0000] {processor.py:208} INFO - Processing /home/airflow/.local/lib/python3.12/site-packages/airflow/example_dags/example_inlet_event_extra.py took 0.367 seconds
[2025-07-01T21:17:17.366+0000] {processor.py:186} INFO - Started process (PID=1473) to work on /home/airflow/.local/lib/python3.12/site-packages/airflow/example_dags/example_inlet_event_extra.py
[2025-07-01T21:17:17.367+0000] {processor.py:914} INFO - Processing file /home/airflow/.local/lib/python3.12/site-packages/airflow/example_dags/example_inlet_event_extra.py for tasks to queue
[2025-07-01T21:17:17.369+0000] {logging_mixin.py:190} INFO - [2025-07-01T21:17:17.369+0000] {dagbag.py:588} INFO - Filling up the DagBag from /home/airflow/.local/lib/python3.12/site-packages/airflow/example_dags/example_inlet_event_extra.py
[2025-07-01T21:17:17.566+0000] {processor.py:925} INFO - DAG(s) 'read_dataset_event', 'read_dataset_event_from_classic' retrieved from /home/airflow/.local/lib/python3.12/site-packages/airflow/example_dags/example_inlet_event_extra.py
[2025-07-01T21:17:17.599+0000] {logging_mixin.py:190} INFO - [2025-07-01T21:17:17.598+0000] {dag.py:3239} INFO - Sync 2 DAGs
[2025-07-01T21:17:17.629+0000] {logging_mixin.py:190} INFO - [2025-07-01T21:17:17.629+0000] {dag.py:4180} INFO - Setting next_dagrun for read_dataset_event to 2025-06-30 00:00:00+00:00, run_after=2025-07-01 00:00:00+00:00
[2025-07-01T21:17:17.635+0000] {logging_mixin.py:190} INFO - [2025-07-01T21:17:17.635+0000] {dag.py:4180} INFO - Setting next_dagrun for read_dataset_event_from_classic to 2025-06-30 00:00:00+00:00, run_after=2025-07-01 00:00:00+00:00
[2025-07-01T21:17:17.654+0000] {processor.py:208} INFO - Processing /home/airflow/.local/lib/python3.12/site-packages/airflow/example_dags/example_inlet_event_extra.py took 0.295 seconds
[2025-07-01T21:17:47.702+0000] {processor.py:186} INFO - Started process (PID=1535) to work on /home/airflow/.local/lib/python3.12/site-packages/airflow/example_dags/example_inlet_event_extra.py
[2025-07-01T21:17:47.703+0000] {processor.py:914} INFO - Processing file /home/airflow/.local/lib/python3.12/site-packages/airflow/example_dags/example_inlet_event_extra.py for tasks to queue
[2025-07-01T21:17:47.705+0000] {logging_mixin.py:190} INFO - [2025-07-01T21:17:47.705+0000] {dagbag.py:588} INFO - Filling up the DagBag from /home/airflow/.local/lib/python3.12/site-packages/airflow/example_dags/example_inlet_event_extra.py
[2025-07-01T21:17:47.899+0000] {processor.py:925} INFO - DAG(s) 'read_dataset_event_from_classic', 'read_dataset_event' retrieved from /home/airflow/.local/lib/python3.12/site-packages/airflow/example_dags/example_inlet_event_extra.py
[2025-07-01T21:17:47.923+0000] {logging_mixin.py:190} INFO - [2025-07-01T21:17:47.922+0000] {dag.py:3239} INFO - Sync 2 DAGs
[2025-07-01T21:17:48.137+0000] {logging_mixin.py:190} INFO - [2025-07-01T21:17:48.137+0000] {dag.py:4180} INFO - Setting next_dagrun for read_dataset_event to 2025-06-30 00:00:00+00:00, run_after=2025-07-01 00:00:00+00:00
[2025-07-01T21:17:48.143+0000] {logging_mixin.py:190} INFO - [2025-07-01T21:17:48.143+0000] {dag.py:4180} INFO - Setting next_dagrun for read_dataset_event_from_classic to 2025-06-30 00:00:00+00:00, run_after=2025-07-01 00:00:00+00:00
[2025-07-01T21:17:48.158+0000] {processor.py:208} INFO - Processing /home/airflow/.local/lib/python3.12/site-packages/airflow/example_dags/example_inlet_event_extra.py took 0.463 seconds
[2025-07-01T21:18:18.547+0000] {processor.py:186} INFO - Started process (PID=1598) to work on /home/airflow/.local/lib/python3.12/site-packages/airflow/example_dags/example_inlet_event_extra.py
[2025-07-01T21:18:18.549+0000] {processor.py:914} INFO - Processing file /home/airflow/.local/lib/python3.12/site-packages/airflow/example_dags/example_inlet_event_extra.py for tasks to queue
[2025-07-01T21:18:18.552+0000] {logging_mixin.py:190} INFO - [2025-07-01T21:18:18.552+0000] {dagbag.py:588} INFO - Filling up the DagBag from /home/airflow/.local/lib/python3.12/site-packages/airflow/example_dags/example_inlet_event_extra.py
[2025-07-01T21:18:18.839+0000] {processor.py:925} INFO - DAG(s) 'read_dataset_event', 'read_dataset_event_from_classic' retrieved from /home/airflow/.local/lib/python3.12/site-packages/airflow/example_dags/example_inlet_event_extra.py
[2025-07-01T21:18:18.876+0000] {logging_mixin.py:190} INFO - [2025-07-01T21:18:18.875+0000] {dag.py:3239} INFO - Sync 2 DAGs
[2025-07-01T21:18:19.162+0000] {logging_mixin.py:190} INFO - [2025-07-01T21:18:19.161+0000] {dag.py:4180} INFO - Setting next_dagrun for read_dataset_event to 2025-06-30 00:00:00+00:00, run_after=2025-07-01 00:00:00+00:00
[2025-07-01T21:18:19.173+0000] {logging_mixin.py:190} INFO - [2025-07-01T21:18:19.173+0000] {dag.py:4180} INFO - Setting next_dagrun for read_dataset_event_from_classic to 2025-06-30 00:00:00+00:00, run_after=2025-07-01 00:00:00+00:00
[2025-07-01T21:18:19.208+0000] {processor.py:208} INFO - Processing /home/airflow/.local/lib/python3.12/site-packages/airflow/example_dags/example_inlet_event_extra.py took 0.673 seconds
[2025-07-01T21:18:50.120+0000] {processor.py:186} INFO - Started process (PID=1661) to work on /home/airflow/.local/lib/python3.12/site-packages/airflow/example_dags/example_inlet_event_extra.py
[2025-07-01T21:18:50.121+0000] {processor.py:914} INFO - Processing file /home/airflow/.local/lib/python3.12/site-packages/airflow/example_dags/example_inlet_event_extra.py for tasks to queue
[2025-07-01T21:18:50.124+0000] {logging_mixin.py:190} INFO - [2025-07-01T21:18:50.123+0000] {dagbag.py:588} INFO - Filling up the DagBag from /home/airflow/.local/lib/python3.12/site-packages/airflow/example_dags/example_inlet_event_extra.py
[2025-07-01T21:18:50.295+0000] {processor.py:925} INFO - DAG(s) 'read_dataset_event_from_classic', 'read_dataset_event' retrieved from /home/airflow/.local/lib/python3.12/site-packages/airflow/example_dags/example_inlet_event_extra.py
[2025-07-01T21:18:50.318+0000] {logging_mixin.py:190} INFO - [2025-07-01T21:18:50.318+0000] {dag.py:3239} INFO - Sync 2 DAGs
[2025-07-01T21:18:50.557+0000] {logging_mixin.py:190} INFO - [2025-07-01T21:18:50.556+0000] {dag.py:4180} INFO - Setting next_dagrun for read_dataset_event to 2025-06-30 00:00:00+00:00, run_after=2025-07-01 00:00:00+00:00
[2025-07-01T21:18:50.564+0000] {logging_mixin.py:190} INFO - [2025-07-01T21:18:50.564+0000] {dag.py:4180} INFO - Setting next_dagrun for read_dataset_event_from_classic to 2025-06-30 00:00:00+00:00, run_after=2025-07-01 00:00:00+00:00
[2025-07-01T21:18:50.592+0000] {processor.py:208} INFO - Processing /home/airflow/.local/lib/python3.12/site-packages/airflow/example_dags/example_inlet_event_extra.py took 0.479 seconds
[2025-07-01T21:19:21.288+0000] {processor.py:186} INFO - Started process (PID=1724) to work on /home/airflow/.local/lib/python3.12/site-packages/airflow/example_dags/example_inlet_event_extra.py
[2025-07-01T21:19:21.290+0000] {processor.py:914} INFO - Processing file /home/airflow/.local/lib/python3.12/site-packages/airflow/example_dags/example_inlet_event_extra.py for tasks to queue
[2025-07-01T21:19:21.292+0000] {logging_mixin.py:190} INFO - [2025-07-01T21:19:21.292+0000] {dagbag.py:588} INFO - Filling up the DagBag from /home/airflow/.local/lib/python3.12/site-packages/airflow/example_dags/example_inlet_event_extra.py
[2025-07-01T21:19:21.504+0000] {processor.py:925} INFO - DAG(s) 'read_dataset_event_from_classic', 'read_dataset_event' retrieved from /home/airflow/.local/lib/python3.12/site-packages/airflow/example_dags/example_inlet_event_extra.py
[2025-07-01T21:19:21.559+0000] {logging_mixin.py:190} INFO - [2025-07-01T21:19:21.559+0000] {dag.py:3239} INFO - Sync 2 DAGs
[2025-07-01T21:19:21.853+0000] {logging_mixin.py:190} INFO - [2025-07-01T21:19:21.852+0000] {dag.py:4180} INFO - Setting next_dagrun for read_dataset_event to 2025-06-30 00:00:00+00:00, run_after=2025-07-01 00:00:00+00:00
[2025-07-01T21:19:21.860+0000] {logging_mixin.py:190} INFO - [2025-07-01T21:19:21.860+0000] {dag.py:4180} INFO - Setting next_dagrun for read_dataset_event_from_classic to 2025-06-30 00:00:00+00:00, run_after=2025-07-01 00:00:00+00:00
[2025-07-01T21:19:21.886+0000] {processor.py:208} INFO - Processing /home/airflow/.local/lib/python3.12/site-packages/airflow/example_dags/example_inlet_event_extra.py took 0.605 seconds
[2025-07-01T21:19:52.614+0000] {processor.py:186} INFO - Started process (PID=1793) to work on /home/airflow/.local/lib/python3.12/site-packages/airflow/example_dags/example_inlet_event_extra.py
[2025-07-01T21:19:52.615+0000] {processor.py:914} INFO - Processing file /home/airflow/.local/lib/python3.12/site-packages/airflow/example_dags/example_inlet_event_extra.py for tasks to queue
[2025-07-01T21:19:52.619+0000] {logging_mixin.py:190} INFO - [2025-07-01T21:19:52.618+0000] {dagbag.py:588} INFO - Filling up the DagBag from /home/airflow/.local/lib/python3.12/site-packages/airflow/example_dags/example_inlet_event_extra.py
[2025-07-01T21:19:52.905+0000] {processor.py:925} INFO - DAG(s) 'read_dataset_event', 'read_dataset_event_from_classic' retrieved from /home/airflow/.local/lib/python3.12/site-packages/airflow/example_dags/example_inlet_event_extra.py
[2025-07-01T21:19:52.938+0000] {logging_mixin.py:190} INFO - [2025-07-01T21:19:52.938+0000] {dag.py:3239} INFO - Sync 2 DAGs
[2025-07-01T21:19:53.209+0000] {logging_mixin.py:190} INFO - [2025-07-01T21:19:53.209+0000] {dag.py:4180} INFO - Setting next_dagrun for read_dataset_event to 2025-06-30 00:00:00+00:00, run_after=2025-07-01 00:00:00+00:00
[2025-07-01T21:19:53.215+0000] {logging_mixin.py:190} INFO - [2025-07-01T21:19:53.215+0000] {dag.py:4180} INFO - Setting next_dagrun for read_dataset_event_from_classic to 2025-06-30 00:00:00+00:00, run_after=2025-07-01 00:00:00+00:00
[2025-07-01T21:19:53.233+0000] {processor.py:208} INFO - Processing /home/airflow/.local/lib/python3.12/site-packages/airflow/example_dags/example_inlet_event_extra.py took 0.630 seconds
[2025-07-01T21:20:23.802+0000] {processor.py:186} INFO - Started process (PID=1856) to work on /home/airflow/.local/lib/python3.12/site-packages/airflow/example_dags/example_inlet_event_extra.py
[2025-07-01T21:20:23.803+0000] {processor.py:914} INFO - Processing file /home/airflow/.local/lib/python3.12/site-packages/airflow/example_dags/example_inlet_event_extra.py for tasks to queue
[2025-07-01T21:20:23.807+0000] {logging_mixin.py:190} INFO - [2025-07-01T21:20:23.806+0000] {dagbag.py:588} INFO - Filling up the DagBag from /home/airflow/.local/lib/python3.12/site-packages/airflow/example_dags/example_inlet_event_extra.py
[2025-07-01T21:20:24.069+0000] {processor.py:925} INFO - DAG(s) 'read_dataset_event_from_classic', 'read_dataset_event' retrieved from /home/airflow/.local/lib/python3.12/site-packages/airflow/example_dags/example_inlet_event_extra.py
[2025-07-01T21:20:24.106+0000] {logging_mixin.py:190} INFO - [2025-07-01T21:20:24.106+0000] {dag.py:3239} INFO - Sync 2 DAGs
[2025-07-01T21:20:24.387+0000] {logging_mixin.py:190} INFO - [2025-07-01T21:20:24.386+0000] {dag.py:4180} INFO - Setting next_dagrun for read_dataset_event to 2025-06-30 00:00:00+00:00, run_after=2025-07-01 00:00:00+00:00
[2025-07-01T21:20:24.408+0000] {logging_mixin.py:190} INFO - [2025-07-01T21:20:24.408+0000] {dag.py:4180} INFO - Setting next_dagrun for read_dataset_event_from_classic to 2025-06-30 00:00:00+00:00, run_after=2025-07-01 00:00:00+00:00
[2025-07-01T21:20:24.444+0000] {processor.py:208} INFO - Processing /home/airflow/.local/lib/python3.12/site-packages/airflow/example_dags/example_inlet_event_extra.py took 0.651 seconds
[2025-07-01T21:20:55.320+0000] {processor.py:186} INFO - Started process (PID=1919) to work on /home/airflow/.local/lib/python3.12/site-packages/airflow/example_dags/example_inlet_event_extra.py
[2025-07-01T21:20:55.321+0000] {processor.py:914} INFO - Processing file /home/airflow/.local/lib/python3.12/site-packages/airflow/example_dags/example_inlet_event_extra.py for tasks to queue
[2025-07-01T21:20:55.323+0000] {logging_mixin.py:190} INFO - [2025-07-01T21:20:55.323+0000] {dagbag.py:588} INFO - Filling up the DagBag from /home/airflow/.local/lib/python3.12/site-packages/airflow/example_dags/example_inlet_event_extra.py
[2025-07-01T21:20:55.523+0000] {processor.py:925} INFO - DAG(s) 'read_dataset_event', 'read_dataset_event_from_classic' retrieved from /home/airflow/.local/lib/python3.12/site-packages/airflow/example_dags/example_inlet_event_extra.py
[2025-07-01T21:20:55.567+0000] {logging_mixin.py:190} INFO - [2025-07-01T21:20:55.567+0000] {dag.py:3239} INFO - Sync 2 DAGs
[2025-07-01T21:20:55.828+0000] {logging_mixin.py:190} INFO - [2025-07-01T21:20:55.828+0000] {dag.py:4180} INFO - Setting next_dagrun for read_dataset_event to 2025-06-30 00:00:00+00:00, run_after=2025-07-01 00:00:00+00:00
[2025-07-01T21:20:55.838+0000] {logging_mixin.py:190} INFO - [2025-07-01T21:20:55.838+0000] {dag.py:4180} INFO - Setting next_dagrun for read_dataset_event_from_classic to 2025-06-30 00:00:00+00:00, run_after=2025-07-01 00:00:00+00:00
[2025-07-01T21:20:55.866+0000] {processor.py:208} INFO - Processing /home/airflow/.local/lib/python3.12/site-packages/airflow/example_dags/example_inlet_event_extra.py took 0.555 seconds
[2025-07-01T21:21:26.107+0000] {processor.py:186} INFO - Started process (PID=1982) to work on /home/airflow/.local/lib/python3.12/site-packages/airflow/example_dags/example_inlet_event_extra.py
[2025-07-01T21:21:26.108+0000] {processor.py:914} INFO - Processing file /home/airflow/.local/lib/python3.12/site-packages/airflow/example_dags/example_inlet_event_extra.py for tasks to queue
[2025-07-01T21:21:26.111+0000] {logging_mixin.py:190} INFO - [2025-07-01T21:21:26.110+0000] {dagbag.py:588} INFO - Filling up the DagBag from /home/airflow/.local/lib/python3.12/site-packages/airflow/example_dags/example_inlet_event_extra.py
[2025-07-01T21:21:26.489+0000] {processor.py:925} INFO - DAG(s) 'read_dataset_event_from_classic', 'read_dataset_event' retrieved from /home/airflow/.local/lib/python3.12/site-packages/airflow/example_dags/example_inlet_event_extra.py
[2025-07-01T21:21:26.515+0000] {logging_mixin.py:190} INFO - [2025-07-01T21:21:26.515+0000] {dag.py:3239} INFO - Sync 2 DAGs
[2025-07-01T21:21:26.554+0000] {logging_mixin.py:190} INFO - [2025-07-01T21:21:26.554+0000] {dag.py:4180} INFO - Setting next_dagrun for read_dataset_event to 2025-06-30 00:00:00+00:00, run_after=2025-07-01 00:00:00+00:00
[2025-07-01T21:21:26.562+0000] {logging_mixin.py:190} INFO - [2025-07-01T21:21:26.562+0000] {dag.py:4180} INFO - Setting next_dagrun for read_dataset_event_from_classic to 2025-06-30 00:00:00+00:00, run_after=2025-07-01 00:00:00+00:00
[2025-07-01T21:21:26.594+0000] {processor.py:208} INFO - Processing /home/airflow/.local/lib/python3.12/site-packages/airflow/example_dags/example_inlet_event_extra.py took 0.495 seconds
[2025-07-01T21:21:57.586+0000] {processor.py:186} INFO - Started process (PID=2045) to work on /home/airflow/.local/lib/python3.12/site-packages/airflow/example_dags/example_inlet_event_extra.py
[2025-07-01T21:21:57.587+0000] {processor.py:914} INFO - Processing file /home/airflow/.local/lib/python3.12/site-packages/airflow/example_dags/example_inlet_event_extra.py for tasks to queue
[2025-07-01T21:21:57.591+0000] {logging_mixin.py:190} INFO - [2025-07-01T21:21:57.590+0000] {dagbag.py:588} INFO - Filling up the DagBag from /home/airflow/.local/lib/python3.12/site-packages/airflow/example_dags/example_inlet_event_extra.py
[2025-07-01T21:21:57.963+0000] {processor.py:925} INFO - DAG(s) 'read_dataset_event', 'read_dataset_event_from_classic' retrieved from /home/airflow/.local/lib/python3.12/site-packages/airflow/example_dags/example_inlet_event_extra.py
[2025-07-01T21:21:57.988+0000] {logging_mixin.py:190} INFO - [2025-07-01T21:21:57.987+0000] {dag.py:3239} INFO - Sync 2 DAGs
[2025-07-01T21:21:58.013+0000] {logging_mixin.py:190} INFO - [2025-07-01T21:21:58.013+0000] {dag.py:4180} INFO - Setting next_dagrun for read_dataset_event to 2025-06-30 00:00:00+00:00, run_after=2025-07-01 00:00:00+00:00
[2025-07-01T21:21:58.019+0000] {logging_mixin.py:190} INFO - [2025-07-01T21:21:58.019+0000] {dag.py:4180} INFO - Setting next_dagrun for read_dataset_event_from_classic to 2025-06-30 00:00:00+00:00, run_after=2025-07-01 00:00:00+00:00
[2025-07-01T21:21:58.036+0000] {processor.py:208} INFO - Processing /home/airflow/.local/lib/python3.12/site-packages/airflow/example_dags/example_inlet_event_extra.py took 0.461 seconds
[2025-07-01T21:22:28.847+0000] {processor.py:186} INFO - Started process (PID=2108) to work on /home/airflow/.local/lib/python3.12/site-packages/airflow/example_dags/example_inlet_event_extra.py
[2025-07-01T21:22:28.849+0000] {processor.py:914} INFO - Processing file /home/airflow/.local/lib/python3.12/site-packages/airflow/example_dags/example_inlet_event_extra.py for tasks to queue
[2025-07-01T21:22:28.853+0000] {logging_mixin.py:190} INFO - [2025-07-01T21:22:28.853+0000] {dagbag.py:588} INFO - Filling up the DagBag from /home/airflow/.local/lib/python3.12/site-packages/airflow/example_dags/example_inlet_event_extra.py
[2025-07-01T21:22:29.291+0000] {processor.py:925} INFO - DAG(s) 'read_dataset_event', 'read_dataset_event_from_classic' retrieved from /home/airflow/.local/lib/python3.12/site-packages/airflow/example_dags/example_inlet_event_extra.py
[2025-07-01T21:22:29.317+0000] {logging_mixin.py:190} INFO - [2025-07-01T21:22:29.316+0000] {dag.py:3239} INFO - Sync 2 DAGs
[2025-07-01T21:22:29.347+0000] {logging_mixin.py:190} INFO - [2025-07-01T21:22:29.346+0000] {dag.py:4180} INFO - Setting next_dagrun for read_dataset_event to 2025-06-30 00:00:00+00:00, run_after=2025-07-01 00:00:00+00:00
[2025-07-01T21:22:29.352+0000] {logging_mixin.py:190} INFO - [2025-07-01T21:22:29.352+0000] {dag.py:4180} INFO - Setting next_dagrun for read_dataset_event_from_classic to 2025-06-30 00:00:00+00:00, run_after=2025-07-01 00:00:00+00:00
[2025-07-01T21:22:29.378+0000] {processor.py:208} INFO - Processing /home/airflow/.local/lib/python3.12/site-packages/airflow/example_dags/example_inlet_event_extra.py took 0.540 seconds
[2025-07-01T21:23:00.185+0000] {processor.py:186} INFO - Started process (PID=2171) to work on /home/airflow/.local/lib/python3.12/site-packages/airflow/example_dags/example_inlet_event_extra.py
[2025-07-01T21:23:00.186+0000] {processor.py:914} INFO - Processing file /home/airflow/.local/lib/python3.12/site-packages/airflow/example_dags/example_inlet_event_extra.py for tasks to queue
[2025-07-01T21:23:00.190+0000] {logging_mixin.py:190} INFO - [2025-07-01T21:23:00.189+0000] {dagbag.py:588} INFO - Filling up the DagBag from /home/airflow/.local/lib/python3.12/site-packages/airflow/example_dags/example_inlet_event_extra.py
[2025-07-01T21:23:00.712+0000] {processor.py:925} INFO - DAG(s) 'read_dataset_event', 'read_dataset_event_from_classic' retrieved from /home/airflow/.local/lib/python3.12/site-packages/airflow/example_dags/example_inlet_event_extra.py
[2025-07-01T21:23:00.738+0000] {logging_mixin.py:190} INFO - [2025-07-01T21:23:00.738+0000] {dag.py:3239} INFO - Sync 2 DAGs
[2025-07-01T21:23:00.773+0000] {logging_mixin.py:190} INFO - [2025-07-01T21:23:00.773+0000] {dag.py:4180} INFO - Setting next_dagrun for read_dataset_event to 2025-06-30 00:00:00+00:00, run_after=2025-07-01 00:00:00+00:00
[2025-07-01T21:23:00.782+0000] {logging_mixin.py:190} INFO - [2025-07-01T21:23:00.781+0000] {dag.py:4180} INFO - Setting next_dagrun for read_dataset_event_from_classic to 2025-06-30 00:00:00+00:00, run_after=2025-07-01 00:00:00+00:00
[2025-07-01T21:23:00.806+0000] {processor.py:208} INFO - Processing /home/airflow/.local/lib/python3.12/site-packages/airflow/example_dags/example_inlet_event_extra.py took 0.633 seconds
[2025-07-01T21:23:31.641+0000] {processor.py:186} INFO - Started process (PID=2234) to work on /home/airflow/.local/lib/python3.12/site-packages/airflow/example_dags/example_inlet_event_extra.py
[2025-07-01T21:23:31.642+0000] {processor.py:914} INFO - Processing file /home/airflow/.local/lib/python3.12/site-packages/airflow/example_dags/example_inlet_event_extra.py for tasks to queue
[2025-07-01T21:23:31.645+0000] {logging_mixin.py:190} INFO - [2025-07-01T21:23:31.645+0000] {dagbag.py:588} INFO - Filling up the DagBag from /home/airflow/.local/lib/python3.12/site-packages/airflow/example_dags/example_inlet_event_extra.py
[2025-07-01T21:23:32.061+0000] {processor.py:925} INFO - DAG(s) 'read_dataset_event_from_classic', 'read_dataset_event' retrieved from /home/airflow/.local/lib/python3.12/site-packages/airflow/example_dags/example_inlet_event_extra.py
[2025-07-01T21:23:32.082+0000] {logging_mixin.py:190} INFO - [2025-07-01T21:23:32.081+0000] {dag.py:3239} INFO - Sync 2 DAGs
[2025-07-01T21:23:32.113+0000] {logging_mixin.py:190} INFO - [2025-07-01T21:23:32.113+0000] {dag.py:4180} INFO - Setting next_dagrun for read_dataset_event to 2025-06-30 00:00:00+00:00, run_after=2025-07-01 00:00:00+00:00
[2025-07-01T21:23:32.119+0000] {logging_mixin.py:190} INFO - [2025-07-01T21:23:32.119+0000] {dag.py:4180} INFO - Setting next_dagrun for read_dataset_event_from_classic to 2025-06-30 00:00:00+00:00, run_after=2025-07-01 00:00:00+00:00
[2025-07-01T21:23:32.143+0000] {processor.py:208} INFO - Processing /home/airflow/.local/lib/python3.12/site-packages/airflow/example_dags/example_inlet_event_extra.py took 0.512 seconds
[2025-07-01T21:24:03.108+0000] {processor.py:186} INFO - Started process (PID=2297) to work on /home/airflow/.local/lib/python3.12/site-packages/airflow/example_dags/example_inlet_event_extra.py
[2025-07-01T21:24:03.110+0000] {processor.py:914} INFO - Processing file /home/airflow/.local/lib/python3.12/site-packages/airflow/example_dags/example_inlet_event_extra.py for tasks to queue
[2025-07-01T21:24:03.113+0000] {logging_mixin.py:190} INFO - [2025-07-01T21:24:03.113+0000] {dagbag.py:588} INFO - Filling up the DagBag from /home/airflow/.local/lib/python3.12/site-packages/airflow/example_dags/example_inlet_event_extra.py
[2025-07-01T21:24:03.693+0000] {processor.py:925} INFO - DAG(s) 'read_dataset_event', 'read_dataset_event_from_classic' retrieved from /home/airflow/.local/lib/python3.12/site-packages/airflow/example_dags/example_inlet_event_extra.py
[2025-07-01T21:24:03.729+0000] {logging_mixin.py:190} INFO - [2025-07-01T21:24:03.728+0000] {dag.py:3239} INFO - Sync 2 DAGs
[2025-07-01T21:24:03.768+0000] {logging_mixin.py:190} INFO - [2025-07-01T21:24:03.767+0000] {dag.py:4180} INFO - Setting next_dagrun for read_dataset_event to 2025-06-30 00:00:00+00:00, run_after=2025-07-01 00:00:00+00:00
[2025-07-01T21:24:03.783+0000] {logging_mixin.py:190} INFO - [2025-07-01T21:24:03.783+0000] {dag.py:4180} INFO - Setting next_dagrun for read_dataset_event_from_classic to 2025-06-30 00:00:00+00:00, run_after=2025-07-01 00:00:00+00:00
[2025-07-01T21:24:03.815+0000] {processor.py:208} INFO - Processing /home/airflow/.local/lib/python3.12/site-packages/airflow/example_dags/example_inlet_event_extra.py took 0.720 seconds
