[2025-07-01T17:20:58.841+0000] {processor.py:186} INFO - Started process (PID=6280) to work on /home/airflow/.local/lib/python3.12/site-packages/airflow/example_dags/example_sla_dag.py
[2025-07-01T17:20:58.842+0000] {processor.py:914} INFO - Processing file /home/airflow/.local/lib/python3.12/site-packages/airflow/example_dags/example_sla_dag.py for tasks to queue
[2025-07-01T17:20:58.848+0000] {logging_mixin.py:190} INFO - [2025-07-01T17:20:58.847+0000] {dagbag.py:588} INFO - Filling up the DagBag from /home/airflow/.local/lib/python3.12/site-packages/airflow/example_dags/example_sla_dag.py
[2025-07-01T17:20:58.876+0000] {processor.py:925} INFO - DAG(s) 'example_sla_dag' retrieved from /home/airflow/.local/lib/python3.12/site-packages/airflow/example_dags/example_sla_dag.py
[2025-07-01T17:20:58.915+0000] {logging_mixin.py:190} INFO - [2025-07-01T17:20:58.914+0000] {dag.py:3239} INFO - Sync 1 DAGs
[2025-07-01T17:20:58.976+0000] {logging_mixin.py:190} INFO - [2025-07-01T17:20:58.976+0000] {dag.py:4180} INFO - Setting next_dagrun for example_sla_dag to 2025-07-01 17:18:00+00:00, run_after=2025-07-01 17:20:00+00:00
[2025-07-01T17:20:59.023+0000] {processor.py:208} INFO - Processing /home/airflow/.local/lib/python3.12/site-packages/airflow/example_dags/example_sla_dag.py took 0.195 seconds
[2025-07-01T21:05:55.058+0000] {processor.py:186} INFO - Started process (PID=69) to work on /home/airflow/.local/lib/python3.12/site-packages/airflow/example_dags/example_sla_dag.py
[2025-07-01T21:05:55.059+0000] {processor.py:914} INFO - Processing file /home/airflow/.local/lib/python3.12/site-packages/airflow/example_dags/example_sla_dag.py for tasks to queue
[2025-07-01T21:05:55.062+0000] {logging_mixin.py:190} INFO - [2025-07-01T21:05:55.062+0000] {dagbag.py:588} INFO - Filling up the DagBag from /home/airflow/.local/lib/python3.12/site-packages/airflow/example_dags/example_sla_dag.py
[2025-07-01T21:05:55.080+0000] {processor.py:925} INFO - DAG(s) 'example_sla_dag' retrieved from /home/airflow/.local/lib/python3.12/site-packages/airflow/example_dags/example_sla_dag.py
[2025-07-01T21:05:55.138+0000] {logging_mixin.py:190} INFO - [2025-07-01T21:05:55.138+0000] {dag.py:3239} INFO - Sync 1 DAGs
[2025-07-01T21:05:55.187+0000] {logging_mixin.py:190} INFO - [2025-07-01T21:05:55.187+0000] {dag.py:4180} INFO - Setting next_dagrun for example_sla_dag to 2025-07-01 21:02:00+00:00, run_after=2025-07-01 21:04:00+00:00
[2025-07-01T21:05:55.223+0000] {processor.py:208} INFO - Processing /home/airflow/.local/lib/python3.12/site-packages/airflow/example_dags/example_sla_dag.py took 0.175 seconds
[2025-07-01T21:06:25.975+0000] {processor.py:186} INFO - Started process (PID=132) to work on /home/airflow/.local/lib/python3.12/site-packages/airflow/example_dags/example_sla_dag.py
[2025-07-01T21:06:25.976+0000] {processor.py:914} INFO - Processing file /home/airflow/.local/lib/python3.12/site-packages/airflow/example_dags/example_sla_dag.py for tasks to queue
[2025-07-01T21:06:25.980+0000] {logging_mixin.py:190} INFO - [2025-07-01T21:06:25.979+0000] {dagbag.py:588} INFO - Filling up the DagBag from /home/airflow/.local/lib/python3.12/site-packages/airflow/example_dags/example_sla_dag.py
[2025-07-01T21:06:25.995+0000] {processor.py:925} INFO - DAG(s) 'example_sla_dag' retrieved from /home/airflow/.local/lib/python3.12/site-packages/airflow/example_dags/example_sla_dag.py
[2025-07-01T21:06:26.030+0000] {logging_mixin.py:190} INFO - [2025-07-01T21:06:26.029+0000] {dag.py:3239} INFO - Sync 1 DAGs
[2025-07-01T21:06:26.076+0000] {logging_mixin.py:190} INFO - [2025-07-01T21:06:26.075+0000] {dag.py:4180} INFO - Setting next_dagrun for example_sla_dag to 2025-07-01 21:04:00+00:00, run_after=2025-07-01 21:06:00+00:00
[2025-07-01T21:06:26.099+0000] {processor.py:208} INFO - Processing /home/airflow/.local/lib/python3.12/site-packages/airflow/example_dags/example_sla_dag.py took 0.132 seconds
[2025-07-01T21:06:57.024+0000] {processor.py:186} INFO - Started process (PID=195) to work on /home/airflow/.local/lib/python3.12/site-packages/airflow/example_dags/example_sla_dag.py
[2025-07-01T21:06:57.027+0000] {processor.py:914} INFO - Processing file /home/airflow/.local/lib/python3.12/site-packages/airflow/example_dags/example_sla_dag.py for tasks to queue
[2025-07-01T21:06:57.030+0000] {logging_mixin.py:190} INFO - [2025-07-01T21:06:57.029+0000] {dagbag.py:588} INFO - Filling up the DagBag from /home/airflow/.local/lib/python3.12/site-packages/airflow/example_dags/example_sla_dag.py
[2025-07-01T21:06:57.048+0000] {processor.py:925} INFO - DAG(s) 'example_sla_dag' retrieved from /home/airflow/.local/lib/python3.12/site-packages/airflow/example_dags/example_sla_dag.py
[2025-07-01T21:06:57.083+0000] {logging_mixin.py:190} INFO - [2025-07-01T21:06:57.083+0000] {dag.py:3239} INFO - Sync 1 DAGs
[2025-07-01T21:06:57.138+0000] {logging_mixin.py:190} INFO - [2025-07-01T21:06:57.138+0000] {dag.py:4180} INFO - Setting next_dagrun for example_sla_dag to 2025-07-01 21:04:00+00:00, run_after=2025-07-01 21:06:00+00:00
[2025-07-01T21:06:57.181+0000] {processor.py:208} INFO - Processing /home/airflow/.local/lib/python3.12/site-packages/airflow/example_dags/example_sla_dag.py took 0.166 seconds
[2025-07-01T21:07:27.876+0000] {processor.py:186} INFO - Started process (PID=258) to work on /home/airflow/.local/lib/python3.12/site-packages/airflow/example_dags/example_sla_dag.py
[2025-07-01T21:07:27.878+0000] {processor.py:914} INFO - Processing file /home/airflow/.local/lib/python3.12/site-packages/airflow/example_dags/example_sla_dag.py for tasks to queue
[2025-07-01T21:07:27.885+0000] {logging_mixin.py:190} INFO - [2025-07-01T21:07:27.884+0000] {dagbag.py:588} INFO - Filling up the DagBag from /home/airflow/.local/lib/python3.12/site-packages/airflow/example_dags/example_sla_dag.py
[2025-07-01T21:07:27.925+0000] {processor.py:925} INFO - DAG(s) 'example_sla_dag' retrieved from /home/airflow/.local/lib/python3.12/site-packages/airflow/example_dags/example_sla_dag.py
[2025-07-01T21:07:28.041+0000] {logging_mixin.py:190} INFO - [2025-07-01T21:07:28.039+0000] {dag.py:3239} INFO - Sync 1 DAGs
[2025-07-01T21:07:28.211+0000] {logging_mixin.py:190} INFO - [2025-07-01T21:07:28.211+0000] {dag.py:4180} INFO - Setting next_dagrun for example_sla_dag to 2025-07-01 21:04:00+00:00, run_after=2025-07-01 21:06:00+00:00
[2025-07-01T21:07:28.323+0000] {processor.py:208} INFO - Processing /home/airflow/.local/lib/python3.12/site-packages/airflow/example_dags/example_sla_dag.py took 0.481 seconds
[2025-07-01T21:07:58.751+0000] {processor.py:186} INFO - Started process (PID=321) to work on /home/airflow/.local/lib/python3.12/site-packages/airflow/example_dags/example_sla_dag.py
[2025-07-01T21:07:58.754+0000] {processor.py:914} INFO - Processing file /home/airflow/.local/lib/python3.12/site-packages/airflow/example_dags/example_sla_dag.py for tasks to queue
[2025-07-01T21:07:58.757+0000] {logging_mixin.py:190} INFO - [2025-07-01T21:07:58.757+0000] {dagbag.py:588} INFO - Filling up the DagBag from /home/airflow/.local/lib/python3.12/site-packages/airflow/example_dags/example_sla_dag.py
[2025-07-01T21:07:58.774+0000] {processor.py:925} INFO - DAG(s) 'example_sla_dag' retrieved from /home/airflow/.local/lib/python3.12/site-packages/airflow/example_dags/example_sla_dag.py
[2025-07-01T21:07:58.816+0000] {logging_mixin.py:190} INFO - [2025-07-01T21:07:58.816+0000] {dag.py:3239} INFO - Sync 1 DAGs
[2025-07-01T21:07:58.867+0000] {logging_mixin.py:190} INFO - [2025-07-01T21:07:58.867+0000] {dag.py:4180} INFO - Setting next_dagrun for example_sla_dag to 2025-07-01 21:04:00+00:00, run_after=2025-07-01 21:06:00+00:00
[2025-07-01T21:07:58.898+0000] {processor.py:208} INFO - Processing /home/airflow/.local/lib/python3.12/site-packages/airflow/example_dags/example_sla_dag.py took 0.158 seconds
[2025-07-01T21:08:29.658+0000] {processor.py:186} INFO - Started process (PID=384) to work on /home/airflow/.local/lib/python3.12/site-packages/airflow/example_dags/example_sla_dag.py
[2025-07-01T21:08:29.659+0000] {processor.py:914} INFO - Processing file /home/airflow/.local/lib/python3.12/site-packages/airflow/example_dags/example_sla_dag.py for tasks to queue
[2025-07-01T21:08:29.662+0000] {logging_mixin.py:190} INFO - [2025-07-01T21:08:29.662+0000] {dagbag.py:588} INFO - Filling up the DagBag from /home/airflow/.local/lib/python3.12/site-packages/airflow/example_dags/example_sla_dag.py
[2025-07-01T21:08:29.677+0000] {processor.py:925} INFO - DAG(s) 'example_sla_dag' retrieved from /home/airflow/.local/lib/python3.12/site-packages/airflow/example_dags/example_sla_dag.py
[2025-07-01T21:08:29.700+0000] {logging_mixin.py:190} INFO - [2025-07-01T21:08:29.700+0000] {dag.py:3239} INFO - Sync 1 DAGs
[2025-07-01T21:08:29.738+0000] {logging_mixin.py:190} INFO - [2025-07-01T21:08:29.738+0000] {dag.py:4180} INFO - Setting next_dagrun for example_sla_dag to 2025-07-01 21:06:00+00:00, run_after=2025-07-01 21:08:00+00:00
[2025-07-01T21:08:29.759+0000] {processor.py:208} INFO - Processing /home/airflow/.local/lib/python3.12/site-packages/airflow/example_dags/example_sla_dag.py took 0.112 seconds
[2025-07-01T21:09:00.722+0000] {processor.py:186} INFO - Started process (PID=446) to work on /home/airflow/.local/lib/python3.12/site-packages/airflow/example_dags/example_sla_dag.py
[2025-07-01T21:09:00.724+0000] {processor.py:914} INFO - Processing file /home/airflow/.local/lib/python3.12/site-packages/airflow/example_dags/example_sla_dag.py for tasks to queue
[2025-07-01T21:09:00.727+0000] {logging_mixin.py:190} INFO - [2025-07-01T21:09:00.726+0000] {dagbag.py:588} INFO - Filling up the DagBag from /home/airflow/.local/lib/python3.12/site-packages/airflow/example_dags/example_sla_dag.py
[2025-07-01T21:09:00.742+0000] {processor.py:925} INFO - DAG(s) 'example_sla_dag' retrieved from /home/airflow/.local/lib/python3.12/site-packages/airflow/example_dags/example_sla_dag.py
[2025-07-01T21:09:00.766+0000] {logging_mixin.py:190} INFO - [2025-07-01T21:09:00.765+0000] {dag.py:3239} INFO - Sync 1 DAGs
[2025-07-01T21:09:00.796+0000] {logging_mixin.py:190} INFO - [2025-07-01T21:09:00.796+0000] {dag.py:4180} INFO - Setting next_dagrun for example_sla_dag to 2025-07-01 21:06:00+00:00, run_after=2025-07-01 21:08:00+00:00
[2025-07-01T21:09:00.817+0000] {processor.py:208} INFO - Processing /home/airflow/.local/lib/python3.12/site-packages/airflow/example_dags/example_sla_dag.py took 0.103 seconds
[2025-07-01T21:09:31.162+0000] {processor.py:186} INFO - Started process (PID=509) to work on /home/airflow/.local/lib/python3.12/site-packages/airflow/example_dags/example_sla_dag.py
[2025-07-01T21:09:31.163+0000] {processor.py:914} INFO - Processing file /home/airflow/.local/lib/python3.12/site-packages/airflow/example_dags/example_sla_dag.py for tasks to queue
[2025-07-01T21:09:31.166+0000] {logging_mixin.py:190} INFO - [2025-07-01T21:09:31.166+0000] {dagbag.py:588} INFO - Filling up the DagBag from /home/airflow/.local/lib/python3.12/site-packages/airflow/example_dags/example_sla_dag.py
[2025-07-01T21:09:31.179+0000] {processor.py:925} INFO - DAG(s) 'example_sla_dag' retrieved from /home/airflow/.local/lib/python3.12/site-packages/airflow/example_dags/example_sla_dag.py
[2025-07-01T21:09:31.204+0000] {logging_mixin.py:190} INFO - [2025-07-01T21:09:31.204+0000] {dag.py:3239} INFO - Sync 1 DAGs
[2025-07-01T21:09:31.236+0000] {logging_mixin.py:190} INFO - [2025-07-01T21:09:31.235+0000] {dag.py:4180} INFO - Setting next_dagrun for example_sla_dag to 2025-07-01 21:06:00+00:00, run_after=2025-07-01 21:08:00+00:00
[2025-07-01T21:09:31.256+0000] {processor.py:208} INFO - Processing /home/airflow/.local/lib/python3.12/site-packages/airflow/example_dags/example_sla_dag.py took 0.106 seconds
[2025-07-01T21:10:02.103+0000] {processor.py:186} INFO - Started process (PID=572) to work on /home/airflow/.local/lib/python3.12/site-packages/airflow/example_dags/example_sla_dag.py
[2025-07-01T21:10:02.104+0000] {processor.py:914} INFO - Processing file /home/airflow/.local/lib/python3.12/site-packages/airflow/example_dags/example_sla_dag.py for tasks to queue
[2025-07-01T21:10:02.108+0000] {logging_mixin.py:190} INFO - [2025-07-01T21:10:02.107+0000] {dagbag.py:588} INFO - Filling up the DagBag from /home/airflow/.local/lib/python3.12/site-packages/airflow/example_dags/example_sla_dag.py
[2025-07-01T21:10:02.125+0000] {processor.py:925} INFO - DAG(s) 'example_sla_dag' retrieved from /home/airflow/.local/lib/python3.12/site-packages/airflow/example_dags/example_sla_dag.py
[2025-07-01T21:10:02.156+0000] {logging_mixin.py:190} INFO - [2025-07-01T21:10:02.155+0000] {dag.py:3239} INFO - Sync 1 DAGs
[2025-07-01T21:10:02.190+0000] {logging_mixin.py:190} INFO - [2025-07-01T21:10:02.190+0000] {dag.py:4180} INFO - Setting next_dagrun for example_sla_dag to 2025-07-01 21:08:00+00:00, run_after=2025-07-01 21:10:00+00:00
[2025-07-01T21:10:02.210+0000] {processor.py:208} INFO - Processing /home/airflow/.local/lib/python3.12/site-packages/airflow/example_dags/example_sla_dag.py took 0.117 seconds
[2025-07-01T21:10:33.122+0000] {processor.py:186} INFO - Started process (PID=635) to work on /home/airflow/.local/lib/python3.12/site-packages/airflow/example_dags/example_sla_dag.py
[2025-07-01T21:10:33.125+0000] {processor.py:914} INFO - Processing file /home/airflow/.local/lib/python3.12/site-packages/airflow/example_dags/example_sla_dag.py for tasks to queue
[2025-07-01T21:10:33.133+0000] {logging_mixin.py:190} INFO - [2025-07-01T21:10:33.133+0000] {dagbag.py:588} INFO - Filling up the DagBag from /home/airflow/.local/lib/python3.12/site-packages/airflow/example_dags/example_sla_dag.py
[2025-07-01T21:10:33.175+0000] {processor.py:925} INFO - DAG(s) 'example_sla_dag' retrieved from /home/airflow/.local/lib/python3.12/site-packages/airflow/example_dags/example_sla_dag.py
[2025-07-01T21:10:33.224+0000] {logging_mixin.py:190} INFO - [2025-07-01T21:10:33.224+0000] {dag.py:3239} INFO - Sync 1 DAGs
[2025-07-01T21:10:33.275+0000] {logging_mixin.py:190} INFO - [2025-07-01T21:10:33.275+0000] {dag.py:4180} INFO - Setting next_dagrun for example_sla_dag to 2025-07-01 21:08:00+00:00, run_after=2025-07-01 21:10:00+00:00
[2025-07-01T21:10:33.323+0000] {processor.py:208} INFO - Processing /home/airflow/.local/lib/python3.12/site-packages/airflow/example_dags/example_sla_dag.py took 0.225 seconds
[2025-07-01T21:11:03.403+0000] {processor.py:186} INFO - Started process (PID=697) to work on /home/airflow/.local/lib/python3.12/site-packages/airflow/example_dags/example_sla_dag.py
[2025-07-01T21:11:03.410+0000] {processor.py:914} INFO - Processing file /home/airflow/.local/lib/python3.12/site-packages/airflow/example_dags/example_sla_dag.py for tasks to queue
[2025-07-01T21:11:03.413+0000] {logging_mixin.py:190} INFO - [2025-07-01T21:11:03.413+0000] {dagbag.py:588} INFO - Filling up the DagBag from /home/airflow/.local/lib/python3.12/site-packages/airflow/example_dags/example_sla_dag.py
[2025-07-01T21:11:03.425+0000] {processor.py:925} INFO - DAG(s) 'example_sla_dag' retrieved from /home/airflow/.local/lib/python3.12/site-packages/airflow/example_dags/example_sla_dag.py
[2025-07-01T21:11:03.449+0000] {logging_mixin.py:190} INFO - [2025-07-01T21:11:03.449+0000] {dag.py:3239} INFO - Sync 1 DAGs
[2025-07-01T21:11:03.486+0000] {logging_mixin.py:190} INFO - [2025-07-01T21:11:03.486+0000] {dag.py:4180} INFO - Setting next_dagrun for example_sla_dag to 2025-07-01 21:08:00+00:00, run_after=2025-07-01 21:10:00+00:00
[2025-07-01T21:11:03.516+0000] {processor.py:208} INFO - Processing /home/airflow/.local/lib/python3.12/site-packages/airflow/example_dags/example_sla_dag.py took 0.123 seconds
[2025-07-01T21:11:34.454+0000] {processor.py:186} INFO - Started process (PID=761) to work on /home/airflow/.local/lib/python3.12/site-packages/airflow/example_dags/example_sla_dag.py
[2025-07-01T21:11:34.455+0000] {processor.py:914} INFO - Processing file /home/airflow/.local/lib/python3.12/site-packages/airflow/example_dags/example_sla_dag.py for tasks to queue
[2025-07-01T21:11:34.458+0000] {logging_mixin.py:190} INFO - [2025-07-01T21:11:34.457+0000] {dagbag.py:588} INFO - Filling up the DagBag from /home/airflow/.local/lib/python3.12/site-packages/airflow/example_dags/example_sla_dag.py
[2025-07-01T21:11:34.470+0000] {processor.py:925} INFO - DAG(s) 'example_sla_dag' retrieved from /home/airflow/.local/lib/python3.12/site-packages/airflow/example_dags/example_sla_dag.py
[2025-07-01T21:11:34.497+0000] {logging_mixin.py:190} INFO - [2025-07-01T21:11:34.497+0000] {dag.py:3239} INFO - Sync 1 DAGs
[2025-07-01T21:11:34.531+0000] {logging_mixin.py:190} INFO - [2025-07-01T21:11:34.531+0000] {dag.py:4180} INFO - Setting next_dagrun for example_sla_dag to 2025-07-01 21:08:00+00:00, run_after=2025-07-01 21:10:00+00:00
[2025-07-01T21:11:34.551+0000] {processor.py:208} INFO - Processing /home/airflow/.local/lib/python3.12/site-packages/airflow/example_dags/example_sla_dag.py took 0.108 seconds
[2025-07-01T21:12:04.871+0000] {processor.py:186} INFO - Started process (PID=824) to work on /home/airflow/.local/lib/python3.12/site-packages/airflow/example_dags/example_sla_dag.py
[2025-07-01T21:12:04.872+0000] {processor.py:914} INFO - Processing file /home/airflow/.local/lib/python3.12/site-packages/airflow/example_dags/example_sla_dag.py for tasks to queue
[2025-07-01T21:12:04.875+0000] {logging_mixin.py:190} INFO - [2025-07-01T21:12:04.875+0000] {dagbag.py:588} INFO - Filling up the DagBag from /home/airflow/.local/lib/python3.12/site-packages/airflow/example_dags/example_sla_dag.py
[2025-07-01T21:12:04.888+0000] {processor.py:925} INFO - DAG(s) 'example_sla_dag' retrieved from /home/airflow/.local/lib/python3.12/site-packages/airflow/example_dags/example_sla_dag.py
[2025-07-01T21:12:04.909+0000] {logging_mixin.py:190} INFO - [2025-07-01T21:12:04.909+0000] {dag.py:3239} INFO - Sync 1 DAGs
[2025-07-01T21:12:04.937+0000] {logging_mixin.py:190} INFO - [2025-07-01T21:12:04.937+0000] {dag.py:4180} INFO - Setting next_dagrun for example_sla_dag to 2025-07-01 21:10:00+00:00, run_after=2025-07-01 21:12:00+00:00
[2025-07-01T21:12:04.961+0000] {processor.py:208} INFO - Processing /home/airflow/.local/lib/python3.12/site-packages/airflow/example_dags/example_sla_dag.py took 0.099 seconds
[2025-07-01T21:12:35.523+0000] {processor.py:186} INFO - Started process (PID=887) to work on /home/airflow/.local/lib/python3.12/site-packages/airflow/example_dags/example_sla_dag.py
[2025-07-01T21:12:35.525+0000] {processor.py:914} INFO - Processing file /home/airflow/.local/lib/python3.12/site-packages/airflow/example_dags/example_sla_dag.py for tasks to queue
[2025-07-01T21:12:35.528+0000] {logging_mixin.py:190} INFO - [2025-07-01T21:12:35.528+0000] {dagbag.py:588} INFO - Filling up the DagBag from /home/airflow/.local/lib/python3.12/site-packages/airflow/example_dags/example_sla_dag.py
[2025-07-01T21:12:35.546+0000] {processor.py:925} INFO - DAG(s) 'example_sla_dag' retrieved from /home/airflow/.local/lib/python3.12/site-packages/airflow/example_dags/example_sla_dag.py
[2025-07-01T21:12:35.574+0000] {logging_mixin.py:190} INFO - [2025-07-01T21:12:35.573+0000] {dag.py:3239} INFO - Sync 1 DAGs
[2025-07-01T21:12:35.608+0000] {logging_mixin.py:190} INFO - [2025-07-01T21:12:35.608+0000] {dag.py:4180} INFO - Setting next_dagrun for example_sla_dag to 2025-07-01 21:10:00+00:00, run_after=2025-07-01 21:12:00+00:00
[2025-07-01T21:12:35.630+0000] {processor.py:208} INFO - Processing /home/airflow/.local/lib/python3.12/site-packages/airflow/example_dags/example_sla_dag.py took 0.116 seconds
[2025-07-01T21:13:06.121+0000] {processor.py:186} INFO - Started process (PID=950) to work on /home/airflow/.local/lib/python3.12/site-packages/airflow/example_dags/example_sla_dag.py
[2025-07-01T21:13:06.123+0000] {processor.py:914} INFO - Processing file /home/airflow/.local/lib/python3.12/site-packages/airflow/example_dags/example_sla_dag.py for tasks to queue
[2025-07-01T21:13:06.127+0000] {logging_mixin.py:190} INFO - [2025-07-01T21:13:06.126+0000] {dagbag.py:588} INFO - Filling up the DagBag from /home/airflow/.local/lib/python3.12/site-packages/airflow/example_dags/example_sla_dag.py
[2025-07-01T21:13:06.148+0000] {processor.py:925} INFO - DAG(s) 'example_sla_dag' retrieved from /home/airflow/.local/lib/python3.12/site-packages/airflow/example_dags/example_sla_dag.py
[2025-07-01T21:13:06.175+0000] {logging_mixin.py:190} INFO - [2025-07-01T21:13:06.175+0000] {dag.py:3239} INFO - Sync 1 DAGs
[2025-07-01T21:13:06.207+0000] {logging_mixin.py:190} INFO - [2025-07-01T21:13:06.207+0000] {dag.py:4180} INFO - Setting next_dagrun for example_sla_dag to 2025-07-01 21:10:00+00:00, run_after=2025-07-01 21:12:00+00:00
[2025-07-01T21:13:06.231+0000] {processor.py:208} INFO - Processing /home/airflow/.local/lib/python3.12/site-packages/airflow/example_dags/example_sla_dag.py took 0.121 seconds
[2025-07-01T21:13:36.560+0000] {processor.py:186} INFO - Started process (PID=1013) to work on /home/airflow/.local/lib/python3.12/site-packages/airflow/example_dags/example_sla_dag.py
[2025-07-01T21:13:36.563+0000] {processor.py:914} INFO - Processing file /home/airflow/.local/lib/python3.12/site-packages/airflow/example_dags/example_sla_dag.py for tasks to queue
[2025-07-01T21:13:36.568+0000] {logging_mixin.py:190} INFO - [2025-07-01T21:13:36.567+0000] {dagbag.py:588} INFO - Filling up the DagBag from /home/airflow/.local/lib/python3.12/site-packages/airflow/example_dags/example_sla_dag.py
[2025-07-01T21:13:36.589+0000] {processor.py:925} INFO - DAG(s) 'example_sla_dag' retrieved from /home/airflow/.local/lib/python3.12/site-packages/airflow/example_dags/example_sla_dag.py
[2025-07-01T21:13:36.637+0000] {logging_mixin.py:190} INFO - [2025-07-01T21:13:36.636+0000] {dag.py:3239} INFO - Sync 1 DAGs
[2025-07-01T21:13:36.706+0000] {logging_mixin.py:190} INFO - [2025-07-01T21:13:36.705+0000] {dag.py:4180} INFO - Setting next_dagrun for example_sla_dag to 2025-07-01 21:10:00+00:00, run_after=2025-07-01 21:12:00+00:00
[2025-07-01T21:13:36.747+0000] {processor.py:208} INFO - Processing /home/airflow/.local/lib/python3.12/site-packages/airflow/example_dags/example_sla_dag.py took 0.200 seconds
[2025-07-01T21:14:07.289+0000] {processor.py:186} INFO - Started process (PID=1076) to work on /home/airflow/.local/lib/python3.12/site-packages/airflow/example_dags/example_sla_dag.py
[2025-07-01T21:14:07.290+0000] {processor.py:914} INFO - Processing file /home/airflow/.local/lib/python3.12/site-packages/airflow/example_dags/example_sla_dag.py for tasks to queue
[2025-07-01T21:14:07.293+0000] {logging_mixin.py:190} INFO - [2025-07-01T21:14:07.292+0000] {dagbag.py:588} INFO - Filling up the DagBag from /home/airflow/.local/lib/python3.12/site-packages/airflow/example_dags/example_sla_dag.py
[2025-07-01T21:14:07.307+0000] {processor.py:925} INFO - DAG(s) 'example_sla_dag' retrieved from /home/airflow/.local/lib/python3.12/site-packages/airflow/example_dags/example_sla_dag.py
[2025-07-01T21:14:07.334+0000] {logging_mixin.py:190} INFO - [2025-07-01T21:14:07.333+0000] {dag.py:3239} INFO - Sync 1 DAGs
[2025-07-01T21:14:07.375+0000] {logging_mixin.py:190} INFO - [2025-07-01T21:14:07.374+0000] {dag.py:4180} INFO - Setting next_dagrun for example_sla_dag to 2025-07-01 21:12:00+00:00, run_after=2025-07-01 21:14:00+00:00
[2025-07-01T21:14:07.402+0000] {processor.py:208} INFO - Processing /home/airflow/.local/lib/python3.12/site-packages/airflow/example_dags/example_sla_dag.py took 0.124 seconds
[2025-07-01T21:14:37.581+0000] {processor.py:186} INFO - Started process (PID=1139) to work on /home/airflow/.local/lib/python3.12/site-packages/airflow/example_dags/example_sla_dag.py
[2025-07-01T21:14:37.582+0000] {processor.py:914} INFO - Processing file /home/airflow/.local/lib/python3.12/site-packages/airflow/example_dags/example_sla_dag.py for tasks to queue
[2025-07-01T21:14:37.585+0000] {logging_mixin.py:190} INFO - [2025-07-01T21:14:37.584+0000] {dagbag.py:588} INFO - Filling up the DagBag from /home/airflow/.local/lib/python3.12/site-packages/airflow/example_dags/example_sla_dag.py
[2025-07-01T21:14:37.601+0000] {processor.py:925} INFO - DAG(s) 'example_sla_dag' retrieved from /home/airflow/.local/lib/python3.12/site-packages/airflow/example_dags/example_sla_dag.py
[2025-07-01T21:14:37.632+0000] {logging_mixin.py:190} INFO - [2025-07-01T21:14:37.632+0000] {dag.py:3239} INFO - Sync 1 DAGs
[2025-07-01T21:14:37.682+0000] {logging_mixin.py:190} INFO - [2025-07-01T21:14:37.681+0000] {dag.py:4180} INFO - Setting next_dagrun for example_sla_dag to 2025-07-01 21:12:00+00:00, run_after=2025-07-01 21:14:00+00:00
[2025-07-01T21:14:37.717+0000] {processor.py:208} INFO - Processing /home/airflow/.local/lib/python3.12/site-packages/airflow/example_dags/example_sla_dag.py took 0.146 seconds
[2025-07-01T21:15:07.953+0000] {processor.py:186} INFO - Started process (PID=1202) to work on /home/airflow/.local/lib/python3.12/site-packages/airflow/example_dags/example_sla_dag.py
[2025-07-01T21:15:07.954+0000] {processor.py:914} INFO - Processing file /home/airflow/.local/lib/python3.12/site-packages/airflow/example_dags/example_sla_dag.py for tasks to queue
[2025-07-01T21:15:07.956+0000] {logging_mixin.py:190} INFO - [2025-07-01T21:15:07.956+0000] {dagbag.py:588} INFO - Filling up the DagBag from /home/airflow/.local/lib/python3.12/site-packages/airflow/example_dags/example_sla_dag.py
[2025-07-01T21:15:07.970+0000] {processor.py:925} INFO - DAG(s) 'example_sla_dag' retrieved from /home/airflow/.local/lib/python3.12/site-packages/airflow/example_dags/example_sla_dag.py
[2025-07-01T21:15:07.997+0000] {logging_mixin.py:190} INFO - [2025-07-01T21:15:07.996+0000] {dag.py:3239} INFO - Sync 1 DAGs
[2025-07-01T21:15:08.039+0000] {logging_mixin.py:190} INFO - [2025-07-01T21:15:08.038+0000] {dag.py:4180} INFO - Setting next_dagrun for example_sla_dag to 2025-07-01 21:12:00+00:00, run_after=2025-07-01 21:14:00+00:00
[2025-07-01T21:15:08.065+0000] {processor.py:208} INFO - Processing /home/airflow/.local/lib/python3.12/site-packages/airflow/example_dags/example_sla_dag.py took 0.120 seconds
[2025-07-01T21:15:38.101+0000] {processor.py:186} INFO - Started process (PID=1264) to work on /home/airflow/.local/lib/python3.12/site-packages/airflow/example_dags/example_sla_dag.py
[2025-07-01T21:15:38.102+0000] {processor.py:914} INFO - Processing file /home/airflow/.local/lib/python3.12/site-packages/airflow/example_dags/example_sla_dag.py for tasks to queue
[2025-07-01T21:15:38.106+0000] {logging_mixin.py:190} INFO - [2025-07-01T21:15:38.105+0000] {dagbag.py:588} INFO - Filling up the DagBag from /home/airflow/.local/lib/python3.12/site-packages/airflow/example_dags/example_sla_dag.py
[2025-07-01T21:15:38.124+0000] {processor.py:925} INFO - DAG(s) 'example_sla_dag' retrieved from /home/airflow/.local/lib/python3.12/site-packages/airflow/example_dags/example_sla_dag.py
[2025-07-01T21:15:38.155+0000] {logging_mixin.py:190} INFO - [2025-07-01T21:15:38.154+0000] {dag.py:3239} INFO - Sync 1 DAGs
[2025-07-01T21:15:38.185+0000] {logging_mixin.py:190} INFO - [2025-07-01T21:15:38.185+0000] {dag.py:4180} INFO - Setting next_dagrun for example_sla_dag to 2025-07-01 21:12:00+00:00, run_after=2025-07-01 21:14:00+00:00
[2025-07-01T21:15:38.205+0000] {processor.py:208} INFO - Processing /home/airflow/.local/lib/python3.12/site-packages/airflow/example_dags/example_sla_dag.py took 0.114 seconds
[2025-07-01T21:16:08.656+0000] {processor.py:186} INFO - Started process (PID=1328) to work on /home/airflow/.local/lib/python3.12/site-packages/airflow/example_dags/example_sla_dag.py
[2025-07-01T21:16:08.658+0000] {processor.py:914} INFO - Processing file /home/airflow/.local/lib/python3.12/site-packages/airflow/example_dags/example_sla_dag.py for tasks to queue
[2025-07-01T21:16:08.662+0000] {logging_mixin.py:190} INFO - [2025-07-01T21:16:08.661+0000] {dagbag.py:588} INFO - Filling up the DagBag from /home/airflow/.local/lib/python3.12/site-packages/airflow/example_dags/example_sla_dag.py
[2025-07-01T21:16:08.676+0000] {processor.py:925} INFO - DAG(s) 'example_sla_dag' retrieved from /home/airflow/.local/lib/python3.12/site-packages/airflow/example_dags/example_sla_dag.py
[2025-07-01T21:16:08.704+0000] {logging_mixin.py:190} INFO - [2025-07-01T21:16:08.704+0000] {dag.py:3239} INFO - Sync 1 DAGs
[2025-07-01T21:16:08.743+0000] {logging_mixin.py:190} INFO - [2025-07-01T21:16:08.743+0000] {dag.py:4180} INFO - Setting next_dagrun for example_sla_dag to 2025-07-01 21:14:00+00:00, run_after=2025-07-01 21:16:00+00:00
[2025-07-01T21:16:08.778+0000] {processor.py:208} INFO - Processing /home/airflow/.local/lib/python3.12/site-packages/airflow/example_dags/example_sla_dag.py took 0.129 seconds
[2025-07-01T21:16:39.295+0000] {processor.py:186} INFO - Started process (PID=1391) to work on /home/airflow/.local/lib/python3.12/site-packages/airflow/example_dags/example_sla_dag.py
[2025-07-01T21:16:39.296+0000] {processor.py:914} INFO - Processing file /home/airflow/.local/lib/python3.12/site-packages/airflow/example_dags/example_sla_dag.py for tasks to queue
[2025-07-01T21:16:39.301+0000] {logging_mixin.py:190} INFO - [2025-07-01T21:16:39.300+0000] {dagbag.py:588} INFO - Filling up the DagBag from /home/airflow/.local/lib/python3.12/site-packages/airflow/example_dags/example_sla_dag.py
[2025-07-01T21:16:39.317+0000] {processor.py:925} INFO - DAG(s) 'example_sla_dag' retrieved from /home/airflow/.local/lib/python3.12/site-packages/airflow/example_dags/example_sla_dag.py
[2025-07-01T21:16:39.347+0000] {logging_mixin.py:190} INFO - [2025-07-01T21:16:39.346+0000] {dag.py:3239} INFO - Sync 1 DAGs
[2025-07-01T21:16:39.398+0000] {logging_mixin.py:190} INFO - [2025-07-01T21:16:39.398+0000] {dag.py:4180} INFO - Setting next_dagrun for example_sla_dag to 2025-07-01 21:14:00+00:00, run_after=2025-07-01 21:16:00+00:00
[2025-07-01T21:16:39.421+0000] {processor.py:208} INFO - Processing /home/airflow/.local/lib/python3.12/site-packages/airflow/example_dags/example_sla_dag.py took 0.137 seconds
[2025-07-01T21:17:09.655+0000] {processor.py:186} INFO - Started process (PID=1454) to work on /home/airflow/.local/lib/python3.12/site-packages/airflow/example_dags/example_sla_dag.py
[2025-07-01T21:17:09.656+0000] {processor.py:914} INFO - Processing file /home/airflow/.local/lib/python3.12/site-packages/airflow/example_dags/example_sla_dag.py for tasks to queue
[2025-07-01T21:17:09.660+0000] {logging_mixin.py:190} INFO - [2025-07-01T21:17:09.659+0000] {dagbag.py:588} INFO - Filling up the DagBag from /home/airflow/.local/lib/python3.12/site-packages/airflow/example_dags/example_sla_dag.py
[2025-07-01T21:17:09.674+0000] {processor.py:925} INFO - DAG(s) 'example_sla_dag' retrieved from /home/airflow/.local/lib/python3.12/site-packages/airflow/example_dags/example_sla_dag.py
[2025-07-01T21:17:09.704+0000] {logging_mixin.py:190} INFO - [2025-07-01T21:17:09.704+0000] {dag.py:3239} INFO - Sync 1 DAGs
[2025-07-01T21:17:09.737+0000] {logging_mixin.py:190} INFO - [2025-07-01T21:17:09.736+0000] {dag.py:4180} INFO - Setting next_dagrun for example_sla_dag to 2025-07-01 21:14:00+00:00, run_after=2025-07-01 21:16:00+00:00
[2025-07-01T21:17:09.758+0000] {processor.py:208} INFO - Processing /home/airflow/.local/lib/python3.12/site-packages/airflow/example_dags/example_sla_dag.py took 0.113 seconds
[2025-07-01T21:17:40.688+0000] {processor.py:186} INFO - Started process (PID=1517) to work on /home/airflow/.local/lib/python3.12/site-packages/airflow/example_dags/example_sla_dag.py
[2025-07-01T21:17:40.689+0000] {processor.py:914} INFO - Processing file /home/airflow/.local/lib/python3.12/site-packages/airflow/example_dags/example_sla_dag.py for tasks to queue
[2025-07-01T21:17:40.691+0000] {logging_mixin.py:190} INFO - [2025-07-01T21:17:40.691+0000] {dagbag.py:588} INFO - Filling up the DagBag from /home/airflow/.local/lib/python3.12/site-packages/airflow/example_dags/example_sla_dag.py
[2025-07-01T21:17:40.703+0000] {processor.py:925} INFO - DAG(s) 'example_sla_dag' retrieved from /home/airflow/.local/lib/python3.12/site-packages/airflow/example_dags/example_sla_dag.py
[2025-07-01T21:17:40.727+0000] {logging_mixin.py:190} INFO - [2025-07-01T21:17:40.727+0000] {dag.py:3239} INFO - Sync 1 DAGs
[2025-07-01T21:17:40.772+0000] {logging_mixin.py:190} INFO - [2025-07-01T21:17:40.772+0000] {dag.py:4180} INFO - Setting next_dagrun for example_sla_dag to 2025-07-01 21:14:00+00:00, run_after=2025-07-01 21:16:00+00:00
[2025-07-01T21:17:40.799+0000] {processor.py:208} INFO - Processing /home/airflow/.local/lib/python3.12/site-packages/airflow/example_dags/example_sla_dag.py took 0.118 seconds
[2025-07-01T21:18:11.212+0000] {processor.py:186} INFO - Started process (PID=1580) to work on /home/airflow/.local/lib/python3.12/site-packages/airflow/example_dags/example_sla_dag.py
[2025-07-01T21:18:11.213+0000] {processor.py:914} INFO - Processing file /home/airflow/.local/lib/python3.12/site-packages/airflow/example_dags/example_sla_dag.py for tasks to queue
[2025-07-01T21:18:11.216+0000] {logging_mixin.py:190} INFO - [2025-07-01T21:18:11.216+0000] {dagbag.py:588} INFO - Filling up the DagBag from /home/airflow/.local/lib/python3.12/site-packages/airflow/example_dags/example_sla_dag.py
[2025-07-01T21:18:11.228+0000] {processor.py:925} INFO - DAG(s) 'example_sla_dag' retrieved from /home/airflow/.local/lib/python3.12/site-packages/airflow/example_dags/example_sla_dag.py
[2025-07-01T21:18:11.251+0000] {logging_mixin.py:190} INFO - [2025-07-01T21:18:11.251+0000] {dag.py:3239} INFO - Sync 1 DAGs
[2025-07-01T21:18:11.281+0000] {logging_mixin.py:190} INFO - [2025-07-01T21:18:11.281+0000] {dag.py:4180} INFO - Setting next_dagrun for example_sla_dag to 2025-07-01 21:16:00+00:00, run_after=2025-07-01 21:18:00+00:00
[2025-07-01T21:18:11.299+0000] {processor.py:208} INFO - Processing /home/airflow/.local/lib/python3.12/site-packages/airflow/example_dags/example_sla_dag.py took 0.093 seconds
[2025-07-01T21:18:42.341+0000] {processor.py:186} INFO - Started process (PID=1643) to work on /home/airflow/.local/lib/python3.12/site-packages/airflow/example_dags/example_sla_dag.py
[2025-07-01T21:18:42.344+0000] {processor.py:914} INFO - Processing file /home/airflow/.local/lib/python3.12/site-packages/airflow/example_dags/example_sla_dag.py for tasks to queue
[2025-07-01T21:18:42.351+0000] {logging_mixin.py:190} INFO - [2025-07-01T21:18:42.350+0000] {dagbag.py:588} INFO - Filling up the DagBag from /home/airflow/.local/lib/python3.12/site-packages/airflow/example_dags/example_sla_dag.py
[2025-07-01T21:18:42.384+0000] {processor.py:925} INFO - DAG(s) 'example_sla_dag' retrieved from /home/airflow/.local/lib/python3.12/site-packages/airflow/example_dags/example_sla_dag.py
[2025-07-01T21:18:42.461+0000] {logging_mixin.py:190} INFO - [2025-07-01T21:18:42.460+0000] {dag.py:3239} INFO - Sync 1 DAGs
[2025-07-01T21:18:42.554+0000] {logging_mixin.py:190} INFO - [2025-07-01T21:18:42.554+0000] {dag.py:4180} INFO - Setting next_dagrun for example_sla_dag to 2025-07-01 21:16:00+00:00, run_after=2025-07-01 21:18:00+00:00
[2025-07-01T21:18:42.597+0000] {processor.py:208} INFO - Processing /home/airflow/.local/lib/python3.12/site-packages/airflow/example_dags/example_sla_dag.py took 0.271 seconds
[2025-07-01T21:19:13.176+0000] {processor.py:186} INFO - Started process (PID=1706) to work on /home/airflow/.local/lib/python3.12/site-packages/airflow/example_dags/example_sla_dag.py
[2025-07-01T21:19:13.177+0000] {processor.py:914} INFO - Processing file /home/airflow/.local/lib/python3.12/site-packages/airflow/example_dags/example_sla_dag.py for tasks to queue
[2025-07-01T21:19:13.181+0000] {logging_mixin.py:190} INFO - [2025-07-01T21:19:13.181+0000] {dagbag.py:588} INFO - Filling up the DagBag from /home/airflow/.local/lib/python3.12/site-packages/airflow/example_dags/example_sla_dag.py
[2025-07-01T21:19:13.198+0000] {processor.py:925} INFO - DAG(s) 'example_sla_dag' retrieved from /home/airflow/.local/lib/python3.12/site-packages/airflow/example_dags/example_sla_dag.py
[2025-07-01T21:19:13.231+0000] {logging_mixin.py:190} INFO - [2025-07-01T21:19:13.231+0000] {dag.py:3239} INFO - Sync 1 DAGs
[2025-07-01T21:19:13.278+0000] {logging_mixin.py:190} INFO - [2025-07-01T21:19:13.277+0000] {dag.py:4180} INFO - Setting next_dagrun for example_sla_dag to 2025-07-01 21:16:00+00:00, run_after=2025-07-01 21:18:00+00:00
[2025-07-01T21:19:13.301+0000] {processor.py:208} INFO - Processing /home/airflow/.local/lib/python3.12/site-packages/airflow/example_dags/example_sla_dag.py took 0.132 seconds
[2025-07-01T21:19:43.427+0000] {processor.py:186} INFO - Started process (PID=1769) to work on /home/airflow/.local/lib/python3.12/site-packages/airflow/example_dags/example_sla_dag.py
[2025-07-01T21:19:43.429+0000] {processor.py:914} INFO - Processing file /home/airflow/.local/lib/python3.12/site-packages/airflow/example_dags/example_sla_dag.py for tasks to queue
[2025-07-01T21:19:43.432+0000] {logging_mixin.py:190} INFO - [2025-07-01T21:19:43.431+0000] {dagbag.py:588} INFO - Filling up the DagBag from /home/airflow/.local/lib/python3.12/site-packages/airflow/example_dags/example_sla_dag.py
[2025-07-01T21:19:43.444+0000] {processor.py:925} INFO - DAG(s) 'example_sla_dag' retrieved from /home/airflow/.local/lib/python3.12/site-packages/airflow/example_dags/example_sla_dag.py
[2025-07-01T21:19:43.467+0000] {logging_mixin.py:190} INFO - [2025-07-01T21:19:43.467+0000] {dag.py:3239} INFO - Sync 1 DAGs
[2025-07-01T21:19:43.502+0000] {logging_mixin.py:190} INFO - [2025-07-01T21:19:43.502+0000] {dag.py:4180} INFO - Setting next_dagrun for example_sla_dag to 2025-07-01 21:16:00+00:00, run_after=2025-07-01 21:18:00+00:00
[2025-07-01T21:19:43.521+0000] {processor.py:208} INFO - Processing /home/airflow/.local/lib/python3.12/site-packages/airflow/example_dags/example_sla_dag.py took 0.101 seconds
[2025-07-01T21:20:14.381+0000] {processor.py:186} INFO - Started process (PID=1832) to work on /home/airflow/.local/lib/python3.12/site-packages/airflow/example_dags/example_sla_dag.py
[2025-07-01T21:20:14.382+0000] {processor.py:914} INFO - Processing file /home/airflow/.local/lib/python3.12/site-packages/airflow/example_dags/example_sla_dag.py for tasks to queue
[2025-07-01T21:20:14.385+0000] {logging_mixin.py:190} INFO - [2025-07-01T21:20:14.384+0000] {dagbag.py:588} INFO - Filling up the DagBag from /home/airflow/.local/lib/python3.12/site-packages/airflow/example_dags/example_sla_dag.py
[2025-07-01T21:20:14.396+0000] {processor.py:925} INFO - DAG(s) 'example_sla_dag' retrieved from /home/airflow/.local/lib/python3.12/site-packages/airflow/example_dags/example_sla_dag.py
[2025-07-01T21:20:14.419+0000] {logging_mixin.py:190} INFO - [2025-07-01T21:20:14.419+0000] {dag.py:3239} INFO - Sync 1 DAGs
[2025-07-01T21:20:14.452+0000] {logging_mixin.py:190} INFO - [2025-07-01T21:20:14.452+0000] {dag.py:4180} INFO - Setting next_dagrun for example_sla_dag to 2025-07-01 21:18:00+00:00, run_after=2025-07-01 21:20:00+00:00
[2025-07-01T21:20:14.470+0000] {processor.py:208} INFO - Processing /home/airflow/.local/lib/python3.12/site-packages/airflow/example_dags/example_sla_dag.py took 0.096 seconds
[2025-07-01T21:20:45.591+0000] {processor.py:186} INFO - Started process (PID=1895) to work on /home/airflow/.local/lib/python3.12/site-packages/airflow/example_dags/example_sla_dag.py
[2025-07-01T21:20:45.593+0000] {processor.py:914} INFO - Processing file /home/airflow/.local/lib/python3.12/site-packages/airflow/example_dags/example_sla_dag.py for tasks to queue
[2025-07-01T21:20:45.598+0000] {logging_mixin.py:190} INFO - [2025-07-01T21:20:45.598+0000] {dagbag.py:588} INFO - Filling up the DagBag from /home/airflow/.local/lib/python3.12/site-packages/airflow/example_dags/example_sla_dag.py
[2025-07-01T21:20:45.615+0000] {processor.py:925} INFO - DAG(s) 'example_sla_dag' retrieved from /home/airflow/.local/lib/python3.12/site-packages/airflow/example_dags/example_sla_dag.py
[2025-07-01T21:20:45.644+0000] {logging_mixin.py:190} INFO - [2025-07-01T21:20:45.644+0000] {dag.py:3239} INFO - Sync 1 DAGs
[2025-07-01T21:20:45.685+0000] {logging_mixin.py:190} INFO - [2025-07-01T21:20:45.685+0000] {dag.py:4180} INFO - Setting next_dagrun for example_sla_dag to 2025-07-01 21:18:00+00:00, run_after=2025-07-01 21:20:00+00:00
[2025-07-01T21:20:45.710+0000] {processor.py:208} INFO - Processing /home/airflow/.local/lib/python3.12/site-packages/airflow/example_dags/example_sla_dag.py took 0.133 seconds
[2025-07-01T21:21:16.798+0000] {processor.py:186} INFO - Started process (PID=1958) to work on /home/airflow/.local/lib/python3.12/site-packages/airflow/example_dags/example_sla_dag.py
[2025-07-01T21:21:16.799+0000] {processor.py:914} INFO - Processing file /home/airflow/.local/lib/python3.12/site-packages/airflow/example_dags/example_sla_dag.py for tasks to queue
[2025-07-01T21:21:16.802+0000] {logging_mixin.py:190} INFO - [2025-07-01T21:21:16.802+0000] {dagbag.py:588} INFO - Filling up the DagBag from /home/airflow/.local/lib/python3.12/site-packages/airflow/example_dags/example_sla_dag.py
[2025-07-01T21:21:16.815+0000] {processor.py:925} INFO - DAG(s) 'example_sla_dag' retrieved from /home/airflow/.local/lib/python3.12/site-packages/airflow/example_dags/example_sla_dag.py
[2025-07-01T21:21:16.838+0000] {logging_mixin.py:190} INFO - [2025-07-01T21:21:16.838+0000] {dag.py:3239} INFO - Sync 1 DAGs
[2025-07-01T21:21:16.869+0000] {logging_mixin.py:190} INFO - [2025-07-01T21:21:16.869+0000] {dag.py:4180} INFO - Setting next_dagrun for example_sla_dag to 2025-07-01 21:18:00+00:00, run_after=2025-07-01 21:20:00+00:00
[2025-07-01T21:21:16.889+0000] {processor.py:208} INFO - Processing /home/airflow/.local/lib/python3.12/site-packages/airflow/example_dags/example_sla_dag.py took 0.097 seconds
[2025-07-01T21:21:47.120+0000] {processor.py:186} INFO - Started process (PID=2021) to work on /home/airflow/.local/lib/python3.12/site-packages/airflow/example_dags/example_sla_dag.py
[2025-07-01T21:21:47.121+0000] {processor.py:914} INFO - Processing file /home/airflow/.local/lib/python3.12/site-packages/airflow/example_dags/example_sla_dag.py for tasks to queue
[2025-07-01T21:21:47.124+0000] {logging_mixin.py:190} INFO - [2025-07-01T21:21:47.124+0000] {dagbag.py:588} INFO - Filling up the DagBag from /home/airflow/.local/lib/python3.12/site-packages/airflow/example_dags/example_sla_dag.py
[2025-07-01T21:21:47.139+0000] {processor.py:925} INFO - DAG(s) 'example_sla_dag' retrieved from /home/airflow/.local/lib/python3.12/site-packages/airflow/example_dags/example_sla_dag.py
[2025-07-01T21:21:47.170+0000] {logging_mixin.py:190} INFO - [2025-07-01T21:21:47.169+0000] {dag.py:3239} INFO - Sync 1 DAGs
[2025-07-01T21:21:47.217+0000] {logging_mixin.py:190} INFO - [2025-07-01T21:21:47.217+0000] {dag.py:4180} INFO - Setting next_dagrun for example_sla_dag to 2025-07-01 21:18:00+00:00, run_after=2025-07-01 21:20:00+00:00
[2025-07-01T21:21:47.242+0000] {processor.py:208} INFO - Processing /home/airflow/.local/lib/python3.12/site-packages/airflow/example_dags/example_sla_dag.py took 0.130 seconds
[2025-07-01T21:22:17.488+0000] {processor.py:186} INFO - Started process (PID=2084) to work on /home/airflow/.local/lib/python3.12/site-packages/airflow/example_dags/example_sla_dag.py
[2025-07-01T21:22:17.489+0000] {processor.py:914} INFO - Processing file /home/airflow/.local/lib/python3.12/site-packages/airflow/example_dags/example_sla_dag.py for tasks to queue
[2025-07-01T21:22:17.492+0000] {logging_mixin.py:190} INFO - [2025-07-01T21:22:17.492+0000] {dagbag.py:588} INFO - Filling up the DagBag from /home/airflow/.local/lib/python3.12/site-packages/airflow/example_dags/example_sla_dag.py
[2025-07-01T21:22:17.504+0000] {processor.py:925} INFO - DAG(s) 'example_sla_dag' retrieved from /home/airflow/.local/lib/python3.12/site-packages/airflow/example_dags/example_sla_dag.py
[2025-07-01T21:22:17.526+0000] {logging_mixin.py:190} INFO - [2025-07-01T21:22:17.526+0000] {dag.py:3239} INFO - Sync 1 DAGs
[2025-07-01T21:22:17.557+0000] {logging_mixin.py:190} INFO - [2025-07-01T21:22:17.557+0000] {dag.py:4180} INFO - Setting next_dagrun for example_sla_dag to 2025-07-01 21:20:00+00:00, run_after=2025-07-01 21:22:00+00:00
[2025-07-01T21:22:17.581+0000] {processor.py:208} INFO - Processing /home/airflow/.local/lib/python3.12/site-packages/airflow/example_dags/example_sla_dag.py took 0.099 seconds
[2025-07-01T21:22:48.496+0000] {processor.py:186} INFO - Started process (PID=2147) to work on /home/airflow/.local/lib/python3.12/site-packages/airflow/example_dags/example_sla_dag.py
[2025-07-01T21:22:48.498+0000] {processor.py:914} INFO - Processing file /home/airflow/.local/lib/python3.12/site-packages/airflow/example_dags/example_sla_dag.py for tasks to queue
[2025-07-01T21:22:48.502+0000] {logging_mixin.py:190} INFO - [2025-07-01T21:22:48.502+0000] {dagbag.py:588} INFO - Filling up the DagBag from /home/airflow/.local/lib/python3.12/site-packages/airflow/example_dags/example_sla_dag.py
[2025-07-01T21:22:48.518+0000] {processor.py:925} INFO - DAG(s) 'example_sla_dag' retrieved from /home/airflow/.local/lib/python3.12/site-packages/airflow/example_dags/example_sla_dag.py
[2025-07-01T21:22:48.546+0000] {logging_mixin.py:190} INFO - [2025-07-01T21:22:48.545+0000] {dag.py:3239} INFO - Sync 1 DAGs
[2025-07-01T21:22:48.588+0000] {logging_mixin.py:190} INFO - [2025-07-01T21:22:48.588+0000] {dag.py:4180} INFO - Setting next_dagrun for example_sla_dag to 2025-07-01 21:20:00+00:00, run_after=2025-07-01 21:22:00+00:00
[2025-07-01T21:22:48.611+0000] {processor.py:208} INFO - Processing /home/airflow/.local/lib/python3.12/site-packages/airflow/example_dags/example_sla_dag.py took 0.123 seconds
[2025-07-01T21:23:19.048+0000] {processor.py:186} INFO - Started process (PID=2210) to work on /home/airflow/.local/lib/python3.12/site-packages/airflow/example_dags/example_sla_dag.py
[2025-07-01T21:23:19.049+0000] {processor.py:914} INFO - Processing file /home/airflow/.local/lib/python3.12/site-packages/airflow/example_dags/example_sla_dag.py for tasks to queue
[2025-07-01T21:23:19.052+0000] {logging_mixin.py:190} INFO - [2025-07-01T21:23:19.052+0000] {dagbag.py:588} INFO - Filling up the DagBag from /home/airflow/.local/lib/python3.12/site-packages/airflow/example_dags/example_sla_dag.py
[2025-07-01T21:23:19.070+0000] {processor.py:925} INFO - DAG(s) 'example_sla_dag' retrieved from /home/airflow/.local/lib/python3.12/site-packages/airflow/example_dags/example_sla_dag.py
[2025-07-01T21:23:19.102+0000] {logging_mixin.py:190} INFO - [2025-07-01T21:23:19.101+0000] {dag.py:3239} INFO - Sync 1 DAGs
[2025-07-01T21:23:19.156+0000] {logging_mixin.py:190} INFO - [2025-07-01T21:23:19.156+0000] {dag.py:4180} INFO - Setting next_dagrun for example_sla_dag to 2025-07-01 21:20:00+00:00, run_after=2025-07-01 21:22:00+00:00
[2025-07-01T21:23:19.193+0000] {processor.py:208} INFO - Processing /home/airflow/.local/lib/python3.12/site-packages/airflow/example_dags/example_sla_dag.py took 0.154 seconds
[2025-07-01T21:23:49.412+0000] {processor.py:186} INFO - Started process (PID=2273) to work on /home/airflow/.local/lib/python3.12/site-packages/airflow/example_dags/example_sla_dag.py
[2025-07-01T21:23:49.413+0000] {processor.py:914} INFO - Processing file /home/airflow/.local/lib/python3.12/site-packages/airflow/example_dags/example_sla_dag.py for tasks to queue
[2025-07-01T21:23:49.416+0000] {logging_mixin.py:190} INFO - [2025-07-01T21:23:49.416+0000] {dagbag.py:588} INFO - Filling up the DagBag from /home/airflow/.local/lib/python3.12/site-packages/airflow/example_dags/example_sla_dag.py
[2025-07-01T21:23:49.431+0000] {processor.py:925} INFO - DAG(s) 'example_sla_dag' retrieved from /home/airflow/.local/lib/python3.12/site-packages/airflow/example_dags/example_sla_dag.py
[2025-07-01T21:23:49.454+0000] {logging_mixin.py:190} INFO - [2025-07-01T21:23:49.454+0000] {dag.py:3239} INFO - Sync 1 DAGs
[2025-07-01T21:23:49.485+0000] {logging_mixin.py:190} INFO - [2025-07-01T21:23:49.485+0000] {dag.py:4180} INFO - Setting next_dagrun for example_sla_dag to 2025-07-01 21:20:00+00:00, run_after=2025-07-01 21:22:00+00:00
[2025-07-01T21:23:49.507+0000] {processor.py:208} INFO - Processing /home/airflow/.local/lib/python3.12/site-packages/airflow/example_dags/example_sla_dag.py took 0.105 seconds
[2025-07-01T21:24:19.598+0000] {processor.py:186} INFO - Started process (PID=2335) to work on /home/airflow/.local/lib/python3.12/site-packages/airflow/example_dags/example_sla_dag.py
[2025-07-01T21:24:19.600+0000] {processor.py:914} INFO - Processing file /home/airflow/.local/lib/python3.12/site-packages/airflow/example_dags/example_sla_dag.py for tasks to queue
[2025-07-01T21:24:19.602+0000] {logging_mixin.py:190} INFO - [2025-07-01T21:24:19.602+0000] {dagbag.py:588} INFO - Filling up the DagBag from /home/airflow/.local/lib/python3.12/site-packages/airflow/example_dags/example_sla_dag.py
[2025-07-01T21:24:19.619+0000] {processor.py:925} INFO - DAG(s) 'example_sla_dag' retrieved from /home/airflow/.local/lib/python3.12/site-packages/airflow/example_dags/example_sla_dag.py
[2025-07-01T21:24:19.656+0000] {logging_mixin.py:190} INFO - [2025-07-01T21:24:19.655+0000] {dag.py:3239} INFO - Sync 1 DAGs
[2025-07-01T21:24:19.692+0000] {logging_mixin.py:190} INFO - [2025-07-01T21:24:19.691+0000] {dag.py:4180} INFO - Setting next_dagrun for example_sla_dag to 2025-07-01 21:22:00+00:00, run_after=2025-07-01 21:24:00+00:00
[2025-07-01T21:24:19.713+0000] {processor.py:208} INFO - Processing /home/airflow/.local/lib/python3.12/site-packages/airflow/example_dags/example_sla_dag.py took 0.122 seconds
