[2025-07-01T17:21:03.455+0000] {processor.py:186} INFO - Started process (PID=6308) to work on /home/airflow/.local/lib/python3.12/site-packages/airflow/example_dags/example_params_trigger_ui.py
[2025-07-01T17:21:03.456+0000] {processor.py:914} INFO - Processing file /home/airflow/.local/lib/python3.12/site-packages/airflow/example_dags/example_params_trigger_ui.py for tasks to queue
[2025-07-01T17:21:03.459+0000] {logging_mixin.py:190} INFO - [2025-07-01T17:21:03.458+0000] {dagbag.py:588} INFO - Filling up the DagBag from /home/airflow/.local/lib/python3.12/site-packages/airflow/example_dags/example_params_trigger_ui.py
[2025-07-01T17:21:03.475+0000] {processor.py:925} INFO - DAG(s) 'example_params_trigger_ui' retrieved from /home/airflow/.local/lib/python3.12/site-packages/airflow/example_dags/example_params_trigger_ui.py
[2025-07-01T17:21:03.595+0000] {logging_mixin.py:190} INFO - [2025-07-01T17:21:03.595+0000] {dag.py:3239} INFO - Sync 1 DAGs
[2025-07-01T17:21:03.634+0000] {logging_mixin.py:190} INFO - [2025-07-01T17:21:03.633+0000] {dag.py:4180} INFO - Setting next_dagrun for example_params_trigger_ui to None, run_after=None
[2025-07-01T17:21:03.679+0000] {processor.py:208} INFO - Processing /home/airflow/.local/lib/python3.12/site-packages/airflow/example_dags/example_params_trigger_ui.py took 0.233 seconds
[2025-07-01T21:05:59.296+0000] {processor.py:186} INFO - Started process (PID=97) to work on /home/airflow/.local/lib/python3.12/site-packages/airflow/example_dags/example_params_trigger_ui.py
[2025-07-01T21:05:59.297+0000] {processor.py:914} INFO - Processing file /home/airflow/.local/lib/python3.12/site-packages/airflow/example_dags/example_params_trigger_ui.py for tasks to queue
[2025-07-01T21:05:59.299+0000] {logging_mixin.py:190} INFO - [2025-07-01T21:05:59.299+0000] {dagbag.py:588} INFO - Filling up the DagBag from /home/airflow/.local/lib/python3.12/site-packages/airflow/example_dags/example_params_trigger_ui.py
[2025-07-01T21:05:59.314+0000] {processor.py:925} INFO - DAG(s) 'example_params_trigger_ui' retrieved from /home/airflow/.local/lib/python3.12/site-packages/airflow/example_dags/example_params_trigger_ui.py
[2025-07-01T21:05:59.365+0000] {logging_mixin.py:190} INFO - [2025-07-01T21:05:59.365+0000] {dag.py:3239} INFO - Sync 1 DAGs
[2025-07-01T21:05:59.381+0000] {logging_mixin.py:190} INFO - [2025-07-01T21:05:59.380+0000] {dag.py:4180} INFO - Setting next_dagrun for example_params_trigger_ui to None, run_after=None
[2025-07-01T21:05:59.400+0000] {processor.py:208} INFO - Processing /home/airflow/.local/lib/python3.12/site-packages/airflow/example_dags/example_params_trigger_ui.py took 0.111 seconds
[2025-07-01T21:06:30.150+0000] {processor.py:186} INFO - Started process (PID=160) to work on /home/airflow/.local/lib/python3.12/site-packages/airflow/example_dags/example_params_trigger_ui.py
[2025-07-01T21:06:30.151+0000] {processor.py:914} INFO - Processing file /home/airflow/.local/lib/python3.12/site-packages/airflow/example_dags/example_params_trigger_ui.py for tasks to queue
[2025-07-01T21:06:30.153+0000] {logging_mixin.py:190} INFO - [2025-07-01T21:06:30.153+0000] {dagbag.py:588} INFO - Filling up the DagBag from /home/airflow/.local/lib/python3.12/site-packages/airflow/example_dags/example_params_trigger_ui.py
[2025-07-01T21:06:30.172+0000] {processor.py:925} INFO - DAG(s) 'example_params_trigger_ui' retrieved from /home/airflow/.local/lib/python3.12/site-packages/airflow/example_dags/example_params_trigger_ui.py
[2025-07-01T21:06:30.227+0000] {logging_mixin.py:190} INFO - [2025-07-01T21:06:30.226+0000] {dag.py:3239} INFO - Sync 1 DAGs
[2025-07-01T21:06:30.244+0000] {logging_mixin.py:190} INFO - [2025-07-01T21:06:30.244+0000] {dag.py:4180} INFO - Setting next_dagrun for example_params_trigger_ui to None, run_after=None
[2025-07-01T21:06:30.263+0000] {processor.py:208} INFO - Processing /home/airflow/.local/lib/python3.12/site-packages/airflow/example_dags/example_params_trigger_ui.py took 0.120 seconds
[2025-07-01T21:07:01.841+0000] {processor.py:186} INFO - Started process (PID=223) to work on /home/airflow/.local/lib/python3.12/site-packages/airflow/example_dags/example_params_trigger_ui.py
[2025-07-01T21:07:01.844+0000] {processor.py:914} INFO - Processing file /home/airflow/.local/lib/python3.12/site-packages/airflow/example_dags/example_params_trigger_ui.py for tasks to queue
[2025-07-01T21:07:01.857+0000] {logging_mixin.py:190} INFO - [2025-07-01T21:07:01.857+0000] {dagbag.py:588} INFO - Filling up the DagBag from /home/airflow/.local/lib/python3.12/site-packages/airflow/example_dags/example_params_trigger_ui.py
[2025-07-01T21:07:01.895+0000] {processor.py:925} INFO - DAG(s) 'example_params_trigger_ui' retrieved from /home/airflow/.local/lib/python3.12/site-packages/airflow/example_dags/example_params_trigger_ui.py
[2025-07-01T21:07:01.985+0000] {logging_mixin.py:190} INFO - [2025-07-01T21:07:01.984+0000] {dag.py:3239} INFO - Sync 1 DAGs
[2025-07-01T21:07:02.024+0000] {logging_mixin.py:190} INFO - [2025-07-01T21:07:02.024+0000] {dag.py:4180} INFO - Setting next_dagrun for example_params_trigger_ui to None, run_after=None
[2025-07-01T21:07:02.068+0000] {processor.py:208} INFO - Processing /home/airflow/.local/lib/python3.12/site-packages/airflow/example_dags/example_params_trigger_ui.py took 0.245 seconds
[2025-07-01T21:07:36.515+0000] {processor.py:186} INFO - Started process (PID=286) to work on /home/airflow/.local/lib/python3.12/site-packages/airflow/example_dags/example_params_trigger_ui.py
[2025-07-01T21:07:36.517+0000] {processor.py:914} INFO - Processing file /home/airflow/.local/lib/python3.12/site-packages/airflow/example_dags/example_params_trigger_ui.py for tasks to queue
[2025-07-01T21:07:36.525+0000] {logging_mixin.py:190} INFO - [2025-07-01T21:07:36.525+0000] {dagbag.py:588} INFO - Filling up the DagBag from /home/airflow/.local/lib/python3.12/site-packages/airflow/example_dags/example_params_trigger_ui.py
[2025-07-01T21:07:36.563+0000] {processor.py:925} INFO - DAG(s) 'example_params_trigger_ui' retrieved from /home/airflow/.local/lib/python3.12/site-packages/airflow/example_dags/example_params_trigger_ui.py
[2025-07-01T21:07:36.660+0000] {logging_mixin.py:190} INFO - [2025-07-01T21:07:36.659+0000] {dag.py:3239} INFO - Sync 1 DAGs
[2025-07-01T21:07:36.694+0000] {logging_mixin.py:190} INFO - [2025-07-01T21:07:36.694+0000] {dag.py:4180} INFO - Setting next_dagrun for example_params_trigger_ui to None, run_after=None
[2025-07-01T21:07:36.739+0000] {processor.py:208} INFO - Processing /home/airflow/.local/lib/python3.12/site-packages/airflow/example_dags/example_params_trigger_ui.py took 0.265 seconds
[2025-07-01T21:08:08.515+0000] {processor.py:186} INFO - Started process (PID=349) to work on /home/airflow/.local/lib/python3.12/site-packages/airflow/example_dags/example_params_trigger_ui.py
[2025-07-01T21:08:08.525+0000] {processor.py:914} INFO - Processing file /home/airflow/.local/lib/python3.12/site-packages/airflow/example_dags/example_params_trigger_ui.py for tasks to queue
[2025-07-01T21:08:08.537+0000] {logging_mixin.py:190} INFO - [2025-07-01T21:08:08.536+0000] {dagbag.py:588} INFO - Filling up the DagBag from /home/airflow/.local/lib/python3.12/site-packages/airflow/example_dags/example_params_trigger_ui.py
[2025-07-01T21:08:08.637+0000] {processor.py:925} INFO - DAG(s) 'example_params_trigger_ui' retrieved from /home/airflow/.local/lib/python3.12/site-packages/airflow/example_dags/example_params_trigger_ui.py
[2025-07-01T21:08:09.006+0000] {logging_mixin.py:190} INFO - [2025-07-01T21:08:09.001+0000] {dag.py:3239} INFO - Sync 1 DAGs
[2025-07-01T21:08:09.107+0000] {logging_mixin.py:190} INFO - [2025-07-01T21:08:09.107+0000] {dag.py:4180} INFO - Setting next_dagrun for example_params_trigger_ui to None, run_after=None
[2025-07-01T21:08:09.194+0000] {processor.py:208} INFO - Processing /home/airflow/.local/lib/python3.12/site-packages/airflow/example_dags/example_params_trigger_ui.py took 0.726 seconds
[2025-07-01T21:08:39.876+0000] {processor.py:186} INFO - Started process (PID=412) to work on /home/airflow/.local/lib/python3.12/site-packages/airflow/example_dags/example_params_trigger_ui.py
[2025-07-01T21:08:39.878+0000] {processor.py:914} INFO - Processing file /home/airflow/.local/lib/python3.12/site-packages/airflow/example_dags/example_params_trigger_ui.py for tasks to queue
[2025-07-01T21:08:39.882+0000] {logging_mixin.py:190} INFO - [2025-07-01T21:08:39.882+0000] {dagbag.py:588} INFO - Filling up the DagBag from /home/airflow/.local/lib/python3.12/site-packages/airflow/example_dags/example_params_trigger_ui.py
[2025-07-01T21:08:39.908+0000] {processor.py:925} INFO - DAG(s) 'example_params_trigger_ui' retrieved from /home/airflow/.local/lib/python3.12/site-packages/airflow/example_dags/example_params_trigger_ui.py
[2025-07-01T21:08:39.964+0000] {logging_mixin.py:190} INFO - [2025-07-01T21:08:39.964+0000] {dag.py:3239} INFO - Sync 1 DAGs
[2025-07-01T21:08:39.983+0000] {logging_mixin.py:190} INFO - [2025-07-01T21:08:39.983+0000] {dag.py:4180} INFO - Setting next_dagrun for example_params_trigger_ui to None, run_after=None
[2025-07-01T21:08:40.003+0000] {processor.py:208} INFO - Processing /home/airflow/.local/lib/python3.12/site-packages/airflow/example_dags/example_params_trigger_ui.py took 0.139 seconds
[2025-07-01T21:09:10.136+0000] {processor.py:186} INFO - Started process (PID=474) to work on /home/airflow/.local/lib/python3.12/site-packages/airflow/example_dags/example_params_trigger_ui.py
[2025-07-01T21:09:10.137+0000] {processor.py:914} INFO - Processing file /home/airflow/.local/lib/python3.12/site-packages/airflow/example_dags/example_params_trigger_ui.py for tasks to queue
[2025-07-01T21:09:10.139+0000] {logging_mixin.py:190} INFO - [2025-07-01T21:09:10.139+0000] {dagbag.py:588} INFO - Filling up the DagBag from /home/airflow/.local/lib/python3.12/site-packages/airflow/example_dags/example_params_trigger_ui.py
[2025-07-01T21:09:10.152+0000] {processor.py:925} INFO - DAG(s) 'example_params_trigger_ui' retrieved from /home/airflow/.local/lib/python3.12/site-packages/airflow/example_dags/example_params_trigger_ui.py
[2025-07-01T21:09:10.209+0000] {logging_mixin.py:190} INFO - [2025-07-01T21:09:10.209+0000] {dag.py:3239} INFO - Sync 1 DAGs
[2025-07-01T21:09:10.228+0000] {logging_mixin.py:190} INFO - [2025-07-01T21:09:10.228+0000] {dag.py:4180} INFO - Setting next_dagrun for example_params_trigger_ui to None, run_after=None
[2025-07-01T21:09:10.255+0000] {processor.py:208} INFO - Processing /home/airflow/.local/lib/python3.12/site-packages/airflow/example_dags/example_params_trigger_ui.py took 0.126 seconds
[2025-07-01T21:09:40.816+0000] {processor.py:186} INFO - Started process (PID=537) to work on /home/airflow/.local/lib/python3.12/site-packages/airflow/example_dags/example_params_trigger_ui.py
[2025-07-01T21:09:40.817+0000] {processor.py:914} INFO - Processing file /home/airflow/.local/lib/python3.12/site-packages/airflow/example_dags/example_params_trigger_ui.py for tasks to queue
[2025-07-01T21:09:40.819+0000] {logging_mixin.py:190} INFO - [2025-07-01T21:09:40.819+0000] {dagbag.py:588} INFO - Filling up the DagBag from /home/airflow/.local/lib/python3.12/site-packages/airflow/example_dags/example_params_trigger_ui.py
[2025-07-01T21:09:40.832+0000] {processor.py:925} INFO - DAG(s) 'example_params_trigger_ui' retrieved from /home/airflow/.local/lib/python3.12/site-packages/airflow/example_dags/example_params_trigger_ui.py
[2025-07-01T21:09:40.892+0000] {logging_mixin.py:190} INFO - [2025-07-01T21:09:40.891+0000] {dag.py:3239} INFO - Sync 1 DAGs
[2025-07-01T21:09:40.909+0000] {logging_mixin.py:190} INFO - [2025-07-01T21:09:40.909+0000] {dag.py:4180} INFO - Setting next_dagrun for example_params_trigger_ui to None, run_after=None
[2025-07-01T21:09:40.929+0000] {processor.py:208} INFO - Processing /home/airflow/.local/lib/python3.12/site-packages/airflow/example_dags/example_params_trigger_ui.py took 0.120 seconds
[2025-07-01T21:10:11.319+0000] {processor.py:186} INFO - Started process (PID=600) to work on /home/airflow/.local/lib/python3.12/site-packages/airflow/example_dags/example_params_trigger_ui.py
[2025-07-01T21:10:11.320+0000] {processor.py:914} INFO - Processing file /home/airflow/.local/lib/python3.12/site-packages/airflow/example_dags/example_params_trigger_ui.py for tasks to queue
[2025-07-01T21:10:11.322+0000] {logging_mixin.py:190} INFO - [2025-07-01T21:10:11.322+0000] {dagbag.py:588} INFO - Filling up the DagBag from /home/airflow/.local/lib/python3.12/site-packages/airflow/example_dags/example_params_trigger_ui.py
[2025-07-01T21:10:11.337+0000] {processor.py:925} INFO - DAG(s) 'example_params_trigger_ui' retrieved from /home/airflow/.local/lib/python3.12/site-packages/airflow/example_dags/example_params_trigger_ui.py
[2025-07-01T21:10:11.391+0000] {logging_mixin.py:190} INFO - [2025-07-01T21:10:11.391+0000] {dag.py:3239} INFO - Sync 1 DAGs
[2025-07-01T21:10:11.410+0000] {logging_mixin.py:190} INFO - [2025-07-01T21:10:11.410+0000] {dag.py:4180} INFO - Setting next_dagrun for example_params_trigger_ui to None, run_after=None
[2025-07-01T21:10:11.432+0000] {processor.py:208} INFO - Processing /home/airflow/.local/lib/python3.12/site-packages/airflow/example_dags/example_params_trigger_ui.py took 0.120 seconds
[2025-07-01T21:10:42.203+0000] {processor.py:186} INFO - Started process (PID=663) to work on /home/airflow/.local/lib/python3.12/site-packages/airflow/example_dags/example_params_trigger_ui.py
[2025-07-01T21:10:42.204+0000] {processor.py:914} INFO - Processing file /home/airflow/.local/lib/python3.12/site-packages/airflow/example_dags/example_params_trigger_ui.py for tasks to queue
[2025-07-01T21:10:42.207+0000] {logging_mixin.py:190} INFO - [2025-07-01T21:10:42.206+0000] {dagbag.py:588} INFO - Filling up the DagBag from /home/airflow/.local/lib/python3.12/site-packages/airflow/example_dags/example_params_trigger_ui.py
[2025-07-01T21:10:42.220+0000] {processor.py:925} INFO - DAG(s) 'example_params_trigger_ui' retrieved from /home/airflow/.local/lib/python3.12/site-packages/airflow/example_dags/example_params_trigger_ui.py
[2025-07-01T21:10:42.286+0000] {logging_mixin.py:190} INFO - [2025-07-01T21:10:42.286+0000] {dag.py:3239} INFO - Sync 1 DAGs
[2025-07-01T21:10:42.304+0000] {logging_mixin.py:190} INFO - [2025-07-01T21:10:42.304+0000] {dag.py:4180} INFO - Setting next_dagrun for example_params_trigger_ui to None, run_after=None
[2025-07-01T21:10:42.326+0000] {processor.py:208} INFO - Processing /home/airflow/.local/lib/python3.12/site-packages/airflow/example_dags/example_params_trigger_ui.py took 0.130 seconds
[2025-07-01T21:11:13.071+0000] {processor.py:186} INFO - Started process (PID=726) to work on /home/airflow/.local/lib/python3.12/site-packages/airflow/example_dags/example_params_trigger_ui.py
[2025-07-01T21:11:13.072+0000] {processor.py:914} INFO - Processing file /home/airflow/.local/lib/python3.12/site-packages/airflow/example_dags/example_params_trigger_ui.py for tasks to queue
[2025-07-01T21:11:13.075+0000] {logging_mixin.py:190} INFO - [2025-07-01T21:11:13.075+0000] {dagbag.py:588} INFO - Filling up the DagBag from /home/airflow/.local/lib/python3.12/site-packages/airflow/example_dags/example_params_trigger_ui.py
[2025-07-01T21:11:13.087+0000] {processor.py:925} INFO - DAG(s) 'example_params_trigger_ui' retrieved from /home/airflow/.local/lib/python3.12/site-packages/airflow/example_dags/example_params_trigger_ui.py
[2025-07-01T21:11:13.143+0000] {logging_mixin.py:190} INFO - [2025-07-01T21:11:13.142+0000] {dag.py:3239} INFO - Sync 1 DAGs
[2025-07-01T21:11:13.162+0000] {logging_mixin.py:190} INFO - [2025-07-01T21:11:13.161+0000] {dag.py:4180} INFO - Setting next_dagrun for example_params_trigger_ui to None, run_after=None
[2025-07-01T21:11:13.185+0000] {processor.py:208} INFO - Processing /home/airflow/.local/lib/python3.12/site-packages/airflow/example_dags/example_params_trigger_ui.py took 0.120 seconds
[2025-07-01T21:11:43.784+0000] {processor.py:186} INFO - Started process (PID=789) to work on /home/airflow/.local/lib/python3.12/site-packages/airflow/example_dags/example_params_trigger_ui.py
[2025-07-01T21:11:43.785+0000] {processor.py:914} INFO - Processing file /home/airflow/.local/lib/python3.12/site-packages/airflow/example_dags/example_params_trigger_ui.py for tasks to queue
[2025-07-01T21:11:43.787+0000] {logging_mixin.py:190} INFO - [2025-07-01T21:11:43.787+0000] {dagbag.py:588} INFO - Filling up the DagBag from /home/airflow/.local/lib/python3.12/site-packages/airflow/example_dags/example_params_trigger_ui.py
[2025-07-01T21:11:43.799+0000] {processor.py:925} INFO - DAG(s) 'example_params_trigger_ui' retrieved from /home/airflow/.local/lib/python3.12/site-packages/airflow/example_dags/example_params_trigger_ui.py
[2025-07-01T21:11:43.850+0000] {logging_mixin.py:190} INFO - [2025-07-01T21:11:43.850+0000] {dag.py:3239} INFO - Sync 1 DAGs
[2025-07-01T21:11:43.867+0000] {logging_mixin.py:190} INFO - [2025-07-01T21:11:43.867+0000] {dag.py:4180} INFO - Setting next_dagrun for example_params_trigger_ui to None, run_after=None
[2025-07-01T21:11:43.892+0000] {processor.py:208} INFO - Processing /home/airflow/.local/lib/python3.12/site-packages/airflow/example_dags/example_params_trigger_ui.py took 0.115 seconds
[2025-07-01T21:12:14.289+0000] {processor.py:186} INFO - Started process (PID=852) to work on /home/airflow/.local/lib/python3.12/site-packages/airflow/example_dags/example_params_trigger_ui.py
[2025-07-01T21:12:14.290+0000] {processor.py:914} INFO - Processing file /home/airflow/.local/lib/python3.12/site-packages/airflow/example_dags/example_params_trigger_ui.py for tasks to queue
[2025-07-01T21:12:14.293+0000] {logging_mixin.py:190} INFO - [2025-07-01T21:12:14.292+0000] {dagbag.py:588} INFO - Filling up the DagBag from /home/airflow/.local/lib/python3.12/site-packages/airflow/example_dags/example_params_trigger_ui.py
[2025-07-01T21:12:14.311+0000] {processor.py:925} INFO - DAG(s) 'example_params_trigger_ui' retrieved from /home/airflow/.local/lib/python3.12/site-packages/airflow/example_dags/example_params_trigger_ui.py
[2025-07-01T21:12:14.401+0000] {logging_mixin.py:190} INFO - [2025-07-01T21:12:14.401+0000] {dag.py:3239} INFO - Sync 1 DAGs
[2025-07-01T21:12:14.428+0000] {logging_mixin.py:190} INFO - [2025-07-01T21:12:14.427+0000] {dag.py:4180} INFO - Setting next_dagrun for example_params_trigger_ui to None, run_after=None
[2025-07-01T21:12:14.457+0000] {processor.py:208} INFO - Processing /home/airflow/.local/lib/python3.12/site-packages/airflow/example_dags/example_params_trigger_ui.py took 0.177 seconds
[2025-07-01T21:12:44.821+0000] {processor.py:186} INFO - Started process (PID=915) to work on /home/airflow/.local/lib/python3.12/site-packages/airflow/example_dags/example_params_trigger_ui.py
[2025-07-01T21:12:44.822+0000] {processor.py:914} INFO - Processing file /home/airflow/.local/lib/python3.12/site-packages/airflow/example_dags/example_params_trigger_ui.py for tasks to queue
[2025-07-01T21:12:44.825+0000] {logging_mixin.py:190} INFO - [2025-07-01T21:12:44.825+0000] {dagbag.py:588} INFO - Filling up the DagBag from /home/airflow/.local/lib/python3.12/site-packages/airflow/example_dags/example_params_trigger_ui.py
[2025-07-01T21:12:44.838+0000] {processor.py:925} INFO - DAG(s) 'example_params_trigger_ui' retrieved from /home/airflow/.local/lib/python3.12/site-packages/airflow/example_dags/example_params_trigger_ui.py
[2025-07-01T21:12:44.892+0000] {logging_mixin.py:190} INFO - [2025-07-01T21:12:44.891+0000] {dag.py:3239} INFO - Sync 1 DAGs
[2025-07-01T21:12:44.908+0000] {logging_mixin.py:190} INFO - [2025-07-01T21:12:44.907+0000] {dag.py:4180} INFO - Setting next_dagrun for example_params_trigger_ui to None, run_after=None
[2025-07-01T21:12:44.928+0000] {processor.py:208} INFO - Processing /home/airflow/.local/lib/python3.12/site-packages/airflow/example_dags/example_params_trigger_ui.py took 0.114 seconds
[2025-07-01T21:13:16.104+0000] {processor.py:186} INFO - Started process (PID=978) to work on /home/airflow/.local/lib/python3.12/site-packages/airflow/example_dags/example_params_trigger_ui.py
[2025-07-01T21:13:16.106+0000] {processor.py:914} INFO - Processing file /home/airflow/.local/lib/python3.12/site-packages/airflow/example_dags/example_params_trigger_ui.py for tasks to queue
[2025-07-01T21:13:16.117+0000] {logging_mixin.py:190} INFO - [2025-07-01T21:13:16.117+0000] {dagbag.py:588} INFO - Filling up the DagBag from /home/airflow/.local/lib/python3.12/site-packages/airflow/example_dags/example_params_trigger_ui.py
[2025-07-01T21:13:16.139+0000] {processor.py:925} INFO - DAG(s) 'example_params_trigger_ui' retrieved from /home/airflow/.local/lib/python3.12/site-packages/airflow/example_dags/example_params_trigger_ui.py
[2025-07-01T21:13:16.369+0000] {logging_mixin.py:190} INFO - [2025-07-01T21:13:16.368+0000] {dag.py:3239} INFO - Sync 1 DAGs
[2025-07-01T21:13:16.419+0000] {logging_mixin.py:190} INFO - [2025-07-01T21:13:16.419+0000] {dag.py:4180} INFO - Setting next_dagrun for example_params_trigger_ui to None, run_after=None
[2025-07-01T21:13:16.493+0000] {processor.py:208} INFO - Processing /home/airflow/.local/lib/python3.12/site-packages/airflow/example_dags/example_params_trigger_ui.py took 0.405 seconds
[2025-07-01T21:13:46.756+0000] {processor.py:186} INFO - Started process (PID=1041) to work on /home/airflow/.local/lib/python3.12/site-packages/airflow/example_dags/example_params_trigger_ui.py
[2025-07-01T21:13:46.757+0000] {processor.py:914} INFO - Processing file /home/airflow/.local/lib/python3.12/site-packages/airflow/example_dags/example_params_trigger_ui.py for tasks to queue
[2025-07-01T21:13:46.761+0000] {logging_mixin.py:190} INFO - [2025-07-01T21:13:46.761+0000] {dagbag.py:588} INFO - Filling up the DagBag from /home/airflow/.local/lib/python3.12/site-packages/airflow/example_dags/example_params_trigger_ui.py
[2025-07-01T21:13:46.778+0000] {processor.py:925} INFO - DAG(s) 'example_params_trigger_ui' retrieved from /home/airflow/.local/lib/python3.12/site-packages/airflow/example_dags/example_params_trigger_ui.py
[2025-07-01T21:13:46.847+0000] {logging_mixin.py:190} INFO - [2025-07-01T21:13:46.847+0000] {dag.py:3239} INFO - Sync 1 DAGs
[2025-07-01T21:13:46.875+0000] {logging_mixin.py:190} INFO - [2025-07-01T21:13:46.875+0000] {dag.py:4180} INFO - Setting next_dagrun for example_params_trigger_ui to None, run_after=None
[2025-07-01T21:13:46.907+0000] {processor.py:208} INFO - Processing /home/airflow/.local/lib/python3.12/site-packages/airflow/example_dags/example_params_trigger_ui.py took 0.161 seconds
[2025-07-01T21:14:17.497+0000] {processor.py:186} INFO - Started process (PID=1104) to work on /home/airflow/.local/lib/python3.12/site-packages/airflow/example_dags/example_params_trigger_ui.py
[2025-07-01T21:14:17.501+0000] {processor.py:914} INFO - Processing file /home/airflow/.local/lib/python3.12/site-packages/airflow/example_dags/example_params_trigger_ui.py for tasks to queue
[2025-07-01T21:14:17.504+0000] {logging_mixin.py:190} INFO - [2025-07-01T21:14:17.504+0000] {dagbag.py:588} INFO - Filling up the DagBag from /home/airflow/.local/lib/python3.12/site-packages/airflow/example_dags/example_params_trigger_ui.py
[2025-07-01T21:14:17.528+0000] {processor.py:925} INFO - DAG(s) 'example_params_trigger_ui' retrieved from /home/airflow/.local/lib/python3.12/site-packages/airflow/example_dags/example_params_trigger_ui.py
[2025-07-01T21:14:17.639+0000] {logging_mixin.py:190} INFO - [2025-07-01T21:14:17.638+0000] {dag.py:3239} INFO - Sync 1 DAGs
[2025-07-01T21:14:17.662+0000] {logging_mixin.py:190} INFO - [2025-07-01T21:14:17.662+0000] {dag.py:4180} INFO - Setting next_dagrun for example_params_trigger_ui to None, run_after=None
[2025-07-01T21:14:17.696+0000] {processor.py:208} INFO - Processing /home/airflow/.local/lib/python3.12/site-packages/airflow/example_dags/example_params_trigger_ui.py took 0.215 seconds
[2025-07-01T21:14:48.186+0000] {processor.py:186} INFO - Started process (PID=1167) to work on /home/airflow/.local/lib/python3.12/site-packages/airflow/example_dags/example_params_trigger_ui.py
[2025-07-01T21:14:48.187+0000] {processor.py:914} INFO - Processing file /home/airflow/.local/lib/python3.12/site-packages/airflow/example_dags/example_params_trigger_ui.py for tasks to queue
[2025-07-01T21:14:48.191+0000] {logging_mixin.py:190} INFO - [2025-07-01T21:14:48.190+0000] {dagbag.py:588} INFO - Filling up the DagBag from /home/airflow/.local/lib/python3.12/site-packages/airflow/example_dags/example_params_trigger_ui.py
[2025-07-01T21:14:48.205+0000] {processor.py:925} INFO - DAG(s) 'example_params_trigger_ui' retrieved from /home/airflow/.local/lib/python3.12/site-packages/airflow/example_dags/example_params_trigger_ui.py
[2025-07-01T21:14:48.262+0000] {logging_mixin.py:190} INFO - [2025-07-01T21:14:48.262+0000] {dag.py:3239} INFO - Sync 1 DAGs
[2025-07-01T21:14:48.279+0000] {logging_mixin.py:190} INFO - [2025-07-01T21:14:48.279+0000] {dag.py:4180} INFO - Setting next_dagrun for example_params_trigger_ui to None, run_after=None
[2025-07-01T21:14:48.303+0000] {processor.py:208} INFO - Processing /home/airflow/.local/lib/python3.12/site-packages/airflow/example_dags/example_params_trigger_ui.py took 0.126 seconds
[2025-07-01T21:15:18.655+0000] {processor.py:186} INFO - Started process (PID=1230) to work on /home/airflow/.local/lib/python3.12/site-packages/airflow/example_dags/example_params_trigger_ui.py
[2025-07-01T21:15:18.656+0000] {processor.py:914} INFO - Processing file /home/airflow/.local/lib/python3.12/site-packages/airflow/example_dags/example_params_trigger_ui.py for tasks to queue
[2025-07-01T21:15:18.660+0000] {logging_mixin.py:190} INFO - [2025-07-01T21:15:18.659+0000] {dagbag.py:588} INFO - Filling up the DagBag from /home/airflow/.local/lib/python3.12/site-packages/airflow/example_dags/example_params_trigger_ui.py
[2025-07-01T21:15:18.673+0000] {processor.py:925} INFO - DAG(s) 'example_params_trigger_ui' retrieved from /home/airflow/.local/lib/python3.12/site-packages/airflow/example_dags/example_params_trigger_ui.py
[2025-07-01T21:15:18.727+0000] {logging_mixin.py:190} INFO - [2025-07-01T21:15:18.727+0000] {dag.py:3239} INFO - Sync 1 DAGs
[2025-07-01T21:15:18.746+0000] {logging_mixin.py:190} INFO - [2025-07-01T21:15:18.745+0000] {dag.py:4180} INFO - Setting next_dagrun for example_params_trigger_ui to None, run_after=None
[2025-07-01T21:15:18.768+0000] {processor.py:208} INFO - Processing /home/airflow/.local/lib/python3.12/site-packages/airflow/example_dags/example_params_trigger_ui.py took 0.122 seconds
[2025-07-01T21:15:49.421+0000] {processor.py:186} INFO - Started process (PID=1293) to work on /home/airflow/.local/lib/python3.12/site-packages/airflow/example_dags/example_params_trigger_ui.py
[2025-07-01T21:15:49.422+0000] {processor.py:914} INFO - Processing file /home/airflow/.local/lib/python3.12/site-packages/airflow/example_dags/example_params_trigger_ui.py for tasks to queue
[2025-07-01T21:15:49.426+0000] {logging_mixin.py:190} INFO - [2025-07-01T21:15:49.425+0000] {dagbag.py:588} INFO - Filling up the DagBag from /home/airflow/.local/lib/python3.12/site-packages/airflow/example_dags/example_params_trigger_ui.py
[2025-07-01T21:15:49.445+0000] {processor.py:925} INFO - DAG(s) 'example_params_trigger_ui' retrieved from /home/airflow/.local/lib/python3.12/site-packages/airflow/example_dags/example_params_trigger_ui.py
[2025-07-01T21:15:49.502+0000] {logging_mixin.py:190} INFO - [2025-07-01T21:15:49.501+0000] {dag.py:3239} INFO - Sync 1 DAGs
[2025-07-01T21:15:49.521+0000] {logging_mixin.py:190} INFO - [2025-07-01T21:15:49.521+0000] {dag.py:4180} INFO - Setting next_dagrun for example_params_trigger_ui to None, run_after=None
[2025-07-01T21:15:49.543+0000] {processor.py:208} INFO - Processing /home/airflow/.local/lib/python3.12/site-packages/airflow/example_dags/example_params_trigger_ui.py took 0.132 seconds
[2025-07-01T21:16:20.702+0000] {processor.py:186} INFO - Started process (PID=1356) to work on /home/airflow/.local/lib/python3.12/site-packages/airflow/example_dags/example_params_trigger_ui.py
[2025-07-01T21:16:20.704+0000] {processor.py:914} INFO - Processing file /home/airflow/.local/lib/python3.12/site-packages/airflow/example_dags/example_params_trigger_ui.py for tasks to queue
[2025-07-01T21:16:20.714+0000] {logging_mixin.py:190} INFO - [2025-07-01T21:16:20.714+0000] {dagbag.py:588} INFO - Filling up the DagBag from /home/airflow/.local/lib/python3.12/site-packages/airflow/example_dags/example_params_trigger_ui.py
[2025-07-01T21:16:20.744+0000] {processor.py:925} INFO - DAG(s) 'example_params_trigger_ui' retrieved from /home/airflow/.local/lib/python3.12/site-packages/airflow/example_dags/example_params_trigger_ui.py
[2025-07-01T21:16:20.870+0000] {logging_mixin.py:190} INFO - [2025-07-01T21:16:20.870+0000] {dag.py:3239} INFO - Sync 1 DAGs
[2025-07-01T21:16:20.916+0000] {logging_mixin.py:190} INFO - [2025-07-01T21:16:20.915+0000] {dag.py:4180} INFO - Setting next_dagrun for example_params_trigger_ui to None, run_after=None
[2025-07-01T21:16:20.976+0000] {processor.py:208} INFO - Processing /home/airflow/.local/lib/python3.12/site-packages/airflow/example_dags/example_params_trigger_ui.py took 0.290 seconds
[2025-07-01T21:16:51.157+0000] {processor.py:186} INFO - Started process (PID=1419) to work on /home/airflow/.local/lib/python3.12/site-packages/airflow/example_dags/example_params_trigger_ui.py
[2025-07-01T21:16:51.158+0000] {processor.py:914} INFO - Processing file /home/airflow/.local/lib/python3.12/site-packages/airflow/example_dags/example_params_trigger_ui.py for tasks to queue
[2025-07-01T21:16:51.161+0000] {logging_mixin.py:190} INFO - [2025-07-01T21:16:51.161+0000] {dagbag.py:588} INFO - Filling up the DagBag from /home/airflow/.local/lib/python3.12/site-packages/airflow/example_dags/example_params_trigger_ui.py
[2025-07-01T21:16:51.175+0000] {processor.py:925} INFO - DAG(s) 'example_params_trigger_ui' retrieved from /home/airflow/.local/lib/python3.12/site-packages/airflow/example_dags/example_params_trigger_ui.py
[2025-07-01T21:16:51.239+0000] {logging_mixin.py:190} INFO - [2025-07-01T21:16:51.239+0000] {dag.py:3239} INFO - Sync 1 DAGs
[2025-07-01T21:16:51.259+0000] {logging_mixin.py:190} INFO - [2025-07-01T21:16:51.259+0000] {dag.py:4180} INFO - Setting next_dagrun for example_params_trigger_ui to None, run_after=None
[2025-07-01T21:16:51.286+0000] {processor.py:208} INFO - Processing /home/airflow/.local/lib/python3.12/site-packages/airflow/example_dags/example_params_trigger_ui.py took 0.136 seconds
[2025-07-01T21:17:22.113+0000] {processor.py:186} INFO - Started process (PID=1488) to work on /home/airflow/.local/lib/python3.12/site-packages/airflow/example_dags/example_params_trigger_ui.py
[2025-07-01T21:17:22.115+0000] {processor.py:914} INFO - Processing file /home/airflow/.local/lib/python3.12/site-packages/airflow/example_dags/example_params_trigger_ui.py for tasks to queue
[2025-07-01T21:17:22.118+0000] {logging_mixin.py:190} INFO - [2025-07-01T21:17:22.118+0000] {dagbag.py:588} INFO - Filling up the DagBag from /home/airflow/.local/lib/python3.12/site-packages/airflow/example_dags/example_params_trigger_ui.py
[2025-07-01T21:17:22.134+0000] {processor.py:925} INFO - DAG(s) 'example_params_trigger_ui' retrieved from /home/airflow/.local/lib/python3.12/site-packages/airflow/example_dags/example_params_trigger_ui.py
[2025-07-01T21:17:22.185+0000] {logging_mixin.py:190} INFO - [2025-07-01T21:17:22.184+0000] {dag.py:3239} INFO - Sync 1 DAGs
[2025-07-01T21:17:22.203+0000] {logging_mixin.py:190} INFO - [2025-07-01T21:17:22.203+0000] {dag.py:4180} INFO - Setting next_dagrun for example_params_trigger_ui to None, run_after=None
[2025-07-01T21:17:22.224+0000] {processor.py:208} INFO - Processing /home/airflow/.local/lib/python3.12/site-packages/airflow/example_dags/example_params_trigger_ui.py took 0.119 seconds
[2025-07-01T21:17:52.647+0000] {processor.py:186} INFO - Started process (PID=1551) to work on /home/airflow/.local/lib/python3.12/site-packages/airflow/example_dags/example_params_trigger_ui.py
[2025-07-01T21:17:52.649+0000] {processor.py:914} INFO - Processing file /home/airflow/.local/lib/python3.12/site-packages/airflow/example_dags/example_params_trigger_ui.py for tasks to queue
[2025-07-01T21:17:52.652+0000] {logging_mixin.py:190} INFO - [2025-07-01T21:17:52.652+0000] {dagbag.py:588} INFO - Filling up the DagBag from /home/airflow/.local/lib/python3.12/site-packages/airflow/example_dags/example_params_trigger_ui.py
[2025-07-01T21:17:52.670+0000] {processor.py:925} INFO - DAG(s) 'example_params_trigger_ui' retrieved from /home/airflow/.local/lib/python3.12/site-packages/airflow/example_dags/example_params_trigger_ui.py
[2025-07-01T21:17:52.743+0000] {logging_mixin.py:190} INFO - [2025-07-01T21:17:52.743+0000] {dag.py:3239} INFO - Sync 1 DAGs
[2025-07-01T21:17:52.766+0000] {logging_mixin.py:190} INFO - [2025-07-01T21:17:52.765+0000] {dag.py:4180} INFO - Setting next_dagrun for example_params_trigger_ui to None, run_after=None
[2025-07-01T21:17:52.800+0000] {processor.py:208} INFO - Processing /home/airflow/.local/lib/python3.12/site-packages/airflow/example_dags/example_params_trigger_ui.py took 0.164 seconds
[2025-07-01T21:18:22.866+0000] {processor.py:186} INFO - Started process (PID=1613) to work on /home/airflow/.local/lib/python3.12/site-packages/airflow/example_dags/example_params_trigger_ui.py
[2025-07-01T21:18:22.874+0000] {processor.py:914} INFO - Processing file /home/airflow/.local/lib/python3.12/site-packages/airflow/example_dags/example_params_trigger_ui.py for tasks to queue
[2025-07-01T21:18:22.882+0000] {logging_mixin.py:190} INFO - [2025-07-01T21:18:22.881+0000] {dagbag.py:588} INFO - Filling up the DagBag from /home/airflow/.local/lib/python3.12/site-packages/airflow/example_dags/example_params_trigger_ui.py
[2025-07-01T21:18:22.920+0000] {processor.py:925} INFO - DAG(s) 'example_params_trigger_ui' retrieved from /home/airflow/.local/lib/python3.12/site-packages/airflow/example_dags/example_params_trigger_ui.py
[2025-07-01T21:18:23.027+0000] {logging_mixin.py:190} INFO - [2025-07-01T21:18:23.026+0000] {dag.py:3239} INFO - Sync 1 DAGs
[2025-07-01T21:18:23.043+0000] {logging_mixin.py:190} INFO - [2025-07-01T21:18:23.043+0000] {dag.py:4180} INFO - Setting next_dagrun for example_params_trigger_ui to None, run_after=None
[2025-07-01T21:18:23.070+0000] {processor.py:208} INFO - Processing /home/airflow/.local/lib/python3.12/site-packages/airflow/example_dags/example_params_trigger_ui.py took 0.216 seconds
[2025-07-01T21:18:53.243+0000] {processor.py:186} INFO - Started process (PID=1676) to work on /home/airflow/.local/lib/python3.12/site-packages/airflow/example_dags/example_params_trigger_ui.py
[2025-07-01T21:18:53.246+0000] {processor.py:914} INFO - Processing file /home/airflow/.local/lib/python3.12/site-packages/airflow/example_dags/example_params_trigger_ui.py for tasks to queue
[2025-07-01T21:18:53.252+0000] {logging_mixin.py:190} INFO - [2025-07-01T21:18:53.251+0000] {dagbag.py:588} INFO - Filling up the DagBag from /home/airflow/.local/lib/python3.12/site-packages/airflow/example_dags/example_params_trigger_ui.py
[2025-07-01T21:18:53.274+0000] {processor.py:925} INFO - DAG(s) 'example_params_trigger_ui' retrieved from /home/airflow/.local/lib/python3.12/site-packages/airflow/example_dags/example_params_trigger_ui.py
[2025-07-01T21:18:53.345+0000] {logging_mixin.py:190} INFO - [2025-07-01T21:18:53.344+0000] {dag.py:3239} INFO - Sync 1 DAGs
[2025-07-01T21:18:53.361+0000] {logging_mixin.py:190} INFO - [2025-07-01T21:18:53.361+0000] {dag.py:4180} INFO - Setting next_dagrun for example_params_trigger_ui to None, run_after=None
[2025-07-01T21:18:53.384+0000] {processor.py:208} INFO - Processing /home/airflow/.local/lib/python3.12/site-packages/airflow/example_dags/example_params_trigger_ui.py took 0.151 seconds
[2025-07-01T21:19:23.785+0000] {processor.py:186} INFO - Started process (PID=1739) to work on /home/airflow/.local/lib/python3.12/site-packages/airflow/example_dags/example_params_trigger_ui.py
[2025-07-01T21:19:23.794+0000] {processor.py:914} INFO - Processing file /home/airflow/.local/lib/python3.12/site-packages/airflow/example_dags/example_params_trigger_ui.py for tasks to queue
[2025-07-01T21:19:23.798+0000] {logging_mixin.py:190} INFO - [2025-07-01T21:19:23.797+0000] {dagbag.py:588} INFO - Filling up the DagBag from /home/airflow/.local/lib/python3.12/site-packages/airflow/example_dags/example_params_trigger_ui.py
[2025-07-01T21:19:23.811+0000] {processor.py:925} INFO - DAG(s) 'example_params_trigger_ui' retrieved from /home/airflow/.local/lib/python3.12/site-packages/airflow/example_dags/example_params_trigger_ui.py
[2025-07-01T21:19:23.863+0000] {logging_mixin.py:190} INFO - [2025-07-01T21:19:23.863+0000] {dag.py:3239} INFO - Sync 1 DAGs
[2025-07-01T21:19:23.881+0000] {logging_mixin.py:190} INFO - [2025-07-01T21:19:23.881+0000] {dag.py:4180} INFO - Setting next_dagrun for example_params_trigger_ui to None, run_after=None
[2025-07-01T21:19:23.914+0000] {processor.py:208} INFO - Processing /home/airflow/.local/lib/python3.12/site-packages/airflow/example_dags/example_params_trigger_ui.py took 0.141 seconds
[2025-07-01T21:19:54.056+0000] {processor.py:186} INFO - Started process (PID=1803) to work on /home/airflow/.local/lib/python3.12/site-packages/airflow/example_dags/example_params_trigger_ui.py
[2025-07-01T21:19:54.057+0000] {processor.py:914} INFO - Processing file /home/airflow/.local/lib/python3.12/site-packages/airflow/example_dags/example_params_trigger_ui.py for tasks to queue
[2025-07-01T21:19:54.059+0000] {logging_mixin.py:190} INFO - [2025-07-01T21:19:54.059+0000] {dagbag.py:588} INFO - Filling up the DagBag from /home/airflow/.local/lib/python3.12/site-packages/airflow/example_dags/example_params_trigger_ui.py
[2025-07-01T21:19:54.071+0000] {processor.py:925} INFO - DAG(s) 'example_params_trigger_ui' retrieved from /home/airflow/.local/lib/python3.12/site-packages/airflow/example_dags/example_params_trigger_ui.py
[2025-07-01T21:19:54.145+0000] {logging_mixin.py:190} INFO - [2025-07-01T21:19:54.145+0000] {dag.py:3239} INFO - Sync 1 DAGs
[2025-07-01T21:19:54.167+0000] {logging_mixin.py:190} INFO - [2025-07-01T21:19:54.167+0000] {dag.py:4180} INFO - Setting next_dagrun for example_params_trigger_ui to None, run_after=None
[2025-07-01T21:19:54.195+0000] {processor.py:208} INFO - Processing /home/airflow/.local/lib/python3.12/site-packages/airflow/example_dags/example_params_trigger_ui.py took 0.146 seconds
[2025-07-01T21:20:25.028+0000] {processor.py:186} INFO - Started process (PID=1865) to work on /home/airflow/.local/lib/python3.12/site-packages/airflow/example_dags/example_params_trigger_ui.py
[2025-07-01T21:20:25.030+0000] {processor.py:914} INFO - Processing file /home/airflow/.local/lib/python3.12/site-packages/airflow/example_dags/example_params_trigger_ui.py for tasks to queue
[2025-07-01T21:20:25.034+0000] {logging_mixin.py:190} INFO - [2025-07-01T21:20:25.033+0000] {dagbag.py:588} INFO - Filling up the DagBag from /home/airflow/.local/lib/python3.12/site-packages/airflow/example_dags/example_params_trigger_ui.py
[2025-07-01T21:20:25.058+0000] {processor.py:925} INFO - DAG(s) 'example_params_trigger_ui' retrieved from /home/airflow/.local/lib/python3.12/site-packages/airflow/example_dags/example_params_trigger_ui.py
[2025-07-01T21:20:25.135+0000] {logging_mixin.py:190} INFO - [2025-07-01T21:20:25.135+0000] {dag.py:3239} INFO - Sync 1 DAGs
[2025-07-01T21:20:25.161+0000] {logging_mixin.py:190} INFO - [2025-07-01T21:20:25.160+0000] {dag.py:4180} INFO - Setting next_dagrun for example_params_trigger_ui to None, run_after=None
[2025-07-01T21:20:25.186+0000] {processor.py:208} INFO - Processing /home/airflow/.local/lib/python3.12/site-packages/airflow/example_dags/example_params_trigger_ui.py took 0.168 seconds
[2025-07-01T21:20:56.532+0000] {processor.py:186} INFO - Started process (PID=1928) to work on /home/airflow/.local/lib/python3.12/site-packages/airflow/example_dags/example_params_trigger_ui.py
[2025-07-01T21:20:56.533+0000] {processor.py:914} INFO - Processing file /home/airflow/.local/lib/python3.12/site-packages/airflow/example_dags/example_params_trigger_ui.py for tasks to queue
[2025-07-01T21:20:56.536+0000] {logging_mixin.py:190} INFO - [2025-07-01T21:20:56.535+0000] {dagbag.py:588} INFO - Filling up the DagBag from /home/airflow/.local/lib/python3.12/site-packages/airflow/example_dags/example_params_trigger_ui.py
[2025-07-01T21:20:56.547+0000] {processor.py:925} INFO - DAG(s) 'example_params_trigger_ui' retrieved from /home/airflow/.local/lib/python3.12/site-packages/airflow/example_dags/example_params_trigger_ui.py
[2025-07-01T21:20:56.600+0000] {logging_mixin.py:190} INFO - [2025-07-01T21:20:56.600+0000] {dag.py:3239} INFO - Sync 1 DAGs
[2025-07-01T21:20:56.616+0000] {logging_mixin.py:190} INFO - [2025-07-01T21:20:56.616+0000] {dag.py:4180} INFO - Setting next_dagrun for example_params_trigger_ui to None, run_after=None
[2025-07-01T21:20:56.635+0000] {processor.py:208} INFO - Processing /home/airflow/.local/lib/python3.12/site-packages/airflow/example_dags/example_params_trigger_ui.py took 0.109 seconds
[2025-07-01T21:21:27.267+0000] {processor.py:186} INFO - Started process (PID=1991) to work on /home/airflow/.local/lib/python3.12/site-packages/airflow/example_dags/example_params_trigger_ui.py
[2025-07-01T21:21:27.268+0000] {processor.py:914} INFO - Processing file /home/airflow/.local/lib/python3.12/site-packages/airflow/example_dags/example_params_trigger_ui.py for tasks to queue
[2025-07-01T21:21:27.271+0000] {logging_mixin.py:190} INFO - [2025-07-01T21:21:27.270+0000] {dagbag.py:588} INFO - Filling up the DagBag from /home/airflow/.local/lib/python3.12/site-packages/airflow/example_dags/example_params_trigger_ui.py
[2025-07-01T21:21:27.287+0000] {processor.py:925} INFO - DAG(s) 'example_params_trigger_ui' retrieved from /home/airflow/.local/lib/python3.12/site-packages/airflow/example_dags/example_params_trigger_ui.py
[2025-07-01T21:21:27.368+0000] {logging_mixin.py:190} INFO - [2025-07-01T21:21:27.368+0000] {dag.py:3239} INFO - Sync 1 DAGs
[2025-07-01T21:21:27.389+0000] {logging_mixin.py:190} INFO - [2025-07-01T21:21:27.388+0000] {dag.py:4180} INFO - Setting next_dagrun for example_params_trigger_ui to None, run_after=None
[2025-07-01T21:21:27.414+0000] {processor.py:208} INFO - Processing /home/airflow/.local/lib/python3.12/site-packages/airflow/example_dags/example_params_trigger_ui.py took 0.156 seconds
[2025-07-01T21:21:58.751+0000] {processor.py:186} INFO - Started process (PID=2054) to work on /home/airflow/.local/lib/python3.12/site-packages/airflow/example_dags/example_params_trigger_ui.py
[2025-07-01T21:21:58.752+0000] {processor.py:914} INFO - Processing file /home/airflow/.local/lib/python3.12/site-packages/airflow/example_dags/example_params_trigger_ui.py for tasks to queue
[2025-07-01T21:21:58.754+0000] {logging_mixin.py:190} INFO - [2025-07-01T21:21:58.754+0000] {dagbag.py:588} INFO - Filling up the DagBag from /home/airflow/.local/lib/python3.12/site-packages/airflow/example_dags/example_params_trigger_ui.py
[2025-07-01T21:21:58.767+0000] {processor.py:925} INFO - DAG(s) 'example_params_trigger_ui' retrieved from /home/airflow/.local/lib/python3.12/site-packages/airflow/example_dags/example_params_trigger_ui.py
[2025-07-01T21:21:58.813+0000] {logging_mixin.py:190} INFO - [2025-07-01T21:21:58.813+0000] {dag.py:3239} INFO - Sync 1 DAGs
[2025-07-01T21:21:58.828+0000] {logging_mixin.py:190} INFO - [2025-07-01T21:21:58.828+0000] {dag.py:4180} INFO - Setting next_dagrun for example_params_trigger_ui to None, run_after=None
[2025-07-01T21:21:58.849+0000] {processor.py:208} INFO - Processing /home/airflow/.local/lib/python3.12/site-packages/airflow/example_dags/example_params_trigger_ui.py took 0.105 seconds
[2025-07-01T21:22:30.176+0000] {processor.py:186} INFO - Started process (PID=2118) to work on /home/airflow/.local/lib/python3.12/site-packages/airflow/example_dags/example_params_trigger_ui.py
[2025-07-01T21:22:30.177+0000] {processor.py:914} INFO - Processing file /home/airflow/.local/lib/python3.12/site-packages/airflow/example_dags/example_params_trigger_ui.py for tasks to queue
[2025-07-01T21:22:30.180+0000] {logging_mixin.py:190} INFO - [2025-07-01T21:22:30.180+0000] {dagbag.py:588} INFO - Filling up the DagBag from /home/airflow/.local/lib/python3.12/site-packages/airflow/example_dags/example_params_trigger_ui.py
[2025-07-01T21:22:30.195+0000] {processor.py:925} INFO - DAG(s) 'example_params_trigger_ui' retrieved from /home/airflow/.local/lib/python3.12/site-packages/airflow/example_dags/example_params_trigger_ui.py
[2025-07-01T21:22:30.264+0000] {logging_mixin.py:190} INFO - [2025-07-01T21:22:30.263+0000] {dag.py:3239} INFO - Sync 1 DAGs
[2025-07-01T21:22:30.282+0000] {logging_mixin.py:190} INFO - [2025-07-01T21:22:30.282+0000] {dag.py:4180} INFO - Setting next_dagrun for example_params_trigger_ui to None, run_after=None
[2025-07-01T21:22:30.312+0000] {processor.py:208} INFO - Processing /home/airflow/.local/lib/python3.12/site-packages/airflow/example_dags/example_params_trigger_ui.py took 0.145 seconds
[2025-07-01T21:23:01.675+0000] {processor.py:186} INFO - Started process (PID=2181) to work on /home/airflow/.local/lib/python3.12/site-packages/airflow/example_dags/example_params_trigger_ui.py
[2025-07-01T21:23:01.676+0000] {processor.py:914} INFO - Processing file /home/airflow/.local/lib/python3.12/site-packages/airflow/example_dags/example_params_trigger_ui.py for tasks to queue
[2025-07-01T21:23:01.681+0000] {logging_mixin.py:190} INFO - [2025-07-01T21:23:01.680+0000] {dagbag.py:588} INFO - Filling up the DagBag from /home/airflow/.local/lib/python3.12/site-packages/airflow/example_dags/example_params_trigger_ui.py
[2025-07-01T21:23:01.704+0000] {processor.py:925} INFO - DAG(s) 'example_params_trigger_ui' retrieved from /home/airflow/.local/lib/python3.12/site-packages/airflow/example_dags/example_params_trigger_ui.py
[2025-07-01T21:23:01.773+0000] {logging_mixin.py:190} INFO - [2025-07-01T21:23:01.773+0000] {dag.py:3239} INFO - Sync 1 DAGs
[2025-07-01T21:23:01.792+0000] {logging_mixin.py:190} INFO - [2025-07-01T21:23:01.792+0000] {dag.py:4180} INFO - Setting next_dagrun for example_params_trigger_ui to None, run_after=None
[2025-07-01T21:23:01.823+0000] {processor.py:208} INFO - Processing /home/airflow/.local/lib/python3.12/site-packages/airflow/example_dags/example_params_trigger_ui.py took 0.164 seconds
[2025-07-01T21:23:32.932+0000] {processor.py:186} INFO - Started process (PID=2244) to work on /home/airflow/.local/lib/python3.12/site-packages/airflow/example_dags/example_params_trigger_ui.py
[2025-07-01T21:23:32.933+0000] {processor.py:914} INFO - Processing file /home/airflow/.local/lib/python3.12/site-packages/airflow/example_dags/example_params_trigger_ui.py for tasks to queue
[2025-07-01T21:23:32.936+0000] {logging_mixin.py:190} INFO - [2025-07-01T21:23:32.935+0000] {dagbag.py:588} INFO - Filling up the DagBag from /home/airflow/.local/lib/python3.12/site-packages/airflow/example_dags/example_params_trigger_ui.py
[2025-07-01T21:23:32.948+0000] {processor.py:925} INFO - DAG(s) 'example_params_trigger_ui' retrieved from /home/airflow/.local/lib/python3.12/site-packages/airflow/example_dags/example_params_trigger_ui.py
[2025-07-01T21:23:32.997+0000] {logging_mixin.py:190} INFO - [2025-07-01T21:23:32.996+0000] {dag.py:3239} INFO - Sync 1 DAGs
[2025-07-01T21:23:33.013+0000] {logging_mixin.py:190} INFO - [2025-07-01T21:23:33.013+0000] {dag.py:4180} INFO - Setting next_dagrun for example_params_trigger_ui to None, run_after=None
[2025-07-01T21:23:33.033+0000] {processor.py:208} INFO - Processing /home/airflow/.local/lib/python3.12/site-packages/airflow/example_dags/example_params_trigger_ui.py took 0.108 seconds
[2025-07-01T21:24:04.399+0000] {processor.py:186} INFO - Started process (PID=2306) to work on /home/airflow/.local/lib/python3.12/site-packages/airflow/example_dags/example_params_trigger_ui.py
[2025-07-01T21:24:04.400+0000] {processor.py:914} INFO - Processing file /home/airflow/.local/lib/python3.12/site-packages/airflow/example_dags/example_params_trigger_ui.py for tasks to queue
[2025-07-01T21:24:04.403+0000] {logging_mixin.py:190} INFO - [2025-07-01T21:24:04.403+0000] {dagbag.py:588} INFO - Filling up the DagBag from /home/airflow/.local/lib/python3.12/site-packages/airflow/example_dags/example_params_trigger_ui.py
[2025-07-01T21:24:04.419+0000] {processor.py:925} INFO - DAG(s) 'example_params_trigger_ui' retrieved from /home/airflow/.local/lib/python3.12/site-packages/airflow/example_dags/example_params_trigger_ui.py
[2025-07-01T21:24:04.470+0000] {logging_mixin.py:190} INFO - [2025-07-01T21:24:04.470+0000] {dag.py:3239} INFO - Sync 1 DAGs
[2025-07-01T21:24:04.492+0000] {logging_mixin.py:190} INFO - [2025-07-01T21:24:04.492+0000] {dag.py:4180} INFO - Setting next_dagrun for example_params_trigger_ui to None, run_after=None
[2025-07-01T21:24:04.514+0000] {processor.py:208} INFO - Processing /home/airflow/.local/lib/python3.12/site-packages/airflow/example_dags/example_params_trigger_ui.py took 0.123 seconds
