[2025-07-01T17:21:04.801+0000] {processor.py:186} INFO - Started process (PID=6318) to work on /home/airflow/.local/lib/python3.12/site-packages/airflow/example_dags/example_branch_python_dop_operator_3.py
[2025-07-01T17:21:04.803+0000] {processor.py:914} INFO - Processing file /home/airflow/.local/lib/python3.12/site-packages/airflow/example_dags/example_branch_python_dop_operator_3.py for tasks to queue
[2025-07-01T17:21:04.807+0000] {logging_mixin.py:190} INFO - [2025-07-01T17:21:04.806+0000] {dagbag.py:588} INFO - Filling up the DagBag from /home/airflow/.local/lib/python3.12/site-packages/airflow/example_dags/example_branch_python_dop_operator_3.py
[2025-07-01T17:21:04.827+0000] {processor.py:925} INFO - DAG(s) 'example_branch_dop_operator_v3' retrieved from /home/airflow/.local/lib/python3.12/site-packages/airflow/example_dags/example_branch_python_dop_operator_3.py
[2025-07-01T17:21:04.869+0000] {logging_mixin.py:190} INFO - [2025-07-01T17:21:04.869+0000] {dag.py:3239} INFO - Sync 1 DAGs
[2025-07-01T17:21:04.940+0000] {logging_mixin.py:190} INFO - [2025-07-01T17:21:04.940+0000] {dag.py:4180} INFO - Setting next_dagrun for example_branch_dop_operator_v3 to 2025-07-01 17:20:00+00:00, run_after=2025-07-01 17:21:00+00:00
[2025-07-01T17:21:04.979+0000] {processor.py:208} INFO - Processing /home/airflow/.local/lib/python3.12/site-packages/airflow/example_dags/example_branch_python_dop_operator_3.py took 0.190 seconds
[2025-07-01T21:06:00.289+0000] {processor.py:186} INFO - Started process (PID=107) to work on /home/airflow/.local/lib/python3.12/site-packages/airflow/example_dags/example_branch_python_dop_operator_3.py
[2025-07-01T21:06:00.290+0000] {processor.py:914} INFO - Processing file /home/airflow/.local/lib/python3.12/site-packages/airflow/example_dags/example_branch_python_dop_operator_3.py for tasks to queue
[2025-07-01T21:06:00.292+0000] {logging_mixin.py:190} INFO - [2025-07-01T21:06:00.292+0000] {dagbag.py:588} INFO - Filling up the DagBag from /home/airflow/.local/lib/python3.12/site-packages/airflow/example_dags/example_branch_python_dop_operator_3.py
[2025-07-01T21:06:00.309+0000] {processor.py:925} INFO - DAG(s) 'example_branch_dop_operator_v3' retrieved from /home/airflow/.local/lib/python3.12/site-packages/airflow/example_dags/example_branch_python_dop_operator_3.py
[2025-07-01T21:06:00.336+0000] {logging_mixin.py:190} INFO - [2025-07-01T21:06:00.336+0000] {dag.py:3239} INFO - Sync 1 DAGs
[2025-07-01T21:06:00.373+0000] {logging_mixin.py:190} INFO - [2025-07-01T21:06:00.373+0000] {dag.py:4180} INFO - Setting next_dagrun for example_branch_dop_operator_v3 to 2025-07-01 21:05:00+00:00, run_after=2025-07-01 21:06:00+00:00
[2025-07-01T21:06:00.399+0000] {processor.py:208} INFO - Processing /home/airflow/.local/lib/python3.12/site-packages/airflow/example_dags/example_branch_python_dop_operator_3.py took 0.120 seconds
[2025-07-01T21:06:30.899+0000] {processor.py:186} INFO - Started process (PID=170) to work on /home/airflow/.local/lib/python3.12/site-packages/airflow/example_dags/example_branch_python_dop_operator_3.py
[2025-07-01T21:06:30.900+0000] {processor.py:914} INFO - Processing file /home/airflow/.local/lib/python3.12/site-packages/airflow/example_dags/example_branch_python_dop_operator_3.py for tasks to queue
[2025-07-01T21:06:30.903+0000] {logging_mixin.py:190} INFO - [2025-07-01T21:06:30.902+0000] {dagbag.py:588} INFO - Filling up the DagBag from /home/airflow/.local/lib/python3.12/site-packages/airflow/example_dags/example_branch_python_dop_operator_3.py
[2025-07-01T21:06:30.914+0000] {processor.py:925} INFO - DAG(s) 'example_branch_dop_operator_v3' retrieved from /home/airflow/.local/lib/python3.12/site-packages/airflow/example_dags/example_branch_python_dop_operator_3.py
[2025-07-01T21:06:30.936+0000] {logging_mixin.py:190} INFO - [2025-07-01T21:06:30.936+0000] {dag.py:3239} INFO - Sync 1 DAGs
[2025-07-01T21:06:30.967+0000] {logging_mixin.py:190} INFO - [2025-07-01T21:06:30.967+0000] {dag.py:4180} INFO - Setting next_dagrun for example_branch_dop_operator_v3 to 2025-07-01 21:05:00+00:00, run_after=2025-07-01 21:06:00+00:00
[2025-07-01T21:06:30.992+0000] {processor.py:208} INFO - Processing /home/airflow/.local/lib/python3.12/site-packages/airflow/example_dags/example_branch_python_dop_operator_3.py took 0.100 seconds
[2025-07-01T21:07:03.450+0000] {processor.py:186} INFO - Started process (PID=233) to work on /home/airflow/.local/lib/python3.12/site-packages/airflow/example_dags/example_branch_python_dop_operator_3.py
[2025-07-01T21:07:03.451+0000] {processor.py:914} INFO - Processing file /home/airflow/.local/lib/python3.12/site-packages/airflow/example_dags/example_branch_python_dop_operator_3.py for tasks to queue
[2025-07-01T21:07:03.456+0000] {logging_mixin.py:190} INFO - [2025-07-01T21:07:03.456+0000] {dagbag.py:588} INFO - Filling up the DagBag from /home/airflow/.local/lib/python3.12/site-packages/airflow/example_dags/example_branch_python_dop_operator_3.py
[2025-07-01T21:07:03.480+0000] {processor.py:925} INFO - DAG(s) 'example_branch_dop_operator_v3' retrieved from /home/airflow/.local/lib/python3.12/site-packages/airflow/example_dags/example_branch_python_dop_operator_3.py
[2025-07-01T21:07:03.532+0000] {logging_mixin.py:190} INFO - [2025-07-01T21:07:03.532+0000] {dag.py:3239} INFO - Sync 1 DAGs
[2025-07-01T21:07:03.603+0000] {logging_mixin.py:190} INFO - [2025-07-01T21:07:03.603+0000] {dag.py:4180} INFO - Setting next_dagrun for example_branch_dop_operator_v3 to 2025-07-01 21:06:00+00:00, run_after=2025-07-01 21:07:00+00:00
[2025-07-01T21:07:03.655+0000] {processor.py:208} INFO - Processing /home/airflow/.local/lib/python3.12/site-packages/airflow/example_dags/example_branch_python_dop_operator_3.py took 0.224 seconds
[2025-07-01T21:07:37.994+0000] {processor.py:186} INFO - Started process (PID=296) to work on /home/airflow/.local/lib/python3.12/site-packages/airflow/example_dags/example_branch_python_dop_operator_3.py
[2025-07-01T21:07:37.997+0000] {processor.py:914} INFO - Processing file /home/airflow/.local/lib/python3.12/site-packages/airflow/example_dags/example_branch_python_dop_operator_3.py for tasks to queue
[2025-07-01T21:07:38.006+0000] {logging_mixin.py:190} INFO - [2025-07-01T21:07:38.005+0000] {dagbag.py:588} INFO - Filling up the DagBag from /home/airflow/.local/lib/python3.12/site-packages/airflow/example_dags/example_branch_python_dop_operator_3.py
[2025-07-01T21:07:38.033+0000] {processor.py:925} INFO - DAG(s) 'example_branch_dop_operator_v3' retrieved from /home/airflow/.local/lib/python3.12/site-packages/airflow/example_dags/example_branch_python_dop_operator_3.py
[2025-07-01T21:07:38.083+0000] {logging_mixin.py:190} INFO - [2025-07-01T21:07:38.083+0000] {dag.py:3239} INFO - Sync 1 DAGs
[2025-07-01T21:07:38.158+0000] {logging_mixin.py:190} INFO - [2025-07-01T21:07:38.158+0000] {dag.py:4180} INFO - Setting next_dagrun for example_branch_dop_operator_v3 to 2025-07-01 21:06:00+00:00, run_after=2025-07-01 21:07:00+00:00
[2025-07-01T21:07:38.210+0000] {processor.py:208} INFO - Processing /home/airflow/.local/lib/python3.12/site-packages/airflow/example_dags/example_branch_python_dop_operator_3.py took 0.229 seconds
[2025-07-01T21:08:12.294+0000] {processor.py:186} INFO - Started process (PID=359) to work on /home/airflow/.local/lib/python3.12/site-packages/airflow/example_dags/example_branch_python_dop_operator_3.py
[2025-07-01T21:08:12.299+0000] {processor.py:914} INFO - Processing file /home/airflow/.local/lib/python3.12/site-packages/airflow/example_dags/example_branch_python_dop_operator_3.py for tasks to queue
[2025-07-01T21:08:12.310+0000] {logging_mixin.py:190} INFO - [2025-07-01T21:08:12.309+0000] {dagbag.py:588} INFO - Filling up the DagBag from /home/airflow/.local/lib/python3.12/site-packages/airflow/example_dags/example_branch_python_dop_operator_3.py
[2025-07-01T21:08:12.370+0000] {processor.py:925} INFO - DAG(s) 'example_branch_dop_operator_v3' retrieved from /home/airflow/.local/lib/python3.12/site-packages/airflow/example_dags/example_branch_python_dop_operator_3.py
[2025-07-01T21:08:12.515+0000] {logging_mixin.py:190} INFO - [2025-07-01T21:08:12.514+0000] {dag.py:3239} INFO - Sync 1 DAGs
[2025-07-01T21:08:12.681+0000] {logging_mixin.py:190} INFO - [2025-07-01T21:08:12.678+0000] {dag.py:4180} INFO - Setting next_dagrun for example_branch_dop_operator_v3 to 2025-07-01 21:07:00+00:00, run_after=2025-07-01 21:08:00+00:00
[2025-07-01T21:08:12.773+0000] {processor.py:208} INFO - Processing /home/airflow/.local/lib/python3.12/site-packages/airflow/example_dags/example_branch_python_dop_operator_3.py took 0.515 seconds
[2025-07-01T21:08:43.441+0000] {processor.py:186} INFO - Started process (PID=422) to work on /home/airflow/.local/lib/python3.12/site-packages/airflow/example_dags/example_branch_python_dop_operator_3.py
[2025-07-01T21:08:43.442+0000] {processor.py:914} INFO - Processing file /home/airflow/.local/lib/python3.12/site-packages/airflow/example_dags/example_branch_python_dop_operator_3.py for tasks to queue
[2025-07-01T21:08:43.446+0000] {logging_mixin.py:190} INFO - [2025-07-01T21:08:43.445+0000] {dagbag.py:588} INFO - Filling up the DagBag from /home/airflow/.local/lib/python3.12/site-packages/airflow/example_dags/example_branch_python_dop_operator_3.py
[2025-07-01T21:08:43.457+0000] {processor.py:925} INFO - DAG(s) 'example_branch_dop_operator_v3' retrieved from /home/airflow/.local/lib/python3.12/site-packages/airflow/example_dags/example_branch_python_dop_operator_3.py
[2025-07-01T21:08:43.479+0000] {logging_mixin.py:190} INFO - [2025-07-01T21:08:43.479+0000] {dag.py:3239} INFO - Sync 1 DAGs
[2025-07-01T21:08:43.509+0000] {logging_mixin.py:190} INFO - [2025-07-01T21:08:43.509+0000] {dag.py:4180} INFO - Setting next_dagrun for example_branch_dop_operator_v3 to 2025-07-01 21:07:00+00:00, run_after=2025-07-01 21:08:00+00:00
[2025-07-01T21:08:43.531+0000] {processor.py:208} INFO - Processing /home/airflow/.local/lib/python3.12/site-packages/airflow/example_dags/example_branch_python_dop_operator_3.py took 0.100 seconds
[2025-07-01T21:09:13.662+0000] {processor.py:186} INFO - Started process (PID=483) to work on /home/airflow/.local/lib/python3.12/site-packages/airflow/example_dags/example_branch_python_dop_operator_3.py
[2025-07-01T21:09:13.663+0000] {processor.py:914} INFO - Processing file /home/airflow/.local/lib/python3.12/site-packages/airflow/example_dags/example_branch_python_dop_operator_3.py for tasks to queue
[2025-07-01T21:09:13.665+0000] {logging_mixin.py:190} INFO - [2025-07-01T21:09:13.665+0000] {dagbag.py:588} INFO - Filling up the DagBag from /home/airflow/.local/lib/python3.12/site-packages/airflow/example_dags/example_branch_python_dop_operator_3.py
[2025-07-01T21:09:13.677+0000] {processor.py:925} INFO - DAG(s) 'example_branch_dop_operator_v3' retrieved from /home/airflow/.local/lib/python3.12/site-packages/airflow/example_dags/example_branch_python_dop_operator_3.py
[2025-07-01T21:09:13.702+0000] {logging_mixin.py:190} INFO - [2025-07-01T21:09:13.702+0000] {dag.py:3239} INFO - Sync 1 DAGs
[2025-07-01T21:09:13.730+0000] {logging_mixin.py:190} INFO - [2025-07-01T21:09:13.730+0000] {dag.py:4180} INFO - Setting next_dagrun for example_branch_dop_operator_v3 to 2025-07-01 21:08:00+00:00, run_after=2025-07-01 21:09:00+00:00
[2025-07-01T21:09:13.757+0000] {processor.py:208} INFO - Processing /home/airflow/.local/lib/python3.12/site-packages/airflow/example_dags/example_branch_python_dop_operator_3.py took 0.102 seconds
[2025-07-01T21:09:44.452+0000] {processor.py:186} INFO - Started process (PID=546) to work on /home/airflow/.local/lib/python3.12/site-packages/airflow/example_dags/example_branch_python_dop_operator_3.py
[2025-07-01T21:09:44.460+0000] {processor.py:914} INFO - Processing file /home/airflow/.local/lib/python3.12/site-packages/airflow/example_dags/example_branch_python_dop_operator_3.py for tasks to queue
[2025-07-01T21:09:44.464+0000] {logging_mixin.py:190} INFO - [2025-07-01T21:09:44.463+0000] {dagbag.py:588} INFO - Filling up the DagBag from /home/airflow/.local/lib/python3.12/site-packages/airflow/example_dags/example_branch_python_dop_operator_3.py
[2025-07-01T21:09:44.484+0000] {processor.py:925} INFO - DAG(s) 'example_branch_dop_operator_v3' retrieved from /home/airflow/.local/lib/python3.12/site-packages/airflow/example_dags/example_branch_python_dop_operator_3.py
[2025-07-01T21:09:44.517+0000] {logging_mixin.py:190} INFO - [2025-07-01T21:09:44.516+0000] {dag.py:3239} INFO - Sync 1 DAGs
[2025-07-01T21:09:44.573+0000] {logging_mixin.py:190} INFO - [2025-07-01T21:09:44.573+0000] {dag.py:4180} INFO - Setting next_dagrun for example_branch_dop_operator_v3 to 2025-07-01 21:08:00+00:00, run_after=2025-07-01 21:09:00+00:00
[2025-07-01T21:09:44.602+0000] {processor.py:208} INFO - Processing /home/airflow/.local/lib/python3.12/site-packages/airflow/example_dags/example_branch_python_dop_operator_3.py took 0.163 seconds
[2025-07-01T21:10:14.882+0000] {processor.py:186} INFO - Started process (PID=609) to work on /home/airflow/.local/lib/python3.12/site-packages/airflow/example_dags/example_branch_python_dop_operator_3.py
[2025-07-01T21:10:14.889+0000] {processor.py:914} INFO - Processing file /home/airflow/.local/lib/python3.12/site-packages/airflow/example_dags/example_branch_python_dop_operator_3.py for tasks to queue
[2025-07-01T21:10:14.892+0000] {logging_mixin.py:190} INFO - [2025-07-01T21:10:14.892+0000] {dagbag.py:588} INFO - Filling up the DagBag from /home/airflow/.local/lib/python3.12/site-packages/airflow/example_dags/example_branch_python_dop_operator_3.py
[2025-07-01T21:10:14.905+0000] {processor.py:925} INFO - DAG(s) 'example_branch_dop_operator_v3' retrieved from /home/airflow/.local/lib/python3.12/site-packages/airflow/example_dags/example_branch_python_dop_operator_3.py
[2025-07-01T21:10:14.931+0000] {logging_mixin.py:190} INFO - [2025-07-01T21:10:14.931+0000] {dag.py:3239} INFO - Sync 1 DAGs
[2025-07-01T21:10:14.961+0000] {logging_mixin.py:190} INFO - [2025-07-01T21:10:14.960+0000] {dag.py:4180} INFO - Setting next_dagrun for example_branch_dop_operator_v3 to 2025-07-01 21:09:00+00:00, run_after=2025-07-01 21:10:00+00:00
[2025-07-01T21:10:14.981+0000] {processor.py:208} INFO - Processing /home/airflow/.local/lib/python3.12/site-packages/airflow/example_dags/example_branch_python_dop_operator_3.py took 0.109 seconds
[2025-07-01T21:10:45.787+0000] {processor.py:186} INFO - Started process (PID=672) to work on /home/airflow/.local/lib/python3.12/site-packages/airflow/example_dags/example_branch_python_dop_operator_3.py
[2025-07-01T21:10:45.791+0000] {processor.py:914} INFO - Processing file /home/airflow/.local/lib/python3.12/site-packages/airflow/example_dags/example_branch_python_dop_operator_3.py for tasks to queue
[2025-07-01T21:10:45.793+0000] {logging_mixin.py:190} INFO - [2025-07-01T21:10:45.793+0000] {dagbag.py:588} INFO - Filling up the DagBag from /home/airflow/.local/lib/python3.12/site-packages/airflow/example_dags/example_branch_python_dop_operator_3.py
[2025-07-01T21:10:45.806+0000] {processor.py:925} INFO - DAG(s) 'example_branch_dop_operator_v3' retrieved from /home/airflow/.local/lib/python3.12/site-packages/airflow/example_dags/example_branch_python_dop_operator_3.py
[2025-07-01T21:10:45.835+0000] {logging_mixin.py:190} INFO - [2025-07-01T21:10:45.835+0000] {dag.py:3239} INFO - Sync 1 DAGs
[2025-07-01T21:10:45.874+0000] {logging_mixin.py:190} INFO - [2025-07-01T21:10:45.873+0000] {dag.py:4180} INFO - Setting next_dagrun for example_branch_dop_operator_v3 to 2025-07-01 21:09:00+00:00, run_after=2025-07-01 21:10:00+00:00
[2025-07-01T21:10:45.898+0000] {processor.py:208} INFO - Processing /home/airflow/.local/lib/python3.12/site-packages/airflow/example_dags/example_branch_python_dop_operator_3.py took 0.122 seconds
[2025-07-01T21:11:16.695+0000] {processor.py:186} INFO - Started process (PID=735) to work on /home/airflow/.local/lib/python3.12/site-packages/airflow/example_dags/example_branch_python_dop_operator_3.py
[2025-07-01T21:11:16.702+0000] {processor.py:914} INFO - Processing file /home/airflow/.local/lib/python3.12/site-packages/airflow/example_dags/example_branch_python_dop_operator_3.py for tasks to queue
[2025-07-01T21:11:16.714+0000] {logging_mixin.py:190} INFO - [2025-07-01T21:11:16.712+0000] {dagbag.py:588} INFO - Filling up the DagBag from /home/airflow/.local/lib/python3.12/site-packages/airflow/example_dags/example_branch_python_dop_operator_3.py
[2025-07-01T21:11:16.739+0000] {processor.py:925} INFO - DAG(s) 'example_branch_dop_operator_v3' retrieved from /home/airflow/.local/lib/python3.12/site-packages/airflow/example_dags/example_branch_python_dop_operator_3.py
[2025-07-01T21:11:16.765+0000] {logging_mixin.py:190} INFO - [2025-07-01T21:11:16.765+0000] {dag.py:3239} INFO - Sync 1 DAGs
[2025-07-01T21:11:16.803+0000] {logging_mixin.py:190} INFO - [2025-07-01T21:11:16.803+0000] {dag.py:4180} INFO - Setting next_dagrun for example_branch_dop_operator_v3 to 2025-07-01 21:10:00+00:00, run_after=2025-07-01 21:11:00+00:00
[2025-07-01T21:11:16.823+0000] {processor.py:208} INFO - Processing /home/airflow/.local/lib/python3.12/site-packages/airflow/example_dags/example_branch_python_dop_operator_3.py took 0.165 seconds
[2025-07-01T21:11:47.345+0000] {processor.py:186} INFO - Started process (PID=798) to work on /home/airflow/.local/lib/python3.12/site-packages/airflow/example_dags/example_branch_python_dop_operator_3.py
[2025-07-01T21:11:47.352+0000] {processor.py:914} INFO - Processing file /home/airflow/.local/lib/python3.12/site-packages/airflow/example_dags/example_branch_python_dop_operator_3.py for tasks to queue
[2025-07-01T21:11:47.355+0000] {logging_mixin.py:190} INFO - [2025-07-01T21:11:47.354+0000] {dagbag.py:588} INFO - Filling up the DagBag from /home/airflow/.local/lib/python3.12/site-packages/airflow/example_dags/example_branch_python_dop_operator_3.py
[2025-07-01T21:11:47.366+0000] {processor.py:925} INFO - DAG(s) 'example_branch_dop_operator_v3' retrieved from /home/airflow/.local/lib/python3.12/site-packages/airflow/example_dags/example_branch_python_dop_operator_3.py
[2025-07-01T21:11:47.389+0000] {logging_mixin.py:190} INFO - [2025-07-01T21:11:47.389+0000] {dag.py:3239} INFO - Sync 1 DAGs
[2025-07-01T21:11:47.421+0000] {logging_mixin.py:190} INFO - [2025-07-01T21:11:47.420+0000] {dag.py:4180} INFO - Setting next_dagrun for example_branch_dop_operator_v3 to 2025-07-01 21:10:00+00:00, run_after=2025-07-01 21:11:00+00:00
[2025-07-01T21:11:47.442+0000] {processor.py:208} INFO - Processing /home/airflow/.local/lib/python3.12/site-packages/airflow/example_dags/example_branch_python_dop_operator_3.py took 0.104 seconds
[2025-07-01T21:12:17.906+0000] {processor.py:186} INFO - Started process (PID=861) to work on /home/airflow/.local/lib/python3.12/site-packages/airflow/example_dags/example_branch_python_dop_operator_3.py
[2025-07-01T21:12:17.907+0000] {processor.py:914} INFO - Processing file /home/airflow/.local/lib/python3.12/site-packages/airflow/example_dags/example_branch_python_dop_operator_3.py for tasks to queue
[2025-07-01T21:12:17.910+0000] {logging_mixin.py:190} INFO - [2025-07-01T21:12:17.909+0000] {dagbag.py:588} INFO - Filling up the DagBag from /home/airflow/.local/lib/python3.12/site-packages/airflow/example_dags/example_branch_python_dop_operator_3.py
[2025-07-01T21:12:17.924+0000] {processor.py:925} INFO - DAG(s) 'example_branch_dop_operator_v3' retrieved from /home/airflow/.local/lib/python3.12/site-packages/airflow/example_dags/example_branch_python_dop_operator_3.py
[2025-07-01T21:12:17.952+0000] {logging_mixin.py:190} INFO - [2025-07-01T21:12:17.951+0000] {dag.py:3239} INFO - Sync 1 DAGs
[2025-07-01T21:12:17.988+0000] {logging_mixin.py:190} INFO - [2025-07-01T21:12:17.987+0000] {dag.py:4180} INFO - Setting next_dagrun for example_branch_dop_operator_v3 to 2025-07-01 21:11:00+00:00, run_after=2025-07-01 21:12:00+00:00
[2025-07-01T21:12:18.008+0000] {processor.py:208} INFO - Processing /home/airflow/.local/lib/python3.12/site-packages/airflow/example_dags/example_branch_python_dop_operator_3.py took 0.109 seconds
[2025-07-01T21:12:48.361+0000] {processor.py:186} INFO - Started process (PID=924) to work on /home/airflow/.local/lib/python3.12/site-packages/airflow/example_dags/example_branch_python_dop_operator_3.py
[2025-07-01T21:12:48.363+0000] {processor.py:914} INFO - Processing file /home/airflow/.local/lib/python3.12/site-packages/airflow/example_dags/example_branch_python_dop_operator_3.py for tasks to queue
[2025-07-01T21:12:48.367+0000] {logging_mixin.py:190} INFO - [2025-07-01T21:12:48.367+0000] {dagbag.py:588} INFO - Filling up the DagBag from /home/airflow/.local/lib/python3.12/site-packages/airflow/example_dags/example_branch_python_dop_operator_3.py
[2025-07-01T21:12:48.384+0000] {processor.py:925} INFO - DAG(s) 'example_branch_dop_operator_v3' retrieved from /home/airflow/.local/lib/python3.12/site-packages/airflow/example_dags/example_branch_python_dop_operator_3.py
[2025-07-01T21:12:48.416+0000] {logging_mixin.py:190} INFO - [2025-07-01T21:12:48.415+0000] {dag.py:3239} INFO - Sync 1 DAGs
[2025-07-01T21:12:48.464+0000] {logging_mixin.py:190} INFO - [2025-07-01T21:12:48.464+0000] {dag.py:4180} INFO - Setting next_dagrun for example_branch_dop_operator_v3 to 2025-07-01 21:11:00+00:00, run_after=2025-07-01 21:12:00+00:00
[2025-07-01T21:12:48.492+0000] {processor.py:208} INFO - Processing /home/airflow/.local/lib/python3.12/site-packages/airflow/example_dags/example_branch_python_dop_operator_3.py took 0.140 seconds
[2025-07-01T21:13:18.722+0000] {processor.py:186} INFO - Started process (PID=987) to work on /home/airflow/.local/lib/python3.12/site-packages/airflow/example_dags/example_branch_python_dop_operator_3.py
[2025-07-01T21:13:18.724+0000] {processor.py:914} INFO - Processing file /home/airflow/.local/lib/python3.12/site-packages/airflow/example_dags/example_branch_python_dop_operator_3.py for tasks to queue
[2025-07-01T21:13:18.730+0000] {logging_mixin.py:190} INFO - [2025-07-01T21:13:18.729+0000] {dagbag.py:588} INFO - Filling up the DagBag from /home/airflow/.local/lib/python3.12/site-packages/airflow/example_dags/example_branch_python_dop_operator_3.py
[2025-07-01T21:13:18.752+0000] {processor.py:925} INFO - DAG(s) 'example_branch_dop_operator_v3' retrieved from /home/airflow/.local/lib/python3.12/site-packages/airflow/example_dags/example_branch_python_dop_operator_3.py
[2025-07-01T21:13:18.835+0000] {logging_mixin.py:190} INFO - [2025-07-01T21:13:18.834+0000] {dag.py:3239} INFO - Sync 1 DAGs
[2025-07-01T21:13:18.954+0000] {logging_mixin.py:190} INFO - [2025-07-01T21:13:18.954+0000] {dag.py:4180} INFO - Setting next_dagrun for example_branch_dop_operator_v3 to 2025-07-01 21:12:00+00:00, run_after=2025-07-01 21:13:00+00:00
[2025-07-01T21:13:19.028+0000] {processor.py:208} INFO - Processing /home/airflow/.local/lib/python3.12/site-packages/airflow/example_dags/example_branch_python_dop_operator_3.py took 0.319 seconds
[2025-07-01T21:13:49.293+0000] {processor.py:186} INFO - Started process (PID=1051) to work on /home/airflow/.local/lib/python3.12/site-packages/airflow/example_dags/example_branch_python_dop_operator_3.py
[2025-07-01T21:13:49.295+0000] {processor.py:914} INFO - Processing file /home/airflow/.local/lib/python3.12/site-packages/airflow/example_dags/example_branch_python_dop_operator_3.py for tasks to queue
[2025-07-01T21:13:49.300+0000] {logging_mixin.py:190} INFO - [2025-07-01T21:13:49.299+0000] {dagbag.py:588} INFO - Filling up the DagBag from /home/airflow/.local/lib/python3.12/site-packages/airflow/example_dags/example_branch_python_dop_operator_3.py
[2025-07-01T21:13:49.325+0000] {processor.py:925} INFO - DAG(s) 'example_branch_dop_operator_v3' retrieved from /home/airflow/.local/lib/python3.12/site-packages/airflow/example_dags/example_branch_python_dop_operator_3.py
[2025-07-01T21:13:49.366+0000] {logging_mixin.py:190} INFO - [2025-07-01T21:13:49.366+0000] {dag.py:3239} INFO - Sync 1 DAGs
[2025-07-01T21:13:49.430+0000] {logging_mixin.py:190} INFO - [2025-07-01T21:13:49.429+0000] {dag.py:4180} INFO - Setting next_dagrun for example_branch_dop_operator_v3 to 2025-07-01 21:12:00+00:00, run_after=2025-07-01 21:13:00+00:00
[2025-07-01T21:13:49.466+0000] {processor.py:208} INFO - Processing /home/airflow/.local/lib/python3.12/site-packages/airflow/example_dags/example_branch_python_dop_operator_3.py took 0.186 seconds
[2025-07-01T21:14:19.613+0000] {processor.py:186} INFO - Started process (PID=1114) to work on /home/airflow/.local/lib/python3.12/site-packages/airflow/example_dags/example_branch_python_dop_operator_3.py
[2025-07-01T21:14:19.615+0000] {processor.py:914} INFO - Processing file /home/airflow/.local/lib/python3.12/site-packages/airflow/example_dags/example_branch_python_dop_operator_3.py for tasks to queue
[2025-07-01T21:14:19.619+0000] {logging_mixin.py:190} INFO - [2025-07-01T21:14:19.618+0000] {dagbag.py:588} INFO - Filling up the DagBag from /home/airflow/.local/lib/python3.12/site-packages/airflow/example_dags/example_branch_python_dop_operator_3.py
[2025-07-01T21:14:19.637+0000] {processor.py:925} INFO - DAG(s) 'example_branch_dop_operator_v3' retrieved from /home/airflow/.local/lib/python3.12/site-packages/airflow/example_dags/example_branch_python_dop_operator_3.py
[2025-07-01T21:14:19.678+0000] {logging_mixin.py:190} INFO - [2025-07-01T21:14:19.678+0000] {dag.py:3239} INFO - Sync 1 DAGs
[2025-07-01T21:14:19.735+0000] {logging_mixin.py:190} INFO - [2025-07-01T21:14:19.734+0000] {dag.py:4180} INFO - Setting next_dagrun for example_branch_dop_operator_v3 to 2025-07-01 21:13:00+00:00, run_after=2025-07-01 21:14:00+00:00
[2025-07-01T21:14:19.767+0000] {processor.py:208} INFO - Processing /home/airflow/.local/lib/python3.12/site-packages/airflow/example_dags/example_branch_python_dop_operator_3.py took 0.166 seconds
[2025-07-01T21:14:50.014+0000] {processor.py:186} INFO - Started process (PID=1177) to work on /home/airflow/.local/lib/python3.12/site-packages/airflow/example_dags/example_branch_python_dop_operator_3.py
[2025-07-01T21:14:50.015+0000] {processor.py:914} INFO - Processing file /home/airflow/.local/lib/python3.12/site-packages/airflow/example_dags/example_branch_python_dop_operator_3.py for tasks to queue
[2025-07-01T21:14:50.018+0000] {logging_mixin.py:190} INFO - [2025-07-01T21:14:50.018+0000] {dagbag.py:588} INFO - Filling up the DagBag from /home/airflow/.local/lib/python3.12/site-packages/airflow/example_dags/example_branch_python_dop_operator_3.py
[2025-07-01T21:14:50.031+0000] {processor.py:925} INFO - DAG(s) 'example_branch_dop_operator_v3' retrieved from /home/airflow/.local/lib/python3.12/site-packages/airflow/example_dags/example_branch_python_dop_operator_3.py
[2025-07-01T21:14:50.055+0000] {logging_mixin.py:190} INFO - [2025-07-01T21:14:50.054+0000] {dag.py:3239} INFO - Sync 1 DAGs
[2025-07-01T21:14:50.083+0000] {logging_mixin.py:190} INFO - [2025-07-01T21:14:50.083+0000] {dag.py:4180} INFO - Setting next_dagrun for example_branch_dop_operator_v3 to 2025-07-01 21:13:00+00:00, run_after=2025-07-01 21:14:00+00:00
[2025-07-01T21:14:50.103+0000] {processor.py:208} INFO - Processing /home/airflow/.local/lib/python3.12/site-packages/airflow/example_dags/example_branch_python_dop_operator_3.py took 0.096 seconds
[2025-07-01T21:15:20.435+0000] {processor.py:186} INFO - Started process (PID=1240) to work on /home/airflow/.local/lib/python3.12/site-packages/airflow/example_dags/example_branch_python_dop_operator_3.py
[2025-07-01T21:15:20.436+0000] {processor.py:914} INFO - Processing file /home/airflow/.local/lib/python3.12/site-packages/airflow/example_dags/example_branch_python_dop_operator_3.py for tasks to queue
[2025-07-01T21:15:20.438+0000] {logging_mixin.py:190} INFO - [2025-07-01T21:15:20.438+0000] {dagbag.py:588} INFO - Filling up the DagBag from /home/airflow/.local/lib/python3.12/site-packages/airflow/example_dags/example_branch_python_dop_operator_3.py
[2025-07-01T21:15:20.450+0000] {processor.py:925} INFO - DAG(s) 'example_branch_dop_operator_v3' retrieved from /home/airflow/.local/lib/python3.12/site-packages/airflow/example_dags/example_branch_python_dop_operator_3.py
[2025-07-01T21:15:20.483+0000] {logging_mixin.py:190} INFO - [2025-07-01T21:15:20.483+0000] {dag.py:3239} INFO - Sync 1 DAGs
[2025-07-01T21:15:20.521+0000] {logging_mixin.py:190} INFO - [2025-07-01T21:15:20.521+0000] {dag.py:4180} INFO - Setting next_dagrun for example_branch_dop_operator_v3 to 2025-07-01 21:14:00+00:00, run_after=2025-07-01 21:15:00+00:00
[2025-07-01T21:15:20.546+0000] {processor.py:208} INFO - Processing /home/airflow/.local/lib/python3.12/site-packages/airflow/example_dags/example_branch_python_dop_operator_3.py took 0.118 seconds
[2025-07-01T21:15:51.288+0000] {processor.py:186} INFO - Started process (PID=1308) to work on /home/airflow/.local/lib/python3.12/site-packages/airflow/example_dags/example_branch_python_dop_operator_3.py
[2025-07-01T21:15:51.290+0000] {processor.py:914} INFO - Processing file /home/airflow/.local/lib/python3.12/site-packages/airflow/example_dags/example_branch_python_dop_operator_3.py for tasks to queue
[2025-07-01T21:15:51.294+0000] {logging_mixin.py:190} INFO - [2025-07-01T21:15:51.294+0000] {dagbag.py:588} INFO - Filling up the DagBag from /home/airflow/.local/lib/python3.12/site-packages/airflow/example_dags/example_branch_python_dop_operator_3.py
[2025-07-01T21:15:51.313+0000] {processor.py:925} INFO - DAG(s) 'example_branch_dop_operator_v3' retrieved from /home/airflow/.local/lib/python3.12/site-packages/airflow/example_dags/example_branch_python_dop_operator_3.py
[2025-07-01T21:15:51.347+0000] {logging_mixin.py:190} INFO - [2025-07-01T21:15:51.346+0000] {dag.py:3239} INFO - Sync 1 DAGs
[2025-07-01T21:15:51.396+0000] {logging_mixin.py:190} INFO - [2025-07-01T21:15:51.396+0000] {dag.py:4180} INFO - Setting next_dagrun for example_branch_dop_operator_v3 to 2025-07-01 21:14:00+00:00, run_after=2025-07-01 21:15:00+00:00
[2025-07-01T21:15:51.424+0000] {processor.py:208} INFO - Processing /home/airflow/.local/lib/python3.12/site-packages/airflow/example_dags/example_branch_python_dop_operator_3.py took 0.148 seconds
[2025-07-01T21:16:22.370+0000] {processor.py:186} INFO - Started process (PID=1371) to work on /home/airflow/.local/lib/python3.12/site-packages/airflow/example_dags/example_branch_python_dop_operator_3.py
[2025-07-01T21:16:22.371+0000] {processor.py:914} INFO - Processing file /home/airflow/.local/lib/python3.12/site-packages/airflow/example_dags/example_branch_python_dop_operator_3.py for tasks to queue
[2025-07-01T21:16:22.375+0000] {logging_mixin.py:190} INFO - [2025-07-01T21:16:22.374+0000] {dagbag.py:588} INFO - Filling up the DagBag from /home/airflow/.local/lib/python3.12/site-packages/airflow/example_dags/example_branch_python_dop_operator_3.py
[2025-07-01T21:16:22.394+0000] {processor.py:925} INFO - DAG(s) 'example_branch_dop_operator_v3' retrieved from /home/airflow/.local/lib/python3.12/site-packages/airflow/example_dags/example_branch_python_dop_operator_3.py
[2025-07-01T21:16:22.440+0000] {logging_mixin.py:190} INFO - [2025-07-01T21:16:22.440+0000] {dag.py:3239} INFO - Sync 1 DAGs
[2025-07-01T21:16:22.552+0000] {logging_mixin.py:190} INFO - [2025-07-01T21:16:22.552+0000] {dag.py:4180} INFO - Setting next_dagrun for example_branch_dop_operator_v3 to 2025-07-01 21:15:00+00:00, run_after=2025-07-01 21:16:00+00:00
[2025-07-01T21:16:22.626+0000] {processor.py:208} INFO - Processing /home/airflow/.local/lib/python3.12/site-packages/airflow/example_dags/example_branch_python_dop_operator_3.py took 0.275 seconds
[2025-07-01T21:16:53.105+0000] {processor.py:186} INFO - Started process (PID=1434) to work on /home/airflow/.local/lib/python3.12/site-packages/airflow/example_dags/example_branch_python_dop_operator_3.py
[2025-07-01T21:16:53.107+0000] {processor.py:914} INFO - Processing file /home/airflow/.local/lib/python3.12/site-packages/airflow/example_dags/example_branch_python_dop_operator_3.py for tasks to queue
[2025-07-01T21:16:53.110+0000] {logging_mixin.py:190} INFO - [2025-07-01T21:16:53.110+0000] {dagbag.py:588} INFO - Filling up the DagBag from /home/airflow/.local/lib/python3.12/site-packages/airflow/example_dags/example_branch_python_dop_operator_3.py
[2025-07-01T21:16:53.133+0000] {processor.py:925} INFO - DAG(s) 'example_branch_dop_operator_v3' retrieved from /home/airflow/.local/lib/python3.12/site-packages/airflow/example_dags/example_branch_python_dop_operator_3.py
[2025-07-01T21:16:53.178+0000] {logging_mixin.py:190} INFO - [2025-07-01T21:16:53.177+0000] {dag.py:3239} INFO - Sync 1 DAGs
[2025-07-01T21:16:53.240+0000] {logging_mixin.py:190} INFO - [2025-07-01T21:16:53.239+0000] {dag.py:4180} INFO - Setting next_dagrun for example_branch_dop_operator_v3 to 2025-07-01 21:15:00+00:00, run_after=2025-07-01 21:16:00+00:00
[2025-07-01T21:16:53.272+0000] {processor.py:208} INFO - Processing /home/airflow/.local/lib/python3.12/site-packages/airflow/example_dags/example_branch_python_dop_operator_3.py took 0.180 seconds
[2025-07-01T21:17:24.004+0000] {processor.py:186} INFO - Started process (PID=1497) to work on /home/airflow/.local/lib/python3.12/site-packages/airflow/example_dags/example_branch_python_dop_operator_3.py
[2025-07-01T21:17:24.005+0000] {processor.py:914} INFO - Processing file /home/airflow/.local/lib/python3.12/site-packages/airflow/example_dags/example_branch_python_dop_operator_3.py for tasks to queue
[2025-07-01T21:17:24.008+0000] {logging_mixin.py:190} INFO - [2025-07-01T21:17:24.007+0000] {dagbag.py:588} INFO - Filling up the DagBag from /home/airflow/.local/lib/python3.12/site-packages/airflow/example_dags/example_branch_python_dop_operator_3.py
[2025-07-01T21:17:24.023+0000] {processor.py:925} INFO - DAG(s) 'example_branch_dop_operator_v3' retrieved from /home/airflow/.local/lib/python3.12/site-packages/airflow/example_dags/example_branch_python_dop_operator_3.py
[2025-07-01T21:17:24.055+0000] {logging_mixin.py:190} INFO - [2025-07-01T21:17:24.055+0000] {dag.py:3239} INFO - Sync 1 DAGs
[2025-07-01T21:17:24.098+0000] {logging_mixin.py:190} INFO - [2025-07-01T21:17:24.098+0000] {dag.py:4180} INFO - Setting next_dagrun for example_branch_dop_operator_v3 to 2025-07-01 21:16:00+00:00, run_after=2025-07-01 21:17:00+00:00
[2025-07-01T21:17:24.126+0000] {processor.py:208} INFO - Processing /home/airflow/.local/lib/python3.12/site-packages/airflow/example_dags/example_branch_python_dop_operator_3.py took 0.132 seconds
[2025-07-01T21:17:54.631+0000] {processor.py:186} INFO - Started process (PID=1560) to work on /home/airflow/.local/lib/python3.12/site-packages/airflow/example_dags/example_branch_python_dop_operator_3.py
[2025-07-01T21:17:54.632+0000] {processor.py:914} INFO - Processing file /home/airflow/.local/lib/python3.12/site-packages/airflow/example_dags/example_branch_python_dop_operator_3.py for tasks to queue
[2025-07-01T21:17:54.635+0000] {logging_mixin.py:190} INFO - [2025-07-01T21:17:54.634+0000] {dagbag.py:588} INFO - Filling up the DagBag from /home/airflow/.local/lib/python3.12/site-packages/airflow/example_dags/example_branch_python_dop_operator_3.py
[2025-07-01T21:17:54.647+0000] {processor.py:925} INFO - DAG(s) 'example_branch_dop_operator_v3' retrieved from /home/airflow/.local/lib/python3.12/site-packages/airflow/example_dags/example_branch_python_dop_operator_3.py
[2025-07-01T21:17:54.668+0000] {logging_mixin.py:190} INFO - [2025-07-01T21:17:54.668+0000] {dag.py:3239} INFO - Sync 1 DAGs
[2025-07-01T21:17:54.703+0000] {logging_mixin.py:190} INFO - [2025-07-01T21:17:54.703+0000] {dag.py:4180} INFO - Setting next_dagrun for example_branch_dop_operator_v3 to 2025-07-01 21:16:00+00:00, run_after=2025-07-01 21:17:00+00:00
[2025-07-01T21:17:54.737+0000] {processor.py:208} INFO - Processing /home/airflow/.local/lib/python3.12/site-packages/airflow/example_dags/example_branch_python_dop_operator_3.py took 0.115 seconds
[2025-07-01T21:18:24.957+0000] {processor.py:186} INFO - Started process (PID=1623) to work on /home/airflow/.local/lib/python3.12/site-packages/airflow/example_dags/example_branch_python_dop_operator_3.py
[2025-07-01T21:18:24.958+0000] {processor.py:914} INFO - Processing file /home/airflow/.local/lib/python3.12/site-packages/airflow/example_dags/example_branch_python_dop_operator_3.py for tasks to queue
[2025-07-01T21:18:24.961+0000] {logging_mixin.py:190} INFO - [2025-07-01T21:18:24.960+0000] {dagbag.py:588} INFO - Filling up the DagBag from /home/airflow/.local/lib/python3.12/site-packages/airflow/example_dags/example_branch_python_dop_operator_3.py
[2025-07-01T21:18:24.972+0000] {processor.py:925} INFO - DAG(s) 'example_branch_dop_operator_v3' retrieved from /home/airflow/.local/lib/python3.12/site-packages/airflow/example_dags/example_branch_python_dop_operator_3.py
[2025-07-01T21:18:24.998+0000] {logging_mixin.py:190} INFO - [2025-07-01T21:18:24.998+0000] {dag.py:3239} INFO - Sync 1 DAGs
[2025-07-01T21:18:25.033+0000] {logging_mixin.py:190} INFO - [2025-07-01T21:18:25.032+0000] {dag.py:4180} INFO - Setting next_dagrun for example_branch_dop_operator_v3 to 2025-07-01 21:17:00+00:00, run_after=2025-07-01 21:18:00+00:00
[2025-07-01T21:18:25.061+0000] {processor.py:208} INFO - Processing /home/airflow/.local/lib/python3.12/site-packages/airflow/example_dags/example_branch_python_dop_operator_3.py took 0.111 seconds
[2025-07-01T21:18:55.324+0000] {processor.py:186} INFO - Started process (PID=1686) to work on /home/airflow/.local/lib/python3.12/site-packages/airflow/example_dags/example_branch_python_dop_operator_3.py
[2025-07-01T21:18:55.325+0000] {processor.py:914} INFO - Processing file /home/airflow/.local/lib/python3.12/site-packages/airflow/example_dags/example_branch_python_dop_operator_3.py for tasks to queue
[2025-07-01T21:18:55.328+0000] {logging_mixin.py:190} INFO - [2025-07-01T21:18:55.328+0000] {dagbag.py:588} INFO - Filling up the DagBag from /home/airflow/.local/lib/python3.12/site-packages/airflow/example_dags/example_branch_python_dop_operator_3.py
[2025-07-01T21:18:55.340+0000] {processor.py:925} INFO - DAG(s) 'example_branch_dop_operator_v3' retrieved from /home/airflow/.local/lib/python3.12/site-packages/airflow/example_dags/example_branch_python_dop_operator_3.py
[2025-07-01T21:18:55.367+0000] {logging_mixin.py:190} INFO - [2025-07-01T21:18:55.366+0000] {dag.py:3239} INFO - Sync 1 DAGs
[2025-07-01T21:18:55.408+0000] {logging_mixin.py:190} INFO - [2025-07-01T21:18:55.408+0000] {dag.py:4180} INFO - Setting next_dagrun for example_branch_dop_operator_v3 to 2025-07-01 21:17:00+00:00, run_after=2025-07-01 21:18:00+00:00
[2025-07-01T21:18:55.429+0000] {processor.py:208} INFO - Processing /home/airflow/.local/lib/python3.12/site-packages/airflow/example_dags/example_branch_python_dop_operator_3.py took 0.115 seconds
[2025-07-01T21:19:25.673+0000] {processor.py:186} INFO - Started process (PID=1749) to work on /home/airflow/.local/lib/python3.12/site-packages/airflow/example_dags/example_branch_python_dop_operator_3.py
[2025-07-01T21:19:25.674+0000] {processor.py:914} INFO - Processing file /home/airflow/.local/lib/python3.12/site-packages/airflow/example_dags/example_branch_python_dop_operator_3.py for tasks to queue
[2025-07-01T21:19:25.676+0000] {logging_mixin.py:190} INFO - [2025-07-01T21:19:25.676+0000] {dagbag.py:588} INFO - Filling up the DagBag from /home/airflow/.local/lib/python3.12/site-packages/airflow/example_dags/example_branch_python_dop_operator_3.py
[2025-07-01T21:19:25.687+0000] {processor.py:925} INFO - DAG(s) 'example_branch_dop_operator_v3' retrieved from /home/airflow/.local/lib/python3.12/site-packages/airflow/example_dags/example_branch_python_dop_operator_3.py
[2025-07-01T21:19:25.708+0000] {logging_mixin.py:190} INFO - [2025-07-01T21:19:25.707+0000] {dag.py:3239} INFO - Sync 1 DAGs
[2025-07-01T21:19:25.736+0000] {logging_mixin.py:190} INFO - [2025-07-01T21:19:25.735+0000] {dag.py:4180} INFO - Setting next_dagrun for example_branch_dop_operator_v3 to 2025-07-01 21:18:00+00:00, run_after=2025-07-01 21:19:00+00:00
[2025-07-01T21:19:25.755+0000] {processor.py:208} INFO - Processing /home/airflow/.local/lib/python3.12/site-packages/airflow/example_dags/example_branch_python_dop_operator_3.py took 0.089 seconds
[2025-07-01T21:19:56.328+0000] {processor.py:186} INFO - Started process (PID=1812) to work on /home/airflow/.local/lib/python3.12/site-packages/airflow/example_dags/example_branch_python_dop_operator_3.py
[2025-07-01T21:19:56.329+0000] {processor.py:914} INFO - Processing file /home/airflow/.local/lib/python3.12/site-packages/airflow/example_dags/example_branch_python_dop_operator_3.py for tasks to queue
[2025-07-01T21:19:56.331+0000] {logging_mixin.py:190} INFO - [2025-07-01T21:19:56.331+0000] {dagbag.py:588} INFO - Filling up the DagBag from /home/airflow/.local/lib/python3.12/site-packages/airflow/example_dags/example_branch_python_dop_operator_3.py
[2025-07-01T21:19:56.345+0000] {processor.py:925} INFO - DAG(s) 'example_branch_dop_operator_v3' retrieved from /home/airflow/.local/lib/python3.12/site-packages/airflow/example_dags/example_branch_python_dop_operator_3.py
[2025-07-01T21:19:56.369+0000] {logging_mixin.py:190} INFO - [2025-07-01T21:19:56.369+0000] {dag.py:3239} INFO - Sync 1 DAGs
[2025-07-01T21:19:56.410+0000] {logging_mixin.py:190} INFO - [2025-07-01T21:19:56.410+0000] {dag.py:4180} INFO - Setting next_dagrun for example_branch_dop_operator_v3 to 2025-07-01 21:18:00+00:00, run_after=2025-07-01 21:19:00+00:00
[2025-07-01T21:19:56.430+0000] {processor.py:208} INFO - Processing /home/airflow/.local/lib/python3.12/site-packages/airflow/example_dags/example_branch_python_dop_operator_3.py took 0.110 seconds
[2025-07-01T21:20:27.352+0000] {processor.py:186} INFO - Started process (PID=1875) to work on /home/airflow/.local/lib/python3.12/site-packages/airflow/example_dags/example_branch_python_dop_operator_3.py
[2025-07-01T21:20:27.353+0000] {processor.py:914} INFO - Processing file /home/airflow/.local/lib/python3.12/site-packages/airflow/example_dags/example_branch_python_dop_operator_3.py for tasks to queue
[2025-07-01T21:20:27.357+0000] {logging_mixin.py:190} INFO - [2025-07-01T21:20:27.356+0000] {dagbag.py:588} INFO - Filling up the DagBag from /home/airflow/.local/lib/python3.12/site-packages/airflow/example_dags/example_branch_python_dop_operator_3.py
[2025-07-01T21:20:27.374+0000] {processor.py:925} INFO - DAG(s) 'example_branch_dop_operator_v3' retrieved from /home/airflow/.local/lib/python3.12/site-packages/airflow/example_dags/example_branch_python_dop_operator_3.py
[2025-07-01T21:20:27.404+0000] {logging_mixin.py:190} INFO - [2025-07-01T21:20:27.404+0000] {dag.py:3239} INFO - Sync 1 DAGs
[2025-07-01T21:20:27.451+0000] {logging_mixin.py:190} INFO - [2025-07-01T21:20:27.451+0000] {dag.py:4180} INFO - Setting next_dagrun for example_branch_dop_operator_v3 to 2025-07-01 21:19:00+00:00, run_after=2025-07-01 21:20:00+00:00
[2025-07-01T21:20:27.473+0000] {processor.py:208} INFO - Processing /home/airflow/.local/lib/python3.12/site-packages/airflow/example_dags/example_branch_python_dop_operator_3.py took 0.132 seconds
[2025-07-01T21:20:57.957+0000] {processor.py:186} INFO - Started process (PID=1938) to work on /home/airflow/.local/lib/python3.12/site-packages/airflow/example_dags/example_branch_python_dop_operator_3.py
[2025-07-01T21:20:57.958+0000] {processor.py:914} INFO - Processing file /home/airflow/.local/lib/python3.12/site-packages/airflow/example_dags/example_branch_python_dop_operator_3.py for tasks to queue
[2025-07-01T21:20:57.962+0000] {logging_mixin.py:190} INFO - [2025-07-01T21:20:57.961+0000] {dagbag.py:588} INFO - Filling up the DagBag from /home/airflow/.local/lib/python3.12/site-packages/airflow/example_dags/example_branch_python_dop_operator_3.py
[2025-07-01T21:20:57.981+0000] {processor.py:925} INFO - DAG(s) 'example_branch_dop_operator_v3' retrieved from /home/airflow/.local/lib/python3.12/site-packages/airflow/example_dags/example_branch_python_dop_operator_3.py
[2025-07-01T21:20:58.019+0000] {logging_mixin.py:190} INFO - [2025-07-01T21:20:58.019+0000] {dag.py:3239} INFO - Sync 1 DAGs
[2025-07-01T21:20:58.077+0000] {logging_mixin.py:190} INFO - [2025-07-01T21:20:58.076+0000] {dag.py:4180} INFO - Setting next_dagrun for example_branch_dop_operator_v3 to 2025-07-01 21:19:00+00:00, run_after=2025-07-01 21:20:00+00:00
[2025-07-01T21:20:58.120+0000] {processor.py:208} INFO - Processing /home/airflow/.local/lib/python3.12/site-packages/airflow/example_dags/example_branch_python_dop_operator_3.py took 0.178 seconds
[2025-07-01T21:21:28.198+0000] {processor.py:186} INFO - Started process (PID=2001) to work on /home/airflow/.local/lib/python3.12/site-packages/airflow/example_dags/example_branch_python_dop_operator_3.py
[2025-07-01T21:21:28.199+0000] {processor.py:914} INFO - Processing file /home/airflow/.local/lib/python3.12/site-packages/airflow/example_dags/example_branch_python_dop_operator_3.py for tasks to queue
[2025-07-01T21:21:28.202+0000] {logging_mixin.py:190} INFO - [2025-07-01T21:21:28.202+0000] {dagbag.py:588} INFO - Filling up the DagBag from /home/airflow/.local/lib/python3.12/site-packages/airflow/example_dags/example_branch_python_dop_operator_3.py
[2025-07-01T21:21:28.217+0000] {processor.py:925} INFO - DAG(s) 'example_branch_dop_operator_v3' retrieved from /home/airflow/.local/lib/python3.12/site-packages/airflow/example_dags/example_branch_python_dop_operator_3.py
[2025-07-01T21:21:28.245+0000] {logging_mixin.py:190} INFO - [2025-07-01T21:21:28.245+0000] {dag.py:3239} INFO - Sync 1 DAGs
[2025-07-01T21:21:28.293+0000] {logging_mixin.py:190} INFO - [2025-07-01T21:21:28.293+0000] {dag.py:4180} INFO - Setting next_dagrun for example_branch_dop_operator_v3 to 2025-07-01 21:20:00+00:00, run_after=2025-07-01 21:21:00+00:00
[2025-07-01T21:21:28.324+0000] {processor.py:208} INFO - Processing /home/airflow/.local/lib/python3.12/site-packages/airflow/example_dags/example_branch_python_dop_operator_3.py took 0.136 seconds
[2025-07-01T21:21:59.830+0000] {processor.py:186} INFO - Started process (PID=2064) to work on /home/airflow/.local/lib/python3.12/site-packages/airflow/example_dags/example_branch_python_dop_operator_3.py
[2025-07-01T21:21:59.832+0000] {processor.py:914} INFO - Processing file /home/airflow/.local/lib/python3.12/site-packages/airflow/example_dags/example_branch_python_dop_operator_3.py for tasks to queue
[2025-07-01T21:21:59.835+0000] {logging_mixin.py:190} INFO - [2025-07-01T21:21:59.835+0000] {dagbag.py:588} INFO - Filling up the DagBag from /home/airflow/.local/lib/python3.12/site-packages/airflow/example_dags/example_branch_python_dop_operator_3.py
[2025-07-01T21:21:59.857+0000] {processor.py:925} INFO - DAG(s) 'example_branch_dop_operator_v3' retrieved from /home/airflow/.local/lib/python3.12/site-packages/airflow/example_dags/example_branch_python_dop_operator_3.py
[2025-07-01T21:21:59.899+0000] {logging_mixin.py:190} INFO - [2025-07-01T21:21:59.899+0000] {dag.py:3239} INFO - Sync 1 DAGs
[2025-07-01T21:21:59.955+0000] {logging_mixin.py:190} INFO - [2025-07-01T21:21:59.954+0000] {dag.py:4180} INFO - Setting next_dagrun for example_branch_dop_operator_v3 to 2025-07-01 21:20:00+00:00, run_after=2025-07-01 21:21:00+00:00
[2025-07-01T21:21:59.989+0000] {processor.py:208} INFO - Processing /home/airflow/.local/lib/python3.12/site-packages/airflow/example_dags/example_branch_python_dop_operator_3.py took 0.173 seconds
[2025-07-01T21:22:31.123+0000] {processor.py:186} INFO - Started process (PID=2127) to work on /home/airflow/.local/lib/python3.12/site-packages/airflow/example_dags/example_branch_python_dop_operator_3.py
[2025-07-01T21:22:31.124+0000] {processor.py:914} INFO - Processing file /home/airflow/.local/lib/python3.12/site-packages/airflow/example_dags/example_branch_python_dop_operator_3.py for tasks to queue
[2025-07-01T21:22:31.127+0000] {logging_mixin.py:190} INFO - [2025-07-01T21:22:31.127+0000] {dagbag.py:588} INFO - Filling up the DagBag from /home/airflow/.local/lib/python3.12/site-packages/airflow/example_dags/example_branch_python_dop_operator_3.py
[2025-07-01T21:22:31.139+0000] {processor.py:925} INFO - DAG(s) 'example_branch_dop_operator_v3' retrieved from /home/airflow/.local/lib/python3.12/site-packages/airflow/example_dags/example_branch_python_dop_operator_3.py
[2025-07-01T21:22:31.166+0000] {logging_mixin.py:190} INFO - [2025-07-01T21:22:31.165+0000] {dag.py:3239} INFO - Sync 1 DAGs
[2025-07-01T21:22:31.207+0000] {logging_mixin.py:190} INFO - [2025-07-01T21:22:31.206+0000] {dag.py:4180} INFO - Setting next_dagrun for example_branch_dop_operator_v3 to 2025-07-01 21:21:00+00:00, run_after=2025-07-01 21:22:00+00:00
[2025-07-01T21:22:31.229+0000] {processor.py:208} INFO - Processing /home/airflow/.local/lib/python3.12/site-packages/airflow/example_dags/example_branch_python_dop_operator_3.py took 0.113 seconds
[2025-07-01T21:23:02.671+0000] {processor.py:186} INFO - Started process (PID=2190) to work on /home/airflow/.local/lib/python3.12/site-packages/airflow/example_dags/example_branch_python_dop_operator_3.py
[2025-07-01T21:23:02.672+0000] {processor.py:914} INFO - Processing file /home/airflow/.local/lib/python3.12/site-packages/airflow/example_dags/example_branch_python_dop_operator_3.py for tasks to queue
[2025-07-01T21:23:02.676+0000] {logging_mixin.py:190} INFO - [2025-07-01T21:23:02.676+0000] {dagbag.py:588} INFO - Filling up the DagBag from /home/airflow/.local/lib/python3.12/site-packages/airflow/example_dags/example_branch_python_dop_operator_3.py
[2025-07-01T21:23:02.696+0000] {processor.py:925} INFO - DAG(s) 'example_branch_dop_operator_v3' retrieved from /home/airflow/.local/lib/python3.12/site-packages/airflow/example_dags/example_branch_python_dop_operator_3.py
[2025-07-01T21:23:02.733+0000] {logging_mixin.py:190} INFO - [2025-07-01T21:23:02.732+0000] {dag.py:3239} INFO - Sync 1 DAGs
[2025-07-01T21:23:02.786+0000] {logging_mixin.py:190} INFO - [2025-07-01T21:23:02.785+0000] {dag.py:4180} INFO - Setting next_dagrun for example_branch_dop_operator_v3 to 2025-07-01 21:22:00+00:00, run_after=2025-07-01 21:23:00+00:00
[2025-07-01T21:23:02.812+0000] {processor.py:208} INFO - Processing /home/airflow/.local/lib/python3.12/site-packages/airflow/example_dags/example_branch_python_dop_operator_3.py took 0.152 seconds
[2025-07-01T21:23:33.694+0000] {processor.py:186} INFO - Started process (PID=2253) to work on /home/airflow/.local/lib/python3.12/site-packages/airflow/example_dags/example_branch_python_dop_operator_3.py
[2025-07-01T21:23:33.695+0000] {processor.py:914} INFO - Processing file /home/airflow/.local/lib/python3.12/site-packages/airflow/example_dags/example_branch_python_dop_operator_3.py for tasks to queue
[2025-07-01T21:23:33.697+0000] {logging_mixin.py:190} INFO - [2025-07-01T21:23:33.697+0000] {dagbag.py:588} INFO - Filling up the DagBag from /home/airflow/.local/lib/python3.12/site-packages/airflow/example_dags/example_branch_python_dop_operator_3.py
[2025-07-01T21:23:33.709+0000] {processor.py:925} INFO - DAG(s) 'example_branch_dop_operator_v3' retrieved from /home/airflow/.local/lib/python3.12/site-packages/airflow/example_dags/example_branch_python_dop_operator_3.py
[2025-07-01T21:23:33.731+0000] {logging_mixin.py:190} INFO - [2025-07-01T21:23:33.731+0000] {dag.py:3239} INFO - Sync 1 DAGs
[2025-07-01T21:23:33.764+0000] {logging_mixin.py:190} INFO - [2025-07-01T21:23:33.764+0000] {dag.py:4180} INFO - Setting next_dagrun for example_branch_dop_operator_v3 to 2025-07-01 21:22:00+00:00, run_after=2025-07-01 21:23:00+00:00
[2025-07-01T21:23:33.784+0000] {processor.py:208} INFO - Processing /home/airflow/.local/lib/python3.12/site-packages/airflow/example_dags/example_branch_python_dop_operator_3.py took 0.098 seconds
[2025-07-01T21:24:05.390+0000] {processor.py:186} INFO - Started process (PID=2316) to work on /home/airflow/.local/lib/python3.12/site-packages/airflow/example_dags/example_branch_python_dop_operator_3.py
[2025-07-01T21:24:05.391+0000] {processor.py:914} INFO - Processing file /home/airflow/.local/lib/python3.12/site-packages/airflow/example_dags/example_branch_python_dop_operator_3.py for tasks to queue
[2025-07-01T21:24:05.396+0000] {logging_mixin.py:190} INFO - [2025-07-01T21:24:05.395+0000] {dagbag.py:588} INFO - Filling up the DagBag from /home/airflow/.local/lib/python3.12/site-packages/airflow/example_dags/example_branch_python_dop_operator_3.py
[2025-07-01T21:24:05.417+0000] {processor.py:925} INFO - DAG(s) 'example_branch_dop_operator_v3' retrieved from /home/airflow/.local/lib/python3.12/site-packages/airflow/example_dags/example_branch_python_dop_operator_3.py
[2025-07-01T21:24:05.484+0000] {logging_mixin.py:190} INFO - [2025-07-01T21:24:05.484+0000] {dag.py:3239} INFO - Sync 1 DAGs
[2025-07-01T21:24:05.548+0000] {logging_mixin.py:190} INFO - [2025-07-01T21:24:05.548+0000] {dag.py:4180} INFO - Setting next_dagrun for example_branch_dop_operator_v3 to 2025-07-01 21:23:00+00:00, run_after=2025-07-01 21:24:00+00:00
[2025-07-01T21:24:05.585+0000] {processor.py:208} INFO - Processing /home/airflow/.local/lib/python3.12/site-packages/airflow/example_dags/example_branch_python_dop_operator_3.py took 0.209 seconds
