[2025-07-01T17:21:04.603+0000] {processor.py:186} INFO - Started process (PID=6316) to work on /home/airflow/.local/lib/python3.12/site-packages/airflow/example_dags/example_dataset_alias.py
[2025-07-01T17:21:04.605+0000] {processor.py:914} INFO - Processing file /home/airflow/.local/lib/python3.12/site-packages/airflow/example_dags/example_dataset_alias.py for tasks to queue
[2025-07-01T17:21:04.610+0000] {logging_mixin.py:190} INFO - [2025-07-01T17:21:04.609+0000] {dagbag.py:588} INFO - Filling up the DagBag from /home/airflow/.local/lib/python3.12/site-packages/airflow/example_dags/example_dataset_alias.py
[2025-07-01T17:21:05.035+0000] {processor.py:925} INFO - DAG(s) 'dataset_s3_bucket_consumer', 'dataset_s3_bucket_producer', 'dataset_alias_example_alias_consumer', 'dataset_alias_example_alias_producer' retrieved from /home/airflow/.local/lib/python3.12/site-packages/airflow/example_dags/example_dataset_alias.py
[2025-07-01T17:21:05.085+0000] {logging_mixin.py:190} INFO - [2025-07-01T17:21:05.085+0000] {dag.py:3239} INFO - Sync 4 DAGs
[2025-07-01T17:21:05.138+0000] {logging_mixin.py:190} INFO - [2025-07-01T17:21:05.138+0000] {dag.py:4180} INFO - Setting next_dagrun for dataset_alias_example_alias_consumer to None, run_after=None
[2025-07-01T17:21:05.143+0000] {logging_mixin.py:190} INFO - [2025-07-01T17:21:05.143+0000] {dag.py:4180} INFO - Setting next_dagrun for dataset_alias_example_alias_producer to None, run_after=None
[2025-07-01T17:21:05.146+0000] {logging_mixin.py:190} INFO - [2025-07-01T17:21:05.145+0000] {dag.py:4180} INFO - Setting next_dagrun for dataset_s3_bucket_consumer to None, run_after=None
[2025-07-01T17:21:05.148+0000] {logging_mixin.py:190} INFO - [2025-07-01T17:21:05.148+0000] {dag.py:4180} INFO - Setting next_dagrun for dataset_s3_bucket_producer to None, run_after=None
[2025-07-01T17:21:05.211+0000] {processor.py:208} INFO - Processing /home/airflow/.local/lib/python3.12/site-packages/airflow/example_dags/example_dataset_alias.py took 0.622 seconds
[2025-07-01T21:05:59.876+0000] {processor.py:186} INFO - Started process (PID=105) to work on /home/airflow/.local/lib/python3.12/site-packages/airflow/example_dags/example_dataset_alias.py
[2025-07-01T21:05:59.877+0000] {processor.py:914} INFO - Processing file /home/airflow/.local/lib/python3.12/site-packages/airflow/example_dags/example_dataset_alias.py for tasks to queue
[2025-07-01T21:05:59.882+0000] {logging_mixin.py:190} INFO - [2025-07-01T21:05:59.881+0000] {dagbag.py:588} INFO - Filling up the DagBag from /home/airflow/.local/lib/python3.12/site-packages/airflow/example_dags/example_dataset_alias.py
[2025-07-01T21:06:00.136+0000] {processor.py:925} INFO - DAG(s) 'dataset_alias_example_alias_producer', 'dataset_alias_example_alias_consumer', 'dataset_s3_bucket_consumer', 'dataset_s3_bucket_producer' retrieved from /home/airflow/.local/lib/python3.12/site-packages/airflow/example_dags/example_dataset_alias.py
[2025-07-01T21:06:00.176+0000] {logging_mixin.py:190} INFO - [2025-07-01T21:06:00.175+0000] {dag.py:3239} INFO - Sync 4 DAGs
[2025-07-01T21:06:00.214+0000] {logging_mixin.py:190} INFO - [2025-07-01T21:06:00.213+0000] {dag.py:4180} INFO - Setting next_dagrun for dataset_alias_example_alias_consumer to None, run_after=None
[2025-07-01T21:06:00.219+0000] {logging_mixin.py:190} INFO - [2025-07-01T21:06:00.218+0000] {dag.py:4180} INFO - Setting next_dagrun for dataset_alias_example_alias_producer to None, run_after=None
[2025-07-01T21:06:00.221+0000] {logging_mixin.py:190} INFO - [2025-07-01T21:06:00.220+0000] {dag.py:4180} INFO - Setting next_dagrun for dataset_s3_bucket_consumer to None, run_after=None
[2025-07-01T21:06:00.223+0000] {logging_mixin.py:190} INFO - [2025-07-01T21:06:00.222+0000] {dag.py:4180} INFO - Setting next_dagrun for dataset_s3_bucket_producer to None, run_after=None
[2025-07-01T21:06:00.267+0000] {processor.py:208} INFO - Processing /home/airflow/.local/lib/python3.12/site-packages/airflow/example_dags/example_dataset_alias.py took 0.397 seconds
[2025-07-01T21:06:30.695+0000] {processor.py:186} INFO - Started process (PID=168) to work on /home/airflow/.local/lib/python3.12/site-packages/airflow/example_dags/example_dataset_alias.py
[2025-07-01T21:06:30.696+0000] {processor.py:914} INFO - Processing file /home/airflow/.local/lib/python3.12/site-packages/airflow/example_dags/example_dataset_alias.py for tasks to queue
[2025-07-01T21:06:30.698+0000] {logging_mixin.py:190} INFO - [2025-07-01T21:06:30.698+0000] {dagbag.py:588} INFO - Filling up the DagBag from /home/airflow/.local/lib/python3.12/site-packages/airflow/example_dags/example_dataset_alias.py
[2025-07-01T21:06:30.924+0000] {processor.py:925} INFO - DAG(s) 'dataset_s3_bucket_consumer', 'dataset_s3_bucket_producer', 'dataset_alias_example_alias_producer', 'dataset_alias_example_alias_consumer' retrieved from /home/airflow/.local/lib/python3.12/site-packages/airflow/example_dags/example_dataset_alias.py
[2025-07-01T21:06:30.947+0000] {logging_mixin.py:190} INFO - [2025-07-01T21:06:30.947+0000] {dag.py:3239} INFO - Sync 4 DAGs
[2025-07-01T21:06:30.973+0000] {logging_mixin.py:190} INFO - [2025-07-01T21:06:30.973+0000] {dag.py:4180} INFO - Setting next_dagrun for dataset_alias_example_alias_consumer to None, run_after=None
[2025-07-01T21:06:30.977+0000] {logging_mixin.py:190} INFO - [2025-07-01T21:06:30.977+0000] {dag.py:4180} INFO - Setting next_dagrun for dataset_alias_example_alias_producer to None, run_after=None
[2025-07-01T21:06:30.979+0000] {logging_mixin.py:190} INFO - [2025-07-01T21:06:30.979+0000] {dag.py:4180} INFO - Setting next_dagrun for dataset_s3_bucket_consumer to None, run_after=None
[2025-07-01T21:06:30.981+0000] {logging_mixin.py:190} INFO - [2025-07-01T21:06:30.980+0000] {dag.py:4180} INFO - Setting next_dagrun for dataset_s3_bucket_producer to None, run_after=None
[2025-07-01T21:06:31.012+0000] {processor.py:208} INFO - Processing /home/airflow/.local/lib/python3.12/site-packages/airflow/example_dags/example_dataset_alias.py took 0.324 seconds
[2025-07-01T21:07:02.963+0000] {processor.py:186} INFO - Started process (PID=231) to work on /home/airflow/.local/lib/python3.12/site-packages/airflow/example_dags/example_dataset_alias.py
[2025-07-01T21:07:02.965+0000] {processor.py:914} INFO - Processing file /home/airflow/.local/lib/python3.12/site-packages/airflow/example_dags/example_dataset_alias.py for tasks to queue
[2025-07-01T21:07:02.968+0000] {logging_mixin.py:190} INFO - [2025-07-01T21:07:02.968+0000] {dagbag.py:588} INFO - Filling up the DagBag from /home/airflow/.local/lib/python3.12/site-packages/airflow/example_dags/example_dataset_alias.py
[2025-07-01T21:07:03.471+0000] {processor.py:925} INFO - DAG(s) 'dataset_alias_example_alias_producer', 'dataset_s3_bucket_producer', 'dataset_s3_bucket_consumer', 'dataset_alias_example_alias_consumer' retrieved from /home/airflow/.local/lib/python3.12/site-packages/airflow/example_dags/example_dataset_alias.py
[2025-07-01T21:07:03.555+0000] {logging_mixin.py:190} INFO - [2025-07-01T21:07:03.555+0000] {dag.py:3239} INFO - Sync 4 DAGs
[2025-07-01T21:07:03.640+0000] {logging_mixin.py:190} INFO - [2025-07-01T21:07:03.639+0000] {dag.py:4180} INFO - Setting next_dagrun for dataset_alias_example_alias_consumer to None, run_after=None
[2025-07-01T21:07:03.649+0000] {logging_mixin.py:190} INFO - [2025-07-01T21:07:03.649+0000] {dag.py:4180} INFO - Setting next_dagrun for dataset_alias_example_alias_producer to None, run_after=None
[2025-07-01T21:07:03.654+0000] {logging_mixin.py:190} INFO - [2025-07-01T21:07:03.653+0000] {dag.py:4180} INFO - Setting next_dagrun for dataset_s3_bucket_consumer to None, run_after=None
[2025-07-01T21:07:03.660+0000] {logging_mixin.py:190} INFO - [2025-07-01T21:07:03.660+0000] {dag.py:4180} INFO - Setting next_dagrun for dataset_s3_bucket_producer to None, run_after=None
[2025-07-01T21:07:03.729+0000] {processor.py:208} INFO - Processing /home/airflow/.local/lib/python3.12/site-packages/airflow/example_dags/example_dataset_alias.py took 0.775 seconds
[2025-07-01T21:07:37.582+0000] {processor.py:186} INFO - Started process (PID=294) to work on /home/airflow/.local/lib/python3.12/site-packages/airflow/example_dags/example_dataset_alias.py
[2025-07-01T21:07:37.585+0000] {processor.py:914} INFO - Processing file /home/airflow/.local/lib/python3.12/site-packages/airflow/example_dags/example_dataset_alias.py for tasks to queue
[2025-07-01T21:07:37.588+0000] {logging_mixin.py:190} INFO - [2025-07-01T21:07:37.588+0000] {dagbag.py:588} INFO - Filling up the DagBag from /home/airflow/.local/lib/python3.12/site-packages/airflow/example_dags/example_dataset_alias.py
[2025-07-01T21:07:37.956+0000] {processor.py:925} INFO - DAG(s) 'dataset_alias_example_alias_producer', 'dataset_s3_bucket_consumer', 'dataset_alias_example_alias_consumer', 'dataset_s3_bucket_producer' retrieved from /home/airflow/.local/lib/python3.12/site-packages/airflow/example_dags/example_dataset_alias.py
[2025-07-01T21:07:38.031+0000] {logging_mixin.py:190} INFO - [2025-07-01T21:07:38.030+0000] {dag.py:3239} INFO - Sync 4 DAGs
[2025-07-01T21:07:38.100+0000] {logging_mixin.py:190} INFO - [2025-07-01T21:07:38.099+0000] {dag.py:4180} INFO - Setting next_dagrun for dataset_alias_example_alias_consumer to None, run_after=None
[2025-07-01T21:07:38.104+0000] {logging_mixin.py:190} INFO - [2025-07-01T21:07:38.104+0000] {dag.py:4180} INFO - Setting next_dagrun for dataset_alias_example_alias_producer to None, run_after=None
[2025-07-01T21:07:38.107+0000] {logging_mixin.py:190} INFO - [2025-07-01T21:07:38.106+0000] {dag.py:4180} INFO - Setting next_dagrun for dataset_s3_bucket_consumer to None, run_after=None
[2025-07-01T21:07:38.109+0000] {logging_mixin.py:190} INFO - [2025-07-01T21:07:38.109+0000] {dag.py:4180} INFO - Setting next_dagrun for dataset_s3_bucket_producer to None, run_after=None
[2025-07-01T21:07:38.159+0000] {processor.py:208} INFO - Processing /home/airflow/.local/lib/python3.12/site-packages/airflow/example_dags/example_dataset_alias.py took 0.587 seconds
[2025-07-01T21:08:11.547+0000] {processor.py:186} INFO - Started process (PID=357) to work on /home/airflow/.local/lib/python3.12/site-packages/airflow/example_dags/example_dataset_alias.py
[2025-07-01T21:08:11.555+0000] {processor.py:914} INFO - Processing file /home/airflow/.local/lib/python3.12/site-packages/airflow/example_dags/example_dataset_alias.py for tasks to queue
[2025-07-01T21:08:11.566+0000] {logging_mixin.py:190} INFO - [2025-07-01T21:08:11.565+0000] {dagbag.py:588} INFO - Filling up the DagBag from /home/airflow/.local/lib/python3.12/site-packages/airflow/example_dags/example_dataset_alias.py
[2025-07-01T21:08:12.436+0000] {processor.py:925} INFO - DAG(s) 'dataset_alias_example_alias_producer', 'dataset_alias_example_alias_consumer', 'dataset_s3_bucket_producer', 'dataset_s3_bucket_consumer' retrieved from /home/airflow/.local/lib/python3.12/site-packages/airflow/example_dags/example_dataset_alias.py
[2025-07-01T21:08:12.524+0000] {logging_mixin.py:190} INFO - [2025-07-01T21:08:12.524+0000] {dag.py:3239} INFO - Sync 4 DAGs
[2025-07-01T21:08:12.683+0000] {logging_mixin.py:190} INFO - [2025-07-01T21:08:12.683+0000] {dag.py:4180} INFO - Setting next_dagrun for dataset_alias_example_alias_consumer to None, run_after=None
[2025-07-01T21:08:12.698+0000] {logging_mixin.py:190} INFO - [2025-07-01T21:08:12.698+0000] {dag.py:4180} INFO - Setting next_dagrun for dataset_alias_example_alias_producer to None, run_after=None
[2025-07-01T21:08:12.712+0000] {logging_mixin.py:190} INFO - [2025-07-01T21:08:12.711+0000] {dag.py:4180} INFO - Setting next_dagrun for dataset_s3_bucket_consumer to None, run_after=None
[2025-07-01T21:08:12.721+0000] {logging_mixin.py:190} INFO - [2025-07-01T21:08:12.720+0000] {dag.py:4180} INFO - Setting next_dagrun for dataset_s3_bucket_producer to None, run_after=None
[2025-07-01T21:08:12.841+0000] {processor.py:208} INFO - Processing /home/airflow/.local/lib/python3.12/site-packages/airflow/example_dags/example_dataset_alias.py took 1.351 seconds
[2025-07-01T21:08:43.429+0000] {processor.py:186} INFO - Started process (PID=421) to work on /home/airflow/.local/lib/python3.12/site-packages/airflow/example_dags/example_dataset_alias.py
[2025-07-01T21:08:43.430+0000] {processor.py:914} INFO - Processing file /home/airflow/.local/lib/python3.12/site-packages/airflow/example_dags/example_dataset_alias.py for tasks to queue
[2025-07-01T21:08:43.436+0000] {logging_mixin.py:190} INFO - [2025-07-01T21:08:43.435+0000] {dagbag.py:588} INFO - Filling up the DagBag from /home/airflow/.local/lib/python3.12/site-packages/airflow/example_dags/example_dataset_alias.py
[2025-07-01T21:08:43.718+0000] {processor.py:925} INFO - DAG(s) 'dataset_alias_example_alias_consumer', 'dataset_alias_example_alias_producer', 'dataset_s3_bucket_consumer', 'dataset_s3_bucket_producer' retrieved from /home/airflow/.local/lib/python3.12/site-packages/airflow/example_dags/example_dataset_alias.py
[2025-07-01T21:08:43.757+0000] {logging_mixin.py:190} INFO - [2025-07-01T21:08:43.757+0000] {dag.py:3239} INFO - Sync 4 DAGs
[2025-07-01T21:08:43.802+0000] {logging_mixin.py:190} INFO - [2025-07-01T21:08:43.802+0000] {dag.py:4180} INFO - Setting next_dagrun for dataset_alias_example_alias_consumer to None, run_after=None
[2025-07-01T21:08:43.806+0000] {logging_mixin.py:190} INFO - [2025-07-01T21:08:43.806+0000] {dag.py:4180} INFO - Setting next_dagrun for dataset_alias_example_alias_producer to None, run_after=None
[2025-07-01T21:08:43.809+0000] {logging_mixin.py:190} INFO - [2025-07-01T21:08:43.809+0000] {dag.py:4180} INFO - Setting next_dagrun for dataset_s3_bucket_consumer to None, run_after=None
[2025-07-01T21:08:43.811+0000] {logging_mixin.py:190} INFO - [2025-07-01T21:08:43.811+0000] {dag.py:4180} INFO - Setting next_dagrun for dataset_s3_bucket_producer to None, run_after=None
[2025-07-01T21:08:43.871+0000] {processor.py:208} INFO - Processing /home/airflow/.local/lib/python3.12/site-packages/airflow/example_dags/example_dataset_alias.py took 0.452 seconds
[2025-07-01T21:09:14.811+0000] {processor.py:186} INFO - Started process (PID=485) to work on /home/airflow/.local/lib/python3.12/site-packages/airflow/example_dags/example_dataset_alias.py
[2025-07-01T21:09:14.813+0000] {processor.py:914} INFO - Processing file /home/airflow/.local/lib/python3.12/site-packages/airflow/example_dags/example_dataset_alias.py for tasks to queue
[2025-07-01T21:09:14.815+0000] {logging_mixin.py:190} INFO - [2025-07-01T21:09:14.815+0000] {dagbag.py:588} INFO - Filling up the DagBag from /home/airflow/.local/lib/python3.12/site-packages/airflow/example_dags/example_dataset_alias.py
[2025-07-01T21:09:15.031+0000] {processor.py:925} INFO - DAG(s) 'dataset_s3_bucket_producer', 'dataset_s3_bucket_consumer', 'dataset_alias_example_alias_producer', 'dataset_alias_example_alias_consumer' retrieved from /home/airflow/.local/lib/python3.12/site-packages/airflow/example_dags/example_dataset_alias.py
[2025-07-01T21:09:15.055+0000] {logging_mixin.py:190} INFO - [2025-07-01T21:09:15.055+0000] {dag.py:3239} INFO - Sync 4 DAGs
[2025-07-01T21:09:15.091+0000] {logging_mixin.py:190} INFO - [2025-07-01T21:09:15.091+0000] {dag.py:4180} INFO - Setting next_dagrun for dataset_alias_example_alias_consumer to None, run_after=None
[2025-07-01T21:09:15.096+0000] {logging_mixin.py:190} INFO - [2025-07-01T21:09:15.095+0000] {dag.py:4180} INFO - Setting next_dagrun for dataset_alias_example_alias_producer to None, run_after=None
[2025-07-01T21:09:15.098+0000] {logging_mixin.py:190} INFO - [2025-07-01T21:09:15.098+0000] {dag.py:4180} INFO - Setting next_dagrun for dataset_s3_bucket_consumer to None, run_after=None
[2025-07-01T21:09:15.100+0000] {logging_mixin.py:190} INFO - [2025-07-01T21:09:15.099+0000] {dag.py:4180} INFO - Setting next_dagrun for dataset_s3_bucket_producer to None, run_after=None
[2025-07-01T21:09:15.128+0000] {processor.py:208} INFO - Processing /home/airflow/.local/lib/python3.12/site-packages/airflow/example_dags/example_dataset_alias.py took 0.323 seconds
[2025-07-01T21:09:45.644+0000] {processor.py:186} INFO - Started process (PID=548) to work on /home/airflow/.local/lib/python3.12/site-packages/airflow/example_dags/example_dataset_alias.py
[2025-07-01T21:09:45.655+0000] {processor.py:914} INFO - Processing file /home/airflow/.local/lib/python3.12/site-packages/airflow/example_dags/example_dataset_alias.py for tasks to queue
[2025-07-01T21:09:45.660+0000] {logging_mixin.py:190} INFO - [2025-07-01T21:09:45.659+0000] {dagbag.py:588} INFO - Filling up the DagBag from /home/airflow/.local/lib/python3.12/site-packages/airflow/example_dags/example_dataset_alias.py
[2025-07-01T21:09:45.941+0000] {processor.py:925} INFO - DAG(s) 'dataset_s3_bucket_consumer', 'dataset_alias_example_alias_consumer', 'dataset_alias_example_alias_producer', 'dataset_s3_bucket_producer' retrieved from /home/airflow/.local/lib/python3.12/site-packages/airflow/example_dags/example_dataset_alias.py
[2025-07-01T21:09:45.972+0000] {logging_mixin.py:190} INFO - [2025-07-01T21:09:45.972+0000] {dag.py:3239} INFO - Sync 4 DAGs
[2025-07-01T21:09:46.001+0000] {logging_mixin.py:190} INFO - [2025-07-01T21:09:46.000+0000] {dag.py:4180} INFO - Setting next_dagrun for dataset_alias_example_alias_consumer to None, run_after=None
[2025-07-01T21:09:46.004+0000] {logging_mixin.py:190} INFO - [2025-07-01T21:09:46.004+0000] {dag.py:4180} INFO - Setting next_dagrun for dataset_alias_example_alias_producer to None, run_after=None
[2025-07-01T21:09:46.006+0000] {logging_mixin.py:190} INFO - [2025-07-01T21:09:46.006+0000] {dag.py:4180} INFO - Setting next_dagrun for dataset_s3_bucket_consumer to None, run_after=None
[2025-07-01T21:09:46.008+0000] {logging_mixin.py:190} INFO - [2025-07-01T21:09:46.008+0000] {dag.py:4180} INFO - Setting next_dagrun for dataset_s3_bucket_producer to None, run_after=None
[2025-07-01T21:09:46.038+0000] {processor.py:208} INFO - Processing /home/airflow/.local/lib/python3.12/site-packages/airflow/example_dags/example_dataset_alias.py took 0.405 seconds
[2025-07-01T21:10:16.132+0000] {processor.py:186} INFO - Started process (PID=613) to work on /home/airflow/.local/lib/python3.12/site-packages/airflow/example_dags/example_dataset_alias.py
[2025-07-01T21:10:16.134+0000] {processor.py:914} INFO - Processing file /home/airflow/.local/lib/python3.12/site-packages/airflow/example_dags/example_dataset_alias.py for tasks to queue
[2025-07-01T21:10:16.137+0000] {logging_mixin.py:190} INFO - [2025-07-01T21:10:16.137+0000] {dagbag.py:588} INFO - Filling up the DagBag from /home/airflow/.local/lib/python3.12/site-packages/airflow/example_dags/example_dataset_alias.py
[2025-07-01T21:10:16.341+0000] {processor.py:925} INFO - DAG(s) 'dataset_s3_bucket_consumer', 'dataset_alias_example_alias_producer', 'dataset_alias_example_alias_consumer', 'dataset_s3_bucket_producer' retrieved from /home/airflow/.local/lib/python3.12/site-packages/airflow/example_dags/example_dataset_alias.py
[2025-07-01T21:10:16.364+0000] {logging_mixin.py:190} INFO - [2025-07-01T21:10:16.364+0000] {dag.py:3239} INFO - Sync 4 DAGs
[2025-07-01T21:10:16.391+0000] {logging_mixin.py:190} INFO - [2025-07-01T21:10:16.390+0000] {dag.py:4180} INFO - Setting next_dagrun for dataset_alias_example_alias_consumer to None, run_after=None
[2025-07-01T21:10:16.393+0000] {logging_mixin.py:190} INFO - [2025-07-01T21:10:16.393+0000] {dag.py:4180} INFO - Setting next_dagrun for dataset_alias_example_alias_producer to None, run_after=None
[2025-07-01T21:10:16.395+0000] {logging_mixin.py:190} INFO - [2025-07-01T21:10:16.395+0000] {dag.py:4180} INFO - Setting next_dagrun for dataset_s3_bucket_consumer to None, run_after=None
[2025-07-01T21:10:16.397+0000] {logging_mixin.py:190} INFO - [2025-07-01T21:10:16.396+0000] {dag.py:4180} INFO - Setting next_dagrun for dataset_s3_bucket_producer to None, run_after=None
[2025-07-01T21:10:16.428+0000] {processor.py:208} INFO - Processing /home/airflow/.local/lib/python3.12/site-packages/airflow/example_dags/example_dataset_alias.py took 0.305 seconds
[2025-07-01T21:10:46.966+0000] {processor.py:186} INFO - Started process (PID=674) to work on /home/airflow/.local/lib/python3.12/site-packages/airflow/example_dags/example_dataset_alias.py
[2025-07-01T21:10:46.974+0000] {processor.py:914} INFO - Processing file /home/airflow/.local/lib/python3.12/site-packages/airflow/example_dags/example_dataset_alias.py for tasks to queue
[2025-07-01T21:10:46.977+0000] {logging_mixin.py:190} INFO - [2025-07-01T21:10:46.976+0000] {dagbag.py:588} INFO - Filling up the DagBag from /home/airflow/.local/lib/python3.12/site-packages/airflow/example_dags/example_dataset_alias.py
[2025-07-01T21:10:47.202+0000] {processor.py:925} INFO - DAG(s) 'dataset_s3_bucket_consumer', 'dataset_alias_example_alias_consumer', 'dataset_s3_bucket_producer', 'dataset_alias_example_alias_producer' retrieved from /home/airflow/.local/lib/python3.12/site-packages/airflow/example_dags/example_dataset_alias.py
[2025-07-01T21:10:47.227+0000] {logging_mixin.py:190} INFO - [2025-07-01T21:10:47.226+0000] {dag.py:3239} INFO - Sync 4 DAGs
[2025-07-01T21:10:47.261+0000] {logging_mixin.py:190} INFO - [2025-07-01T21:10:47.261+0000] {dag.py:4180} INFO - Setting next_dagrun for dataset_alias_example_alias_consumer to None, run_after=None
[2025-07-01T21:10:47.265+0000] {logging_mixin.py:190} INFO - [2025-07-01T21:10:47.264+0000] {dag.py:4180} INFO - Setting next_dagrun for dataset_alias_example_alias_producer to None, run_after=None
[2025-07-01T21:10:47.266+0000] {logging_mixin.py:190} INFO - [2025-07-01T21:10:47.266+0000] {dag.py:4180} INFO - Setting next_dagrun for dataset_s3_bucket_consumer to None, run_after=None
[2025-07-01T21:10:47.268+0000] {logging_mixin.py:190} INFO - [2025-07-01T21:10:47.268+0000] {dag.py:4180} INFO - Setting next_dagrun for dataset_s3_bucket_producer to None, run_after=None
[2025-07-01T21:10:47.293+0000] {processor.py:208} INFO - Processing /home/airflow/.local/lib/python3.12/site-packages/airflow/example_dags/example_dataset_alias.py took 0.338 seconds
[2025-07-01T21:11:17.775+0000] {processor.py:186} INFO - Started process (PID=737) to work on /home/airflow/.local/lib/python3.12/site-packages/airflow/example_dags/example_dataset_alias.py
[2025-07-01T21:11:17.776+0000] {processor.py:914} INFO - Processing file /home/airflow/.local/lib/python3.12/site-packages/airflow/example_dags/example_dataset_alias.py for tasks to queue
[2025-07-01T21:11:17.779+0000] {logging_mixin.py:190} INFO - [2025-07-01T21:11:17.779+0000] {dagbag.py:588} INFO - Filling up the DagBag from /home/airflow/.local/lib/python3.12/site-packages/airflow/example_dags/example_dataset_alias.py
[2025-07-01T21:11:17.987+0000] {processor.py:925} INFO - DAG(s) 'dataset_alias_example_alias_producer', 'dataset_alias_example_alias_consumer', 'dataset_s3_bucket_producer', 'dataset_s3_bucket_consumer' retrieved from /home/airflow/.local/lib/python3.12/site-packages/airflow/example_dags/example_dataset_alias.py
[2025-07-01T21:11:18.019+0000] {logging_mixin.py:190} INFO - [2025-07-01T21:11:18.019+0000] {dag.py:3239} INFO - Sync 4 DAGs
[2025-07-01T21:11:18.056+0000] {logging_mixin.py:190} INFO - [2025-07-01T21:11:18.056+0000] {dag.py:4180} INFO - Setting next_dagrun for dataset_alias_example_alias_consumer to None, run_after=None
[2025-07-01T21:11:18.060+0000] {logging_mixin.py:190} INFO - [2025-07-01T21:11:18.060+0000] {dag.py:4180} INFO - Setting next_dagrun for dataset_alias_example_alias_producer to None, run_after=None
[2025-07-01T21:11:18.062+0000] {logging_mixin.py:190} INFO - [2025-07-01T21:11:18.062+0000] {dag.py:4180} INFO - Setting next_dagrun for dataset_s3_bucket_consumer to None, run_after=None
[2025-07-01T21:11:18.064+0000] {logging_mixin.py:190} INFO - [2025-07-01T21:11:18.064+0000] {dag.py:4180} INFO - Setting next_dagrun for dataset_s3_bucket_producer to None, run_after=None
[2025-07-01T21:11:18.092+0000] {processor.py:208} INFO - Processing /home/airflow/.local/lib/python3.12/site-packages/airflow/example_dags/example_dataset_alias.py took 0.326 seconds
[2025-07-01T21:11:48.471+0000] {processor.py:186} INFO - Started process (PID=800) to work on /home/airflow/.local/lib/python3.12/site-packages/airflow/example_dags/example_dataset_alias.py
[2025-07-01T21:11:48.472+0000] {processor.py:914} INFO - Processing file /home/airflow/.local/lib/python3.12/site-packages/airflow/example_dags/example_dataset_alias.py for tasks to queue
[2025-07-01T21:11:48.475+0000] {logging_mixin.py:190} INFO - [2025-07-01T21:11:48.475+0000] {dagbag.py:588} INFO - Filling up the DagBag from /home/airflow/.local/lib/python3.12/site-packages/airflow/example_dags/example_dataset_alias.py
[2025-07-01T21:11:48.674+0000] {processor.py:925} INFO - DAG(s) 'dataset_alias_example_alias_producer', 'dataset_s3_bucket_consumer', 'dataset_s3_bucket_producer', 'dataset_alias_example_alias_consumer' retrieved from /home/airflow/.local/lib/python3.12/site-packages/airflow/example_dags/example_dataset_alias.py
[2025-07-01T21:11:48.700+0000] {logging_mixin.py:190} INFO - [2025-07-01T21:11:48.700+0000] {dag.py:3239} INFO - Sync 4 DAGs
[2025-07-01T21:11:48.735+0000] {logging_mixin.py:190} INFO - [2025-07-01T21:11:48.735+0000] {dag.py:4180} INFO - Setting next_dagrun for dataset_alias_example_alias_consumer to None, run_after=None
[2025-07-01T21:11:48.738+0000] {logging_mixin.py:190} INFO - [2025-07-01T21:11:48.738+0000] {dag.py:4180} INFO - Setting next_dagrun for dataset_alias_example_alias_producer to None, run_after=None
[2025-07-01T21:11:48.740+0000] {logging_mixin.py:190} INFO - [2025-07-01T21:11:48.740+0000] {dag.py:4180} INFO - Setting next_dagrun for dataset_s3_bucket_consumer to None, run_after=None
[2025-07-01T21:11:48.741+0000] {logging_mixin.py:190} INFO - [2025-07-01T21:11:48.741+0000] {dag.py:4180} INFO - Setting next_dagrun for dataset_s3_bucket_producer to None, run_after=None
[2025-07-01T21:11:48.770+0000] {processor.py:208} INFO - Processing /home/airflow/.local/lib/python3.12/site-packages/airflow/example_dags/example_dataset_alias.py took 0.306 seconds
[2025-07-01T21:12:19.063+0000] {processor.py:186} INFO - Started process (PID=863) to work on /home/airflow/.local/lib/python3.12/site-packages/airflow/example_dags/example_dataset_alias.py
[2025-07-01T21:12:19.064+0000] {processor.py:914} INFO - Processing file /home/airflow/.local/lib/python3.12/site-packages/airflow/example_dags/example_dataset_alias.py for tasks to queue
[2025-07-01T21:12:19.067+0000] {logging_mixin.py:190} INFO - [2025-07-01T21:12:19.067+0000] {dagbag.py:588} INFO - Filling up the DagBag from /home/airflow/.local/lib/python3.12/site-packages/airflow/example_dags/example_dataset_alias.py
[2025-07-01T21:12:19.280+0000] {processor.py:925} INFO - DAG(s) 'dataset_s3_bucket_producer', 'dataset_s3_bucket_consumer', 'dataset_alias_example_alias_producer', 'dataset_alias_example_alias_consumer' retrieved from /home/airflow/.local/lib/python3.12/site-packages/airflow/example_dags/example_dataset_alias.py
[2025-07-01T21:12:19.309+0000] {logging_mixin.py:190} INFO - [2025-07-01T21:12:19.309+0000] {dag.py:3239} INFO - Sync 4 DAGs
[2025-07-01T21:12:19.346+0000] {logging_mixin.py:190} INFO - [2025-07-01T21:12:19.346+0000] {dag.py:4180} INFO - Setting next_dagrun for dataset_alias_example_alias_consumer to None, run_after=None
[2025-07-01T21:12:19.350+0000] {logging_mixin.py:190} INFO - [2025-07-01T21:12:19.350+0000] {dag.py:4180} INFO - Setting next_dagrun for dataset_alias_example_alias_producer to None, run_after=None
[2025-07-01T21:12:19.352+0000] {logging_mixin.py:190} INFO - [2025-07-01T21:12:19.351+0000] {dag.py:4180} INFO - Setting next_dagrun for dataset_s3_bucket_consumer to None, run_after=None
[2025-07-01T21:12:19.354+0000] {logging_mixin.py:190} INFO - [2025-07-01T21:12:19.353+0000] {dag.py:4180} INFO - Setting next_dagrun for dataset_s3_bucket_producer to None, run_after=None
[2025-07-01T21:12:19.388+0000] {processor.py:208} INFO - Processing /home/airflow/.local/lib/python3.12/site-packages/airflow/example_dags/example_dataset_alias.py took 0.334 seconds
[2025-07-01T21:12:49.547+0000] {processor.py:186} INFO - Started process (PID=926) to work on /home/airflow/.local/lib/python3.12/site-packages/airflow/example_dags/example_dataset_alias.py
[2025-07-01T21:12:49.549+0000] {processor.py:914} INFO - Processing file /home/airflow/.local/lib/python3.12/site-packages/airflow/example_dags/example_dataset_alias.py for tasks to queue
[2025-07-01T21:12:49.554+0000] {logging_mixin.py:190} INFO - [2025-07-01T21:12:49.553+0000] {dagbag.py:588} INFO - Filling up the DagBag from /home/airflow/.local/lib/python3.12/site-packages/airflow/example_dags/example_dataset_alias.py
[2025-07-01T21:12:49.911+0000] {processor.py:925} INFO - DAG(s) 'dataset_s3_bucket_consumer', 'dataset_alias_example_alias_consumer', 'dataset_alias_example_alias_producer', 'dataset_s3_bucket_producer' retrieved from /home/airflow/.local/lib/python3.12/site-packages/airflow/example_dags/example_dataset_alias.py
[2025-07-01T21:12:49.948+0000] {logging_mixin.py:190} INFO - [2025-07-01T21:12:49.948+0000] {dag.py:3239} INFO - Sync 4 DAGs
[2025-07-01T21:12:49.992+0000] {logging_mixin.py:190} INFO - [2025-07-01T21:12:49.992+0000] {dag.py:4180} INFO - Setting next_dagrun for dataset_alias_example_alias_consumer to None, run_after=None
[2025-07-01T21:12:49.997+0000] {logging_mixin.py:190} INFO - [2025-07-01T21:12:49.997+0000] {dag.py:4180} INFO - Setting next_dagrun for dataset_alias_example_alias_producer to None, run_after=None
[2025-07-01T21:12:50.000+0000] {logging_mixin.py:190} INFO - [2025-07-01T21:12:50.000+0000] {dag.py:4180} INFO - Setting next_dagrun for dataset_s3_bucket_consumer to None, run_after=None
[2025-07-01T21:12:50.003+0000] {logging_mixin.py:190} INFO - [2025-07-01T21:12:50.002+0000] {dag.py:4180} INFO - Setting next_dagrun for dataset_s3_bucket_producer to None, run_after=None
[2025-07-01T21:12:50.035+0000] {processor.py:208} INFO - Processing /home/airflow/.local/lib/python3.12/site-packages/airflow/example_dags/example_dataset_alias.py took 0.498 seconds
[2025-07-01T21:13:20.153+0000] {processor.py:186} INFO - Started process (PID=990) to work on /home/airflow/.local/lib/python3.12/site-packages/airflow/example_dags/example_dataset_alias.py
[2025-07-01T21:13:20.155+0000] {processor.py:914} INFO - Processing file /home/airflow/.local/lib/python3.12/site-packages/airflow/example_dags/example_dataset_alias.py for tasks to queue
[2025-07-01T21:13:20.158+0000] {logging_mixin.py:190} INFO - [2025-07-01T21:13:20.157+0000] {dagbag.py:588} INFO - Filling up the DagBag from /home/airflow/.local/lib/python3.12/site-packages/airflow/example_dags/example_dataset_alias.py
[2025-07-01T21:13:20.613+0000] {processor.py:925} INFO - DAG(s) 'dataset_alias_example_alias_consumer', 'dataset_s3_bucket_producer', 'dataset_alias_example_alias_producer', 'dataset_s3_bucket_consumer' retrieved from /home/airflow/.local/lib/python3.12/site-packages/airflow/example_dags/example_dataset_alias.py
[2025-07-01T21:13:20.654+0000] {logging_mixin.py:190} INFO - [2025-07-01T21:13:20.654+0000] {dag.py:3239} INFO - Sync 4 DAGs
[2025-07-01T21:13:20.702+0000] {logging_mixin.py:190} INFO - [2025-07-01T21:13:20.701+0000] {dag.py:4180} INFO - Setting next_dagrun for dataset_alias_example_alias_consumer to None, run_after=None
[2025-07-01T21:13:20.707+0000] {logging_mixin.py:190} INFO - [2025-07-01T21:13:20.707+0000] {dag.py:4180} INFO - Setting next_dagrun for dataset_alias_example_alias_producer to None, run_after=None
[2025-07-01T21:13:20.709+0000] {logging_mixin.py:190} INFO - [2025-07-01T21:13:20.709+0000] {dag.py:4180} INFO - Setting next_dagrun for dataset_s3_bucket_consumer to None, run_after=None
[2025-07-01T21:13:20.711+0000] {logging_mixin.py:190} INFO - [2025-07-01T21:13:20.711+0000] {dag.py:4180} INFO - Setting next_dagrun for dataset_s3_bucket_producer to None, run_after=None
[2025-07-01T21:13:20.751+0000] {processor.py:208} INFO - Processing /home/airflow/.local/lib/python3.12/site-packages/airflow/example_dags/example_dataset_alias.py took 0.609 seconds
[2025-07-01T21:13:51.565+0000] {processor.py:186} INFO - Started process (PID=1059) to work on /home/airflow/.local/lib/python3.12/site-packages/airflow/example_dags/example_dataset_alias.py
[2025-07-01T21:13:51.567+0000] {processor.py:914} INFO - Processing file /home/airflow/.local/lib/python3.12/site-packages/airflow/example_dags/example_dataset_alias.py for tasks to queue
[2025-07-01T21:13:51.572+0000] {logging_mixin.py:190} INFO - [2025-07-01T21:13:51.571+0000] {dagbag.py:588} INFO - Filling up the DagBag from /home/airflow/.local/lib/python3.12/site-packages/airflow/example_dags/example_dataset_alias.py
[2025-07-01T21:13:51.801+0000] {processor.py:925} INFO - DAG(s) 'dataset_alias_example_alias_producer', 'dataset_alias_example_alias_consumer', 'dataset_s3_bucket_consumer', 'dataset_s3_bucket_producer' retrieved from /home/airflow/.local/lib/python3.12/site-packages/airflow/example_dags/example_dataset_alias.py
[2025-07-01T21:13:51.837+0000] {logging_mixin.py:190} INFO - [2025-07-01T21:13:51.836+0000] {dag.py:3239} INFO - Sync 4 DAGs
[2025-07-01T21:13:51.875+0000] {logging_mixin.py:190} INFO - [2025-07-01T21:13:51.875+0000] {dag.py:4180} INFO - Setting next_dagrun for dataset_alias_example_alias_consumer to None, run_after=None
[2025-07-01T21:13:51.880+0000] {logging_mixin.py:190} INFO - [2025-07-01T21:13:51.879+0000] {dag.py:4180} INFO - Setting next_dagrun for dataset_alias_example_alias_producer to None, run_after=None
[2025-07-01T21:13:51.882+0000] {logging_mixin.py:190} INFO - [2025-07-01T21:13:51.882+0000] {dag.py:4180} INFO - Setting next_dagrun for dataset_s3_bucket_consumer to None, run_after=None
[2025-07-01T21:13:51.884+0000] {logging_mixin.py:190} INFO - [2025-07-01T21:13:51.884+0000] {dag.py:4180} INFO - Setting next_dagrun for dataset_s3_bucket_producer to None, run_after=None
[2025-07-01T21:13:51.912+0000] {processor.py:208} INFO - Processing /home/airflow/.local/lib/python3.12/site-packages/airflow/example_dags/example_dataset_alias.py took 0.359 seconds
[2025-07-01T21:14:21.963+0000] {processor.py:186} INFO - Started process (PID=1124) to work on /home/airflow/.local/lib/python3.12/site-packages/airflow/example_dags/example_dataset_alias.py
[2025-07-01T21:14:21.968+0000] {processor.py:914} INFO - Processing file /home/airflow/.local/lib/python3.12/site-packages/airflow/example_dags/example_dataset_alias.py for tasks to queue
[2025-07-01T21:14:21.974+0000] {logging_mixin.py:190} INFO - [2025-07-01T21:14:21.973+0000] {dagbag.py:588} INFO - Filling up the DagBag from /home/airflow/.local/lib/python3.12/site-packages/airflow/example_dags/example_dataset_alias.py
[2025-07-01T21:14:22.201+0000] {processor.py:925} INFO - DAG(s) 'dataset_s3_bucket_producer', 'dataset_alias_example_alias_consumer', 'dataset_alias_example_alias_producer', 'dataset_s3_bucket_consumer' retrieved from /home/airflow/.local/lib/python3.12/site-packages/airflow/example_dags/example_dataset_alias.py
[2025-07-01T21:14:22.230+0000] {logging_mixin.py:190} INFO - [2025-07-01T21:14:22.230+0000] {dag.py:3239} INFO - Sync 4 DAGs
[2025-07-01T21:14:22.259+0000] {logging_mixin.py:190} INFO - [2025-07-01T21:14:22.259+0000] {dag.py:4180} INFO - Setting next_dagrun for dataset_alias_example_alias_consumer to None, run_after=None
[2025-07-01T21:14:22.262+0000] {logging_mixin.py:190} INFO - [2025-07-01T21:14:22.262+0000] {dag.py:4180} INFO - Setting next_dagrun for dataset_alias_example_alias_producer to None, run_after=None
[2025-07-01T21:14:22.264+0000] {logging_mixin.py:190} INFO - [2025-07-01T21:14:22.264+0000] {dag.py:4180} INFO - Setting next_dagrun for dataset_s3_bucket_consumer to None, run_after=None
[2025-07-01T21:14:22.265+0000] {logging_mixin.py:190} INFO - [2025-07-01T21:14:22.265+0000] {dag.py:4180} INFO - Setting next_dagrun for dataset_s3_bucket_producer to None, run_after=None
[2025-07-01T21:14:22.301+0000] {processor.py:208} INFO - Processing /home/airflow/.local/lib/python3.12/site-packages/airflow/example_dags/example_dataset_alias.py took 0.351 seconds
[2025-07-01T21:14:53.220+0000] {processor.py:186} INFO - Started process (PID=1187) to work on /home/airflow/.local/lib/python3.12/site-packages/airflow/example_dags/example_dataset_alias.py
[2025-07-01T21:14:53.227+0000] {processor.py:914} INFO - Processing file /home/airflow/.local/lib/python3.12/site-packages/airflow/example_dags/example_dataset_alias.py for tasks to queue
[2025-07-01T21:14:53.230+0000] {logging_mixin.py:190} INFO - [2025-07-01T21:14:53.230+0000] {dagbag.py:588} INFO - Filling up the DagBag from /home/airflow/.local/lib/python3.12/site-packages/airflow/example_dags/example_dataset_alias.py
[2025-07-01T21:14:53.449+0000] {processor.py:925} INFO - DAG(s) 'dataset_s3_bucket_consumer', 'dataset_s3_bucket_producer', 'dataset_alias_example_alias_producer', 'dataset_alias_example_alias_consumer' retrieved from /home/airflow/.local/lib/python3.12/site-packages/airflow/example_dags/example_dataset_alias.py
[2025-07-01T21:14:53.480+0000] {logging_mixin.py:190} INFO - [2025-07-01T21:14:53.480+0000] {dag.py:3239} INFO - Sync 4 DAGs
[2025-07-01T21:14:53.511+0000] {logging_mixin.py:190} INFO - [2025-07-01T21:14:53.511+0000] {dag.py:4180} INFO - Setting next_dagrun for dataset_alias_example_alias_consumer to None, run_after=None
[2025-07-01T21:14:53.514+0000] {logging_mixin.py:190} INFO - [2025-07-01T21:14:53.514+0000] {dag.py:4180} INFO - Setting next_dagrun for dataset_alias_example_alias_producer to None, run_after=None
[2025-07-01T21:14:53.516+0000] {logging_mixin.py:190} INFO - [2025-07-01T21:14:53.516+0000] {dag.py:4180} INFO - Setting next_dagrun for dataset_s3_bucket_consumer to None, run_after=None
[2025-07-01T21:14:53.518+0000] {logging_mixin.py:190} INFO - [2025-07-01T21:14:53.517+0000] {dag.py:4180} INFO - Setting next_dagrun for dataset_s3_bucket_producer to None, run_after=None
[2025-07-01T21:14:53.543+0000] {processor.py:208} INFO - Processing /home/airflow/.local/lib/python3.12/site-packages/airflow/example_dags/example_dataset_alias.py took 0.332 seconds
[2025-07-01T21:15:23.679+0000] {processor.py:186} INFO - Started process (PID=1250) to work on /home/airflow/.local/lib/python3.12/site-packages/airflow/example_dags/example_dataset_alias.py
[2025-07-01T21:15:23.680+0000] {processor.py:914} INFO - Processing file /home/airflow/.local/lib/python3.12/site-packages/airflow/example_dags/example_dataset_alias.py for tasks to queue
[2025-07-01T21:15:23.684+0000] {logging_mixin.py:190} INFO - [2025-07-01T21:15:23.683+0000] {dagbag.py:588} INFO - Filling up the DagBag from /home/airflow/.local/lib/python3.12/site-packages/airflow/example_dags/example_dataset_alias.py
[2025-07-01T21:15:23.951+0000] {processor.py:925} INFO - DAG(s) 'dataset_s3_bucket_producer', 'dataset_s3_bucket_consumer', 'dataset_alias_example_alias_consumer', 'dataset_alias_example_alias_producer' retrieved from /home/airflow/.local/lib/python3.12/site-packages/airflow/example_dags/example_dataset_alias.py
[2025-07-01T21:15:23.998+0000] {logging_mixin.py:190} INFO - [2025-07-01T21:15:23.998+0000] {dag.py:3239} INFO - Sync 4 DAGs
[2025-07-01T21:15:24.042+0000] {logging_mixin.py:190} INFO - [2025-07-01T21:15:24.041+0000] {dag.py:4180} INFO - Setting next_dagrun for dataset_alias_example_alias_consumer to None, run_after=None
[2025-07-01T21:15:24.045+0000] {logging_mixin.py:190} INFO - [2025-07-01T21:15:24.045+0000] {dag.py:4180} INFO - Setting next_dagrun for dataset_alias_example_alias_producer to None, run_after=None
[2025-07-01T21:15:24.047+0000] {logging_mixin.py:190} INFO - [2025-07-01T21:15:24.047+0000] {dag.py:4180} INFO - Setting next_dagrun for dataset_s3_bucket_consumer to None, run_after=None
[2025-07-01T21:15:24.049+0000] {logging_mixin.py:190} INFO - [2025-07-01T21:15:24.049+0000] {dag.py:4180} INFO - Setting next_dagrun for dataset_s3_bucket_producer to None, run_after=None
[2025-07-01T21:15:24.088+0000] {processor.py:208} INFO - Processing /home/airflow/.local/lib/python3.12/site-packages/airflow/example_dags/example_dataset_alias.py took 0.416 seconds
[2025-07-01T21:15:54.671+0000] {processor.py:186} INFO - Started process (PID=1313) to work on /home/airflow/.local/lib/python3.12/site-packages/airflow/example_dags/example_dataset_alias.py
[2025-07-01T21:15:54.673+0000] {processor.py:914} INFO - Processing file /home/airflow/.local/lib/python3.12/site-packages/airflow/example_dags/example_dataset_alias.py for tasks to queue
[2025-07-01T21:15:54.680+0000] {logging_mixin.py:190} INFO - [2025-07-01T21:15:54.679+0000] {dagbag.py:588} INFO - Filling up the DagBag from /home/airflow/.local/lib/python3.12/site-packages/airflow/example_dags/example_dataset_alias.py
[2025-07-01T21:15:54.930+0000] {processor.py:925} INFO - DAG(s) 'dataset_alias_example_alias_consumer', 'dataset_alias_example_alias_producer', 'dataset_s3_bucket_producer', 'dataset_s3_bucket_consumer' retrieved from /home/airflow/.local/lib/python3.12/site-packages/airflow/example_dags/example_dataset_alias.py
[2025-07-01T21:15:54.961+0000] {logging_mixin.py:190} INFO - [2025-07-01T21:15:54.960+0000] {dag.py:3239} INFO - Sync 4 DAGs
[2025-07-01T21:15:54.995+0000] {logging_mixin.py:190} INFO - [2025-07-01T21:15:54.994+0000] {dag.py:4180} INFO - Setting next_dagrun for dataset_alias_example_alias_consumer to None, run_after=None
[2025-07-01T21:15:54.999+0000] {logging_mixin.py:190} INFO - [2025-07-01T21:15:54.999+0000] {dag.py:4180} INFO - Setting next_dagrun for dataset_alias_example_alias_producer to None, run_after=None
[2025-07-01T21:15:55.001+0000] {logging_mixin.py:190} INFO - [2025-07-01T21:15:55.000+0000] {dag.py:4180} INFO - Setting next_dagrun for dataset_s3_bucket_consumer to None, run_after=None
[2025-07-01T21:15:55.003+0000] {logging_mixin.py:190} INFO - [2025-07-01T21:15:55.002+0000] {dag.py:4180} INFO - Setting next_dagrun for dataset_s3_bucket_producer to None, run_after=None
[2025-07-01T21:15:55.032+0000] {processor.py:208} INFO - Processing /home/airflow/.local/lib/python3.12/site-packages/airflow/example_dags/example_dataset_alias.py took 0.374 seconds
[2025-07-01T21:16:25.787+0000] {processor.py:186} INFO - Started process (PID=1376) to work on /home/airflow/.local/lib/python3.12/site-packages/airflow/example_dags/example_dataset_alias.py
[2025-07-01T21:16:25.788+0000] {processor.py:914} INFO - Processing file /home/airflow/.local/lib/python3.12/site-packages/airflow/example_dags/example_dataset_alias.py for tasks to queue
[2025-07-01T21:16:25.790+0000] {logging_mixin.py:190} INFO - [2025-07-01T21:16:25.790+0000] {dagbag.py:588} INFO - Filling up the DagBag from /home/airflow/.local/lib/python3.12/site-packages/airflow/example_dags/example_dataset_alias.py
[2025-07-01T21:16:26.041+0000] {processor.py:925} INFO - DAG(s) 'dataset_s3_bucket_consumer', 'dataset_alias_example_alias_consumer', 'dataset_alias_example_alias_producer', 'dataset_s3_bucket_producer' retrieved from /home/airflow/.local/lib/python3.12/site-packages/airflow/example_dags/example_dataset_alias.py
[2025-07-01T21:16:26.076+0000] {logging_mixin.py:190} INFO - [2025-07-01T21:16:26.076+0000] {dag.py:3239} INFO - Sync 4 DAGs
[2025-07-01T21:16:26.109+0000] {logging_mixin.py:190} INFO - [2025-07-01T21:16:26.109+0000] {dag.py:4180} INFO - Setting next_dagrun for dataset_alias_example_alias_consumer to None, run_after=None
[2025-07-01T21:16:26.112+0000] {logging_mixin.py:190} INFO - [2025-07-01T21:16:26.112+0000] {dag.py:4180} INFO - Setting next_dagrun for dataset_alias_example_alias_producer to None, run_after=None
[2025-07-01T21:16:26.114+0000] {logging_mixin.py:190} INFO - [2025-07-01T21:16:26.114+0000] {dag.py:4180} INFO - Setting next_dagrun for dataset_s3_bucket_consumer to None, run_after=None
[2025-07-01T21:16:26.117+0000] {logging_mixin.py:190} INFO - [2025-07-01T21:16:26.116+0000] {dag.py:4180} INFO - Setting next_dagrun for dataset_s3_bucket_producer to None, run_after=None
[2025-07-01T21:16:26.331+0000] {processor.py:208} INFO - Processing /home/airflow/.local/lib/python3.12/site-packages/airflow/example_dags/example_dataset_alias.py took 0.552 seconds
[2025-07-01T21:16:56.729+0000] {processor.py:186} INFO - Started process (PID=1439) to work on /home/airflow/.local/lib/python3.12/site-packages/airflow/example_dags/example_dataset_alias.py
[2025-07-01T21:16:56.733+0000] {processor.py:914} INFO - Processing file /home/airflow/.local/lib/python3.12/site-packages/airflow/example_dags/example_dataset_alias.py for tasks to queue
[2025-07-01T21:16:56.738+0000] {logging_mixin.py:190} INFO - [2025-07-01T21:16:56.737+0000] {dagbag.py:588} INFO - Filling up the DagBag from /home/airflow/.local/lib/python3.12/site-packages/airflow/example_dags/example_dataset_alias.py
[2025-07-01T21:16:57.126+0000] {processor.py:925} INFO - DAG(s) 'dataset_alias_example_alias_producer', 'dataset_alias_example_alias_consumer', 'dataset_s3_bucket_consumer', 'dataset_s3_bucket_producer' retrieved from /home/airflow/.local/lib/python3.12/site-packages/airflow/example_dags/example_dataset_alias.py
[2025-07-01T21:16:57.279+0000] {logging_mixin.py:190} INFO - [2025-07-01T21:16:57.279+0000] {dag.py:3239} INFO - Sync 4 DAGs
[2025-07-01T21:16:57.378+0000] {logging_mixin.py:190} INFO - [2025-07-01T21:16:57.378+0000] {dag.py:4180} INFO - Setting next_dagrun for dataset_alias_example_alias_consumer to None, run_after=None
[2025-07-01T21:16:57.387+0000] {logging_mixin.py:190} INFO - [2025-07-01T21:16:57.386+0000] {dag.py:4180} INFO - Setting next_dagrun for dataset_alias_example_alias_producer to None, run_after=None
[2025-07-01T21:16:57.394+0000] {logging_mixin.py:190} INFO - [2025-07-01T21:16:57.394+0000] {dag.py:4180} INFO - Setting next_dagrun for dataset_s3_bucket_consumer to None, run_after=None
[2025-07-01T21:16:57.398+0000] {logging_mixin.py:190} INFO - [2025-07-01T21:16:57.398+0000] {dag.py:4180} INFO - Setting next_dagrun for dataset_s3_bucket_producer to None, run_after=None
[2025-07-01T21:16:57.464+0000] {processor.py:208} INFO - Processing /home/airflow/.local/lib/python3.12/site-packages/airflow/example_dags/example_dataset_alias.py took 0.755 seconds
[2025-07-01T21:17:27.541+0000] {processor.py:186} INFO - Started process (PID=1504) to work on /home/airflow/.local/lib/python3.12/site-packages/airflow/example_dags/example_dataset_alias.py
[2025-07-01T21:17:27.542+0000] {processor.py:914} INFO - Processing file /home/airflow/.local/lib/python3.12/site-packages/airflow/example_dags/example_dataset_alias.py for tasks to queue
[2025-07-01T21:17:27.544+0000] {logging_mixin.py:190} INFO - [2025-07-01T21:17:27.544+0000] {dagbag.py:588} INFO - Filling up the DagBag from /home/airflow/.local/lib/python3.12/site-packages/airflow/example_dags/example_dataset_alias.py
[2025-07-01T21:17:27.754+0000] {processor.py:925} INFO - DAG(s) 'dataset_alias_example_alias_producer', 'dataset_alias_example_alias_consumer', 'dataset_s3_bucket_consumer', 'dataset_s3_bucket_producer' retrieved from /home/airflow/.local/lib/python3.12/site-packages/airflow/example_dags/example_dataset_alias.py
[2025-07-01T21:17:27.779+0000] {logging_mixin.py:190} INFO - [2025-07-01T21:17:27.779+0000] {dag.py:3239} INFO - Sync 4 DAGs
[2025-07-01T21:17:27.805+0000] {logging_mixin.py:190} INFO - [2025-07-01T21:17:27.805+0000] {dag.py:4180} INFO - Setting next_dagrun for dataset_alias_example_alias_consumer to None, run_after=None
[2025-07-01T21:17:27.808+0000] {logging_mixin.py:190} INFO - [2025-07-01T21:17:27.808+0000] {dag.py:4180} INFO - Setting next_dagrun for dataset_alias_example_alias_producer to None, run_after=None
[2025-07-01T21:17:27.809+0000] {logging_mixin.py:190} INFO - [2025-07-01T21:17:27.809+0000] {dag.py:4180} INFO - Setting next_dagrun for dataset_s3_bucket_consumer to None, run_after=None
[2025-07-01T21:17:27.811+0000] {logging_mixin.py:190} INFO - [2025-07-01T21:17:27.811+0000] {dag.py:4180} INFO - Setting next_dagrun for dataset_s3_bucket_producer to None, run_after=None
[2025-07-01T21:17:27.844+0000] {processor.py:208} INFO - Processing /home/airflow/.local/lib/python3.12/site-packages/airflow/example_dags/example_dataset_alias.py took 0.310 seconds
[2025-07-01T21:17:58.133+0000] {processor.py:186} INFO - Started process (PID=1565) to work on /home/airflow/.local/lib/python3.12/site-packages/airflow/example_dags/example_dataset_alias.py
[2025-07-01T21:17:58.136+0000] {processor.py:914} INFO - Processing file /home/airflow/.local/lib/python3.12/site-packages/airflow/example_dags/example_dataset_alias.py for tasks to queue
[2025-07-01T21:17:58.144+0000] {logging_mixin.py:190} INFO - [2025-07-01T21:17:58.143+0000] {dagbag.py:588} INFO - Filling up the DagBag from /home/airflow/.local/lib/python3.12/site-packages/airflow/example_dags/example_dataset_alias.py
[2025-07-01T21:17:58.360+0000] {processor.py:925} INFO - DAG(s) 'dataset_alias_example_alias_producer', 'dataset_alias_example_alias_consumer', 'dataset_s3_bucket_consumer', 'dataset_s3_bucket_producer' retrieved from /home/airflow/.local/lib/python3.12/site-packages/airflow/example_dags/example_dataset_alias.py
[2025-07-01T21:17:58.389+0000] {logging_mixin.py:190} INFO - [2025-07-01T21:17:58.389+0000] {dag.py:3239} INFO - Sync 4 DAGs
[2025-07-01T21:17:58.425+0000] {logging_mixin.py:190} INFO - [2025-07-01T21:17:58.425+0000] {dag.py:4180} INFO - Setting next_dagrun for dataset_alias_example_alias_consumer to None, run_after=None
[2025-07-01T21:17:58.431+0000] {logging_mixin.py:190} INFO - [2025-07-01T21:17:58.430+0000] {dag.py:4180} INFO - Setting next_dagrun for dataset_alias_example_alias_producer to None, run_after=None
[2025-07-01T21:17:58.435+0000] {logging_mixin.py:190} INFO - [2025-07-01T21:17:58.434+0000] {dag.py:4180} INFO - Setting next_dagrun for dataset_s3_bucket_consumer to None, run_after=None
[2025-07-01T21:17:58.439+0000] {logging_mixin.py:190} INFO - [2025-07-01T21:17:58.438+0000] {dag.py:4180} INFO - Setting next_dagrun for dataset_s3_bucket_producer to None, run_after=None
[2025-07-01T21:17:58.474+0000] {processor.py:208} INFO - Processing /home/airflow/.local/lib/python3.12/site-packages/airflow/example_dags/example_dataset_alias.py took 0.381 seconds
[2025-07-01T21:18:28.611+0000] {processor.py:186} INFO - Started process (PID=1632) to work on /home/airflow/.local/lib/python3.12/site-packages/airflow/example_dags/example_dataset_alias.py
[2025-07-01T21:18:28.612+0000] {processor.py:914} INFO - Processing file /home/airflow/.local/lib/python3.12/site-packages/airflow/example_dags/example_dataset_alias.py for tasks to queue
[2025-07-01T21:18:28.615+0000] {logging_mixin.py:190} INFO - [2025-07-01T21:18:28.614+0000] {dagbag.py:588} INFO - Filling up the DagBag from /home/airflow/.local/lib/python3.12/site-packages/airflow/example_dags/example_dataset_alias.py
[2025-07-01T21:18:28.804+0000] {processor.py:925} INFO - DAG(s) 'dataset_alias_example_alias_consumer', 'dataset_s3_bucket_consumer', 'dataset_s3_bucket_producer', 'dataset_alias_example_alias_producer' retrieved from /home/airflow/.local/lib/python3.12/site-packages/airflow/example_dags/example_dataset_alias.py
[2025-07-01T21:18:28.825+0000] {logging_mixin.py:190} INFO - [2025-07-01T21:18:28.825+0000] {dag.py:3239} INFO - Sync 4 DAGs
[2025-07-01T21:18:28.850+0000] {logging_mixin.py:190} INFO - [2025-07-01T21:18:28.849+0000] {dag.py:4180} INFO - Setting next_dagrun for dataset_alias_example_alias_consumer to None, run_after=None
[2025-07-01T21:18:28.853+0000] {logging_mixin.py:190} INFO - [2025-07-01T21:18:28.852+0000] {dag.py:4180} INFO - Setting next_dagrun for dataset_alias_example_alias_producer to None, run_after=None
[2025-07-01T21:18:28.854+0000] {logging_mixin.py:190} INFO - [2025-07-01T21:18:28.854+0000] {dag.py:4180} INFO - Setting next_dagrun for dataset_s3_bucket_consumer to None, run_after=None
[2025-07-01T21:18:28.855+0000] {logging_mixin.py:190} INFO - [2025-07-01T21:18:28.855+0000] {dag.py:4180} INFO - Setting next_dagrun for dataset_s3_bucket_producer to None, run_after=None
[2025-07-01T21:18:28.886+0000] {processor.py:208} INFO - Processing /home/airflow/.local/lib/python3.12/site-packages/airflow/example_dags/example_dataset_alias.py took 0.281 seconds
[2025-07-01T21:18:59.836+0000] {processor.py:186} INFO - Started process (PID=1696) to work on /home/airflow/.local/lib/python3.12/site-packages/airflow/example_dags/example_dataset_alias.py
[2025-07-01T21:18:59.844+0000] {processor.py:914} INFO - Processing file /home/airflow/.local/lib/python3.12/site-packages/airflow/example_dags/example_dataset_alias.py for tasks to queue
[2025-07-01T21:18:59.847+0000] {logging_mixin.py:190} INFO - [2025-07-01T21:18:59.847+0000] {dagbag.py:588} INFO - Filling up the DagBag from /home/airflow/.local/lib/python3.12/site-packages/airflow/example_dags/example_dataset_alias.py
[2025-07-01T21:19:00.048+0000] {processor.py:925} INFO - DAG(s) 'dataset_s3_bucket_consumer', 'dataset_alias_example_alias_producer', 'dataset_alias_example_alias_consumer', 'dataset_s3_bucket_producer' retrieved from /home/airflow/.local/lib/python3.12/site-packages/airflow/example_dags/example_dataset_alias.py
[2025-07-01T21:19:00.072+0000] {logging_mixin.py:190} INFO - [2025-07-01T21:19:00.072+0000] {dag.py:3239} INFO - Sync 4 DAGs
[2025-07-01T21:19:00.097+0000] {logging_mixin.py:190} INFO - [2025-07-01T21:19:00.097+0000] {dag.py:4180} INFO - Setting next_dagrun for dataset_alias_example_alias_consumer to None, run_after=None
[2025-07-01T21:19:00.101+0000] {logging_mixin.py:190} INFO - [2025-07-01T21:19:00.100+0000] {dag.py:4180} INFO - Setting next_dagrun for dataset_alias_example_alias_producer to None, run_after=None
[2025-07-01T21:19:00.103+0000] {logging_mixin.py:190} INFO - [2025-07-01T21:19:00.103+0000] {dag.py:4180} INFO - Setting next_dagrun for dataset_s3_bucket_consumer to None, run_after=None
[2025-07-01T21:19:00.104+0000] {logging_mixin.py:190} INFO - [2025-07-01T21:19:00.104+0000] {dag.py:4180} INFO - Setting next_dagrun for dataset_s3_bucket_producer to None, run_after=None
[2025-07-01T21:19:00.146+0000] {processor.py:208} INFO - Processing /home/airflow/.local/lib/python3.12/site-packages/airflow/example_dags/example_dataset_alias.py took 0.322 seconds
[2025-07-01T21:19:30.316+0000] {processor.py:186} INFO - Started process (PID=1759) to work on /home/airflow/.local/lib/python3.12/site-packages/airflow/example_dags/example_dataset_alias.py
[2025-07-01T21:19:30.323+0000] {processor.py:914} INFO - Processing file /home/airflow/.local/lib/python3.12/site-packages/airflow/example_dags/example_dataset_alias.py for tasks to queue
[2025-07-01T21:19:30.326+0000] {logging_mixin.py:190} INFO - [2025-07-01T21:19:30.326+0000] {dagbag.py:588} INFO - Filling up the DagBag from /home/airflow/.local/lib/python3.12/site-packages/airflow/example_dags/example_dataset_alias.py
[2025-07-01T21:19:30.705+0000] {processor.py:925} INFO - DAG(s) 'dataset_alias_example_alias_producer', 'dataset_s3_bucket_producer', 'dataset_s3_bucket_consumer', 'dataset_alias_example_alias_consumer' retrieved from /home/airflow/.local/lib/python3.12/site-packages/airflow/example_dags/example_dataset_alias.py
[2025-07-01T21:19:30.727+0000] {logging_mixin.py:190} INFO - [2025-07-01T21:19:30.726+0000] {dag.py:3239} INFO - Sync 4 DAGs
[2025-07-01T21:19:30.757+0000] {logging_mixin.py:190} INFO - [2025-07-01T21:19:30.757+0000] {dag.py:4180} INFO - Setting next_dagrun for dataset_alias_example_alias_consumer to None, run_after=None
[2025-07-01T21:19:30.762+0000] {logging_mixin.py:190} INFO - [2025-07-01T21:19:30.761+0000] {dag.py:4180} INFO - Setting next_dagrun for dataset_alias_example_alias_producer to None, run_after=None
[2025-07-01T21:19:30.764+0000] {logging_mixin.py:190} INFO - [2025-07-01T21:19:30.764+0000] {dag.py:4180} INFO - Setting next_dagrun for dataset_s3_bucket_consumer to None, run_after=None
[2025-07-01T21:19:30.767+0000] {logging_mixin.py:190} INFO - [2025-07-01T21:19:30.766+0000] {dag.py:4180} INFO - Setting next_dagrun for dataset_s3_bucket_producer to None, run_after=None
[2025-07-01T21:19:30.807+0000] {processor.py:208} INFO - Processing /home/airflow/.local/lib/python3.12/site-packages/airflow/example_dags/example_dataset_alias.py took 0.500 seconds
[2025-07-01T21:20:00.965+0000] {processor.py:186} INFO - Started process (PID=1822) to work on /home/airflow/.local/lib/python3.12/site-packages/airflow/example_dags/example_dataset_alias.py
[2025-07-01T21:20:00.970+0000] {processor.py:914} INFO - Processing file /home/airflow/.local/lib/python3.12/site-packages/airflow/example_dags/example_dataset_alias.py for tasks to queue
[2025-07-01T21:20:00.981+0000] {logging_mixin.py:190} INFO - [2025-07-01T21:20:00.979+0000] {dagbag.py:588} INFO - Filling up the DagBag from /home/airflow/.local/lib/python3.12/site-packages/airflow/example_dags/example_dataset_alias.py
[2025-07-01T21:20:01.388+0000] {processor.py:925} INFO - DAG(s) 'dataset_s3_bucket_consumer', 'dataset_alias_example_alias_producer', 'dataset_s3_bucket_producer', 'dataset_alias_example_alias_consumer' retrieved from /home/airflow/.local/lib/python3.12/site-packages/airflow/example_dags/example_dataset_alias.py
[2025-07-01T21:20:01.415+0000] {logging_mixin.py:190} INFO - [2025-07-01T21:20:01.415+0000] {dag.py:3239} INFO - Sync 4 DAGs
[2025-07-01T21:20:01.437+0000] {logging_mixin.py:190} INFO - [2025-07-01T21:20:01.437+0000] {dag.py:4180} INFO - Setting next_dagrun for dataset_alias_example_alias_consumer to None, run_after=None
[2025-07-01T21:20:01.440+0000] {logging_mixin.py:190} INFO - [2025-07-01T21:20:01.440+0000] {dag.py:4180} INFO - Setting next_dagrun for dataset_alias_example_alias_producer to None, run_after=None
[2025-07-01T21:20:01.442+0000] {logging_mixin.py:190} INFO - [2025-07-01T21:20:01.442+0000] {dag.py:4180} INFO - Setting next_dagrun for dataset_s3_bucket_consumer to None, run_after=None
[2025-07-01T21:20:01.444+0000] {logging_mixin.py:190} INFO - [2025-07-01T21:20:01.443+0000] {dag.py:4180} INFO - Setting next_dagrun for dataset_s3_bucket_producer to None, run_after=None
[2025-07-01T21:20:01.472+0000] {processor.py:208} INFO - Processing /home/airflow/.local/lib/python3.12/site-packages/airflow/example_dags/example_dataset_alias.py took 0.536 seconds
[2025-07-01T21:20:31.956+0000] {processor.py:186} INFO - Started process (PID=1885) to work on /home/airflow/.local/lib/python3.12/site-packages/airflow/example_dags/example_dataset_alias.py
[2025-07-01T21:20:31.958+0000] {processor.py:914} INFO - Processing file /home/airflow/.local/lib/python3.12/site-packages/airflow/example_dags/example_dataset_alias.py for tasks to queue
[2025-07-01T21:20:31.962+0000] {logging_mixin.py:190} INFO - [2025-07-01T21:20:31.961+0000] {dagbag.py:588} INFO - Filling up the DagBag from /home/airflow/.local/lib/python3.12/site-packages/airflow/example_dags/example_dataset_alias.py
[2025-07-01T21:20:32.383+0000] {processor.py:925} INFO - DAG(s) 'dataset_alias_example_alias_consumer', 'dataset_s3_bucket_producer', 'dataset_s3_bucket_consumer', 'dataset_alias_example_alias_producer' retrieved from /home/airflow/.local/lib/python3.12/site-packages/airflow/example_dags/example_dataset_alias.py
[2025-07-01T21:20:32.407+0000] {logging_mixin.py:190} INFO - [2025-07-01T21:20:32.406+0000] {dag.py:3239} INFO - Sync 4 DAGs
[2025-07-01T21:20:32.431+0000] {logging_mixin.py:190} INFO - [2025-07-01T21:20:32.430+0000] {dag.py:4180} INFO - Setting next_dagrun for dataset_alias_example_alias_consumer to None, run_after=None
[2025-07-01T21:20:32.433+0000] {logging_mixin.py:190} INFO - [2025-07-01T21:20:32.433+0000] {dag.py:4180} INFO - Setting next_dagrun for dataset_alias_example_alias_producer to None, run_after=None
[2025-07-01T21:20:32.435+0000] {logging_mixin.py:190} INFO - [2025-07-01T21:20:32.435+0000] {dag.py:4180} INFO - Setting next_dagrun for dataset_s3_bucket_consumer to None, run_after=None
[2025-07-01T21:20:32.437+0000] {logging_mixin.py:190} INFO - [2025-07-01T21:20:32.436+0000] {dag.py:4180} INFO - Setting next_dagrun for dataset_s3_bucket_producer to None, run_after=None
[2025-07-01T21:20:32.464+0000] {processor.py:208} INFO - Processing /home/airflow/.local/lib/python3.12/site-packages/airflow/example_dags/example_dataset_alias.py took 0.521 seconds
[2025-07-01T21:21:02.804+0000] {processor.py:186} INFO - Started process (PID=1948) to work on /home/airflow/.local/lib/python3.12/site-packages/airflow/example_dags/example_dataset_alias.py
[2025-07-01T21:21:02.812+0000] {processor.py:914} INFO - Processing file /home/airflow/.local/lib/python3.12/site-packages/airflow/example_dags/example_dataset_alias.py for tasks to queue
[2025-07-01T21:21:02.815+0000] {logging_mixin.py:190} INFO - [2025-07-01T21:21:02.815+0000] {dagbag.py:588} INFO - Filling up the DagBag from /home/airflow/.local/lib/python3.12/site-packages/airflow/example_dags/example_dataset_alias.py
[2025-07-01T21:21:03.323+0000] {processor.py:925} INFO - DAG(s) 'dataset_s3_bucket_producer', 'dataset_alias_example_alias_consumer', 'dataset_s3_bucket_consumer', 'dataset_alias_example_alias_producer' retrieved from /home/airflow/.local/lib/python3.12/site-packages/airflow/example_dags/example_dataset_alias.py
[2025-07-01T21:21:03.357+0000] {logging_mixin.py:190} INFO - [2025-07-01T21:21:03.356+0000] {dag.py:3239} INFO - Sync 4 DAGs
[2025-07-01T21:21:03.389+0000] {logging_mixin.py:190} INFO - [2025-07-01T21:21:03.389+0000] {dag.py:4180} INFO - Setting next_dagrun for dataset_alias_example_alias_consumer to None, run_after=None
[2025-07-01T21:21:03.393+0000] {logging_mixin.py:190} INFO - [2025-07-01T21:21:03.393+0000] {dag.py:4180} INFO - Setting next_dagrun for dataset_alias_example_alias_producer to None, run_after=None
[2025-07-01T21:21:03.395+0000] {logging_mixin.py:190} INFO - [2025-07-01T21:21:03.395+0000] {dag.py:4180} INFO - Setting next_dagrun for dataset_s3_bucket_consumer to None, run_after=None
[2025-07-01T21:21:03.398+0000] {logging_mixin.py:190} INFO - [2025-07-01T21:21:03.397+0000] {dag.py:4180} INFO - Setting next_dagrun for dataset_s3_bucket_producer to None, run_after=None
[2025-07-01T21:21:03.450+0000] {processor.py:208} INFO - Processing /home/airflow/.local/lib/python3.12/site-packages/airflow/example_dags/example_dataset_alias.py took 0.655 seconds
[2025-07-01T21:21:34.243+0000] {processor.py:186} INFO - Started process (PID=2011) to work on /home/airflow/.local/lib/python3.12/site-packages/airflow/example_dags/example_dataset_alias.py
[2025-07-01T21:21:34.244+0000] {processor.py:914} INFO - Processing file /home/airflow/.local/lib/python3.12/site-packages/airflow/example_dags/example_dataset_alias.py for tasks to queue
[2025-07-01T21:21:34.247+0000] {logging_mixin.py:190} INFO - [2025-07-01T21:21:34.247+0000] {dagbag.py:588} INFO - Filling up the DagBag from /home/airflow/.local/lib/python3.12/site-packages/airflow/example_dags/example_dataset_alias.py
[2025-07-01T21:21:34.711+0000] {processor.py:925} INFO - DAG(s) 'dataset_s3_bucket_producer', 'dataset_alias_example_alias_producer', 'dataset_alias_example_alias_consumer', 'dataset_s3_bucket_consumer' retrieved from /home/airflow/.local/lib/python3.12/site-packages/airflow/example_dags/example_dataset_alias.py
[2025-07-01T21:21:34.741+0000] {logging_mixin.py:190} INFO - [2025-07-01T21:21:34.741+0000] {dag.py:3239} INFO - Sync 4 DAGs
[2025-07-01T21:21:34.777+0000] {logging_mixin.py:190} INFO - [2025-07-01T21:21:34.777+0000] {dag.py:4180} INFO - Setting next_dagrun for dataset_alias_example_alias_consumer to None, run_after=None
[2025-07-01T21:21:34.782+0000] {logging_mixin.py:190} INFO - [2025-07-01T21:21:34.782+0000] {dag.py:4180} INFO - Setting next_dagrun for dataset_alias_example_alias_producer to None, run_after=None
[2025-07-01T21:21:34.787+0000] {logging_mixin.py:190} INFO - [2025-07-01T21:21:34.787+0000] {dag.py:4180} INFO - Setting next_dagrun for dataset_s3_bucket_consumer to None, run_after=None
[2025-07-01T21:21:34.789+0000] {logging_mixin.py:190} INFO - [2025-07-01T21:21:34.789+0000] {dag.py:4180} INFO - Setting next_dagrun for dataset_s3_bucket_producer to None, run_after=None
[2025-07-01T21:21:34.821+0000] {processor.py:208} INFO - Processing /home/airflow/.local/lib/python3.12/site-packages/airflow/example_dags/example_dataset_alias.py took 0.586 seconds
[2025-07-01T21:22:05.557+0000] {processor.py:186} INFO - Started process (PID=2074) to work on /home/airflow/.local/lib/python3.12/site-packages/airflow/example_dags/example_dataset_alias.py
[2025-07-01T21:22:05.558+0000] {processor.py:914} INFO - Processing file /home/airflow/.local/lib/python3.12/site-packages/airflow/example_dags/example_dataset_alias.py for tasks to queue
[2025-07-01T21:22:05.562+0000] {logging_mixin.py:190} INFO - [2025-07-01T21:22:05.561+0000] {dagbag.py:588} INFO - Filling up the DagBag from /home/airflow/.local/lib/python3.12/site-packages/airflow/example_dags/example_dataset_alias.py
[2025-07-01T21:22:05.978+0000] {processor.py:925} INFO - DAG(s) 'dataset_s3_bucket_producer', 'dataset_s3_bucket_consumer', 'dataset_alias_example_alias_consumer', 'dataset_alias_example_alias_producer' retrieved from /home/airflow/.local/lib/python3.12/site-packages/airflow/example_dags/example_dataset_alias.py
[2025-07-01T21:22:06.006+0000] {logging_mixin.py:190} INFO - [2025-07-01T21:22:06.006+0000] {dag.py:3239} INFO - Sync 4 DAGs
[2025-07-01T21:22:06.031+0000] {logging_mixin.py:190} INFO - [2025-07-01T21:22:06.031+0000] {dag.py:4180} INFO - Setting next_dagrun for dataset_alias_example_alias_consumer to None, run_after=None
[2025-07-01T21:22:06.035+0000] {logging_mixin.py:190} INFO - [2025-07-01T21:22:06.034+0000] {dag.py:4180} INFO - Setting next_dagrun for dataset_alias_example_alias_producer to None, run_after=None
[2025-07-01T21:22:06.038+0000] {logging_mixin.py:190} INFO - [2025-07-01T21:22:06.038+0000] {dag.py:4180} INFO - Setting next_dagrun for dataset_s3_bucket_consumer to None, run_after=None
[2025-07-01T21:22:06.040+0000] {logging_mixin.py:190} INFO - [2025-07-01T21:22:06.040+0000] {dag.py:4180} INFO - Setting next_dagrun for dataset_s3_bucket_producer to None, run_after=None
[2025-07-01T21:22:06.068+0000] {processor.py:208} INFO - Processing /home/airflow/.local/lib/python3.12/site-packages/airflow/example_dags/example_dataset_alias.py took 0.521 seconds
[2025-07-01T21:22:36.667+0000] {processor.py:186} INFO - Started process (PID=2137) to work on /home/airflow/.local/lib/python3.12/site-packages/airflow/example_dags/example_dataset_alias.py
[2025-07-01T21:22:36.668+0000] {processor.py:914} INFO - Processing file /home/airflow/.local/lib/python3.12/site-packages/airflow/example_dags/example_dataset_alias.py for tasks to queue
[2025-07-01T21:22:36.671+0000] {logging_mixin.py:190} INFO - [2025-07-01T21:22:36.670+0000] {dagbag.py:588} INFO - Filling up the DagBag from /home/airflow/.local/lib/python3.12/site-packages/airflow/example_dags/example_dataset_alias.py
[2025-07-01T21:22:37.033+0000] {processor.py:925} INFO - DAG(s) 'dataset_s3_bucket_producer', 'dataset_alias_example_alias_producer', 'dataset_alias_example_alias_consumer', 'dataset_s3_bucket_consumer' retrieved from /home/airflow/.local/lib/python3.12/site-packages/airflow/example_dags/example_dataset_alias.py
[2025-07-01T21:22:37.054+0000] {logging_mixin.py:190} INFO - [2025-07-01T21:22:37.054+0000] {dag.py:3239} INFO - Sync 4 DAGs
[2025-07-01T21:22:37.077+0000] {logging_mixin.py:190} INFO - [2025-07-01T21:22:37.076+0000] {dag.py:4180} INFO - Setting next_dagrun for dataset_alias_example_alias_consumer to None, run_after=None
[2025-07-01T21:22:37.079+0000] {logging_mixin.py:190} INFO - [2025-07-01T21:22:37.079+0000] {dag.py:4180} INFO - Setting next_dagrun for dataset_alias_example_alias_producer to None, run_after=None
[2025-07-01T21:22:37.081+0000] {logging_mixin.py:190} INFO - [2025-07-01T21:22:37.080+0000] {dag.py:4180} INFO - Setting next_dagrun for dataset_s3_bucket_consumer to None, run_after=None
[2025-07-01T21:22:37.082+0000] {logging_mixin.py:190} INFO - [2025-07-01T21:22:37.082+0000] {dag.py:4180} INFO - Setting next_dagrun for dataset_s3_bucket_producer to None, run_after=None
[2025-07-01T21:22:37.110+0000] {processor.py:208} INFO - Processing /home/airflow/.local/lib/python3.12/site-packages/airflow/example_dags/example_dataset_alias.py took 0.450 seconds
[2025-07-01T21:23:07.589+0000] {processor.py:186} INFO - Started process (PID=2200) to work on /home/airflow/.local/lib/python3.12/site-packages/airflow/example_dags/example_dataset_alias.py
[2025-07-01T21:23:07.596+0000] {processor.py:914} INFO - Processing file /home/airflow/.local/lib/python3.12/site-packages/airflow/example_dags/example_dataset_alias.py for tasks to queue
[2025-07-01T21:23:07.600+0000] {logging_mixin.py:190} INFO - [2025-07-01T21:23:07.599+0000] {dagbag.py:588} INFO - Filling up the DagBag from /home/airflow/.local/lib/python3.12/site-packages/airflow/example_dags/example_dataset_alias.py
[2025-07-01T21:23:08.039+0000] {processor.py:925} INFO - DAG(s) 'dataset_s3_bucket_consumer', 'dataset_alias_example_alias_producer', 'dataset_alias_example_alias_consumer', 'dataset_s3_bucket_producer' retrieved from /home/airflow/.local/lib/python3.12/site-packages/airflow/example_dags/example_dataset_alias.py
[2025-07-01T21:23:08.068+0000] {logging_mixin.py:190} INFO - [2025-07-01T21:23:08.068+0000] {dag.py:3239} INFO - Sync 4 DAGs
[2025-07-01T21:23:08.093+0000] {logging_mixin.py:190} INFO - [2025-07-01T21:23:08.093+0000] {dag.py:4180} INFO - Setting next_dagrun for dataset_alias_example_alias_consumer to None, run_after=None
[2025-07-01T21:23:08.097+0000] {logging_mixin.py:190} INFO - [2025-07-01T21:23:08.097+0000] {dag.py:4180} INFO - Setting next_dagrun for dataset_alias_example_alias_producer to None, run_after=None
[2025-07-01T21:23:08.099+0000] {logging_mixin.py:190} INFO - [2025-07-01T21:23:08.098+0000] {dag.py:4180} INFO - Setting next_dagrun for dataset_s3_bucket_consumer to None, run_after=None
[2025-07-01T21:23:08.101+0000] {logging_mixin.py:190} INFO - [2025-07-01T21:23:08.101+0000] {dag.py:4180} INFO - Setting next_dagrun for dataset_s3_bucket_producer to None, run_after=None
[2025-07-01T21:23:08.135+0000] {processor.py:208} INFO - Processing /home/airflow/.local/lib/python3.12/site-packages/airflow/example_dags/example_dataset_alias.py took 0.558 seconds
[2025-07-01T21:23:38.239+0000] {processor.py:186} INFO - Started process (PID=2263) to work on /home/airflow/.local/lib/python3.12/site-packages/airflow/example_dags/example_dataset_alias.py
[2025-07-01T21:23:38.240+0000] {processor.py:914} INFO - Processing file /home/airflow/.local/lib/python3.12/site-packages/airflow/example_dags/example_dataset_alias.py for tasks to queue
[2025-07-01T21:23:38.243+0000] {logging_mixin.py:190} INFO - [2025-07-01T21:23:38.242+0000] {dagbag.py:588} INFO - Filling up the DagBag from /home/airflow/.local/lib/python3.12/site-packages/airflow/example_dags/example_dataset_alias.py
[2025-07-01T21:23:38.615+0000] {processor.py:925} INFO - DAG(s) 'dataset_alias_example_alias_producer', 'dataset_s3_bucket_consumer', 'dataset_s3_bucket_producer', 'dataset_alias_example_alias_consumer' retrieved from /home/airflow/.local/lib/python3.12/site-packages/airflow/example_dags/example_dataset_alias.py
[2025-07-01T21:23:38.635+0000] {logging_mixin.py:190} INFO - [2025-07-01T21:23:38.635+0000] {dag.py:3239} INFO - Sync 4 DAGs
[2025-07-01T21:23:38.660+0000] {logging_mixin.py:190} INFO - [2025-07-01T21:23:38.659+0000] {dag.py:4180} INFO - Setting next_dagrun for dataset_alias_example_alias_consumer to None, run_after=None
[2025-07-01T21:23:38.665+0000] {logging_mixin.py:190} INFO - [2025-07-01T21:23:38.664+0000] {dag.py:4180} INFO - Setting next_dagrun for dataset_alias_example_alias_producer to None, run_after=None
[2025-07-01T21:23:38.666+0000] {logging_mixin.py:190} INFO - [2025-07-01T21:23:38.666+0000] {dag.py:4180} INFO - Setting next_dagrun for dataset_s3_bucket_consumer to None, run_after=None
[2025-07-01T21:23:38.668+0000] {logging_mixin.py:190} INFO - [2025-07-01T21:23:38.668+0000] {dag.py:4180} INFO - Setting next_dagrun for dataset_s3_bucket_producer to None, run_after=None
[2025-07-01T21:23:38.699+0000] {processor.py:208} INFO - Processing /home/airflow/.local/lib/python3.12/site-packages/airflow/example_dags/example_dataset_alias.py took 0.467 seconds
[2025-07-01T21:24:09.200+0000] {processor.py:186} INFO - Started process (PID=2326) to work on /home/airflow/.local/lib/python3.12/site-packages/airflow/example_dags/example_dataset_alias.py
[2025-07-01T21:24:09.201+0000] {processor.py:914} INFO - Processing file /home/airflow/.local/lib/python3.12/site-packages/airflow/example_dags/example_dataset_alias.py for tasks to queue
[2025-07-01T21:24:09.204+0000] {logging_mixin.py:190} INFO - [2025-07-01T21:24:09.204+0000] {dagbag.py:588} INFO - Filling up the DagBag from /home/airflow/.local/lib/python3.12/site-packages/airflow/example_dags/example_dataset_alias.py
[2025-07-01T21:24:09.576+0000] {processor.py:925} INFO - DAG(s) 'dataset_s3_bucket_producer', 'dataset_alias_example_alias_consumer', 'dataset_s3_bucket_consumer', 'dataset_alias_example_alias_producer' retrieved from /home/airflow/.local/lib/python3.12/site-packages/airflow/example_dags/example_dataset_alias.py
[2025-07-01T21:24:09.599+0000] {logging_mixin.py:190} INFO - [2025-07-01T21:24:09.599+0000] {dag.py:3239} INFO - Sync 4 DAGs
[2025-07-01T21:24:09.623+0000] {logging_mixin.py:190} INFO - [2025-07-01T21:24:09.622+0000] {dag.py:4180} INFO - Setting next_dagrun for dataset_alias_example_alias_consumer to None, run_after=None
[2025-07-01T21:24:09.627+0000] {logging_mixin.py:190} INFO - [2025-07-01T21:24:09.627+0000] {dag.py:4180} INFO - Setting next_dagrun for dataset_alias_example_alias_producer to None, run_after=None
[2025-07-01T21:24:09.629+0000] {logging_mixin.py:190} INFO - [2025-07-01T21:24:09.629+0000] {dag.py:4180} INFO - Setting next_dagrun for dataset_s3_bucket_consumer to None, run_after=None
[2025-07-01T21:24:09.631+0000] {logging_mixin.py:190} INFO - [2025-07-01T21:24:09.630+0000] {dag.py:4180} INFO - Setting next_dagrun for dataset_s3_bucket_producer to None, run_after=None
[2025-07-01T21:24:09.658+0000] {processor.py:208} INFO - Processing /home/airflow/.local/lib/python3.12/site-packages/airflow/example_dags/example_dataset_alias.py took 0.467 seconds
