[2025-07-01T17:21:03.922+0000] {processor.py:186} INFO - Started process (PID=6312) to work on /home/airflow/.local/lib/python3.12/site-packages/airflow/example_dags/example_latest_only_with_trigger.py
[2025-07-01T17:21:03.924+0000] {processor.py:914} INFO - Processing file /home/airflow/.local/lib/python3.12/site-packages/airflow/example_dags/example_latest_only_with_trigger.py for tasks to queue
[2025-07-01T17:21:03.929+0000] {logging_mixin.py:190} INFO - [2025-07-01T17:21:03.928+0000] {dagbag.py:588} INFO - Filling up the DagBag from /home/airflow/.local/lib/python3.12/site-packages/airflow/example_dags/example_latest_only_with_trigger.py
[2025-07-01T17:21:03.945+0000] {processor.py:925} INFO - DAG(s) 'latest_only_with_trigger' retrieved from /home/airflow/.local/lib/python3.12/site-packages/airflow/example_dags/example_latest_only_with_trigger.py
[2025-07-01T17:21:03.990+0000] {logging_mixin.py:190} INFO - [2025-07-01T17:21:03.989+0000] {dag.py:3239} INFO - Sync 1 DAGs
[2025-07-01T17:21:04.041+0000] {logging_mixin.py:190} INFO - [2025-07-01T17:21:04.040+0000] {dag.py:4180} INFO - Setting next_dagrun for latest_only_with_trigger to 2025-07-01 12:00:00+00:00, run_after=2025-07-01 16:00:00+00:00
[2025-07-01T17:21:04.077+0000] {processor.py:208} INFO - Processing /home/airflow/.local/lib/python3.12/site-packages/airflow/example_dags/example_latest_only_with_trigger.py took 0.169 seconds
[2025-07-01T21:05:59.565+0000] {processor.py:186} INFO - Started process (PID=101) to work on /home/airflow/.local/lib/python3.12/site-packages/airflow/example_dags/example_latest_only_with_trigger.py
[2025-07-01T21:05:59.566+0000] {processor.py:914} INFO - Processing file /home/airflow/.local/lib/python3.12/site-packages/airflow/example_dags/example_latest_only_with_trigger.py for tasks to queue
[2025-07-01T21:05:59.568+0000] {logging_mixin.py:190} INFO - [2025-07-01T21:05:59.568+0000] {dagbag.py:588} INFO - Filling up the DagBag from /home/airflow/.local/lib/python3.12/site-packages/airflow/example_dags/example_latest_only_with_trigger.py
[2025-07-01T21:05:59.577+0000] {processor.py:925} INFO - DAG(s) 'latest_only_with_trigger' retrieved from /home/airflow/.local/lib/python3.12/site-packages/airflow/example_dags/example_latest_only_with_trigger.py
[2025-07-01T21:05:59.601+0000] {logging_mixin.py:190} INFO - [2025-07-01T21:05:59.601+0000] {dag.py:3239} INFO - Sync 1 DAGs
[2025-07-01T21:05:59.632+0000] {logging_mixin.py:190} INFO - [2025-07-01T21:05:59.631+0000] {dag.py:4180} INFO - Setting next_dagrun for latest_only_with_trigger to 2025-07-01 16:00:00+00:00, run_after=2025-07-01 20:00:00+00:00
[2025-07-01T21:05:59.661+0000] {processor.py:208} INFO - Processing /home/airflow/.local/lib/python3.12/site-packages/airflow/example_dags/example_latest_only_with_trigger.py took 0.102 seconds
[2025-07-01T21:06:30.419+0000] {processor.py:186} INFO - Started process (PID=164) to work on /home/airflow/.local/lib/python3.12/site-packages/airflow/example_dags/example_latest_only_with_trigger.py
[2025-07-01T21:06:30.420+0000] {processor.py:914} INFO - Processing file /home/airflow/.local/lib/python3.12/site-packages/airflow/example_dags/example_latest_only_with_trigger.py for tasks to queue
[2025-07-01T21:06:30.422+0000] {logging_mixin.py:190} INFO - [2025-07-01T21:06:30.422+0000] {dagbag.py:588} INFO - Filling up the DagBag from /home/airflow/.local/lib/python3.12/site-packages/airflow/example_dags/example_latest_only_with_trigger.py
[2025-07-01T21:06:30.431+0000] {processor.py:925} INFO - DAG(s) 'latest_only_with_trigger' retrieved from /home/airflow/.local/lib/python3.12/site-packages/airflow/example_dags/example_latest_only_with_trigger.py
[2025-07-01T21:06:30.465+0000] {logging_mixin.py:190} INFO - [2025-07-01T21:06:30.465+0000] {dag.py:3239} INFO - Sync 1 DAGs
[2025-07-01T21:06:30.508+0000] {logging_mixin.py:190} INFO - [2025-07-01T21:06:30.507+0000] {dag.py:4180} INFO - Setting next_dagrun for latest_only_with_trigger to 2025-07-01 16:00:00+00:00, run_after=2025-07-01 20:00:00+00:00
[2025-07-01T21:06:30.532+0000] {processor.py:208} INFO - Processing /home/airflow/.local/lib/python3.12/site-packages/airflow/example_dags/example_latest_only_with_trigger.py took 0.120 seconds
[2025-07-01T21:07:02.453+0000] {processor.py:186} INFO - Started process (PID=227) to work on /home/airflow/.local/lib/python3.12/site-packages/airflow/example_dags/example_latest_only_with_trigger.py
[2025-07-01T21:07:02.456+0000] {processor.py:914} INFO - Processing file /home/airflow/.local/lib/python3.12/site-packages/airflow/example_dags/example_latest_only_with_trigger.py for tasks to queue
[2025-07-01T21:07:02.459+0000] {logging_mixin.py:190} INFO - [2025-07-01T21:07:02.459+0000] {dagbag.py:588} INFO - Filling up the DagBag from /home/airflow/.local/lib/python3.12/site-packages/airflow/example_dags/example_latest_only_with_trigger.py
[2025-07-01T21:07:02.475+0000] {processor.py:925} INFO - DAG(s) 'latest_only_with_trigger' retrieved from /home/airflow/.local/lib/python3.12/site-packages/airflow/example_dags/example_latest_only_with_trigger.py
[2025-07-01T21:07:02.546+0000] {logging_mixin.py:190} INFO - [2025-07-01T21:07:02.545+0000] {dag.py:3239} INFO - Sync 1 DAGs
[2025-07-01T21:07:02.615+0000] {logging_mixin.py:190} INFO - [2025-07-01T21:07:02.615+0000] {dag.py:4180} INFO - Setting next_dagrun for latest_only_with_trigger to 2025-07-01 16:00:00+00:00, run_after=2025-07-01 20:00:00+00:00
[2025-07-01T21:07:02.663+0000] {processor.py:208} INFO - Processing /home/airflow/.local/lib/python3.12/site-packages/airflow/example_dags/example_latest_only_with_trigger.py took 0.227 seconds
[2025-07-01T21:07:37.080+0000] {processor.py:186} INFO - Started process (PID=290) to work on /home/airflow/.local/lib/python3.12/site-packages/airflow/example_dags/example_latest_only_with_trigger.py
[2025-07-01T21:07:37.083+0000] {processor.py:914} INFO - Processing file /home/airflow/.local/lib/python3.12/site-packages/airflow/example_dags/example_latest_only_with_trigger.py for tasks to queue
[2025-07-01T21:07:37.094+0000] {logging_mixin.py:190} INFO - [2025-07-01T21:07:37.091+0000] {dagbag.py:588} INFO - Filling up the DagBag from /home/airflow/.local/lib/python3.12/site-packages/airflow/example_dags/example_latest_only_with_trigger.py
[2025-07-01T21:07:37.126+0000] {processor.py:925} INFO - DAG(s) 'latest_only_with_trigger' retrieved from /home/airflow/.local/lib/python3.12/site-packages/airflow/example_dags/example_latest_only_with_trigger.py
[2025-07-01T21:07:37.180+0000] {logging_mixin.py:190} INFO - [2025-07-01T21:07:37.180+0000] {dag.py:3239} INFO - Sync 1 DAGs
[2025-07-01T21:07:37.235+0000] {logging_mixin.py:190} INFO - [2025-07-01T21:07:37.234+0000] {dag.py:4180} INFO - Setting next_dagrun for latest_only_with_trigger to 2025-07-01 16:00:00+00:00, run_after=2025-07-01 20:00:00+00:00
[2025-07-01T21:07:37.281+0000] {processor.py:208} INFO - Processing /home/airflow/.local/lib/python3.12/site-packages/airflow/example_dags/example_latest_only_with_trigger.py took 0.225 seconds
[2025-07-01T21:08:10.272+0000] {processor.py:186} INFO - Started process (PID=353) to work on /home/airflow/.local/lib/python3.12/site-packages/airflow/example_dags/example_latest_only_with_trigger.py
[2025-07-01T21:08:10.293+0000] {processor.py:914} INFO - Processing file /home/airflow/.local/lib/python3.12/site-packages/airflow/example_dags/example_latest_only_with_trigger.py for tasks to queue
[2025-07-01T21:08:10.313+0000] {logging_mixin.py:190} INFO - [2025-07-01T21:08:10.306+0000] {dagbag.py:588} INFO - Filling up the DagBag from /home/airflow/.local/lib/python3.12/site-packages/airflow/example_dags/example_latest_only_with_trigger.py
[2025-07-01T21:08:10.376+0000] {processor.py:925} INFO - DAG(s) 'latest_only_with_trigger' retrieved from /home/airflow/.local/lib/python3.12/site-packages/airflow/example_dags/example_latest_only_with_trigger.py
[2025-07-01T21:08:10.457+0000] {logging_mixin.py:190} INFO - [2025-07-01T21:08:10.457+0000] {dag.py:3239} INFO - Sync 1 DAGs
[2025-07-01T21:08:10.566+0000] {logging_mixin.py:190} INFO - [2025-07-01T21:08:10.565+0000] {dag.py:4180} INFO - Setting next_dagrun for latest_only_with_trigger to 2025-07-01 16:00:00+00:00, run_after=2025-07-01 20:00:00+00:00
[2025-07-01T21:08:10.644+0000] {processor.py:208} INFO - Processing /home/airflow/.local/lib/python3.12/site-packages/airflow/example_dags/example_latest_only_with_trigger.py took 0.437 seconds
[2025-07-01T21:08:41.135+0000] {processor.py:186} INFO - Started process (PID=416) to work on /home/airflow/.local/lib/python3.12/site-packages/airflow/example_dags/example_latest_only_with_trigger.py
[2025-07-01T21:08:41.136+0000] {processor.py:914} INFO - Processing file /home/airflow/.local/lib/python3.12/site-packages/airflow/example_dags/example_latest_only_with_trigger.py for tasks to queue
[2025-07-01T21:08:41.139+0000] {logging_mixin.py:190} INFO - [2025-07-01T21:08:41.139+0000] {dagbag.py:588} INFO - Filling up the DagBag from /home/airflow/.local/lib/python3.12/site-packages/airflow/example_dags/example_latest_only_with_trigger.py
[2025-07-01T21:08:41.150+0000] {processor.py:925} INFO - DAG(s) 'latest_only_with_trigger' retrieved from /home/airflow/.local/lib/python3.12/site-packages/airflow/example_dags/example_latest_only_with_trigger.py
[2025-07-01T21:08:41.173+0000] {logging_mixin.py:190} INFO - [2025-07-01T21:08:41.173+0000] {dag.py:3239} INFO - Sync 1 DAGs
[2025-07-01T21:08:41.199+0000] {logging_mixin.py:190} INFO - [2025-07-01T21:08:41.199+0000] {dag.py:4180} INFO - Setting next_dagrun for latest_only_with_trigger to 2025-07-01 16:00:00+00:00, run_after=2025-07-01 20:00:00+00:00
[2025-07-01T21:08:41.224+0000] {processor.py:208} INFO - Processing /home/airflow/.local/lib/python3.12/site-packages/airflow/example_dags/example_latest_only_with_trigger.py took 0.096 seconds
[2025-07-01T21:09:11.358+0000] {processor.py:186} INFO - Started process (PID=478) to work on /home/airflow/.local/lib/python3.12/site-packages/airflow/example_dags/example_latest_only_with_trigger.py
[2025-07-01T21:09:11.360+0000] {processor.py:914} INFO - Processing file /home/airflow/.local/lib/python3.12/site-packages/airflow/example_dags/example_latest_only_with_trigger.py for tasks to queue
[2025-07-01T21:09:11.363+0000] {logging_mixin.py:190} INFO - [2025-07-01T21:09:11.363+0000] {dagbag.py:588} INFO - Filling up the DagBag from /home/airflow/.local/lib/python3.12/site-packages/airflow/example_dags/example_latest_only_with_trigger.py
[2025-07-01T21:09:11.374+0000] {processor.py:925} INFO - DAG(s) 'latest_only_with_trigger' retrieved from /home/airflow/.local/lib/python3.12/site-packages/airflow/example_dags/example_latest_only_with_trigger.py
[2025-07-01T21:09:11.398+0000] {logging_mixin.py:190} INFO - [2025-07-01T21:09:11.398+0000] {dag.py:3239} INFO - Sync 1 DAGs
[2025-07-01T21:09:11.425+0000] {logging_mixin.py:190} INFO - [2025-07-01T21:09:11.425+0000] {dag.py:4180} INFO - Setting next_dagrun for latest_only_with_trigger to 2025-07-01 16:00:00+00:00, run_after=2025-07-01 20:00:00+00:00
[2025-07-01T21:09:11.449+0000] {processor.py:208} INFO - Processing /home/airflow/.local/lib/python3.12/site-packages/airflow/example_dags/example_latest_only_with_trigger.py took 0.107 seconds
[2025-07-01T21:09:42.102+0000] {processor.py:186} INFO - Started process (PID=541) to work on /home/airflow/.local/lib/python3.12/site-packages/airflow/example_dags/example_latest_only_with_trigger.py
[2025-07-01T21:09:42.104+0000] {processor.py:914} INFO - Processing file /home/airflow/.local/lib/python3.12/site-packages/airflow/example_dags/example_latest_only_with_trigger.py for tasks to queue
[2025-07-01T21:09:42.106+0000] {logging_mixin.py:190} INFO - [2025-07-01T21:09:42.106+0000] {dagbag.py:588} INFO - Filling up the DagBag from /home/airflow/.local/lib/python3.12/site-packages/airflow/example_dags/example_latest_only_with_trigger.py
[2025-07-01T21:09:42.116+0000] {processor.py:925} INFO - DAG(s) 'latest_only_with_trigger' retrieved from /home/airflow/.local/lib/python3.12/site-packages/airflow/example_dags/example_latest_only_with_trigger.py
[2025-07-01T21:09:42.146+0000] {logging_mixin.py:190} INFO - [2025-07-01T21:09:42.146+0000] {dag.py:3239} INFO - Sync 1 DAGs
[2025-07-01T21:09:42.180+0000] {logging_mixin.py:190} INFO - [2025-07-01T21:09:42.179+0000] {dag.py:4180} INFO - Setting next_dagrun for latest_only_with_trigger to 2025-07-01 16:00:00+00:00, run_after=2025-07-01 20:00:00+00:00
[2025-07-01T21:09:42.205+0000] {processor.py:208} INFO - Processing /home/airflow/.local/lib/python3.12/site-packages/airflow/example_dags/example_latest_only_with_trigger.py took 0.111 seconds
[2025-07-01T21:10:12.532+0000] {processor.py:186} INFO - Started process (PID=604) to work on /home/airflow/.local/lib/python3.12/site-packages/airflow/example_dags/example_latest_only_with_trigger.py
[2025-07-01T21:10:12.534+0000] {processor.py:914} INFO - Processing file /home/airflow/.local/lib/python3.12/site-packages/airflow/example_dags/example_latest_only_with_trigger.py for tasks to queue
[2025-07-01T21:10:12.536+0000] {logging_mixin.py:190} INFO - [2025-07-01T21:10:12.536+0000] {dagbag.py:588} INFO - Filling up the DagBag from /home/airflow/.local/lib/python3.12/site-packages/airflow/example_dags/example_latest_only_with_trigger.py
[2025-07-01T21:10:12.545+0000] {processor.py:925} INFO - DAG(s) 'latest_only_with_trigger' retrieved from /home/airflow/.local/lib/python3.12/site-packages/airflow/example_dags/example_latest_only_with_trigger.py
[2025-07-01T21:10:12.572+0000] {logging_mixin.py:190} INFO - [2025-07-01T21:10:12.572+0000] {dag.py:3239} INFO - Sync 1 DAGs
[2025-07-01T21:10:12.614+0000] {logging_mixin.py:190} INFO - [2025-07-01T21:10:12.614+0000] {dag.py:4180} INFO - Setting next_dagrun for latest_only_with_trigger to 2025-07-01 16:00:00+00:00, run_after=2025-07-01 20:00:00+00:00
[2025-07-01T21:10:12.635+0000] {processor.py:208} INFO - Processing /home/airflow/.local/lib/python3.12/site-packages/airflow/example_dags/example_latest_only_with_trigger.py took 0.110 seconds
[2025-07-01T21:10:43.458+0000] {processor.py:186} INFO - Started process (PID=667) to work on /home/airflow/.local/lib/python3.12/site-packages/airflow/example_dags/example_latest_only_with_trigger.py
[2025-07-01T21:10:43.460+0000] {processor.py:914} INFO - Processing file /home/airflow/.local/lib/python3.12/site-packages/airflow/example_dags/example_latest_only_with_trigger.py for tasks to queue
[2025-07-01T21:10:43.464+0000] {logging_mixin.py:190} INFO - [2025-07-01T21:10:43.463+0000] {dagbag.py:588} INFO - Filling up the DagBag from /home/airflow/.local/lib/python3.12/site-packages/airflow/example_dags/example_latest_only_with_trigger.py
[2025-07-01T21:10:43.476+0000] {processor.py:925} INFO - DAG(s) 'latest_only_with_trigger' retrieved from /home/airflow/.local/lib/python3.12/site-packages/airflow/example_dags/example_latest_only_with_trigger.py
[2025-07-01T21:10:43.501+0000] {logging_mixin.py:190} INFO - [2025-07-01T21:10:43.501+0000] {dag.py:3239} INFO - Sync 1 DAGs
[2025-07-01T21:10:43.529+0000] {logging_mixin.py:190} INFO - [2025-07-01T21:10:43.529+0000] {dag.py:4180} INFO - Setting next_dagrun for latest_only_with_trigger to 2025-07-01 16:00:00+00:00, run_after=2025-07-01 20:00:00+00:00
[2025-07-01T21:10:43.553+0000] {processor.py:208} INFO - Processing /home/airflow/.local/lib/python3.12/site-packages/airflow/example_dags/example_latest_only_with_trigger.py took 0.106 seconds
[2025-07-01T21:11:14.306+0000] {processor.py:186} INFO - Started process (PID=730) to work on /home/airflow/.local/lib/python3.12/site-packages/airflow/example_dags/example_latest_only_with_trigger.py
[2025-07-01T21:11:14.307+0000] {processor.py:914} INFO - Processing file /home/airflow/.local/lib/python3.12/site-packages/airflow/example_dags/example_latest_only_with_trigger.py for tasks to queue
[2025-07-01T21:11:14.310+0000] {logging_mixin.py:190} INFO - [2025-07-01T21:11:14.310+0000] {dagbag.py:588} INFO - Filling up the DagBag from /home/airflow/.local/lib/python3.12/site-packages/airflow/example_dags/example_latest_only_with_trigger.py
[2025-07-01T21:11:14.318+0000] {processor.py:925} INFO - DAG(s) 'latest_only_with_trigger' retrieved from /home/airflow/.local/lib/python3.12/site-packages/airflow/example_dags/example_latest_only_with_trigger.py
[2025-07-01T21:11:14.346+0000] {logging_mixin.py:190} INFO - [2025-07-01T21:11:14.346+0000] {dag.py:3239} INFO - Sync 1 DAGs
[2025-07-01T21:11:14.384+0000] {logging_mixin.py:190} INFO - [2025-07-01T21:11:14.384+0000] {dag.py:4180} INFO - Setting next_dagrun for latest_only_with_trigger to 2025-07-01 16:00:00+00:00, run_after=2025-07-01 20:00:00+00:00
[2025-07-01T21:11:14.410+0000] {processor.py:208} INFO - Processing /home/airflow/.local/lib/python3.12/site-packages/airflow/example_dags/example_latest_only_with_trigger.py took 0.110 seconds
[2025-07-01T21:11:45.015+0000] {processor.py:186} INFO - Started process (PID=793) to work on /home/airflow/.local/lib/python3.12/site-packages/airflow/example_dags/example_latest_only_with_trigger.py
[2025-07-01T21:11:45.016+0000] {processor.py:914} INFO - Processing file /home/airflow/.local/lib/python3.12/site-packages/airflow/example_dags/example_latest_only_with_trigger.py for tasks to queue
[2025-07-01T21:11:45.019+0000] {logging_mixin.py:190} INFO - [2025-07-01T21:11:45.019+0000] {dagbag.py:588} INFO - Filling up the DagBag from /home/airflow/.local/lib/python3.12/site-packages/airflow/example_dags/example_latest_only_with_trigger.py
[2025-07-01T21:11:45.028+0000] {processor.py:925} INFO - DAG(s) 'latest_only_with_trigger' retrieved from /home/airflow/.local/lib/python3.12/site-packages/airflow/example_dags/example_latest_only_with_trigger.py
[2025-07-01T21:11:45.051+0000] {logging_mixin.py:190} INFO - [2025-07-01T21:11:45.051+0000] {dag.py:3239} INFO - Sync 1 DAGs
[2025-07-01T21:11:45.083+0000] {logging_mixin.py:190} INFO - [2025-07-01T21:11:45.082+0000] {dag.py:4180} INFO - Setting next_dagrun for latest_only_with_trigger to 2025-07-01 16:00:00+00:00, run_after=2025-07-01 20:00:00+00:00
[2025-07-01T21:11:45.122+0000] {processor.py:208} INFO - Processing /home/airflow/.local/lib/python3.12/site-packages/airflow/example_dags/example_latest_only_with_trigger.py took 0.117 seconds
[2025-07-01T21:12:15.591+0000] {processor.py:186} INFO - Started process (PID=856) to work on /home/airflow/.local/lib/python3.12/site-packages/airflow/example_dags/example_latest_only_with_trigger.py
[2025-07-01T21:12:15.592+0000] {processor.py:914} INFO - Processing file /home/airflow/.local/lib/python3.12/site-packages/airflow/example_dags/example_latest_only_with_trigger.py for tasks to queue
[2025-07-01T21:12:15.597+0000] {logging_mixin.py:190} INFO - [2025-07-01T21:12:15.597+0000] {dagbag.py:588} INFO - Filling up the DagBag from /home/airflow/.local/lib/python3.12/site-packages/airflow/example_dags/example_latest_only_with_trigger.py
[2025-07-01T21:12:15.610+0000] {processor.py:925} INFO - DAG(s) 'latest_only_with_trigger' retrieved from /home/airflow/.local/lib/python3.12/site-packages/airflow/example_dags/example_latest_only_with_trigger.py
[2025-07-01T21:12:15.644+0000] {logging_mixin.py:190} INFO - [2025-07-01T21:12:15.643+0000] {dag.py:3239} INFO - Sync 1 DAGs
[2025-07-01T21:12:15.692+0000] {logging_mixin.py:190} INFO - [2025-07-01T21:12:15.691+0000] {dag.py:4180} INFO - Setting next_dagrun for latest_only_with_trigger to 2025-07-01 16:00:00+00:00, run_after=2025-07-01 20:00:00+00:00
[2025-07-01T21:12:15.719+0000] {processor.py:208} INFO - Processing /home/airflow/.local/lib/python3.12/site-packages/airflow/example_dags/example_latest_only_with_trigger.py took 0.140 seconds
[2025-07-01T21:12:46.054+0000] {processor.py:186} INFO - Started process (PID=919) to work on /home/airflow/.local/lib/python3.12/site-packages/airflow/example_dags/example_latest_only_with_trigger.py
[2025-07-01T21:12:46.055+0000] {processor.py:914} INFO - Processing file /home/airflow/.local/lib/python3.12/site-packages/airflow/example_dags/example_latest_only_with_trigger.py for tasks to queue
[2025-07-01T21:12:46.058+0000] {logging_mixin.py:190} INFO - [2025-07-01T21:12:46.058+0000] {dagbag.py:588} INFO - Filling up the DagBag from /home/airflow/.local/lib/python3.12/site-packages/airflow/example_dags/example_latest_only_with_trigger.py
[2025-07-01T21:12:46.067+0000] {processor.py:925} INFO - DAG(s) 'latest_only_with_trigger' retrieved from /home/airflow/.local/lib/python3.12/site-packages/airflow/example_dags/example_latest_only_with_trigger.py
[2025-07-01T21:12:46.091+0000] {logging_mixin.py:190} INFO - [2025-07-01T21:12:46.090+0000] {dag.py:3239} INFO - Sync 1 DAGs
[2025-07-01T21:12:46.116+0000] {logging_mixin.py:190} INFO - [2025-07-01T21:12:46.116+0000] {dag.py:4180} INFO - Setting next_dagrun for latest_only_with_trigger to 2025-07-01 16:00:00+00:00, run_after=2025-07-01 20:00:00+00:00
[2025-07-01T21:12:46.141+0000] {processor.py:208} INFO - Processing /home/airflow/.local/lib/python3.12/site-packages/airflow/example_dags/example_latest_only_with_trigger.py took 0.094 seconds
[2025-07-01T21:13:16.862+0000] {processor.py:186} INFO - Started process (PID=982) to work on /home/airflow/.local/lib/python3.12/site-packages/airflow/example_dags/example_latest_only_with_trigger.py
[2025-07-01T21:13:16.866+0000] {processor.py:914} INFO - Processing file /home/airflow/.local/lib/python3.12/site-packages/airflow/example_dags/example_latest_only_with_trigger.py for tasks to queue
[2025-07-01T21:13:16.871+0000] {logging_mixin.py:190} INFO - [2025-07-01T21:13:16.871+0000] {dagbag.py:588} INFO - Filling up the DagBag from /home/airflow/.local/lib/python3.12/site-packages/airflow/example_dags/example_latest_only_with_trigger.py
[2025-07-01T21:13:16.891+0000] {processor.py:925} INFO - DAG(s) 'latest_only_with_trigger' retrieved from /home/airflow/.local/lib/python3.12/site-packages/airflow/example_dags/example_latest_only_with_trigger.py
[2025-07-01T21:13:16.992+0000] {logging_mixin.py:190} INFO - [2025-07-01T21:13:16.992+0000] {dag.py:3239} INFO - Sync 1 DAGs
[2025-07-01T21:13:17.073+0000] {logging_mixin.py:190} INFO - [2025-07-01T21:13:17.073+0000] {dag.py:4180} INFO - Setting next_dagrun for latest_only_with_trigger to 2025-07-01 16:00:00+00:00, run_after=2025-07-01 20:00:00+00:00
[2025-07-01T21:13:17.114+0000] {processor.py:208} INFO - Processing /home/airflow/.local/lib/python3.12/site-packages/airflow/example_dags/example_latest_only_with_trigger.py took 0.276 seconds
[2025-07-01T21:13:47.181+0000] {processor.py:186} INFO - Started process (PID=1045) to work on /home/airflow/.local/lib/python3.12/site-packages/airflow/example_dags/example_latest_only_with_trigger.py
[2025-07-01T21:13:47.182+0000] {processor.py:914} INFO - Processing file /home/airflow/.local/lib/python3.12/site-packages/airflow/example_dags/example_latest_only_with_trigger.py for tasks to queue
[2025-07-01T21:13:47.186+0000] {logging_mixin.py:190} INFO - [2025-07-01T21:13:47.186+0000] {dagbag.py:588} INFO - Filling up the DagBag from /home/airflow/.local/lib/python3.12/site-packages/airflow/example_dags/example_latest_only_with_trigger.py
[2025-07-01T21:13:47.201+0000] {processor.py:925} INFO - DAG(s) 'latest_only_with_trigger' retrieved from /home/airflow/.local/lib/python3.12/site-packages/airflow/example_dags/example_latest_only_with_trigger.py
[2025-07-01T21:13:47.240+0000] {logging_mixin.py:190} INFO - [2025-07-01T21:13:47.240+0000] {dag.py:3239} INFO - Sync 1 DAGs
[2025-07-01T21:13:47.287+0000] {logging_mixin.py:190} INFO - [2025-07-01T21:13:47.287+0000] {dag.py:4180} INFO - Setting next_dagrun for latest_only_with_trigger to 2025-07-01 16:00:00+00:00, run_after=2025-07-01 20:00:00+00:00
[2025-07-01T21:13:47.323+0000] {processor.py:208} INFO - Processing /home/airflow/.local/lib/python3.12/site-packages/airflow/example_dags/example_latest_only_with_trigger.py took 0.154 seconds
[2025-07-01T21:14:17.945+0000] {processor.py:186} INFO - Started process (PID=1108) to work on /home/airflow/.local/lib/python3.12/site-packages/airflow/example_dags/example_latest_only_with_trigger.py
[2025-07-01T21:14:17.946+0000] {processor.py:914} INFO - Processing file /home/airflow/.local/lib/python3.12/site-packages/airflow/example_dags/example_latest_only_with_trigger.py for tasks to queue
[2025-07-01T21:14:17.949+0000] {logging_mixin.py:190} INFO - [2025-07-01T21:14:17.949+0000] {dagbag.py:588} INFO - Filling up the DagBag from /home/airflow/.local/lib/python3.12/site-packages/airflow/example_dags/example_latest_only_with_trigger.py
[2025-07-01T21:14:17.958+0000] {processor.py:925} INFO - DAG(s) 'latest_only_with_trigger' retrieved from /home/airflow/.local/lib/python3.12/site-packages/airflow/example_dags/example_latest_only_with_trigger.py
[2025-07-01T21:14:17.988+0000] {logging_mixin.py:190} INFO - [2025-07-01T21:14:17.988+0000] {dag.py:3239} INFO - Sync 1 DAGs
[2025-07-01T21:14:18.023+0000] {logging_mixin.py:190} INFO - [2025-07-01T21:14:18.023+0000] {dag.py:4180} INFO - Setting next_dagrun for latest_only_with_trigger to 2025-07-01 16:00:00+00:00, run_after=2025-07-01 20:00:00+00:00
[2025-07-01T21:14:18.056+0000] {processor.py:208} INFO - Processing /home/airflow/.local/lib/python3.12/site-packages/airflow/example_dags/example_latest_only_with_trigger.py took 0.119 seconds
[2025-07-01T21:14:48.517+0000] {processor.py:186} INFO - Started process (PID=1171) to work on /home/airflow/.local/lib/python3.12/site-packages/airflow/example_dags/example_latest_only_with_trigger.py
[2025-07-01T21:14:48.518+0000] {processor.py:914} INFO - Processing file /home/airflow/.local/lib/python3.12/site-packages/airflow/example_dags/example_latest_only_with_trigger.py for tasks to queue
[2025-07-01T21:14:48.522+0000] {logging_mixin.py:190} INFO - [2025-07-01T21:14:48.521+0000] {dagbag.py:588} INFO - Filling up the DagBag from /home/airflow/.local/lib/python3.12/site-packages/airflow/example_dags/example_latest_only_with_trigger.py
[2025-07-01T21:14:48.530+0000] {processor.py:925} INFO - DAG(s) 'latest_only_with_trigger' retrieved from /home/airflow/.local/lib/python3.12/site-packages/airflow/example_dags/example_latest_only_with_trigger.py
[2025-07-01T21:14:48.553+0000] {logging_mixin.py:190} INFO - [2025-07-01T21:14:48.553+0000] {dag.py:3239} INFO - Sync 1 DAGs
[2025-07-01T21:14:48.588+0000] {logging_mixin.py:190} INFO - [2025-07-01T21:14:48.587+0000] {dag.py:4180} INFO - Setting next_dagrun for latest_only_with_trigger to 2025-07-01 16:00:00+00:00, run_after=2025-07-01 20:00:00+00:00
[2025-07-01T21:14:48.611+0000] {processor.py:208} INFO - Processing /home/airflow/.local/lib/python3.12/site-packages/airflow/example_dags/example_latest_only_with_trigger.py took 0.102 seconds
[2025-07-01T21:15:18.942+0000] {processor.py:186} INFO - Started process (PID=1234) to work on /home/airflow/.local/lib/python3.12/site-packages/airflow/example_dags/example_latest_only_with_trigger.py
[2025-07-01T21:15:18.944+0000] {processor.py:914} INFO - Processing file /home/airflow/.local/lib/python3.12/site-packages/airflow/example_dags/example_latest_only_with_trigger.py for tasks to queue
[2025-07-01T21:15:18.947+0000] {logging_mixin.py:190} INFO - [2025-07-01T21:15:18.947+0000] {dagbag.py:588} INFO - Filling up the DagBag from /home/airflow/.local/lib/python3.12/site-packages/airflow/example_dags/example_latest_only_with_trigger.py
[2025-07-01T21:15:18.956+0000] {processor.py:925} INFO - DAG(s) 'latest_only_with_trigger' retrieved from /home/airflow/.local/lib/python3.12/site-packages/airflow/example_dags/example_latest_only_with_trigger.py
[2025-07-01T21:15:18.980+0000] {logging_mixin.py:190} INFO - [2025-07-01T21:15:18.980+0000] {dag.py:3239} INFO - Sync 1 DAGs
[2025-07-01T21:15:19.014+0000] {logging_mixin.py:190} INFO - [2025-07-01T21:15:19.014+0000] {dag.py:4180} INFO - Setting next_dagrun for latest_only_with_trigger to 2025-07-01 16:00:00+00:00, run_after=2025-07-01 20:00:00+00:00
[2025-07-01T21:15:19.034+0000] {processor.py:208} INFO - Processing /home/airflow/.local/lib/python3.12/site-packages/airflow/example_dags/example_latest_only_with_trigger.py took 0.099 seconds
[2025-07-01T21:15:49.770+0000] {processor.py:186} INFO - Started process (PID=1297) to work on /home/airflow/.local/lib/python3.12/site-packages/airflow/example_dags/example_latest_only_with_trigger.py
[2025-07-01T21:15:49.771+0000] {processor.py:914} INFO - Processing file /home/airflow/.local/lib/python3.12/site-packages/airflow/example_dags/example_latest_only_with_trigger.py for tasks to queue
[2025-07-01T21:15:49.774+0000] {logging_mixin.py:190} INFO - [2025-07-01T21:15:49.774+0000] {dagbag.py:588} INFO - Filling up the DagBag from /home/airflow/.local/lib/python3.12/site-packages/airflow/example_dags/example_latest_only_with_trigger.py
[2025-07-01T21:15:49.783+0000] {processor.py:925} INFO - DAG(s) 'latest_only_with_trigger' retrieved from /home/airflow/.local/lib/python3.12/site-packages/airflow/example_dags/example_latest_only_with_trigger.py
[2025-07-01T21:15:49.813+0000] {logging_mixin.py:190} INFO - [2025-07-01T21:15:49.812+0000] {dag.py:3239} INFO - Sync 1 DAGs
[2025-07-01T21:15:49.846+0000] {logging_mixin.py:190} INFO - [2025-07-01T21:15:49.845+0000] {dag.py:4180} INFO - Setting next_dagrun for latest_only_with_trigger to 2025-07-01 16:00:00+00:00, run_after=2025-07-01 20:00:00+00:00
[2025-07-01T21:15:49.879+0000] {processor.py:208} INFO - Processing /home/airflow/.local/lib/python3.12/site-packages/airflow/example_dags/example_latest_only_with_trigger.py took 0.116 seconds
[2025-07-01T21:16:21.276+0000] {processor.py:186} INFO - Started process (PID=1360) to work on /home/airflow/.local/lib/python3.12/site-packages/airflow/example_dags/example_latest_only_with_trigger.py
[2025-07-01T21:16:21.280+0000] {processor.py:914} INFO - Processing file /home/airflow/.local/lib/python3.12/site-packages/airflow/example_dags/example_latest_only_with_trigger.py for tasks to queue
[2025-07-01T21:16:21.286+0000] {logging_mixin.py:190} INFO - [2025-07-01T21:16:21.285+0000] {dagbag.py:588} INFO - Filling up the DagBag from /home/airflow/.local/lib/python3.12/site-packages/airflow/example_dags/example_latest_only_with_trigger.py
[2025-07-01T21:16:21.314+0000] {processor.py:925} INFO - DAG(s) 'latest_only_with_trigger' retrieved from /home/airflow/.local/lib/python3.12/site-packages/airflow/example_dags/example_latest_only_with_trigger.py
[2025-07-01T21:16:21.365+0000] {logging_mixin.py:190} INFO - [2025-07-01T21:16:21.364+0000] {dag.py:3239} INFO - Sync 1 DAGs
[2025-07-01T21:16:21.443+0000] {logging_mixin.py:190} INFO - [2025-07-01T21:16:21.443+0000] {dag.py:4180} INFO - Setting next_dagrun for latest_only_with_trigger to 2025-07-01 16:00:00+00:00, run_after=2025-07-01 20:00:00+00:00
[2025-07-01T21:16:21.503+0000] {processor.py:208} INFO - Processing /home/airflow/.local/lib/python3.12/site-packages/airflow/example_dags/example_latest_only_with_trigger.py took 0.244 seconds
[2025-07-01T21:16:52.348+0000] {processor.py:186} INFO - Started process (PID=1429) to work on /home/airflow/.local/lib/python3.12/site-packages/airflow/example_dags/example_latest_only_with_trigger.py
[2025-07-01T21:16:52.349+0000] {processor.py:914} INFO - Processing file /home/airflow/.local/lib/python3.12/site-packages/airflow/example_dags/example_latest_only_with_trigger.py for tasks to queue
[2025-07-01T21:16:52.354+0000] {logging_mixin.py:190} INFO - [2025-07-01T21:16:52.354+0000] {dagbag.py:588} INFO - Filling up the DagBag from /home/airflow/.local/lib/python3.12/site-packages/airflow/example_dags/example_latest_only_with_trigger.py
[2025-07-01T21:16:52.368+0000] {processor.py:925} INFO - DAG(s) 'latest_only_with_trigger' retrieved from /home/airflow/.local/lib/python3.12/site-packages/airflow/example_dags/example_latest_only_with_trigger.py
[2025-07-01T21:16:52.412+0000] {logging_mixin.py:190} INFO - [2025-07-01T21:16:52.411+0000] {dag.py:3239} INFO - Sync 1 DAGs
[2025-07-01T21:16:52.455+0000] {logging_mixin.py:190} INFO - [2025-07-01T21:16:52.455+0000] {dag.py:4180} INFO - Setting next_dagrun for latest_only_with_trigger to 2025-07-01 16:00:00+00:00, run_after=2025-07-01 20:00:00+00:00
[2025-07-01T21:16:52.484+0000] {processor.py:208} INFO - Processing /home/airflow/.local/lib/python3.12/site-packages/airflow/example_dags/example_latest_only_with_trigger.py took 0.151 seconds
[2025-07-01T21:17:22.530+0000] {processor.py:186} INFO - Started process (PID=1492) to work on /home/airflow/.local/lib/python3.12/site-packages/airflow/example_dags/example_latest_only_with_trigger.py
[2025-07-01T21:17:22.531+0000] {processor.py:914} INFO - Processing file /home/airflow/.local/lib/python3.12/site-packages/airflow/example_dags/example_latest_only_with_trigger.py for tasks to queue
[2025-07-01T21:17:22.534+0000] {logging_mixin.py:190} INFO - [2025-07-01T21:17:22.533+0000] {dagbag.py:588} INFO - Filling up the DagBag from /home/airflow/.local/lib/python3.12/site-packages/airflow/example_dags/example_latest_only_with_trigger.py
[2025-07-01T21:17:22.543+0000] {processor.py:925} INFO - DAG(s) 'latest_only_with_trigger' retrieved from /home/airflow/.local/lib/python3.12/site-packages/airflow/example_dags/example_latest_only_with_trigger.py
[2025-07-01T21:17:22.567+0000] {logging_mixin.py:190} INFO - [2025-07-01T21:17:22.566+0000] {dag.py:3239} INFO - Sync 1 DAGs
[2025-07-01T21:17:22.596+0000] {logging_mixin.py:190} INFO - [2025-07-01T21:17:22.595+0000] {dag.py:4180} INFO - Setting next_dagrun for latest_only_with_trigger to 2025-07-01 16:00:00+00:00, run_after=2025-07-01 20:00:00+00:00
[2025-07-01T21:17:22.621+0000] {processor.py:208} INFO - Processing /home/airflow/.local/lib/python3.12/site-packages/airflow/example_dags/example_latest_only_with_trigger.py took 0.098 seconds
[2025-07-01T21:17:53.195+0000] {processor.py:186} INFO - Started process (PID=1555) to work on /home/airflow/.local/lib/python3.12/site-packages/airflow/example_dags/example_latest_only_with_trigger.py
[2025-07-01T21:17:53.197+0000] {processor.py:914} INFO - Processing file /home/airflow/.local/lib/python3.12/site-packages/airflow/example_dags/example_latest_only_with_trigger.py for tasks to queue
[2025-07-01T21:17:53.200+0000] {logging_mixin.py:190} INFO - [2025-07-01T21:17:53.200+0000] {dagbag.py:588} INFO - Filling up the DagBag from /home/airflow/.local/lib/python3.12/site-packages/airflow/example_dags/example_latest_only_with_trigger.py
[2025-07-01T21:17:53.209+0000] {processor.py:925} INFO - DAG(s) 'latest_only_with_trigger' retrieved from /home/airflow/.local/lib/python3.12/site-packages/airflow/example_dags/example_latest_only_with_trigger.py
[2025-07-01T21:17:53.233+0000] {logging_mixin.py:190} INFO - [2025-07-01T21:17:53.233+0000] {dag.py:3239} INFO - Sync 1 DAGs
[2025-07-01T21:17:53.258+0000] {logging_mixin.py:190} INFO - [2025-07-01T21:17:53.258+0000] {dag.py:4180} INFO - Setting next_dagrun for latest_only_with_trigger to 2025-07-01 16:00:00+00:00, run_after=2025-07-01 20:00:00+00:00
[2025-07-01T21:17:53.278+0000] {processor.py:208} INFO - Processing /home/airflow/.local/lib/python3.12/site-packages/airflow/example_dags/example_latest_only_with_trigger.py took 0.094 seconds
[2025-07-01T21:18:23.575+0000] {processor.py:186} INFO - Started process (PID=1618) to work on /home/airflow/.local/lib/python3.12/site-packages/airflow/example_dags/example_latest_only_with_trigger.py
[2025-07-01T21:18:23.576+0000] {processor.py:914} INFO - Processing file /home/airflow/.local/lib/python3.12/site-packages/airflow/example_dags/example_latest_only_with_trigger.py for tasks to queue
[2025-07-01T21:18:23.579+0000] {logging_mixin.py:190} INFO - [2025-07-01T21:18:23.579+0000] {dagbag.py:588} INFO - Filling up the DagBag from /home/airflow/.local/lib/python3.12/site-packages/airflow/example_dags/example_latest_only_with_trigger.py
[2025-07-01T21:18:23.588+0000] {processor.py:925} INFO - DAG(s) 'latest_only_with_trigger' retrieved from /home/airflow/.local/lib/python3.12/site-packages/airflow/example_dags/example_latest_only_with_trigger.py
[2025-07-01T21:18:23.612+0000] {logging_mixin.py:190} INFO - [2025-07-01T21:18:23.611+0000] {dag.py:3239} INFO - Sync 1 DAGs
[2025-07-01T21:18:23.650+0000] {logging_mixin.py:190} INFO - [2025-07-01T21:18:23.650+0000] {dag.py:4180} INFO - Setting next_dagrun for latest_only_with_trigger to 2025-07-01 16:00:00+00:00, run_after=2025-07-01 20:00:00+00:00
[2025-07-01T21:18:23.671+0000] {processor.py:208} INFO - Processing /home/airflow/.local/lib/python3.12/site-packages/airflow/example_dags/example_latest_only_with_trigger.py took 0.104 seconds
[2025-07-01T21:18:54.548+0000] {processor.py:186} INFO - Started process (PID=1681) to work on /home/airflow/.local/lib/python3.12/site-packages/airflow/example_dags/example_latest_only_with_trigger.py
[2025-07-01T21:18:54.549+0000] {processor.py:914} INFO - Processing file /home/airflow/.local/lib/python3.12/site-packages/airflow/example_dags/example_latest_only_with_trigger.py for tasks to queue
[2025-07-01T21:18:54.552+0000] {logging_mixin.py:190} INFO - [2025-07-01T21:18:54.552+0000] {dagbag.py:588} INFO - Filling up the DagBag from /home/airflow/.local/lib/python3.12/site-packages/airflow/example_dags/example_latest_only_with_trigger.py
[2025-07-01T21:18:54.560+0000] {processor.py:925} INFO - DAG(s) 'latest_only_with_trigger' retrieved from /home/airflow/.local/lib/python3.12/site-packages/airflow/example_dags/example_latest_only_with_trigger.py
[2025-07-01T21:18:54.590+0000] {logging_mixin.py:190} INFO - [2025-07-01T21:18:54.590+0000] {dag.py:3239} INFO - Sync 1 DAGs
[2025-07-01T21:18:54.627+0000] {logging_mixin.py:190} INFO - [2025-07-01T21:18:54.627+0000] {dag.py:4180} INFO - Setting next_dagrun for latest_only_with_trigger to 2025-07-01 16:00:00+00:00, run_after=2025-07-01 20:00:00+00:00
[2025-07-01T21:18:54.652+0000] {processor.py:208} INFO - Processing /home/airflow/.local/lib/python3.12/site-packages/airflow/example_dags/example_latest_only_with_trigger.py took 0.110 seconds
[2025-07-01T21:19:25.010+0000] {processor.py:186} INFO - Started process (PID=1743) to work on /home/airflow/.local/lib/python3.12/site-packages/airflow/example_dags/example_latest_only_with_trigger.py
[2025-07-01T21:19:25.012+0000] {processor.py:914} INFO - Processing file /home/airflow/.local/lib/python3.12/site-packages/airflow/example_dags/example_latest_only_with_trigger.py for tasks to queue
[2025-07-01T21:19:25.016+0000] {logging_mixin.py:190} INFO - [2025-07-01T21:19:25.015+0000] {dagbag.py:588} INFO - Filling up the DagBag from /home/airflow/.local/lib/python3.12/site-packages/airflow/example_dags/example_latest_only_with_trigger.py
[2025-07-01T21:19:25.029+0000] {processor.py:925} INFO - DAG(s) 'latest_only_with_trigger' retrieved from /home/airflow/.local/lib/python3.12/site-packages/airflow/example_dags/example_latest_only_with_trigger.py
[2025-07-01T21:19:25.055+0000] {logging_mixin.py:190} INFO - [2025-07-01T21:19:25.055+0000] {dag.py:3239} INFO - Sync 1 DAGs
[2025-07-01T21:19:25.087+0000] {logging_mixin.py:190} INFO - [2025-07-01T21:19:25.087+0000] {dag.py:4180} INFO - Setting next_dagrun for latest_only_with_trigger to 2025-07-01 16:00:00+00:00, run_after=2025-07-01 20:00:00+00:00
[2025-07-01T21:19:25.110+0000] {processor.py:208} INFO - Processing /home/airflow/.local/lib/python3.12/site-packages/airflow/example_dags/example_latest_only_with_trigger.py took 0.117 seconds
[2025-07-01T21:19:55.262+0000] {processor.py:186} INFO - Started process (PID=1806) to work on /home/airflow/.local/lib/python3.12/site-packages/airflow/example_dags/example_latest_only_with_trigger.py
[2025-07-01T21:19:55.263+0000] {processor.py:914} INFO - Processing file /home/airflow/.local/lib/python3.12/site-packages/airflow/example_dags/example_latest_only_with_trigger.py for tasks to queue
[2025-07-01T21:19:55.267+0000] {logging_mixin.py:190} INFO - [2025-07-01T21:19:55.266+0000] {dagbag.py:588} INFO - Filling up the DagBag from /home/airflow/.local/lib/python3.12/site-packages/airflow/example_dags/example_latest_only_with_trigger.py
[2025-07-01T21:19:55.279+0000] {processor.py:925} INFO - DAG(s) 'latest_only_with_trigger' retrieved from /home/airflow/.local/lib/python3.12/site-packages/airflow/example_dags/example_latest_only_with_trigger.py
[2025-07-01T21:19:55.312+0000] {logging_mixin.py:190} INFO - [2025-07-01T21:19:55.312+0000] {dag.py:3239} INFO - Sync 1 DAGs
[2025-07-01T21:19:55.353+0000] {logging_mixin.py:190} INFO - [2025-07-01T21:19:55.353+0000] {dag.py:4180} INFO - Setting next_dagrun for latest_only_with_trigger to 2025-07-01 16:00:00+00:00, run_after=2025-07-01 20:00:00+00:00
[2025-07-01T21:19:55.383+0000] {processor.py:208} INFO - Processing /home/airflow/.local/lib/python3.12/site-packages/airflow/example_dags/example_latest_only_with_trigger.py took 0.131 seconds
[2025-07-01T21:20:26.602+0000] {processor.py:186} INFO - Started process (PID=1870) to work on /home/airflow/.local/lib/python3.12/site-packages/airflow/example_dags/example_latest_only_with_trigger.py
[2025-07-01T21:20:26.604+0000] {processor.py:914} INFO - Processing file /home/airflow/.local/lib/python3.12/site-packages/airflow/example_dags/example_latest_only_with_trigger.py for tasks to queue
[2025-07-01T21:20:26.607+0000] {logging_mixin.py:190} INFO - [2025-07-01T21:20:26.606+0000] {dagbag.py:588} INFO - Filling up the DagBag from /home/airflow/.local/lib/python3.12/site-packages/airflow/example_dags/example_latest_only_with_trigger.py
[2025-07-01T21:20:26.619+0000] {processor.py:925} INFO - DAG(s) 'latest_only_with_trigger' retrieved from /home/airflow/.local/lib/python3.12/site-packages/airflow/example_dags/example_latest_only_with_trigger.py
[2025-07-01T21:20:26.653+0000] {logging_mixin.py:190} INFO - [2025-07-01T21:20:26.653+0000] {dag.py:3239} INFO - Sync 1 DAGs
[2025-07-01T21:20:26.695+0000] {logging_mixin.py:190} INFO - [2025-07-01T21:20:26.695+0000] {dag.py:4180} INFO - Setting next_dagrun for latest_only_with_trigger to 2025-07-01 16:00:00+00:00, run_after=2025-07-01 20:00:00+00:00
[2025-07-01T21:20:26.725+0000] {processor.py:208} INFO - Processing /home/airflow/.local/lib/python3.12/site-packages/airflow/example_dags/example_latest_only_with_trigger.py took 0.132 seconds
[2025-07-01T21:20:56.981+0000] {processor.py:186} INFO - Started process (PID=1932) to work on /home/airflow/.local/lib/python3.12/site-packages/airflow/example_dags/example_latest_only_with_trigger.py
[2025-07-01T21:20:56.983+0000] {processor.py:914} INFO - Processing file /home/airflow/.local/lib/python3.12/site-packages/airflow/example_dags/example_latest_only_with_trigger.py for tasks to queue
[2025-07-01T21:20:56.987+0000] {logging_mixin.py:190} INFO - [2025-07-01T21:20:56.986+0000] {dagbag.py:588} INFO - Filling up the DagBag from /home/airflow/.local/lib/python3.12/site-packages/airflow/example_dags/example_latest_only_with_trigger.py
[2025-07-01T21:20:56.999+0000] {processor.py:925} INFO - DAG(s) 'latest_only_with_trigger' retrieved from /home/airflow/.local/lib/python3.12/site-packages/airflow/example_dags/example_latest_only_with_trigger.py
[2025-07-01T21:20:57.026+0000] {logging_mixin.py:190} INFO - [2025-07-01T21:20:57.025+0000] {dag.py:3239} INFO - Sync 1 DAGs
[2025-07-01T21:20:57.056+0000] {logging_mixin.py:190} INFO - [2025-07-01T21:20:57.055+0000] {dag.py:4180} INFO - Setting next_dagrun for latest_only_with_trigger to 2025-07-01 16:00:00+00:00, run_after=2025-07-01 20:00:00+00:00
[2025-07-01T21:20:57.078+0000] {processor.py:208} INFO - Processing /home/airflow/.local/lib/python3.12/site-packages/airflow/example_dags/example_latest_only_with_trigger.py took 0.105 seconds
[2025-07-01T21:21:27.624+0000] {processor.py:186} INFO - Started process (PID=1995) to work on /home/airflow/.local/lib/python3.12/site-packages/airflow/example_dags/example_latest_only_with_trigger.py
[2025-07-01T21:21:27.625+0000] {processor.py:914} INFO - Processing file /home/airflow/.local/lib/python3.12/site-packages/airflow/example_dags/example_latest_only_with_trigger.py for tasks to queue
[2025-07-01T21:21:27.628+0000] {logging_mixin.py:190} INFO - [2025-07-01T21:21:27.628+0000] {dagbag.py:588} INFO - Filling up the DagBag from /home/airflow/.local/lib/python3.12/site-packages/airflow/example_dags/example_latest_only_with_trigger.py
[2025-07-01T21:21:27.637+0000] {processor.py:925} INFO - DAG(s) 'latest_only_with_trigger' retrieved from /home/airflow/.local/lib/python3.12/site-packages/airflow/example_dags/example_latest_only_with_trigger.py
[2025-07-01T21:21:27.664+0000] {logging_mixin.py:190} INFO - [2025-07-01T21:21:27.664+0000] {dag.py:3239} INFO - Sync 1 DAGs
[2025-07-01T21:21:27.695+0000] {logging_mixin.py:190} INFO - [2025-07-01T21:21:27.695+0000] {dag.py:4180} INFO - Setting next_dagrun for latest_only_with_trigger to 2025-07-01 16:00:00+00:00, run_after=2025-07-01 20:00:00+00:00
[2025-07-01T21:21:27.720+0000] {processor.py:208} INFO - Processing /home/airflow/.local/lib/python3.12/site-packages/airflow/example_dags/example_latest_only_with_trigger.py took 0.102 seconds
[2025-07-01T21:21:59.251+0000] {processor.py:186} INFO - Started process (PID=2059) to work on /home/airflow/.local/lib/python3.12/site-packages/airflow/example_dags/example_latest_only_with_trigger.py
[2025-07-01T21:21:59.252+0000] {processor.py:914} INFO - Processing file /home/airflow/.local/lib/python3.12/site-packages/airflow/example_dags/example_latest_only_with_trigger.py for tasks to queue
[2025-07-01T21:21:59.255+0000] {logging_mixin.py:190} INFO - [2025-07-01T21:21:59.254+0000] {dagbag.py:588} INFO - Filling up the DagBag from /home/airflow/.local/lib/python3.12/site-packages/airflow/example_dags/example_latest_only_with_trigger.py
[2025-07-01T21:21:59.265+0000] {processor.py:925} INFO - DAG(s) 'latest_only_with_trigger' retrieved from /home/airflow/.local/lib/python3.12/site-packages/airflow/example_dags/example_latest_only_with_trigger.py
[2025-07-01T21:21:59.290+0000] {logging_mixin.py:190} INFO - [2025-07-01T21:21:59.290+0000] {dag.py:3239} INFO - Sync 1 DAGs
[2025-07-01T21:21:59.322+0000] {logging_mixin.py:190} INFO - [2025-07-01T21:21:59.322+0000] {dag.py:4180} INFO - Setting next_dagrun for latest_only_with_trigger to 2025-07-01 16:00:00+00:00, run_after=2025-07-01 20:00:00+00:00
[2025-07-01T21:21:59.346+0000] {processor.py:208} INFO - Processing /home/airflow/.local/lib/python3.12/site-packages/airflow/example_dags/example_latest_only_with_trigger.py took 0.102 seconds
[2025-07-01T21:22:30.773+0000] {processor.py:186} INFO - Started process (PID=2122) to work on /home/airflow/.local/lib/python3.12/site-packages/airflow/example_dags/example_latest_only_with_trigger.py
[2025-07-01T21:22:30.774+0000] {processor.py:914} INFO - Processing file /home/airflow/.local/lib/python3.12/site-packages/airflow/example_dags/example_latest_only_with_trigger.py for tasks to queue
[2025-07-01T21:22:30.777+0000] {logging_mixin.py:190} INFO - [2025-07-01T21:22:30.776+0000] {dagbag.py:588} INFO - Filling up the DagBag from /home/airflow/.local/lib/python3.12/site-packages/airflow/example_dags/example_latest_only_with_trigger.py
[2025-07-01T21:22:30.785+0000] {processor.py:925} INFO - DAG(s) 'latest_only_with_trigger' retrieved from /home/airflow/.local/lib/python3.12/site-packages/airflow/example_dags/example_latest_only_with_trigger.py
[2025-07-01T21:22:30.808+0000] {logging_mixin.py:190} INFO - [2025-07-01T21:22:30.807+0000] {dag.py:3239} INFO - Sync 1 DAGs
[2025-07-01T21:22:30.838+0000] {logging_mixin.py:190} INFO - [2025-07-01T21:22:30.838+0000] {dag.py:4180} INFO - Setting next_dagrun for latest_only_with_trigger to 2025-07-01 16:00:00+00:00, run_after=2025-07-01 20:00:00+00:00
[2025-07-01T21:22:30.861+0000] {processor.py:208} INFO - Processing /home/airflow/.local/lib/python3.12/site-packages/airflow/example_dags/example_latest_only_with_trigger.py took 0.096 seconds
[2025-07-01T21:23:02.219+0000] {processor.py:186} INFO - Started process (PID=2185) to work on /home/airflow/.local/lib/python3.12/site-packages/airflow/example_dags/example_latest_only_with_trigger.py
[2025-07-01T21:23:02.220+0000] {processor.py:914} INFO - Processing file /home/airflow/.local/lib/python3.12/site-packages/airflow/example_dags/example_latest_only_with_trigger.py for tasks to queue
[2025-07-01T21:23:02.223+0000] {logging_mixin.py:190} INFO - [2025-07-01T21:23:02.223+0000] {dagbag.py:588} INFO - Filling up the DagBag from /home/airflow/.local/lib/python3.12/site-packages/airflow/example_dags/example_latest_only_with_trigger.py
[2025-07-01T21:23:02.234+0000] {processor.py:925} INFO - DAG(s) 'latest_only_with_trigger' retrieved from /home/airflow/.local/lib/python3.12/site-packages/airflow/example_dags/example_latest_only_with_trigger.py
[2025-07-01T21:23:02.265+0000] {logging_mixin.py:190} INFO - [2025-07-01T21:23:02.264+0000] {dag.py:3239} INFO - Sync 1 DAGs
[2025-07-01T21:23:02.313+0000] {logging_mixin.py:190} INFO - [2025-07-01T21:23:02.313+0000] {dag.py:4180} INFO - Setting next_dagrun for latest_only_with_trigger to 2025-07-01 16:00:00+00:00, run_after=2025-07-01 20:00:00+00:00
[2025-07-01T21:23:02.344+0000] {processor.py:208} INFO - Processing /home/airflow/.local/lib/python3.12/site-packages/airflow/example_dags/example_latest_only_with_trigger.py took 0.134 seconds
[2025-07-01T21:23:33.349+0000] {processor.py:186} INFO - Started process (PID=2248) to work on /home/airflow/.local/lib/python3.12/site-packages/airflow/example_dags/example_latest_only_with_trigger.py
[2025-07-01T21:23:33.350+0000] {processor.py:914} INFO - Processing file /home/airflow/.local/lib/python3.12/site-packages/airflow/example_dags/example_latest_only_with_trigger.py for tasks to queue
[2025-07-01T21:23:33.354+0000] {logging_mixin.py:190} INFO - [2025-07-01T21:23:33.353+0000] {dagbag.py:588} INFO - Filling up the DagBag from /home/airflow/.local/lib/python3.12/site-packages/airflow/example_dags/example_latest_only_with_trigger.py
[2025-07-01T21:23:33.362+0000] {processor.py:925} INFO - DAG(s) 'latest_only_with_trigger' retrieved from /home/airflow/.local/lib/python3.12/site-packages/airflow/example_dags/example_latest_only_with_trigger.py
[2025-07-01T21:23:33.385+0000] {logging_mixin.py:190} INFO - [2025-07-01T21:23:33.385+0000] {dag.py:3239} INFO - Sync 1 DAGs
[2025-07-01T21:23:33.417+0000] {logging_mixin.py:190} INFO - [2025-07-01T21:23:33.417+0000] {dag.py:4180} INFO - Setting next_dagrun for latest_only_with_trigger to 2025-07-01 16:00:00+00:00, run_after=2025-07-01 20:00:00+00:00
[2025-07-01T21:23:33.438+0000] {processor.py:208} INFO - Processing /home/airflow/.local/lib/python3.12/site-packages/airflow/example_dags/example_latest_only_with_trigger.py took 0.096 seconds
[2025-07-01T21:24:04.996+0000] {processor.py:186} INFO - Started process (PID=2311) to work on /home/airflow/.local/lib/python3.12/site-packages/airflow/example_dags/example_latest_only_with_trigger.py
[2025-07-01T21:24:04.999+0000] {processor.py:914} INFO - Processing file /home/airflow/.local/lib/python3.12/site-packages/airflow/example_dags/example_latest_only_with_trigger.py for tasks to queue
[2025-07-01T21:24:05.004+0000] {logging_mixin.py:190} INFO - [2025-07-01T21:24:05.003+0000] {dagbag.py:588} INFO - Filling up the DagBag from /home/airflow/.local/lib/python3.12/site-packages/airflow/example_dags/example_latest_only_with_trigger.py
[2025-07-01T21:24:05.014+0000] {processor.py:925} INFO - DAG(s) 'latest_only_with_trigger' retrieved from /home/airflow/.local/lib/python3.12/site-packages/airflow/example_dags/example_latest_only_with_trigger.py
[2025-07-01T21:24:05.053+0000] {logging_mixin.py:190} INFO - [2025-07-01T21:24:05.051+0000] {dag.py:3239} INFO - Sync 1 DAGs
[2025-07-01T21:24:05.095+0000] {logging_mixin.py:190} INFO - [2025-07-01T21:24:05.094+0000] {dag.py:4180} INFO - Setting next_dagrun for latest_only_with_trigger to 2025-07-01 16:00:00+00:00, run_after=2025-07-01 20:00:00+00:00
[2025-07-01T21:24:05.126+0000] {processor.py:208} INFO - Processing /home/airflow/.local/lib/python3.12/site-packages/airflow/example_dags/example_latest_only_with_trigger.py took 0.143 seconds
