[2025-07-01T17:20:58.665+0000] {processor.py:186} INFO - Started process (PID=6279) to work on /home/airflow/.local/lib/python3.12/site-packages/airflow/example_dags/tutorial_objectstorage.py
[2025-07-01T17:20:58.666+0000] {processor.py:914} INFO - Processing file /home/airflow/.local/lib/python3.12/site-packages/airflow/example_dags/tutorial_objectstorage.py for tasks to queue
[2025-07-01T17:20:58.671+0000] {logging_mixin.py:190} INFO - [2025-07-01T17:20:58.671+0000] {dagbag.py:588} INFO - Filling up the DagBag from /home/airflow/.local/lib/python3.12/site-packages/airflow/example_dags/tutorial_objectstorage.py
[2025-07-01T17:20:58.692+0000] {processor.py:925} INFO - DAG(s) 'tutorial_objectstorage' retrieved from /home/airflow/.local/lib/python3.12/site-packages/airflow/example_dags/tutorial_objectstorage.py
[2025-07-01T17:20:58.738+0000] {logging_mixin.py:190} INFO - [2025-07-01T17:20:58.737+0000] {dag.py:3239} INFO - Sync 1 DAGs
[2025-07-01T17:20:58.774+0000] {logging_mixin.py:190} INFO - [2025-07-01T17:20:58.774+0000] {dag.py:4180} INFO - Setting next_dagrun for tutorial_objectstorage to None, run_after=None
[2025-07-01T17:20:58.814+0000] {processor.py:208} INFO - Processing /home/airflow/.local/lib/python3.12/site-packages/airflow/example_dags/tutorial_objectstorage.py took 0.164 seconds
[2025-07-01T21:05:54.944+0000] {processor.py:186} INFO - Started process (PID=68) to work on /home/airflow/.local/lib/python3.12/site-packages/airflow/example_dags/tutorial_objectstorage.py
[2025-07-01T21:05:54.947+0000] {processor.py:914} INFO - Processing file /home/airflow/.local/lib/python3.12/site-packages/airflow/example_dags/tutorial_objectstorage.py for tasks to queue
[2025-07-01T21:05:54.954+0000] {logging_mixin.py:190} INFO - [2025-07-01T21:05:54.953+0000] {dagbag.py:588} INFO - Filling up the DagBag from /home/airflow/.local/lib/python3.12/site-packages/airflow/example_dags/tutorial_objectstorage.py
[2025-07-01T21:05:54.978+0000] {processor.py:925} INFO - DAG(s) 'tutorial_objectstorage' retrieved from /home/airflow/.local/lib/python3.12/site-packages/airflow/example_dags/tutorial_objectstorage.py
[2025-07-01T21:05:55.026+0000] {logging_mixin.py:190} INFO - [2025-07-01T21:05:55.026+0000] {dag.py:3239} INFO - Sync 1 DAGs
[2025-07-01T21:05:55.053+0000] {logging_mixin.py:190} INFO - [2025-07-01T21:05:55.052+0000] {dag.py:4180} INFO - Setting next_dagrun for tutorial_objectstorage to None, run_after=None
[2025-07-01T21:05:55.084+0000] {processor.py:208} INFO - Processing /home/airflow/.local/lib/python3.12/site-packages/airflow/example_dags/tutorial_objectstorage.py took 0.150 seconds
[2025-07-01T21:06:25.863+0000] {processor.py:186} INFO - Started process (PID=131) to work on /home/airflow/.local/lib/python3.12/site-packages/airflow/example_dags/tutorial_objectstorage.py
[2025-07-01T21:06:25.864+0000] {processor.py:914} INFO - Processing file /home/airflow/.local/lib/python3.12/site-packages/airflow/example_dags/tutorial_objectstorage.py for tasks to queue
[2025-07-01T21:06:25.868+0000] {logging_mixin.py:190} INFO - [2025-07-01T21:06:25.868+0000] {dagbag.py:588} INFO - Filling up the DagBag from /home/airflow/.local/lib/python3.12/site-packages/airflow/example_dags/tutorial_objectstorage.py
[2025-07-01T21:06:25.884+0000] {processor.py:925} INFO - DAG(s) 'tutorial_objectstorage' retrieved from /home/airflow/.local/lib/python3.12/site-packages/airflow/example_dags/tutorial_objectstorage.py
[2025-07-01T21:06:25.919+0000] {logging_mixin.py:190} INFO - [2025-07-01T21:06:25.919+0000] {dag.py:3239} INFO - Sync 1 DAGs
[2025-07-01T21:06:25.949+0000] {logging_mixin.py:190} INFO - [2025-07-01T21:06:25.949+0000] {dag.py:4180} INFO - Setting next_dagrun for tutorial_objectstorage to None, run_after=None
[2025-07-01T21:06:25.975+0000] {processor.py:208} INFO - Processing /home/airflow/.local/lib/python3.12/site-packages/airflow/example_dags/tutorial_objectstorage.py took 0.122 seconds
[2025-07-01T21:06:56.859+0000] {processor.py:186} INFO - Started process (PID=194) to work on /home/airflow/.local/lib/python3.12/site-packages/airflow/example_dags/tutorial_objectstorage.py
[2025-07-01T21:06:56.860+0000] {processor.py:914} INFO - Processing file /home/airflow/.local/lib/python3.12/site-packages/airflow/example_dags/tutorial_objectstorage.py for tasks to queue
[2025-07-01T21:06:56.867+0000] {logging_mixin.py:190} INFO - [2025-07-01T21:06:56.867+0000] {dagbag.py:588} INFO - Filling up the DagBag from /home/airflow/.local/lib/python3.12/site-packages/airflow/example_dags/tutorial_objectstorage.py
[2025-07-01T21:06:56.889+0000] {processor.py:925} INFO - DAG(s) 'tutorial_objectstorage' retrieved from /home/airflow/.local/lib/python3.12/site-packages/airflow/example_dags/tutorial_objectstorage.py
[2025-07-01T21:06:56.923+0000] {logging_mixin.py:190} INFO - [2025-07-01T21:06:56.923+0000] {dag.py:3239} INFO - Sync 1 DAGs
[2025-07-01T21:06:56.948+0000] {logging_mixin.py:190} INFO - [2025-07-01T21:06:56.948+0000] {dag.py:4180} INFO - Setting next_dagrun for tutorial_objectstorage to None, run_after=None
[2025-07-01T21:06:56.980+0000] {processor.py:208} INFO - Processing /home/airflow/.local/lib/python3.12/site-packages/airflow/example_dags/tutorial_objectstorage.py took 0.136 seconds
[2025-07-01T21:07:27.381+0000] {processor.py:186} INFO - Started process (PID=256) to work on /home/airflow/.local/lib/python3.12/site-packages/airflow/example_dags/tutorial_objectstorage.py
[2025-07-01T21:07:27.382+0000] {processor.py:914} INFO - Processing file /home/airflow/.local/lib/python3.12/site-packages/airflow/example_dags/tutorial_objectstorage.py for tasks to queue
[2025-07-01T21:07:27.390+0000] {logging_mixin.py:190} INFO - [2025-07-01T21:07:27.390+0000] {dagbag.py:588} INFO - Filling up the DagBag from /home/airflow/.local/lib/python3.12/site-packages/airflow/example_dags/tutorial_objectstorage.py
[2025-07-01T21:07:27.433+0000] {processor.py:925} INFO - DAG(s) 'tutorial_objectstorage' retrieved from /home/airflow/.local/lib/python3.12/site-packages/airflow/example_dags/tutorial_objectstorage.py
[2025-07-01T21:07:27.520+0000] {logging_mixin.py:190} INFO - [2025-07-01T21:07:27.517+0000] {dag.py:3239} INFO - Sync 1 DAGs
[2025-07-01T21:07:27.601+0000] {logging_mixin.py:190} INFO - [2025-07-01T21:07:27.601+0000] {dag.py:4180} INFO - Setting next_dagrun for tutorial_objectstorage to None, run_after=None
[2025-07-01T21:07:27.695+0000] {processor.py:208} INFO - Processing /home/airflow/.local/lib/python3.12/site-packages/airflow/example_dags/tutorial_objectstorage.py took 0.340 seconds
[2025-07-01T21:07:58.318+0000] {processor.py:186} INFO - Started process (PID=319) to work on /home/airflow/.local/lib/python3.12/site-packages/airflow/example_dags/tutorial_objectstorage.py
[2025-07-01T21:07:58.319+0000] {processor.py:914} INFO - Processing file /home/airflow/.local/lib/python3.12/site-packages/airflow/example_dags/tutorial_objectstorage.py for tasks to queue
[2025-07-01T21:07:58.323+0000] {logging_mixin.py:190} INFO - [2025-07-01T21:07:58.323+0000] {dagbag.py:588} INFO - Filling up the DagBag from /home/airflow/.local/lib/python3.12/site-packages/airflow/example_dags/tutorial_objectstorage.py
[2025-07-01T21:07:58.339+0000] {processor.py:925} INFO - DAG(s) 'tutorial_objectstorage' retrieved from /home/airflow/.local/lib/python3.12/site-packages/airflow/example_dags/tutorial_objectstorage.py
[2025-07-01T21:07:58.384+0000] {logging_mixin.py:190} INFO - [2025-07-01T21:07:58.383+0000] {dag.py:3239} INFO - Sync 1 DAGs
[2025-07-01T21:07:58.420+0000] {logging_mixin.py:190} INFO - [2025-07-01T21:07:58.419+0000] {dag.py:4180} INFO - Setting next_dagrun for tutorial_objectstorage to None, run_after=None
[2025-07-01T21:07:58.454+0000] {processor.py:208} INFO - Processing /home/airflow/.local/lib/python3.12/site-packages/airflow/example_dags/tutorial_objectstorage.py took 0.150 seconds
[2025-07-01T21:08:28.528+0000] {processor.py:186} INFO - Started process (PID=382) to work on /home/airflow/.local/lib/python3.12/site-packages/airflow/example_dags/tutorial_objectstorage.py
[2025-07-01T21:08:28.529+0000] {processor.py:914} INFO - Processing file /home/airflow/.local/lib/python3.12/site-packages/airflow/example_dags/tutorial_objectstorage.py for tasks to queue
[2025-07-01T21:08:28.531+0000] {logging_mixin.py:190} INFO - [2025-07-01T21:08:28.531+0000] {dagbag.py:588} INFO - Filling up the DagBag from /home/airflow/.local/lib/python3.12/site-packages/airflow/example_dags/tutorial_objectstorage.py
[2025-07-01T21:08:28.542+0000] {processor.py:925} INFO - DAG(s) 'tutorial_objectstorage' retrieved from /home/airflow/.local/lib/python3.12/site-packages/airflow/example_dags/tutorial_objectstorage.py
[2025-07-01T21:08:28.566+0000] {logging_mixin.py:190} INFO - [2025-07-01T21:08:28.566+0000] {dag.py:3239} INFO - Sync 1 DAGs
[2025-07-01T21:08:28.583+0000] {logging_mixin.py:190} INFO - [2025-07-01T21:08:28.582+0000] {dag.py:4180} INFO - Setting next_dagrun for tutorial_objectstorage to None, run_after=None
[2025-07-01T21:08:28.602+0000] {processor.py:208} INFO - Processing /home/airflow/.local/lib/python3.12/site-packages/airflow/example_dags/tutorial_objectstorage.py took 0.082 seconds
[2025-07-01T21:08:59.609+0000] {processor.py:186} INFO - Started process (PID=444) to work on /home/airflow/.local/lib/python3.12/site-packages/airflow/example_dags/tutorial_objectstorage.py
[2025-07-01T21:08:59.610+0000] {processor.py:914} INFO - Processing file /home/airflow/.local/lib/python3.12/site-packages/airflow/example_dags/tutorial_objectstorage.py for tasks to queue
[2025-07-01T21:08:59.613+0000] {logging_mixin.py:190} INFO - [2025-07-01T21:08:59.613+0000] {dagbag.py:588} INFO - Filling up the DagBag from /home/airflow/.local/lib/python3.12/site-packages/airflow/example_dags/tutorial_objectstorage.py
[2025-07-01T21:08:59.624+0000] {processor.py:925} INFO - DAG(s) 'tutorial_objectstorage' retrieved from /home/airflow/.local/lib/python3.12/site-packages/airflow/example_dags/tutorial_objectstorage.py
[2025-07-01T21:08:59.650+0000] {logging_mixin.py:190} INFO - [2025-07-01T21:08:59.650+0000] {dag.py:3239} INFO - Sync 1 DAGs
[2025-07-01T21:08:59.670+0000] {logging_mixin.py:190} INFO - [2025-07-01T21:08:59.669+0000] {dag.py:4180} INFO - Setting next_dagrun for tutorial_objectstorage to None, run_after=None
[2025-07-01T21:08:59.690+0000] {processor.py:208} INFO - Processing /home/airflow/.local/lib/python3.12/site-packages/airflow/example_dags/tutorial_objectstorage.py took 0.088 seconds
[2025-07-01T21:09:30.041+0000] {processor.py:186} INFO - Started process (PID=507) to work on /home/airflow/.local/lib/python3.12/site-packages/airflow/example_dags/tutorial_objectstorage.py
[2025-07-01T21:09:30.042+0000] {processor.py:914} INFO - Processing file /home/airflow/.local/lib/python3.12/site-packages/airflow/example_dags/tutorial_objectstorage.py for tasks to queue
[2025-07-01T21:09:30.044+0000] {logging_mixin.py:190} INFO - [2025-07-01T21:09:30.044+0000] {dagbag.py:588} INFO - Filling up the DagBag from /home/airflow/.local/lib/python3.12/site-packages/airflow/example_dags/tutorial_objectstorage.py
[2025-07-01T21:09:30.055+0000] {processor.py:925} INFO - DAG(s) 'tutorial_objectstorage' retrieved from /home/airflow/.local/lib/python3.12/site-packages/airflow/example_dags/tutorial_objectstorage.py
[2025-07-01T21:09:30.082+0000] {logging_mixin.py:190} INFO - [2025-07-01T21:09:30.082+0000] {dag.py:3239} INFO - Sync 1 DAGs
[2025-07-01T21:09:30.098+0000] {logging_mixin.py:190} INFO - [2025-07-01T21:09:30.097+0000] {dag.py:4180} INFO - Setting next_dagrun for tutorial_objectstorage to None, run_after=None
[2025-07-01T21:09:30.117+0000] {processor.py:208} INFO - Processing /home/airflow/.local/lib/python3.12/site-packages/airflow/example_dags/tutorial_objectstorage.py took 0.083 seconds
[2025-07-01T21:10:01.069+0000] {processor.py:186} INFO - Started process (PID=570) to work on /home/airflow/.local/lib/python3.12/site-packages/airflow/example_dags/tutorial_objectstorage.py
[2025-07-01T21:10:01.070+0000] {processor.py:914} INFO - Processing file /home/airflow/.local/lib/python3.12/site-packages/airflow/example_dags/tutorial_objectstorage.py for tasks to queue
[2025-07-01T21:10:01.072+0000] {logging_mixin.py:190} INFO - [2025-07-01T21:10:01.072+0000] {dagbag.py:588} INFO - Filling up the DagBag from /home/airflow/.local/lib/python3.12/site-packages/airflow/example_dags/tutorial_objectstorage.py
[2025-07-01T21:10:01.082+0000] {processor.py:925} INFO - DAG(s) 'tutorial_objectstorage' retrieved from /home/airflow/.local/lib/python3.12/site-packages/airflow/example_dags/tutorial_objectstorage.py
[2025-07-01T21:10:01.103+0000] {logging_mixin.py:190} INFO - [2025-07-01T21:10:01.103+0000] {dag.py:3239} INFO - Sync 1 DAGs
[2025-07-01T21:10:01.118+0000] {logging_mixin.py:190} INFO - [2025-07-01T21:10:01.118+0000] {dag.py:4180} INFO - Setting next_dagrun for tutorial_objectstorage to None, run_after=None
[2025-07-01T21:10:01.139+0000] {processor.py:208} INFO - Processing /home/airflow/.local/lib/python3.12/site-packages/airflow/example_dags/tutorial_objectstorage.py took 0.076 seconds
[2025-07-01T21:10:32.014+0000] {processor.py:186} INFO - Started process (PID=633) to work on /home/airflow/.local/lib/python3.12/site-packages/airflow/example_dags/tutorial_objectstorage.py
[2025-07-01T21:10:32.016+0000] {processor.py:914} INFO - Processing file /home/airflow/.local/lib/python3.12/site-packages/airflow/example_dags/tutorial_objectstorage.py for tasks to queue
[2025-07-01T21:10:32.021+0000] {logging_mixin.py:190} INFO - [2025-07-01T21:10:32.020+0000] {dagbag.py:588} INFO - Filling up the DagBag from /home/airflow/.local/lib/python3.12/site-packages/airflow/example_dags/tutorial_objectstorage.py
[2025-07-01T21:10:32.060+0000] {processor.py:925} INFO - DAG(s) 'tutorial_objectstorage' retrieved from /home/airflow/.local/lib/python3.12/site-packages/airflow/example_dags/tutorial_objectstorage.py
[2025-07-01T21:10:32.117+0000] {logging_mixin.py:190} INFO - [2025-07-01T21:10:32.116+0000] {dag.py:3239} INFO - Sync 1 DAGs
[2025-07-01T21:10:32.141+0000] {logging_mixin.py:190} INFO - [2025-07-01T21:10:32.141+0000] {dag.py:4180} INFO - Setting next_dagrun for tutorial_objectstorage to None, run_after=None
[2025-07-01T21:10:32.172+0000] {processor.py:208} INFO - Processing /home/airflow/.local/lib/python3.12/site-packages/airflow/example_dags/tutorial_objectstorage.py took 0.192 seconds
[2025-07-01T21:11:02.307+0000] {processor.py:186} INFO - Started process (PID=696) to work on /home/airflow/.local/lib/python3.12/site-packages/airflow/example_dags/tutorial_objectstorage.py
[2025-07-01T21:11:02.308+0000] {processor.py:914} INFO - Processing file /home/airflow/.local/lib/python3.12/site-packages/airflow/example_dags/tutorial_objectstorage.py for tasks to queue
[2025-07-01T21:11:02.310+0000] {logging_mixin.py:190} INFO - [2025-07-01T21:11:02.310+0000] {dagbag.py:588} INFO - Filling up the DagBag from /home/airflow/.local/lib/python3.12/site-packages/airflow/example_dags/tutorial_objectstorage.py
[2025-07-01T21:11:02.321+0000] {processor.py:925} INFO - DAG(s) 'tutorial_objectstorage' retrieved from /home/airflow/.local/lib/python3.12/site-packages/airflow/example_dags/tutorial_objectstorage.py
[2025-07-01T21:11:02.344+0000] {logging_mixin.py:190} INFO - [2025-07-01T21:11:02.344+0000] {dag.py:3239} INFO - Sync 1 DAGs
[2025-07-01T21:11:02.360+0000] {logging_mixin.py:190} INFO - [2025-07-01T21:11:02.360+0000] {dag.py:4180} INFO - Setting next_dagrun for tutorial_objectstorage to None, run_after=None
[2025-07-01T21:11:02.380+0000] {processor.py:208} INFO - Processing /home/airflow/.local/lib/python3.12/site-packages/airflow/example_dags/tutorial_objectstorage.py took 0.080 seconds
[2025-07-01T21:11:33.356+0000] {processor.py:186} INFO - Started process (PID=759) to work on /home/airflow/.local/lib/python3.12/site-packages/airflow/example_dags/tutorial_objectstorage.py
[2025-07-01T21:11:33.357+0000] {processor.py:914} INFO - Processing file /home/airflow/.local/lib/python3.12/site-packages/airflow/example_dags/tutorial_objectstorage.py for tasks to queue
[2025-07-01T21:11:33.360+0000] {logging_mixin.py:190} INFO - [2025-07-01T21:11:33.360+0000] {dagbag.py:588} INFO - Filling up the DagBag from /home/airflow/.local/lib/python3.12/site-packages/airflow/example_dags/tutorial_objectstorage.py
[2025-07-01T21:11:33.371+0000] {processor.py:925} INFO - DAG(s) 'tutorial_objectstorage' retrieved from /home/airflow/.local/lib/python3.12/site-packages/airflow/example_dags/tutorial_objectstorage.py
[2025-07-01T21:11:33.394+0000] {logging_mixin.py:190} INFO - [2025-07-01T21:11:33.394+0000] {dag.py:3239} INFO - Sync 1 DAGs
[2025-07-01T21:11:33.411+0000] {logging_mixin.py:190} INFO - [2025-07-01T21:11:33.411+0000] {dag.py:4180} INFO - Setting next_dagrun for tutorial_objectstorage to None, run_after=None
[2025-07-01T21:11:33.431+0000] {processor.py:208} INFO - Processing /home/airflow/.local/lib/python3.12/site-packages/airflow/example_dags/tutorial_objectstorage.py took 0.081 seconds
[2025-07-01T21:12:03.754+0000] {processor.py:186} INFO - Started process (PID=822) to work on /home/airflow/.local/lib/python3.12/site-packages/airflow/example_dags/tutorial_objectstorage.py
[2025-07-01T21:12:03.755+0000] {processor.py:914} INFO - Processing file /home/airflow/.local/lib/python3.12/site-packages/airflow/example_dags/tutorial_objectstorage.py for tasks to queue
[2025-07-01T21:12:03.758+0000] {logging_mixin.py:190} INFO - [2025-07-01T21:12:03.757+0000] {dagbag.py:588} INFO - Filling up the DagBag from /home/airflow/.local/lib/python3.12/site-packages/airflow/example_dags/tutorial_objectstorage.py
[2025-07-01T21:12:03.768+0000] {processor.py:925} INFO - DAG(s) 'tutorial_objectstorage' retrieved from /home/airflow/.local/lib/python3.12/site-packages/airflow/example_dags/tutorial_objectstorage.py
[2025-07-01T21:12:03.791+0000] {logging_mixin.py:190} INFO - [2025-07-01T21:12:03.791+0000] {dag.py:3239} INFO - Sync 1 DAGs
[2025-07-01T21:12:03.812+0000] {logging_mixin.py:190} INFO - [2025-07-01T21:12:03.812+0000] {dag.py:4180} INFO - Setting next_dagrun for tutorial_objectstorage to None, run_after=None
[2025-07-01T21:12:03.832+0000] {processor.py:208} INFO - Processing /home/airflow/.local/lib/python3.12/site-packages/airflow/example_dags/tutorial_objectstorage.py took 0.085 seconds
[2025-07-01T21:12:34.442+0000] {processor.py:186} INFO - Started process (PID=885) to work on /home/airflow/.local/lib/python3.12/site-packages/airflow/example_dags/tutorial_objectstorage.py
[2025-07-01T21:12:34.443+0000] {processor.py:914} INFO - Processing file /home/airflow/.local/lib/python3.12/site-packages/airflow/example_dags/tutorial_objectstorage.py for tasks to queue
[2025-07-01T21:12:34.445+0000] {logging_mixin.py:190} INFO - [2025-07-01T21:12:34.445+0000] {dagbag.py:588} INFO - Filling up the DagBag from /home/airflow/.local/lib/python3.12/site-packages/airflow/example_dags/tutorial_objectstorage.py
[2025-07-01T21:12:34.456+0000] {processor.py:925} INFO - DAG(s) 'tutorial_objectstorage' retrieved from /home/airflow/.local/lib/python3.12/site-packages/airflow/example_dags/tutorial_objectstorage.py
[2025-07-01T21:12:34.479+0000] {logging_mixin.py:190} INFO - [2025-07-01T21:12:34.479+0000] {dag.py:3239} INFO - Sync 1 DAGs
[2025-07-01T21:12:34.495+0000] {logging_mixin.py:190} INFO - [2025-07-01T21:12:34.495+0000] {dag.py:4180} INFO - Setting next_dagrun for tutorial_objectstorage to None, run_after=None
[2025-07-01T21:12:34.514+0000] {processor.py:208} INFO - Processing /home/airflow/.local/lib/python3.12/site-packages/airflow/example_dags/tutorial_objectstorage.py took 0.079 seconds
[2025-07-01T21:13:05.091+0000] {processor.py:186} INFO - Started process (PID=948) to work on /home/airflow/.local/lib/python3.12/site-packages/airflow/example_dags/tutorial_objectstorage.py
[2025-07-01T21:13:05.092+0000] {processor.py:914} INFO - Processing file /home/airflow/.local/lib/python3.12/site-packages/airflow/example_dags/tutorial_objectstorage.py for tasks to queue
[2025-07-01T21:13:05.095+0000] {logging_mixin.py:190} INFO - [2025-07-01T21:13:05.094+0000] {dagbag.py:588} INFO - Filling up the DagBag from /home/airflow/.local/lib/python3.12/site-packages/airflow/example_dags/tutorial_objectstorage.py
[2025-07-01T21:13:05.107+0000] {processor.py:925} INFO - DAG(s) 'tutorial_objectstorage' retrieved from /home/airflow/.local/lib/python3.12/site-packages/airflow/example_dags/tutorial_objectstorage.py
[2025-07-01T21:13:05.131+0000] {logging_mixin.py:190} INFO - [2025-07-01T21:13:05.130+0000] {dag.py:3239} INFO - Sync 1 DAGs
[2025-07-01T21:13:05.160+0000] {logging_mixin.py:190} INFO - [2025-07-01T21:13:05.160+0000] {dag.py:4180} INFO - Setting next_dagrun for tutorial_objectstorage to None, run_after=None
[2025-07-01T21:13:05.188+0000] {processor.py:208} INFO - Processing /home/airflow/.local/lib/python3.12/site-packages/airflow/example_dags/tutorial_objectstorage.py took 0.104 seconds
[2025-07-01T21:13:35.315+0000] {processor.py:186} INFO - Started process (PID=1011) to work on /home/airflow/.local/lib/python3.12/site-packages/airflow/example_dags/tutorial_objectstorage.py
[2025-07-01T21:13:35.318+0000] {processor.py:914} INFO - Processing file /home/airflow/.local/lib/python3.12/site-packages/airflow/example_dags/tutorial_objectstorage.py for tasks to queue
[2025-07-01T21:13:35.322+0000] {logging_mixin.py:190} INFO - [2025-07-01T21:13:35.322+0000] {dagbag.py:588} INFO - Filling up the DagBag from /home/airflow/.local/lib/python3.12/site-packages/airflow/example_dags/tutorial_objectstorage.py
[2025-07-01T21:13:35.345+0000] {processor.py:925} INFO - DAG(s) 'tutorial_objectstorage' retrieved from /home/airflow/.local/lib/python3.12/site-packages/airflow/example_dags/tutorial_objectstorage.py
[2025-07-01T21:13:35.399+0000] {logging_mixin.py:190} INFO - [2025-07-01T21:13:35.399+0000] {dag.py:3239} INFO - Sync 1 DAGs
[2025-07-01T21:13:35.429+0000] {logging_mixin.py:190} INFO - [2025-07-01T21:13:35.429+0000] {dag.py:4180} INFO - Setting next_dagrun for tutorial_objectstorage to None, run_after=None
[2025-07-01T21:13:35.474+0000] {processor.py:208} INFO - Processing /home/airflow/.local/lib/python3.12/site-packages/airflow/example_dags/tutorial_objectstorage.py took 0.169 seconds
[2025-07-01T21:14:06.083+0000] {processor.py:186} INFO - Started process (PID=1074) to work on /home/airflow/.local/lib/python3.12/site-packages/airflow/example_dags/tutorial_objectstorage.py
[2025-07-01T21:14:06.084+0000] {processor.py:914} INFO - Processing file /home/airflow/.local/lib/python3.12/site-packages/airflow/example_dags/tutorial_objectstorage.py for tasks to queue
[2025-07-01T21:14:06.087+0000] {logging_mixin.py:190} INFO - [2025-07-01T21:14:06.087+0000] {dagbag.py:588} INFO - Filling up the DagBag from /home/airflow/.local/lib/python3.12/site-packages/airflow/example_dags/tutorial_objectstorage.py
[2025-07-01T21:14:06.100+0000] {processor.py:925} INFO - DAG(s) 'tutorial_objectstorage' retrieved from /home/airflow/.local/lib/python3.12/site-packages/airflow/example_dags/tutorial_objectstorage.py
[2025-07-01T21:14:06.124+0000] {logging_mixin.py:190} INFO - [2025-07-01T21:14:06.124+0000] {dag.py:3239} INFO - Sync 1 DAGs
[2025-07-01T21:14:06.143+0000] {logging_mixin.py:190} INFO - [2025-07-01T21:14:06.143+0000] {dag.py:4180} INFO - Setting next_dagrun for tutorial_objectstorage to None, run_after=None
[2025-07-01T21:14:06.172+0000] {processor.py:208} INFO - Processing /home/airflow/.local/lib/python3.12/site-packages/airflow/example_dags/tutorial_objectstorage.py took 0.095 seconds
[2025-07-01T21:14:36.403+0000] {processor.py:186} INFO - Started process (PID=1136) to work on /home/airflow/.local/lib/python3.12/site-packages/airflow/example_dags/tutorial_objectstorage.py
[2025-07-01T21:14:36.406+0000] {processor.py:914} INFO - Processing file /home/airflow/.local/lib/python3.12/site-packages/airflow/example_dags/tutorial_objectstorage.py for tasks to queue
[2025-07-01T21:14:36.410+0000] {logging_mixin.py:190} INFO - [2025-07-01T21:14:36.410+0000] {dagbag.py:588} INFO - Filling up the DagBag from /home/airflow/.local/lib/python3.12/site-packages/airflow/example_dags/tutorial_objectstorage.py
[2025-07-01T21:14:36.426+0000] {processor.py:925} INFO - DAG(s) 'tutorial_objectstorage' retrieved from /home/airflow/.local/lib/python3.12/site-packages/airflow/example_dags/tutorial_objectstorage.py
[2025-07-01T21:14:36.459+0000] {logging_mixin.py:190} INFO - [2025-07-01T21:14:36.459+0000] {dag.py:3239} INFO - Sync 1 DAGs
[2025-07-01T21:14:36.487+0000] {logging_mixin.py:190} INFO - [2025-07-01T21:14:36.487+0000] {dag.py:4180} INFO - Setting next_dagrun for tutorial_objectstorage to None, run_after=None
[2025-07-01T21:14:36.515+0000] {processor.py:208} INFO - Processing /home/airflow/.local/lib/python3.12/site-packages/airflow/example_dags/tutorial_objectstorage.py took 0.122 seconds
[2025-07-01T21:15:06.602+0000] {processor.py:186} INFO - Started process (PID=1199) to work on /home/airflow/.local/lib/python3.12/site-packages/airflow/example_dags/tutorial_objectstorage.py
[2025-07-01T21:15:06.603+0000] {processor.py:914} INFO - Processing file /home/airflow/.local/lib/python3.12/site-packages/airflow/example_dags/tutorial_objectstorage.py for tasks to queue
[2025-07-01T21:15:06.607+0000] {logging_mixin.py:190} INFO - [2025-07-01T21:15:06.606+0000] {dagbag.py:588} INFO - Filling up the DagBag from /home/airflow/.local/lib/python3.12/site-packages/airflow/example_dags/tutorial_objectstorage.py
[2025-07-01T21:15:06.625+0000] {processor.py:925} INFO - DAG(s) 'tutorial_objectstorage' retrieved from /home/airflow/.local/lib/python3.12/site-packages/airflow/example_dags/tutorial_objectstorage.py
[2025-07-01T21:15:06.660+0000] {logging_mixin.py:190} INFO - [2025-07-01T21:15:06.660+0000] {dag.py:3239} INFO - Sync 1 DAGs
[2025-07-01T21:15:06.687+0000] {logging_mixin.py:190} INFO - [2025-07-01T21:15:06.686+0000] {dag.py:4180} INFO - Setting next_dagrun for tutorial_objectstorage to None, run_after=None
[2025-07-01T21:15:06.715+0000] {processor.py:208} INFO - Processing /home/airflow/.local/lib/python3.12/site-packages/airflow/example_dags/tutorial_objectstorage.py took 0.124 seconds
[2025-07-01T21:15:36.818+0000] {processor.py:186} INFO - Started process (PID=1261) to work on /home/airflow/.local/lib/python3.12/site-packages/airflow/example_dags/tutorial_objectstorage.py
[2025-07-01T21:15:36.819+0000] {processor.py:914} INFO - Processing file /home/airflow/.local/lib/python3.12/site-packages/airflow/example_dags/tutorial_objectstorage.py for tasks to queue
[2025-07-01T21:15:36.822+0000] {logging_mixin.py:190} INFO - [2025-07-01T21:15:36.821+0000] {dagbag.py:588} INFO - Filling up the DagBag from /home/airflow/.local/lib/python3.12/site-packages/airflow/example_dags/tutorial_objectstorage.py
[2025-07-01T21:15:36.832+0000] {processor.py:925} INFO - DAG(s) 'tutorial_objectstorage' retrieved from /home/airflow/.local/lib/python3.12/site-packages/airflow/example_dags/tutorial_objectstorage.py
[2025-07-01T21:15:36.853+0000] {logging_mixin.py:190} INFO - [2025-07-01T21:15:36.853+0000] {dag.py:3239} INFO - Sync 1 DAGs
[2025-07-01T21:15:36.871+0000] {logging_mixin.py:190} INFO - [2025-07-01T21:15:36.870+0000] {dag.py:4180} INFO - Setting next_dagrun for tutorial_objectstorage to None, run_after=None
[2025-07-01T21:15:36.890+0000] {processor.py:208} INFO - Processing /home/airflow/.local/lib/python3.12/site-packages/airflow/example_dags/tutorial_objectstorage.py took 0.079 seconds
[2025-07-01T21:16:07.040+0000] {processor.py:186} INFO - Started process (PID=1324) to work on /home/airflow/.local/lib/python3.12/site-packages/airflow/example_dags/tutorial_objectstorage.py
[2025-07-01T21:16:07.041+0000] {processor.py:914} INFO - Processing file /home/airflow/.local/lib/python3.12/site-packages/airflow/example_dags/tutorial_objectstorage.py for tasks to queue
[2025-07-01T21:16:07.044+0000] {logging_mixin.py:190} INFO - [2025-07-01T21:16:07.044+0000] {dagbag.py:588} INFO - Filling up the DagBag from /home/airflow/.local/lib/python3.12/site-packages/airflow/example_dags/tutorial_objectstorage.py
[2025-07-01T21:16:07.056+0000] {processor.py:925} INFO - DAG(s) 'tutorial_objectstorage' retrieved from /home/airflow/.local/lib/python3.12/site-packages/airflow/example_dags/tutorial_objectstorage.py
[2025-07-01T21:16:07.082+0000] {logging_mixin.py:190} INFO - [2025-07-01T21:16:07.081+0000] {dag.py:3239} INFO - Sync 1 DAGs
[2025-07-01T21:16:07.100+0000] {logging_mixin.py:190} INFO - [2025-07-01T21:16:07.100+0000] {dag.py:4180} INFO - Setting next_dagrun for tutorial_objectstorage to None, run_after=None
[2025-07-01T21:16:07.124+0000] {processor.py:208} INFO - Processing /home/airflow/.local/lib/python3.12/site-packages/airflow/example_dags/tutorial_objectstorage.py took 0.093 seconds
[2025-07-01T21:16:37.828+0000] {processor.py:186} INFO - Started process (PID=1387) to work on /home/airflow/.local/lib/python3.12/site-packages/airflow/example_dags/tutorial_objectstorage.py
[2025-07-01T21:16:37.830+0000] {processor.py:914} INFO - Processing file /home/airflow/.local/lib/python3.12/site-packages/airflow/example_dags/tutorial_objectstorage.py for tasks to queue
[2025-07-01T21:16:37.835+0000] {logging_mixin.py:190} INFO - [2025-07-01T21:16:37.834+0000] {dagbag.py:588} INFO - Filling up the DagBag from /home/airflow/.local/lib/python3.12/site-packages/airflow/example_dags/tutorial_objectstorage.py
[2025-07-01T21:16:37.854+0000] {processor.py:925} INFO - DAG(s) 'tutorial_objectstorage' retrieved from /home/airflow/.local/lib/python3.12/site-packages/airflow/example_dags/tutorial_objectstorage.py
[2025-07-01T21:16:37.893+0000] {logging_mixin.py:190} INFO - [2025-07-01T21:16:37.893+0000] {dag.py:3239} INFO - Sync 1 DAGs
[2025-07-01T21:16:37.925+0000] {logging_mixin.py:190} INFO - [2025-07-01T21:16:37.925+0000] {dag.py:4180} INFO - Setting next_dagrun for tutorial_objectstorage to None, run_after=None
[2025-07-01T21:16:37.955+0000] {processor.py:208} INFO - Processing /home/airflow/.local/lib/python3.12/site-packages/airflow/example_dags/tutorial_objectstorage.py took 0.141 seconds
[2025-07-01T21:17:08.070+0000] {processor.py:186} INFO - Started process (PID=1450) to work on /home/airflow/.local/lib/python3.12/site-packages/airflow/example_dags/tutorial_objectstorage.py
[2025-07-01T21:17:08.073+0000] {processor.py:914} INFO - Processing file /home/airflow/.local/lib/python3.12/site-packages/airflow/example_dags/tutorial_objectstorage.py for tasks to queue
[2025-07-01T21:17:08.076+0000] {logging_mixin.py:190} INFO - [2025-07-01T21:17:08.076+0000] {dagbag.py:588} INFO - Filling up the DagBag from /home/airflow/.local/lib/python3.12/site-packages/airflow/example_dags/tutorial_objectstorage.py
[2025-07-01T21:17:08.091+0000] {processor.py:925} INFO - DAG(s) 'tutorial_objectstorage' retrieved from /home/airflow/.local/lib/python3.12/site-packages/airflow/example_dags/tutorial_objectstorage.py
[2025-07-01T21:17:08.116+0000] {logging_mixin.py:190} INFO - [2025-07-01T21:17:08.116+0000] {dag.py:3239} INFO - Sync 1 DAGs
[2025-07-01T21:17:08.139+0000] {logging_mixin.py:190} INFO - [2025-07-01T21:17:08.139+0000] {dag.py:4180} INFO - Setting next_dagrun for tutorial_objectstorage to None, run_after=None
[2025-07-01T21:17:08.166+0000] {processor.py:208} INFO - Processing /home/airflow/.local/lib/python3.12/site-packages/airflow/example_dags/tutorial_objectstorage.py took 0.105 seconds
[2025-07-01T21:17:38.235+0000] {processor.py:186} INFO - Started process (PID=1513) to work on /home/airflow/.local/lib/python3.12/site-packages/airflow/example_dags/tutorial_objectstorage.py
[2025-07-01T21:17:38.236+0000] {processor.py:914} INFO - Processing file /home/airflow/.local/lib/python3.12/site-packages/airflow/example_dags/tutorial_objectstorage.py for tasks to queue
[2025-07-01T21:17:38.238+0000] {logging_mixin.py:190} INFO - [2025-07-01T21:17:38.238+0000] {dagbag.py:588} INFO - Filling up the DagBag from /home/airflow/.local/lib/python3.12/site-packages/airflow/example_dags/tutorial_objectstorage.py
[2025-07-01T21:17:38.249+0000] {processor.py:925} INFO - DAG(s) 'tutorial_objectstorage' retrieved from /home/airflow/.local/lib/python3.12/site-packages/airflow/example_dags/tutorial_objectstorage.py
[2025-07-01T21:17:38.271+0000] {logging_mixin.py:190} INFO - [2025-07-01T21:17:38.271+0000] {dag.py:3239} INFO - Sync 1 DAGs
[2025-07-01T21:17:38.288+0000] {logging_mixin.py:190} INFO - [2025-07-01T21:17:38.288+0000] {dag.py:4180} INFO - Setting next_dagrun for tutorial_objectstorage to None, run_after=None
[2025-07-01T21:17:38.311+0000] {processor.py:208} INFO - Processing /home/airflow/.local/lib/python3.12/site-packages/airflow/example_dags/tutorial_objectstorage.py took 0.083 seconds
[2025-07-01T21:18:08.795+0000] {processor.py:186} INFO - Started process (PID=1576) to work on /home/airflow/.local/lib/python3.12/site-packages/airflow/example_dags/tutorial_objectstorage.py
[2025-07-01T21:18:08.796+0000] {processor.py:914} INFO - Processing file /home/airflow/.local/lib/python3.12/site-packages/airflow/example_dags/tutorial_objectstorage.py for tasks to queue
[2025-07-01T21:18:08.800+0000] {logging_mixin.py:190} INFO - [2025-07-01T21:18:08.799+0000] {dagbag.py:588} INFO - Filling up the DagBag from /home/airflow/.local/lib/python3.12/site-packages/airflow/example_dags/tutorial_objectstorage.py
[2025-07-01T21:18:08.810+0000] {processor.py:925} INFO - DAG(s) 'tutorial_objectstorage' retrieved from /home/airflow/.local/lib/python3.12/site-packages/airflow/example_dags/tutorial_objectstorage.py
[2025-07-01T21:18:08.835+0000] {logging_mixin.py:190} INFO - [2025-07-01T21:18:08.834+0000] {dag.py:3239} INFO - Sync 1 DAGs
[2025-07-01T21:18:08.852+0000] {logging_mixin.py:190} INFO - [2025-07-01T21:18:08.852+0000] {dag.py:4180} INFO - Setting next_dagrun for tutorial_objectstorage to None, run_after=None
[2025-07-01T21:18:08.874+0000] {processor.py:208} INFO - Processing /home/airflow/.local/lib/python3.12/site-packages/airflow/example_dags/tutorial_objectstorage.py took 0.087 seconds
[2025-07-01T21:18:39.309+0000] {processor.py:186} INFO - Started process (PID=1639) to work on /home/airflow/.local/lib/python3.12/site-packages/airflow/example_dags/tutorial_objectstorage.py
[2025-07-01T21:18:39.310+0000] {processor.py:914} INFO - Processing file /home/airflow/.local/lib/python3.12/site-packages/airflow/example_dags/tutorial_objectstorage.py for tasks to queue
[2025-07-01T21:18:39.314+0000] {logging_mixin.py:190} INFO - [2025-07-01T21:18:39.313+0000] {dagbag.py:588} INFO - Filling up the DagBag from /home/airflow/.local/lib/python3.12/site-packages/airflow/example_dags/tutorial_objectstorage.py
[2025-07-01T21:18:39.328+0000] {processor.py:925} INFO - DAG(s) 'tutorial_objectstorage' retrieved from /home/airflow/.local/lib/python3.12/site-packages/airflow/example_dags/tutorial_objectstorage.py
[2025-07-01T21:18:39.369+0000] {logging_mixin.py:190} INFO - [2025-07-01T21:18:39.368+0000] {dag.py:3239} INFO - Sync 1 DAGs
[2025-07-01T21:18:39.394+0000] {logging_mixin.py:190} INFO - [2025-07-01T21:18:39.394+0000] {dag.py:4180} INFO - Setting next_dagrun for tutorial_objectstorage to None, run_after=None
[2025-07-01T21:18:39.428+0000] {processor.py:208} INFO - Processing /home/airflow/.local/lib/python3.12/site-packages/airflow/example_dags/tutorial_objectstorage.py took 0.129 seconds
[2025-07-01T21:19:09.671+0000] {processor.py:186} INFO - Started process (PID=1702) to work on /home/airflow/.local/lib/python3.12/site-packages/airflow/example_dags/tutorial_objectstorage.py
[2025-07-01T21:19:09.672+0000] {processor.py:914} INFO - Processing file /home/airflow/.local/lib/python3.12/site-packages/airflow/example_dags/tutorial_objectstorage.py for tasks to queue
[2025-07-01T21:19:09.674+0000] {logging_mixin.py:190} INFO - [2025-07-01T21:19:09.674+0000] {dagbag.py:588} INFO - Filling up the DagBag from /home/airflow/.local/lib/python3.12/site-packages/airflow/example_dags/tutorial_objectstorage.py
[2025-07-01T21:19:09.687+0000] {processor.py:925} INFO - DAG(s) 'tutorial_objectstorage' retrieved from /home/airflow/.local/lib/python3.12/site-packages/airflow/example_dags/tutorial_objectstorage.py
[2025-07-01T21:19:09.709+0000] {logging_mixin.py:190} INFO - [2025-07-01T21:19:09.709+0000] {dag.py:3239} INFO - Sync 1 DAGs
[2025-07-01T21:19:09.734+0000] {logging_mixin.py:190} INFO - [2025-07-01T21:19:09.733+0000] {dag.py:4180} INFO - Setting next_dagrun for tutorial_objectstorage to None, run_after=None
[2025-07-01T21:19:09.764+0000] {processor.py:208} INFO - Processing /home/airflow/.local/lib/python3.12/site-packages/airflow/example_dags/tutorial_objectstorage.py took 0.100 seconds
[2025-07-01T21:19:39.990+0000] {processor.py:186} INFO - Started process (PID=1765) to work on /home/airflow/.local/lib/python3.12/site-packages/airflow/example_dags/tutorial_objectstorage.py
[2025-07-01T21:19:39.991+0000] {processor.py:914} INFO - Processing file /home/airflow/.local/lib/python3.12/site-packages/airflow/example_dags/tutorial_objectstorage.py for tasks to queue
[2025-07-01T21:19:39.994+0000] {logging_mixin.py:190} INFO - [2025-07-01T21:19:39.993+0000] {dagbag.py:588} INFO - Filling up the DagBag from /home/airflow/.local/lib/python3.12/site-packages/airflow/example_dags/tutorial_objectstorage.py
[2025-07-01T21:19:40.006+0000] {processor.py:925} INFO - DAG(s) 'tutorial_objectstorage' retrieved from /home/airflow/.local/lib/python3.12/site-packages/airflow/example_dags/tutorial_objectstorage.py
[2025-07-01T21:19:40.028+0000] {logging_mixin.py:190} INFO - [2025-07-01T21:19:40.028+0000] {dag.py:3239} INFO - Sync 1 DAGs
[2025-07-01T21:19:40.054+0000] {logging_mixin.py:190} INFO - [2025-07-01T21:19:40.054+0000] {dag.py:4180} INFO - Setting next_dagrun for tutorial_objectstorage to None, run_after=None
[2025-07-01T21:19:40.077+0000] {processor.py:208} INFO - Processing /home/airflow/.local/lib/python3.12/site-packages/airflow/example_dags/tutorial_objectstorage.py took 0.093 seconds
[2025-07-01T21:20:10.888+0000] {processor.py:186} INFO - Started process (PID=1828) to work on /home/airflow/.local/lib/python3.12/site-packages/airflow/example_dags/tutorial_objectstorage.py
[2025-07-01T21:20:10.890+0000] {processor.py:914} INFO - Processing file /home/airflow/.local/lib/python3.12/site-packages/airflow/example_dags/tutorial_objectstorage.py for tasks to queue
[2025-07-01T21:20:10.893+0000] {logging_mixin.py:190} INFO - [2025-07-01T21:20:10.893+0000] {dagbag.py:588} INFO - Filling up the DagBag from /home/airflow/.local/lib/python3.12/site-packages/airflow/example_dags/tutorial_objectstorage.py
[2025-07-01T21:20:10.906+0000] {processor.py:925} INFO - DAG(s) 'tutorial_objectstorage' retrieved from /home/airflow/.local/lib/python3.12/site-packages/airflow/example_dags/tutorial_objectstorage.py
[2025-07-01T21:20:10.932+0000] {logging_mixin.py:190} INFO - [2025-07-01T21:20:10.931+0000] {dag.py:3239} INFO - Sync 1 DAGs
[2025-07-01T21:20:10.951+0000] {logging_mixin.py:190} INFO - [2025-07-01T21:20:10.951+0000] {dag.py:4180} INFO - Setting next_dagrun for tutorial_objectstorage to None, run_after=None
[2025-07-01T21:20:10.976+0000] {processor.py:208} INFO - Processing /home/airflow/.local/lib/python3.12/site-packages/airflow/example_dags/tutorial_objectstorage.py took 0.095 seconds
[2025-07-01T21:20:42.151+0000] {processor.py:186} INFO - Started process (PID=1891) to work on /home/airflow/.local/lib/python3.12/site-packages/airflow/example_dags/tutorial_objectstorage.py
[2025-07-01T21:20:42.152+0000] {processor.py:914} INFO - Processing file /home/airflow/.local/lib/python3.12/site-packages/airflow/example_dags/tutorial_objectstorage.py for tasks to queue
[2025-07-01T21:20:42.156+0000] {logging_mixin.py:190} INFO - [2025-07-01T21:20:42.155+0000] {dagbag.py:588} INFO - Filling up the DagBag from /home/airflow/.local/lib/python3.12/site-packages/airflow/example_dags/tutorial_objectstorage.py
[2025-07-01T21:20:42.169+0000] {processor.py:925} INFO - DAG(s) 'tutorial_objectstorage' retrieved from /home/airflow/.local/lib/python3.12/site-packages/airflow/example_dags/tutorial_objectstorage.py
[2025-07-01T21:20:42.197+0000] {logging_mixin.py:190} INFO - [2025-07-01T21:20:42.196+0000] {dag.py:3239} INFO - Sync 1 DAGs
[2025-07-01T21:20:42.223+0000] {logging_mixin.py:190} INFO - [2025-07-01T21:20:42.222+0000] {dag.py:4180} INFO - Setting next_dagrun for tutorial_objectstorage to None, run_after=None
[2025-07-01T21:20:42.253+0000] {processor.py:208} INFO - Processing /home/airflow/.local/lib/python3.12/site-packages/airflow/example_dags/tutorial_objectstorage.py took 0.111 seconds
[2025-07-01T21:21:12.286+0000] {processor.py:186} INFO - Started process (PID=1954) to work on /home/airflow/.local/lib/python3.12/site-packages/airflow/example_dags/tutorial_objectstorage.py
[2025-07-01T21:21:12.287+0000] {processor.py:914} INFO - Processing file /home/airflow/.local/lib/python3.12/site-packages/airflow/example_dags/tutorial_objectstorage.py for tasks to queue
[2025-07-01T21:21:12.290+0000] {logging_mixin.py:190} INFO - [2025-07-01T21:21:12.289+0000] {dagbag.py:588} INFO - Filling up the DagBag from /home/airflow/.local/lib/python3.12/site-packages/airflow/example_dags/tutorial_objectstorage.py
[2025-07-01T21:21:12.300+0000] {processor.py:925} INFO - DAG(s) 'tutorial_objectstorage' retrieved from /home/airflow/.local/lib/python3.12/site-packages/airflow/example_dags/tutorial_objectstorage.py
[2025-07-01T21:21:12.321+0000] {logging_mixin.py:190} INFO - [2025-07-01T21:21:12.321+0000] {dag.py:3239} INFO - Sync 1 DAGs
[2025-07-01T21:21:12.336+0000] {logging_mixin.py:190} INFO - [2025-07-01T21:21:12.336+0000] {dag.py:4180} INFO - Setting next_dagrun for tutorial_objectstorage to None, run_after=None
[2025-07-01T21:21:12.357+0000] {processor.py:208} INFO - Processing /home/airflow/.local/lib/python3.12/site-packages/airflow/example_dags/tutorial_objectstorage.py took 0.078 seconds
[2025-07-01T21:21:42.580+0000] {processor.py:186} INFO - Started process (PID=2017) to work on /home/airflow/.local/lib/python3.12/site-packages/airflow/example_dags/tutorial_objectstorage.py
[2025-07-01T21:21:42.581+0000] {processor.py:914} INFO - Processing file /home/airflow/.local/lib/python3.12/site-packages/airflow/example_dags/tutorial_objectstorage.py for tasks to queue
[2025-07-01T21:21:42.584+0000] {logging_mixin.py:190} INFO - [2025-07-01T21:21:42.584+0000] {dagbag.py:588} INFO - Filling up the DagBag from /home/airflow/.local/lib/python3.12/site-packages/airflow/example_dags/tutorial_objectstorage.py
[2025-07-01T21:21:42.597+0000] {processor.py:925} INFO - DAG(s) 'tutorial_objectstorage' retrieved from /home/airflow/.local/lib/python3.12/site-packages/airflow/example_dags/tutorial_objectstorage.py
[2025-07-01T21:21:42.618+0000] {logging_mixin.py:190} INFO - [2025-07-01T21:21:42.618+0000] {dag.py:3239} INFO - Sync 1 DAGs
[2025-07-01T21:21:42.637+0000] {logging_mixin.py:190} INFO - [2025-07-01T21:21:42.636+0000] {dag.py:4180} INFO - Setting next_dagrun for tutorial_objectstorage to None, run_after=None
[2025-07-01T21:21:42.660+0000] {processor.py:208} INFO - Processing /home/airflow/.local/lib/python3.12/site-packages/airflow/example_dags/tutorial_objectstorage.py took 0.087 seconds
[2025-07-01T21:22:12.883+0000] {processor.py:186} INFO - Started process (PID=2080) to work on /home/airflow/.local/lib/python3.12/site-packages/airflow/example_dags/tutorial_objectstorage.py
[2025-07-01T21:22:12.885+0000] {processor.py:914} INFO - Processing file /home/airflow/.local/lib/python3.12/site-packages/airflow/example_dags/tutorial_objectstorage.py for tasks to queue
[2025-07-01T21:22:12.887+0000] {logging_mixin.py:190} INFO - [2025-07-01T21:22:12.887+0000] {dagbag.py:588} INFO - Filling up the DagBag from /home/airflow/.local/lib/python3.12/site-packages/airflow/example_dags/tutorial_objectstorage.py
[2025-07-01T21:22:12.898+0000] {processor.py:925} INFO - DAG(s) 'tutorial_objectstorage' retrieved from /home/airflow/.local/lib/python3.12/site-packages/airflow/example_dags/tutorial_objectstorage.py
[2025-07-01T21:22:12.922+0000] {logging_mixin.py:190} INFO - [2025-07-01T21:22:12.922+0000] {dag.py:3239} INFO - Sync 1 DAGs
[2025-07-01T21:22:12.939+0000] {logging_mixin.py:190} INFO - [2025-07-01T21:22:12.939+0000] {dag.py:4180} INFO - Setting next_dagrun for tutorial_objectstorage to None, run_after=None
[2025-07-01T21:22:12.962+0000] {processor.py:208} INFO - Processing /home/airflow/.local/lib/python3.12/site-packages/airflow/example_dags/tutorial_objectstorage.py took 0.086 seconds
[2025-07-01T21:22:43.913+0000] {processor.py:186} INFO - Started process (PID=2143) to work on /home/airflow/.local/lib/python3.12/site-packages/airflow/example_dags/tutorial_objectstorage.py
[2025-07-01T21:22:43.915+0000] {processor.py:914} INFO - Processing file /home/airflow/.local/lib/python3.12/site-packages/airflow/example_dags/tutorial_objectstorage.py for tasks to queue
[2025-07-01T21:22:43.918+0000] {logging_mixin.py:190} INFO - [2025-07-01T21:22:43.918+0000] {dagbag.py:588} INFO - Filling up the DagBag from /home/airflow/.local/lib/python3.12/site-packages/airflow/example_dags/tutorial_objectstorage.py
[2025-07-01T21:22:43.937+0000] {processor.py:925} INFO - DAG(s) 'tutorial_objectstorage' retrieved from /home/airflow/.local/lib/python3.12/site-packages/airflow/example_dags/tutorial_objectstorage.py
[2025-07-01T21:22:43.988+0000] {logging_mixin.py:190} INFO - [2025-07-01T21:22:43.986+0000] {dag.py:3239} INFO - Sync 1 DAGs
[2025-07-01T21:22:44.015+0000] {logging_mixin.py:190} INFO - [2025-07-01T21:22:44.015+0000] {dag.py:4180} INFO - Setting next_dagrun for tutorial_objectstorage to None, run_after=None
[2025-07-01T21:22:44.073+0000] {processor.py:208} INFO - Processing /home/airflow/.local/lib/python3.12/site-packages/airflow/example_dags/tutorial_objectstorage.py took 0.170 seconds
[2025-07-01T21:23:14.609+0000] {processor.py:186} INFO - Started process (PID=2205) to work on /home/airflow/.local/lib/python3.12/site-packages/airflow/example_dags/tutorial_objectstorage.py
[2025-07-01T21:23:14.611+0000] {processor.py:914} INFO - Processing file /home/airflow/.local/lib/python3.12/site-packages/airflow/example_dags/tutorial_objectstorage.py for tasks to queue
[2025-07-01T21:23:14.614+0000] {logging_mixin.py:190} INFO - [2025-07-01T21:23:14.613+0000] {dagbag.py:588} INFO - Filling up the DagBag from /home/airflow/.local/lib/python3.12/site-packages/airflow/example_dags/tutorial_objectstorage.py
[2025-07-01T21:23:14.630+0000] {processor.py:925} INFO - DAG(s) 'tutorial_objectstorage' retrieved from /home/airflow/.local/lib/python3.12/site-packages/airflow/example_dags/tutorial_objectstorage.py
[2025-07-01T21:23:14.676+0000] {logging_mixin.py:190} INFO - [2025-07-01T21:23:14.676+0000] {dag.py:3239} INFO - Sync 1 DAGs
[2025-07-01T21:23:14.707+0000] {logging_mixin.py:190} INFO - [2025-07-01T21:23:14.706+0000] {dag.py:4180} INFO - Setting next_dagrun for tutorial_objectstorage to None, run_after=None
[2025-07-01T21:23:14.740+0000] {processor.py:208} INFO - Processing /home/airflow/.local/lib/python3.12/site-packages/airflow/example_dags/tutorial_objectstorage.py took 0.144 seconds
[2025-07-01T21:23:45.013+0000] {processor.py:186} INFO - Started process (PID=2268) to work on /home/airflow/.local/lib/python3.12/site-packages/airflow/example_dags/tutorial_objectstorage.py
[2025-07-01T21:23:45.015+0000] {processor.py:914} INFO - Processing file /home/airflow/.local/lib/python3.12/site-packages/airflow/example_dags/tutorial_objectstorage.py for tasks to queue
[2025-07-01T21:23:45.018+0000] {logging_mixin.py:190} INFO - [2025-07-01T21:23:45.018+0000] {dagbag.py:588} INFO - Filling up the DagBag from /home/airflow/.local/lib/python3.12/site-packages/airflow/example_dags/tutorial_objectstorage.py
[2025-07-01T21:23:45.032+0000] {processor.py:925} INFO - DAG(s) 'tutorial_objectstorage' retrieved from /home/airflow/.local/lib/python3.12/site-packages/airflow/example_dags/tutorial_objectstorage.py
[2025-07-01T21:23:45.054+0000] {logging_mixin.py:190} INFO - [2025-07-01T21:23:45.053+0000] {dag.py:3239} INFO - Sync 1 DAGs
[2025-07-01T21:23:45.070+0000] {logging_mixin.py:190} INFO - [2025-07-01T21:23:45.070+0000] {dag.py:4180} INFO - Setting next_dagrun for tutorial_objectstorage to None, run_after=None
[2025-07-01T21:23:45.090+0000] {processor.py:208} INFO - Processing /home/airflow/.local/lib/python3.12/site-packages/airflow/example_dags/tutorial_objectstorage.py took 0.086 seconds
[2025-07-01T21:24:15.534+0000] {processor.py:186} INFO - Started process (PID=2331) to work on /home/airflow/.local/lib/python3.12/site-packages/airflow/example_dags/tutorial_objectstorage.py
[2025-07-01T21:24:15.536+0000] {processor.py:914} INFO - Processing file /home/airflow/.local/lib/python3.12/site-packages/airflow/example_dags/tutorial_objectstorage.py for tasks to queue
[2025-07-01T21:24:15.539+0000] {logging_mixin.py:190} INFO - [2025-07-01T21:24:15.539+0000] {dagbag.py:588} INFO - Filling up the DagBag from /home/airflow/.local/lib/python3.12/site-packages/airflow/example_dags/tutorial_objectstorage.py
[2025-07-01T21:24:15.563+0000] {processor.py:925} INFO - DAG(s) 'tutorial_objectstorage' retrieved from /home/airflow/.local/lib/python3.12/site-packages/airflow/example_dags/tutorial_objectstorage.py
[2025-07-01T21:24:15.603+0000] {logging_mixin.py:190} INFO - [2025-07-01T21:24:15.603+0000] {dag.py:3239} INFO - Sync 1 DAGs
[2025-07-01T21:24:15.628+0000] {logging_mixin.py:190} INFO - [2025-07-01T21:24:15.627+0000] {dag.py:4180} INFO - Setting next_dagrun for tutorial_objectstorage to None, run_after=None
[2025-07-01T21:24:15.655+0000] {processor.py:208} INFO - Processing /home/airflow/.local/lib/python3.12/site-packages/airflow/example_dags/tutorial_objectstorage.py took 0.135 seconds
