[2025-07-01T17:21:03.289+0000] {processor.py:186} INFO - Started process (PID=6306) to work on /home/airflow/.local/lib/python3.12/site-packages/airflow/example_dags/tutorial.py
[2025-07-01T17:21:03.290+0000] {processor.py:914} INFO - Processing file /home/airflow/.local/lib/python3.12/site-packages/airflow/example_dags/tutorial.py for tasks to queue
[2025-07-01T17:21:03.294+0000] {logging_mixin.py:190} INFO - [2025-07-01T17:21:03.293+0000] {dagbag.py:588} INFO - Filling up the DagBag from /home/airflow/.local/lib/python3.12/site-packages/airflow/example_dags/tutorial.py
[2025-07-01T17:21:03.308+0000] {processor.py:925} INFO - DAG(s) 'tutorial' retrieved from /home/airflow/.local/lib/python3.12/site-packages/airflow/example_dags/tutorial.py
[2025-07-01T17:21:03.346+0000] {logging_mixin.py:190} INFO - [2025-07-01T17:21:03.345+0000] {dag.py:3239} INFO - Sync 1 DAGs
[2025-07-01T17:21:03.383+0000] {logging_mixin.py:190} INFO - [2025-07-01T17:21:03.383+0000] {dag.py:4180} INFO - Setting next_dagrun for tutorial to 2025-06-30 00:00:00+00:00, run_after=2025-07-01 00:00:00+00:00
[2025-07-01T17:21:03.408+0000] {processor.py:208} INFO - Processing /home/airflow/.local/lib/python3.12/site-packages/airflow/example_dags/tutorial.py took 0.129 seconds
[2025-07-01T21:05:59.141+0000] {processor.py:186} INFO - Started process (PID=95) to work on /home/airflow/.local/lib/python3.12/site-packages/airflow/example_dags/tutorial.py
[2025-07-01T21:05:59.142+0000] {processor.py:914} INFO - Processing file /home/airflow/.local/lib/python3.12/site-packages/airflow/example_dags/tutorial.py for tasks to queue
[2025-07-01T21:05:59.145+0000] {logging_mixin.py:190} INFO - [2025-07-01T21:05:59.144+0000] {dagbag.py:588} INFO - Filling up the DagBag from /home/airflow/.local/lib/python3.12/site-packages/airflow/example_dags/tutorial.py
[2025-07-01T21:05:59.159+0000] {processor.py:925} INFO - DAG(s) 'tutorial' retrieved from /home/airflow/.local/lib/python3.12/site-packages/airflow/example_dags/tutorial.py
[2025-07-01T21:05:59.197+0000] {logging_mixin.py:190} INFO - [2025-07-01T21:05:59.197+0000] {dag.py:3239} INFO - Sync 1 DAGs
[2025-07-01T21:05:59.234+0000] {logging_mixin.py:190} INFO - [2025-07-01T21:05:59.234+0000] {dag.py:4180} INFO - Setting next_dagrun for tutorial to 2025-06-30 00:00:00+00:00, run_after=2025-07-01 00:00:00+00:00
[2025-07-01T21:05:59.261+0000] {processor.py:208} INFO - Processing /home/airflow/.local/lib/python3.12/site-packages/airflow/example_dags/tutorial.py took 0.128 seconds
[2025-07-01T21:06:30.025+0000] {processor.py:186} INFO - Started process (PID=158) to work on /home/airflow/.local/lib/python3.12/site-packages/airflow/example_dags/tutorial.py
[2025-07-01T21:06:30.026+0000] {processor.py:914} INFO - Processing file /home/airflow/.local/lib/python3.12/site-packages/airflow/example_dags/tutorial.py for tasks to queue
[2025-07-01T21:06:30.029+0000] {logging_mixin.py:190} INFO - [2025-07-01T21:06:30.028+0000] {dagbag.py:588} INFO - Filling up the DagBag from /home/airflow/.local/lib/python3.12/site-packages/airflow/example_dags/tutorial.py
[2025-07-01T21:06:30.038+0000] {processor.py:925} INFO - DAG(s) 'tutorial' retrieved from /home/airflow/.local/lib/python3.12/site-packages/airflow/example_dags/tutorial.py
[2025-07-01T21:06:30.064+0000] {logging_mixin.py:190} INFO - [2025-07-01T21:06:30.064+0000] {dag.py:3239} INFO - Sync 1 DAGs
[2025-07-01T21:06:30.094+0000] {logging_mixin.py:190} INFO - [2025-07-01T21:06:30.094+0000] {dag.py:4180} INFO - Setting next_dagrun for tutorial to 2025-06-30 00:00:00+00:00, run_after=2025-07-01 00:00:00+00:00
[2025-07-01T21:06:30.116+0000] {processor.py:208} INFO - Processing /home/airflow/.local/lib/python3.12/site-packages/airflow/example_dags/tutorial.py took 0.097 seconds
[2025-07-01T21:07:01.621+0000] {processor.py:186} INFO - Started process (PID=221) to work on /home/airflow/.local/lib/python3.12/site-packages/airflow/example_dags/tutorial.py
[2025-07-01T21:07:01.625+0000] {processor.py:914} INFO - Processing file /home/airflow/.local/lib/python3.12/site-packages/airflow/example_dags/tutorial.py for tasks to queue
[2025-07-01T21:07:01.629+0000] {logging_mixin.py:190} INFO - [2025-07-01T21:07:01.628+0000] {dagbag.py:588} INFO - Filling up the DagBag from /home/airflow/.local/lib/python3.12/site-packages/airflow/example_dags/tutorial.py
[2025-07-01T21:07:01.644+0000] {processor.py:925} INFO - DAG(s) 'tutorial' retrieved from /home/airflow/.local/lib/python3.12/site-packages/airflow/example_dags/tutorial.py
[2025-07-01T21:07:01.692+0000] {logging_mixin.py:190} INFO - [2025-07-01T21:07:01.691+0000] {dag.py:3239} INFO - Sync 1 DAGs
[2025-07-01T21:07:01.739+0000] {logging_mixin.py:190} INFO - [2025-07-01T21:07:01.739+0000] {dag.py:4180} INFO - Setting next_dagrun for tutorial to 2025-06-30 00:00:00+00:00, run_after=2025-07-01 00:00:00+00:00
[2025-07-01T21:07:01.773+0000] {processor.py:208} INFO - Processing /home/airflow/.local/lib/python3.12/site-packages/airflow/example_dags/tutorial.py took 0.166 seconds
[2025-07-01T21:07:35.977+0000] {processor.py:186} INFO - Started process (PID=284) to work on /home/airflow/.local/lib/python3.12/site-packages/airflow/example_dags/tutorial.py
[2025-07-01T21:07:35.984+0000] {processor.py:914} INFO - Processing file /home/airflow/.local/lib/python3.12/site-packages/airflow/example_dags/tutorial.py for tasks to queue
[2025-07-01T21:07:35.989+0000] {logging_mixin.py:190} INFO - [2025-07-01T21:07:35.988+0000] {dagbag.py:588} INFO - Filling up the DagBag from /home/airflow/.local/lib/python3.12/site-packages/airflow/example_dags/tutorial.py
[2025-07-01T21:07:36.036+0000] {processor.py:925} INFO - DAG(s) 'tutorial' retrieved from /home/airflow/.local/lib/python3.12/site-packages/airflow/example_dags/tutorial.py
[2025-07-01T21:07:36.155+0000] {logging_mixin.py:190} INFO - [2025-07-01T21:07:36.151+0000] {dag.py:3239} INFO - Sync 1 DAGs
[2025-07-01T21:07:36.292+0000] {logging_mixin.py:190} INFO - [2025-07-01T21:07:36.292+0000] {dag.py:4180} INFO - Setting next_dagrun for tutorial to 2025-06-30 00:00:00+00:00, run_after=2025-07-01 00:00:00+00:00
[2025-07-01T21:07:36.367+0000] {processor.py:208} INFO - Processing /home/airflow/.local/lib/python3.12/site-packages/airflow/example_dags/tutorial.py took 0.410 seconds
[2025-07-01T21:08:07.511+0000] {processor.py:186} INFO - Started process (PID=347) to work on /home/airflow/.local/lib/python3.12/site-packages/airflow/example_dags/tutorial.py
[2025-07-01T21:08:07.519+0000] {processor.py:914} INFO - Processing file /home/airflow/.local/lib/python3.12/site-packages/airflow/example_dags/tutorial.py for tasks to queue
[2025-07-01T21:08:07.534+0000] {logging_mixin.py:190} INFO - [2025-07-01T21:08:07.533+0000] {dagbag.py:588} INFO - Filling up the DagBag from /home/airflow/.local/lib/python3.12/site-packages/airflow/example_dags/tutorial.py
[2025-07-01T21:08:07.596+0000] {processor.py:925} INFO - DAG(s) 'tutorial' retrieved from /home/airflow/.local/lib/python3.12/site-packages/airflow/example_dags/tutorial.py
[2025-07-01T21:08:07.669+0000] {logging_mixin.py:190} INFO - [2025-07-01T21:08:07.668+0000] {dag.py:3239} INFO - Sync 1 DAGs
[2025-07-01T21:08:07.809+0000] {logging_mixin.py:190} INFO - [2025-07-01T21:08:07.801+0000] {dag.py:4180} INFO - Setting next_dagrun for tutorial to 2025-06-30 00:00:00+00:00, run_after=2025-07-01 00:00:00+00:00
[2025-07-01T21:08:07.915+0000] {processor.py:208} INFO - Processing /home/airflow/.local/lib/python3.12/site-packages/airflow/example_dags/tutorial.py took 0.464 seconds
[2025-07-01T21:08:38.714+0000] {processor.py:186} INFO - Started process (PID=410) to work on /home/airflow/.local/lib/python3.12/site-packages/airflow/example_dags/tutorial.py
[2025-07-01T21:08:38.715+0000] {processor.py:914} INFO - Processing file /home/airflow/.local/lib/python3.12/site-packages/airflow/example_dags/tutorial.py for tasks to queue
[2025-07-01T21:08:38.718+0000] {logging_mixin.py:190} INFO - [2025-07-01T21:08:38.718+0000] {dagbag.py:588} INFO - Filling up the DagBag from /home/airflow/.local/lib/python3.12/site-packages/airflow/example_dags/tutorial.py
[2025-07-01T21:08:38.728+0000] {processor.py:925} INFO - DAG(s) 'tutorial' retrieved from /home/airflow/.local/lib/python3.12/site-packages/airflow/example_dags/tutorial.py
[2025-07-01T21:08:38.754+0000] {logging_mixin.py:190} INFO - [2025-07-01T21:08:38.754+0000] {dag.py:3239} INFO - Sync 1 DAGs
[2025-07-01T21:08:38.782+0000] {logging_mixin.py:190} INFO - [2025-07-01T21:08:38.782+0000] {dag.py:4180} INFO - Setting next_dagrun for tutorial to 2025-06-30 00:00:00+00:00, run_after=2025-07-01 00:00:00+00:00
[2025-07-01T21:08:38.810+0000] {processor.py:208} INFO - Processing /home/airflow/.local/lib/python3.12/site-packages/airflow/example_dags/tutorial.py took 0.103 seconds
[2025-07-01T21:09:09.675+0000] {processor.py:186} INFO - Started process (PID=472) to work on /home/airflow/.local/lib/python3.12/site-packages/airflow/example_dags/tutorial.py
[2025-07-01T21:09:09.676+0000] {processor.py:914} INFO - Processing file /home/airflow/.local/lib/python3.12/site-packages/airflow/example_dags/tutorial.py for tasks to queue
[2025-07-01T21:09:09.679+0000] {logging_mixin.py:190} INFO - [2025-07-01T21:09:09.678+0000] {dagbag.py:588} INFO - Filling up the DagBag from /home/airflow/.local/lib/python3.12/site-packages/airflow/example_dags/tutorial.py
[2025-07-01T21:09:09.687+0000] {processor.py:925} INFO - DAG(s) 'tutorial' retrieved from /home/airflow/.local/lib/python3.12/site-packages/airflow/example_dags/tutorial.py
[2025-07-01T21:09:09.710+0000] {logging_mixin.py:190} INFO - [2025-07-01T21:09:09.710+0000] {dag.py:3239} INFO - Sync 1 DAGs
[2025-07-01T21:09:09.738+0000] {logging_mixin.py:190} INFO - [2025-07-01T21:09:09.738+0000] {dag.py:4180} INFO - Setting next_dagrun for tutorial to 2025-06-30 00:00:00+00:00, run_after=2025-07-01 00:00:00+00:00
[2025-07-01T21:09:09.782+0000] {processor.py:208} INFO - Processing /home/airflow/.local/lib/python3.12/site-packages/airflow/example_dags/tutorial.py took 0.116 seconds
[2025-07-01T21:09:40.587+0000] {processor.py:186} INFO - Started process (PID=535) to work on /home/airflow/.local/lib/python3.12/site-packages/airflow/example_dags/tutorial.py
[2025-07-01T21:09:40.588+0000] {processor.py:914} INFO - Processing file /home/airflow/.local/lib/python3.12/site-packages/airflow/example_dags/tutorial.py for tasks to queue
[2025-07-01T21:09:40.591+0000] {logging_mixin.py:190} INFO - [2025-07-01T21:09:40.591+0000] {dagbag.py:588} INFO - Filling up the DagBag from /home/airflow/.local/lib/python3.12/site-packages/airflow/example_dags/tutorial.py
[2025-07-01T21:09:40.600+0000] {processor.py:925} INFO - DAG(s) 'tutorial' retrieved from /home/airflow/.local/lib/python3.12/site-packages/airflow/example_dags/tutorial.py
[2025-07-01T21:09:40.621+0000] {logging_mixin.py:190} INFO - [2025-07-01T21:09:40.621+0000] {dag.py:3239} INFO - Sync 1 DAGs
[2025-07-01T21:09:40.648+0000] {logging_mixin.py:190} INFO - [2025-07-01T21:09:40.648+0000] {dag.py:4180} INFO - Setting next_dagrun for tutorial to 2025-06-30 00:00:00+00:00, run_after=2025-07-01 00:00:00+00:00
[2025-07-01T21:09:40.670+0000] {processor.py:208} INFO - Processing /home/airflow/.local/lib/python3.12/site-packages/airflow/example_dags/tutorial.py took 0.093 seconds
[2025-07-01T21:10:11.089+0000] {processor.py:186} INFO - Started process (PID=598) to work on /home/airflow/.local/lib/python3.12/site-packages/airflow/example_dags/tutorial.py
[2025-07-01T21:10:11.090+0000] {processor.py:914} INFO - Processing file /home/airflow/.local/lib/python3.12/site-packages/airflow/example_dags/tutorial.py for tasks to queue
[2025-07-01T21:10:11.093+0000] {logging_mixin.py:190} INFO - [2025-07-01T21:10:11.093+0000] {dagbag.py:588} INFO - Filling up the DagBag from /home/airflow/.local/lib/python3.12/site-packages/airflow/example_dags/tutorial.py
[2025-07-01T21:10:11.102+0000] {processor.py:925} INFO - DAG(s) 'tutorial' retrieved from /home/airflow/.local/lib/python3.12/site-packages/airflow/example_dags/tutorial.py
[2025-07-01T21:10:11.129+0000] {logging_mixin.py:190} INFO - [2025-07-01T21:10:11.129+0000] {dag.py:3239} INFO - Sync 1 DAGs
[2025-07-01T21:10:11.155+0000] {logging_mixin.py:190} INFO - [2025-07-01T21:10:11.155+0000] {dag.py:4180} INFO - Setting next_dagrun for tutorial to 2025-06-30 00:00:00+00:00, run_after=2025-07-01 00:00:00+00:00
[2025-07-01T21:10:11.176+0000] {processor.py:208} INFO - Processing /home/airflow/.local/lib/python3.12/site-packages/airflow/example_dags/tutorial.py took 0.095 seconds
[2025-07-01T21:10:41.959+0000] {processor.py:186} INFO - Started process (PID=661) to work on /home/airflow/.local/lib/python3.12/site-packages/airflow/example_dags/tutorial.py
[2025-07-01T21:10:41.960+0000] {processor.py:914} INFO - Processing file /home/airflow/.local/lib/python3.12/site-packages/airflow/example_dags/tutorial.py for tasks to queue
[2025-07-01T21:10:41.964+0000] {logging_mixin.py:190} INFO - [2025-07-01T21:10:41.964+0000] {dagbag.py:588} INFO - Filling up the DagBag from /home/airflow/.local/lib/python3.12/site-packages/airflow/example_dags/tutorial.py
[2025-07-01T21:10:41.975+0000] {processor.py:925} INFO - DAG(s) 'tutorial' retrieved from /home/airflow/.local/lib/python3.12/site-packages/airflow/example_dags/tutorial.py
[2025-07-01T21:10:41.998+0000] {logging_mixin.py:190} INFO - [2025-07-01T21:10:41.998+0000] {dag.py:3239} INFO - Sync 1 DAGs
[2025-07-01T21:10:42.025+0000] {logging_mixin.py:190} INFO - [2025-07-01T21:10:42.025+0000] {dag.py:4180} INFO - Setting next_dagrun for tutorial to 2025-06-30 00:00:00+00:00, run_after=2025-07-01 00:00:00+00:00
[2025-07-01T21:10:42.049+0000] {processor.py:208} INFO - Processing /home/airflow/.local/lib/python3.12/site-packages/airflow/example_dags/tutorial.py took 0.102 seconds
[2025-07-01T21:11:12.817+0000] {processor.py:186} INFO - Started process (PID=724) to work on /home/airflow/.local/lib/python3.12/site-packages/airflow/example_dags/tutorial.py
[2025-07-01T21:11:12.818+0000] {processor.py:914} INFO - Processing file /home/airflow/.local/lib/python3.12/site-packages/airflow/example_dags/tutorial.py for tasks to queue
[2025-07-01T21:11:12.822+0000] {logging_mixin.py:190} INFO - [2025-07-01T21:11:12.822+0000] {dagbag.py:588} INFO - Filling up the DagBag from /home/airflow/.local/lib/python3.12/site-packages/airflow/example_dags/tutorial.py
[2025-07-01T21:11:12.835+0000] {processor.py:925} INFO - DAG(s) 'tutorial' retrieved from /home/airflow/.local/lib/python3.12/site-packages/airflow/example_dags/tutorial.py
[2025-07-01T21:11:12.858+0000] {logging_mixin.py:190} INFO - [2025-07-01T21:11:12.858+0000] {dag.py:3239} INFO - Sync 1 DAGs
[2025-07-01T21:11:12.885+0000] {logging_mixin.py:190} INFO - [2025-07-01T21:11:12.885+0000] {dag.py:4180} INFO - Setting next_dagrun for tutorial to 2025-06-30 00:00:00+00:00, run_after=2025-07-01 00:00:00+00:00
[2025-07-01T21:11:12.913+0000] {processor.py:208} INFO - Processing /home/airflow/.local/lib/python3.12/site-packages/airflow/example_dags/tutorial.py took 0.104 seconds
[2025-07-01T21:11:43.551+0000] {processor.py:186} INFO - Started process (PID=787) to work on /home/airflow/.local/lib/python3.12/site-packages/airflow/example_dags/tutorial.py
[2025-07-01T21:11:43.552+0000] {processor.py:914} INFO - Processing file /home/airflow/.local/lib/python3.12/site-packages/airflow/example_dags/tutorial.py for tasks to queue
[2025-07-01T21:11:43.555+0000] {logging_mixin.py:190} INFO - [2025-07-01T21:11:43.555+0000] {dagbag.py:588} INFO - Filling up the DagBag from /home/airflow/.local/lib/python3.12/site-packages/airflow/example_dags/tutorial.py
[2025-07-01T21:11:43.564+0000] {processor.py:925} INFO - DAG(s) 'tutorial' retrieved from /home/airflow/.local/lib/python3.12/site-packages/airflow/example_dags/tutorial.py
[2025-07-01T21:11:43.585+0000] {logging_mixin.py:190} INFO - [2025-07-01T21:11:43.584+0000] {dag.py:3239} INFO - Sync 1 DAGs
[2025-07-01T21:11:43.612+0000] {logging_mixin.py:190} INFO - [2025-07-01T21:11:43.612+0000] {dag.py:4180} INFO - Setting next_dagrun for tutorial to 2025-06-30 00:00:00+00:00, run_after=2025-07-01 00:00:00+00:00
[2025-07-01T21:11:43.634+0000] {processor.py:208} INFO - Processing /home/airflow/.local/lib/python3.12/site-packages/airflow/example_dags/tutorial.py took 0.090 seconds
[2025-07-01T21:12:13.924+0000] {processor.py:186} INFO - Started process (PID=850) to work on /home/airflow/.local/lib/python3.12/site-packages/airflow/example_dags/tutorial.py
[2025-07-01T21:12:13.927+0000] {processor.py:914} INFO - Processing file /home/airflow/.local/lib/python3.12/site-packages/airflow/example_dags/tutorial.py for tasks to queue
[2025-07-01T21:12:13.931+0000] {logging_mixin.py:190} INFO - [2025-07-01T21:12:13.930+0000] {dagbag.py:588} INFO - Filling up the DagBag from /home/airflow/.local/lib/python3.12/site-packages/airflow/example_dags/tutorial.py
[2025-07-01T21:12:13.944+0000] {processor.py:925} INFO - DAG(s) 'tutorial' retrieved from /home/airflow/.local/lib/python3.12/site-packages/airflow/example_dags/tutorial.py
[2025-07-01T21:12:13.975+0000] {logging_mixin.py:190} INFO - [2025-07-01T21:12:13.974+0000] {dag.py:3239} INFO - Sync 1 DAGs
[2025-07-01T21:12:14.018+0000] {logging_mixin.py:190} INFO - [2025-07-01T21:12:14.017+0000] {dag.py:4180} INFO - Setting next_dagrun for tutorial to 2025-06-30 00:00:00+00:00, run_after=2025-07-01 00:00:00+00:00
[2025-07-01T21:12:14.052+0000] {processor.py:208} INFO - Processing /home/airflow/.local/lib/python3.12/site-packages/airflow/example_dags/tutorial.py took 0.147 seconds
[2025-07-01T21:12:44.536+0000] {processor.py:186} INFO - Started process (PID=913) to work on /home/airflow/.local/lib/python3.12/site-packages/airflow/example_dags/tutorial.py
[2025-07-01T21:12:44.538+0000] {processor.py:914} INFO - Processing file /home/airflow/.local/lib/python3.12/site-packages/airflow/example_dags/tutorial.py for tasks to queue
[2025-07-01T21:12:44.543+0000] {logging_mixin.py:190} INFO - [2025-07-01T21:12:44.542+0000] {dagbag.py:588} INFO - Filling up the DagBag from /home/airflow/.local/lib/python3.12/site-packages/airflow/example_dags/tutorial.py
[2025-07-01T21:12:44.556+0000] {processor.py:925} INFO - DAG(s) 'tutorial' retrieved from /home/airflow/.local/lib/python3.12/site-packages/airflow/example_dags/tutorial.py
[2025-07-01T21:12:44.594+0000] {logging_mixin.py:190} INFO - [2025-07-01T21:12:44.593+0000] {dag.py:3239} INFO - Sync 1 DAGs
[2025-07-01T21:12:44.634+0000] {logging_mixin.py:190} INFO - [2025-07-01T21:12:44.634+0000] {dag.py:4180} INFO - Setting next_dagrun for tutorial to 2025-06-30 00:00:00+00:00, run_after=2025-07-01 00:00:00+00:00
[2025-07-01T21:12:44.661+0000] {processor.py:208} INFO - Processing /home/airflow/.local/lib/python3.12/site-packages/airflow/example_dags/tutorial.py took 0.132 seconds
[2025-07-01T21:13:15.475+0000] {processor.py:186} INFO - Started process (PID=976) to work on /home/airflow/.local/lib/python3.12/site-packages/airflow/example_dags/tutorial.py
[2025-07-01T21:13:15.480+0000] {processor.py:914} INFO - Processing file /home/airflow/.local/lib/python3.12/site-packages/airflow/example_dags/tutorial.py for tasks to queue
[2025-07-01T21:13:15.489+0000] {logging_mixin.py:190} INFO - [2025-07-01T21:13:15.488+0000] {dagbag.py:588} INFO - Filling up the DagBag from /home/airflow/.local/lib/python3.12/site-packages/airflow/example_dags/tutorial.py
[2025-07-01T21:13:15.504+0000] {processor.py:925} INFO - DAG(s) 'tutorial' retrieved from /home/airflow/.local/lib/python3.12/site-packages/airflow/example_dags/tutorial.py
[2025-07-01T21:13:15.566+0000] {logging_mixin.py:190} INFO - [2025-07-01T21:13:15.566+0000] {dag.py:3239} INFO - Sync 1 DAGs
[2025-07-01T21:13:15.658+0000] {logging_mixin.py:190} INFO - [2025-07-01T21:13:15.657+0000] {dag.py:4180} INFO - Setting next_dagrun for tutorial to 2025-06-30 00:00:00+00:00, run_after=2025-07-01 00:00:00+00:00
[2025-07-01T21:13:15.723+0000] {processor.py:208} INFO - Processing /home/airflow/.local/lib/python3.12/site-packages/airflow/example_dags/tutorial.py took 0.263 seconds
[2025-07-01T21:13:46.112+0000] {processor.py:186} INFO - Started process (PID=1038) to work on /home/airflow/.local/lib/python3.12/site-packages/airflow/example_dags/tutorial.py
[2025-07-01T21:13:46.113+0000] {processor.py:914} INFO - Processing file /home/airflow/.local/lib/python3.12/site-packages/airflow/example_dags/tutorial.py for tasks to queue
[2025-07-01T21:13:46.117+0000] {logging_mixin.py:190} INFO - [2025-07-01T21:13:46.116+0000] {dagbag.py:588} INFO - Filling up the DagBag from /home/airflow/.local/lib/python3.12/site-packages/airflow/example_dags/tutorial.py
[2025-07-01T21:13:46.132+0000] {processor.py:925} INFO - DAG(s) 'tutorial' retrieved from /home/airflow/.local/lib/python3.12/site-packages/airflow/example_dags/tutorial.py
[2025-07-01T21:13:46.158+0000] {logging_mixin.py:190} INFO - [2025-07-01T21:13:46.157+0000] {dag.py:3239} INFO - Sync 1 DAGs
[2025-07-01T21:13:46.247+0000] {logging_mixin.py:190} INFO - [2025-07-01T21:13:46.247+0000] {dag.py:4180} INFO - Setting next_dagrun for tutorial to 2025-06-30 00:00:00+00:00, run_after=2025-07-01 00:00:00+00:00
[2025-07-01T21:13:46.310+0000] {processor.py:208} INFO - Processing /home/airflow/.local/lib/python3.12/site-packages/airflow/example_dags/tutorial.py took 0.214 seconds
[2025-07-01T21:14:17.121+0000] {processor.py:186} INFO - Started process (PID=1102) to work on /home/airflow/.local/lib/python3.12/site-packages/airflow/example_dags/tutorial.py
[2025-07-01T21:14:17.124+0000] {processor.py:914} INFO - Processing file /home/airflow/.local/lib/python3.12/site-packages/airflow/example_dags/tutorial.py for tasks to queue
[2025-07-01T21:14:17.128+0000] {logging_mixin.py:190} INFO - [2025-07-01T21:14:17.128+0000] {dagbag.py:588} INFO - Filling up the DagBag from /home/airflow/.local/lib/python3.12/site-packages/airflow/example_dags/tutorial.py
[2025-07-01T21:14:17.144+0000] {processor.py:925} INFO - DAG(s) 'tutorial' retrieved from /home/airflow/.local/lib/python3.12/site-packages/airflow/example_dags/tutorial.py
[2025-07-01T21:14:17.177+0000] {logging_mixin.py:190} INFO - [2025-07-01T21:14:17.177+0000] {dag.py:3239} INFO - Sync 1 DAGs
[2025-07-01T21:14:17.224+0000] {logging_mixin.py:190} INFO - [2025-07-01T21:14:17.224+0000] {dag.py:4180} INFO - Setting next_dagrun for tutorial to 2025-06-30 00:00:00+00:00, run_after=2025-07-01 00:00:00+00:00
[2025-07-01T21:14:17.259+0000] {processor.py:208} INFO - Processing /home/airflow/.local/lib/python3.12/site-packages/airflow/example_dags/tutorial.py took 0.150 seconds
[2025-07-01T21:14:47.914+0000] {processor.py:186} INFO - Started process (PID=1165) to work on /home/airflow/.local/lib/python3.12/site-packages/airflow/example_dags/tutorial.py
[2025-07-01T21:14:47.916+0000] {processor.py:914} INFO - Processing file /home/airflow/.local/lib/python3.12/site-packages/airflow/example_dags/tutorial.py for tasks to queue
[2025-07-01T21:14:47.919+0000] {logging_mixin.py:190} INFO - [2025-07-01T21:14:47.919+0000] {dagbag.py:588} INFO - Filling up the DagBag from /home/airflow/.local/lib/python3.12/site-packages/airflow/example_dags/tutorial.py
[2025-07-01T21:14:47.932+0000] {processor.py:925} INFO - DAG(s) 'tutorial' retrieved from /home/airflow/.local/lib/python3.12/site-packages/airflow/example_dags/tutorial.py
[2025-07-01T21:14:47.963+0000] {logging_mixin.py:190} INFO - [2025-07-01T21:14:47.963+0000] {dag.py:3239} INFO - Sync 1 DAGs
[2025-07-01T21:14:48.000+0000] {logging_mixin.py:190} INFO - [2025-07-01T21:14:48.000+0000] {dag.py:4180} INFO - Setting next_dagrun for tutorial to 2025-06-30 00:00:00+00:00, run_after=2025-07-01 00:00:00+00:00
[2025-07-01T21:14:48.026+0000] {processor.py:208} INFO - Processing /home/airflow/.local/lib/python3.12/site-packages/airflow/example_dags/tutorial.py took 0.121 seconds
[2025-07-01T21:15:18.406+0000] {processor.py:186} INFO - Started process (PID=1228) to work on /home/airflow/.local/lib/python3.12/site-packages/airflow/example_dags/tutorial.py
[2025-07-01T21:15:18.407+0000] {processor.py:914} INFO - Processing file /home/airflow/.local/lib/python3.12/site-packages/airflow/example_dags/tutorial.py for tasks to queue
[2025-07-01T21:15:18.410+0000] {logging_mixin.py:190} INFO - [2025-07-01T21:15:18.409+0000] {dagbag.py:588} INFO - Filling up the DagBag from /home/airflow/.local/lib/python3.12/site-packages/airflow/example_dags/tutorial.py
[2025-07-01T21:15:18.419+0000] {processor.py:925} INFO - DAG(s) 'tutorial' retrieved from /home/airflow/.local/lib/python3.12/site-packages/airflow/example_dags/tutorial.py
[2025-07-01T21:15:18.442+0000] {logging_mixin.py:190} INFO - [2025-07-01T21:15:18.442+0000] {dag.py:3239} INFO - Sync 1 DAGs
[2025-07-01T21:15:18.472+0000] {logging_mixin.py:190} INFO - [2025-07-01T21:15:18.471+0000] {dag.py:4180} INFO - Setting next_dagrun for tutorial to 2025-06-30 00:00:00+00:00, run_after=2025-07-01 00:00:00+00:00
[2025-07-01T21:15:18.492+0000] {processor.py:208} INFO - Processing /home/airflow/.local/lib/python3.12/site-packages/airflow/example_dags/tutorial.py took 0.097 seconds
[2025-07-01T21:15:49.070+0000] {processor.py:186} INFO - Started process (PID=1291) to work on /home/airflow/.local/lib/python3.12/site-packages/airflow/example_dags/tutorial.py
[2025-07-01T21:15:49.071+0000] {processor.py:914} INFO - Processing file /home/airflow/.local/lib/python3.12/site-packages/airflow/example_dags/tutorial.py for tasks to queue
[2025-07-01T21:15:49.075+0000] {logging_mixin.py:190} INFO - [2025-07-01T21:15:49.075+0000] {dagbag.py:588} INFO - Filling up the DagBag from /home/airflow/.local/lib/python3.12/site-packages/airflow/example_dags/tutorial.py
[2025-07-01T21:15:49.091+0000] {processor.py:925} INFO - DAG(s) 'tutorial' retrieved from /home/airflow/.local/lib/python3.12/site-packages/airflow/example_dags/tutorial.py
[2025-07-01T21:15:49.126+0000] {logging_mixin.py:190} INFO - [2025-07-01T21:15:49.126+0000] {dag.py:3239} INFO - Sync 1 DAGs
[2025-07-01T21:15:49.163+0000] {logging_mixin.py:190} INFO - [2025-07-01T21:15:49.162+0000] {dag.py:4180} INFO - Setting next_dagrun for tutorial to 2025-06-30 00:00:00+00:00, run_after=2025-07-01 00:00:00+00:00
[2025-07-01T21:15:49.196+0000] {processor.py:208} INFO - Processing /home/airflow/.local/lib/python3.12/site-packages/airflow/example_dags/tutorial.py took 0.142 seconds
[2025-07-01T21:16:20.109+0000] {processor.py:186} INFO - Started process (PID=1354) to work on /home/airflow/.local/lib/python3.12/site-packages/airflow/example_dags/tutorial.py
[2025-07-01T21:16:20.111+0000] {processor.py:914} INFO - Processing file /home/airflow/.local/lib/python3.12/site-packages/airflow/example_dags/tutorial.py for tasks to queue
[2025-07-01T21:16:20.115+0000] {logging_mixin.py:190} INFO - [2025-07-01T21:16:20.114+0000] {dagbag.py:588} INFO - Filling up the DagBag from /home/airflow/.local/lib/python3.12/site-packages/airflow/example_dags/tutorial.py
[2025-07-01T21:16:20.128+0000] {processor.py:925} INFO - DAG(s) 'tutorial' retrieved from /home/airflow/.local/lib/python3.12/site-packages/airflow/example_dags/tutorial.py
[2025-07-01T21:16:20.163+0000] {logging_mixin.py:190} INFO - [2025-07-01T21:16:20.163+0000] {dag.py:3239} INFO - Sync 1 DAGs
[2025-07-01T21:16:20.220+0000] {logging_mixin.py:190} INFO - [2025-07-01T21:16:20.220+0000] {dag.py:4180} INFO - Setting next_dagrun for tutorial to 2025-06-30 00:00:00+00:00, run_after=2025-07-01 00:00:00+00:00
[2025-07-01T21:16:20.260+0000] {processor.py:208} INFO - Processing /home/airflow/.local/lib/python3.12/site-packages/airflow/example_dags/tutorial.py took 0.162 seconds
[2025-07-01T21:16:50.570+0000] {processor.py:186} INFO - Started process (PID=1416) to work on /home/airflow/.local/lib/python3.12/site-packages/airflow/example_dags/tutorial.py
[2025-07-01T21:16:50.577+0000] {processor.py:914} INFO - Processing file /home/airflow/.local/lib/python3.12/site-packages/airflow/example_dags/tutorial.py for tasks to queue
[2025-07-01T21:16:50.580+0000] {logging_mixin.py:190} INFO - [2025-07-01T21:16:50.579+0000] {dagbag.py:588} INFO - Filling up the DagBag from /home/airflow/.local/lib/python3.12/site-packages/airflow/example_dags/tutorial.py
[2025-07-01T21:16:50.589+0000] {processor.py:925} INFO - DAG(s) 'tutorial' retrieved from /home/airflow/.local/lib/python3.12/site-packages/airflow/example_dags/tutorial.py
[2025-07-01T21:16:50.614+0000] {logging_mixin.py:190} INFO - [2025-07-01T21:16:50.614+0000] {dag.py:3239} INFO - Sync 1 DAGs
[2025-07-01T21:16:50.639+0000] {logging_mixin.py:190} INFO - [2025-07-01T21:16:50.639+0000] {dag.py:4180} INFO - Setting next_dagrun for tutorial to 2025-06-30 00:00:00+00:00, run_after=2025-07-01 00:00:00+00:00
[2025-07-01T21:16:50.661+0000] {processor.py:208} INFO - Processing /home/airflow/.local/lib/python3.12/site-packages/airflow/example_dags/tutorial.py took 0.098 seconds
[2025-07-01T21:17:20.934+0000] {processor.py:186} INFO - Started process (PID=1479) to work on /home/airflow/.local/lib/python3.12/site-packages/airflow/example_dags/tutorial.py
[2025-07-01T21:17:20.939+0000] {processor.py:914} INFO - Processing file /home/airflow/.local/lib/python3.12/site-packages/airflow/example_dags/tutorial.py for tasks to queue
[2025-07-01T21:17:20.949+0000] {logging_mixin.py:190} INFO - [2025-07-01T21:17:20.948+0000] {dagbag.py:588} INFO - Filling up the DagBag from /home/airflow/.local/lib/python3.12/site-packages/airflow/example_dags/tutorial.py
[2025-07-01T21:17:20.964+0000] {processor.py:925} INFO - DAG(s) 'tutorial' retrieved from /home/airflow/.local/lib/python3.12/site-packages/airflow/example_dags/tutorial.py
[2025-07-01T21:17:21.006+0000] {logging_mixin.py:190} INFO - [2025-07-01T21:17:21.006+0000] {dag.py:3239} INFO - Sync 1 DAGs
[2025-07-01T21:17:21.042+0000] {logging_mixin.py:190} INFO - [2025-07-01T21:17:21.041+0000] {dag.py:4180} INFO - Setting next_dagrun for tutorial to 2025-06-30 00:00:00+00:00, run_after=2025-07-01 00:00:00+00:00
[2025-07-01T21:17:21.064+0000] {processor.py:208} INFO - Processing /home/airflow/.local/lib/python3.12/site-packages/airflow/example_dags/tutorial.py took 0.165 seconds
[2025-07-01T21:17:51.354+0000] {processor.py:186} INFO - Started process (PID=1542) to work on /home/airflow/.local/lib/python3.12/site-packages/airflow/example_dags/tutorial.py
[2025-07-01T21:17:51.356+0000] {processor.py:914} INFO - Processing file /home/airflow/.local/lib/python3.12/site-packages/airflow/example_dags/tutorial.py for tasks to queue
[2025-07-01T21:17:51.364+0000] {logging_mixin.py:190} INFO - [2025-07-01T21:17:51.364+0000] {dagbag.py:588} INFO - Filling up the DagBag from /home/airflow/.local/lib/python3.12/site-packages/airflow/example_dags/tutorial.py
[2025-07-01T21:17:51.382+0000] {processor.py:925} INFO - DAG(s) 'tutorial' retrieved from /home/airflow/.local/lib/python3.12/site-packages/airflow/example_dags/tutorial.py
[2025-07-01T21:17:51.424+0000] {logging_mixin.py:190} INFO - [2025-07-01T21:17:51.423+0000] {dag.py:3239} INFO - Sync 1 DAGs
[2025-07-01T21:17:51.473+0000] {logging_mixin.py:190} INFO - [2025-07-01T21:17:51.472+0000] {dag.py:4180} INFO - Setting next_dagrun for tutorial to 2025-06-30 00:00:00+00:00, run_after=2025-07-01 00:00:00+00:00
[2025-07-01T21:17:51.501+0000] {processor.py:208} INFO - Processing /home/airflow/.local/lib/python3.12/site-packages/airflow/example_dags/tutorial.py took 0.169 seconds
[2025-07-01T21:18:21.761+0000] {processor.py:186} INFO - Started process (PID=1605) to work on /home/airflow/.local/lib/python3.12/site-packages/airflow/example_dags/tutorial.py
[2025-07-01T21:18:21.768+0000] {processor.py:914} INFO - Processing file /home/airflow/.local/lib/python3.12/site-packages/airflow/example_dags/tutorial.py for tasks to queue
[2025-07-01T21:18:21.771+0000] {logging_mixin.py:190} INFO - [2025-07-01T21:18:21.770+0000] {dagbag.py:588} INFO - Filling up the DagBag from /home/airflow/.local/lib/python3.12/site-packages/airflow/example_dags/tutorial.py
[2025-07-01T21:18:21.780+0000] {processor.py:925} INFO - DAG(s) 'tutorial' retrieved from /home/airflow/.local/lib/python3.12/site-packages/airflow/example_dags/tutorial.py
[2025-07-01T21:18:21.806+0000] {logging_mixin.py:190} INFO - [2025-07-01T21:18:21.806+0000] {dag.py:3239} INFO - Sync 1 DAGs
[2025-07-01T21:18:21.851+0000] {logging_mixin.py:190} INFO - [2025-07-01T21:18:21.851+0000] {dag.py:4180} INFO - Setting next_dagrun for tutorial to 2025-06-30 00:00:00+00:00, run_after=2025-07-01 00:00:00+00:00
[2025-07-01T21:18:21.878+0000] {processor.py:208} INFO - Processing /home/airflow/.local/lib/python3.12/site-packages/airflow/example_dags/tutorial.py took 0.123 seconds
[2025-07-01T21:18:52.078+0000] {processor.py:186} INFO - Started process (PID=1674) to work on /home/airflow/.local/lib/python3.12/site-packages/airflow/example_dags/tutorial.py
[2025-07-01T21:18:52.080+0000] {processor.py:914} INFO - Processing file /home/airflow/.local/lib/python3.12/site-packages/airflow/example_dags/tutorial.py for tasks to queue
[2025-07-01T21:18:52.086+0000] {logging_mixin.py:190} INFO - [2025-07-01T21:18:52.085+0000] {dagbag.py:588} INFO - Filling up the DagBag from /home/airflow/.local/lib/python3.12/site-packages/airflow/example_dags/tutorial.py
[2025-07-01T21:18:52.107+0000] {processor.py:925} INFO - DAG(s) 'tutorial' retrieved from /home/airflow/.local/lib/python3.12/site-packages/airflow/example_dags/tutorial.py
[2025-07-01T21:18:52.141+0000] {logging_mixin.py:190} INFO - [2025-07-01T21:18:52.140+0000] {dag.py:3239} INFO - Sync 1 DAGs
[2025-07-01T21:18:52.177+0000] {logging_mixin.py:190} INFO - [2025-07-01T21:18:52.177+0000] {dag.py:4180} INFO - Setting next_dagrun for tutorial to 2025-06-30 00:00:00+00:00, run_after=2025-07-01 00:00:00+00:00
[2025-07-01T21:18:52.197+0000] {processor.py:208} INFO - Processing /home/airflow/.local/lib/python3.12/site-packages/airflow/example_dags/tutorial.py took 0.129 seconds
[2025-07-01T21:19:22.610+0000] {processor.py:186} INFO - Started process (PID=1737) to work on /home/airflow/.local/lib/python3.12/site-packages/airflow/example_dags/tutorial.py
[2025-07-01T21:19:22.611+0000] {processor.py:914} INFO - Processing file /home/airflow/.local/lib/python3.12/site-packages/airflow/example_dags/tutorial.py for tasks to queue
[2025-07-01T21:19:22.615+0000] {logging_mixin.py:190} INFO - [2025-07-01T21:19:22.614+0000] {dagbag.py:588} INFO - Filling up the DagBag from /home/airflow/.local/lib/python3.12/site-packages/airflow/example_dags/tutorial.py
[2025-07-01T21:19:22.630+0000] {processor.py:925} INFO - DAG(s) 'tutorial' retrieved from /home/airflow/.local/lib/python3.12/site-packages/airflow/example_dags/tutorial.py
[2025-07-01T21:19:22.654+0000] {logging_mixin.py:190} INFO - [2025-07-01T21:19:22.653+0000] {dag.py:3239} INFO - Sync 1 DAGs
[2025-07-01T21:19:22.685+0000] {logging_mixin.py:190} INFO - [2025-07-01T21:19:22.685+0000] {dag.py:4180} INFO - Setting next_dagrun for tutorial to 2025-06-30 00:00:00+00:00, run_after=2025-07-01 00:00:00+00:00
[2025-07-01T21:19:22.715+0000] {processor.py:208} INFO - Processing /home/airflow/.local/lib/python3.12/site-packages/airflow/example_dags/tutorial.py took 0.113 seconds
[2025-07-01T21:19:53.717+0000] {processor.py:186} INFO - Started process (PID=1800) to work on /home/airflow/.local/lib/python3.12/site-packages/airflow/example_dags/tutorial.py
[2025-07-01T21:19:53.719+0000] {processor.py:914} INFO - Processing file /home/airflow/.local/lib/python3.12/site-packages/airflow/example_dags/tutorial.py for tasks to queue
[2025-07-01T21:19:53.722+0000] {logging_mixin.py:190} INFO - [2025-07-01T21:19:53.722+0000] {dagbag.py:588} INFO - Filling up the DagBag from /home/airflow/.local/lib/python3.12/site-packages/airflow/example_dags/tutorial.py
[2025-07-01T21:19:53.735+0000] {processor.py:925} INFO - DAG(s) 'tutorial' retrieved from /home/airflow/.local/lib/python3.12/site-packages/airflow/example_dags/tutorial.py
[2025-07-01T21:19:53.769+0000] {logging_mixin.py:190} INFO - [2025-07-01T21:19:53.769+0000] {dag.py:3239} INFO - Sync 1 DAGs
[2025-07-01T21:19:53.808+0000] {logging_mixin.py:190} INFO - [2025-07-01T21:19:53.807+0000] {dag.py:4180} INFO - Setting next_dagrun for tutorial to 2025-06-30 00:00:00+00:00, run_after=2025-07-01 00:00:00+00:00
[2025-07-01T21:19:53.836+0000] {processor.py:208} INFO - Processing /home/airflow/.local/lib/python3.12/site-packages/airflow/example_dags/tutorial.py took 0.129 seconds
[2025-07-01T21:20:24.867+0000] {processor.py:186} INFO - Started process (PID=1863) to work on /home/airflow/.local/lib/python3.12/site-packages/airflow/example_dags/tutorial.py
[2025-07-01T21:20:24.868+0000] {processor.py:914} INFO - Processing file /home/airflow/.local/lib/python3.12/site-packages/airflow/example_dags/tutorial.py for tasks to queue
[2025-07-01T21:20:24.872+0000] {logging_mixin.py:190} INFO - [2025-07-01T21:20:24.872+0000] {dagbag.py:588} INFO - Filling up the DagBag from /home/airflow/.local/lib/python3.12/site-packages/airflow/example_dags/tutorial.py
[2025-07-01T21:20:24.885+0000] {processor.py:925} INFO - DAG(s) 'tutorial' retrieved from /home/airflow/.local/lib/python3.12/site-packages/airflow/example_dags/tutorial.py
[2025-07-01T21:20:24.916+0000] {logging_mixin.py:190} INFO - [2025-07-01T21:20:24.915+0000] {dag.py:3239} INFO - Sync 1 DAGs
[2025-07-01T21:20:24.956+0000] {logging_mixin.py:190} INFO - [2025-07-01T21:20:24.956+0000] {dag.py:4180} INFO - Setting next_dagrun for tutorial to 2025-06-30 00:00:00+00:00, run_after=2025-07-01 00:00:00+00:00
[2025-07-01T21:20:24.983+0000] {processor.py:208} INFO - Processing /home/airflow/.local/lib/python3.12/site-packages/airflow/example_dags/tutorial.py took 0.126 seconds
[2025-07-01T21:20:56.406+0000] {processor.py:186} INFO - Started process (PID=1926) to work on /home/airflow/.local/lib/python3.12/site-packages/airflow/example_dags/tutorial.py
[2025-07-01T21:20:56.407+0000] {processor.py:914} INFO - Processing file /home/airflow/.local/lib/python3.12/site-packages/airflow/example_dags/tutorial.py for tasks to queue
[2025-07-01T21:20:56.409+0000] {logging_mixin.py:190} INFO - [2025-07-01T21:20:56.409+0000] {dagbag.py:588} INFO - Filling up the DagBag from /home/airflow/.local/lib/python3.12/site-packages/airflow/example_dags/tutorial.py
[2025-07-01T21:20:56.420+0000] {processor.py:925} INFO - DAG(s) 'tutorial' retrieved from /home/airflow/.local/lib/python3.12/site-packages/airflow/example_dags/tutorial.py
[2025-07-01T21:20:56.449+0000] {logging_mixin.py:190} INFO - [2025-07-01T21:20:56.448+0000] {dag.py:3239} INFO - Sync 1 DAGs
[2025-07-01T21:20:56.477+0000] {logging_mixin.py:190} INFO - [2025-07-01T21:20:56.476+0000] {dag.py:4180} INFO - Setting next_dagrun for tutorial to 2025-06-30 00:00:00+00:00, run_after=2025-07-01 00:00:00+00:00
[2025-07-01T21:20:56.498+0000] {processor.py:208} INFO - Processing /home/airflow/.local/lib/python3.12/site-packages/airflow/example_dags/tutorial.py took 0.099 seconds
[2025-07-01T21:21:27.120+0000] {processor.py:186} INFO - Started process (PID=1989) to work on /home/airflow/.local/lib/python3.12/site-packages/airflow/example_dags/tutorial.py
[2025-07-01T21:21:27.121+0000] {processor.py:914} INFO - Processing file /home/airflow/.local/lib/python3.12/site-packages/airflow/example_dags/tutorial.py for tasks to queue
[2025-07-01T21:21:27.124+0000] {logging_mixin.py:190} INFO - [2025-07-01T21:21:27.123+0000] {dagbag.py:588} INFO - Filling up the DagBag from /home/airflow/.local/lib/python3.12/site-packages/airflow/example_dags/tutorial.py
[2025-07-01T21:21:27.136+0000] {processor.py:925} INFO - DAG(s) 'tutorial' retrieved from /home/airflow/.local/lib/python3.12/site-packages/airflow/example_dags/tutorial.py
[2025-07-01T21:21:27.163+0000] {logging_mixin.py:190} INFO - [2025-07-01T21:21:27.163+0000] {dag.py:3239} INFO - Sync 1 DAGs
[2025-07-01T21:21:27.198+0000] {logging_mixin.py:190} INFO - [2025-07-01T21:21:27.197+0000] {dag.py:4180} INFO - Setting next_dagrun for tutorial to 2025-06-30 00:00:00+00:00, run_after=2025-07-01 00:00:00+00:00
[2025-07-01T21:21:27.223+0000] {processor.py:208} INFO - Processing /home/airflow/.local/lib/python3.12/site-packages/airflow/example_dags/tutorial.py took 0.110 seconds
[2025-07-01T21:21:58.625+0000] {processor.py:186} INFO - Started process (PID=2052) to work on /home/airflow/.local/lib/python3.12/site-packages/airflow/example_dags/tutorial.py
[2025-07-01T21:21:58.626+0000] {processor.py:914} INFO - Processing file /home/airflow/.local/lib/python3.12/site-packages/airflow/example_dags/tutorial.py for tasks to queue
[2025-07-01T21:21:58.629+0000] {logging_mixin.py:190} INFO - [2025-07-01T21:21:58.628+0000] {dagbag.py:588} INFO - Filling up the DagBag from /home/airflow/.local/lib/python3.12/site-packages/airflow/example_dags/tutorial.py
[2025-07-01T21:21:58.638+0000] {processor.py:925} INFO - DAG(s) 'tutorial' retrieved from /home/airflow/.local/lib/python3.12/site-packages/airflow/example_dags/tutorial.py
[2025-07-01T21:21:58.664+0000] {logging_mixin.py:190} INFO - [2025-07-01T21:21:58.664+0000] {dag.py:3239} INFO - Sync 1 DAGs
[2025-07-01T21:21:58.692+0000] {logging_mixin.py:190} INFO - [2025-07-01T21:21:58.692+0000] {dag.py:4180} INFO - Setting next_dagrun for tutorial to 2025-06-30 00:00:00+00:00, run_after=2025-07-01 00:00:00+00:00
[2025-07-01T21:21:58.718+0000] {processor.py:208} INFO - Processing /home/airflow/.local/lib/python3.12/site-packages/airflow/example_dags/tutorial.py took 0.103 seconds
[2025-07-01T21:22:29.936+0000] {processor.py:186} INFO - Started process (PID=2115) to work on /home/airflow/.local/lib/python3.12/site-packages/airflow/example_dags/tutorial.py
[2025-07-01T21:22:29.939+0000] {processor.py:914} INFO - Processing file /home/airflow/.local/lib/python3.12/site-packages/airflow/example_dags/tutorial.py for tasks to queue
[2025-07-01T21:22:29.942+0000] {logging_mixin.py:190} INFO - [2025-07-01T21:22:29.942+0000] {dagbag.py:588} INFO - Filling up the DagBag from /home/airflow/.local/lib/python3.12/site-packages/airflow/example_dags/tutorial.py
[2025-07-01T21:22:29.958+0000] {processor.py:925} INFO - DAG(s) 'tutorial' retrieved from /home/airflow/.local/lib/python3.12/site-packages/airflow/example_dags/tutorial.py
[2025-07-01T21:22:29.987+0000] {logging_mixin.py:190} INFO - [2025-07-01T21:22:29.986+0000] {dag.py:3239} INFO - Sync 1 DAGs
[2025-07-01T21:22:30.030+0000] {logging_mixin.py:190} INFO - [2025-07-01T21:22:30.029+0000] {dag.py:4180} INFO - Setting next_dagrun for tutorial to 2025-06-30 00:00:00+00:00, run_after=2025-07-01 00:00:00+00:00
[2025-07-01T21:22:30.070+0000] {processor.py:208} INFO - Processing /home/airflow/.local/lib/python3.12/site-packages/airflow/example_dags/tutorial.py took 0.145 seconds
[2025-07-01T21:23:01.371+0000] {processor.py:186} INFO - Started process (PID=2178) to work on /home/airflow/.local/lib/python3.12/site-packages/airflow/example_dags/tutorial.py
[2025-07-01T21:23:01.373+0000] {processor.py:914} INFO - Processing file /home/airflow/.local/lib/python3.12/site-packages/airflow/example_dags/tutorial.py for tasks to queue
[2025-07-01T21:23:01.376+0000] {logging_mixin.py:190} INFO - [2025-07-01T21:23:01.376+0000] {dagbag.py:588} INFO - Filling up the DagBag from /home/airflow/.local/lib/python3.12/site-packages/airflow/example_dags/tutorial.py
[2025-07-01T21:23:01.386+0000] {processor.py:925} INFO - DAG(s) 'tutorial' retrieved from /home/airflow/.local/lib/python3.12/site-packages/airflow/example_dags/tutorial.py
[2025-07-01T21:23:01.411+0000] {logging_mixin.py:190} INFO - [2025-07-01T21:23:01.411+0000] {dag.py:3239} INFO - Sync 1 DAGs
[2025-07-01T21:23:01.443+0000] {logging_mixin.py:190} INFO - [2025-07-01T21:23:01.443+0000] {dag.py:4180} INFO - Setting next_dagrun for tutorial to 2025-06-30 00:00:00+00:00, run_after=2025-07-01 00:00:00+00:00
[2025-07-01T21:23:01.473+0000] {processor.py:208} INFO - Processing /home/airflow/.local/lib/python3.12/site-packages/airflow/example_dags/tutorial.py took 0.113 seconds
[2025-07-01T21:23:32.701+0000] {processor.py:186} INFO - Started process (PID=2241) to work on /home/airflow/.local/lib/python3.12/site-packages/airflow/example_dags/tutorial.py
[2025-07-01T21:23:32.702+0000] {processor.py:914} INFO - Processing file /home/airflow/.local/lib/python3.12/site-packages/airflow/example_dags/tutorial.py for tasks to queue
[2025-07-01T21:23:32.704+0000] {logging_mixin.py:190} INFO - [2025-07-01T21:23:32.704+0000] {dagbag.py:588} INFO - Filling up the DagBag from /home/airflow/.local/lib/python3.12/site-packages/airflow/example_dags/tutorial.py
[2025-07-01T21:23:32.713+0000] {processor.py:925} INFO - DAG(s) 'tutorial' retrieved from /home/airflow/.local/lib/python3.12/site-packages/airflow/example_dags/tutorial.py
[2025-07-01T21:23:32.734+0000] {logging_mixin.py:190} INFO - [2025-07-01T21:23:32.734+0000] {dag.py:3239} INFO - Sync 1 DAGs
[2025-07-01T21:23:32.759+0000] {logging_mixin.py:190} INFO - [2025-07-01T21:23:32.759+0000] {dag.py:4180} INFO - Setting next_dagrun for tutorial to 2025-06-30 00:00:00+00:00, run_after=2025-07-01 00:00:00+00:00
[2025-07-01T21:23:32.777+0000] {processor.py:208} INFO - Processing /home/airflow/.local/lib/python3.12/site-packages/airflow/example_dags/tutorial.py took 0.083 seconds
[2025-07-01T21:24:04.275+0000] {processor.py:186} INFO - Started process (PID=2304) to work on /home/airflow/.local/lib/python3.12/site-packages/airflow/example_dags/tutorial.py
[2025-07-01T21:24:04.276+0000] {processor.py:914} INFO - Processing file /home/airflow/.local/lib/python3.12/site-packages/airflow/example_dags/tutorial.py for tasks to queue
[2025-07-01T21:24:04.280+0000] {logging_mixin.py:190} INFO - [2025-07-01T21:24:04.279+0000] {dagbag.py:588} INFO - Filling up the DagBag from /home/airflow/.local/lib/python3.12/site-packages/airflow/example_dags/tutorial.py
[2025-07-01T21:24:04.291+0000] {processor.py:925} INFO - DAG(s) 'tutorial' retrieved from /home/airflow/.local/lib/python3.12/site-packages/airflow/example_dags/tutorial.py
[2025-07-01T21:24:04.314+0000] {logging_mixin.py:190} INFO - [2025-07-01T21:24:04.314+0000] {dag.py:3239} INFO - Sync 1 DAGs
[2025-07-01T21:24:04.342+0000] {logging_mixin.py:190} INFO - [2025-07-01T21:24:04.342+0000] {dag.py:4180} INFO - Setting next_dagrun for tutorial to 2025-06-30 00:00:00+00:00, run_after=2025-07-01 00:00:00+00:00
[2025-07-01T21:24:04.362+0000] {processor.py:208} INFO - Processing /home/airflow/.local/lib/python3.12/site-packages/airflow/example_dags/tutorial.py took 0.094 seconds
