[2025-07-08T18:10:16.513+0000] {local_task_job_runner.py:123} INFO - ::group::Pre task execution logs
[2025-07-08T18:10:16.537+0000] {taskinstance.py:2612} INFO - Dependencies all met for dep_context=non-requeueable deps ti=<TaskInstance: extract_raw_data_pipeline.run_dbt_trusted manual__2025-07-08T18:10:00.574630+00:00 [queued]>
[2025-07-08T18:10:16.549+0000] {taskinstance.py:2612} INFO - Dependencies all met for dep_context=requeueable deps ti=<TaskInstance: extract_raw_data_pipeline.run_dbt_trusted manual__2025-07-08T18:10:00.574630+00:00 [queued]>
[2025-07-08T18:10:16.550+0000] {taskinstance.py:2865} INFO - Starting attempt 1 of 1
[2025-07-08T18:10:16.573+0000] {taskinstance.py:2888} INFO - Executing <Task(BashOperator): run_dbt_trusted> on 2025-07-08 18:10:00.574630+00:00
[2025-07-08T18:10:16.591+0000] {standard_task_runner.py:104} INFO - Running: ['***', 'tasks', 'run', 'extract_raw_data_pipeline', 'run_dbt_trusted', 'manual__2025-07-08T18:10:00.574630+00:00', '--job-id', '28', '--raw', '--subdir', 'DAGS_FOLDER/driven_data_pipeline.py', '--cfg-path', '/tmp/tmpayphcvi_']
[2025-07-08T18:10:16.593+0000] {standard_task_runner.py:105} INFO - Job 28: Subtask run_dbt_trusted
[2025-07-08T18:10:16.583+0000] {warnings.py:112} WARNING - /home/***/.local/lib/python3.12/site-packages/***/task/task_runner/standard_task_runner.py:70: DeprecationWarning: This process (pid=145) is multi-threaded, use of fork() may lead to deadlocks in the child.
  pid = os.fork()

[2025-07-08T18:10:16.594+0000] {standard_task_runner.py:72} INFO - Started process 147 to run task
[2025-07-08T18:10:16.692+0000] {task_command.py:467} INFO - Running <TaskInstance: extract_raw_data_pipeline.run_dbt_trusted manual__2025-07-08T18:10:00.574630+00:00 [running]> on host 917dc2509604
[2025-07-08T18:10:16.840+0000] {taskinstance.py:3131} INFO - Exporting env vars: AIRFLOW_CTX_DAG_OWNER='***' AIRFLOW_CTX_DAG_ID='extract_raw_data_pipeline' AIRFLOW_CTX_TASK_ID='run_dbt_trusted' AIRFLOW_CTX_EXECUTION_DATE='2025-07-08T18:10:00.574630+00:00' AIRFLOW_CTX_TRY_NUMBER='1' AIRFLOW_CTX_DAG_RUN_ID='manual__2025-07-08T18:10:00.574630+00:00'
[2025-07-08T18:10:16.841+0000] {taskinstance.py:731} INFO - ::endgroup::
[2025-07-08T18:10:16.866+0000] {subprocess.py:63} INFO - Tmp dir root location: /tmp
[2025-07-08T18:10:16.866+0000] {subprocess.py:75} INFO - Running command: ['/usr/bin/bash', '-c', 'set -x; cd /opt/***/dbt && dbt run --select tag:trusted']
[2025-07-08T18:10:16.887+0000] {subprocess.py:86} INFO - Output:
[2025-07-08T18:10:16.890+0000] {subprocess.py:93} INFO - + cd /opt/***/dbt
[2025-07-08T18:10:16.890+0000] {subprocess.py:93} INFO - + dbt run --select tag:trusted
[2025-07-08T18:10:21.210+0000] {subprocess.py:93} INFO - [0m18:10:21  Running with dbt=1.8.0
[2025-07-08T18:10:21.587+0000] {subprocess.py:93} INFO - [0m18:10:21  Registered adapter: postgres=1.8.2
[2025-07-08T18:10:22.223+0000] {subprocess.py:93} INFO - [0m18:10:22  Found 9 models, 7 sources, 428 macros
[2025-07-08T18:10:22.226+0000] {subprocess.py:93} INFO - [0m18:10:22
[2025-07-08T18:10:22.393+0000] {subprocess.py:93} INFO - [0m18:10:22  Concurrency: 1 threads (target='dev')
[2025-07-08T18:10:22.395+0000] {subprocess.py:93} INFO - [0m18:10:22
[2025-07-08T18:10:22.411+0000] {subprocess.py:93} INFO - [0m18:10:22  1 of 4 START sql table model driven_trusted.non_pii_data ....................... [RUN]
[2025-07-08T18:10:22.589+0000] {subprocess.py:93} INFO - [0m18:10:22  1 of 4 OK created sql table model driven_trusted.non_pii_data .................. [[32mSELECT 0[0m in 0.17s]
[2025-07-08T18:10:22.593+0000] {subprocess.py:93} INFO - [0m18:10:22  2 of 4 START sql table model driven_trusted.payment_data ....................... [RUN]
[2025-07-08T18:10:22.655+0000] {subprocess.py:93} INFO - [0m18:10:22  2 of 4 OK created sql table model driven_trusted.payment_data .................. [[32mSELECT 0[0m in 0.06s]
[2025-07-08T18:10:22.658+0000] {subprocess.py:93} INFO - [0m18:10:22  3 of 4 START sql table model driven_trusted.pii_data ........................... [RUN]
[2025-07-08T18:10:22.738+0000] {subprocess.py:93} INFO - [0m18:10:22  3 of 4 OK created sql table model driven_trusted.pii_data ...................... [[32mSELECT 0[0m in 0.08s]
[2025-07-08T18:10:22.741+0000] {subprocess.py:93} INFO - [0m18:10:22  4 of 4 START sql table model driven_trusted.technical_data ..................... [RUN]
[2025-07-08T18:10:22.806+0000] {subprocess.py:93} INFO - [0m18:10:22  4 of 4 OK created sql table model driven_trusted.technical_data ................ [[32mSELECT 0[0m in 0.06s]
[2025-07-08T18:10:22.822+0000] {subprocess.py:93} INFO - [0m18:10:22
[2025-07-08T18:10:22.822+0000] {subprocess.py:93} INFO - [0m18:10:22  Finished running 4 table models in 0 hours 0 minutes and 0.59 seconds (0.59s).
[2025-07-08T18:10:22.871+0000] {subprocess.py:93} INFO - [0m18:10:22
[2025-07-08T18:10:22.872+0000] {subprocess.py:93} INFO - [0m18:10:22  [32mCompleted successfully[0m
[2025-07-08T18:10:22.873+0000] {subprocess.py:93} INFO - [0m18:10:22
[2025-07-08T18:10:22.874+0000] {subprocess.py:93} INFO - [0m18:10:22  Done. PASS=4 WARN=0 ERROR=0 SKIP=0 TOTAL=4
[2025-07-08T18:10:23.591+0000] {subprocess.py:97} INFO - Command exited with return code 0
[2025-07-08T18:10:23.624+0000] {taskinstance.py:340} INFO - ::group::Post task execution logs
[2025-07-08T18:10:23.625+0000] {taskinstance.py:352} INFO - Marking task as SUCCESS. dag_id=extract_raw_data_pipeline, task_id=run_dbt_trusted, run_id=manual__2025-07-08T18:10:00.574630+00:00, execution_date=20250708T181000, start_date=20250708T181016, end_date=20250708T181023
[2025-07-08T18:10:23.652+0000] {local_task_job_runner.py:266} INFO - Task exited with return code 0
[2025-07-08T18:10:23.669+0000] {taskinstance.py:3900} INFO - 0 downstream tasks scheduled from follow-on schedule check
[2025-07-08T18:10:23.671+0000] {local_task_job_runner.py:245} INFO - ::endgroup::
