[2025-07-01T22:36:29.883+0000] {local_task_job_runner.py:123} INFO - ::group::Pre task execution logs
[2025-07-01T22:36:29.941+0000] {taskinstance.py:2612} INFO - Dependencies all met for dep_context=non-requeueable deps ti=<TaskInstance: extract_raw_data_pipeline.create_raw_schema manual__2025-07-01T22:36:27.890953+00:00 [queued]>
[2025-07-01T22:36:29.962+0000] {taskinstance.py:2612} INFO - Dependencies all met for dep_context=requeueable deps ti=<TaskInstance: extract_raw_data_pipeline.create_raw_schema manual__2025-07-01T22:36:27.890953+00:00 [queued]>
[2025-07-01T22:36:29.964+0000] {taskinstance.py:2865} INFO - Starting attempt 1 of 1
[2025-07-01T22:36:30.036+0000] {taskinstance.py:2888} INFO - Executing <Task(SQLExecuteQueryOperator): create_raw_schema> on 2025-07-01 22:36:27.890953+00:00
[2025-07-01T22:36:30.053+0000] {warnings.py:112} WARNING - /home/***/.local/lib/python3.12/site-packages/***/task/task_runner/standard_task_runner.py:70: DeprecationWarning: This process (pid=826) is multi-threaded, use of fork() may lead to deadlocks in the child.
  pid = os.fork()

[2025-07-01T22:36:30.056+0000] {standard_task_runner.py:72} INFO - Started process 831 to run task
[2025-07-01T22:36:30.059+0000] {standard_task_runner.py:104} INFO - Running: ['***', 'tasks', 'run', 'extract_raw_data_pipeline', 'create_raw_schema', 'manual__2025-07-01T22:36:27.890953+00:00', '--job-id', '47', '--raw', '--subdir', 'DAGS_FOLDER/driven_data_pipeline.py', '--cfg-path', '/tmp/tmpx6ivht6_']
[2025-07-01T22:36:30.065+0000] {standard_task_runner.py:105} INFO - Job 47: Subtask create_raw_schema
[2025-07-01T22:36:30.211+0000] {task_command.py:467} INFO - Running <TaskInstance: extract_raw_data_pipeline.create_raw_schema manual__2025-07-01T22:36:27.890953+00:00 [running]> on host bfb002712f87
[2025-07-01T22:36:30.428+0000] {taskinstance.py:3131} INFO - Exporting env vars: AIRFLOW_CTX_DAG_OWNER='***' AIRFLOW_CTX_DAG_ID='extract_raw_data_pipeline' AIRFLOW_CTX_TASK_ID='create_raw_schema' AIRFLOW_CTX_EXECUTION_DATE='2025-07-01T22:36:27.890953+00:00' AIRFLOW_CTX_TRY_NUMBER='1' AIRFLOW_CTX_DAG_RUN_ID='manual__2025-07-01T22:36:27.890953+00:00'
[2025-07-01T22:36:30.429+0000] {taskinstance.py:731} INFO - ::endgroup::
[2025-07-01T22:36:30.460+0000] {sql.py:266} INFO - Executing: CREATE SCHEMA IF NOT EXISTS driven_raw;
[2025-07-01T22:36:30.494+0000] {base.py:84} INFO - Retrieving connection 'postgres_conn'
[2025-07-01T22:36:30.520+0000] {base.py:84} INFO - Retrieving connection 'postgres_conn'
[2025-07-01T22:36:30.531+0000] {sql.py:509} INFO - Running statement: CREATE SCHEMA IF NOT EXISTS driven_raw;, parameters: None
[2025-07-01T22:36:30.567+0000] {taskinstance.py:340} INFO - ::group::Post task execution logs
[2025-07-01T22:36:30.567+0000] {taskinstance.py:352} INFO - Marking task as SUCCESS. dag_id=extract_raw_data_pipeline, task_id=create_raw_schema, run_id=manual__2025-07-01T22:36:27.890953+00:00, execution_date=20250701T223627, start_date=20250701T223629, end_date=20250701T223630
[2025-07-01T22:36:30.612+0000] {local_task_job_runner.py:266} INFO - Task exited with return code 0
[2025-07-01T22:36:30.689+0000] {taskinstance.py:3900} INFO - 0 downstream tasks scheduled from follow-on schedule check
[2025-07-01T22:36:30.694+0000] {local_task_job_runner.py:245} INFO - ::endgroup::
