[2025-07-01T22:36:29.723+0000] {local_task_job_runner.py:123} INFO - ::group::Pre task execution logs
[2025-07-01T22:36:29.800+0000] {taskinstance.py:2612} INFO - Dependencies all met for dep_context=non-requeueable deps ti=<TaskInstance: extract_raw_data_pipeline.extract_raw_data manual__2025-07-01T22:36:27.890953+00:00 [queued]>
[2025-07-01T22:36:29.826+0000] {taskinstance.py:2612} INFO - Dependencies all met for dep_context=requeueable deps ti=<TaskInstance: extract_raw_data_pipeline.extract_raw_data manual__2025-07-01T22:36:27.890953+00:00 [queued]>
[2025-07-01T22:36:29.826+0000] {taskinstance.py:2865} INFO - Starting attempt 1 of 1
[2025-07-01T22:36:29.873+0000] {taskinstance.py:2888} INFO - Executing <Task(PythonOperator): extract_raw_data> on 2025-07-01 22:36:27.890953+00:00
[2025-07-01T22:36:29.890+0000] {warnings.py:112} WARNING - /home/***/.local/lib/python3.12/site-packages/***/task/task_runner/standard_task_runner.py:70: DeprecationWarning: This process (pid=825) is multi-threaded, use of fork() may lead to deadlocks in the child.
  pid = os.fork()

[2025-07-01T22:36:29.897+0000] {standard_task_runner.py:72} INFO - Started process 829 to run task
[2025-07-01T22:36:29.894+0000] {standard_task_runner.py:104} INFO - Running: ['***', 'tasks', 'run', 'extract_raw_data_pipeline', 'extract_raw_data', 'manual__2025-07-01T22:36:27.890953+00:00', '--job-id', '46', '--raw', '--subdir', 'DAGS_FOLDER/driven_data_pipeline.py', '--cfg-path', '/tmp/tmpk9p36wba']
[2025-07-01T22:36:29.906+0000] {standard_task_runner.py:105} INFO - Job 46: Subtask extract_raw_data
[2025-07-01T22:36:30.073+0000] {task_command.py:467} INFO - Running <TaskInstance: extract_raw_data_pipeline.extract_raw_data manual__2025-07-01T22:36:27.890953+00:00 [running]> on host bfb002712f87
[2025-07-01T22:36:30.300+0000] {taskinstance.py:3131} INFO - Exporting env vars: AIRFLOW_CTX_DAG_OWNER='***' AIRFLOW_CTX_DAG_ID='extract_raw_data_pipeline' AIRFLOW_CTX_TASK_ID='extract_raw_data' AIRFLOW_CTX_EXECUTION_DATE='2025-07-01T22:36:27.890953+00:00' AIRFLOW_CTX_TRY_NUMBER='1' AIRFLOW_CTX_DAG_RUN_ID='manual__2025-07-01T22:36:27.890953+00:00'
[2025-07-01T22:36:30.301+0000] {taskinstance.py:731} INFO - ::endgroup::
[2025-07-01T22:36:30.335+0000] {driven_data_pipeline.py:152} INFO - Started batch processing for 2025-07-01.
[2025-07-01T22:36:30.335+0000] {driven_data_pipeline.py:34} INFO - Created synthetic data for MX country code.
[2025-07-01T22:36:31.293+0000] {driven_data_pipeline.py:100} INFO - Written 1094 records to the CSV file.
[2025-07-01T22:36:31.318+0000] {driven_data_pipeline.py:123} INFO - Added UUID to the dataset.
[2025-07-01T22:36:31.327+0000] {driven_data_pipeline.py:144} INFO - Updated accessed timestamp.
[2025-07-01T22:36:31.327+0000] {driven_data_pipeline.py:160} INFO - Finished batch processing 2025-07-01.
[2025-07-01T22:36:31.328+0000] {python.py:240} INFO - Done. Returned value was: None
[2025-07-01T22:36:31.345+0000] {taskinstance.py:340} INFO - ::group::Post task execution logs
[2025-07-01T22:36:31.345+0000] {taskinstance.py:352} INFO - Marking task as SUCCESS. dag_id=extract_raw_data_pipeline, task_id=extract_raw_data, run_id=manual__2025-07-01T22:36:27.890953+00:00, execution_date=20250701T223627, start_date=20250701T223629, end_date=20250701T223631
[2025-07-01T22:36:31.381+0000] {local_task_job_runner.py:266} INFO - Task exited with return code 0
[2025-07-01T22:36:31.432+0000] {taskinstance.py:3900} INFO - 1 downstream tasks scheduled from follow-on schedule check
[2025-07-01T22:36:31.434+0000] {local_task_job_runner.py:245} INFO - ::endgroup::
