[2025-07-01T22:42:33.677+0000] {local_task_job_runner.py:123} INFO - ::group::Pre task execution logs
[2025-07-01T22:42:33.700+0000] {taskinstance.py:2612} INFO - Dependencies all met for dep_context=non-requeueable deps ti=<TaskInstance: extract_raw_data_pipeline.run_dbt_trusted manual__2025-07-01T22:42:14.199307+00:00 [queued]>
[2025-07-01T22:42:33.713+0000] {taskinstance.py:2612} INFO - Dependencies all met for dep_context=requeueable deps ti=<TaskInstance: extract_raw_data_pipeline.run_dbt_trusted manual__2025-07-01T22:42:14.199307+00:00 [queued]>
[2025-07-01T22:42:33.713+0000] {taskinstance.py:2865} INFO - Starting attempt 1 of 1
[2025-07-01T22:42:33.732+0000] {taskinstance.py:2888} INFO - Executing <Task(BashOperator): run_dbt_trusted> on 2025-07-01 22:42:14.199307+00:00
[2025-07-01T22:42:33.756+0000] {warnings.py:112} WARNING - /home/***/.local/lib/python3.12/site-packages/***/task/task_runner/standard_task_runner.py:70: DeprecationWarning: This process (pid=987) is multi-threaded, use of fork() may lead to deadlocks in the child.
  pid = os.fork()

[2025-07-01T22:42:33.763+0000] {standard_task_runner.py:72} INFO - Started process 989 to run task
[2025-07-01T22:42:33.765+0000] {standard_task_runner.py:104} INFO - Running: ['***', 'tasks', 'run', 'extract_raw_data_pipeline', 'run_dbt_trusted', 'manual__2025-07-01T22:42:14.199307+00:00', '--job-id', '60', '--raw', '--subdir', 'DAGS_FOLDER/driven_data_pipeline.py', '--cfg-path', '/tmp/tmp4r8w2us3']
[2025-07-01T22:42:33.771+0000] {standard_task_runner.py:105} INFO - Job 60: Subtask run_dbt_trusted
[2025-07-01T22:42:33.861+0000] {task_command.py:467} INFO - Running <TaskInstance: extract_raw_data_pipeline.run_dbt_trusted manual__2025-07-01T22:42:14.199307+00:00 [running]> on host bfb002712f87
[2025-07-01T22:42:33.965+0000] {taskinstance.py:3131} INFO - Exporting env vars: AIRFLOW_CTX_DAG_OWNER='***' AIRFLOW_CTX_DAG_ID='extract_raw_data_pipeline' AIRFLOW_CTX_TASK_ID='run_dbt_trusted' AIRFLOW_CTX_EXECUTION_DATE='2025-07-01T22:42:14.199307+00:00' AIRFLOW_CTX_TRY_NUMBER='1' AIRFLOW_CTX_DAG_RUN_ID='manual__2025-07-01T22:42:14.199307+00:00'
[2025-07-01T22:42:33.966+0000] {taskinstance.py:731} INFO - ::endgroup::
[2025-07-01T22:42:33.987+0000] {subprocess.py:63} INFO - Tmp dir root location: /tmp
[2025-07-01T22:42:33.987+0000] {subprocess.py:75} INFO - Running command: ['/usr/bin/bash', '-c', 'set -x; cd /opt/***/dbt && dbt run --select tag:trusted']
[2025-07-01T22:42:34.000+0000] {subprocess.py:86} INFO - Output:
[2025-07-01T22:42:34.004+0000] {subprocess.py:93} INFO - + cd /opt/***/dbt
[2025-07-01T22:42:34.004+0000] {subprocess.py:93} INFO - + dbt run --select tag:trusted
[2025-07-01T22:42:37.477+0000] {subprocess.py:93} INFO - [0m22:42:37  Running with dbt=1.8.0
[2025-07-01T22:42:37.864+0000] {subprocess.py:93} INFO - [0m22:42:37  Registered adapter: postgres=1.8.2
[2025-07-01T22:42:38.509+0000] {subprocess.py:93} INFO - [0m22:42:38  Found 9 models, 7 sources, 428 macros
[2025-07-01T22:42:38.513+0000] {subprocess.py:93} INFO - [0m22:42:38
[2025-07-01T22:42:38.721+0000] {subprocess.py:93} INFO - [0m22:42:38  Concurrency: 1 threads (target='dev')
[2025-07-01T22:42:38.723+0000] {subprocess.py:93} INFO - [0m22:42:38
[2025-07-01T22:42:38.740+0000] {subprocess.py:93} INFO - [0m22:42:38  1 of 4 START sql table model driven_trusted.non_pii_data ....................... [RUN]
[2025-07-01T22:42:38.913+0000] {subprocess.py:93} INFO - [0m22:42:38  1 of 4 OK created sql table model driven_trusted.non_pii_data .................. [[32mSELECT 0[0m in 0.17s]
[2025-07-01T22:42:38.915+0000] {subprocess.py:93} INFO - [0m22:42:38  2 of 4 START sql table model driven_trusted.payment_data ....................... [RUN]
[2025-07-01T22:42:38.969+0000] {subprocess.py:93} INFO - [0m22:42:38  2 of 4 OK created sql table model driven_trusted.payment_data .................. [[32mSELECT 0[0m in 0.05s]
[2025-07-01T22:42:38.974+0000] {subprocess.py:93} INFO - [0m22:42:38  3 of 4 START sql table model driven_trusted.pii_data ........................... [RUN]
[2025-07-01T22:42:39.033+0000] {subprocess.py:93} INFO - [0m22:42:39  3 of 4 OK created sql table model driven_trusted.pii_data ...................... [[32mSELECT 0[0m in 0.06s]
[2025-07-01T22:42:39.036+0000] {subprocess.py:93} INFO - [0m22:42:39  4 of 4 START sql table model driven_trusted.technical_data ..................... [RUN]
[2025-07-01T22:42:39.113+0000] {subprocess.py:93} INFO - [0m22:42:39  4 of 4 OK created sql table model driven_trusted.technical_data ................ [[32mSELECT 0[0m in 0.07s]
[2025-07-01T22:42:39.135+0000] {subprocess.py:93} INFO - [0m22:42:39
[2025-07-01T22:42:39.137+0000] {subprocess.py:93} INFO - [0m22:42:39  Finished running 4 table models in 0 hours 0 minutes and 0.62 seconds (0.62s).
[2025-07-01T22:42:39.198+0000] {subprocess.py:93} INFO - [0m22:42:39
[2025-07-01T22:42:39.199+0000] {subprocess.py:93} INFO - [0m22:42:39  [32mCompleted successfully[0m
[2025-07-01T22:42:39.200+0000] {subprocess.py:93} INFO - [0m22:42:39
[2025-07-01T22:42:39.201+0000] {subprocess.py:93} INFO - [0m22:42:39  Done. PASS=4 WARN=0 ERROR=0 SKIP=0 TOTAL=4
[2025-07-01T22:42:39.988+0000] {subprocess.py:97} INFO - Command exited with return code 0
[2025-07-01T22:42:40.024+0000] {taskinstance.py:340} INFO - ::group::Post task execution logs
[2025-07-01T22:42:40.024+0000] {taskinstance.py:352} INFO - Marking task as SUCCESS. dag_id=extract_raw_data_pipeline, task_id=run_dbt_trusted, run_id=manual__2025-07-01T22:42:14.199307+00:00, execution_date=20250701T224214, start_date=20250701T224233, end_date=20250701T224240
[2025-07-01T22:42:40.055+0000] {local_task_job_runner.py:266} INFO - Task exited with return code 0
[2025-07-01T22:42:40.074+0000] {taskinstance.py:3900} INFO - 0 downstream tasks scheduled from follow-on schedule check
[2025-07-01T22:42:40.075+0000] {local_task_job_runner.py:245} INFO - ::endgroup::
