[2025-07-08T19:08:56.911+0000] {local_task_job_runner.py:123} INFO - ::group::Pre task execution logs
[2025-07-08T19:08:56.931+0000] {taskinstance.py:2612} INFO - Dependencies all met for dep_context=non-requeueable deps ti=<TaskInstance: extract_raw_data_pipeline.run_dbt_staging manual__2025-07-08T19:08:46.327790+00:00 [queued]>
[2025-07-08T19:08:56.943+0000] {taskinstance.py:2612} INFO - Dependencies all met for dep_context=requeueable deps ti=<TaskInstance: extract_raw_data_pipeline.run_dbt_staging manual__2025-07-08T19:08:46.327790+00:00 [queued]>
[2025-07-08T19:08:56.944+0000] {taskinstance.py:2865} INFO - Starting attempt 1 of 1
[2025-07-08T19:08:56.961+0000] {taskinstance.py:2888} INFO - Executing <Task(BashOperator): run_dbt_staging> on 2025-07-08 19:08:46.327790+00:00
[2025-07-08T19:08:56.970+0000] {warnings.py:112} WARNING - /home/***/.local/lib/python3.12/site-packages/***/task/task_runner/standard_task_runner.py:70: DeprecationWarning: This process (pid=113) is multi-threaded, use of fork() may lead to deadlocks in the child.
  pid = os.fork()

[2025-07-08T19:08:56.971+0000] {standard_task_runner.py:72} INFO - Started process 115 to run task
[2025-07-08T19:08:56.972+0000] {standard_task_runner.py:104} INFO - Running: ['***', 'tasks', 'run', 'extract_raw_data_pipeline', 'run_dbt_staging', 'manual__2025-07-08T19:08:46.327790+00:00', '--job-id', '35', '--raw', '--subdir', 'DAGS_FOLDER/driven_data_pipeline.py', '--cfg-path', '/tmp/tmpqxh85t_c']
[2025-07-08T19:08:56.974+0000] {standard_task_runner.py:105} INFO - Job 35: Subtask run_dbt_staging
[2025-07-08T19:08:57.029+0000] {task_command.py:467} INFO - Running <TaskInstance: extract_raw_data_pipeline.run_dbt_staging manual__2025-07-08T19:08:46.327790+00:00 [running]> on host 0555b839831f
[2025-07-08T19:08:57.130+0000] {taskinstance.py:3131} INFO - Exporting env vars: AIRFLOW_CTX_DAG_OWNER='***' AIRFLOW_CTX_DAG_ID='extract_raw_data_pipeline' AIRFLOW_CTX_TASK_ID='run_dbt_staging' AIRFLOW_CTX_EXECUTION_DATE='2025-07-08T19:08:46.327790+00:00' AIRFLOW_CTX_TRY_NUMBER='1' AIRFLOW_CTX_DAG_RUN_ID='manual__2025-07-08T19:08:46.327790+00:00'
[2025-07-08T19:08:57.131+0000] {taskinstance.py:731} INFO - ::endgroup::
[2025-07-08T19:08:57.149+0000] {subprocess.py:63} INFO - Tmp dir root location: /tmp
[2025-07-08T19:08:57.150+0000] {subprocess.py:75} INFO - Running command: ['/usr/bin/bash', '-c', 'set -x; cd /opt/***/dbt && dbt run --select tag:staging']
[2025-07-08T19:08:57.163+0000] {subprocess.py:86} INFO - Output:
[2025-07-08T19:08:57.165+0000] {subprocess.py:93} INFO - + cd /opt/***/dbt
[2025-07-08T19:08:57.166+0000] {subprocess.py:93} INFO - + dbt run --select tag:staging
[2025-07-08T19:09:01.218+0000] {subprocess.py:93} INFO - [0m19:09:01  Running with dbt=1.8.0
[2025-07-08T19:09:01.643+0000] {subprocess.py:93} INFO - [0m19:09:01  Registered adapter: postgres=1.8.2
[2025-07-08T19:09:02.289+0000] {subprocess.py:93} INFO - [0m19:09:02  Found 9 models, 7 sources, 428 macros
[2025-07-08T19:09:02.292+0000] {subprocess.py:93} INFO - [0m19:09:02
[2025-07-08T19:09:02.466+0000] {subprocess.py:93} INFO - [0m19:09:02  Concurrency: 1 threads (target='dev')
[2025-07-08T19:09:02.467+0000] {subprocess.py:93} INFO - [0m19:09:02
[2025-07-08T19:09:02.482+0000] {subprocess.py:93} INFO - [0m19:09:02  1 of 5 START sql table model driven_staging.dim_address ........................ [RUN]
[2025-07-08T19:09:02.694+0000] {subprocess.py:93} INFO - [0m19:09:02  1 of 5 OK created sql table model driven_staging.dim_address ................... [[32mSELECT 1061[0m in 0.21s]
[2025-07-08T19:09:02.698+0000] {subprocess.py:93} INFO - [0m19:09:02  2 of 5 START sql table model driven_staging.dim_date ........................... [RUN]
[2025-07-08T19:09:02.761+0000] {subprocess.py:93} INFO - [0m19:09:02  2 of 5 OK created sql table model driven_staging.dim_date ...................... [[32mSELECT 1061[0m in 0.06s]
[2025-07-08T19:09:02.764+0000] {subprocess.py:93} INFO - [0m19:09:02  3 of 5 START sql table model driven_staging.dim_finance ........................ [RUN]
[2025-07-08T19:09:02.831+0000] {subprocess.py:93} INFO - [0m19:09:02  3 of 5 OK created sql table model driven_staging.dim_finance ................... [[32mSELECT 1061[0m in 0.06s]
[2025-07-08T19:09:02.835+0000] {subprocess.py:93} INFO - [0m19:09:02  4 of 5 START sql table model driven_staging.dim_person ......................... [RUN]
[2025-07-08T19:09:02.934+0000] {subprocess.py:93} INFO - [0m19:09:02  4 of 5 OK created sql table model driven_staging.dim_person .................... [[32mSELECT 1061[0m in 0.10s]
[2025-07-08T19:09:02.945+0000] {subprocess.py:93} INFO - [0m19:09:02  5 of 5 START sql table model driven_staging.fact_network_usage ................. [RUN]
[2025-07-08T19:09:03.053+0000] {subprocess.py:93} INFO - [0m19:09:03  5 of 5 OK created sql table model driven_staging.fact_network_usage ............ [[32mSELECT 1061[0m in 0.10s]
[2025-07-08T19:09:03.072+0000] {subprocess.py:93} INFO - [0m19:09:03
[2025-07-08T19:09:03.073+0000] {subprocess.py:93} INFO - [0m19:09:03  Finished running 5 table models in 0 hours 0 minutes and 0.78 seconds (0.78s).
[2025-07-08T19:09:03.129+0000] {subprocess.py:93} INFO - [0m19:09:03
[2025-07-08T19:09:03.130+0000] {subprocess.py:93} INFO - [0m19:09:03  [32mCompleted successfully[0m
[2025-07-08T19:09:03.132+0000] {subprocess.py:93} INFO - [0m19:09:03
[2025-07-08T19:09:03.133+0000] {subprocess.py:93} INFO - [0m19:09:03  Done. PASS=5 WARN=0 ERROR=0 SKIP=0 TOTAL=5
[2025-07-08T19:09:04.045+0000] {subprocess.py:97} INFO - Command exited with return code 0
[2025-07-08T19:09:04.084+0000] {taskinstance.py:340} INFO - ::group::Post task execution logs
[2025-07-08T19:09:04.085+0000] {taskinstance.py:352} INFO - Marking task as SUCCESS. dag_id=extract_raw_data_pipeline, task_id=run_dbt_staging, run_id=manual__2025-07-08T19:08:46.327790+00:00, execution_date=20250708T190846, start_date=20250708T190856, end_date=20250708T190904
[2025-07-08T19:09:04.143+0000] {local_task_job_runner.py:266} INFO - Task exited with return code 0
[2025-07-08T19:09:04.168+0000] {taskinstance.py:3900} INFO - 1 downstream tasks scheduled from follow-on schedule check
[2025-07-08T19:09:04.169+0000] {local_task_job_runner.py:245} INFO - ::endgroup::
