[2025-07-01T21:52:59.240+0000] {local_task_job_runner.py:123} INFO - ::group::Pre task execution logs
[2025-07-01T21:52:59.283+0000] {taskinstance.py:2612} INFO - Dependencies all met for dep_context=non-requeueable deps ti=<TaskInstance: extract_raw_data_pipeline.extract_raw_data manual__2025-07-01T21:52:55.381028+00:00 [queued]>
[2025-07-01T21:52:59.309+0000] {taskinstance.py:2612} INFO - Dependencies all met for dep_context=requeueable deps ti=<TaskInstance: extract_raw_data_pipeline.extract_raw_data manual__2025-07-01T21:52:55.381028+00:00 [queued]>
[2025-07-01T21:52:59.309+0000] {taskinstance.py:2865} INFO - Starting attempt 1 of 1
[2025-07-01T21:52:59.351+0000] {taskinstance.py:2888} INFO - Executing <Task(PythonOperator): extract_raw_data> on 2025-07-01 21:52:55.381028+00:00
[2025-07-01T21:52:59.369+0000] {warnings.py:112} WARNING - /home/***/.local/lib/python3.12/site-packages/***/task/task_runner/standard_task_runner.py:70: DeprecationWarning: This process (pid=62) is multi-threaded, use of fork() may lead to deadlocks in the child.
  pid = os.fork()

[2025-07-01T21:52:59.371+0000] {standard_task_runner.py:72} INFO - Started process 71 to run task
[2025-07-01T21:52:59.378+0000] {standard_task_runner.py:104} INFO - Running: ['***', 'tasks', 'run', 'extract_raw_data_pipeline', 'extract_raw_data', 'manual__2025-07-01T21:52:55.381028+00:00', '--job-id', '7', '--raw', '--subdir', 'DAGS_FOLDER/driven_data_pipeline.py', '--cfg-path', '/tmp/tmpae17yh76']
[2025-07-01T21:52:59.381+0000] {standard_task_runner.py:105} INFO - Job 7: Subtask extract_raw_data
[2025-07-01T21:52:59.575+0000] {task_command.py:467} INFO - Running <TaskInstance: extract_raw_data_pipeline.extract_raw_data manual__2025-07-01T21:52:55.381028+00:00 [running]> on host bfb002712f87
[2025-07-01T21:52:59.896+0000] {taskinstance.py:3131} INFO - Exporting env vars: AIRFLOW_CTX_DAG_OWNER='***' AIRFLOW_CTX_DAG_ID='extract_raw_data_pipeline' AIRFLOW_CTX_TASK_ID='extract_raw_data' AIRFLOW_CTX_EXECUTION_DATE='2025-07-01T21:52:55.381028+00:00' AIRFLOW_CTX_TRY_NUMBER='1' AIRFLOW_CTX_DAG_RUN_ID='manual__2025-07-01T21:52:55.381028+00:00'
[2025-07-01T21:52:59.898+0000] {taskinstance.py:731} INFO - ::endgroup::
[2025-07-01T21:52:59.976+0000] {driven_data_pipeline.py:143} INFO - Started batch processing for 2025-07-01.
[2025-07-01T21:52:59.976+0000] {driven_data_pipeline.py:34} INFO - Created synthetic data for MX country code.
[2025-07-01T21:53:01.793+0000] {driven_data_pipeline.py:100} INFO - Written 733 records to the CSV file.
[2025-07-01T21:53:01.826+0000] {driven_data_pipeline.py:116} INFO - Added UUID to the dataset.
[2025-07-01T21:53:01.838+0000] {driven_data_pipeline.py:135} INFO - Updated accessed timestamp.
[2025-07-01T21:53:01.838+0000] {driven_data_pipeline.py:151} INFO - Finished batch processing 2025-07-01.
[2025-07-01T21:53:01.839+0000] {python.py:240} INFO - Done. Returned value was: None
[2025-07-01T21:53:01.860+0000] {taskinstance.py:340} INFO - ::group::Post task execution logs
[2025-07-01T21:53:01.861+0000] {taskinstance.py:352} INFO - Marking task as SUCCESS. dag_id=extract_raw_data_pipeline, task_id=extract_raw_data, run_id=manual__2025-07-01T21:52:55.381028+00:00, execution_date=20250701T215255, start_date=20250701T215259, end_date=20250701T215301
[2025-07-01T21:53:01.902+0000] {local_task_job_runner.py:266} INFO - Task exited with return code 0
[2025-07-01T21:53:01.955+0000] {taskinstance.py:3900} INFO - 0 downstream tasks scheduled from follow-on schedule check
[2025-07-01T21:53:01.962+0000] {local_task_job_runner.py:245} INFO - ::endgroup::
