[2025-07-08T19:08:54.627+0000] {local_task_job_runner.py:123} INFO - ::group::Pre task execution logs
[2025-07-08T19:08:54.653+0000] {taskinstance.py:2612} INFO - Dependencies all met for dep_context=non-requeueable deps ti=<TaskInstance: extract_raw_data_pipeline.load_raw_data manual__2025-07-08T19:08:46.327790+00:00 [queued]>
[2025-07-08T19:08:54.666+0000] {taskinstance.py:2612} INFO - Dependencies all met for dep_context=requeueable deps ti=<TaskInstance: extract_raw_data_pipeline.load_raw_data manual__2025-07-08T19:08:46.327790+00:00 [queued]>
[2025-07-08T19:08:54.666+0000] {taskinstance.py:2865} INFO - Starting attempt 1 of 1
[2025-07-08T19:08:54.685+0000] {taskinstance.py:2888} INFO - Executing <Task(SQLExecuteQueryOperator): load_raw_data> on 2025-07-08 19:08:46.327790+00:00
[2025-07-08T19:08:54.693+0000] {warnings.py:112} WARNING - /home/***/.local/lib/python3.12/site-packages/***/task/task_runner/standard_task_runner.py:70: DeprecationWarning: This process (pid=109) is multi-threaded, use of fork() may lead to deadlocks in the child.
  pid = os.fork()

[2025-07-08T19:08:54.695+0000] {standard_task_runner.py:72} INFO - Started process 111 to run task
[2025-07-08T19:08:54.696+0000] {standard_task_runner.py:104} INFO - Running: ['***', 'tasks', 'run', 'extract_raw_data_pipeline', 'load_raw_data', 'manual__2025-07-08T19:08:46.327790+00:00', '--job-id', '34', '--raw', '--subdir', 'DAGS_FOLDER/driven_data_pipeline.py', '--cfg-path', '/tmp/tmp07vwy3ak']
[2025-07-08T19:08:54.699+0000] {standard_task_runner.py:105} INFO - Job 34: Subtask load_raw_data
[2025-07-08T19:08:54.759+0000] {task_command.py:467} INFO - Running <TaskInstance: extract_raw_data_pipeline.load_raw_data manual__2025-07-08T19:08:46.327790+00:00 [running]> on host 0555b839831f
[2025-07-08T19:08:54.868+0000] {taskinstance.py:3131} INFO - Exporting env vars: AIRFLOW_CTX_DAG_OWNER='***' AIRFLOW_CTX_DAG_ID='extract_raw_data_pipeline' AIRFLOW_CTX_TASK_ID='load_raw_data' AIRFLOW_CTX_EXECUTION_DATE='2025-07-08T19:08:46.327790+00:00' AIRFLOW_CTX_TRY_NUMBER='1' AIRFLOW_CTX_DAG_RUN_ID='manual__2025-07-08T19:08:46.327790+00:00'
[2025-07-08T19:08:54.869+0000] {taskinstance.py:731} INFO - ::endgroup::
[2025-07-08T19:08:54.887+0000] {sql.py:266} INFO - Executing: 
    DROP TABLE IF EXISTS driven_raw.raw_batch_data;
    CREATE TABLE driven_raw.raw_batch_data (
        person_name VARCHAR(100),
        user_name VARCHAR(100),
        email VARCHAR(100),
        personal_number NUMERIC, 
        birth_date VARCHAR(100), 
        address TEXT,
        phone VARCHAR(100), 
        mac_address VARCHAR(100),
        ip_address VARCHAR(100),
        iban VARCHAR(100),
        accessed_at TIMESTAMP,
        session_duration INT,
        download_speed INT,
        upload_speed INT,
        consumed_traffic INT,
        unique_id VARCHAR(100)
    );
    COPY driven_raw.raw_batch_data
    FROM '/opt/***/data/raw_data.csv'
    DELIMITER ',' CSV HEADER;
    
[2025-07-08T19:08:54.898+0000] {base.py:84} INFO - Retrieving connection 'postgres_conn'
[2025-07-08T19:08:54.909+0000] {base.py:84} INFO - Retrieving connection 'postgres_conn'
[2025-07-08T19:08:54.917+0000] {sql.py:509} INFO - Running statement: 
    DROP TABLE IF EXISTS driven_raw.raw_batch_data;
    CREATE TABLE driven_raw.raw_batch_data (
        person_name VARCHAR(100),
        user_name VARCHAR(100),
        email VARCHAR(100),
        personal_number NUMERIC, 
        birth_date VARCHAR(100), 
        address TEXT,
        phone VARCHAR(100), 
        mac_address VARCHAR(100),
        ip_address VARCHAR(100),
        iban VARCHAR(100),
        accessed_at TIMESTAMP,
        session_duration INT,
        download_speed INT,
        upload_speed INT,
        consumed_traffic INT,
        unique_id VARCHAR(100)
    );
    COPY driven_raw.raw_batch_data
    FROM '/opt/***/data/raw_data.csv'
    DELIMITER ',' CSV HEADER;
    , parameters: None
[2025-07-08T19:08:54.947+0000] {sql.py:518} INFO - Rows affected: 1061
[2025-07-08T19:08:54.972+0000] {taskinstance.py:340} INFO - ::group::Post task execution logs
[2025-07-08T19:08:54.973+0000] {taskinstance.py:352} INFO - Marking task as SUCCESS. dag_id=extract_raw_data_pipeline, task_id=load_raw_data, run_id=manual__2025-07-08T19:08:46.327790+00:00, execution_date=20250708T190846, start_date=20250708T190854, end_date=20250708T190854
[2025-07-08T19:08:55.032+0000] {local_task_job_runner.py:266} INFO - Task exited with return code 0
[2025-07-08T19:08:55.069+0000] {taskinstance.py:3900} INFO - 1 downstream tasks scheduled from follow-on schedule check
[2025-07-08T19:08:55.070+0000] {local_task_job_runner.py:245} INFO - ::endgroup::
