[2025-07-01T22:39:25.891+0000] {local_task_job_runner.py:123} INFO - ::group::Pre task execution logs
[2025-07-01T22:39:25.917+0000] {taskinstance.py:2612} INFO - Dependencies all met for dep_context=non-requeueable deps ti=<TaskInstance: extract_raw_data_pipeline.load_raw_data manual__2025-07-01T22:39:18.783059+00:00 [queued]>
[2025-07-01T22:39:25.927+0000] {taskinstance.py:2612} INFO - Dependencies all met for dep_context=requeueable deps ti=<TaskInstance: extract_raw_data_pipeline.load_raw_data manual__2025-07-01T22:39:18.783059+00:00 [queued]>
[2025-07-01T22:39:25.928+0000] {taskinstance.py:2865} INFO - Starting attempt 1 of 1
[2025-07-01T22:39:25.947+0000] {taskinstance.py:2888} INFO - Executing <Task(SQLExecuteQueryOperator): load_raw_data> on 2025-07-01 22:39:18.783059+00:00
[2025-07-01T22:39:25.957+0000] {warnings.py:112} WARNING - /home/***/.local/lib/python3.12/site-packages/***/task/task_runner/standard_task_runner.py:70: DeprecationWarning: This process (pid=896) is multi-threaded, use of fork() may lead to deadlocks in the child.
  pid = os.fork()

[2025-07-01T22:39:25.959+0000] {standard_task_runner.py:72} INFO - Started process 898 to run task
[2025-07-01T22:39:25.960+0000] {standard_task_runner.py:104} INFO - Running: ['***', 'tasks', 'run', 'extract_raw_data_pipeline', 'load_raw_data', 'manual__2025-07-01T22:39:18.783059+00:00', '--job-id', '53', '--raw', '--subdir', 'DAGS_FOLDER/driven_data_pipeline.py', '--cfg-path', '/tmp/tmp27f3t11_']
[2025-07-01T22:39:25.963+0000] {standard_task_runner.py:105} INFO - Job 53: Subtask load_raw_data
[2025-07-01T22:39:26.035+0000] {task_command.py:467} INFO - Running <TaskInstance: extract_raw_data_pipeline.load_raw_data manual__2025-07-01T22:39:18.783059+00:00 [running]> on host bfb002712f87
[2025-07-01T22:39:26.185+0000] {taskinstance.py:3131} INFO - Exporting env vars: AIRFLOW_CTX_DAG_OWNER='***' AIRFLOW_CTX_DAG_ID='extract_raw_data_pipeline' AIRFLOW_CTX_TASK_ID='load_raw_data' AIRFLOW_CTX_EXECUTION_DATE='2025-07-01T22:39:18.783059+00:00' AIRFLOW_CTX_TRY_NUMBER='1' AIRFLOW_CTX_DAG_RUN_ID='manual__2025-07-01T22:39:18.783059+00:00'
[2025-07-01T22:39:26.188+0000] {taskinstance.py:731} INFO - ::endgroup::
[2025-07-01T22:39:26.239+0000] {sql.py:266} INFO - Executing: 
    DROP TABLE IF EXISTS driven_raw.raw_batch_data;
    CREATE TABLE driven_raw.raw_batch_data (
        person_name VARCHAR(100),
        user_name VARCHAR(100),
        email VARCHAR(100),
        personal_number NUMERIC, 
        birth_date VARCHAR(100), 
        address TEXT,
        phone VARCHAR(100), 
        mac_address VARCHAR(100),
        ip_address VARCHAR(100),
        iban VARCHAR(100),
        accessed_at TIMESTAMP,
        session_duration INT,
        download_speed INT,
        upload_speed INT,
        consumed_traffic INT,
        unique_id VARCHAR(100)
    );
[2025-07-01T22:39:26.259+0000] {base.py:84} INFO - Retrieving connection 'postgres_conn'
[2025-07-01T22:39:26.290+0000] {base.py:84} INFO - Retrieving connection 'postgres_conn'
[2025-07-01T22:39:26.297+0000] {sql.py:509} INFO - Running statement: 
    DROP TABLE IF EXISTS driven_raw.raw_batch_data;
    CREATE TABLE driven_raw.raw_batch_data (
        person_name VARCHAR(100),
        user_name VARCHAR(100),
        email VARCHAR(100),
        personal_number NUMERIC, 
        birth_date VARCHAR(100), 
        address TEXT,
        phone VARCHAR(100), 
        mac_address VARCHAR(100),
        ip_address VARCHAR(100),
        iban VARCHAR(100),
        accessed_at TIMESTAMP,
        session_duration INT,
        download_speed INT,
        upload_speed INT,
        consumed_traffic INT,
        unique_id VARCHAR(100)
    );, parameters: None
[2025-07-01T22:39:26.367+0000] {taskinstance.py:340} INFO - ::group::Post task execution logs
[2025-07-01T22:39:26.368+0000] {taskinstance.py:352} INFO - Marking task as SUCCESS. dag_id=extract_raw_data_pipeline, task_id=load_raw_data, run_id=manual__2025-07-01T22:39:18.783059+00:00, execution_date=20250701T223918, start_date=20250701T223925, end_date=20250701T223926
[2025-07-01T22:39:26.423+0000] {local_task_job_runner.py:266} INFO - Task exited with return code 0
[2025-07-01T22:39:26.526+0000] {taskinstance.py:3900} INFO - 0 downstream tasks scheduled from follow-on schedule check
[2025-07-01T22:39:26.538+0000] {local_task_job_runner.py:245} INFO - ::endgroup::
