[2025-07-08T18:10:05.971+0000] {local_task_job_runner.py:123} INFO - ::group::Pre task execution logs
[2025-07-08T18:10:05.990+0000] {taskinstance.py:2612} INFO - Dependencies all met for dep_context=non-requeueable deps ti=<TaskInstance: extract_raw_data_pipeline.load_raw_data manual__2025-07-08T18:10:00.574630+00:00 [queued]>
[2025-07-08T18:10:06.000+0000] {taskinstance.py:2612} INFO - Dependencies all met for dep_context=requeueable deps ti=<TaskInstance: extract_raw_data_pipeline.load_raw_data manual__2025-07-08T18:10:00.574630+00:00 [queued]>
[2025-07-08T18:10:06.000+0000] {taskinstance.py:2865} INFO - Starting attempt 1 of 1
[2025-07-08T18:10:06.015+0000] {taskinstance.py:2888} INFO - Executing <Task(SQLExecuteQueryOperator): load_raw_data> on 2025-07-08 18:10:00.574630+00:00
[2025-07-08T18:10:06.023+0000] {warnings.py:112} WARNING - /home/***/.local/lib/python3.12/site-packages/***/task/task_runner/standard_task_runner.py:70: DeprecationWarning: This process (pid=120) is multi-threaded, use of fork() may lead to deadlocks in the child.
  pid = os.fork()

[2025-07-08T18:10:06.025+0000] {standard_task_runner.py:72} INFO - Started process 122 to run task
[2025-07-08T18:10:06.026+0000] {standard_task_runner.py:104} INFO - Running: ['***', 'tasks', 'run', 'extract_raw_data_pipeline', 'load_raw_data', 'manual__2025-07-08T18:10:00.574630+00:00', '--job-id', '26', '--raw', '--subdir', 'DAGS_FOLDER/driven_data_pipeline.py', '--cfg-path', '/tmp/tmp_5cjzy_t']
[2025-07-08T18:10:06.027+0000] {standard_task_runner.py:105} INFO - Job 26: Subtask load_raw_data
[2025-07-08T18:10:06.082+0000] {task_command.py:467} INFO - Running <TaskInstance: extract_raw_data_pipeline.load_raw_data manual__2025-07-08T18:10:00.574630+00:00 [running]> on host 917dc2509604
[2025-07-08T18:10:06.182+0000] {taskinstance.py:3131} INFO - Exporting env vars: AIRFLOW_CTX_DAG_OWNER='***' AIRFLOW_CTX_DAG_ID='extract_raw_data_pipeline' AIRFLOW_CTX_TASK_ID='load_raw_data' AIRFLOW_CTX_EXECUTION_DATE='2025-07-08T18:10:00.574630+00:00' AIRFLOW_CTX_TRY_NUMBER='1' AIRFLOW_CTX_DAG_RUN_ID='manual__2025-07-08T18:10:00.574630+00:00'
[2025-07-08T18:10:06.182+0000] {taskinstance.py:731} INFO - ::endgroup::
[2025-07-08T18:10:06.199+0000] {sql.py:266} INFO - Executing: 
    DROP TABLE IF EXISTS driven_raw.raw_batch_data;
    CREATE TABLE driven_raw.raw_batch_data (
        person_name VARCHAR(100),
        user_name VARCHAR(100),
        email VARCHAR(100),
        personal_number NUMERIC, 
        birth_date VARCHAR(100), 
        address TEXT,
        phone VARCHAR(100), 
        mac_address VARCHAR(100),
        ip_address VARCHAR(100),
        iban VARCHAR(100),
        accessed_at TIMESTAMP,
        session_duration INT,
        download_speed INT,
        upload_speed INT,
        consumed_traffic INT,
        unique_id VARCHAR(100)
    );
[2025-07-08T18:10:06.210+0000] {base.py:84} INFO - Retrieving connection 'postgres_conn'
[2025-07-08T18:10:06.222+0000] {base.py:84} INFO - Retrieving connection 'postgres_conn'
[2025-07-08T18:10:06.227+0000] {sql.py:509} INFO - Running statement: 
    DROP TABLE IF EXISTS driven_raw.raw_batch_data;
    CREATE TABLE driven_raw.raw_batch_data (
        person_name VARCHAR(100),
        user_name VARCHAR(100),
        email VARCHAR(100),
        personal_number NUMERIC, 
        birth_date VARCHAR(100), 
        address TEXT,
        phone VARCHAR(100), 
        mac_address VARCHAR(100),
        ip_address VARCHAR(100),
        iban VARCHAR(100),
        accessed_at TIMESTAMP,
        session_duration INT,
        download_speed INT,
        upload_speed INT,
        consumed_traffic INT,
        unique_id VARCHAR(100)
    );, parameters: None
[2025-07-08T18:10:06.253+0000] {taskinstance.py:340} INFO - ::group::Post task execution logs
[2025-07-08T18:10:06.253+0000] {taskinstance.py:352} INFO - Marking task as SUCCESS. dag_id=extract_raw_data_pipeline, task_id=load_raw_data, run_id=manual__2025-07-08T18:10:00.574630+00:00, execution_date=20250708T181000, start_date=20250708T181005, end_date=20250708T181006
[2025-07-08T18:10:06.280+0000] {local_task_job_runner.py:266} INFO - Task exited with return code 0
[2025-07-08T18:10:06.318+0000] {taskinstance.py:3900} INFO - 1 downstream tasks scheduled from follow-on schedule check
[2025-07-08T18:10:06.319+0000] {local_task_job_runner.py:245} INFO - ::endgroup::
