[2025-07-08T18:10:02.297+0000] {local_task_job_runner.py:123} INFO - ::group::Pre task execution logs
[2025-07-08T18:10:02.321+0000] {taskinstance.py:2612} INFO - Dependencies all met for dep_context=non-requeueable deps ti=<TaskInstance: extract_raw_data_pipeline.extract_raw_data manual__2025-07-08T18:10:00.574630+00:00 [queued]>
[2025-07-08T18:10:02.333+0000] {taskinstance.py:2612} INFO - Dependencies all met for dep_context=requeueable deps ti=<TaskInstance: extract_raw_data_pipeline.extract_raw_data manual__2025-07-08T18:10:00.574630+00:00 [queued]>
[2025-07-08T18:10:02.334+0000] {taskinstance.py:2865} INFO - Starting attempt 1 of 1
[2025-07-08T18:10:02.352+0000] {taskinstance.py:2888} INFO - Executing <Task(PythonOperator): extract_raw_data> on 2025-07-08 18:10:00.574630+00:00
[2025-07-08T18:10:02.362+0000] {warnings.py:112} WARNING - /home/***/.local/lib/python3.12/site-packages/***/task/task_runner/standard_task_runner.py:70: DeprecationWarning: This process (pid=104) is multi-threaded, use of fork() may lead to deadlocks in the child.
  pid = os.fork()

[2025-07-08T18:10:02.364+0000] {standard_task_runner.py:72} INFO - Started process 108 to run task
[2025-07-08T18:10:02.365+0000] {standard_task_runner.py:104} INFO - Running: ['***', 'tasks', 'run', 'extract_raw_data_pipeline', 'extract_raw_data', 'manual__2025-07-08T18:10:00.574630+00:00', '--job-id', '23', '--raw', '--subdir', 'DAGS_FOLDER/driven_data_pipeline.py', '--cfg-path', '/tmp/tmp6nm7amp1']
[2025-07-08T18:10:02.367+0000] {standard_task_runner.py:105} INFO - Job 23: Subtask extract_raw_data
[2025-07-08T18:10:02.434+0000] {task_command.py:467} INFO - Running <TaskInstance: extract_raw_data_pipeline.extract_raw_data manual__2025-07-08T18:10:00.574630+00:00 [running]> on host 917dc2509604
[2025-07-08T18:10:02.553+0000] {taskinstance.py:3131} INFO - Exporting env vars: AIRFLOW_CTX_DAG_OWNER='***' AIRFLOW_CTX_DAG_ID='extract_raw_data_pipeline' AIRFLOW_CTX_TASK_ID='extract_raw_data' AIRFLOW_CTX_EXECUTION_DATE='2025-07-08T18:10:00.574630+00:00' AIRFLOW_CTX_TRY_NUMBER='1' AIRFLOW_CTX_DAG_RUN_ID='manual__2025-07-08T18:10:00.574630+00:00'
[2025-07-08T18:10:02.554+0000] {taskinstance.py:731} INFO - ::endgroup::
[2025-07-08T18:10:02.576+0000] {driven_data_pipeline.py:152} INFO - Started batch processing for 2025-07-08.
[2025-07-08T18:10:02.576+0000] {driven_data_pipeline.py:34} INFO - Created synthetic data for MX country code.
[2025-07-08T18:10:02.686+0000] {driven_data_pipeline.py:100} INFO - Written 60 records to the CSV file.
[2025-07-08T18:10:02.712+0000] {driven_data_pipeline.py:123} INFO - Added UUID to the dataset.
[2025-07-08T18:10:02.718+0000] {driven_data_pipeline.py:144} INFO - Updated accessed timestamp.
[2025-07-08T18:10:02.719+0000] {driven_data_pipeline.py:160} INFO - Finished batch processing 2025-07-08.
[2025-07-08T18:10:02.719+0000] {python.py:240} INFO - Done. Returned value was: None
[2025-07-08T18:10:02.733+0000] {taskinstance.py:340} INFO - ::group::Post task execution logs
[2025-07-08T18:10:02.734+0000] {taskinstance.py:352} INFO - Marking task as SUCCESS. dag_id=extract_raw_data_pipeline, task_id=extract_raw_data, run_id=manual__2025-07-08T18:10:00.574630+00:00, execution_date=20250708T181000, start_date=20250708T181002, end_date=20250708T181002
[2025-07-08T18:10:02.782+0000] {local_task_job_runner.py:266} INFO - Task exited with return code 0
[2025-07-08T18:10:02.816+0000] {taskinstance.py:3900} INFO - 1 downstream tasks scheduled from follow-on schedule check
[2025-07-08T18:10:02.818+0000] {local_task_job_runner.py:245} INFO - ::endgroup::
