[2025-06-26T23:11:15.700+0000] {processor.py:186} INFO - Started process (PID=80) to work on /home/airflow/.local/lib/python3.12/site-packages/airflow/example_dags/example_python_operator.py
[2025-06-26T23:11:15.701+0000] {processor.py:914} INFO - Processing file /home/airflow/.local/lib/python3.12/site-packages/airflow/example_dags/example_python_operator.py for tasks to queue
[2025-06-26T23:11:15.705+0000] {logging_mixin.py:190} INFO - [2025-06-26T23:11:15.704+0000] {dagbag.py:588} INFO - Filling up the DagBag from /home/airflow/.local/lib/python3.12/site-packages/airflow/example_dags/example_python_operator.py
[2025-06-26T23:11:15.728+0000] {processor.py:925} INFO - DAG(s) 'example_python_operator' retrieved from /home/airflow/.local/lib/python3.12/site-packages/airflow/example_dags/example_python_operator.py
[2025-06-26T23:11:15.928+0000] {logging_mixin.py:190} INFO - [2025-06-26T23:11:15.927+0000] {override.py:1900} INFO - Created Permission View: can read on DAG:example_python_operator
[2025-06-26T23:11:15.943+0000] {logging_mixin.py:190} INFO - [2025-06-26T23:11:15.942+0000] {override.py:1900} INFO - Created Permission View: can edit on DAG:example_python_operator
[2025-06-26T23:11:15.950+0000] {logging_mixin.py:190} INFO - [2025-06-26T23:11:15.950+0000] {override.py:1900} INFO - Created Permission View: can delete on DAG:example_python_operator
[2025-06-26T23:11:15.958+0000] {logging_mixin.py:190} INFO - [2025-06-26T23:11:15.958+0000] {override.py:1900} INFO - Created Permission View: can read on DAG Run:example_python_operator
[2025-06-26T23:11:15.965+0000] {logging_mixin.py:190} INFO - [2025-06-26T23:11:15.965+0000] {override.py:1900} INFO - Created Permission View: can create on DAG Run:example_python_operator
[2025-06-26T23:11:15.973+0000] {logging_mixin.py:190} INFO - [2025-06-26T23:11:15.972+0000] {override.py:1900} INFO - Created Permission View: menu access on DAG Run:example_python_operator
[2025-06-26T23:11:15.980+0000] {logging_mixin.py:190} INFO - [2025-06-26T23:11:15.980+0000] {override.py:1900} INFO - Created Permission View: can delete on DAG Run:example_python_operator
[2025-06-26T23:11:15.981+0000] {logging_mixin.py:190} INFO - [2025-06-26T23:11:15.980+0000] {dag.py:3239} INFO - Sync 1 DAGs
[2025-06-26T23:11:15.997+0000] {logging_mixin.py:190} INFO - [2025-06-26T23:11:15.996+0000] {dag.py:3262} INFO - Creating ORM DAG for example_python_operator
[2025-06-26T23:11:15.998+0000] {logging_mixin.py:190} INFO - [2025-06-26T23:11:15.997+0000] {dag.py:4180} INFO - Setting next_dagrun for example_python_operator to None, run_after=None
[2025-06-26T23:11:16.022+0000] {processor.py:208} INFO - Processing /home/airflow/.local/lib/python3.12/site-packages/airflow/example_dags/example_python_operator.py took 0.331 seconds
[2025-06-26T23:11:46.757+0000] {processor.py:186} INFO - Started process (PID=143) to work on /home/airflow/.local/lib/python3.12/site-packages/airflow/example_dags/example_python_operator.py
[2025-06-26T23:11:46.759+0000] {processor.py:914} INFO - Processing file /home/airflow/.local/lib/python3.12/site-packages/airflow/example_dags/example_python_operator.py for tasks to queue
[2025-06-26T23:11:46.763+0000] {logging_mixin.py:190} INFO - [2025-06-26T23:11:46.762+0000] {dagbag.py:588} INFO - Filling up the DagBag from /home/airflow/.local/lib/python3.12/site-packages/airflow/example_dags/example_python_operator.py
[2025-06-26T23:11:46.794+0000] {processor.py:925} INFO - DAG(s) 'example_python_operator' retrieved from /home/airflow/.local/lib/python3.12/site-packages/airflow/example_dags/example_python_operator.py
[2025-06-26T23:11:46.843+0000] {logging_mixin.py:190} INFO - [2025-06-26T23:11:46.843+0000] {dag.py:3239} INFO - Sync 1 DAGs
[2025-06-26T23:11:46.881+0000] {logging_mixin.py:190} INFO - [2025-06-26T23:11:46.881+0000] {dag.py:4180} INFO - Setting next_dagrun for example_python_operator to None, run_after=None
[2025-06-26T23:11:46.929+0000] {processor.py:208} INFO - Processing /home/airflow/.local/lib/python3.12/site-packages/airflow/example_dags/example_python_operator.py took 0.182 seconds
[2025-06-26T23:12:17.557+0000] {processor.py:186} INFO - Started process (PID=205) to work on /home/airflow/.local/lib/python3.12/site-packages/airflow/example_dags/example_python_operator.py
[2025-06-26T23:12:17.558+0000] {processor.py:914} INFO - Processing file /home/airflow/.local/lib/python3.12/site-packages/airflow/example_dags/example_python_operator.py for tasks to queue
[2025-06-26T23:12:17.562+0000] {logging_mixin.py:190} INFO - [2025-06-26T23:12:17.561+0000] {dagbag.py:588} INFO - Filling up the DagBag from /home/airflow/.local/lib/python3.12/site-packages/airflow/example_dags/example_python_operator.py
[2025-06-26T23:12:17.585+0000] {processor.py:925} INFO - DAG(s) 'example_python_operator' retrieved from /home/airflow/.local/lib/python3.12/site-packages/airflow/example_dags/example_python_operator.py
[2025-06-26T23:12:17.624+0000] {logging_mixin.py:190} INFO - [2025-06-26T23:12:17.623+0000] {dag.py:3239} INFO - Sync 1 DAGs
[2025-06-26T23:12:17.653+0000] {logging_mixin.py:190} INFO - [2025-06-26T23:12:17.653+0000] {dag.py:4180} INFO - Setting next_dagrun for example_python_operator to None, run_after=None
[2025-06-26T23:12:17.686+0000] {processor.py:208} INFO - Processing /home/airflow/.local/lib/python3.12/site-packages/airflow/example_dags/example_python_operator.py took 0.140 seconds
[2025-06-26T23:12:48.032+0000] {processor.py:186} INFO - Started process (PID=268) to work on /home/airflow/.local/lib/python3.12/site-packages/airflow/example_dags/example_python_operator.py
[2025-06-26T23:12:48.033+0000] {processor.py:914} INFO - Processing file /home/airflow/.local/lib/python3.12/site-packages/airflow/example_dags/example_python_operator.py for tasks to queue
[2025-06-26T23:12:48.037+0000] {logging_mixin.py:190} INFO - [2025-06-26T23:12:48.036+0000] {dagbag.py:588} INFO - Filling up the DagBag from /home/airflow/.local/lib/python3.12/site-packages/airflow/example_dags/example_python_operator.py
[2025-06-26T23:12:48.052+0000] {processor.py:925} INFO - DAG(s) 'example_python_operator' retrieved from /home/airflow/.local/lib/python3.12/site-packages/airflow/example_dags/example_python_operator.py
[2025-06-26T23:12:48.077+0000] {logging_mixin.py:190} INFO - [2025-06-26T23:12:48.077+0000] {dag.py:3239} INFO - Sync 1 DAGs
[2025-06-26T23:12:48.096+0000] {logging_mixin.py:190} INFO - [2025-06-26T23:12:48.096+0000] {dag.py:4180} INFO - Setting next_dagrun for example_python_operator to None, run_after=None
[2025-06-26T23:12:48.117+0000] {processor.py:208} INFO - Processing /home/airflow/.local/lib/python3.12/site-packages/airflow/example_dags/example_python_operator.py took 0.095 seconds
