[2025-06-26T23:11:21.992+0000] {processor.py:186} INFO - Started process (PID=111) to work on /home/airflow/.local/lib/python3.12/site-packages/airflow/example_dags/example_task_group.py
[2025-06-26T23:11:21.993+0000] {processor.py:914} INFO - Processing file /home/airflow/.local/lib/python3.12/site-packages/airflow/example_dags/example_task_group.py for tasks to queue
[2025-06-26T23:11:21.996+0000] {logging_mixin.py:190} INFO - [2025-06-26T23:11:21.996+0000] {dagbag.py:588} INFO - Filling up the DagBag from /home/airflow/.local/lib/python3.12/site-packages/airflow/example_dags/example_task_group.py
[2025-06-26T23:11:22.007+0000] {processor.py:925} INFO - DAG(s) 'example_task_group' retrieved from /home/airflow/.local/lib/python3.12/site-packages/airflow/example_dags/example_task_group.py
[2025-06-26T23:11:22.143+0000] {logging_mixin.py:190} INFO - [2025-06-26T23:11:22.142+0000] {override.py:1900} INFO - Created Permission View: can read on DAG:example_task_group
[2025-06-26T23:11:22.156+0000] {logging_mixin.py:190} INFO - [2025-06-26T23:11:22.156+0000] {override.py:1900} INFO - Created Permission View: can edit on DAG:example_task_group
[2025-06-26T23:11:22.164+0000] {logging_mixin.py:190} INFO - [2025-06-26T23:11:22.164+0000] {override.py:1900} INFO - Created Permission View: can delete on DAG:example_task_group
[2025-06-26T23:11:22.173+0000] {logging_mixin.py:190} INFO - [2025-06-26T23:11:22.172+0000] {override.py:1900} INFO - Created Permission View: can read on DAG Run:example_task_group
[2025-06-26T23:11:22.183+0000] {logging_mixin.py:190} INFO - [2025-06-26T23:11:22.182+0000] {override.py:1900} INFO - Created Permission View: can create on DAG Run:example_task_group
[2025-06-26T23:11:22.195+0000] {logging_mixin.py:190} INFO - [2025-06-26T23:11:22.195+0000] {override.py:1900} INFO - Created Permission View: menu access on DAG Run:example_task_group
[2025-06-26T23:11:22.204+0000] {logging_mixin.py:190} INFO - [2025-06-26T23:11:22.203+0000] {override.py:1900} INFO - Created Permission View: can delete on DAG Run:example_task_group
[2025-06-26T23:11:22.205+0000] {logging_mixin.py:190} INFO - [2025-06-26T23:11:22.204+0000] {dag.py:3239} INFO - Sync 1 DAGs
[2025-06-26T23:11:22.225+0000] {logging_mixin.py:190} INFO - [2025-06-26T23:11:22.225+0000] {dag.py:3262} INFO - Creating ORM DAG for example_task_group
[2025-06-26T23:11:22.226+0000] {logging_mixin.py:190} INFO - [2025-06-26T23:11:22.226+0000] {dag.py:4180} INFO - Setting next_dagrun for example_task_group to None, run_after=None
[2025-06-26T23:11:22.251+0000] {processor.py:208} INFO - Processing /home/airflow/.local/lib/python3.12/site-packages/airflow/example_dags/example_task_group.py took 0.265 seconds
[2025-06-26T23:11:52.423+0000] {processor.py:186} INFO - Started process (PID=174) to work on /home/airflow/.local/lib/python3.12/site-packages/airflow/example_dags/example_task_group.py
[2025-06-26T23:11:52.425+0000] {processor.py:914} INFO - Processing file /home/airflow/.local/lib/python3.12/site-packages/airflow/example_dags/example_task_group.py for tasks to queue
[2025-06-26T23:11:52.428+0000] {logging_mixin.py:190} INFO - [2025-06-26T23:11:52.427+0000] {dagbag.py:588} INFO - Filling up the DagBag from /home/airflow/.local/lib/python3.12/site-packages/airflow/example_dags/example_task_group.py
[2025-06-26T23:11:52.441+0000] {processor.py:925} INFO - DAG(s) 'example_task_group' retrieved from /home/airflow/.local/lib/python3.12/site-packages/airflow/example_dags/example_task_group.py
[2025-06-26T23:11:52.477+0000] {logging_mixin.py:190} INFO - [2025-06-26T23:11:52.477+0000] {dag.py:3239} INFO - Sync 1 DAGs
[2025-06-26T23:11:52.501+0000] {logging_mixin.py:190} INFO - [2025-06-26T23:11:52.501+0000] {dag.py:4180} INFO - Setting next_dagrun for example_task_group to None, run_after=None
[2025-06-26T23:11:52.530+0000] {processor.py:208} INFO - Processing /home/airflow/.local/lib/python3.12/site-packages/airflow/example_dags/example_task_group.py took 0.117 seconds
[2025-06-26T23:12:22.855+0000] {processor.py:186} INFO - Started process (PID=236) to work on /home/airflow/.local/lib/python3.12/site-packages/airflow/example_dags/example_task_group.py
[2025-06-26T23:12:22.856+0000] {processor.py:914} INFO - Processing file /home/airflow/.local/lib/python3.12/site-packages/airflow/example_dags/example_task_group.py for tasks to queue
[2025-06-26T23:12:22.859+0000] {logging_mixin.py:190} INFO - [2025-06-26T23:12:22.859+0000] {dagbag.py:588} INFO - Filling up the DagBag from /home/airflow/.local/lib/python3.12/site-packages/airflow/example_dags/example_task_group.py
[2025-06-26T23:12:22.869+0000] {processor.py:925} INFO - DAG(s) 'example_task_group' retrieved from /home/airflow/.local/lib/python3.12/site-packages/airflow/example_dags/example_task_group.py
[2025-06-26T23:12:22.895+0000] {logging_mixin.py:190} INFO - [2025-06-26T23:12:22.894+0000] {dag.py:3239} INFO - Sync 1 DAGs
[2025-06-26T23:12:22.910+0000] {logging_mixin.py:190} INFO - [2025-06-26T23:12:22.910+0000] {dag.py:4180} INFO - Setting next_dagrun for example_task_group to None, run_after=None
[2025-06-26T23:12:22.932+0000] {processor.py:208} INFO - Processing /home/airflow/.local/lib/python3.12/site-packages/airflow/example_dags/example_task_group.py took 0.087 seconds
[2025-06-26T23:12:53.847+0000] {processor.py:186} INFO - Started process (PID=299) to work on /home/airflow/.local/lib/python3.12/site-packages/airflow/example_dags/example_task_group.py
[2025-06-26T23:12:53.848+0000] {processor.py:914} INFO - Processing file /home/airflow/.local/lib/python3.12/site-packages/airflow/example_dags/example_task_group.py for tasks to queue
[2025-06-26T23:12:53.850+0000] {logging_mixin.py:190} INFO - [2025-06-26T23:12:53.850+0000] {dagbag.py:588} INFO - Filling up the DagBag from /home/airflow/.local/lib/python3.12/site-packages/airflow/example_dags/example_task_group.py
[2025-06-26T23:12:53.860+0000] {processor.py:925} INFO - DAG(s) 'example_task_group' retrieved from /home/airflow/.local/lib/python3.12/site-packages/airflow/example_dags/example_task_group.py
[2025-06-26T23:12:53.885+0000] {logging_mixin.py:190} INFO - [2025-06-26T23:12:53.884+0000] {dag.py:3239} INFO - Sync 1 DAGs
[2025-06-26T23:12:53.901+0000] {logging_mixin.py:190} INFO - [2025-06-26T23:12:53.901+0000] {dag.py:4180} INFO - Setting next_dagrun for example_task_group to None, run_after=None
[2025-06-26T23:12:53.924+0000] {processor.py:208} INFO - Processing /home/airflow/.local/lib/python3.12/site-packages/airflow/example_dags/example_task_group.py took 0.084 seconds
