[2025-06-26T23:11:17.681+0000] {processor.py:186} INFO - Started process (PID=90) to work on /home/airflow/.local/lib/python3.12/site-packages/airflow/example_dags/example_branch_operator.py
[2025-06-26T23:11:17.682+0000] {processor.py:914} INFO - Processing file /home/airflow/.local/lib/python3.12/site-packages/airflow/example_dags/example_branch_operator.py for tasks to queue
[2025-06-26T23:11:17.685+0000] {logging_mixin.py:190} INFO - [2025-06-26T23:11:17.685+0000] {dagbag.py:588} INFO - Filling up the DagBag from /home/airflow/.local/lib/python3.12/site-packages/airflow/example_dags/example_branch_operator.py
[2025-06-26T23:11:17.716+0000] {processor.py:925} INFO - DAG(s) 'example_branch_operator' retrieved from /home/airflow/.local/lib/python3.12/site-packages/airflow/example_dags/example_branch_operator.py
[2025-06-26T23:11:17.872+0000] {logging_mixin.py:190} INFO - [2025-06-26T23:11:17.871+0000] {override.py:1900} INFO - Created Permission View: can read on DAG:example_branch_operator
[2025-06-26T23:11:17.884+0000] {logging_mixin.py:190} INFO - [2025-06-26T23:11:17.883+0000] {override.py:1900} INFO - Created Permission View: can edit on DAG:example_branch_operator
[2025-06-26T23:11:17.892+0000] {logging_mixin.py:190} INFO - [2025-06-26T23:11:17.892+0000] {override.py:1900} INFO - Created Permission View: can delete on DAG:example_branch_operator
[2025-06-26T23:11:17.900+0000] {logging_mixin.py:190} INFO - [2025-06-26T23:11:17.900+0000] {override.py:1900} INFO - Created Permission View: can read on DAG Run:example_branch_operator
[2025-06-26T23:11:17.911+0000] {logging_mixin.py:190} INFO - [2025-06-26T23:11:17.911+0000] {override.py:1900} INFO - Created Permission View: can create on DAG Run:example_branch_operator
[2025-06-26T23:11:17.921+0000] {logging_mixin.py:190} INFO - [2025-06-26T23:11:17.921+0000] {override.py:1900} INFO - Created Permission View: menu access on DAG Run:example_branch_operator
[2025-06-26T23:11:17.930+0000] {logging_mixin.py:190} INFO - [2025-06-26T23:11:17.930+0000] {override.py:1900} INFO - Created Permission View: can delete on DAG Run:example_branch_operator
[2025-06-26T23:11:17.931+0000] {logging_mixin.py:190} INFO - [2025-06-26T23:11:17.931+0000] {dag.py:3239} INFO - Sync 1 DAGs
[2025-06-26T23:11:17.948+0000] {logging_mixin.py:190} INFO - [2025-06-26T23:11:17.948+0000] {dag.py:3262} INFO - Creating ORM DAG for example_branch_operator
[2025-06-26T23:11:17.961+0000] {logging_mixin.py:190} INFO - [2025-06-26T23:11:17.961+0000] {dag.py:4180} INFO - Setting next_dagrun for example_branch_operator to 2025-06-25 00:00:00+00:00, run_after=2025-06-26 00:00:00+00:00
[2025-06-26T23:11:17.983+0000] {processor.py:208} INFO - Processing /home/airflow/.local/lib/python3.12/site-packages/airflow/example_dags/example_branch_operator.py took 0.312 seconds
[2025-06-26T23:11:48.102+0000] {processor.py:186} INFO - Started process (PID=153) to work on /home/airflow/.local/lib/python3.12/site-packages/airflow/example_dags/example_branch_operator.py
[2025-06-26T23:11:48.103+0000] {processor.py:914} INFO - Processing file /home/airflow/.local/lib/python3.12/site-packages/airflow/example_dags/example_branch_operator.py for tasks to queue
[2025-06-26T23:11:48.106+0000] {logging_mixin.py:190} INFO - [2025-06-26T23:11:48.106+0000] {dagbag.py:588} INFO - Filling up the DagBag from /home/airflow/.local/lib/python3.12/site-packages/airflow/example_dags/example_branch_operator.py
[2025-06-26T23:11:48.144+0000] {processor.py:925} INFO - DAG(s) 'example_branch_operator' retrieved from /home/airflow/.local/lib/python3.12/site-packages/airflow/example_dags/example_branch_operator.py
[2025-06-26T23:11:48.203+0000] {logging_mixin.py:190} INFO - [2025-06-26T23:11:48.203+0000] {dag.py:3239} INFO - Sync 1 DAGs
[2025-06-26T23:11:48.246+0000] {logging_mixin.py:190} INFO - [2025-06-26T23:11:48.246+0000] {dag.py:4180} INFO - Setting next_dagrun for example_branch_operator to 2025-06-25 00:00:00+00:00, run_after=2025-06-26 00:00:00+00:00
[2025-06-26T23:11:48.276+0000] {processor.py:208} INFO - Processing /home/airflow/.local/lib/python3.12/site-packages/airflow/example_dags/example_branch_operator.py took 0.185 seconds
[2025-06-26T23:12:18.935+0000] {processor.py:186} INFO - Started process (PID=215) to work on /home/airflow/.local/lib/python3.12/site-packages/airflow/example_dags/example_branch_operator.py
[2025-06-26T23:12:18.938+0000] {processor.py:914} INFO - Processing file /home/airflow/.local/lib/python3.12/site-packages/airflow/example_dags/example_branch_operator.py for tasks to queue
[2025-06-26T23:12:18.943+0000] {logging_mixin.py:190} INFO - [2025-06-26T23:12:18.943+0000] {dagbag.py:588} INFO - Filling up the DagBag from /home/airflow/.local/lib/python3.12/site-packages/airflow/example_dags/example_branch_operator.py
[2025-06-26T23:12:18.981+0000] {processor.py:925} INFO - DAG(s) 'example_branch_operator' retrieved from /home/airflow/.local/lib/python3.12/site-packages/airflow/example_dags/example_branch_operator.py
[2025-06-26T23:12:19.053+0000] {logging_mixin.py:190} INFO - [2025-06-26T23:12:19.052+0000] {dag.py:3239} INFO - Sync 1 DAGs
[2025-06-26T23:12:19.106+0000] {logging_mixin.py:190} INFO - [2025-06-26T23:12:19.105+0000] {dag.py:4180} INFO - Setting next_dagrun for example_branch_operator to 2025-06-25 00:00:00+00:00, run_after=2025-06-26 00:00:00+00:00
[2025-06-26T23:12:19.148+0000] {processor.py:208} INFO - Processing /home/airflow/.local/lib/python3.12/site-packages/airflow/example_dags/example_branch_operator.py took 0.225 seconds
[2025-06-26T23:12:49.794+0000] {processor.py:186} INFO - Started process (PID=278) to work on /home/airflow/.local/lib/python3.12/site-packages/airflow/example_dags/example_branch_operator.py
[2025-06-26T23:12:49.796+0000] {processor.py:914} INFO - Processing file /home/airflow/.local/lib/python3.12/site-packages/airflow/example_dags/example_branch_operator.py for tasks to queue
[2025-06-26T23:12:49.800+0000] {logging_mixin.py:190} INFO - [2025-06-26T23:12:49.799+0000] {dagbag.py:588} INFO - Filling up the DagBag from /home/airflow/.local/lib/python3.12/site-packages/airflow/example_dags/example_branch_operator.py
[2025-06-26T23:12:49.829+0000] {processor.py:925} INFO - DAG(s) 'example_branch_operator' retrieved from /home/airflow/.local/lib/python3.12/site-packages/airflow/example_dags/example_branch_operator.py
[2025-06-26T23:12:49.875+0000] {logging_mixin.py:190} INFO - [2025-06-26T23:12:49.874+0000] {dag.py:3239} INFO - Sync 1 DAGs
[2025-06-26T23:12:49.912+0000] {logging_mixin.py:190} INFO - [2025-06-26T23:12:49.911+0000] {dag.py:4180} INFO - Setting next_dagrun for example_branch_operator to 2025-06-25 00:00:00+00:00, run_after=2025-06-26 00:00:00+00:00
[2025-06-26T23:12:49.942+0000] {processor.py:208} INFO - Processing /home/airflow/.local/lib/python3.12/site-packages/airflow/example_dags/example_branch_operator.py took 0.154 seconds
