[2025-06-26T23:11:12.463+0000] {processor.py:186} INFO - Started process (PID=69) to work on /home/airflow/.local/lib/python3.12/site-packages/airflow/example_dags/example_subdag_operator.py
[2025-06-26T23:11:12.465+0000] {processor.py:914} INFO - Processing file /home/airflow/.local/lib/python3.12/site-packages/airflow/example_dags/example_subdag_operator.py for tasks to queue
[2025-06-26T23:11:12.468+0000] {logging_mixin.py:190} INFO - [2025-06-26T23:11:12.468+0000] {dagbag.py:588} INFO - Filling up the DagBag from /home/airflow/.local/lib/python3.12/site-packages/airflow/example_dags/example_subdag_operator.py
[2025-06-26T23:11:12.539+0000] {processor.py:925} INFO - DAG(s) 'example_subdag_operator.section-1', 'example_subdag_operator.section-2', 'example_subdag_operator' retrieved from /home/airflow/.local/lib/python3.12/site-packages/airflow/example_dags/example_subdag_operator.py
[2025-06-26T23:11:12.802+0000] {logging_mixin.py:190} INFO - [2025-06-26T23:11:12.801+0000] {override.py:1900} INFO - Created Permission View: can read on DAG:example_subdag_operator
[2025-06-26T23:11:12.819+0000] {logging_mixin.py:190} INFO - [2025-06-26T23:11:12.818+0000] {override.py:1900} INFO - Created Permission View: can edit on DAG:example_subdag_operator
[2025-06-26T23:11:12.830+0000] {logging_mixin.py:190} INFO - [2025-06-26T23:11:12.829+0000] {override.py:1900} INFO - Created Permission View: can delete on DAG:example_subdag_operator
[2025-06-26T23:11:12.840+0000] {logging_mixin.py:190} INFO - [2025-06-26T23:11:12.840+0000] {override.py:1900} INFO - Created Permission View: can read on DAG Run:example_subdag_operator
[2025-06-26T23:11:12.851+0000] {logging_mixin.py:190} INFO - [2025-06-26T23:11:12.850+0000] {override.py:1900} INFO - Created Permission View: can create on DAG Run:example_subdag_operator
[2025-06-26T23:11:12.863+0000] {logging_mixin.py:190} INFO - [2025-06-26T23:11:12.863+0000] {override.py:1900} INFO - Created Permission View: menu access on DAG Run:example_subdag_operator
[2025-06-26T23:11:12.881+0000] {logging_mixin.py:190} INFO - [2025-06-26T23:11:12.880+0000] {override.py:1900} INFO - Created Permission View: can delete on DAG Run:example_subdag_operator
[2025-06-26T23:11:12.881+0000] {logging_mixin.py:190} INFO - [2025-06-26T23:11:12.881+0000] {dag.py:3239} INFO - Sync 3 DAGs
[2025-06-26T23:11:12.935+0000] {logging_mixin.py:190} INFO - [2025-06-26T23:11:12.934+0000] {dag.py:3262} INFO - Creating ORM DAG for example_subdag_operator
[2025-06-26T23:11:12.940+0000] {logging_mixin.py:190} INFO - [2025-06-26T23:11:12.940+0000] {dag.py:3262} INFO - Creating ORM DAG for example_subdag_operator.section-1
[2025-06-26T23:11:12.946+0000] {logging_mixin.py:190} INFO - [2025-06-26T23:11:12.945+0000] {dag.py:3262} INFO - Creating ORM DAG for example_subdag_operator.section-2
[2025-06-26T23:11:12.964+0000] {logging_mixin.py:190} INFO - [2025-06-26T23:11:12.963+0000] {dag.py:4180} INFO - Setting next_dagrun for example_subdag_operator to 2022-01-01 00:00:00+00:00, run_after=2022-01-01 00:00:00+00:00
[2025-06-26T23:11:12.965+0000] {logging_mixin.py:190} INFO - [2025-06-26T23:11:12.965+0000] {dag.py:4180} INFO - Setting next_dagrun for example_subdag_operator.section-1 to None, run_after=None
[2025-06-26T23:11:12.966+0000] {logging_mixin.py:190} INFO - [2025-06-26T23:11:12.966+0000] {dag.py:4180} INFO - Setting next_dagrun for example_subdag_operator.section-2 to None, run_after=None
[2025-06-26T23:11:12.981+0000] {logging_mixin.py:190} INFO - [2025-06-26T23:11:12.980+0000] {dag.py:3239} INFO - Sync 2 DAGs
[2025-06-26T23:11:12.995+0000] {logging_mixin.py:190} INFO - [2025-06-26T23:11:12.995+0000] {dag.py:4180} INFO - Setting next_dagrun for example_subdag_operator.section-1 to None, run_after=None
[2025-06-26T23:11:13.001+0000] {logging_mixin.py:190} INFO - [2025-06-26T23:11:13.000+0000] {dag.py:4180} INFO - Setting next_dagrun for example_subdag_operator.section-2 to None, run_after=None
[2025-06-26T23:11:13.030+0000] {processor.py:208} INFO - Processing /home/airflow/.local/lib/python3.12/site-packages/airflow/example_dags/example_subdag_operator.py took 0.577 seconds
[2025-06-26T23:11:43.809+0000] {processor.py:186} INFO - Started process (PID=132) to work on /home/airflow/.local/lib/python3.12/site-packages/airflow/example_dags/example_subdag_operator.py
[2025-06-26T23:11:43.810+0000] {processor.py:914} INFO - Processing file /home/airflow/.local/lib/python3.12/site-packages/airflow/example_dags/example_subdag_operator.py for tasks to queue
[2025-06-26T23:11:43.815+0000] {logging_mixin.py:190} INFO - [2025-06-26T23:11:43.814+0000] {dagbag.py:588} INFO - Filling up the DagBag from /home/airflow/.local/lib/python3.12/site-packages/airflow/example_dags/example_subdag_operator.py
[2025-06-26T23:11:43.857+0000] {processor.py:925} INFO - DAG(s) 'example_subdag_operator.section-1', 'example_subdag_operator.section-2', 'example_subdag_operator' retrieved from /home/airflow/.local/lib/python3.12/site-packages/airflow/example_dags/example_subdag_operator.py
[2025-06-26T23:11:43.882+0000] {logging_mixin.py:190} INFO - [2025-06-26T23:11:43.882+0000] {dag.py:3239} INFO - Sync 3 DAGs
[2025-06-26T23:11:43.922+0000] {logging_mixin.py:190} INFO - [2025-06-26T23:11:43.921+0000] {dag.py:4180} INFO - Setting next_dagrun for example_subdag_operator to 2022-01-01 00:00:00+00:00, run_after=2022-01-01 00:00:00+00:00
[2025-06-26T23:11:43.927+0000] {logging_mixin.py:190} INFO - [2025-06-26T23:11:43.927+0000] {dag.py:4180} INFO - Setting next_dagrun for example_subdag_operator.section-1 to None, run_after=None
[2025-06-26T23:11:43.929+0000] {logging_mixin.py:190} INFO - [2025-06-26T23:11:43.929+0000] {dag.py:4180} INFO - Setting next_dagrun for example_subdag_operator.section-2 to None, run_after=None
[2025-06-26T23:11:43.941+0000] {logging_mixin.py:190} INFO - [2025-06-26T23:11:43.941+0000] {dag.py:3239} INFO - Sync 2 DAGs
[2025-06-26T23:11:43.948+0000] {logging_mixin.py:190} INFO - [2025-06-26T23:11:43.947+0000] {dag.py:4180} INFO - Setting next_dagrun for example_subdag_operator.section-1 to None, run_after=None
[2025-06-26T23:11:43.948+0000] {logging_mixin.py:190} INFO - [2025-06-26T23:11:43.948+0000] {dag.py:4180} INFO - Setting next_dagrun for example_subdag_operator.section-2 to None, run_after=None
[2025-06-26T23:11:43.960+0000] {processor.py:208} INFO - Processing /home/airflow/.local/lib/python3.12/site-packages/airflow/example_dags/example_subdag_operator.py took 0.165 seconds
[2025-06-26T23:12:14.521+0000] {processor.py:186} INFO - Started process (PID=194) to work on /home/airflow/.local/lib/python3.12/site-packages/airflow/example_dags/example_subdag_operator.py
[2025-06-26T23:12:14.522+0000] {processor.py:914} INFO - Processing file /home/airflow/.local/lib/python3.12/site-packages/airflow/example_dags/example_subdag_operator.py for tasks to queue
[2025-06-26T23:12:14.526+0000] {logging_mixin.py:190} INFO - [2025-06-26T23:12:14.526+0000] {dagbag.py:588} INFO - Filling up the DagBag from /home/airflow/.local/lib/python3.12/site-packages/airflow/example_dags/example_subdag_operator.py
[2025-06-26T23:12:14.579+0000] {processor.py:925} INFO - DAG(s) 'example_subdag_operator.section-1', 'example_subdag_operator.section-2', 'example_subdag_operator' retrieved from /home/airflow/.local/lib/python3.12/site-packages/airflow/example_dags/example_subdag_operator.py
[2025-06-26T23:12:14.601+0000] {logging_mixin.py:190} INFO - [2025-06-26T23:12:14.601+0000] {dag.py:3239} INFO - Sync 3 DAGs
[2025-06-26T23:12:14.639+0000] {logging_mixin.py:190} INFO - [2025-06-26T23:12:14.639+0000] {dag.py:4180} INFO - Setting next_dagrun for example_subdag_operator to 2022-01-01 00:00:00+00:00, run_after=2022-01-01 00:00:00+00:00
[2025-06-26T23:12:14.646+0000] {logging_mixin.py:190} INFO - [2025-06-26T23:12:14.646+0000] {dag.py:4180} INFO - Setting next_dagrun for example_subdag_operator.section-1 to None, run_after=None
[2025-06-26T23:12:14.648+0000] {logging_mixin.py:190} INFO - [2025-06-26T23:12:14.648+0000] {dag.py:4180} INFO - Setting next_dagrun for example_subdag_operator.section-2 to None, run_after=None
[2025-06-26T23:12:14.658+0000] {logging_mixin.py:190} INFO - [2025-06-26T23:12:14.658+0000] {dag.py:3239} INFO - Sync 2 DAGs
[2025-06-26T23:12:14.665+0000] {logging_mixin.py:190} INFO - [2025-06-26T23:12:14.665+0000] {dag.py:4180} INFO - Setting next_dagrun for example_subdag_operator.section-1 to None, run_after=None
[2025-06-26T23:12:14.666+0000] {logging_mixin.py:190} INFO - [2025-06-26T23:12:14.666+0000] {dag.py:4180} INFO - Setting next_dagrun for example_subdag_operator.section-2 to None, run_after=None
[2025-06-26T23:12:14.684+0000] {processor.py:208} INFO - Processing /home/airflow/.local/lib/python3.12/site-packages/airflow/example_dags/example_subdag_operator.py took 0.180 seconds
[2025-06-26T23:12:45.143+0000] {processor.py:186} INFO - Started process (PID=257) to work on /home/airflow/.local/lib/python3.12/site-packages/airflow/example_dags/example_subdag_operator.py
[2025-06-26T23:12:45.145+0000] {processor.py:914} INFO - Processing file /home/airflow/.local/lib/python3.12/site-packages/airflow/example_dags/example_subdag_operator.py for tasks to queue
[2025-06-26T23:12:45.147+0000] {logging_mixin.py:190} INFO - [2025-06-26T23:12:45.147+0000] {dagbag.py:588} INFO - Filling up the DagBag from /home/airflow/.local/lib/python3.12/site-packages/airflow/example_dags/example_subdag_operator.py
[2025-06-26T23:12:45.196+0000] {processor.py:925} INFO - DAG(s) 'example_subdag_operator.section-1', 'example_subdag_operator.section-2', 'example_subdag_operator' retrieved from /home/airflow/.local/lib/python3.12/site-packages/airflow/example_dags/example_subdag_operator.py
[2025-06-26T23:12:45.228+0000] {logging_mixin.py:190} INFO - [2025-06-26T23:12:45.228+0000] {dag.py:3239} INFO - Sync 3 DAGs
[2025-06-26T23:12:45.262+0000] {logging_mixin.py:190} INFO - [2025-06-26T23:12:45.261+0000] {dag.py:4180} INFO - Setting next_dagrun for example_subdag_operator to 2022-01-01 00:00:00+00:00, run_after=2022-01-01 00:00:00+00:00
[2025-06-26T23:12:45.267+0000] {logging_mixin.py:190} INFO - [2025-06-26T23:12:45.267+0000] {dag.py:4180} INFO - Setting next_dagrun for example_subdag_operator.section-1 to None, run_after=None
[2025-06-26T23:12:45.269+0000] {logging_mixin.py:190} INFO - [2025-06-26T23:12:45.269+0000] {dag.py:4180} INFO - Setting next_dagrun for example_subdag_operator.section-2 to None, run_after=None
[2025-06-26T23:12:45.278+0000] {logging_mixin.py:190} INFO - [2025-06-26T23:12:45.278+0000] {dag.py:3239} INFO - Sync 2 DAGs
[2025-06-26T23:12:45.289+0000] {logging_mixin.py:190} INFO - [2025-06-26T23:12:45.288+0000] {dag.py:4180} INFO - Setting next_dagrun for example_subdag_operator.section-1 to None, run_after=None
[2025-06-26T23:12:45.289+0000] {logging_mixin.py:190} INFO - [2025-06-26T23:12:45.289+0000] {dag.py:4180} INFO - Setting next_dagrun for example_subdag_operator.section-2 to None, run_after=None
[2025-06-26T23:12:45.304+0000] {processor.py:208} INFO - Processing /home/airflow/.local/lib/python3.12/site-packages/airflow/example_dags/example_subdag_operator.py took 0.172 seconds
