[2025-06-26T23:11:20.619+0000] {processor.py:186} INFO - Started process (PID=104) to work on /home/airflow/.local/lib/python3.12/site-packages/airflow/example_dags/example_bash_operator.py
[2025-06-26T23:11:20.620+0000] {processor.py:914} INFO - Processing file /home/airflow/.local/lib/python3.12/site-packages/airflow/example_dags/example_bash_operator.py for tasks to queue
[2025-06-26T23:11:20.623+0000] {logging_mixin.py:190} INFO - [2025-06-26T23:11:20.622+0000] {dagbag.py:588} INFO - Filling up the DagBag from /home/airflow/.local/lib/python3.12/site-packages/airflow/example_dags/example_bash_operator.py
[2025-06-26T23:11:20.640+0000] {processor.py:925} INFO - DAG(s) 'example_bash_operator' retrieved from /home/airflow/.local/lib/python3.12/site-packages/airflow/example_dags/example_bash_operator.py
[2025-06-26T23:11:20.809+0000] {logging_mixin.py:190} INFO - [2025-06-26T23:11:20.808+0000] {override.py:1900} INFO - Created Permission View: can read on DAG:example_bash_operator
[2025-06-26T23:11:20.819+0000] {logging_mixin.py:190} INFO - [2025-06-26T23:11:20.819+0000] {override.py:1900} INFO - Created Permission View: can edit on DAG:example_bash_operator
[2025-06-26T23:11:20.829+0000] {logging_mixin.py:190} INFO - [2025-06-26T23:11:20.828+0000] {override.py:1900} INFO - Created Permission View: can delete on DAG:example_bash_operator
[2025-06-26T23:11:20.839+0000] {logging_mixin.py:190} INFO - [2025-06-26T23:11:20.838+0000] {override.py:1900} INFO - Created Permission View: can read on DAG Run:example_bash_operator
[2025-06-26T23:11:20.848+0000] {logging_mixin.py:190} INFO - [2025-06-26T23:11:20.848+0000] {override.py:1900} INFO - Created Permission View: can create on DAG Run:example_bash_operator
[2025-06-26T23:11:20.856+0000] {logging_mixin.py:190} INFO - [2025-06-26T23:11:20.855+0000] {override.py:1900} INFO - Created Permission View: menu access on DAG Run:example_bash_operator
[2025-06-26T23:11:20.863+0000] {logging_mixin.py:190} INFO - [2025-06-26T23:11:20.863+0000] {override.py:1900} INFO - Created Permission View: can delete on DAG Run:example_bash_operator
[2025-06-26T23:11:20.864+0000] {logging_mixin.py:190} INFO - [2025-06-26T23:11:20.864+0000] {dag.py:3239} INFO - Sync 1 DAGs
[2025-06-26T23:11:20.881+0000] {logging_mixin.py:190} INFO - [2025-06-26T23:11:20.880+0000] {dag.py:3262} INFO - Creating ORM DAG for example_bash_operator
[2025-06-26T23:11:20.892+0000] {logging_mixin.py:190} INFO - [2025-06-26T23:11:20.892+0000] {dag.py:4180} INFO - Setting next_dagrun for example_bash_operator to 2025-06-25 00:00:00+00:00, run_after=2025-06-26 00:00:00+00:00
[2025-06-26T23:11:20.911+0000] {processor.py:208} INFO - Processing /home/airflow/.local/lib/python3.12/site-packages/airflow/example_dags/example_bash_operator.py took 0.299 seconds
[2025-06-26T23:11:51.563+0000] {processor.py:186} INFO - Started process (PID=167) to work on /home/airflow/.local/lib/python3.12/site-packages/airflow/example_dags/example_bash_operator.py
[2025-06-26T23:11:51.564+0000] {processor.py:914} INFO - Processing file /home/airflow/.local/lib/python3.12/site-packages/airflow/example_dags/example_bash_operator.py for tasks to queue
[2025-06-26T23:11:51.568+0000] {logging_mixin.py:190} INFO - [2025-06-26T23:11:51.568+0000] {dagbag.py:588} INFO - Filling up the DagBag from /home/airflow/.local/lib/python3.12/site-packages/airflow/example_dags/example_bash_operator.py
[2025-06-26T23:11:51.597+0000] {processor.py:925} INFO - DAG(s) 'example_bash_operator' retrieved from /home/airflow/.local/lib/python3.12/site-packages/airflow/example_dags/example_bash_operator.py
[2025-06-26T23:11:51.645+0000] {logging_mixin.py:190} INFO - [2025-06-26T23:11:51.645+0000] {dag.py:3239} INFO - Sync 1 DAGs
[2025-06-26T23:11:51.680+0000] {logging_mixin.py:190} INFO - [2025-06-26T23:11:51.680+0000] {dag.py:4180} INFO - Setting next_dagrun for example_bash_operator to 2025-06-25 00:00:00+00:00, run_after=2025-06-26 00:00:00+00:00
[2025-06-26T23:11:51.712+0000] {processor.py:208} INFO - Processing /home/airflow/.local/lib/python3.12/site-packages/airflow/example_dags/example_bash_operator.py took 0.158 seconds
[2025-06-26T23:12:22.097+0000] {processor.py:186} INFO - Started process (PID=229) to work on /home/airflow/.local/lib/python3.12/site-packages/airflow/example_dags/example_bash_operator.py
[2025-06-26T23:12:22.098+0000] {processor.py:914} INFO - Processing file /home/airflow/.local/lib/python3.12/site-packages/airflow/example_dags/example_bash_operator.py for tasks to queue
[2025-06-26T23:12:22.102+0000] {logging_mixin.py:190} INFO - [2025-06-26T23:12:22.101+0000] {dagbag.py:588} INFO - Filling up the DagBag from /home/airflow/.local/lib/python3.12/site-packages/airflow/example_dags/example_bash_operator.py
[2025-06-26T23:12:22.126+0000] {processor.py:925} INFO - DAG(s) 'example_bash_operator' retrieved from /home/airflow/.local/lib/python3.12/site-packages/airflow/example_dags/example_bash_operator.py
[2025-06-26T23:12:22.177+0000] {logging_mixin.py:190} INFO - [2025-06-26T23:12:22.177+0000] {dag.py:3239} INFO - Sync 1 DAGs
[2025-06-26T23:12:22.232+0000] {logging_mixin.py:190} INFO - [2025-06-26T23:12:22.231+0000] {dag.py:4180} INFO - Setting next_dagrun for example_bash_operator to 2025-06-25 00:00:00+00:00, run_after=2025-06-26 00:00:00+00:00
[2025-06-26T23:12:22.270+0000] {processor.py:208} INFO - Processing /home/airflow/.local/lib/python3.12/site-packages/airflow/example_dags/example_bash_operator.py took 0.185 seconds
[2025-06-26T23:12:53.233+0000] {processor.py:186} INFO - Started process (PID=292) to work on /home/airflow/.local/lib/python3.12/site-packages/airflow/example_dags/example_bash_operator.py
[2025-06-26T23:12:53.235+0000] {processor.py:914} INFO - Processing file /home/airflow/.local/lib/python3.12/site-packages/airflow/example_dags/example_bash_operator.py for tasks to queue
[2025-06-26T23:12:53.239+0000] {logging_mixin.py:190} INFO - [2025-06-26T23:12:53.238+0000] {dagbag.py:588} INFO - Filling up the DagBag from /home/airflow/.local/lib/python3.12/site-packages/airflow/example_dags/example_bash_operator.py
[2025-06-26T23:12:53.255+0000] {processor.py:925} INFO - DAG(s) 'example_bash_operator' retrieved from /home/airflow/.local/lib/python3.12/site-packages/airflow/example_dags/example_bash_operator.py
[2025-06-26T23:12:53.290+0000] {logging_mixin.py:190} INFO - [2025-06-26T23:12:53.290+0000] {dag.py:3239} INFO - Sync 1 DAGs
[2025-06-26T23:12:53.327+0000] {logging_mixin.py:190} INFO - [2025-06-26T23:12:53.327+0000] {dag.py:4180} INFO - Setting next_dagrun for example_bash_operator to 2025-06-25 00:00:00+00:00, run_after=2025-06-26 00:00:00+00:00
[2025-06-26T23:12:53.348+0000] {processor.py:208} INFO - Processing /home/airflow/.local/lib/python3.12/site-packages/airflow/example_dags/example_bash_operator.py took 0.126 seconds
