[2025-06-26T23:11:19.525+0000] {processor.py:186} INFO - Started process (PID=98) to work on /home/airflow/.local/lib/python3.12/site-packages/airflow/example_dags/example_branch_day_of_week_operator.py
[2025-06-26T23:11:19.526+0000] {processor.py:914} INFO - Processing file /home/airflow/.local/lib/python3.12/site-packages/airflow/example_dags/example_branch_day_of_week_operator.py for tasks to queue
[2025-06-26T23:11:19.529+0000] {logging_mixin.py:190} INFO - [2025-06-26T23:11:19.528+0000] {dagbag.py:588} INFO - Filling up the DagBag from /home/airflow/.local/lib/python3.12/site-packages/airflow/example_dags/example_branch_day_of_week_operator.py
[2025-06-26T23:11:19.540+0000] {processor.py:925} INFO - DAG(s) 'example_weekday_branch_operator' retrieved from /home/airflow/.local/lib/python3.12/site-packages/airflow/example_dags/example_branch_day_of_week_operator.py
[2025-06-26T23:11:19.690+0000] {logging_mixin.py:190} INFO - [2025-06-26T23:11:19.689+0000] {override.py:1900} INFO - Created Permission View: can read on DAG:example_weekday_branch_operator
[2025-06-26T23:11:19.709+0000] {logging_mixin.py:190} INFO - [2025-06-26T23:11:19.708+0000] {override.py:1900} INFO - Created Permission View: can edit on DAG:example_weekday_branch_operator
[2025-06-26T23:11:19.730+0000] {logging_mixin.py:190} INFO - [2025-06-26T23:11:19.730+0000] {override.py:1900} INFO - Created Permission View: can delete on DAG:example_weekday_branch_operator
[2025-06-26T23:11:19.757+0000] {logging_mixin.py:190} INFO - [2025-06-26T23:11:19.756+0000] {override.py:1900} INFO - Created Permission View: can read on DAG Run:example_weekday_branch_operator
[2025-06-26T23:11:19.770+0000] {logging_mixin.py:190} INFO - [2025-06-26T23:11:19.770+0000] {override.py:1900} INFO - Created Permission View: can create on DAG Run:example_weekday_branch_operator
[2025-06-26T23:11:19.792+0000] {logging_mixin.py:190} INFO - [2025-06-26T23:11:19.791+0000] {override.py:1900} INFO - Created Permission View: menu access on DAG Run:example_weekday_branch_operator
[2025-06-26T23:11:19.802+0000] {logging_mixin.py:190} INFO - [2025-06-26T23:11:19.802+0000] {override.py:1900} INFO - Created Permission View: can delete on DAG Run:example_weekday_branch_operator
[2025-06-26T23:11:19.803+0000] {logging_mixin.py:190} INFO - [2025-06-26T23:11:19.803+0000] {dag.py:3239} INFO - Sync 1 DAGs
[2025-06-26T23:11:19.829+0000] {logging_mixin.py:190} INFO - [2025-06-26T23:11:19.829+0000] {dag.py:3262} INFO - Creating ORM DAG for example_weekday_branch_operator
[2025-06-26T23:11:19.849+0000] {logging_mixin.py:190} INFO - [2025-06-26T23:11:19.848+0000] {dag.py:4180} INFO - Setting next_dagrun for example_weekday_branch_operator to 2025-06-25 00:00:00+00:00, run_after=2025-06-26 00:00:00+00:00
[2025-06-26T23:11:19.873+0000] {processor.py:208} INFO - Processing /home/airflow/.local/lib/python3.12/site-packages/airflow/example_dags/example_branch_day_of_week_operator.py took 0.361 seconds
[2025-06-26T23:11:50.033+0000] {processor.py:186} INFO - Started process (PID=161) to work on /home/airflow/.local/lib/python3.12/site-packages/airflow/example_dags/example_branch_day_of_week_operator.py
[2025-06-26T23:11:50.035+0000] {processor.py:914} INFO - Processing file /home/airflow/.local/lib/python3.12/site-packages/airflow/example_dags/example_branch_day_of_week_operator.py for tasks to queue
[2025-06-26T23:11:50.039+0000] {logging_mixin.py:190} INFO - [2025-06-26T23:11:50.038+0000] {dagbag.py:588} INFO - Filling up the DagBag from /home/airflow/.local/lib/python3.12/site-packages/airflow/example_dags/example_branch_day_of_week_operator.py
[2025-06-26T23:11:50.057+0000] {processor.py:925} INFO - DAG(s) 'example_weekday_branch_operator' retrieved from /home/airflow/.local/lib/python3.12/site-packages/airflow/example_dags/example_branch_day_of_week_operator.py
[2025-06-26T23:11:50.112+0000] {logging_mixin.py:190} INFO - [2025-06-26T23:11:50.111+0000] {dag.py:3239} INFO - Sync 1 DAGs
[2025-06-26T23:11:50.170+0000] {logging_mixin.py:190} INFO - [2025-06-26T23:11:50.169+0000] {dag.py:4180} INFO - Setting next_dagrun for example_weekday_branch_operator to 2025-06-25 00:00:00+00:00, run_after=2025-06-26 00:00:00+00:00
[2025-06-26T23:11:50.204+0000] {processor.py:208} INFO - Processing /home/airflow/.local/lib/python3.12/site-packages/airflow/example_dags/example_branch_day_of_week_operator.py took 0.181 seconds
[2025-06-26T23:12:21.365+0000] {processor.py:186} INFO - Started process (PID=223) to work on /home/airflow/.local/lib/python3.12/site-packages/airflow/example_dags/example_branch_day_of_week_operator.py
[2025-06-26T23:12:21.367+0000] {processor.py:914} INFO - Processing file /home/airflow/.local/lib/python3.12/site-packages/airflow/example_dags/example_branch_day_of_week_operator.py for tasks to queue
[2025-06-26T23:12:21.371+0000] {logging_mixin.py:190} INFO - [2025-06-26T23:12:21.370+0000] {dagbag.py:588} INFO - Filling up the DagBag from /home/airflow/.local/lib/python3.12/site-packages/airflow/example_dags/example_branch_day_of_week_operator.py
[2025-06-26T23:12:21.389+0000] {processor.py:925} INFO - DAG(s) 'example_weekday_branch_operator' retrieved from /home/airflow/.local/lib/python3.12/site-packages/airflow/example_dags/example_branch_day_of_week_operator.py
[2025-06-26T23:12:21.434+0000] {logging_mixin.py:190} INFO - [2025-06-26T23:12:21.433+0000] {dag.py:3239} INFO - Sync 1 DAGs
[2025-06-26T23:12:21.499+0000] {logging_mixin.py:190} INFO - [2025-06-26T23:12:21.498+0000] {dag.py:4180} INFO - Setting next_dagrun for example_weekday_branch_operator to 2025-06-25 00:00:00+00:00, run_after=2025-06-26 00:00:00+00:00
[2025-06-26T23:12:21.536+0000] {processor.py:208} INFO - Processing /home/airflow/.local/lib/python3.12/site-packages/airflow/example_dags/example_branch_day_of_week_operator.py took 0.186 seconds
[2025-06-26T23:12:51.709+0000] {processor.py:186} INFO - Started process (PID=286) to work on /home/airflow/.local/lib/python3.12/site-packages/airflow/example_dags/example_branch_day_of_week_operator.py
[2025-06-26T23:12:51.711+0000] {processor.py:914} INFO - Processing file /home/airflow/.local/lib/python3.12/site-packages/airflow/example_dags/example_branch_day_of_week_operator.py for tasks to queue
[2025-06-26T23:12:51.716+0000] {logging_mixin.py:190} INFO - [2025-06-26T23:12:51.715+0000] {dagbag.py:588} INFO - Filling up the DagBag from /home/airflow/.local/lib/python3.12/site-packages/airflow/example_dags/example_branch_day_of_week_operator.py
[2025-06-26T23:12:51.734+0000] {processor.py:925} INFO - DAG(s) 'example_weekday_branch_operator' retrieved from /home/airflow/.local/lib/python3.12/site-packages/airflow/example_dags/example_branch_day_of_week_operator.py
[2025-06-26T23:12:51.764+0000] {logging_mixin.py:190} INFO - [2025-06-26T23:12:51.764+0000] {dag.py:3239} INFO - Sync 1 DAGs
[2025-06-26T23:12:51.805+0000] {logging_mixin.py:190} INFO - [2025-06-26T23:12:51.805+0000] {dag.py:4180} INFO - Setting next_dagrun for example_weekday_branch_operator to 2025-06-25 00:00:00+00:00, run_after=2025-06-26 00:00:00+00:00
[2025-06-26T23:12:51.836+0000] {processor.py:208} INFO - Processing /home/airflow/.local/lib/python3.12/site-packages/airflow/example_dags/example_branch_day_of_week_operator.py took 0.139 seconds
