[2025-06-26T23:11:13.085+0000] {processor.py:186} INFO - Started process (PID=71) to work on /home/airflow/.local/lib/python3.12/site-packages/airflow/example_dags/example_sla_dag.py
[2025-06-26T23:11:13.086+0000] {processor.py:914} INFO - Processing file /home/airflow/.local/lib/python3.12/site-packages/airflow/example_dags/example_sla_dag.py for tasks to queue
[2025-06-26T23:11:13.090+0000] {logging_mixin.py:190} INFO - [2025-06-26T23:11:13.089+0000] {dagbag.py:588} INFO - Filling up the DagBag from /home/airflow/.local/lib/python3.12/site-packages/airflow/example_dags/example_sla_dag.py
[2025-06-26T23:11:13.112+0000] {processor.py:925} INFO - DAG(s) 'example_sla_dag' retrieved from /home/airflow/.local/lib/python3.12/site-packages/airflow/example_dags/example_sla_dag.py
[2025-06-26T23:11:13.417+0000] {logging_mixin.py:190} INFO - [2025-06-26T23:11:13.416+0000] {override.py:1900} INFO - Created Permission View: can read on DAG:example_sla_dag
[2025-06-26T23:11:13.431+0000] {logging_mixin.py:190} INFO - [2025-06-26T23:11:13.431+0000] {override.py:1900} INFO - Created Permission View: can edit on DAG:example_sla_dag
[2025-06-26T23:11:13.442+0000] {logging_mixin.py:190} INFO - [2025-06-26T23:11:13.442+0000] {override.py:1900} INFO - Created Permission View: can delete on DAG:example_sla_dag
[2025-06-26T23:11:13.451+0000] {logging_mixin.py:190} INFO - [2025-06-26T23:11:13.450+0000] {override.py:1900} INFO - Created Permission View: can read on DAG Run:example_sla_dag
[2025-06-26T23:11:13.458+0000] {logging_mixin.py:190} INFO - [2025-06-26T23:11:13.458+0000] {override.py:1900} INFO - Created Permission View: can create on DAG Run:example_sla_dag
[2025-06-26T23:11:13.465+0000] {logging_mixin.py:190} INFO - [2025-06-26T23:11:13.465+0000] {override.py:1900} INFO - Created Permission View: menu access on DAG Run:example_sla_dag
[2025-06-26T23:11:13.473+0000] {logging_mixin.py:190} INFO - [2025-06-26T23:11:13.472+0000] {override.py:1900} INFO - Created Permission View: can delete on DAG Run:example_sla_dag
[2025-06-26T23:11:13.473+0000] {logging_mixin.py:190} INFO - [2025-06-26T23:11:13.473+0000] {dag.py:3239} INFO - Sync 1 DAGs
[2025-06-26T23:11:13.498+0000] {logging_mixin.py:190} INFO - [2025-06-26T23:11:13.497+0000] {dag.py:3262} INFO - Creating ORM DAG for example_sla_dag
[2025-06-26T23:11:13.532+0000] {logging_mixin.py:190} INFO - [2025-06-26T23:11:13.532+0000] {dag.py:4180} INFO - Setting next_dagrun for example_sla_dag to 2025-06-26 23:08:00+00:00, run_after=2025-06-26 23:10:00+00:00
[2025-06-26T23:11:13.564+0000] {processor.py:208} INFO - Processing /home/airflow/.local/lib/python3.12/site-packages/airflow/example_dags/example_sla_dag.py took 0.490 seconds
[2025-06-26T23:11:43.950+0000] {processor.py:186} INFO - Started process (PID=134) to work on /home/airflow/.local/lib/python3.12/site-packages/airflow/example_dags/example_sla_dag.py
[2025-06-26T23:11:43.952+0000] {processor.py:914} INFO - Processing file /home/airflow/.local/lib/python3.12/site-packages/airflow/example_dags/example_sla_dag.py for tasks to queue
[2025-06-26T23:11:43.955+0000] {logging_mixin.py:190} INFO - [2025-06-26T23:11:43.955+0000] {dagbag.py:588} INFO - Filling up the DagBag from /home/airflow/.local/lib/python3.12/site-packages/airflow/example_dags/example_sla_dag.py
[2025-06-26T23:11:43.974+0000] {processor.py:925} INFO - DAG(s) 'example_sla_dag' retrieved from /home/airflow/.local/lib/python3.12/site-packages/airflow/example_dags/example_sla_dag.py
[2025-06-26T23:11:44.003+0000] {logging_mixin.py:190} INFO - [2025-06-26T23:11:44.003+0000] {dag.py:3239} INFO - Sync 1 DAGs
[2025-06-26T23:11:44.042+0000] {logging_mixin.py:190} INFO - [2025-06-26T23:11:44.042+0000] {dag.py:4180} INFO - Setting next_dagrun for example_sla_dag to 2025-06-26 23:08:00+00:00, run_after=2025-06-26 23:10:00+00:00
[2025-06-26T23:11:44.063+0000] {processor.py:208} INFO - Processing /home/airflow/.local/lib/python3.12/site-packages/airflow/example_dags/example_sla_dag.py took 0.123 seconds
[2025-06-26T23:12:14.679+0000] {processor.py:186} INFO - Started process (PID=196) to work on /home/airflow/.local/lib/python3.12/site-packages/airflow/example_dags/example_sla_dag.py
[2025-06-26T23:12:14.680+0000] {processor.py:914} INFO - Processing file /home/airflow/.local/lib/python3.12/site-packages/airflow/example_dags/example_sla_dag.py for tasks to queue
[2025-06-26T23:12:14.684+0000] {logging_mixin.py:190} INFO - [2025-06-26T23:12:14.683+0000] {dagbag.py:588} INFO - Filling up the DagBag from /home/airflow/.local/lib/python3.12/site-packages/airflow/example_dags/example_sla_dag.py
[2025-06-26T23:12:14.699+0000] {processor.py:925} INFO - DAG(s) 'example_sla_dag' retrieved from /home/airflow/.local/lib/python3.12/site-packages/airflow/example_dags/example_sla_dag.py
[2025-06-26T23:12:14.729+0000] {logging_mixin.py:190} INFO - [2025-06-26T23:12:14.729+0000] {dag.py:3239} INFO - Sync 1 DAGs
[2025-06-26T23:12:14.764+0000] {logging_mixin.py:190} INFO - [2025-06-26T23:12:14.763+0000] {dag.py:4180} INFO - Setting next_dagrun for example_sla_dag to 2025-06-26 23:10:00+00:00, run_after=2025-06-26 23:12:00+00:00
[2025-06-26T23:12:14.785+0000] {processor.py:208} INFO - Processing /home/airflow/.local/lib/python3.12/site-packages/airflow/example_dags/example_sla_dag.py took 0.116 seconds
[2025-06-26T23:12:45.316+0000] {processor.py:186} INFO - Started process (PID=259) to work on /home/airflow/.local/lib/python3.12/site-packages/airflow/example_dags/example_sla_dag.py
[2025-06-26T23:12:45.318+0000] {processor.py:914} INFO - Processing file /home/airflow/.local/lib/python3.12/site-packages/airflow/example_dags/example_sla_dag.py for tasks to queue
[2025-06-26T23:12:45.321+0000] {logging_mixin.py:190} INFO - [2025-06-26T23:12:45.321+0000] {dagbag.py:588} INFO - Filling up the DagBag from /home/airflow/.local/lib/python3.12/site-packages/airflow/example_dags/example_sla_dag.py
[2025-06-26T23:12:45.338+0000] {processor.py:925} INFO - DAG(s) 'example_sla_dag' retrieved from /home/airflow/.local/lib/python3.12/site-packages/airflow/example_dags/example_sla_dag.py
[2025-06-26T23:12:45.361+0000] {logging_mixin.py:190} INFO - [2025-06-26T23:12:45.361+0000] {dag.py:3239} INFO - Sync 1 DAGs
[2025-06-26T23:12:45.392+0000] {logging_mixin.py:190} INFO - [2025-06-26T23:12:45.392+0000] {dag.py:4180} INFO - Setting next_dagrun for example_sla_dag to 2025-06-26 23:10:00+00:00, run_after=2025-06-26 23:12:00+00:00
[2025-06-26T23:12:45.411+0000] {processor.py:208} INFO - Processing /home/airflow/.local/lib/python3.12/site-packages/airflow/example_dags/example_sla_dag.py took 0.102 seconds
