[2025-06-26T23:11:18.446+0000] {processor.py:186} INFO - Started process (PID=95) to work on /home/airflow/.local/lib/python3.12/site-packages/airflow/example_dags/example_skip_dag.py
[2025-06-26T23:11:18.447+0000] {processor.py:914} INFO - Processing file /home/airflow/.local/lib/python3.12/site-packages/airflow/example_dags/example_skip_dag.py for tasks to queue
[2025-06-26T23:11:18.450+0000] {logging_mixin.py:190} INFO - [2025-06-26T23:11:18.449+0000] {dagbag.py:588} INFO - Filling up the DagBag from /home/airflow/.local/lib/python3.12/site-packages/airflow/example_dags/example_skip_dag.py
[2025-06-26T23:11:18.459+0000] {processor.py:925} INFO - DAG(s) 'example_skip_dag' retrieved from /home/airflow/.local/lib/python3.12/site-packages/airflow/example_dags/example_skip_dag.py
[2025-06-26T23:11:18.656+0000] {logging_mixin.py:190} INFO - [2025-06-26T23:11:18.655+0000] {override.py:1900} INFO - Created Permission View: can read on DAG:example_skip_dag
[2025-06-26T23:11:18.671+0000] {logging_mixin.py:190} INFO - [2025-06-26T23:11:18.671+0000] {override.py:1900} INFO - Created Permission View: can edit on DAG:example_skip_dag
[2025-06-26T23:11:18.681+0000] {logging_mixin.py:190} INFO - [2025-06-26T23:11:18.680+0000] {override.py:1900} INFO - Created Permission View: can delete on DAG:example_skip_dag
[2025-06-26T23:11:18.691+0000] {logging_mixin.py:190} INFO - [2025-06-26T23:11:18.691+0000] {override.py:1900} INFO - Created Permission View: can read on DAG Run:example_skip_dag
[2025-06-26T23:11:18.701+0000] {logging_mixin.py:190} INFO - [2025-06-26T23:11:18.701+0000] {override.py:1900} INFO - Created Permission View: can create on DAG Run:example_skip_dag
[2025-06-26T23:11:18.710+0000] {logging_mixin.py:190} INFO - [2025-06-26T23:11:18.710+0000] {override.py:1900} INFO - Created Permission View: menu access on DAG Run:example_skip_dag
[2025-06-26T23:11:18.720+0000] {logging_mixin.py:190} INFO - [2025-06-26T23:11:18.719+0000] {override.py:1900} INFO - Created Permission View: can delete on DAG Run:example_skip_dag
[2025-06-26T23:11:18.720+0000] {logging_mixin.py:190} INFO - [2025-06-26T23:11:18.720+0000] {dag.py:3239} INFO - Sync 1 DAGs
[2025-06-26T23:11:18.743+0000] {logging_mixin.py:190} INFO - [2025-06-26T23:11:18.743+0000] {dag.py:3262} INFO - Creating ORM DAG for example_skip_dag
[2025-06-26T23:11:18.758+0000] {logging_mixin.py:190} INFO - [2025-06-26T23:11:18.758+0000] {dag.py:4180} INFO - Setting next_dagrun for example_skip_dag to 2025-06-25 00:00:00+00:00, run_after=2025-06-26 00:00:00+00:00
[2025-06-26T23:11:18.783+0000] {processor.py:208} INFO - Processing /home/airflow/.local/lib/python3.12/site-packages/airflow/example_dags/example_skip_dag.py took 0.344 seconds
[2025-06-26T23:11:49.551+0000] {processor.py:186} INFO - Started process (PID=158) to work on /home/airflow/.local/lib/python3.12/site-packages/airflow/example_dags/example_skip_dag.py
[2025-06-26T23:11:49.552+0000] {processor.py:914} INFO - Processing file /home/airflow/.local/lib/python3.12/site-packages/airflow/example_dags/example_skip_dag.py for tasks to queue
[2025-06-26T23:11:49.555+0000] {logging_mixin.py:190} INFO - [2025-06-26T23:11:49.555+0000] {dagbag.py:588} INFO - Filling up the DagBag from /home/airflow/.local/lib/python3.12/site-packages/airflow/example_dags/example_skip_dag.py
[2025-06-26T23:11:49.568+0000] {processor.py:925} INFO - DAG(s) 'example_skip_dag' retrieved from /home/airflow/.local/lib/python3.12/site-packages/airflow/example_dags/example_skip_dag.py
[2025-06-26T23:11:49.602+0000] {logging_mixin.py:190} INFO - [2025-06-26T23:11:49.602+0000] {dag.py:3239} INFO - Sync 1 DAGs
[2025-06-26T23:11:49.644+0000] {logging_mixin.py:190} INFO - [2025-06-26T23:11:49.644+0000] {dag.py:4180} INFO - Setting next_dagrun for example_skip_dag to 2025-06-25 00:00:00+00:00, run_after=2025-06-26 00:00:00+00:00
[2025-06-26T23:11:49.671+0000] {processor.py:208} INFO - Processing /home/airflow/.local/lib/python3.12/site-packages/airflow/example_dags/example_skip_dag.py took 0.130 seconds
[2025-06-26T23:12:21.026+0000] {processor.py:186} INFO - Started process (PID=220) to work on /home/airflow/.local/lib/python3.12/site-packages/airflow/example_dags/example_skip_dag.py
[2025-06-26T23:12:21.029+0000] {processor.py:914} INFO - Processing file /home/airflow/.local/lib/python3.12/site-packages/airflow/example_dags/example_skip_dag.py for tasks to queue
[2025-06-26T23:12:21.038+0000] {logging_mixin.py:190} INFO - [2025-06-26T23:12:21.038+0000] {dagbag.py:588} INFO - Filling up the DagBag from /home/airflow/.local/lib/python3.12/site-packages/airflow/example_dags/example_skip_dag.py
[2025-06-26T23:12:21.065+0000] {processor.py:925} INFO - DAG(s) 'example_skip_dag' retrieved from /home/airflow/.local/lib/python3.12/site-packages/airflow/example_dags/example_skip_dag.py
[2025-06-26T23:12:21.138+0000] {logging_mixin.py:190} INFO - [2025-06-26T23:12:21.137+0000] {dag.py:3239} INFO - Sync 1 DAGs
[2025-06-26T23:12:21.198+0000] {logging_mixin.py:190} INFO - [2025-06-26T23:12:21.198+0000] {dag.py:4180} INFO - Setting next_dagrun for example_skip_dag to 2025-06-25 00:00:00+00:00, run_after=2025-06-26 00:00:00+00:00
[2025-06-26T23:12:21.231+0000] {processor.py:208} INFO - Processing /home/airflow/.local/lib/python3.12/site-packages/airflow/example_dags/example_skip_dag.py took 0.231 seconds
[2025-06-26T23:12:51.522+0000] {processor.py:186} INFO - Started process (PID=283) to work on /home/airflow/.local/lib/python3.12/site-packages/airflow/example_dags/example_skip_dag.py
[2025-06-26T23:12:51.523+0000] {processor.py:914} INFO - Processing file /home/airflow/.local/lib/python3.12/site-packages/airflow/example_dags/example_skip_dag.py for tasks to queue
[2025-06-26T23:12:51.526+0000] {logging_mixin.py:190} INFO - [2025-06-26T23:12:51.525+0000] {dagbag.py:588} INFO - Filling up the DagBag from /home/airflow/.local/lib/python3.12/site-packages/airflow/example_dags/example_skip_dag.py
[2025-06-26T23:12:51.536+0000] {processor.py:925} INFO - DAG(s) 'example_skip_dag' retrieved from /home/airflow/.local/lib/python3.12/site-packages/airflow/example_dags/example_skip_dag.py
[2025-06-26T23:12:51.572+0000] {logging_mixin.py:190} INFO - [2025-06-26T23:12:51.571+0000] {dag.py:3239} INFO - Sync 1 DAGs
[2025-06-26T23:12:51.612+0000] {logging_mixin.py:190} INFO - [2025-06-26T23:12:51.611+0000] {dag.py:4180} INFO - Setting next_dagrun for example_skip_dag to 2025-06-25 00:00:00+00:00, run_after=2025-06-26 00:00:00+00:00
[2025-06-26T23:12:51.637+0000] {processor.py:208} INFO - Processing /home/airflow/.local/lib/python3.12/site-packages/airflow/example_dags/example_skip_dag.py took 0.126 seconds
