[2025-06-26T23:11:20.369+0000] {processor.py:186} INFO - Started process (PID=103) to work on /home/airflow/.local/lib/python3.12/site-packages/airflow/example_dags/example_latest_only_with_trigger.py
[2025-06-26T23:11:20.370+0000] {processor.py:914} INFO - Processing file /home/airflow/.local/lib/python3.12/site-packages/airflow/example_dags/example_latest_only_with_trigger.py for tasks to queue
[2025-06-26T23:11:20.374+0000] {logging_mixin.py:190} INFO - [2025-06-26T23:11:20.373+0000] {dagbag.py:588} INFO - Filling up the DagBag from /home/airflow/.local/lib/python3.12/site-packages/airflow/example_dags/example_latest_only_with_trigger.py
[2025-06-26T23:11:20.386+0000] {processor.py:925} INFO - DAG(s) 'latest_only_with_trigger' retrieved from /home/airflow/.local/lib/python3.12/site-packages/airflow/example_dags/example_latest_only_with_trigger.py
[2025-06-26T23:11:20.557+0000] {logging_mixin.py:190} INFO - [2025-06-26T23:11:20.556+0000] {override.py:1900} INFO - Created Permission View: can read on DAG:latest_only_with_trigger
[2025-06-26T23:11:20.570+0000] {logging_mixin.py:190} INFO - [2025-06-26T23:11:20.570+0000] {override.py:1900} INFO - Created Permission View: can edit on DAG:latest_only_with_trigger
[2025-06-26T23:11:20.579+0000] {logging_mixin.py:190} INFO - [2025-06-26T23:11:20.579+0000] {override.py:1900} INFO - Created Permission View: can delete on DAG:latest_only_with_trigger
[2025-06-26T23:11:20.589+0000] {logging_mixin.py:190} INFO - [2025-06-26T23:11:20.588+0000] {override.py:1900} INFO - Created Permission View: can read on DAG Run:latest_only_with_trigger
[2025-06-26T23:11:20.598+0000] {logging_mixin.py:190} INFO - [2025-06-26T23:11:20.597+0000] {override.py:1900} INFO - Created Permission View: can create on DAG Run:latest_only_with_trigger
[2025-06-26T23:11:20.607+0000] {logging_mixin.py:190} INFO - [2025-06-26T23:11:20.607+0000] {override.py:1900} INFO - Created Permission View: menu access on DAG Run:latest_only_with_trigger
[2025-06-26T23:11:20.617+0000] {logging_mixin.py:190} INFO - [2025-06-26T23:11:20.617+0000] {override.py:1900} INFO - Created Permission View: can delete on DAG Run:latest_only_with_trigger
[2025-06-26T23:11:20.618+0000] {logging_mixin.py:190} INFO - [2025-06-26T23:11:20.617+0000] {dag.py:3239} INFO - Sync 1 DAGs
[2025-06-26T23:11:20.640+0000] {logging_mixin.py:190} INFO - [2025-06-26T23:11:20.640+0000] {dag.py:3262} INFO - Creating ORM DAG for latest_only_with_trigger
[2025-06-26T23:11:20.655+0000] {logging_mixin.py:190} INFO - [2025-06-26T23:11:20.655+0000] {dag.py:4180} INFO - Setting next_dagrun for latest_only_with_trigger to 2025-06-26 16:00:00+00:00, run_after=2025-06-26 20:00:00+00:00
[2025-06-26T23:11:20.678+0000] {processor.py:208} INFO - Processing /home/airflow/.local/lib/python3.12/site-packages/airflow/example_dags/example_latest_only_with_trigger.py took 0.317 seconds
[2025-06-26T23:11:51.512+0000] {processor.py:186} INFO - Started process (PID=166) to work on /home/airflow/.local/lib/python3.12/site-packages/airflow/example_dags/example_latest_only_with_trigger.py
[2025-06-26T23:11:51.514+0000] {processor.py:914} INFO - Processing file /home/airflow/.local/lib/python3.12/site-packages/airflow/example_dags/example_latest_only_with_trigger.py for tasks to queue
[2025-06-26T23:11:51.519+0000] {logging_mixin.py:190} INFO - [2025-06-26T23:11:51.519+0000] {dagbag.py:588} INFO - Filling up the DagBag from /home/airflow/.local/lib/python3.12/site-packages/airflow/example_dags/example_latest_only_with_trigger.py
[2025-06-26T23:11:51.533+0000] {processor.py:925} INFO - DAG(s) 'latest_only_with_trigger' retrieved from /home/airflow/.local/lib/python3.12/site-packages/airflow/example_dags/example_latest_only_with_trigger.py
[2025-06-26T23:11:51.569+0000] {logging_mixin.py:190} INFO - [2025-06-26T23:11:51.569+0000] {dag.py:3239} INFO - Sync 1 DAGs
[2025-06-26T23:11:51.615+0000] {logging_mixin.py:190} INFO - [2025-06-26T23:11:51.614+0000] {dag.py:4180} INFO - Setting next_dagrun for latest_only_with_trigger to 2025-06-26 16:00:00+00:00, run_after=2025-06-26 20:00:00+00:00
[2025-06-26T23:11:51.651+0000] {processor.py:208} INFO - Processing /home/airflow/.local/lib/python3.12/site-packages/airflow/example_dags/example_latest_only_with_trigger.py took 0.150 seconds
[2025-06-26T23:12:22.055+0000] {processor.py:186} INFO - Started process (PID=228) to work on /home/airflow/.local/lib/python3.12/site-packages/airflow/example_dags/example_latest_only_with_trigger.py
[2025-06-26T23:12:22.056+0000] {processor.py:914} INFO - Processing file /home/airflow/.local/lib/python3.12/site-packages/airflow/example_dags/example_latest_only_with_trigger.py for tasks to queue
[2025-06-26T23:12:22.060+0000] {logging_mixin.py:190} INFO - [2025-06-26T23:12:22.059+0000] {dagbag.py:588} INFO - Filling up the DagBag from /home/airflow/.local/lib/python3.12/site-packages/airflow/example_dags/example_latest_only_with_trigger.py
[2025-06-26T23:12:22.073+0000] {processor.py:925} INFO - DAG(s) 'latest_only_with_trigger' retrieved from /home/airflow/.local/lib/python3.12/site-packages/airflow/example_dags/example_latest_only_with_trigger.py
[2025-06-26T23:12:22.110+0000] {logging_mixin.py:190} INFO - [2025-06-26T23:12:22.110+0000] {dag.py:3239} INFO - Sync 1 DAGs
[2025-06-26T23:12:22.159+0000] {logging_mixin.py:190} INFO - [2025-06-26T23:12:22.158+0000] {dag.py:4180} INFO - Setting next_dagrun for latest_only_with_trigger to 2025-06-26 16:00:00+00:00, run_after=2025-06-26 20:00:00+00:00
[2025-06-26T23:12:22.199+0000] {processor.py:208} INFO - Processing /home/airflow/.local/lib/python3.12/site-packages/airflow/example_dags/example_latest_only_with_trigger.py took 0.157 seconds
[2025-06-26T23:12:53.174+0000] {processor.py:186} INFO - Started process (PID=291) to work on /home/airflow/.local/lib/python3.12/site-packages/airflow/example_dags/example_latest_only_with_trigger.py
[2025-06-26T23:12:53.176+0000] {processor.py:914} INFO - Processing file /home/airflow/.local/lib/python3.12/site-packages/airflow/example_dags/example_latest_only_with_trigger.py for tasks to queue
[2025-06-26T23:12:53.179+0000] {logging_mixin.py:190} INFO - [2025-06-26T23:12:53.179+0000] {dagbag.py:588} INFO - Filling up the DagBag from /home/airflow/.local/lib/python3.12/site-packages/airflow/example_dags/example_latest_only_with_trigger.py
[2025-06-26T23:12:53.192+0000] {processor.py:925} INFO - DAG(s) 'latest_only_with_trigger' retrieved from /home/airflow/.local/lib/python3.12/site-packages/airflow/example_dags/example_latest_only_with_trigger.py
[2025-06-26T23:12:53.226+0000] {logging_mixin.py:190} INFO - [2025-06-26T23:12:53.225+0000] {dag.py:3239} INFO - Sync 1 DAGs
[2025-06-26T23:12:53.263+0000] {logging_mixin.py:190} INFO - [2025-06-26T23:12:53.263+0000] {dag.py:4180} INFO - Setting next_dagrun for latest_only_with_trigger to 2025-06-26 16:00:00+00:00, run_after=2025-06-26 20:00:00+00:00
[2025-06-26T23:12:53.284+0000] {processor.py:208} INFO - Processing /home/airflow/.local/lib/python3.12/site-packages/airflow/example_dags/example_latest_only_with_trigger.py took 0.119 seconds
