[2025-06-26T23:11:16.066+0000] {processor.py:186} INFO - Started process (PID=82) to work on /home/airflow/.local/lib/python3.12/site-packages/airflow/example_dags/example_time_delta_sensor_async.py
[2025-06-26T23:11:16.067+0000] {processor.py:914} INFO - Processing file /home/airflow/.local/lib/python3.12/site-packages/airflow/example_dags/example_time_delta_sensor_async.py for tasks to queue
[2025-06-26T23:11:16.070+0000] {logging_mixin.py:190} INFO - [2025-06-26T23:11:16.069+0000] {dagbag.py:588} INFO - Filling up the DagBag from /home/airflow/.local/lib/python3.12/site-packages/airflow/example_dags/example_time_delta_sensor_async.py
[2025-06-26T23:11:16.079+0000] {processor.py:925} INFO - DAG(s) 'example_time_delta_sensor_async' retrieved from /home/airflow/.local/lib/python3.12/site-packages/airflow/example_dags/example_time_delta_sensor_async.py
[2025-06-26T23:11:16.260+0000] {logging_mixin.py:190} INFO - [2025-06-26T23:11:16.259+0000] {override.py:1900} INFO - Created Permission View: can read on DAG:example_time_delta_sensor_async
[2025-06-26T23:11:16.276+0000] {logging_mixin.py:190} INFO - [2025-06-26T23:11:16.276+0000] {override.py:1900} INFO - Created Permission View: can edit on DAG:example_time_delta_sensor_async
[2025-06-26T23:11:16.286+0000] {logging_mixin.py:190} INFO - [2025-06-26T23:11:16.285+0000] {override.py:1900} INFO - Created Permission View: can delete on DAG:example_time_delta_sensor_async
[2025-06-26T23:11:16.296+0000] {logging_mixin.py:190} INFO - [2025-06-26T23:11:16.296+0000] {override.py:1900} INFO - Created Permission View: can read on DAG Run:example_time_delta_sensor_async
[2025-06-26T23:11:16.307+0000] {logging_mixin.py:190} INFO - [2025-06-26T23:11:16.306+0000] {override.py:1900} INFO - Created Permission View: can create on DAG Run:example_time_delta_sensor_async
[2025-06-26T23:11:16.317+0000] {logging_mixin.py:190} INFO - [2025-06-26T23:11:16.316+0000] {override.py:1900} INFO - Created Permission View: menu access on DAG Run:example_time_delta_sensor_async
[2025-06-26T23:11:16.326+0000] {logging_mixin.py:190} INFO - [2025-06-26T23:11:16.326+0000] {override.py:1900} INFO - Created Permission View: can delete on DAG Run:example_time_delta_sensor_async
[2025-06-26T23:11:16.327+0000] {logging_mixin.py:190} INFO - [2025-06-26T23:11:16.326+0000] {dag.py:3239} INFO - Sync 1 DAGs
[2025-06-26T23:11:16.348+0000] {logging_mixin.py:190} INFO - [2025-06-26T23:11:16.347+0000] {dag.py:3262} INFO - Creating ORM DAG for example_time_delta_sensor_async
[2025-06-26T23:11:16.349+0000] {logging_mixin.py:190} INFO - [2025-06-26T23:11:16.349+0000] {dag.py:4180} INFO - Setting next_dagrun for example_time_delta_sensor_async to None, run_after=None
[2025-06-26T23:11:16.372+0000] {processor.py:208} INFO - Processing /home/airflow/.local/lib/python3.12/site-packages/airflow/example_dags/example_time_delta_sensor_async.py took 0.314 seconds
[2025-06-26T23:11:47.025+0000] {processor.py:186} INFO - Started process (PID=145) to work on /home/airflow/.local/lib/python3.12/site-packages/airflow/example_dags/example_time_delta_sensor_async.py
[2025-06-26T23:11:47.028+0000] {processor.py:914} INFO - Processing file /home/airflow/.local/lib/python3.12/site-packages/airflow/example_dags/example_time_delta_sensor_async.py for tasks to queue
[2025-06-26T23:11:47.035+0000] {logging_mixin.py:190} INFO - [2025-06-26T23:11:47.034+0000] {dagbag.py:588} INFO - Filling up the DagBag from /home/airflow/.local/lib/python3.12/site-packages/airflow/example_dags/example_time_delta_sensor_async.py
[2025-06-26T23:11:47.057+0000] {processor.py:925} INFO - DAG(s) 'example_time_delta_sensor_async' retrieved from /home/airflow/.local/lib/python3.12/site-packages/airflow/example_dags/example_time_delta_sensor_async.py
[2025-06-26T23:11:47.106+0000] {logging_mixin.py:190} INFO - [2025-06-26T23:11:47.106+0000] {dag.py:3239} INFO - Sync 1 DAGs
[2025-06-26T23:11:47.139+0000] {logging_mixin.py:190} INFO - [2025-06-26T23:11:47.139+0000] {dag.py:4180} INFO - Setting next_dagrun for example_time_delta_sensor_async to None, run_after=None
[2025-06-26T23:11:47.172+0000] {processor.py:208} INFO - Processing /home/airflow/.local/lib/python3.12/site-packages/airflow/example_dags/example_time_delta_sensor_async.py took 0.166 seconds
[2025-06-26T23:12:17.768+0000] {processor.py:186} INFO - Started process (PID=207) to work on /home/airflow/.local/lib/python3.12/site-packages/airflow/example_dags/example_time_delta_sensor_async.py
[2025-06-26T23:12:17.769+0000] {processor.py:914} INFO - Processing file /home/airflow/.local/lib/python3.12/site-packages/airflow/example_dags/example_time_delta_sensor_async.py for tasks to queue
[2025-06-26T23:12:17.773+0000] {logging_mixin.py:190} INFO - [2025-06-26T23:12:17.773+0000] {dagbag.py:588} INFO - Filling up the DagBag from /home/airflow/.local/lib/python3.12/site-packages/airflow/example_dags/example_time_delta_sensor_async.py
[2025-06-26T23:12:17.786+0000] {processor.py:925} INFO - DAG(s) 'example_time_delta_sensor_async' retrieved from /home/airflow/.local/lib/python3.12/site-packages/airflow/example_dags/example_time_delta_sensor_async.py
[2025-06-26T23:12:17.821+0000] {logging_mixin.py:190} INFO - [2025-06-26T23:12:17.820+0000] {dag.py:3239} INFO - Sync 1 DAGs
[2025-06-26T23:12:17.850+0000] {logging_mixin.py:190} INFO - [2025-06-26T23:12:17.850+0000] {dag.py:4180} INFO - Setting next_dagrun for example_time_delta_sensor_async to None, run_after=None
[2025-06-26T23:12:17.885+0000] {processor.py:208} INFO - Processing /home/airflow/.local/lib/python3.12/site-packages/airflow/example_dags/example_time_delta_sensor_async.py took 0.129 seconds
[2025-06-26T23:12:48.152+0000] {processor.py:186} INFO - Started process (PID=270) to work on /home/airflow/.local/lib/python3.12/site-packages/airflow/example_dags/example_time_delta_sensor_async.py
[2025-06-26T23:12:48.153+0000] {processor.py:914} INFO - Processing file /home/airflow/.local/lib/python3.12/site-packages/airflow/example_dags/example_time_delta_sensor_async.py for tasks to queue
[2025-06-26T23:12:48.156+0000] {logging_mixin.py:190} INFO - [2025-06-26T23:12:48.155+0000] {dagbag.py:588} INFO - Filling up the DagBag from /home/airflow/.local/lib/python3.12/site-packages/airflow/example_dags/example_time_delta_sensor_async.py
[2025-06-26T23:12:48.165+0000] {processor.py:925} INFO - DAG(s) 'example_time_delta_sensor_async' retrieved from /home/airflow/.local/lib/python3.12/site-packages/airflow/example_dags/example_time_delta_sensor_async.py
[2025-06-26T23:12:48.189+0000] {logging_mixin.py:190} INFO - [2025-06-26T23:12:48.189+0000] {dag.py:3239} INFO - Sync 1 DAGs
[2025-06-26T23:12:48.206+0000] {logging_mixin.py:190} INFO - [2025-06-26T23:12:48.206+0000] {dag.py:4180} INFO - Setting next_dagrun for example_time_delta_sensor_async to None, run_after=None
[2025-06-26T23:12:48.233+0000] {processor.py:208} INFO - Processing /home/airflow/.local/lib/python3.12/site-packages/airflow/example_dags/example_time_delta_sensor_async.py took 0.089 seconds
