[2025-06-26T23:11:17.225+0000] {processor.py:186} INFO - Started process (PID=88) to work on /home/airflow/.local/lib/python3.12/site-packages/airflow/example_dags/example_branch_datetime_operator.py
[2025-06-26T23:11:17.226+0000] {processor.py:914} INFO - Processing file /home/airflow/.local/lib/python3.12/site-packages/airflow/example_dags/example_branch_datetime_operator.py for tasks to queue
[2025-06-26T23:11:17.230+0000] {logging_mixin.py:190} INFO - [2025-06-26T23:11:17.230+0000] {dagbag.py:588} INFO - Filling up the DagBag from /home/airflow/.local/lib/python3.12/site-packages/airflow/example_dags/example_branch_datetime_operator.py
[2025-06-26T23:11:17.253+0000] {processor.py:925} INFO - DAG(s) 'example_branch_datetime_operator', 'example_branch_datetime_operator_2', 'example_branch_datetime_operator_3' retrieved from /home/airflow/.local/lib/python3.12/site-packages/airflow/example_dags/example_branch_datetime_operator.py
[2025-06-26T23:11:17.427+0000] {logging_mixin.py:190} INFO - [2025-06-26T23:11:17.426+0000] {override.py:1900} INFO - Created Permission View: can read on DAG:example_branch_datetime_operator
[2025-06-26T23:11:17.442+0000] {logging_mixin.py:190} INFO - [2025-06-26T23:11:17.441+0000] {override.py:1900} INFO - Created Permission View: can edit on DAG:example_branch_datetime_operator
[2025-06-26T23:11:17.452+0000] {logging_mixin.py:190} INFO - [2025-06-26T23:11:17.452+0000] {override.py:1900} INFO - Created Permission View: can delete on DAG:example_branch_datetime_operator
[2025-06-26T23:11:17.462+0000] {logging_mixin.py:190} INFO - [2025-06-26T23:11:17.462+0000] {override.py:1900} INFO - Created Permission View: can read on DAG Run:example_branch_datetime_operator
[2025-06-26T23:11:17.472+0000] {logging_mixin.py:190} INFO - [2025-06-26T23:11:17.471+0000] {override.py:1900} INFO - Created Permission View: can create on DAG Run:example_branch_datetime_operator
[2025-06-26T23:11:17.481+0000] {logging_mixin.py:190} INFO - [2025-06-26T23:11:17.481+0000] {override.py:1900} INFO - Created Permission View: menu access on DAG Run:example_branch_datetime_operator
[2025-06-26T23:11:17.492+0000] {logging_mixin.py:190} INFO - [2025-06-26T23:11:17.491+0000] {override.py:1900} INFO - Created Permission View: can delete on DAG Run:example_branch_datetime_operator
[2025-06-26T23:11:17.510+0000] {logging_mixin.py:190} INFO - [2025-06-26T23:11:17.510+0000] {override.py:1900} INFO - Created Permission View: can read on DAG:example_branch_datetime_operator_2
[2025-06-26T23:11:17.519+0000] {logging_mixin.py:190} INFO - [2025-06-26T23:11:17.518+0000] {override.py:1900} INFO - Created Permission View: can edit on DAG:example_branch_datetime_operator_2
[2025-06-26T23:11:17.528+0000] {logging_mixin.py:190} INFO - [2025-06-26T23:11:17.528+0000] {override.py:1900} INFO - Created Permission View: can delete on DAG:example_branch_datetime_operator_2
[2025-06-26T23:11:17.537+0000] {logging_mixin.py:190} INFO - [2025-06-26T23:11:17.537+0000] {override.py:1900} INFO - Created Permission View: can read on DAG Run:example_branch_datetime_operator_2
[2025-06-26T23:11:17.546+0000] {logging_mixin.py:190} INFO - [2025-06-26T23:11:17.545+0000] {override.py:1900} INFO - Created Permission View: can create on DAG Run:example_branch_datetime_operator_2
[2025-06-26T23:11:17.554+0000] {logging_mixin.py:190} INFO - [2025-06-26T23:11:17.554+0000] {override.py:1900} INFO - Created Permission View: menu access on DAG Run:example_branch_datetime_operator_2
[2025-06-26T23:11:17.562+0000] {logging_mixin.py:190} INFO - [2025-06-26T23:11:17.562+0000] {override.py:1900} INFO - Created Permission View: can delete on DAG Run:example_branch_datetime_operator_2
[2025-06-26T23:11:17.579+0000] {logging_mixin.py:190} INFO - [2025-06-26T23:11:17.579+0000] {override.py:1900} INFO - Created Permission View: can read on DAG:example_branch_datetime_operator_3
[2025-06-26T23:11:17.587+0000] {logging_mixin.py:190} INFO - [2025-06-26T23:11:17.587+0000] {override.py:1900} INFO - Created Permission View: can edit on DAG:example_branch_datetime_operator_3
[2025-06-26T23:11:17.598+0000] {logging_mixin.py:190} INFO - [2025-06-26T23:11:17.598+0000] {override.py:1900} INFO - Created Permission View: can delete on DAG:example_branch_datetime_operator_3
[2025-06-26T23:11:17.607+0000] {logging_mixin.py:190} INFO - [2025-06-26T23:11:17.607+0000] {override.py:1900} INFO - Created Permission View: can read on DAG Run:example_branch_datetime_operator_3
[2025-06-26T23:11:17.616+0000] {logging_mixin.py:190} INFO - [2025-06-26T23:11:17.616+0000] {override.py:1900} INFO - Created Permission View: can create on DAG Run:example_branch_datetime_operator_3
[2025-06-26T23:11:17.625+0000] {logging_mixin.py:190} INFO - [2025-06-26T23:11:17.625+0000] {override.py:1900} INFO - Created Permission View: menu access on DAG Run:example_branch_datetime_operator_3
[2025-06-26T23:11:17.636+0000] {logging_mixin.py:190} INFO - [2025-06-26T23:11:17.635+0000] {override.py:1900} INFO - Created Permission View: can delete on DAG Run:example_branch_datetime_operator_3
[2025-06-26T23:11:17.637+0000] {logging_mixin.py:190} INFO - [2025-06-26T23:11:17.637+0000] {dag.py:3239} INFO - Sync 3 DAGs
[2025-06-26T23:11:17.662+0000] {logging_mixin.py:190} INFO - [2025-06-26T23:11:17.662+0000] {dag.py:3262} INFO - Creating ORM DAG for example_branch_datetime_operator_2
[2025-06-26T23:11:17.663+0000] {logging_mixin.py:190} INFO - [2025-06-26T23:11:17.663+0000] {dag.py:3262} INFO - Creating ORM DAG for example_branch_datetime_operator
[2025-06-26T23:11:17.664+0000] {logging_mixin.py:190} INFO - [2025-06-26T23:11:17.664+0000] {dag.py:3262} INFO - Creating ORM DAG for example_branch_datetime_operator_3
[2025-06-26T23:11:17.687+0000] {logging_mixin.py:190} INFO - [2025-06-26T23:11:17.687+0000] {dag.py:4180} INFO - Setting next_dagrun for example_branch_datetime_operator to 2025-06-25 00:00:00+00:00, run_after=2025-06-26 00:00:00+00:00
[2025-06-26T23:11:17.692+0000] {logging_mixin.py:190} INFO - [2025-06-26T23:11:17.692+0000] {dag.py:4180} INFO - Setting next_dagrun for example_branch_datetime_operator_2 to 2025-06-25 00:00:00+00:00, run_after=2025-06-26 00:00:00+00:00
[2025-06-26T23:11:17.696+0000] {logging_mixin.py:190} INFO - [2025-06-26T23:11:17.695+0000] {dag.py:4180} INFO - Setting next_dagrun for example_branch_datetime_operator_3 to 2025-06-25 00:00:00+00:00, run_after=2025-06-26 00:00:00+00:00
[2025-06-26T23:11:17.724+0000] {processor.py:208} INFO - Processing /home/airflow/.local/lib/python3.12/site-packages/airflow/example_dags/example_branch_datetime_operator.py took 0.507 seconds
[2025-06-26T23:11:47.855+0000] {processor.py:186} INFO - Started process (PID=151) to work on /home/airflow/.local/lib/python3.12/site-packages/airflow/example_dags/example_branch_datetime_operator.py
[2025-06-26T23:11:47.856+0000] {processor.py:914} INFO - Processing file /home/airflow/.local/lib/python3.12/site-packages/airflow/example_dags/example_branch_datetime_operator.py for tasks to queue
[2025-06-26T23:11:47.862+0000] {logging_mixin.py:190} INFO - [2025-06-26T23:11:47.862+0000] {dagbag.py:588} INFO - Filling up the DagBag from /home/airflow/.local/lib/python3.12/site-packages/airflow/example_dags/example_branch_datetime_operator.py
[2025-06-26T23:11:47.888+0000] {processor.py:925} INFO - DAG(s) 'example_branch_datetime_operator_3', 'example_branch_datetime_operator_2', 'example_branch_datetime_operator' retrieved from /home/airflow/.local/lib/python3.12/site-packages/airflow/example_dags/example_branch_datetime_operator.py
[2025-06-26T23:11:47.938+0000] {logging_mixin.py:190} INFO - [2025-06-26T23:11:47.938+0000] {dag.py:3239} INFO - Sync 3 DAGs
[2025-06-26T23:11:47.991+0000] {logging_mixin.py:190} INFO - [2025-06-26T23:11:47.990+0000] {dag.py:4180} INFO - Setting next_dagrun for example_branch_datetime_operator to 2025-06-25 00:00:00+00:00, run_after=2025-06-26 00:00:00+00:00
[2025-06-26T23:11:48.004+0000] {logging_mixin.py:190} INFO - [2025-06-26T23:11:48.003+0000] {dag.py:4180} INFO - Setting next_dagrun for example_branch_datetime_operator_2 to 2025-06-25 00:00:00+00:00, run_after=2025-06-26 00:00:00+00:00
[2025-06-26T23:11:48.009+0000] {logging_mixin.py:190} INFO - [2025-06-26T23:11:48.009+0000] {dag.py:4180} INFO - Setting next_dagrun for example_branch_datetime_operator_3 to 2025-06-25 00:00:00+00:00, run_after=2025-06-26 00:00:00+00:00
[2025-06-26T23:11:48.044+0000] {processor.py:208} INFO - Processing /home/airflow/.local/lib/python3.12/site-packages/airflow/example_dags/example_branch_datetime_operator.py took 0.199 seconds
[2025-06-26T23:12:18.585+0000] {processor.py:186} INFO - Started process (PID=213) to work on /home/airflow/.local/lib/python3.12/site-packages/airflow/example_dags/example_branch_datetime_operator.py
[2025-06-26T23:12:18.587+0000] {processor.py:914} INFO - Processing file /home/airflow/.local/lib/python3.12/site-packages/airflow/example_dags/example_branch_datetime_operator.py for tasks to queue
[2025-06-26T23:12:18.591+0000] {logging_mixin.py:190} INFO - [2025-06-26T23:12:18.590+0000] {dagbag.py:588} INFO - Filling up the DagBag from /home/airflow/.local/lib/python3.12/site-packages/airflow/example_dags/example_branch_datetime_operator.py
[2025-06-26T23:12:18.615+0000] {processor.py:925} INFO - DAG(s) 'example_branch_datetime_operator', 'example_branch_datetime_operator_3', 'example_branch_datetime_operator_2' retrieved from /home/airflow/.local/lib/python3.12/site-packages/airflow/example_dags/example_branch_datetime_operator.py
[2025-06-26T23:12:18.667+0000] {logging_mixin.py:190} INFO - [2025-06-26T23:12:18.667+0000] {dag.py:3239} INFO - Sync 3 DAGs
[2025-06-26T23:12:18.728+0000] {logging_mixin.py:190} INFO - [2025-06-26T23:12:18.728+0000] {dag.py:4180} INFO - Setting next_dagrun for example_branch_datetime_operator to 2025-06-25 00:00:00+00:00, run_after=2025-06-26 00:00:00+00:00
[2025-06-26T23:12:18.743+0000] {logging_mixin.py:190} INFO - [2025-06-26T23:12:18.743+0000] {dag.py:4180} INFO - Setting next_dagrun for example_branch_datetime_operator_2 to 2025-06-25 00:00:00+00:00, run_after=2025-06-26 00:00:00+00:00
[2025-06-26T23:12:18.751+0000] {logging_mixin.py:190} INFO - [2025-06-26T23:12:18.750+0000] {dag.py:4180} INFO - Setting next_dagrun for example_branch_datetime_operator_3 to 2025-06-25 00:00:00+00:00, run_after=2025-06-26 00:00:00+00:00
[2025-06-26T23:12:18.785+0000] {processor.py:208} INFO - Processing /home/airflow/.local/lib/python3.12/site-packages/airflow/example_dags/example_branch_datetime_operator.py took 0.211 seconds
[2025-06-26T23:12:49.560+0000] {processor.py:186} INFO - Started process (PID=276) to work on /home/airflow/.local/lib/python3.12/site-packages/airflow/example_dags/example_branch_datetime_operator.py
[2025-06-26T23:12:49.561+0000] {processor.py:914} INFO - Processing file /home/airflow/.local/lib/python3.12/site-packages/airflow/example_dags/example_branch_datetime_operator.py for tasks to queue
[2025-06-26T23:12:49.564+0000] {logging_mixin.py:190} INFO - [2025-06-26T23:12:49.563+0000] {dagbag.py:588} INFO - Filling up the DagBag from /home/airflow/.local/lib/python3.12/site-packages/airflow/example_dags/example_branch_datetime_operator.py
[2025-06-26T23:12:49.579+0000] {processor.py:925} INFO - DAG(s) 'example_branch_datetime_operator', 'example_branch_datetime_operator_3', 'example_branch_datetime_operator_2' retrieved from /home/airflow/.local/lib/python3.12/site-packages/airflow/example_dags/example_branch_datetime_operator.py
[2025-06-26T23:12:49.612+0000] {logging_mixin.py:190} INFO - [2025-06-26T23:12:49.612+0000] {dag.py:3239} INFO - Sync 3 DAGs
[2025-06-26T23:12:49.661+0000] {logging_mixin.py:190} INFO - [2025-06-26T23:12:49.660+0000] {dag.py:4180} INFO - Setting next_dagrun for example_branch_datetime_operator to 2025-06-25 00:00:00+00:00, run_after=2025-06-26 00:00:00+00:00
[2025-06-26T23:12:49.667+0000] {logging_mixin.py:190} INFO - [2025-06-26T23:12:49.666+0000] {dag.py:4180} INFO - Setting next_dagrun for example_branch_datetime_operator_2 to 2025-06-25 00:00:00+00:00, run_after=2025-06-26 00:00:00+00:00
[2025-06-26T23:12:49.671+0000] {logging_mixin.py:190} INFO - [2025-06-26T23:12:49.671+0000] {dag.py:4180} INFO - Setting next_dagrun for example_branch_datetime_operator_3 to 2025-06-25 00:00:00+00:00, run_after=2025-06-26 00:00:00+00:00
[2025-06-26T23:12:49.697+0000] {processor.py:208} INFO - Processing /home/airflow/.local/lib/python3.12/site-packages/airflow/example_dags/example_branch_datetime_operator.py took 0.144 seconds
