[2025-06-26T23:11:10.411+0000] {processor.py:186} INFO - Started process (PID=64) to work on /home/airflow/.local/lib/python3.12/site-packages/airflow/example_dags/example_dag_decorator.py
[2025-06-26T23:11:10.417+0000] {processor.py:914} INFO - Processing file /home/airflow/.local/lib/python3.12/site-packages/airflow/example_dags/example_dag_decorator.py for tasks to queue
[2025-06-26T23:11:10.435+0000] {logging_mixin.py:190} INFO - [2025-06-26T23:11:10.434+0000] {dagbag.py:588} INFO - Filling up the DagBag from /home/airflow/.local/lib/python3.12/site-packages/airflow/example_dags/example_dag_decorator.py
[2025-06-26T23:11:10.556+0000] {processor.py:925} INFO - DAG(s) 'example_dag_decorator' retrieved from /home/airflow/.local/lib/python3.12/site-packages/airflow/example_dags/example_dag_decorator.py
[2025-06-26T23:11:11.195+0000] {logging_mixin.py:190} INFO - [2025-06-26T23:11:11.194+0000] {override.py:1900} INFO - Created Permission View: can read on DAG:example_dag_decorator
[2025-06-26T23:11:11.211+0000] {logging_mixin.py:190} INFO - [2025-06-26T23:11:11.210+0000] {override.py:1900} INFO - Created Permission View: can edit on DAG:example_dag_decorator
[2025-06-26T23:11:11.221+0000] {logging_mixin.py:190} INFO - [2025-06-26T23:11:11.221+0000] {override.py:1900} INFO - Created Permission View: can delete on DAG:example_dag_decorator
[2025-06-26T23:11:11.232+0000] {logging_mixin.py:190} INFO - [2025-06-26T23:11:11.232+0000] {override.py:1900} INFO - Created Permission View: can read on DAG Run:example_dag_decorator
[2025-06-26T23:11:11.242+0000] {logging_mixin.py:190} INFO - [2025-06-26T23:11:11.242+0000] {override.py:1900} INFO - Created Permission View: can create on DAG Run:example_dag_decorator
[2025-06-26T23:11:11.252+0000] {logging_mixin.py:190} INFO - [2025-06-26T23:11:11.252+0000] {override.py:1900} INFO - Created Permission View: menu access on DAG Run:example_dag_decorator
[2025-06-26T23:11:11.266+0000] {logging_mixin.py:190} INFO - [2025-06-26T23:11:11.265+0000] {override.py:1900} INFO - Created Permission View: can delete on DAG Run:example_dag_decorator
[2025-06-26T23:11:11.266+0000] {logging_mixin.py:190} INFO - [2025-06-26T23:11:11.266+0000] {dag.py:3239} INFO - Sync 1 DAGs
[2025-06-26T23:11:11.290+0000] {logging_mixin.py:190} INFO - [2025-06-26T23:11:11.290+0000] {dag.py:3262} INFO - Creating ORM DAG for example_dag_decorator
[2025-06-26T23:11:11.291+0000] {logging_mixin.py:190} INFO - [2025-06-26T23:11:11.291+0000] {dag.py:4180} INFO - Setting next_dagrun for example_dag_decorator to None, run_after=None
[2025-06-26T23:11:11.365+0000] {processor.py:208} INFO - Processing /home/airflow/.local/lib/python3.12/site-packages/airflow/example_dags/example_dag_decorator.py took 1.001 seconds
[2025-06-26T23:11:41.510+0000] {processor.py:186} INFO - Started process (PID=128) to work on /home/airflow/.local/lib/python3.12/site-packages/airflow/example_dags/example_dag_decorator.py
[2025-06-26T23:11:41.512+0000] {processor.py:914} INFO - Processing file /home/airflow/.local/lib/python3.12/site-packages/airflow/example_dags/example_dag_decorator.py for tasks to queue
[2025-06-26T23:11:41.514+0000] {logging_mixin.py:190} INFO - [2025-06-26T23:11:41.514+0000] {dagbag.py:588} INFO - Filling up the DagBag from /home/airflow/.local/lib/python3.12/site-packages/airflow/example_dags/example_dag_decorator.py
[2025-06-26T23:11:41.529+0000] {processor.py:925} INFO - DAG(s) 'example_dag_decorator' retrieved from /home/airflow/.local/lib/python3.12/site-packages/airflow/example_dags/example_dag_decorator.py
[2025-06-26T23:11:41.665+0000] {logging_mixin.py:190} INFO - [2025-06-26T23:11:41.664+0000] {dag.py:3239} INFO - Sync 1 DAGs
[2025-06-26T23:11:41.678+0000] {logging_mixin.py:190} INFO - [2025-06-26T23:11:41.677+0000] {dag.py:4180} INFO - Setting next_dagrun for example_dag_decorator to None, run_after=None
[2025-06-26T23:11:41.698+0000] {processor.py:208} INFO - Processing /home/airflow/.local/lib/python3.12/site-packages/airflow/example_dags/example_dag_decorator.py took 0.195 seconds
[2025-06-26T23:12:12.102+0000] {processor.py:186} INFO - Started process (PID=189) to work on /home/airflow/.local/lib/python3.12/site-packages/airflow/example_dags/example_dag_decorator.py
[2025-06-26T23:12:12.103+0000] {processor.py:914} INFO - Processing file /home/airflow/.local/lib/python3.12/site-packages/airflow/example_dags/example_dag_decorator.py for tasks to queue
[2025-06-26T23:12:12.106+0000] {logging_mixin.py:190} INFO - [2025-06-26T23:12:12.106+0000] {dagbag.py:588} INFO - Filling up the DagBag from /home/airflow/.local/lib/python3.12/site-packages/airflow/example_dags/example_dag_decorator.py
[2025-06-26T23:12:12.127+0000] {processor.py:925} INFO - DAG(s) 'example_dag_decorator' retrieved from /home/airflow/.local/lib/python3.12/site-packages/airflow/example_dags/example_dag_decorator.py
[2025-06-26T23:12:12.303+0000] {logging_mixin.py:190} INFO - [2025-06-26T23:12:12.302+0000] {dag.py:3239} INFO - Sync 1 DAGs
[2025-06-26T23:12:12.319+0000] {logging_mixin.py:190} INFO - [2025-06-26T23:12:12.318+0000] {dag.py:4180} INFO - Setting next_dagrun for example_dag_decorator to None, run_after=None
[2025-06-26T23:12:12.339+0000] {processor.py:208} INFO - Processing /home/airflow/.local/lib/python3.12/site-packages/airflow/example_dags/example_dag_decorator.py took 0.244 seconds
[2025-06-26T23:12:42.555+0000] {processor.py:186} INFO - Started process (PID=252) to work on /home/airflow/.local/lib/python3.12/site-packages/airflow/example_dags/example_dag_decorator.py
[2025-06-26T23:12:42.563+0000] {processor.py:914} INFO - Processing file /home/airflow/.local/lib/python3.12/site-packages/airflow/example_dags/example_dag_decorator.py for tasks to queue
[2025-06-26T23:12:42.568+0000] {logging_mixin.py:190} INFO - [2025-06-26T23:12:42.567+0000] {dagbag.py:588} INFO - Filling up the DagBag from /home/airflow/.local/lib/python3.12/site-packages/airflow/example_dags/example_dag_decorator.py
[2025-06-26T23:12:42.600+0000] {processor.py:925} INFO - DAG(s) 'example_dag_decorator' retrieved from /home/airflow/.local/lib/python3.12/site-packages/airflow/example_dags/example_dag_decorator.py
[2025-06-26T23:12:42.840+0000] {logging_mixin.py:190} INFO - [2025-06-26T23:12:42.839+0000] {dag.py:3239} INFO - Sync 1 DAGs
[2025-06-26T23:12:42.860+0000] {logging_mixin.py:190} INFO - [2025-06-26T23:12:42.860+0000] {dag.py:4180} INFO - Setting next_dagrun for example_dag_decorator to None, run_after=None
[2025-06-26T23:12:42.899+0000] {processor.py:208} INFO - Processing /home/airflow/.local/lib/python3.12/site-packages/airflow/example_dags/example_dag_decorator.py took 0.356 seconds
