[2025-06-26T23:11:21.898+0000] {processor.py:186} INFO - Started process (PID=110) to work on /home/airflow/.local/lib/python3.12/site-packages/airflow/example_dags/example_branch_operator_decorator.py
[2025-06-26T23:11:21.899+0000] {processor.py:914} INFO - Processing file /home/airflow/.local/lib/python3.12/site-packages/airflow/example_dags/example_branch_operator_decorator.py for tasks to queue
[2025-06-26T23:11:21.903+0000] {logging_mixin.py:190} INFO - [2025-06-26T23:11:21.903+0000] {dagbag.py:588} INFO - Filling up the DagBag from /home/airflow/.local/lib/python3.12/site-packages/airflow/example_dags/example_branch_operator_decorator.py
[2025-06-26T23:11:21.933+0000] {processor.py:925} INFO - DAG(s) 'example_branch_python_operator_decorator' retrieved from /home/airflow/.local/lib/python3.12/site-packages/airflow/example_dags/example_branch_operator_decorator.py
[2025-06-26T23:11:22.117+0000] {logging_mixin.py:190} INFO - [2025-06-26T23:11:22.116+0000] {override.py:1900} INFO - Created Permission View: can read on DAG:example_branch_python_operator_decorator
[2025-06-26T23:11:22.130+0000] {logging_mixin.py:190} INFO - [2025-06-26T23:11:22.130+0000] {override.py:1900} INFO - Created Permission View: can edit on DAG:example_branch_python_operator_decorator
[2025-06-26T23:11:22.142+0000] {logging_mixin.py:190} INFO - [2025-06-26T23:11:22.141+0000] {override.py:1900} INFO - Created Permission View: can delete on DAG:example_branch_python_operator_decorator
[2025-06-26T23:11:22.151+0000] {logging_mixin.py:190} INFO - [2025-06-26T23:11:22.151+0000] {override.py:1900} INFO - Created Permission View: can read on DAG Run:example_branch_python_operator_decorator
[2025-06-26T23:11:22.160+0000] {logging_mixin.py:190} INFO - [2025-06-26T23:11:22.159+0000] {override.py:1900} INFO - Created Permission View: can create on DAG Run:example_branch_python_operator_decorator
[2025-06-26T23:11:22.169+0000] {logging_mixin.py:190} INFO - [2025-06-26T23:11:22.168+0000] {override.py:1900} INFO - Created Permission View: menu access on DAG Run:example_branch_python_operator_decorator
[2025-06-26T23:11:22.178+0000] {logging_mixin.py:190} INFO - [2025-06-26T23:11:22.177+0000] {override.py:1900} INFO - Created Permission View: can delete on DAG Run:example_branch_python_operator_decorator
[2025-06-26T23:11:22.178+0000] {logging_mixin.py:190} INFO - [2025-06-26T23:11:22.178+0000] {dag.py:3239} INFO - Sync 1 DAGs
[2025-06-26T23:11:22.195+0000] {logging_mixin.py:190} INFO - [2025-06-26T23:11:22.195+0000] {dag.py:3262} INFO - Creating ORM DAG for example_branch_python_operator_decorator
[2025-06-26T23:11:22.209+0000] {logging_mixin.py:190} INFO - [2025-06-26T23:11:22.209+0000] {dag.py:4180} INFO - Setting next_dagrun for example_branch_python_operator_decorator to 2025-06-25 00:00:00+00:00, run_after=2025-06-26 00:00:00+00:00
[2025-06-26T23:11:22.228+0000] {processor.py:208} INFO - Processing /home/airflow/.local/lib/python3.12/site-packages/airflow/example_dags/example_branch_operator_decorator.py took 0.336 seconds
[2025-06-26T23:11:52.410+0000] {processor.py:186} INFO - Started process (PID=173) to work on /home/airflow/.local/lib/python3.12/site-packages/airflow/example_dags/example_branch_operator_decorator.py
[2025-06-26T23:11:52.411+0000] {processor.py:914} INFO - Processing file /home/airflow/.local/lib/python3.12/site-packages/airflow/example_dags/example_branch_operator_decorator.py for tasks to queue
[2025-06-26T23:11:52.414+0000] {logging_mixin.py:190} INFO - [2025-06-26T23:11:52.414+0000] {dagbag.py:588} INFO - Filling up the DagBag from /home/airflow/.local/lib/python3.12/site-packages/airflow/example_dags/example_branch_operator_decorator.py
[2025-06-26T23:11:52.440+0000] {processor.py:925} INFO - DAG(s) 'example_branch_python_operator_decorator' retrieved from /home/airflow/.local/lib/python3.12/site-packages/airflow/example_dags/example_branch_operator_decorator.py
[2025-06-26T23:11:52.488+0000] {logging_mixin.py:190} INFO - [2025-06-26T23:11:52.487+0000] {dag.py:3239} INFO - Sync 1 DAGs
[2025-06-26T23:11:52.527+0000] {logging_mixin.py:190} INFO - [2025-06-26T23:11:52.527+0000] {dag.py:4180} INFO - Setting next_dagrun for example_branch_python_operator_decorator to 2025-06-25 00:00:00+00:00, run_after=2025-06-26 00:00:00+00:00
[2025-06-26T23:11:52.557+0000] {processor.py:208} INFO - Processing /home/airflow/.local/lib/python3.12/site-packages/airflow/example_dags/example_branch_operator_decorator.py took 0.157 seconds
[2025-06-26T23:12:22.720+0000] {processor.py:186} INFO - Started process (PID=235) to work on /home/airflow/.local/lib/python3.12/site-packages/airflow/example_dags/example_branch_operator_decorator.py
[2025-06-26T23:12:22.721+0000] {processor.py:914} INFO - Processing file /home/airflow/.local/lib/python3.12/site-packages/airflow/example_dags/example_branch_operator_decorator.py for tasks to queue
[2025-06-26T23:12:22.724+0000] {logging_mixin.py:190} INFO - [2025-06-26T23:12:22.724+0000] {dagbag.py:588} INFO - Filling up the DagBag from /home/airflow/.local/lib/python3.12/site-packages/airflow/example_dags/example_branch_operator_decorator.py
[2025-06-26T23:12:22.756+0000] {processor.py:925} INFO - DAG(s) 'example_branch_python_operator_decorator' retrieved from /home/airflow/.local/lib/python3.12/site-packages/airflow/example_dags/example_branch_operator_decorator.py
[2025-06-26T23:12:22.791+0000] {logging_mixin.py:190} INFO - [2025-06-26T23:12:22.791+0000] {dag.py:3239} INFO - Sync 1 DAGs
[2025-06-26T23:12:22.820+0000] {logging_mixin.py:190} INFO - [2025-06-26T23:12:22.819+0000] {dag.py:4180} INFO - Setting next_dagrun for example_branch_python_operator_decorator to 2025-06-25 00:00:00+00:00, run_after=2025-06-26 00:00:00+00:00
[2025-06-26T23:12:22.841+0000] {processor.py:208} INFO - Processing /home/airflow/.local/lib/python3.12/site-packages/airflow/example_dags/example_branch_operator_decorator.py took 0.130 seconds
[2025-06-26T23:12:53.792+0000] {processor.py:186} INFO - Started process (PID=298) to work on /home/airflow/.local/lib/python3.12/site-packages/airflow/example_dags/example_branch_operator_decorator.py
[2025-06-26T23:12:53.793+0000] {processor.py:914} INFO - Processing file /home/airflow/.local/lib/python3.12/site-packages/airflow/example_dags/example_branch_operator_decorator.py for tasks to queue
[2025-06-26T23:12:53.796+0000] {logging_mixin.py:190} INFO - [2025-06-26T23:12:53.796+0000] {dagbag.py:588} INFO - Filling up the DagBag from /home/airflow/.local/lib/python3.12/site-packages/airflow/example_dags/example_branch_operator_decorator.py
[2025-06-26T23:12:53.822+0000] {processor.py:925} INFO - DAG(s) 'example_branch_python_operator_decorator' retrieved from /home/airflow/.local/lib/python3.12/site-packages/airflow/example_dags/example_branch_operator_decorator.py
[2025-06-26T23:12:53.856+0000] {logging_mixin.py:190} INFO - [2025-06-26T23:12:53.856+0000] {dag.py:3239} INFO - Sync 1 DAGs
[2025-06-26T23:12:53.885+0000] {logging_mixin.py:190} INFO - [2025-06-26T23:12:53.885+0000] {dag.py:4180} INFO - Setting next_dagrun for example_branch_python_operator_decorator to 2025-06-25 00:00:00+00:00, run_after=2025-06-26 00:00:00+00:00
[2025-06-26T23:12:53.907+0000] {processor.py:208} INFO - Processing /home/airflow/.local/lib/python3.12/site-packages/airflow/example_dags/example_branch_operator_decorator.py took 0.122 seconds
