[2025-06-26T23:11:18.828+0000] {processor.py:186} INFO - Started process (PID=96) to work on /home/airflow/.local/lib/python3.12/site-packages/airflow/example_dags/example_task_group_decorator.py
[2025-06-26T23:11:18.829+0000] {processor.py:914} INFO - Processing file /home/airflow/.local/lib/python3.12/site-packages/airflow/example_dags/example_task_group_decorator.py for tasks to queue
[2025-06-26T23:11:18.833+0000] {logging_mixin.py:190} INFO - [2025-06-26T23:11:18.832+0000] {dagbag.py:588} INFO - Filling up the DagBag from /home/airflow/.local/lib/python3.12/site-packages/airflow/example_dags/example_task_group_decorator.py
[2025-06-26T23:11:18.863+0000] {processor.py:925} INFO - DAG(s) 'example_task_group_decorator' retrieved from /home/airflow/.local/lib/python3.12/site-packages/airflow/example_dags/example_task_group_decorator.py
[2025-06-26T23:11:19.070+0000] {logging_mixin.py:190} INFO - [2025-06-26T23:11:19.069+0000] {override.py:1900} INFO - Created Permission View: can read on DAG:example_task_group_decorator
[2025-06-26T23:11:19.086+0000] {logging_mixin.py:190} INFO - [2025-06-26T23:11:19.085+0000] {override.py:1900} INFO - Created Permission View: can edit on DAG:example_task_group_decorator
[2025-06-26T23:11:19.096+0000] {logging_mixin.py:190} INFO - [2025-06-26T23:11:19.095+0000] {override.py:1900} INFO - Created Permission View: can delete on DAG:example_task_group_decorator
[2025-06-26T23:11:19.105+0000] {logging_mixin.py:190} INFO - [2025-06-26T23:11:19.105+0000] {override.py:1900} INFO - Created Permission View: can read on DAG Run:example_task_group_decorator
[2025-06-26T23:11:19.115+0000] {logging_mixin.py:190} INFO - [2025-06-26T23:11:19.114+0000] {override.py:1900} INFO - Created Permission View: can create on DAG Run:example_task_group_decorator
[2025-06-26T23:11:19.124+0000] {logging_mixin.py:190} INFO - [2025-06-26T23:11:19.124+0000] {override.py:1900} INFO - Created Permission View: menu access on DAG Run:example_task_group_decorator
[2025-06-26T23:11:19.134+0000] {logging_mixin.py:190} INFO - [2025-06-26T23:11:19.133+0000] {override.py:1900} INFO - Created Permission View: can delete on DAG Run:example_task_group_decorator
[2025-06-26T23:11:19.134+0000] {logging_mixin.py:190} INFO - [2025-06-26T23:11:19.134+0000] {dag.py:3239} INFO - Sync 1 DAGs
[2025-06-26T23:11:19.158+0000] {logging_mixin.py:190} INFO - [2025-06-26T23:11:19.158+0000] {dag.py:3262} INFO - Creating ORM DAG for example_task_group_decorator
[2025-06-26T23:11:19.159+0000] {logging_mixin.py:190} INFO - [2025-06-26T23:11:19.159+0000] {dag.py:4180} INFO - Setting next_dagrun for example_task_group_decorator to None, run_after=None
[2025-06-26T23:11:19.182+0000] {processor.py:208} INFO - Processing /home/airflow/.local/lib/python3.12/site-packages/airflow/example_dags/example_task_group_decorator.py took 0.364 seconds
[2025-06-26T23:11:49.714+0000] {processor.py:186} INFO - Started process (PID=159) to work on /home/airflow/.local/lib/python3.12/site-packages/airflow/example_dags/example_task_group_decorator.py
[2025-06-26T23:11:49.715+0000] {processor.py:914} INFO - Processing file /home/airflow/.local/lib/python3.12/site-packages/airflow/example_dags/example_task_group_decorator.py for tasks to queue
[2025-06-26T23:11:49.719+0000] {logging_mixin.py:190} INFO - [2025-06-26T23:11:49.718+0000] {dagbag.py:588} INFO - Filling up the DagBag from /home/airflow/.local/lib/python3.12/site-packages/airflow/example_dags/example_task_group_decorator.py
[2025-06-26T23:11:49.753+0000] {processor.py:925} INFO - DAG(s) 'example_task_group_decorator' retrieved from /home/airflow/.local/lib/python3.12/site-packages/airflow/example_dags/example_task_group_decorator.py
[2025-06-26T23:11:49.798+0000] {logging_mixin.py:190} INFO - [2025-06-26T23:11:49.798+0000] {dag.py:3239} INFO - Sync 1 DAGs
[2025-06-26T23:11:49.826+0000] {logging_mixin.py:190} INFO - [2025-06-26T23:11:49.826+0000] {dag.py:4180} INFO - Setting next_dagrun for example_task_group_decorator to None, run_after=None
[2025-06-26T23:11:49.856+0000] {processor.py:208} INFO - Processing /home/airflow/.local/lib/python3.12/site-packages/airflow/example_dags/example_task_group_decorator.py took 0.151 seconds
[2025-06-26T23:12:21.027+0000] {processor.py:186} INFO - Started process (PID=221) to work on /home/airflow/.local/lib/python3.12/site-packages/airflow/example_dags/example_task_group_decorator.py
[2025-06-26T23:12:21.032+0000] {processor.py:914} INFO - Processing file /home/airflow/.local/lib/python3.12/site-packages/airflow/example_dags/example_task_group_decorator.py for tasks to queue
[2025-06-26T23:12:21.039+0000] {logging_mixin.py:190} INFO - [2025-06-26T23:12:21.039+0000] {dagbag.py:588} INFO - Filling up the DagBag from /home/airflow/.local/lib/python3.12/site-packages/airflow/example_dags/example_task_group_decorator.py
[2025-06-26T23:12:21.110+0000] {processor.py:925} INFO - DAG(s) 'example_task_group_decorator' retrieved from /home/airflow/.local/lib/python3.12/site-packages/airflow/example_dags/example_task_group_decorator.py
[2025-06-26T23:12:21.209+0000] {logging_mixin.py:190} INFO - [2025-06-26T23:12:21.208+0000] {dag.py:3239} INFO - Sync 1 DAGs
[2025-06-26T23:12:21.252+0000] {logging_mixin.py:190} INFO - [2025-06-26T23:12:21.252+0000] {dag.py:4180} INFO - Setting next_dagrun for example_task_group_decorator to None, run_after=None
[2025-06-26T23:12:21.297+0000] {processor.py:208} INFO - Processing /home/airflow/.local/lib/python3.12/site-packages/airflow/example_dags/example_task_group_decorator.py took 0.290 seconds
[2025-06-26T23:12:51.531+0000] {processor.py:186} INFO - Started process (PID=284) to work on /home/airflow/.local/lib/python3.12/site-packages/airflow/example_dags/example_task_group_decorator.py
[2025-06-26T23:12:51.532+0000] {processor.py:914} INFO - Processing file /home/airflow/.local/lib/python3.12/site-packages/airflow/example_dags/example_task_group_decorator.py for tasks to queue
[2025-06-26T23:12:51.535+0000] {logging_mixin.py:190} INFO - [2025-06-26T23:12:51.534+0000] {dagbag.py:588} INFO - Filling up the DagBag from /home/airflow/.local/lib/python3.12/site-packages/airflow/example_dags/example_task_group_decorator.py
[2025-06-26T23:12:51.564+0000] {processor.py:925} INFO - DAG(s) 'example_task_group_decorator' retrieved from /home/airflow/.local/lib/python3.12/site-packages/airflow/example_dags/example_task_group_decorator.py
[2025-06-26T23:12:51.609+0000] {logging_mixin.py:190} INFO - [2025-06-26T23:12:51.609+0000] {dag.py:3239} INFO - Sync 1 DAGs
[2025-06-26T23:12:51.629+0000] {logging_mixin.py:190} INFO - [2025-06-26T23:12:51.628+0000] {dag.py:4180} INFO - Setting next_dagrun for example_task_group_decorator to None, run_after=None
[2025-06-26T23:12:51.655+0000] {processor.py:208} INFO - Processing /home/airflow/.local/lib/python3.12/site-packages/airflow/example_dags/example_task_group_decorator.py took 0.131 seconds
