[2025-06-26T23:11:20.290+0000] {processor.py:186} INFO - Started process (PID=102) to work on /home/airflow/.local/lib/python3.12/site-packages/airflow/example_dags/example_sensor_decorator.py
[2025-06-26T23:11:20.291+0000] {processor.py:914} INFO - Processing file /home/airflow/.local/lib/python3.12/site-packages/airflow/example_dags/example_sensor_decorator.py for tasks to queue
[2025-06-26T23:11:20.295+0000] {logging_mixin.py:190} INFO - [2025-06-26T23:11:20.294+0000] {dagbag.py:588} INFO - Filling up the DagBag from /home/airflow/.local/lib/python3.12/site-packages/airflow/example_dags/example_sensor_decorator.py
[2025-06-26T23:11:20.308+0000] {processor.py:925} INFO - DAG(s) 'example_sensor_decorator' retrieved from /home/airflow/.local/lib/python3.12/site-packages/airflow/example_dags/example_sensor_decorator.py
[2025-06-26T23:11:20.472+0000] {logging_mixin.py:190} INFO - [2025-06-26T23:11:20.471+0000] {override.py:1900} INFO - Created Permission View: can read on DAG:example_sensor_decorator
[2025-06-26T23:11:20.487+0000] {logging_mixin.py:190} INFO - [2025-06-26T23:11:20.487+0000] {override.py:1900} INFO - Created Permission View: can edit on DAG:example_sensor_decorator
[2025-06-26T23:11:20.498+0000] {logging_mixin.py:190} INFO - [2025-06-26T23:11:20.498+0000] {override.py:1900} INFO - Created Permission View: can delete on DAG:example_sensor_decorator
[2025-06-26T23:11:20.509+0000] {logging_mixin.py:190} INFO - [2025-06-26T23:11:20.509+0000] {override.py:1900} INFO - Created Permission View: can read on DAG Run:example_sensor_decorator
[2025-06-26T23:11:20.520+0000] {logging_mixin.py:190} INFO - [2025-06-26T23:11:20.519+0000] {override.py:1900} INFO - Created Permission View: can create on DAG Run:example_sensor_decorator
[2025-06-26T23:11:20.529+0000] {logging_mixin.py:190} INFO - [2025-06-26T23:11:20.529+0000] {override.py:1900} INFO - Created Permission View: menu access on DAG Run:example_sensor_decorator
[2025-06-26T23:11:20.538+0000] {logging_mixin.py:190} INFO - [2025-06-26T23:11:20.538+0000] {override.py:1900} INFO - Created Permission View: can delete on DAG Run:example_sensor_decorator
[2025-06-26T23:11:20.539+0000] {logging_mixin.py:190} INFO - [2025-06-26T23:11:20.539+0000] {dag.py:3239} INFO - Sync 1 DAGs
[2025-06-26T23:11:20.559+0000] {logging_mixin.py:190} INFO - [2025-06-26T23:11:20.559+0000] {dag.py:3262} INFO - Creating ORM DAG for example_sensor_decorator
[2025-06-26T23:11:20.560+0000] {logging_mixin.py:190} INFO - [2025-06-26T23:11:20.560+0000] {dag.py:4180} INFO - Setting next_dagrun for example_sensor_decorator to None, run_after=None
[2025-06-26T23:11:20.580+0000] {processor.py:208} INFO - Processing /home/airflow/.local/lib/python3.12/site-packages/airflow/example_dags/example_sensor_decorator.py took 0.301 seconds
[2025-06-26T23:11:51.399+0000] {processor.py:186} INFO - Started process (PID=165) to work on /home/airflow/.local/lib/python3.12/site-packages/airflow/example_dags/example_sensor_decorator.py
[2025-06-26T23:11:51.400+0000] {processor.py:914} INFO - Processing file /home/airflow/.local/lib/python3.12/site-packages/airflow/example_dags/example_sensor_decorator.py for tasks to queue
[2025-06-26T23:11:51.403+0000] {logging_mixin.py:190} INFO - [2025-06-26T23:11:51.403+0000] {dagbag.py:588} INFO - Filling up the DagBag from /home/airflow/.local/lib/python3.12/site-packages/airflow/example_dags/example_sensor_decorator.py
[2025-06-26T23:11:51.419+0000] {processor.py:925} INFO - DAG(s) 'example_sensor_decorator' retrieved from /home/airflow/.local/lib/python3.12/site-packages/airflow/example_dags/example_sensor_decorator.py
[2025-06-26T23:11:51.461+0000] {logging_mixin.py:190} INFO - [2025-06-26T23:11:51.460+0000] {dag.py:3239} INFO - Sync 1 DAGs
[2025-06-26T23:11:51.491+0000] {logging_mixin.py:190} INFO - [2025-06-26T23:11:51.491+0000] {dag.py:4180} INFO - Setting next_dagrun for example_sensor_decorator to None, run_after=None
[2025-06-26T23:11:51.514+0000] {processor.py:208} INFO - Processing /home/airflow/.local/lib/python3.12/site-packages/airflow/example_dags/example_sensor_decorator.py took 0.121 seconds
[2025-06-26T23:12:21.865+0000] {processor.py:186} INFO - Started process (PID=227) to work on /home/airflow/.local/lib/python3.12/site-packages/airflow/example_dags/example_sensor_decorator.py
[2025-06-26T23:12:21.871+0000] {processor.py:914} INFO - Processing file /home/airflow/.local/lib/python3.12/site-packages/airflow/example_dags/example_sensor_decorator.py for tasks to queue
[2025-06-26T23:12:21.876+0000] {logging_mixin.py:190} INFO - [2025-06-26T23:12:21.874+0000] {dagbag.py:588} INFO - Filling up the DagBag from /home/airflow/.local/lib/python3.12/site-packages/airflow/example_dags/example_sensor_decorator.py
[2025-06-26T23:12:21.898+0000] {processor.py:925} INFO - DAG(s) 'example_sensor_decorator' retrieved from /home/airflow/.local/lib/python3.12/site-packages/airflow/example_dags/example_sensor_decorator.py
[2025-06-26T23:12:21.939+0000] {logging_mixin.py:190} INFO - [2025-06-26T23:12:21.939+0000] {dag.py:3239} INFO - Sync 1 DAGs
[2025-06-26T23:12:21.969+0000] {logging_mixin.py:190} INFO - [2025-06-26T23:12:21.969+0000] {dag.py:4180} INFO - Setting next_dagrun for example_sensor_decorator to None, run_after=None
[2025-06-26T23:12:22.007+0000] {processor.py:208} INFO - Processing /home/airflow/.local/lib/python3.12/site-packages/airflow/example_dags/example_sensor_decorator.py took 0.152 seconds
[2025-06-26T23:12:53.053+0000] {processor.py:186} INFO - Started process (PID=290) to work on /home/airflow/.local/lib/python3.12/site-packages/airflow/example_dags/example_sensor_decorator.py
[2025-06-26T23:12:53.054+0000] {processor.py:914} INFO - Processing file /home/airflow/.local/lib/python3.12/site-packages/airflow/example_dags/example_sensor_decorator.py for tasks to queue
[2025-06-26T23:12:53.057+0000] {logging_mixin.py:190} INFO - [2025-06-26T23:12:53.056+0000] {dagbag.py:588} INFO - Filling up the DagBag from /home/airflow/.local/lib/python3.12/site-packages/airflow/example_dags/example_sensor_decorator.py
[2025-06-26T23:12:53.067+0000] {processor.py:925} INFO - DAG(s) 'example_sensor_decorator' retrieved from /home/airflow/.local/lib/python3.12/site-packages/airflow/example_dags/example_sensor_decorator.py
[2025-06-26T23:12:53.092+0000] {logging_mixin.py:190} INFO - [2025-06-26T23:12:53.092+0000] {dag.py:3239} INFO - Sync 1 DAGs
[2025-06-26T23:12:53.112+0000] {logging_mixin.py:190} INFO - [2025-06-26T23:12:53.112+0000] {dag.py:4180} INFO - Setting next_dagrun for example_sensor_decorator to None, run_after=None
[2025-06-26T23:12:53.137+0000] {processor.py:208} INFO - Processing /home/airflow/.local/lib/python3.12/site-packages/airflow/example_dags/example_sensor_decorator.py took 0.093 seconds
