[2025-06-26T23:11:19.923+0000] {processor.py:186} INFO - Started process (PID=100) to work on /home/airflow/.local/lib/python3.12/site-packages/airflow/example_dags/example_short_circuit_decorator.py
[2025-06-26T23:11:19.925+0000] {processor.py:914} INFO - Processing file /home/airflow/.local/lib/python3.12/site-packages/airflow/example_dags/example_short_circuit_decorator.py for tasks to queue
[2025-06-26T23:11:19.928+0000] {logging_mixin.py:190} INFO - [2025-06-26T23:11:19.928+0000] {dagbag.py:588} INFO - Filling up the DagBag from /home/airflow/.local/lib/python3.12/site-packages/airflow/example_dags/example_short_circuit_decorator.py
[2025-06-26T23:11:19.950+0000] {processor.py:925} INFO - DAG(s) 'example_short_circuit_decorator' retrieved from /home/airflow/.local/lib/python3.12/site-packages/airflow/example_dags/example_short_circuit_decorator.py
[2025-06-26T23:11:20.147+0000] {logging_mixin.py:190} INFO - [2025-06-26T23:11:20.146+0000] {override.py:1900} INFO - Created Permission View: can read on DAG:example_short_circuit_decorator
[2025-06-26T23:11:20.161+0000] {logging_mixin.py:190} INFO - [2025-06-26T23:11:20.161+0000] {override.py:1900} INFO - Created Permission View: can edit on DAG:example_short_circuit_decorator
[2025-06-26T23:11:20.172+0000] {logging_mixin.py:190} INFO - [2025-06-26T23:11:20.172+0000] {override.py:1900} INFO - Created Permission View: can delete on DAG:example_short_circuit_decorator
[2025-06-26T23:11:20.180+0000] {logging_mixin.py:190} INFO - [2025-06-26T23:11:20.180+0000] {override.py:1900} INFO - Created Permission View: can read on DAG Run:example_short_circuit_decorator
[2025-06-26T23:11:20.188+0000] {logging_mixin.py:190} INFO - [2025-06-26T23:11:20.187+0000] {override.py:1900} INFO - Created Permission View: can create on DAG Run:example_short_circuit_decorator
[2025-06-26T23:11:20.195+0000] {logging_mixin.py:190} INFO - [2025-06-26T23:11:20.195+0000] {override.py:1900} INFO - Created Permission View: menu access on DAG Run:example_short_circuit_decorator
[2025-06-26T23:11:20.203+0000] {logging_mixin.py:190} INFO - [2025-06-26T23:11:20.202+0000] {override.py:1900} INFO - Created Permission View: can delete on DAG Run:example_short_circuit_decorator
[2025-06-26T23:11:20.203+0000] {logging_mixin.py:190} INFO - [2025-06-26T23:11:20.203+0000] {dag.py:3239} INFO - Sync 1 DAGs
[2025-06-26T23:11:20.226+0000] {logging_mixin.py:190} INFO - [2025-06-26T23:11:20.226+0000] {dag.py:3262} INFO - Creating ORM DAG for example_short_circuit_decorator
[2025-06-26T23:11:20.227+0000] {logging_mixin.py:190} INFO - [2025-06-26T23:11:20.227+0000] {dag.py:4180} INFO - Setting next_dagrun for example_short_circuit_decorator to None, run_after=None
[2025-06-26T23:11:20.248+0000] {processor.py:208} INFO - Processing /home/airflow/.local/lib/python3.12/site-packages/airflow/example_dags/example_short_circuit_decorator.py took 0.337 seconds
[2025-06-26T23:11:51.277+0000] {processor.py:186} INFO - Started process (PID=163) to work on /home/airflow/.local/lib/python3.12/site-packages/airflow/example_dags/example_short_circuit_decorator.py
[2025-06-26T23:11:51.278+0000] {processor.py:914} INFO - Processing file /home/airflow/.local/lib/python3.12/site-packages/airflow/example_dags/example_short_circuit_decorator.py for tasks to queue
[2025-06-26T23:11:51.282+0000] {logging_mixin.py:190} INFO - [2025-06-26T23:11:51.281+0000] {dagbag.py:588} INFO - Filling up the DagBag from /home/airflow/.local/lib/python3.12/site-packages/airflow/example_dags/example_short_circuit_decorator.py
[2025-06-26T23:11:51.295+0000] {processor.py:925} INFO - DAG(s) 'example_short_circuit_decorator' retrieved from /home/airflow/.local/lib/python3.12/site-packages/airflow/example_dags/example_short_circuit_decorator.py
[2025-06-26T23:11:51.326+0000] {logging_mixin.py:190} INFO - [2025-06-26T23:11:51.325+0000] {dag.py:3239} INFO - Sync 1 DAGs
[2025-06-26T23:11:51.345+0000] {logging_mixin.py:190} INFO - [2025-06-26T23:11:51.344+0000] {dag.py:4180} INFO - Setting next_dagrun for example_short_circuit_decorator to None, run_after=None
[2025-06-26T23:11:51.367+0000] {processor.py:208} INFO - Processing /home/airflow/.local/lib/python3.12/site-packages/airflow/example_dags/example_short_circuit_decorator.py took 0.102 seconds
[2025-06-26T23:12:21.598+0000] {processor.py:186} INFO - Started process (PID=225) to work on /home/airflow/.local/lib/python3.12/site-packages/airflow/example_dags/example_short_circuit_decorator.py
[2025-06-26T23:12:21.602+0000] {processor.py:914} INFO - Processing file /home/airflow/.local/lib/python3.12/site-packages/airflow/example_dags/example_short_circuit_decorator.py for tasks to queue
[2025-06-26T23:12:21.607+0000] {logging_mixin.py:190} INFO - [2025-06-26T23:12:21.606+0000] {dagbag.py:588} INFO - Filling up the DagBag from /home/airflow/.local/lib/python3.12/site-packages/airflow/example_dags/example_short_circuit_decorator.py
[2025-06-26T23:12:21.636+0000] {processor.py:925} INFO - DAG(s) 'example_short_circuit_decorator' retrieved from /home/airflow/.local/lib/python3.12/site-packages/airflow/example_dags/example_short_circuit_decorator.py
[2025-06-26T23:12:21.735+0000] {logging_mixin.py:190} INFO - [2025-06-26T23:12:21.734+0000] {dag.py:3239} INFO - Sync 1 DAGs
[2025-06-26T23:12:21.771+0000] {logging_mixin.py:190} INFO - [2025-06-26T23:12:21.770+0000] {dag.py:4180} INFO - Setting next_dagrun for example_short_circuit_decorator to None, run_after=None
[2025-06-26T23:12:21.807+0000] {processor.py:208} INFO - Processing /home/airflow/.local/lib/python3.12/site-packages/airflow/example_dags/example_short_circuit_decorator.py took 0.218 seconds
[2025-06-26T23:12:51.879+0000] {processor.py:186} INFO - Started process (PID=288) to work on /home/airflow/.local/lib/python3.12/site-packages/airflow/example_dags/example_short_circuit_decorator.py
[2025-06-26T23:12:51.880+0000] {processor.py:914} INFO - Processing file /home/airflow/.local/lib/python3.12/site-packages/airflow/example_dags/example_short_circuit_decorator.py for tasks to queue
[2025-06-26T23:12:51.883+0000] {logging_mixin.py:190} INFO - [2025-06-26T23:12:51.883+0000] {dagbag.py:588} INFO - Filling up the DagBag from /home/airflow/.local/lib/python3.12/site-packages/airflow/example_dags/example_short_circuit_decorator.py
[2025-06-26T23:12:51.895+0000] {processor.py:925} INFO - DAG(s) 'example_short_circuit_decorator' retrieved from /home/airflow/.local/lib/python3.12/site-packages/airflow/example_dags/example_short_circuit_decorator.py
[2025-06-26T23:12:51.922+0000] {logging_mixin.py:190} INFO - [2025-06-26T23:12:51.922+0000] {dag.py:3239} INFO - Sync 1 DAGs
[2025-06-26T23:12:51.941+0000] {logging_mixin.py:190} INFO - [2025-06-26T23:12:51.941+0000] {dag.py:4180} INFO - Setting next_dagrun for example_short_circuit_decorator to None, run_after=None
[2025-06-26T23:12:51.968+0000] {processor.py:208} INFO - Processing /home/airflow/.local/lib/python3.12/site-packages/airflow/example_dags/example_short_circuit_decorator.py took 0.096 seconds
