[2025-06-26T23:11:15.787+0000] {processor.py:186} INFO - Started process (PID=81) to work on /home/airflow/.local/lib/python3.12/site-packages/airflow/example_dags/example_trigger_controller_dag.py
[2025-06-26T23:11:15.789+0000] {processor.py:914} INFO - Processing file /home/airflow/.local/lib/python3.12/site-packages/airflow/example_dags/example_trigger_controller_dag.py for tasks to queue
[2025-06-26T23:11:15.793+0000] {logging_mixin.py:190} INFO - [2025-06-26T23:11:15.792+0000] {dagbag.py:588} INFO - Filling up the DagBag from /home/airflow/.local/lib/python3.12/site-packages/airflow/example_dags/example_trigger_controller_dag.py
[2025-06-26T23:11:15.812+0000] {processor.py:925} INFO - DAG(s) 'example_trigger_controller_dag' retrieved from /home/airflow/.local/lib/python3.12/site-packages/airflow/example_dags/example_trigger_controller_dag.py
[2025-06-26T23:11:15.997+0000] {logging_mixin.py:190} INFO - [2025-06-26T23:11:15.996+0000] {override.py:1900} INFO - Created Permission View: can read on DAG:example_trigger_controller_dag
[2025-06-26T23:11:16.010+0000] {logging_mixin.py:190} INFO - [2025-06-26T23:11:16.010+0000] {override.py:1900} INFO - Created Permission View: can edit on DAG:example_trigger_controller_dag
[2025-06-26T23:11:16.020+0000] {logging_mixin.py:190} INFO - [2025-06-26T23:11:16.019+0000] {override.py:1900} INFO - Created Permission View: can delete on DAG:example_trigger_controller_dag
[2025-06-26T23:11:16.030+0000] {logging_mixin.py:190} INFO - [2025-06-26T23:11:16.030+0000] {override.py:1900} INFO - Created Permission View: can read on DAG Run:example_trigger_controller_dag
[2025-06-26T23:11:16.038+0000] {logging_mixin.py:190} INFO - [2025-06-26T23:11:16.037+0000] {override.py:1900} INFO - Created Permission View: can create on DAG Run:example_trigger_controller_dag
[2025-06-26T23:11:16.048+0000] {logging_mixin.py:190} INFO - [2025-06-26T23:11:16.047+0000] {override.py:1900} INFO - Created Permission View: menu access on DAG Run:example_trigger_controller_dag
[2025-06-26T23:11:16.057+0000] {logging_mixin.py:190} INFO - [2025-06-26T23:11:16.057+0000] {override.py:1900} INFO - Created Permission View: can delete on DAG Run:example_trigger_controller_dag
[2025-06-26T23:11:16.058+0000] {logging_mixin.py:190} INFO - [2025-06-26T23:11:16.058+0000] {dag.py:3239} INFO - Sync 1 DAGs
[2025-06-26T23:11:16.079+0000] {logging_mixin.py:190} INFO - [2025-06-26T23:11:16.078+0000] {dag.py:3262} INFO - Creating ORM DAG for example_trigger_controller_dag
[2025-06-26T23:11:16.092+0000] {logging_mixin.py:190} INFO - [2025-06-26T23:11:16.092+0000] {dag.py:4180} INFO - Setting next_dagrun for example_trigger_controller_dag to 2021-01-01 00:00:00+00:00, run_after=2021-01-01 00:00:00+00:00
[2025-06-26T23:11:16.112+0000] {processor.py:208} INFO - Processing /home/airflow/.local/lib/python3.12/site-packages/airflow/example_dags/example_trigger_controller_dag.py took 0.334 seconds
[2025-06-26T23:11:46.841+0000] {processor.py:186} INFO - Started process (PID=144) to work on /home/airflow/.local/lib/python3.12/site-packages/airflow/example_dags/example_trigger_controller_dag.py
[2025-06-26T23:11:46.845+0000] {processor.py:914} INFO - Processing file /home/airflow/.local/lib/python3.12/site-packages/airflow/example_dags/example_trigger_controller_dag.py for tasks to queue
[2025-06-26T23:11:46.852+0000] {logging_mixin.py:190} INFO - [2025-06-26T23:11:46.852+0000] {dagbag.py:588} INFO - Filling up the DagBag from /home/airflow/.local/lib/python3.12/site-packages/airflow/example_dags/example_trigger_controller_dag.py
[2025-06-26T23:11:46.874+0000] {processor.py:925} INFO - DAG(s) 'example_trigger_controller_dag' retrieved from /home/airflow/.local/lib/python3.12/site-packages/airflow/example_dags/example_trigger_controller_dag.py
[2025-06-26T23:11:46.922+0000] {logging_mixin.py:190} INFO - [2025-06-26T23:11:46.922+0000] {dag.py:3239} INFO - Sync 1 DAGs
[2025-06-26T23:11:46.984+0000] {logging_mixin.py:190} INFO - [2025-06-26T23:11:46.984+0000] {dag.py:4180} INFO - Setting next_dagrun for example_trigger_controller_dag to 2021-01-01 00:00:00+00:00, run_after=2021-01-01 00:00:00+00:00
[2025-06-26T23:11:47.046+0000] {processor.py:208} INFO - Processing /home/airflow/.local/lib/python3.12/site-packages/airflow/example_dags/example_trigger_controller_dag.py took 0.221 seconds
[2025-06-26T23:12:17.745+0000] {processor.py:186} INFO - Started process (PID=206) to work on /home/airflow/.local/lib/python3.12/site-packages/airflow/example_dags/example_trigger_controller_dag.py
[2025-06-26T23:12:17.747+0000] {processor.py:914} INFO - Processing file /home/airflow/.local/lib/python3.12/site-packages/airflow/example_dags/example_trigger_controller_dag.py for tasks to queue
[2025-06-26T23:12:17.752+0000] {logging_mixin.py:190} INFO - [2025-06-26T23:12:17.752+0000] {dagbag.py:588} INFO - Filling up the DagBag from /home/airflow/.local/lib/python3.12/site-packages/airflow/example_dags/example_trigger_controller_dag.py
[2025-06-26T23:12:17.769+0000] {processor.py:925} INFO - DAG(s) 'example_trigger_controller_dag' retrieved from /home/airflow/.local/lib/python3.12/site-packages/airflow/example_dags/example_trigger_controller_dag.py
[2025-06-26T23:12:17.807+0000] {logging_mixin.py:190} INFO - [2025-06-26T23:12:17.807+0000] {dag.py:3239} INFO - Sync 1 DAGs
[2025-06-26T23:12:17.868+0000] {logging_mixin.py:190} INFO - [2025-06-26T23:12:17.868+0000] {dag.py:4180} INFO - Setting next_dagrun for example_trigger_controller_dag to 2021-01-01 00:00:00+00:00, run_after=2021-01-01 00:00:00+00:00
[2025-06-26T23:12:17.912+0000] {processor.py:208} INFO - Processing /home/airflow/.local/lib/python3.12/site-packages/airflow/example_dags/example_trigger_controller_dag.py took 0.177 seconds
[2025-06-26T23:12:48.063+0000] {processor.py:186} INFO - Started process (PID=269) to work on /home/airflow/.local/lib/python3.12/site-packages/airflow/example_dags/example_trigger_controller_dag.py
[2025-06-26T23:12:48.064+0000] {processor.py:914} INFO - Processing file /home/airflow/.local/lib/python3.12/site-packages/airflow/example_dags/example_trigger_controller_dag.py for tasks to queue
[2025-06-26T23:12:48.067+0000] {logging_mixin.py:190} INFO - [2025-06-26T23:12:48.067+0000] {dagbag.py:588} INFO - Filling up the DagBag from /home/airflow/.local/lib/python3.12/site-packages/airflow/example_dags/example_trigger_controller_dag.py
[2025-06-26T23:12:48.075+0000] {processor.py:925} INFO - DAG(s) 'example_trigger_controller_dag' retrieved from /home/airflow/.local/lib/python3.12/site-packages/airflow/example_dags/example_trigger_controller_dag.py
[2025-06-26T23:12:48.097+0000] {logging_mixin.py:190} INFO - [2025-06-26T23:12:48.097+0000] {dag.py:3239} INFO - Sync 1 DAGs
[2025-06-26T23:12:48.128+0000] {logging_mixin.py:190} INFO - [2025-06-26T23:12:48.128+0000] {dag.py:4180} INFO - Setting next_dagrun for example_trigger_controller_dag to 2021-01-01 00:00:00+00:00, run_after=2021-01-01 00:00:00+00:00
[2025-06-26T23:12:48.149+0000] {processor.py:208} INFO - Processing /home/airflow/.local/lib/python3.12/site-packages/airflow/example_dags/example_trigger_controller_dag.py took 0.093 seconds
