[2025-06-26T23:11:14.882+0000] {processor.py:186} INFO - Started process (PID=77) to work on /home/airflow/.local/lib/python3.12/site-packages/airflow/example_dags/example_local_kubernetes_executor.py
[2025-06-26T23:11:14.884+0000] {processor.py:914} INFO - Processing file /home/airflow/.local/lib/python3.12/site-packages/airflow/example_dags/example_local_kubernetes_executor.py for tasks to queue
[2025-06-26T23:11:14.888+0000] {logging_mixin.py:190} INFO - [2025-06-26T23:11:14.887+0000] {dagbag.py:588} INFO - Filling up the DagBag from /home/airflow/.local/lib/python3.12/site-packages/airflow/example_dags/example_local_kubernetes_executor.py
[2025-06-26T23:11:14.905+0000] {processor.py:925} INFO - DAG(s) 'example_local_kubernetes_executor' retrieved from /home/airflow/.local/lib/python3.12/site-packages/airflow/example_dags/example_local_kubernetes_executor.py
[2025-06-26T23:11:15.101+0000] {logging_mixin.py:190} INFO - [2025-06-26T23:11:15.100+0000] {override.py:1900} INFO - Created Permission View: can read on DAG:example_local_kubernetes_executor
[2025-06-26T23:11:15.121+0000] {logging_mixin.py:190} INFO - [2025-06-26T23:11:15.120+0000] {override.py:1900} INFO - Created Permission View: can edit on DAG:example_local_kubernetes_executor
[2025-06-26T23:11:15.140+0000] {logging_mixin.py:190} INFO - [2025-06-26T23:11:15.140+0000] {override.py:1900} INFO - Created Permission View: can delete on DAG:example_local_kubernetes_executor
[2025-06-26T23:11:15.155+0000] {logging_mixin.py:190} INFO - [2025-06-26T23:11:15.155+0000] {override.py:1900} INFO - Created Permission View: can read on DAG Run:example_local_kubernetes_executor
[2025-06-26T23:11:15.168+0000] {logging_mixin.py:190} INFO - [2025-06-26T23:11:15.167+0000] {override.py:1900} INFO - Created Permission View: can create on DAG Run:example_local_kubernetes_executor
[2025-06-26T23:11:15.179+0000] {logging_mixin.py:190} INFO - [2025-06-26T23:11:15.178+0000] {override.py:1900} INFO - Created Permission View: menu access on DAG Run:example_local_kubernetes_executor
[2025-06-26T23:11:15.207+0000] {logging_mixin.py:190} INFO - [2025-06-26T23:11:15.207+0000] {override.py:1900} INFO - Created Permission View: can delete on DAG Run:example_local_kubernetes_executor
[2025-06-26T23:11:15.208+0000] {logging_mixin.py:190} INFO - [2025-06-26T23:11:15.208+0000] {dag.py:3239} INFO - Sync 1 DAGs
[2025-06-26T23:11:15.242+0000] {logging_mixin.py:190} INFO - [2025-06-26T23:11:15.241+0000] {dag.py:3262} INFO - Creating ORM DAG for example_local_kubernetes_executor
[2025-06-26T23:11:15.245+0000] {logging_mixin.py:190} INFO - [2025-06-26T23:11:15.245+0000] {dag.py:4180} INFO - Setting next_dagrun for example_local_kubernetes_executor to None, run_after=None
[2025-06-26T23:11:15.271+0000] {processor.py:208} INFO - Processing /home/airflow/.local/lib/python3.12/site-packages/airflow/example_dags/example_local_kubernetes_executor.py took 0.399 seconds
[2025-06-26T23:11:46.298+0000] {processor.py:186} INFO - Started process (PID=140) to work on /home/airflow/.local/lib/python3.12/site-packages/airflow/example_dags/example_local_kubernetes_executor.py
[2025-06-26T23:11:46.299+0000] {processor.py:914} INFO - Processing file /home/airflow/.local/lib/python3.12/site-packages/airflow/example_dags/example_local_kubernetes_executor.py for tasks to queue
[2025-06-26T23:11:46.306+0000] {logging_mixin.py:190} INFO - [2025-06-26T23:11:46.306+0000] {dagbag.py:588} INFO - Filling up the DagBag from /home/airflow/.local/lib/python3.12/site-packages/airflow/example_dags/example_local_kubernetes_executor.py
[2025-06-26T23:11:46.327+0000] {processor.py:925} INFO - DAG(s) 'example_local_kubernetes_executor' retrieved from /home/airflow/.local/lib/python3.12/site-packages/airflow/example_dags/example_local_kubernetes_executor.py
[2025-06-26T23:11:46.380+0000] {logging_mixin.py:190} INFO - [2025-06-26T23:11:46.379+0000] {dag.py:3239} INFO - Sync 1 DAGs
[2025-06-26T23:11:46.398+0000] {logging_mixin.py:190} INFO - [2025-06-26T23:11:46.398+0000] {dag.py:4180} INFO - Setting next_dagrun for example_local_kubernetes_executor to None, run_after=None
[2025-06-26T23:11:46.424+0000] {processor.py:208} INFO - Processing /home/airflow/.local/lib/python3.12/site-packages/airflow/example_dags/example_local_kubernetes_executor.py took 0.138 seconds
[2025-06-26T23:12:16.969+0000] {processor.py:186} INFO - Started process (PID=202) to work on /home/airflow/.local/lib/python3.12/site-packages/airflow/example_dags/example_local_kubernetes_executor.py
[2025-06-26T23:12:16.971+0000] {processor.py:914} INFO - Processing file /home/airflow/.local/lib/python3.12/site-packages/airflow/example_dags/example_local_kubernetes_executor.py for tasks to queue
[2025-06-26T23:12:16.975+0000] {logging_mixin.py:190} INFO - [2025-06-26T23:12:16.973+0000] {dagbag.py:588} INFO - Filling up the DagBag from /home/airflow/.local/lib/python3.12/site-packages/airflow/example_dags/example_local_kubernetes_executor.py
[2025-06-26T23:12:16.987+0000] {processor.py:925} INFO - DAG(s) 'example_local_kubernetes_executor' retrieved from /home/airflow/.local/lib/python3.12/site-packages/airflow/example_dags/example_local_kubernetes_executor.py
[2025-06-26T23:12:17.045+0000] {logging_mixin.py:190} INFO - [2025-06-26T23:12:17.045+0000] {dag.py:3239} INFO - Sync 1 DAGs
[2025-06-26T23:12:17.080+0000] {logging_mixin.py:190} INFO - [2025-06-26T23:12:17.080+0000] {dag.py:4180} INFO - Setting next_dagrun for example_local_kubernetes_executor to None, run_after=None
[2025-06-26T23:12:17.114+0000] {processor.py:208} INFO - Processing /home/airflow/.local/lib/python3.12/site-packages/airflow/example_dags/example_local_kubernetes_executor.py took 0.156 seconds
[2025-06-26T23:12:47.695+0000] {processor.py:186} INFO - Started process (PID=265) to work on /home/airflow/.local/lib/python3.12/site-packages/airflow/example_dags/example_local_kubernetes_executor.py
[2025-06-26T23:12:47.696+0000] {processor.py:914} INFO - Processing file /home/airflow/.local/lib/python3.12/site-packages/airflow/example_dags/example_local_kubernetes_executor.py for tasks to queue
[2025-06-26T23:12:47.700+0000] {logging_mixin.py:190} INFO - [2025-06-26T23:12:47.699+0000] {dagbag.py:588} INFO - Filling up the DagBag from /home/airflow/.local/lib/python3.12/site-packages/airflow/example_dags/example_local_kubernetes_executor.py
[2025-06-26T23:12:47.714+0000] {processor.py:925} INFO - DAG(s) 'example_local_kubernetes_executor' retrieved from /home/airflow/.local/lib/python3.12/site-packages/airflow/example_dags/example_local_kubernetes_executor.py
[2025-06-26T23:12:47.752+0000] {logging_mixin.py:190} INFO - [2025-06-26T23:12:47.751+0000] {dag.py:3239} INFO - Sync 1 DAGs
[2025-06-26T23:12:47.768+0000] {logging_mixin.py:190} INFO - [2025-06-26T23:12:47.768+0000] {dag.py:4180} INFO - Setting next_dagrun for example_local_kubernetes_executor to None, run_after=None
[2025-06-26T23:12:47.789+0000] {processor.py:208} INFO - Processing /home/airflow/.local/lib/python3.12/site-packages/airflow/example_dags/example_local_kubernetes_executor.py took 0.104 seconds
