[2025-06-26T23:11:14.003+0000] {processor.py:186} INFO - Started process (PID=75) to work on /home/airflow/.local/lib/python3.12/site-packages/airflow/example_dags/example_external_task_marker_dag.py
[2025-06-26T23:11:14.004+0000] {processor.py:914} INFO - Processing file /home/airflow/.local/lib/python3.12/site-packages/airflow/example_dags/example_external_task_marker_dag.py for tasks to queue
[2025-06-26T23:11:14.006+0000] {logging_mixin.py:190} INFO - [2025-06-26T23:11:14.006+0000] {dagbag.py:588} INFO - Filling up the DagBag from /home/airflow/.local/lib/python3.12/site-packages/airflow/example_dags/example_external_task_marker_dag.py
[2025-06-26T23:11:14.018+0000] {processor.py:925} INFO - DAG(s) 'example_external_task_marker_parent', 'example_external_task_marker_child' retrieved from /home/airflow/.local/lib/python3.12/site-packages/airflow/example_dags/example_external_task_marker_dag.py
[2025-06-26T23:11:14.210+0000] {logging_mixin.py:190} INFO - [2025-06-26T23:11:14.209+0000] {override.py:1900} INFO - Created Permission View: can read on DAG:example_external_task_marker_parent
[2025-06-26T23:11:14.232+0000] {logging_mixin.py:190} INFO - [2025-06-26T23:11:14.231+0000] {override.py:1900} INFO - Created Permission View: can edit on DAG:example_external_task_marker_parent
[2025-06-26T23:11:14.243+0000] {logging_mixin.py:190} INFO - [2025-06-26T23:11:14.242+0000] {override.py:1900} INFO - Created Permission View: can delete on DAG:example_external_task_marker_parent
[2025-06-26T23:11:14.250+0000] {logging_mixin.py:190} INFO - [2025-06-26T23:11:14.250+0000] {override.py:1900} INFO - Created Permission View: can read on DAG Run:example_external_task_marker_parent
[2025-06-26T23:11:14.258+0000] {logging_mixin.py:190} INFO - [2025-06-26T23:11:14.258+0000] {override.py:1900} INFO - Created Permission View: can create on DAG Run:example_external_task_marker_parent
[2025-06-26T23:11:14.266+0000] {logging_mixin.py:190} INFO - [2025-06-26T23:11:14.266+0000] {override.py:1900} INFO - Created Permission View: menu access on DAG Run:example_external_task_marker_parent
[2025-06-26T23:11:14.273+0000] {logging_mixin.py:190} INFO - [2025-06-26T23:11:14.273+0000] {override.py:1900} INFO - Created Permission View: can delete on DAG Run:example_external_task_marker_parent
[2025-06-26T23:11:14.288+0000] {logging_mixin.py:190} INFO - [2025-06-26T23:11:14.288+0000] {override.py:1900} INFO - Created Permission View: can read on DAG:example_external_task_marker_child
[2025-06-26T23:11:14.295+0000] {logging_mixin.py:190} INFO - [2025-06-26T23:11:14.295+0000] {override.py:1900} INFO - Created Permission View: can edit on DAG:example_external_task_marker_child
[2025-06-26T23:11:14.303+0000] {logging_mixin.py:190} INFO - [2025-06-26T23:11:14.302+0000] {override.py:1900} INFO - Created Permission View: can delete on DAG:example_external_task_marker_child
[2025-06-26T23:11:14.312+0000] {logging_mixin.py:190} INFO - [2025-06-26T23:11:14.311+0000] {override.py:1900} INFO - Created Permission View: can read on DAG Run:example_external_task_marker_child
[2025-06-26T23:11:14.319+0000] {logging_mixin.py:190} INFO - [2025-06-26T23:11:14.319+0000] {override.py:1900} INFO - Created Permission View: can create on DAG Run:example_external_task_marker_child
[2025-06-26T23:11:14.329+0000] {logging_mixin.py:190} INFO - [2025-06-26T23:11:14.329+0000] {override.py:1900} INFO - Created Permission View: menu access on DAG Run:example_external_task_marker_child
[2025-06-26T23:11:14.339+0000] {logging_mixin.py:190} INFO - [2025-06-26T23:11:14.338+0000] {override.py:1900} INFO - Created Permission View: can delete on DAG Run:example_external_task_marker_child
[2025-06-26T23:11:14.340+0000] {logging_mixin.py:190} INFO - [2025-06-26T23:11:14.339+0000] {dag.py:3239} INFO - Sync 2 DAGs
[2025-06-26T23:11:14.363+0000] {logging_mixin.py:190} INFO - [2025-06-26T23:11:14.363+0000] {dag.py:3262} INFO - Creating ORM DAG for example_external_task_marker_child
[2025-06-26T23:11:14.364+0000] {logging_mixin.py:190} INFO - [2025-06-26T23:11:14.364+0000] {dag.py:3262} INFO - Creating ORM DAG for example_external_task_marker_parent
[2025-06-26T23:11:14.365+0000] {logging_mixin.py:190} INFO - [2025-06-26T23:11:14.365+0000] {dag.py:4180} INFO - Setting next_dagrun for example_external_task_marker_child to None, run_after=None
[2025-06-26T23:11:14.366+0000] {logging_mixin.py:190} INFO - [2025-06-26T23:11:14.366+0000] {dag.py:4180} INFO - Setting next_dagrun for example_external_task_marker_parent to None, run_after=None
[2025-06-26T23:11:14.411+0000] {processor.py:208} INFO - Processing /home/airflow/.local/lib/python3.12/site-packages/airflow/example_dags/example_external_task_marker_dag.py took 0.415 seconds
[2025-06-26T23:11:45.125+0000] {processor.py:186} INFO - Started process (PID=137) to work on /home/airflow/.local/lib/python3.12/site-packages/airflow/example_dags/example_external_task_marker_dag.py
[2025-06-26T23:11:45.127+0000] {processor.py:914} INFO - Processing file /home/airflow/.local/lib/python3.12/site-packages/airflow/example_dags/example_external_task_marker_dag.py for tasks to queue
[2025-06-26T23:11:45.130+0000] {logging_mixin.py:190} INFO - [2025-06-26T23:11:45.130+0000] {dagbag.py:588} INFO - Filling up the DagBag from /home/airflow/.local/lib/python3.12/site-packages/airflow/example_dags/example_external_task_marker_dag.py
[2025-06-26T23:11:45.145+0000] {processor.py:925} INFO - DAG(s) 'example_external_task_marker_child', 'example_external_task_marker_parent' retrieved from /home/airflow/.local/lib/python3.12/site-packages/airflow/example_dags/example_external_task_marker_dag.py
[2025-06-26T23:11:45.175+0000] {logging_mixin.py:190} INFO - [2025-06-26T23:11:45.175+0000] {dag.py:3239} INFO - Sync 2 DAGs
[2025-06-26T23:11:45.202+0000] {logging_mixin.py:190} INFO - [2025-06-26T23:11:45.202+0000] {dag.py:4180} INFO - Setting next_dagrun for example_external_task_marker_child to None, run_after=None
[2025-06-26T23:11:45.210+0000] {logging_mixin.py:190} INFO - [2025-06-26T23:11:45.209+0000] {dag.py:4180} INFO - Setting next_dagrun for example_external_task_marker_parent to None, run_after=None
[2025-06-26T23:11:45.232+0000] {processor.py:208} INFO - Processing /home/airflow/.local/lib/python3.12/site-packages/airflow/example_dags/example_external_task_marker_dag.py took 0.116 seconds
[2025-06-26T23:12:15.863+0000] {processor.py:186} INFO - Started process (PID=199) to work on /home/airflow/.local/lib/python3.12/site-packages/airflow/example_dags/example_external_task_marker_dag.py
[2025-06-26T23:12:15.864+0000] {processor.py:914} INFO - Processing file /home/airflow/.local/lib/python3.12/site-packages/airflow/example_dags/example_external_task_marker_dag.py for tasks to queue
[2025-06-26T23:12:15.868+0000] {logging_mixin.py:190} INFO - [2025-06-26T23:12:15.867+0000] {dagbag.py:588} INFO - Filling up the DagBag from /home/airflow/.local/lib/python3.12/site-packages/airflow/example_dags/example_external_task_marker_dag.py
[2025-06-26T23:12:15.882+0000] {processor.py:925} INFO - DAG(s) 'example_external_task_marker_parent', 'example_external_task_marker_child' retrieved from /home/airflow/.local/lib/python3.12/site-packages/airflow/example_dags/example_external_task_marker_dag.py
[2025-06-26T23:12:15.932+0000] {logging_mixin.py:190} INFO - [2025-06-26T23:12:15.932+0000] {dag.py:3239} INFO - Sync 2 DAGs
[2025-06-26T23:12:15.966+0000] {logging_mixin.py:190} INFO - [2025-06-26T23:12:15.965+0000] {dag.py:4180} INFO - Setting next_dagrun for example_external_task_marker_child to None, run_after=None
[2025-06-26T23:12:15.973+0000] {logging_mixin.py:190} INFO - [2025-06-26T23:12:15.972+0000] {dag.py:4180} INFO - Setting next_dagrun for example_external_task_marker_parent to None, run_after=None
[2025-06-26T23:12:16.032+0000] {processor.py:208} INFO - Processing /home/airflow/.local/lib/python3.12/site-packages/airflow/example_dags/example_external_task_marker_dag.py took 0.181 seconds
[2025-06-26T23:12:46.521+0000] {processor.py:186} INFO - Started process (PID=262) to work on /home/airflow/.local/lib/python3.12/site-packages/airflow/example_dags/example_external_task_marker_dag.py
[2025-06-26T23:12:46.525+0000] {processor.py:914} INFO - Processing file /home/airflow/.local/lib/python3.12/site-packages/airflow/example_dags/example_external_task_marker_dag.py for tasks to queue
[2025-06-26T23:12:46.533+0000] {logging_mixin.py:190} INFO - [2025-06-26T23:12:46.532+0000] {dagbag.py:588} INFO - Filling up the DagBag from /home/airflow/.local/lib/python3.12/site-packages/airflow/example_dags/example_external_task_marker_dag.py
[2025-06-26T23:12:46.556+0000] {processor.py:925} INFO - DAG(s) 'example_external_task_marker_child', 'example_external_task_marker_parent' retrieved from /home/airflow/.local/lib/python3.12/site-packages/airflow/example_dags/example_external_task_marker_dag.py
[2025-06-26T23:12:46.588+0000] {logging_mixin.py:190} INFO - [2025-06-26T23:12:46.588+0000] {dag.py:3239} INFO - Sync 2 DAGs
[2025-06-26T23:12:46.605+0000] {logging_mixin.py:190} INFO - [2025-06-26T23:12:46.605+0000] {dag.py:4180} INFO - Setting next_dagrun for example_external_task_marker_child to None, run_after=None
[2025-06-26T23:12:46.609+0000] {logging_mixin.py:190} INFO - [2025-06-26T23:12:46.609+0000] {dag.py:4180} INFO - Setting next_dagrun for example_external_task_marker_parent to None, run_after=None
[2025-06-26T23:12:46.631+0000] {processor.py:208} INFO - Processing /home/airflow/.local/lib/python3.12/site-packages/airflow/example_dags/example_external_task_marker_dag.py took 0.139 seconds
