[2025-06-26T23:11:21.287+0000] {processor.py:186} INFO - Started process (PID=108) to work on /home/airflow/.local/lib/python3.12/site-packages/airflow/example_dags/example_trigger_target_dag.py
[2025-06-26T23:11:21.289+0000] {processor.py:914} INFO - Processing file /home/airflow/.local/lib/python3.12/site-packages/airflow/example_dags/example_trigger_target_dag.py for tasks to queue
[2025-06-26T23:11:21.292+0000] {logging_mixin.py:190} INFO - [2025-06-26T23:11:21.292+0000] {dagbag.py:588} INFO - Filling up the DagBag from /home/airflow/.local/lib/python3.12/site-packages/airflow/example_dags/example_trigger_target_dag.py
[2025-06-26T23:11:21.306+0000] {processor.py:925} INFO - DAG(s) 'example_trigger_target_dag' retrieved from /home/airflow/.local/lib/python3.12/site-packages/airflow/example_dags/example_trigger_target_dag.py
[2025-06-26T23:11:21.470+0000] {logging_mixin.py:190} INFO - [2025-06-26T23:11:21.469+0000] {override.py:1900} INFO - Created Permission View: can read on DAG:example_trigger_target_dag
[2025-06-26T23:11:21.484+0000] {logging_mixin.py:190} INFO - [2025-06-26T23:11:21.483+0000] {override.py:1900} INFO - Created Permission View: can edit on DAG:example_trigger_target_dag
[2025-06-26T23:11:21.492+0000] {logging_mixin.py:190} INFO - [2025-06-26T23:11:21.492+0000] {override.py:1900} INFO - Created Permission View: can delete on DAG:example_trigger_target_dag
[2025-06-26T23:11:21.502+0000] {logging_mixin.py:190} INFO - [2025-06-26T23:11:21.501+0000] {override.py:1900} INFO - Created Permission View: can read on DAG Run:example_trigger_target_dag
[2025-06-26T23:11:21.515+0000] {logging_mixin.py:190} INFO - [2025-06-26T23:11:21.514+0000] {override.py:1900} INFO - Created Permission View: can create on DAG Run:example_trigger_target_dag
[2025-06-26T23:11:21.524+0000] {logging_mixin.py:190} INFO - [2025-06-26T23:11:21.524+0000] {override.py:1900} INFO - Created Permission View: menu access on DAG Run:example_trigger_target_dag
[2025-06-26T23:11:21.547+0000] {logging_mixin.py:190} INFO - [2025-06-26T23:11:21.546+0000] {override.py:1900} INFO - Created Permission View: can delete on DAG Run:example_trigger_target_dag
[2025-06-26T23:11:21.547+0000] {logging_mixin.py:190} INFO - [2025-06-26T23:11:21.547+0000] {dag.py:3239} INFO - Sync 1 DAGs
[2025-06-26T23:11:21.568+0000] {logging_mixin.py:190} INFO - [2025-06-26T23:11:21.568+0000] {dag.py:3262} INFO - Creating ORM DAG for example_trigger_target_dag
[2025-06-26T23:11:21.569+0000] {logging_mixin.py:190} INFO - [2025-06-26T23:11:21.569+0000] {dag.py:4180} INFO - Setting next_dagrun for example_trigger_target_dag to None, run_after=None
[2025-06-26T23:11:21.587+0000] {processor.py:208} INFO - Processing /home/airflow/.local/lib/python3.12/site-packages/airflow/example_dags/example_trigger_target_dag.py took 0.309 seconds
[2025-06-26T23:11:51.879+0000] {processor.py:186} INFO - Started process (PID=170) to work on /home/airflow/.local/lib/python3.12/site-packages/airflow/example_dags/example_trigger_target_dag.py
[2025-06-26T23:11:51.881+0000] {processor.py:914} INFO - Processing file /home/airflow/.local/lib/python3.12/site-packages/airflow/example_dags/example_trigger_target_dag.py for tasks to queue
[2025-06-26T23:11:51.884+0000] {logging_mixin.py:190} INFO - [2025-06-26T23:11:51.884+0000] {dagbag.py:588} INFO - Filling up the DagBag from /home/airflow/.local/lib/python3.12/site-packages/airflow/example_dags/example_trigger_target_dag.py
[2025-06-26T23:11:51.897+0000] {processor.py:925} INFO - DAG(s) 'example_trigger_target_dag' retrieved from /home/airflow/.local/lib/python3.12/site-packages/airflow/example_dags/example_trigger_target_dag.py
[2025-06-26T23:11:51.932+0000] {logging_mixin.py:190} INFO - [2025-06-26T23:11:51.931+0000] {dag.py:3239} INFO - Sync 1 DAGs
[2025-06-26T23:11:51.954+0000] {logging_mixin.py:190} INFO - [2025-06-26T23:11:51.954+0000] {dag.py:4180} INFO - Setting next_dagrun for example_trigger_target_dag to None, run_after=None
[2025-06-26T23:11:51.975+0000] {processor.py:208} INFO - Processing /home/airflow/.local/lib/python3.12/site-packages/airflow/example_dags/example_trigger_target_dag.py took 0.107 seconds
[2025-06-26T23:12:22.441+0000] {processor.py:186} INFO - Started process (PID=232) to work on /home/airflow/.local/lib/python3.12/site-packages/airflow/example_dags/example_trigger_target_dag.py
[2025-06-26T23:12:22.443+0000] {processor.py:914} INFO - Processing file /home/airflow/.local/lib/python3.12/site-packages/airflow/example_dags/example_trigger_target_dag.py for tasks to queue
[2025-06-26T23:12:22.447+0000] {logging_mixin.py:190} INFO - [2025-06-26T23:12:22.446+0000] {dagbag.py:588} INFO - Filling up the DagBag from /home/airflow/.local/lib/python3.12/site-packages/airflow/example_dags/example_trigger_target_dag.py
[2025-06-26T23:12:22.461+0000] {processor.py:925} INFO - DAG(s) 'example_trigger_target_dag' retrieved from /home/airflow/.local/lib/python3.12/site-packages/airflow/example_dags/example_trigger_target_dag.py
[2025-06-26T23:12:22.486+0000] {logging_mixin.py:190} INFO - [2025-06-26T23:12:22.486+0000] {dag.py:3239} INFO - Sync 1 DAGs
[2025-06-26T23:12:22.504+0000] {logging_mixin.py:190} INFO - [2025-06-26T23:12:22.504+0000] {dag.py:4180} INFO - Setting next_dagrun for example_trigger_target_dag to None, run_after=None
[2025-06-26T23:12:22.526+0000] {processor.py:208} INFO - Processing /home/airflow/.local/lib/python3.12/site-packages/airflow/example_dags/example_trigger_target_dag.py took 0.094 seconds
[2025-06-26T23:12:53.505+0000] {processor.py:186} INFO - Started process (PID=296) to work on /home/airflow/.local/lib/python3.12/site-packages/airflow/example_dags/example_trigger_target_dag.py
[2025-06-26T23:12:53.506+0000] {processor.py:914} INFO - Processing file /home/airflow/.local/lib/python3.12/site-packages/airflow/example_dags/example_trigger_target_dag.py for tasks to queue
[2025-06-26T23:12:53.510+0000] {logging_mixin.py:190} INFO - [2025-06-26T23:12:53.509+0000] {dagbag.py:588} INFO - Filling up the DagBag from /home/airflow/.local/lib/python3.12/site-packages/airflow/example_dags/example_trigger_target_dag.py
[2025-06-26T23:12:53.529+0000] {processor.py:925} INFO - DAG(s) 'example_trigger_target_dag' retrieved from /home/airflow/.local/lib/python3.12/site-packages/airflow/example_dags/example_trigger_target_dag.py
[2025-06-26T23:12:53.563+0000] {logging_mixin.py:190} INFO - [2025-06-26T23:12:53.562+0000] {dag.py:3239} INFO - Sync 1 DAGs
[2025-06-26T23:12:53.585+0000] {logging_mixin.py:190} INFO - [2025-06-26T23:12:53.585+0000] {dag.py:4180} INFO - Setting next_dagrun for example_trigger_target_dag to None, run_after=None
[2025-06-26T23:12:53.607+0000] {processor.py:208} INFO - Processing /home/airflow/.local/lib/python3.12/site-packages/airflow/example_dags/example_trigger_target_dag.py took 0.109 seconds
