[2025-06-26T23:11:11.900+0000] {processor.py:186} INFO - Started process (PID=68) to work on /home/airflow/.local/lib/python3.12/site-packages/airflow/example_dags/example_workday_timetable.py
[2025-06-26T23:11:11.902+0000] {processor.py:914} INFO - Processing file /home/airflow/.local/lib/python3.12/site-packages/airflow/example_dags/example_workday_timetable.py for tasks to queue
[2025-06-26T23:11:11.906+0000] {logging_mixin.py:190} INFO - [2025-06-26T23:11:11.905+0000] {dagbag.py:588} INFO - Filling up the DagBag from /home/airflow/.local/lib/python3.12/site-packages/airflow/example_dags/example_workday_timetable.py
[2025-06-26T23:11:11.917+0000] {processor.py:925} INFO - DAG(s) 'example_workday_timetable' retrieved from /home/airflow/.local/lib/python3.12/site-packages/airflow/example_dags/example_workday_timetable.py
[2025-06-26T23:11:12.162+0000] {logging_mixin.py:190} INFO - [2025-06-26T23:11:12.161+0000] {override.py:1900} INFO - Created Permission View: can read on DAG:example_workday_timetable
[2025-06-26T23:11:12.178+0000] {logging_mixin.py:190} INFO - [2025-06-26T23:11:12.177+0000] {override.py:1900} INFO - Created Permission View: can edit on DAG:example_workday_timetable
[2025-06-26T23:11:12.199+0000] {logging_mixin.py:190} INFO - [2025-06-26T23:11:12.198+0000] {override.py:1900} INFO - Created Permission View: can delete on DAG:example_workday_timetable
[2025-06-26T23:11:12.220+0000] {logging_mixin.py:190} INFO - [2025-06-26T23:11:12.219+0000] {override.py:1900} INFO - Created Permission View: can read on DAG Run:example_workday_timetable
[2025-06-26T23:11:12.239+0000] {logging_mixin.py:190} INFO - [2025-06-26T23:11:12.239+0000] {override.py:1900} INFO - Created Permission View: can create on DAG Run:example_workday_timetable
[2025-06-26T23:11:12.259+0000] {logging_mixin.py:190} INFO - [2025-06-26T23:11:12.259+0000] {override.py:1900} INFO - Created Permission View: menu access on DAG Run:example_workday_timetable
[2025-06-26T23:11:12.299+0000] {logging_mixin.py:190} INFO - [2025-06-26T23:11:12.299+0000] {override.py:1900} INFO - Created Permission View: can delete on DAG Run:example_workday_timetable
[2025-06-26T23:11:12.300+0000] {logging_mixin.py:190} INFO - [2025-06-26T23:11:12.300+0000] {dag.py:3239} INFO - Sync 1 DAGs
[2025-06-26T23:11:12.324+0000] {logging_mixin.py:190} INFO - [2025-06-26T23:11:12.323+0000] {dag.py:3262} INFO - Creating ORM DAG for example_workday_timetable
[2025-06-26T23:11:12.530+0000] {logging_mixin.py:190} INFO - [2025-06-26T23:11:12.529+0000] {dag.py:4180} INFO - Setting next_dagrun for example_workday_timetable to 2021-01-04 00:00:00+00:00, run_after=2021-01-05 00:00:00+00:00
[2025-06-26T23:11:12.566+0000] {processor.py:208} INFO - Processing /home/airflow/.local/lib/python3.12/site-packages/airflow/example_dags/example_workday_timetable.py took 0.677 seconds
[2025-06-26T23:11:42.762+0000] {processor.py:186} INFO - Started process (PID=131) to work on /home/airflow/.local/lib/python3.12/site-packages/airflow/example_dags/example_workday_timetable.py
[2025-06-26T23:11:42.763+0000] {processor.py:914} INFO - Processing file /home/airflow/.local/lib/python3.12/site-packages/airflow/example_dags/example_workday_timetable.py for tasks to queue
[2025-06-26T23:11:42.766+0000] {logging_mixin.py:190} INFO - [2025-06-26T23:11:42.766+0000] {dagbag.py:588} INFO - Filling up the DagBag from /home/airflow/.local/lib/python3.12/site-packages/airflow/example_dags/example_workday_timetable.py
[2025-06-26T23:11:42.775+0000] {processor.py:925} INFO - DAG(s) 'example_workday_timetable' retrieved from /home/airflow/.local/lib/python3.12/site-packages/airflow/example_dags/example_workday_timetable.py
[2025-06-26T23:11:42.796+0000] {logging_mixin.py:190} INFO - [2025-06-26T23:11:42.796+0000] {dag.py:3239} INFO - Sync 1 DAGs
[2025-06-26T23:11:42.868+0000] {logging_mixin.py:190} INFO - [2025-06-26T23:11:42.867+0000] {dag.py:4180} INFO - Setting next_dagrun for example_workday_timetable to 2021-01-04 00:00:00+00:00, run_after=2021-01-05 00:00:00+00:00
[2025-06-26T23:11:42.890+0000] {processor.py:208} INFO - Processing /home/airflow/.local/lib/python3.12/site-packages/airflow/example_dags/example_workday_timetable.py took 0.138 seconds
[2025-06-26T23:12:13.443+0000] {processor.py:186} INFO - Started process (PID=193) to work on /home/airflow/.local/lib/python3.12/site-packages/airflow/example_dags/example_workday_timetable.py
[2025-06-26T23:12:13.444+0000] {processor.py:914} INFO - Processing file /home/airflow/.local/lib/python3.12/site-packages/airflow/example_dags/example_workday_timetable.py for tasks to queue
[2025-06-26T23:12:13.447+0000] {logging_mixin.py:190} INFO - [2025-06-26T23:12:13.446+0000] {dagbag.py:588} INFO - Filling up the DagBag from /home/airflow/.local/lib/python3.12/site-packages/airflow/example_dags/example_workday_timetable.py
[2025-06-26T23:12:13.454+0000] {processor.py:925} INFO - DAG(s) 'example_workday_timetable' retrieved from /home/airflow/.local/lib/python3.12/site-packages/airflow/example_dags/example_workday_timetable.py
[2025-06-26T23:12:13.475+0000] {logging_mixin.py:190} INFO - [2025-06-26T23:12:13.475+0000] {dag.py:3239} INFO - Sync 1 DAGs
[2025-06-26T23:12:13.580+0000] {logging_mixin.py:190} INFO - [2025-06-26T23:12:13.579+0000] {dag.py:4180} INFO - Setting next_dagrun for example_workday_timetable to 2021-01-04 00:00:00+00:00, run_after=2021-01-05 00:00:00+00:00
[2025-06-26T23:12:13.607+0000] {processor.py:208} INFO - Processing /home/airflow/.local/lib/python3.12/site-packages/airflow/example_dags/example_workday_timetable.py took 0.171 seconds
[2025-06-26T23:12:44.130+0000] {processor.py:186} INFO - Started process (PID=256) to work on /home/airflow/.local/lib/python3.12/site-packages/airflow/example_dags/example_workday_timetable.py
[2025-06-26T23:12:44.131+0000] {processor.py:914} INFO - Processing file /home/airflow/.local/lib/python3.12/site-packages/airflow/example_dags/example_workday_timetable.py for tasks to queue
[2025-06-26T23:12:44.135+0000] {logging_mixin.py:190} INFO - [2025-06-26T23:12:44.135+0000] {dagbag.py:588} INFO - Filling up the DagBag from /home/airflow/.local/lib/python3.12/site-packages/airflow/example_dags/example_workday_timetable.py
[2025-06-26T23:12:44.145+0000] {processor.py:925} INFO - DAG(s) 'example_workday_timetable' retrieved from /home/airflow/.local/lib/python3.12/site-packages/airflow/example_dags/example_workday_timetable.py
[2025-06-26T23:12:44.179+0000] {logging_mixin.py:190} INFO - [2025-06-26T23:12:44.178+0000] {dag.py:3239} INFO - Sync 1 DAGs
[2025-06-26T23:12:44.324+0000] {logging_mixin.py:190} INFO - [2025-06-26T23:12:44.324+0000] {dag.py:4180} INFO - Setting next_dagrun for example_workday_timetable to 2021-01-04 00:00:00+00:00, run_after=2021-01-05 00:00:00+00:00
[2025-06-26T23:12:44.361+0000] {processor.py:208} INFO - Processing /home/airflow/.local/lib/python3.12/site-packages/airflow/example_dags/example_workday_timetable.py took 0.243 seconds
