[2025-06-26T23:11:13.688+0000] {processor.py:186} INFO - Started process (PID=74) to work on /home/airflow/.local/lib/python3.12/site-packages/airflow/example_dags/example_dataset_alias_with_no_taskflow.py
[2025-06-26T23:11:13.689+0000] {processor.py:914} INFO - Processing file /home/airflow/.local/lib/python3.12/site-packages/airflow/example_dags/example_dataset_alias_with_no_taskflow.py for tasks to queue
[2025-06-26T23:11:13.693+0000] {logging_mixin.py:190} INFO - [2025-06-26T23:11:13.693+0000] {dagbag.py:588} INFO - Filling up the DagBag from /home/airflow/.local/lib/python3.12/site-packages/airflow/example_dags/example_dataset_alias_with_no_taskflow.py
[2025-06-26T23:11:14.713+0000] {processor.py:925} INFO - DAG(s) 'dataset_alias_example_alias_producer_with_no_taskflow', 'dataset_s3_bucket_consumer_with_no_taskflow', 'dataset_alias_example_alias_consumer_with_no_taskflow', 'dataset_s3_bucket_producer_with_no_taskflow' retrieved from /home/airflow/.local/lib/python3.12/site-packages/airflow/example_dags/example_dataset_alias_with_no_taskflow.py
[2025-06-26T23:11:14.897+0000] {logging_mixin.py:190} INFO - [2025-06-26T23:11:14.896+0000] {override.py:1900} INFO - Created Permission View: can read on DAG:dataset_alias_example_alias_producer_with_no_taskflow
[2025-06-26T23:11:14.917+0000] {logging_mixin.py:190} INFO - [2025-06-26T23:11:14.916+0000] {override.py:1900} INFO - Created Permission View: can edit on DAG:dataset_alias_example_alias_producer_with_no_taskflow
[2025-06-26T23:11:14.928+0000] {logging_mixin.py:190} INFO - [2025-06-26T23:11:14.927+0000] {override.py:1900} INFO - Created Permission View: can delete on DAG:dataset_alias_example_alias_producer_with_no_taskflow
[2025-06-26T23:11:14.943+0000] {logging_mixin.py:190} INFO - [2025-06-26T23:11:14.943+0000] {override.py:1900} INFO - Created Permission View: can read on DAG Run:dataset_alias_example_alias_producer_with_no_taskflow
[2025-06-26T23:11:14.953+0000] {logging_mixin.py:190} INFO - [2025-06-26T23:11:14.953+0000] {override.py:1900} INFO - Created Permission View: can create on DAG Run:dataset_alias_example_alias_producer_with_no_taskflow
[2025-06-26T23:11:14.963+0000] {logging_mixin.py:190} INFO - [2025-06-26T23:11:14.962+0000] {override.py:1900} INFO - Created Permission View: menu access on DAG Run:dataset_alias_example_alias_producer_with_no_taskflow
[2025-06-26T23:11:14.972+0000] {logging_mixin.py:190} INFO - [2025-06-26T23:11:14.972+0000] {override.py:1900} INFO - Created Permission View: can delete on DAG Run:dataset_alias_example_alias_producer_with_no_taskflow
[2025-06-26T23:11:14.990+0000] {logging_mixin.py:190} INFO - [2025-06-26T23:11:14.990+0000] {override.py:1900} INFO - Created Permission View: can read on DAG:dataset_s3_bucket_consumer_with_no_taskflow
[2025-06-26T23:11:15.005+0000] {logging_mixin.py:190} INFO - [2025-06-26T23:11:15.005+0000] {override.py:1900} INFO - Created Permission View: can edit on DAG:dataset_s3_bucket_consumer_with_no_taskflow
[2025-06-26T23:11:15.015+0000] {logging_mixin.py:190} INFO - [2025-06-26T23:11:15.015+0000] {override.py:1900} INFO - Created Permission View: can delete on DAG:dataset_s3_bucket_consumer_with_no_taskflow
[2025-06-26T23:11:15.026+0000] {logging_mixin.py:190} INFO - [2025-06-26T23:11:15.026+0000] {override.py:1900} INFO - Created Permission View: can read on DAG Run:dataset_s3_bucket_consumer_with_no_taskflow
[2025-06-26T23:11:15.035+0000] {logging_mixin.py:190} INFO - [2025-06-26T23:11:15.035+0000] {override.py:1900} INFO - Created Permission View: can create on DAG Run:dataset_s3_bucket_consumer_with_no_taskflow
[2025-06-26T23:11:15.045+0000] {logging_mixin.py:190} INFO - [2025-06-26T23:11:15.045+0000] {override.py:1900} INFO - Created Permission View: menu access on DAG Run:dataset_s3_bucket_consumer_with_no_taskflow
[2025-06-26T23:11:15.055+0000] {logging_mixin.py:190} INFO - [2025-06-26T23:11:15.055+0000] {override.py:1900} INFO - Created Permission View: can delete on DAG Run:dataset_s3_bucket_consumer_with_no_taskflow
[2025-06-26T23:11:15.074+0000] {logging_mixin.py:190} INFO - [2025-06-26T23:11:15.074+0000] {override.py:1900} INFO - Created Permission View: can read on DAG:dataset_alias_example_alias_consumer_with_no_taskflow
[2025-06-26T23:11:15.085+0000] {logging_mixin.py:190} INFO - [2025-06-26T23:11:15.084+0000] {override.py:1900} INFO - Created Permission View: can edit on DAG:dataset_alias_example_alias_consumer_with_no_taskflow
[2025-06-26T23:11:15.096+0000] {logging_mixin.py:190} INFO - [2025-06-26T23:11:15.096+0000] {override.py:1900} INFO - Created Permission View: can delete on DAG:dataset_alias_example_alias_consumer_with_no_taskflow
[2025-06-26T23:11:15.109+0000] {logging_mixin.py:190} INFO - [2025-06-26T23:11:15.108+0000] {override.py:1900} INFO - Created Permission View: can read on DAG Run:dataset_alias_example_alias_consumer_with_no_taskflow
[2025-06-26T23:11:15.123+0000] {logging_mixin.py:190} INFO - [2025-06-26T23:11:15.122+0000] {override.py:1900} INFO - Created Permission View: can create on DAG Run:dataset_alias_example_alias_consumer_with_no_taskflow
[2025-06-26T23:11:15.137+0000] {logging_mixin.py:190} INFO - [2025-06-26T23:11:15.137+0000] {override.py:1900} INFO - Created Permission View: menu access on DAG Run:dataset_alias_example_alias_consumer_with_no_taskflow
[2025-06-26T23:11:15.150+0000] {logging_mixin.py:190} INFO - [2025-06-26T23:11:15.150+0000] {override.py:1900} INFO - Created Permission View: can delete on DAG Run:dataset_alias_example_alias_consumer_with_no_taskflow
[2025-06-26T23:11:15.183+0000] {logging_mixin.py:190} INFO - [2025-06-26T23:11:15.182+0000] {override.py:1900} INFO - Created Permission View: can read on DAG:dataset_s3_bucket_producer_with_no_taskflow
[2025-06-26T23:11:15.193+0000] {logging_mixin.py:190} INFO - [2025-06-26T23:11:15.193+0000] {override.py:1900} INFO - Created Permission View: can edit on DAG:dataset_s3_bucket_producer_with_no_taskflow
[2025-06-26T23:11:15.205+0000] {logging_mixin.py:190} INFO - [2025-06-26T23:11:15.204+0000] {override.py:1900} INFO - Created Permission View: can delete on DAG:dataset_s3_bucket_producer_with_no_taskflow
[2025-06-26T23:11:15.221+0000] {logging_mixin.py:190} INFO - [2025-06-26T23:11:15.220+0000] {override.py:1900} INFO - Created Permission View: can read on DAG Run:dataset_s3_bucket_producer_with_no_taskflow
[2025-06-26T23:11:15.231+0000] {logging_mixin.py:190} INFO - [2025-06-26T23:11:15.230+0000] {override.py:1900} INFO - Created Permission View: can create on DAG Run:dataset_s3_bucket_producer_with_no_taskflow
[2025-06-26T23:11:15.243+0000] {logging_mixin.py:190} INFO - [2025-06-26T23:11:15.243+0000] {override.py:1900} INFO - Created Permission View: menu access on DAG Run:dataset_s3_bucket_producer_with_no_taskflow
[2025-06-26T23:11:15.253+0000] {logging_mixin.py:190} INFO - [2025-06-26T23:11:15.253+0000] {override.py:1900} INFO - Created Permission View: can delete on DAG Run:dataset_s3_bucket_producer_with_no_taskflow
[2025-06-26T23:11:15.254+0000] {logging_mixin.py:190} INFO - [2025-06-26T23:11:15.254+0000] {dag.py:3239} INFO - Sync 4 DAGs
[2025-06-26T23:11:15.280+0000] {logging_mixin.py:190} INFO - [2025-06-26T23:11:15.280+0000] {dag.py:3262} INFO - Creating ORM DAG for dataset_s3_bucket_producer_with_no_taskflow
[2025-06-26T23:11:15.282+0000] {logging_mixin.py:190} INFO - [2025-06-26T23:11:15.282+0000] {dag.py:3262} INFO - Creating ORM DAG for dataset_s3_bucket_consumer_with_no_taskflow
[2025-06-26T23:11:15.285+0000] {logging_mixin.py:190} INFO - [2025-06-26T23:11:15.284+0000] {dag.py:3262} INFO - Creating ORM DAG for dataset_alias_example_alias_consumer_with_no_taskflow
[2025-06-26T23:11:15.287+0000] {logging_mixin.py:190} INFO - [2025-06-26T23:11:15.287+0000] {dag.py:3262} INFO - Creating ORM DAG for dataset_alias_example_alias_producer_with_no_taskflow
[2025-06-26T23:11:15.305+0000] {logging_mixin.py:190} INFO - [2025-06-26T23:11:15.304+0000] {dag.py:4180} INFO - Setting next_dagrun for dataset_alias_example_alias_consumer_with_no_taskflow to None, run_after=None
[2025-06-26T23:11:15.307+0000] {logging_mixin.py:190} INFO - [2025-06-26T23:11:15.307+0000] {dag.py:4180} INFO - Setting next_dagrun for dataset_alias_example_alias_producer_with_no_taskflow to None, run_after=None
[2025-06-26T23:11:15.309+0000] {logging_mixin.py:190} INFO - [2025-06-26T23:11:15.309+0000] {dag.py:4180} INFO - Setting next_dagrun for dataset_s3_bucket_consumer_with_no_taskflow to None, run_after=None
[2025-06-26T23:11:15.311+0000] {logging_mixin.py:190} INFO - [2025-06-26T23:11:15.310+0000] {dag.py:4180} INFO - Setting next_dagrun for dataset_s3_bucket_producer_with_no_taskflow to None, run_after=None
[2025-06-26T23:11:15.347+0000] {processor.py:208} INFO - Processing /home/airflow/.local/lib/python3.12/site-packages/airflow/example_dags/example_dataset_alias_with_no_taskflow.py took 1.669 seconds
[2025-06-26T23:11:46.281+0000] {processor.py:186} INFO - Started process (PID=139) to work on /home/airflow/.local/lib/python3.12/site-packages/airflow/example_dags/example_dataset_alias_with_no_taskflow.py
[2025-06-26T23:11:46.286+0000] {processor.py:914} INFO - Processing file /home/airflow/.local/lib/python3.12/site-packages/airflow/example_dags/example_dataset_alias_with_no_taskflow.py for tasks to queue
[2025-06-26T23:11:46.294+0000] {logging_mixin.py:190} INFO - [2025-06-26T23:11:46.294+0000] {dagbag.py:588} INFO - Filling up the DagBag from /home/airflow/.local/lib/python3.12/site-packages/airflow/example_dags/example_dataset_alias_with_no_taskflow.py
[2025-06-26T23:11:46.576+0000] {processor.py:925} INFO - DAG(s) 'dataset_s3_bucket_consumer_with_no_taskflow', 'dataset_s3_bucket_producer_with_no_taskflow', 'dataset_alias_example_alias_producer_with_no_taskflow', 'dataset_alias_example_alias_consumer_with_no_taskflow' retrieved from /home/airflow/.local/lib/python3.12/site-packages/airflow/example_dags/example_dataset_alias_with_no_taskflow.py
[2025-06-26T23:11:46.609+0000] {logging_mixin.py:190} INFO - [2025-06-26T23:11:46.609+0000] {dag.py:3239} INFO - Sync 4 DAGs
[2025-06-26T23:11:46.640+0000] {logging_mixin.py:190} INFO - [2025-06-26T23:11:46.640+0000] {dag.py:4180} INFO - Setting next_dagrun for dataset_alias_example_alias_consumer_with_no_taskflow to None, run_after=None
[2025-06-26T23:11:46.644+0000] {logging_mixin.py:190} INFO - [2025-06-26T23:11:46.644+0000] {dag.py:4180} INFO - Setting next_dagrun for dataset_alias_example_alias_producer_with_no_taskflow to None, run_after=None
[2025-06-26T23:11:46.646+0000] {logging_mixin.py:190} INFO - [2025-06-26T23:11:46.646+0000] {dag.py:4180} INFO - Setting next_dagrun for dataset_s3_bucket_consumer_with_no_taskflow to None, run_after=None
[2025-06-26T23:11:46.648+0000] {logging_mixin.py:190} INFO - [2025-06-26T23:11:46.648+0000] {dag.py:4180} INFO - Setting next_dagrun for dataset_s3_bucket_producer_with_no_taskflow to None, run_after=None
[2025-06-26T23:11:46.686+0000] {processor.py:208} INFO - Processing /home/airflow/.local/lib/python3.12/site-packages/airflow/example_dags/example_dataset_alias_with_no_taskflow.py took 0.417 seconds
[2025-06-26T23:12:16.956+0000] {processor.py:186} INFO - Started process (PID=201) to work on /home/airflow/.local/lib/python3.12/site-packages/airflow/example_dags/example_dataset_alias_with_no_taskflow.py
[2025-06-26T23:12:16.957+0000] {processor.py:914} INFO - Processing file /home/airflow/.local/lib/python3.12/site-packages/airflow/example_dags/example_dataset_alias_with_no_taskflow.py for tasks to queue
[2025-06-26T23:12:16.963+0000] {logging_mixin.py:190} INFO - [2025-06-26T23:12:16.961+0000] {dagbag.py:588} INFO - Filling up the DagBag from /home/airflow/.local/lib/python3.12/site-packages/airflow/example_dags/example_dataset_alias_with_no_taskflow.py
[2025-06-26T23:12:17.333+0000] {processor.py:925} INFO - DAG(s) 'dataset_alias_example_alias_consumer_with_no_taskflow', 'dataset_alias_example_alias_producer_with_no_taskflow', 'dataset_s3_bucket_producer_with_no_taskflow', 'dataset_s3_bucket_consumer_with_no_taskflow' retrieved from /home/airflow/.local/lib/python3.12/site-packages/airflow/example_dags/example_dataset_alias_with_no_taskflow.py
[2025-06-26T23:12:17.382+0000] {logging_mixin.py:190} INFO - [2025-06-26T23:12:17.382+0000] {dag.py:3239} INFO - Sync 4 DAGs
[2025-06-26T23:12:17.431+0000] {logging_mixin.py:190} INFO - [2025-06-26T23:12:17.430+0000] {dag.py:4180} INFO - Setting next_dagrun for dataset_alias_example_alias_consumer_with_no_taskflow to None, run_after=None
[2025-06-26T23:12:17.435+0000] {logging_mixin.py:190} INFO - [2025-06-26T23:12:17.435+0000] {dag.py:4180} INFO - Setting next_dagrun for dataset_alias_example_alias_producer_with_no_taskflow to None, run_after=None
[2025-06-26T23:12:17.437+0000] {logging_mixin.py:190} INFO - [2025-06-26T23:12:17.437+0000] {dag.py:4180} INFO - Setting next_dagrun for dataset_s3_bucket_consumer_with_no_taskflow to None, run_after=None
[2025-06-26T23:12:17.439+0000] {logging_mixin.py:190} INFO - [2025-06-26T23:12:17.439+0000] {dag.py:4180} INFO - Setting next_dagrun for dataset_s3_bucket_producer_with_no_taskflow to None, run_after=None
[2025-06-26T23:12:17.496+0000] {processor.py:208} INFO - Processing /home/airflow/.local/lib/python3.12/site-packages/airflow/example_dags/example_dataset_alias_with_no_taskflow.py took 0.552 seconds
[2025-06-26T23:12:47.682+0000] {processor.py:186} INFO - Started process (PID=264) to work on /home/airflow/.local/lib/python3.12/site-packages/airflow/example_dags/example_dataset_alias_with_no_taskflow.py
[2025-06-26T23:12:47.689+0000] {processor.py:914} INFO - Processing file /home/airflow/.local/lib/python3.12/site-packages/airflow/example_dags/example_dataset_alias_with_no_taskflow.py for tasks to queue
[2025-06-26T23:12:47.692+0000] {logging_mixin.py:190} INFO - [2025-06-26T23:12:47.692+0000] {dagbag.py:588} INFO - Filling up the DagBag from /home/airflow/.local/lib/python3.12/site-packages/airflow/example_dags/example_dataset_alias_with_no_taskflow.py
[2025-06-26T23:12:47.894+0000] {processor.py:925} INFO - DAG(s) 'dataset_s3_bucket_consumer_with_no_taskflow', 'dataset_s3_bucket_producer_with_no_taskflow', 'dataset_alias_example_alias_producer_with_no_taskflow', 'dataset_alias_example_alias_consumer_with_no_taskflow' retrieved from /home/airflow/.local/lib/python3.12/site-packages/airflow/example_dags/example_dataset_alias_with_no_taskflow.py
[2025-06-26T23:12:47.922+0000] {logging_mixin.py:190} INFO - [2025-06-26T23:12:47.921+0000] {dag.py:3239} INFO - Sync 4 DAGs
[2025-06-26T23:12:47.950+0000] {logging_mixin.py:190} INFO - [2025-06-26T23:12:47.950+0000] {dag.py:4180} INFO - Setting next_dagrun for dataset_alias_example_alias_consumer_with_no_taskflow to None, run_after=None
[2025-06-26T23:12:47.953+0000] {logging_mixin.py:190} INFO - [2025-06-26T23:12:47.953+0000] {dag.py:4180} INFO - Setting next_dagrun for dataset_alias_example_alias_producer_with_no_taskflow to None, run_after=None
[2025-06-26T23:12:47.955+0000] {logging_mixin.py:190} INFO - [2025-06-26T23:12:47.955+0000] {dag.py:4180} INFO - Setting next_dagrun for dataset_s3_bucket_consumer_with_no_taskflow to None, run_after=None
[2025-06-26T23:12:47.957+0000] {logging_mixin.py:190} INFO - [2025-06-26T23:12:47.957+0000] {dag.py:4180} INFO - Setting next_dagrun for dataset_s3_bucket_producer_with_no_taskflow to None, run_after=None
[2025-06-26T23:12:47.986+0000] {processor.py:208} INFO - Processing /home/airflow/.local/lib/python3.12/site-packages/airflow/example_dags/example_dataset_alias_with_no_taskflow.py took 0.314 seconds
