[2025-06-26T23:11:19.540+0000] {processor.py:186} INFO - Started process (PID=99) to work on /home/airflow/.local/lib/python3.12/site-packages/airflow/example_dags/example_params_trigger_ui.py
[2025-06-26T23:11:19.541+0000] {processor.py:914} INFO - Processing file /home/airflow/.local/lib/python3.12/site-packages/airflow/example_dags/example_params_trigger_ui.py for tasks to queue
[2025-06-26T23:11:19.545+0000] {logging_mixin.py:190} INFO - [2025-06-26T23:11:19.544+0000] {dagbag.py:588} INFO - Filling up the DagBag from /home/airflow/.local/lib/python3.12/site-packages/airflow/example_dags/example_params_trigger_ui.py
[2025-06-26T23:11:19.565+0000] {processor.py:925} INFO - DAG(s) 'example_params_trigger_ui' retrieved from /home/airflow/.local/lib/python3.12/site-packages/airflow/example_dags/example_params_trigger_ui.py
[2025-06-26T23:11:19.819+0000] {logging_mixin.py:190} INFO - [2025-06-26T23:11:19.818+0000] {override.py:1900} INFO - Created Permission View: can read on DAG:example_params_trigger_ui
[2025-06-26T23:11:19.835+0000] {logging_mixin.py:190} INFO - [2025-06-26T23:11:19.835+0000] {override.py:1900} INFO - Created Permission View: can edit on DAG:example_params_trigger_ui
[2025-06-26T23:11:19.845+0000] {logging_mixin.py:190} INFO - [2025-06-26T23:11:19.845+0000] {override.py:1900} INFO - Created Permission View: can delete on DAG:example_params_trigger_ui
[2025-06-26T23:11:19.856+0000] {logging_mixin.py:190} INFO - [2025-06-26T23:11:19.855+0000] {override.py:1900} INFO - Created Permission View: can read on DAG Run:example_params_trigger_ui
[2025-06-26T23:11:19.865+0000] {logging_mixin.py:190} INFO - [2025-06-26T23:11:19.865+0000] {override.py:1900} INFO - Created Permission View: can create on DAG Run:example_params_trigger_ui
[2025-06-26T23:11:19.878+0000] {logging_mixin.py:190} INFO - [2025-06-26T23:11:19.877+0000] {override.py:1900} INFO - Created Permission View: menu access on DAG Run:example_params_trigger_ui
[2025-06-26T23:11:19.890+0000] {logging_mixin.py:190} INFO - [2025-06-26T23:11:19.890+0000] {override.py:1900} INFO - Created Permission View: can delete on DAG Run:example_params_trigger_ui
[2025-06-26T23:11:19.891+0000] {logging_mixin.py:190} INFO - [2025-06-26T23:11:19.891+0000] {dag.py:3239} INFO - Sync 1 DAGs
[2025-06-26T23:11:19.918+0000] {logging_mixin.py:190} INFO - [2025-06-26T23:11:19.918+0000] {dag.py:3262} INFO - Creating ORM DAG for example_params_trigger_ui
[2025-06-26T23:11:19.920+0000] {logging_mixin.py:190} INFO - [2025-06-26T23:11:19.919+0000] {dag.py:4180} INFO - Setting next_dagrun for example_params_trigger_ui to None, run_after=None
[2025-06-26T23:11:19.948+0000] {processor.py:208} INFO - Processing /home/airflow/.local/lib/python3.12/site-packages/airflow/example_dags/example_params_trigger_ui.py took 0.418 seconds
[2025-06-26T23:11:50.053+0000] {processor.py:186} INFO - Started process (PID=162) to work on /home/airflow/.local/lib/python3.12/site-packages/airflow/example_dags/example_params_trigger_ui.py
[2025-06-26T23:11:50.055+0000] {processor.py:914} INFO - Processing file /home/airflow/.local/lib/python3.12/site-packages/airflow/example_dags/example_params_trigger_ui.py for tasks to queue
[2025-06-26T23:11:50.058+0000] {logging_mixin.py:190} INFO - [2025-06-26T23:11:50.057+0000] {dagbag.py:588} INFO - Filling up the DagBag from /home/airflow/.local/lib/python3.12/site-packages/airflow/example_dags/example_params_trigger_ui.py
[2025-06-26T23:11:50.078+0000] {processor.py:925} INFO - DAG(s) 'example_params_trigger_ui' retrieved from /home/airflow/.local/lib/python3.12/site-packages/airflow/example_dags/example_params_trigger_ui.py
[2025-06-26T23:11:50.179+0000] {logging_mixin.py:190} INFO - [2025-06-26T23:11:50.179+0000] {dag.py:3239} INFO - Sync 1 DAGs
[2025-06-26T23:11:50.216+0000] {logging_mixin.py:190} INFO - [2025-06-26T23:11:50.215+0000] {dag.py:4180} INFO - Setting next_dagrun for example_params_trigger_ui to None, run_after=None
[2025-06-26T23:11:50.247+0000] {processor.py:208} INFO - Processing /home/airflow/.local/lib/python3.12/site-packages/airflow/example_dags/example_params_trigger_ui.py took 0.204 seconds
[2025-06-26T23:12:21.548+0000] {processor.py:186} INFO - Started process (PID=224) to work on /home/airflow/.local/lib/python3.12/site-packages/airflow/example_dags/example_params_trigger_ui.py
[2025-06-26T23:12:21.550+0000] {processor.py:914} INFO - Processing file /home/airflow/.local/lib/python3.12/site-packages/airflow/example_dags/example_params_trigger_ui.py for tasks to queue
[2025-06-26T23:12:21.555+0000] {logging_mixin.py:190} INFO - [2025-06-26T23:12:21.554+0000] {dagbag.py:588} INFO - Filling up the DagBag from /home/airflow/.local/lib/python3.12/site-packages/airflow/example_dags/example_params_trigger_ui.py
[2025-06-26T23:12:21.580+0000] {processor.py:925} INFO - DAG(s) 'example_params_trigger_ui' retrieved from /home/airflow/.local/lib/python3.12/site-packages/airflow/example_dags/example_params_trigger_ui.py
[2025-06-26T23:12:21.688+0000] {logging_mixin.py:190} INFO - [2025-06-26T23:12:21.687+0000] {dag.py:3239} INFO - Sync 1 DAGs
[2025-06-26T23:12:21.720+0000] {logging_mixin.py:190} INFO - [2025-06-26T23:12:21.719+0000] {dag.py:4180} INFO - Setting next_dagrun for example_params_trigger_ui to None, run_after=None
[2025-06-26T23:12:21.757+0000] {processor.py:208} INFO - Processing /home/airflow/.local/lib/python3.12/site-packages/airflow/example_dags/example_params_trigger_ui.py took 0.223 seconds
[2025-06-26T23:12:51.843+0000] {processor.py:186} INFO - Started process (PID=287) to work on /home/airflow/.local/lib/python3.12/site-packages/airflow/example_dags/example_params_trigger_ui.py
[2025-06-26T23:12:51.844+0000] {processor.py:914} INFO - Processing file /home/airflow/.local/lib/python3.12/site-packages/airflow/example_dags/example_params_trigger_ui.py for tasks to queue
[2025-06-26T23:12:51.848+0000] {logging_mixin.py:190} INFO - [2025-06-26T23:12:51.847+0000] {dagbag.py:588} INFO - Filling up the DagBag from /home/airflow/.local/lib/python3.12/site-packages/airflow/example_dags/example_params_trigger_ui.py
[2025-06-26T23:12:51.862+0000] {processor.py:925} INFO - DAG(s) 'example_params_trigger_ui' retrieved from /home/airflow/.local/lib/python3.12/site-packages/airflow/example_dags/example_params_trigger_ui.py
[2025-06-26T23:12:51.917+0000] {logging_mixin.py:190} INFO - [2025-06-26T23:12:51.917+0000] {dag.py:3239} INFO - Sync 1 DAGs
[2025-06-26T23:12:51.935+0000] {logging_mixin.py:190} INFO - [2025-06-26T23:12:51.935+0000] {dag.py:4180} INFO - Setting next_dagrun for example_params_trigger_ui to None, run_after=None
[2025-06-26T23:12:51.959+0000] {processor.py:208} INFO - Processing /home/airflow/.local/lib/python3.12/site-packages/airflow/example_dags/example_params_trigger_ui.py took 0.129 seconds
