[2025-06-26T23:11:17.759+0000] {processor.py:186} INFO - Started process (PID=91) to work on /home/airflow/.local/lib/python3.12/site-packages/airflow/example_dags/example_nested_branch_dag.py
[2025-06-26T23:11:17.760+0000] {processor.py:914} INFO - Processing file /home/airflow/.local/lib/python3.12/site-packages/airflow/example_dags/example_nested_branch_dag.py for tasks to queue
[2025-06-26T23:11:17.762+0000] {logging_mixin.py:190} INFO - [2025-06-26T23:11:17.762+0000] {dagbag.py:588} INFO - Filling up the DagBag from /home/airflow/.local/lib/python3.12/site-packages/airflow/example_dags/example_nested_branch_dag.py
[2025-06-26T23:11:17.777+0000] {processor.py:925} INFO - DAG(s) 'example_nested_branch_dag' retrieved from /home/airflow/.local/lib/python3.12/site-packages/airflow/example_dags/example_nested_branch_dag.py
[2025-06-26T23:11:17.954+0000] {logging_mixin.py:190} INFO - [2025-06-26T23:11:17.954+0000] {override.py:1900} INFO - Created Permission View: can read on DAG:example_nested_branch_dag
[2025-06-26T23:11:17.968+0000] {logging_mixin.py:190} INFO - [2025-06-26T23:11:17.968+0000] {override.py:1900} INFO - Created Permission View: can edit on DAG:example_nested_branch_dag
[2025-06-26T23:11:17.978+0000] {logging_mixin.py:190} INFO - [2025-06-26T23:11:17.978+0000] {override.py:1900} INFO - Created Permission View: can delete on DAG:example_nested_branch_dag
[2025-06-26T23:11:17.991+0000] {logging_mixin.py:190} INFO - [2025-06-26T23:11:17.991+0000] {override.py:1900} INFO - Created Permission View: can read on DAG Run:example_nested_branch_dag
[2025-06-26T23:11:17.999+0000] {logging_mixin.py:190} INFO - [2025-06-26T23:11:17.999+0000] {override.py:1900} INFO - Created Permission View: can create on DAG Run:example_nested_branch_dag
[2025-06-26T23:11:18.009+0000] {logging_mixin.py:190} INFO - [2025-06-26T23:11:18.009+0000] {override.py:1900} INFO - Created Permission View: menu access on DAG Run:example_nested_branch_dag
[2025-06-26T23:11:18.019+0000] {logging_mixin.py:190} INFO - [2025-06-26T23:11:18.019+0000] {override.py:1900} INFO - Created Permission View: can delete on DAG Run:example_nested_branch_dag
[2025-06-26T23:11:18.020+0000] {logging_mixin.py:190} INFO - [2025-06-26T23:11:18.020+0000] {dag.py:3239} INFO - Sync 1 DAGs
[2025-06-26T23:11:18.046+0000] {logging_mixin.py:190} INFO - [2025-06-26T23:11:18.046+0000] {dag.py:3262} INFO - Creating ORM DAG for example_nested_branch_dag
[2025-06-26T23:11:18.062+0000] {logging_mixin.py:190} INFO - [2025-06-26T23:11:18.062+0000] {dag.py:4180} INFO - Setting next_dagrun for example_nested_branch_dag to 2025-06-25 00:00:00+00:00, run_after=2025-06-26 00:00:00+00:00
[2025-06-26T23:11:18.083+0000] {processor.py:208} INFO - Processing /home/airflow/.local/lib/python3.12/site-packages/airflow/example_dags/example_nested_branch_dag.py took 0.331 seconds
[2025-06-26T23:11:48.190+0000] {processor.py:186} INFO - Started process (PID=154) to work on /home/airflow/.local/lib/python3.12/site-packages/airflow/example_dags/example_nested_branch_dag.py
[2025-06-26T23:11:48.191+0000] {processor.py:914} INFO - Processing file /home/airflow/.local/lib/python3.12/site-packages/airflow/example_dags/example_nested_branch_dag.py for tasks to queue
[2025-06-26T23:11:48.195+0000] {logging_mixin.py:190} INFO - [2025-06-26T23:11:48.194+0000] {dagbag.py:588} INFO - Filling up the DagBag from /home/airflow/.local/lib/python3.12/site-packages/airflow/example_dags/example_nested_branch_dag.py
[2025-06-26T23:11:48.217+0000] {processor.py:925} INFO - DAG(s) 'example_nested_branch_dag' retrieved from /home/airflow/.local/lib/python3.12/site-packages/airflow/example_dags/example_nested_branch_dag.py
[2025-06-26T23:11:48.253+0000] {logging_mixin.py:190} INFO - [2025-06-26T23:11:48.253+0000] {dag.py:3239} INFO - Sync 1 DAGs
[2025-06-26T23:11:48.301+0000] {logging_mixin.py:190} INFO - [2025-06-26T23:11:48.299+0000] {dag.py:4180} INFO - Setting next_dagrun for example_nested_branch_dag to 2025-06-25 00:00:00+00:00, run_after=2025-06-26 00:00:00+00:00
[2025-06-26T23:11:48.337+0000] {processor.py:208} INFO - Processing /home/airflow/.local/lib/python3.12/site-packages/airflow/example_dags/example_nested_branch_dag.py took 0.158 seconds
[2025-06-26T23:12:19.042+0000] {processor.py:186} INFO - Started process (PID=216) to work on /home/airflow/.local/lib/python3.12/site-packages/airflow/example_dags/example_nested_branch_dag.py
[2025-06-26T23:12:19.043+0000] {processor.py:914} INFO - Processing file /home/airflow/.local/lib/python3.12/site-packages/airflow/example_dags/example_nested_branch_dag.py for tasks to queue
[2025-06-26T23:12:19.047+0000] {logging_mixin.py:190} INFO - [2025-06-26T23:12:19.047+0000] {dagbag.py:588} INFO - Filling up the DagBag from /home/airflow/.local/lib/python3.12/site-packages/airflow/example_dags/example_nested_branch_dag.py
[2025-06-26T23:12:19.071+0000] {processor.py:925} INFO - DAG(s) 'example_nested_branch_dag' retrieved from /home/airflow/.local/lib/python3.12/site-packages/airflow/example_dags/example_nested_branch_dag.py
[2025-06-26T23:12:19.117+0000] {logging_mixin.py:190} INFO - [2025-06-26T23:12:19.116+0000] {dag.py:3239} INFO - Sync 1 DAGs
[2025-06-26T23:12:19.188+0000] {logging_mixin.py:190} INFO - [2025-06-26T23:12:19.187+0000] {dag.py:4180} INFO - Setting next_dagrun for example_nested_branch_dag to 2025-06-25 00:00:00+00:00, run_after=2025-06-26 00:00:00+00:00
[2025-06-26T23:12:19.215+0000] {processor.py:208} INFO - Processing /home/airflow/.local/lib/python3.12/site-packages/airflow/example_dags/example_nested_branch_dag.py took 0.185 seconds
[2025-06-26T23:12:49.868+0000] {processor.py:186} INFO - Started process (PID=279) to work on /home/airflow/.local/lib/python3.12/site-packages/airflow/example_dags/example_nested_branch_dag.py
[2025-06-26T23:12:49.870+0000] {processor.py:914} INFO - Processing file /home/airflow/.local/lib/python3.12/site-packages/airflow/example_dags/example_nested_branch_dag.py for tasks to queue
[2025-06-26T23:12:49.874+0000] {logging_mixin.py:190} INFO - [2025-06-26T23:12:49.873+0000] {dagbag.py:588} INFO - Filling up the DagBag from /home/airflow/.local/lib/python3.12/site-packages/airflow/example_dags/example_nested_branch_dag.py
[2025-06-26T23:12:49.890+0000] {processor.py:925} INFO - DAG(s) 'example_nested_branch_dag' retrieved from /home/airflow/.local/lib/python3.12/site-packages/airflow/example_dags/example_nested_branch_dag.py
[2025-06-26T23:12:49.925+0000] {logging_mixin.py:190} INFO - [2025-06-26T23:12:49.924+0000] {dag.py:3239} INFO - Sync 1 DAGs
[2025-06-26T23:12:49.973+0000] {logging_mixin.py:190} INFO - [2025-06-26T23:12:49.973+0000] {dag.py:4180} INFO - Setting next_dagrun for example_nested_branch_dag to 2025-06-25 00:00:00+00:00, run_after=2025-06-26 00:00:00+00:00
[2025-06-26T23:12:49.997+0000] {processor.py:208} INFO - Processing /home/airflow/.local/lib/python3.12/site-packages/airflow/example_dags/example_nested_branch_dag.py took 0.137 seconds
