[2025-06-26T23:11:21.086+0000] {processor.py:186} INFO - Started process (PID=107) to work on /home/airflow/.local/lib/python3.12/site-packages/airflow/example_dags/example_dataset_alias.py
[2025-06-26T23:11:21.087+0000] {processor.py:914} INFO - Processing file /home/airflow/.local/lib/python3.12/site-packages/airflow/example_dags/example_dataset_alias.py for tasks to queue
[2025-06-26T23:11:21.089+0000] {logging_mixin.py:190} INFO - [2025-06-26T23:11:21.089+0000] {dagbag.py:588} INFO - Filling up the DagBag from /home/airflow/.local/lib/python3.12/site-packages/airflow/example_dags/example_dataset_alias.py
[2025-06-26T23:11:21.332+0000] {processor.py:925} INFO - DAG(s) 'dataset_alias_example_alias_consumer', 'dataset_s3_bucket_producer', 'dataset_alias_example_alias_producer', 'dataset_s3_bucket_consumer' retrieved from /home/airflow/.local/lib/python3.12/site-packages/airflow/example_dags/example_dataset_alias.py
[2025-06-26T23:11:21.442+0000] {logging_mixin.py:190} INFO - [2025-06-26T23:11:21.442+0000] {override.py:1900} INFO - Created Permission View: can read on DAG:dataset_alias_example_alias_consumer
[2025-06-26T23:11:21.455+0000] {logging_mixin.py:190} INFO - [2025-06-26T23:11:21.455+0000] {override.py:1900} INFO - Created Permission View: can edit on DAG:dataset_alias_example_alias_consumer
[2025-06-26T23:11:21.469+0000] {logging_mixin.py:190} INFO - [2025-06-26T23:11:21.468+0000] {override.py:1900} INFO - Created Permission View: can delete on DAG:dataset_alias_example_alias_consumer
[2025-06-26T23:11:21.479+0000] {logging_mixin.py:190} INFO - [2025-06-26T23:11:21.479+0000] {override.py:1900} INFO - Created Permission View: can read on DAG Run:dataset_alias_example_alias_consumer
[2025-06-26T23:11:21.490+0000] {logging_mixin.py:190} INFO - [2025-06-26T23:11:21.489+0000] {override.py:1900} INFO - Created Permission View: can create on DAG Run:dataset_alias_example_alias_consumer
[2025-06-26T23:11:21.500+0000] {logging_mixin.py:190} INFO - [2025-06-26T23:11:21.499+0000] {override.py:1900} INFO - Created Permission View: menu access on DAG Run:dataset_alias_example_alias_consumer
[2025-06-26T23:11:21.511+0000] {logging_mixin.py:190} INFO - [2025-06-26T23:11:21.511+0000] {override.py:1900} INFO - Created Permission View: can delete on DAG Run:dataset_alias_example_alias_consumer
[2025-06-26T23:11:21.535+0000] {logging_mixin.py:190} INFO - [2025-06-26T23:11:21.534+0000] {override.py:1900} INFO - Created Permission View: can read on DAG:dataset_s3_bucket_producer
[2025-06-26T23:11:21.550+0000] {logging_mixin.py:190} INFO - [2025-06-26T23:11:21.549+0000] {override.py:1900} INFO - Created Permission View: can edit on DAG:dataset_s3_bucket_producer
[2025-06-26T23:11:21.559+0000] {logging_mixin.py:190} INFO - [2025-06-26T23:11:21.558+0000] {override.py:1900} INFO - Created Permission View: can delete on DAG:dataset_s3_bucket_producer
[2025-06-26T23:11:21.571+0000] {logging_mixin.py:190} INFO - [2025-06-26T23:11:21.571+0000] {override.py:1900} INFO - Created Permission View: can read on DAG Run:dataset_s3_bucket_producer
[2025-06-26T23:11:21.582+0000] {logging_mixin.py:190} INFO - [2025-06-26T23:11:21.582+0000] {override.py:1900} INFO - Created Permission View: can create on DAG Run:dataset_s3_bucket_producer
[2025-06-26T23:11:21.592+0000] {logging_mixin.py:190} INFO - [2025-06-26T23:11:21.592+0000] {override.py:1900} INFO - Created Permission View: menu access on DAG Run:dataset_s3_bucket_producer
[2025-06-26T23:11:21.601+0000] {logging_mixin.py:190} INFO - [2025-06-26T23:11:21.600+0000] {override.py:1900} INFO - Created Permission View: can delete on DAG Run:dataset_s3_bucket_producer
[2025-06-26T23:11:21.620+0000] {logging_mixin.py:190} INFO - [2025-06-26T23:11:21.619+0000] {override.py:1900} INFO - Created Permission View: can read on DAG:dataset_alias_example_alias_producer
[2025-06-26T23:11:21.629+0000] {logging_mixin.py:190} INFO - [2025-06-26T23:11:21.628+0000] {override.py:1900} INFO - Created Permission View: can edit on DAG:dataset_alias_example_alias_producer
[2025-06-26T23:11:21.638+0000] {logging_mixin.py:190} INFO - [2025-06-26T23:11:21.638+0000] {override.py:1900} INFO - Created Permission View: can delete on DAG:dataset_alias_example_alias_producer
[2025-06-26T23:11:21.648+0000] {logging_mixin.py:190} INFO - [2025-06-26T23:11:21.648+0000] {override.py:1900} INFO - Created Permission View: can read on DAG Run:dataset_alias_example_alias_producer
[2025-06-26T23:11:21.657+0000] {logging_mixin.py:190} INFO - [2025-06-26T23:11:21.656+0000] {override.py:1900} INFO - Created Permission View: can create on DAG Run:dataset_alias_example_alias_producer
[2025-06-26T23:11:21.668+0000] {logging_mixin.py:190} INFO - [2025-06-26T23:11:21.667+0000] {override.py:1900} INFO - Created Permission View: menu access on DAG Run:dataset_alias_example_alias_producer
[2025-06-26T23:11:21.678+0000] {logging_mixin.py:190} INFO - [2025-06-26T23:11:21.677+0000] {override.py:1900} INFO - Created Permission View: can delete on DAG Run:dataset_alias_example_alias_producer
[2025-06-26T23:11:21.695+0000] {logging_mixin.py:190} INFO - [2025-06-26T23:11:21.695+0000] {override.py:1900} INFO - Created Permission View: can read on DAG:dataset_s3_bucket_consumer
[2025-06-26T23:11:21.705+0000] {logging_mixin.py:190} INFO - [2025-06-26T23:11:21.704+0000] {override.py:1900} INFO - Created Permission View: can edit on DAG:dataset_s3_bucket_consumer
[2025-06-26T23:11:21.715+0000] {logging_mixin.py:190} INFO - [2025-06-26T23:11:21.714+0000] {override.py:1900} INFO - Created Permission View: can delete on DAG:dataset_s3_bucket_consumer
[2025-06-26T23:11:21.725+0000] {logging_mixin.py:190} INFO - [2025-06-26T23:11:21.724+0000] {override.py:1900} INFO - Created Permission View: can read on DAG Run:dataset_s3_bucket_consumer
[2025-06-26T23:11:21.734+0000] {logging_mixin.py:190} INFO - [2025-06-26T23:11:21.734+0000] {override.py:1900} INFO - Created Permission View: can create on DAG Run:dataset_s3_bucket_consumer
[2025-06-26T23:11:21.744+0000] {logging_mixin.py:190} INFO - [2025-06-26T23:11:21.743+0000] {override.py:1900} INFO - Created Permission View: menu access on DAG Run:dataset_s3_bucket_consumer
[2025-06-26T23:11:21.753+0000] {logging_mixin.py:190} INFO - [2025-06-26T23:11:21.753+0000] {override.py:1900} INFO - Created Permission View: can delete on DAG Run:dataset_s3_bucket_consumer
[2025-06-26T23:11:21.754+0000] {logging_mixin.py:190} INFO - [2025-06-26T23:11:21.753+0000] {dag.py:3239} INFO - Sync 4 DAGs
[2025-06-26T23:11:21.783+0000] {logging_mixin.py:190} INFO - [2025-06-26T23:11:21.783+0000] {dag.py:3262} INFO - Creating ORM DAG for dataset_s3_bucket_consumer
[2025-06-26T23:11:21.785+0000] {logging_mixin.py:190} INFO - [2025-06-26T23:11:21.784+0000] {dag.py:3262} INFO - Creating ORM DAG for dataset_alias_example_alias_producer
[2025-06-26T23:11:21.786+0000] {logging_mixin.py:190} INFO - [2025-06-26T23:11:21.785+0000] {dag.py:3262} INFO - Creating ORM DAG for dataset_s3_bucket_producer
[2025-06-26T23:11:21.787+0000] {logging_mixin.py:190} INFO - [2025-06-26T23:11:21.787+0000] {dag.py:3262} INFO - Creating ORM DAG for dataset_alias_example_alias_consumer
[2025-06-26T23:11:21.804+0000] {logging_mixin.py:190} INFO - [2025-06-26T23:11:21.804+0000] {dag.py:4180} INFO - Setting next_dagrun for dataset_alias_example_alias_consumer to None, run_after=None
[2025-06-26T23:11:21.806+0000] {logging_mixin.py:190} INFO - [2025-06-26T23:11:21.805+0000] {dag.py:4180} INFO - Setting next_dagrun for dataset_alias_example_alias_producer to None, run_after=None
[2025-06-26T23:11:21.807+0000] {logging_mixin.py:190} INFO - [2025-06-26T23:11:21.806+0000] {dag.py:4180} INFO - Setting next_dagrun for dataset_s3_bucket_consumer to None, run_after=None
[2025-06-26T23:11:21.808+0000] {logging_mixin.py:190} INFO - [2025-06-26T23:11:21.807+0000] {dag.py:4180} INFO - Setting next_dagrun for dataset_s3_bucket_producer to None, run_after=None
[2025-06-26T23:11:21.854+0000] {processor.py:208} INFO - Processing /home/airflow/.local/lib/python3.12/site-packages/airflow/example_dags/example_dataset_alias.py took 0.774 seconds
[2025-06-26T23:11:51.958+0000] {processor.py:186} INFO - Started process (PID=171) to work on /home/airflow/.local/lib/python3.12/site-packages/airflow/example_dags/example_dataset_alias.py
[2025-06-26T23:11:51.959+0000] {processor.py:914} INFO - Processing file /home/airflow/.local/lib/python3.12/site-packages/airflow/example_dags/example_dataset_alias.py for tasks to queue
[2025-06-26T23:11:51.963+0000] {logging_mixin.py:190} INFO - [2025-06-26T23:11:51.962+0000] {dagbag.py:588} INFO - Filling up the DagBag from /home/airflow/.local/lib/python3.12/site-packages/airflow/example_dags/example_dataset_alias.py
[2025-06-26T23:11:52.282+0000] {processor.py:925} INFO - DAG(s) 'dataset_s3_bucket_consumer', 'dataset_alias_example_alias_consumer', 'dataset_s3_bucket_producer', 'dataset_alias_example_alias_producer' retrieved from /home/airflow/.local/lib/python3.12/site-packages/airflow/example_dags/example_dataset_alias.py
[2025-06-26T23:11:52.309+0000] {logging_mixin.py:190} INFO - [2025-06-26T23:11:52.309+0000] {dag.py:3239} INFO - Sync 4 DAGs
[2025-06-26T23:11:52.342+0000] {logging_mixin.py:190} INFO - [2025-06-26T23:11:52.342+0000] {dag.py:4180} INFO - Setting next_dagrun for dataset_alias_example_alias_consumer to None, run_after=None
[2025-06-26T23:11:52.345+0000] {logging_mixin.py:190} INFO - [2025-06-26T23:11:52.345+0000] {dag.py:4180} INFO - Setting next_dagrun for dataset_alias_example_alias_producer to None, run_after=None
[2025-06-26T23:11:52.347+0000] {logging_mixin.py:190} INFO - [2025-06-26T23:11:52.347+0000] {dag.py:4180} INFO - Setting next_dagrun for dataset_s3_bucket_consumer to None, run_after=None
[2025-06-26T23:11:52.349+0000] {logging_mixin.py:190} INFO - [2025-06-26T23:11:52.349+0000] {dag.py:4180} INFO - Setting next_dagrun for dataset_s3_bucket_producer to None, run_after=None
[2025-06-26T23:11:52.372+0000] {processor.py:208} INFO - Processing /home/airflow/.local/lib/python3.12/site-packages/airflow/example_dags/example_dataset_alias.py took 0.425 seconds
[2025-06-26T23:12:22.475+0000] {processor.py:186} INFO - Started process (PID=233) to work on /home/airflow/.local/lib/python3.12/site-packages/airflow/example_dags/example_dataset_alias.py
[2025-06-26T23:12:22.476+0000] {processor.py:914} INFO - Processing file /home/airflow/.local/lib/python3.12/site-packages/airflow/example_dags/example_dataset_alias.py for tasks to queue
[2025-06-26T23:12:22.480+0000] {logging_mixin.py:190} INFO - [2025-06-26T23:12:22.479+0000] {dagbag.py:588} INFO - Filling up the DagBag from /home/airflow/.local/lib/python3.12/site-packages/airflow/example_dags/example_dataset_alias.py
[2025-06-26T23:12:22.728+0000] {processor.py:925} INFO - DAG(s) 'dataset_alias_example_alias_producer', 'dataset_s3_bucket_producer', 'dataset_alias_example_alias_consumer', 'dataset_s3_bucket_consumer' retrieved from /home/airflow/.local/lib/python3.12/site-packages/airflow/example_dags/example_dataset_alias.py
[2025-06-26T23:12:22.754+0000] {logging_mixin.py:190} INFO - [2025-06-26T23:12:22.754+0000] {dag.py:3239} INFO - Sync 4 DAGs
[2025-06-26T23:12:22.785+0000] {logging_mixin.py:190} INFO - [2025-06-26T23:12:22.785+0000] {dag.py:4180} INFO - Setting next_dagrun for dataset_alias_example_alias_consumer to None, run_after=None
[2025-06-26T23:12:22.788+0000] {logging_mixin.py:190} INFO - [2025-06-26T23:12:22.788+0000] {dag.py:4180} INFO - Setting next_dagrun for dataset_alias_example_alias_producer to None, run_after=None
[2025-06-26T23:12:22.790+0000] {logging_mixin.py:190} INFO - [2025-06-26T23:12:22.790+0000] {dag.py:4180} INFO - Setting next_dagrun for dataset_s3_bucket_consumer to None, run_after=None
[2025-06-26T23:12:22.791+0000] {logging_mixin.py:190} INFO - [2025-06-26T23:12:22.791+0000] {dag.py:4180} INFO - Setting next_dagrun for dataset_s3_bucket_producer to None, run_after=None
[2025-06-26T23:12:22.815+0000] {processor.py:208} INFO - Processing /home/airflow/.local/lib/python3.12/site-packages/airflow/example_dags/example_dataset_alias.py took 0.350 seconds
[2025-06-26T23:12:53.447+0000] {processor.py:186} INFO - Started process (PID=295) to work on /home/airflow/.local/lib/python3.12/site-packages/airflow/example_dags/example_dataset_alias.py
[2025-06-26T23:12:53.448+0000] {processor.py:914} INFO - Processing file /home/airflow/.local/lib/python3.12/site-packages/airflow/example_dags/example_dataset_alias.py for tasks to queue
[2025-06-26T23:12:53.450+0000] {logging_mixin.py:190} INFO - [2025-06-26T23:12:53.450+0000] {dagbag.py:588} INFO - Filling up the DagBag from /home/airflow/.local/lib/python3.12/site-packages/airflow/example_dags/example_dataset_alias.py
[2025-06-26T23:12:53.700+0000] {processor.py:925} INFO - DAG(s) 'dataset_alias_example_alias_consumer', 'dataset_s3_bucket_consumer', 'dataset_alias_example_alias_producer', 'dataset_s3_bucket_producer' retrieved from /home/airflow/.local/lib/python3.12/site-packages/airflow/example_dags/example_dataset_alias.py
[2025-06-26T23:12:53.734+0000] {logging_mixin.py:190} INFO - [2025-06-26T23:12:53.733+0000] {dag.py:3239} INFO - Sync 4 DAGs
[2025-06-26T23:12:53.779+0000] {logging_mixin.py:190} INFO - [2025-06-26T23:12:53.778+0000] {dag.py:4180} INFO - Setting next_dagrun for dataset_alias_example_alias_consumer to None, run_after=None
[2025-06-26T23:12:53.783+0000] {logging_mixin.py:190} INFO - [2025-06-26T23:12:53.783+0000] {dag.py:4180} INFO - Setting next_dagrun for dataset_alias_example_alias_producer to None, run_after=None
[2025-06-26T23:12:53.785+0000] {logging_mixin.py:190} INFO - [2025-06-26T23:12:53.785+0000] {dag.py:4180} INFO - Setting next_dagrun for dataset_s3_bucket_consumer to None, run_after=None
[2025-06-26T23:12:53.786+0000] {logging_mixin.py:190} INFO - [2025-06-26T23:12:53.786+0000] {dag.py:4180} INFO - Setting next_dagrun for dataset_s3_bucket_producer to None, run_after=None
[2025-06-26T23:12:53.810+0000] {processor.py:208} INFO - Processing /home/airflow/.local/lib/python3.12/site-packages/airflow/example_dags/example_dataset_alias.py took 0.371 seconds
