[2025-06-26T23:11:11.923+0000] {processor.py:186} INFO - Started process (PID=67) to work on /home/airflow/.local/lib/python3.12/site-packages/airflow/example_dags/example_python_decorator.py
[2025-06-26T23:11:11.928+0000] {processor.py:914} INFO - Processing file /home/airflow/.local/lib/python3.12/site-packages/airflow/example_dags/example_python_decorator.py for tasks to queue
[2025-06-26T23:11:11.936+0000] {logging_mixin.py:190} INFO - [2025-06-26T23:11:11.935+0000] {dagbag.py:588} INFO - Filling up the DagBag from /home/airflow/.local/lib/python3.12/site-packages/airflow/example_dags/example_python_decorator.py
[2025-06-26T23:11:11.968+0000] {processor.py:925} INFO - DAG(s) 'example_python_decorator' retrieved from /home/airflow/.local/lib/python3.12/site-packages/airflow/example_dags/example_python_decorator.py
[2025-06-26T23:11:12.197+0000] {logging_mixin.py:190} INFO - [2025-06-26T23:11:12.196+0000] {override.py:1900} INFO - Created Permission View: can read on DAG:example_python_decorator
[2025-06-26T23:11:12.217+0000] {logging_mixin.py:190} INFO - [2025-06-26T23:11:12.217+0000] {override.py:1900} INFO - Created Permission View: can edit on DAG:example_python_decorator
[2025-06-26T23:11:12.234+0000] {logging_mixin.py:190} INFO - [2025-06-26T23:11:12.233+0000] {override.py:1900} INFO - Created Permission View: can delete on DAG:example_python_decorator
[2025-06-26T23:11:12.255+0000] {logging_mixin.py:190} INFO - [2025-06-26T23:11:12.254+0000] {override.py:1900} INFO - Created Permission View: can read on DAG Run:example_python_decorator
[2025-06-26T23:11:12.279+0000] {logging_mixin.py:190} INFO - [2025-06-26T23:11:12.279+0000] {override.py:1900} INFO - Created Permission View: can create on DAG Run:example_python_decorator
[2025-06-26T23:11:12.306+0000] {logging_mixin.py:190} INFO - [2025-06-26T23:11:12.305+0000] {override.py:1900} INFO - Created Permission View: menu access on DAG Run:example_python_decorator
[2025-06-26T23:11:12.327+0000] {logging_mixin.py:190} INFO - [2025-06-26T23:11:12.327+0000] {override.py:1900} INFO - Created Permission View: can delete on DAG Run:example_python_decorator
[2025-06-26T23:11:12.328+0000] {logging_mixin.py:190} INFO - [2025-06-26T23:11:12.328+0000] {dag.py:3239} INFO - Sync 1 DAGs
[2025-06-26T23:11:12.362+0000] {logging_mixin.py:190} INFO - [2025-06-26T23:11:12.362+0000] {dag.py:3262} INFO - Creating ORM DAG for example_python_decorator
[2025-06-26T23:11:12.363+0000] {logging_mixin.py:190} INFO - [2025-06-26T23:11:12.363+0000] {dag.py:4180} INFO - Setting next_dagrun for example_python_decorator to None, run_after=None
[2025-06-26T23:11:12.397+0000] {processor.py:208} INFO - Processing /home/airflow/.local/lib/python3.12/site-packages/airflow/example_dags/example_python_decorator.py took 0.518 seconds
[2025-06-26T23:11:42.651+0000] {processor.py:186} INFO - Started process (PID=130) to work on /home/airflow/.local/lib/python3.12/site-packages/airflow/example_dags/example_python_decorator.py
[2025-06-26T23:11:42.652+0000] {processor.py:914} INFO - Processing file /home/airflow/.local/lib/python3.12/site-packages/airflow/example_dags/example_python_decorator.py for tasks to queue
[2025-06-26T23:11:42.656+0000] {logging_mixin.py:190} INFO - [2025-06-26T23:11:42.655+0000] {dagbag.py:588} INFO - Filling up the DagBag from /home/airflow/.local/lib/python3.12/site-packages/airflow/example_dags/example_python_decorator.py
[2025-06-26T23:11:42.681+0000] {processor.py:925} INFO - DAG(s) 'example_python_decorator' retrieved from /home/airflow/.local/lib/python3.12/site-packages/airflow/example_dags/example_python_decorator.py
[2025-06-26T23:11:42.708+0000] {logging_mixin.py:190} INFO - [2025-06-26T23:11:42.708+0000] {dag.py:3239} INFO - Sync 1 DAGs
[2025-06-26T23:11:42.728+0000] {logging_mixin.py:190} INFO - [2025-06-26T23:11:42.728+0000] {dag.py:4180} INFO - Setting next_dagrun for example_python_decorator to None, run_after=None
[2025-06-26T23:11:42.755+0000] {processor.py:208} INFO - Processing /home/airflow/.local/lib/python3.12/site-packages/airflow/example_dags/example_python_decorator.py took 0.111 seconds
[2025-06-26T23:12:13.328+0000] {processor.py:186} INFO - Started process (PID=192) to work on /home/airflow/.local/lib/python3.12/site-packages/airflow/example_dags/example_python_decorator.py
[2025-06-26T23:12:13.329+0000] {processor.py:914} INFO - Processing file /home/airflow/.local/lib/python3.12/site-packages/airflow/example_dags/example_python_decorator.py for tasks to queue
[2025-06-26T23:12:13.331+0000] {logging_mixin.py:190} INFO - [2025-06-26T23:12:13.331+0000] {dagbag.py:588} INFO - Filling up the DagBag from /home/airflow/.local/lib/python3.12/site-packages/airflow/example_dags/example_python_decorator.py
[2025-06-26T23:12:13.352+0000] {processor.py:925} INFO - DAG(s) 'example_python_decorator' retrieved from /home/airflow/.local/lib/python3.12/site-packages/airflow/example_dags/example_python_decorator.py
[2025-06-26T23:12:13.390+0000] {logging_mixin.py:190} INFO - [2025-06-26T23:12:13.389+0000] {dag.py:3239} INFO - Sync 1 DAGs
[2025-06-26T23:12:13.408+0000] {logging_mixin.py:190} INFO - [2025-06-26T23:12:13.408+0000] {dag.py:4180} INFO - Setting next_dagrun for example_python_decorator to None, run_after=None
[2025-06-26T23:12:13.432+0000] {processor.py:208} INFO - Processing /home/airflow/.local/lib/python3.12/site-packages/airflow/example_dags/example_python_decorator.py took 0.112 seconds
[2025-06-26T23:12:43.835+0000] {processor.py:186} INFO - Started process (PID=255) to work on /home/airflow/.local/lib/python3.12/site-packages/airflow/example_dags/example_python_decorator.py
[2025-06-26T23:12:43.837+0000] {processor.py:914} INFO - Processing file /home/airflow/.local/lib/python3.12/site-packages/airflow/example_dags/example_python_decorator.py for tasks to queue
[2025-06-26T23:12:43.845+0000] {logging_mixin.py:190} INFO - [2025-06-26T23:12:43.845+0000] {dagbag.py:588} INFO - Filling up the DagBag from /home/airflow/.local/lib/python3.12/site-packages/airflow/example_dags/example_python_decorator.py
[2025-06-26T23:12:43.884+0000] {processor.py:925} INFO - DAG(s) 'example_python_decorator' retrieved from /home/airflow/.local/lib/python3.12/site-packages/airflow/example_dags/example_python_decorator.py
[2025-06-26T23:12:43.989+0000] {logging_mixin.py:190} INFO - [2025-06-26T23:12:43.989+0000] {dag.py:3239} INFO - Sync 1 DAGs
[2025-06-26T23:12:44.052+0000] {logging_mixin.py:190} INFO - [2025-06-26T23:12:44.051+0000] {dag.py:4180} INFO - Setting next_dagrun for example_python_decorator to None, run_after=None
[2025-06-26T23:12:44.095+0000] {processor.py:208} INFO - Processing /home/airflow/.local/lib/python3.12/site-packages/airflow/example_dags/example_python_decorator.py took 0.276 seconds
