[2025-06-26T23:11:20.006+0000] {processor.py:186} INFO - Started process (PID=101) to work on /home/airflow/.local/lib/python3.12/site-packages/airflow/example_dags/example_kubernetes_executor.py
[2025-06-26T23:11:20.007+0000] {processor.py:914} INFO - Processing file /home/airflow/.local/lib/python3.12/site-packages/airflow/example_dags/example_kubernetes_executor.py for tasks to queue
[2025-06-26T23:11:20.012+0000] {logging_mixin.py:190} INFO - [2025-06-26T23:11:20.011+0000] {dagbag.py:588} INFO - Filling up the DagBag from /home/airflow/.local/lib/python3.12/site-packages/airflow/example_dags/example_kubernetes_executor.py
[2025-06-26T23:11:20.041+0000] {processor.py:925} INFO - DAG(s) 'example_kubernetes_executor' retrieved from /home/airflow/.local/lib/python3.12/site-packages/airflow/example_dags/example_kubernetes_executor.py
[2025-06-26T23:11:20.225+0000] {logging_mixin.py:190} INFO - [2025-06-26T23:11:20.224+0000] {override.py:1900} INFO - Created Permission View: can read on DAG:example_kubernetes_executor
[2025-06-26T23:11:20.239+0000] {logging_mixin.py:190} INFO - [2025-06-26T23:11:20.238+0000] {override.py:1900} INFO - Created Permission View: can edit on DAG:example_kubernetes_executor
[2025-06-26T23:11:20.247+0000] {logging_mixin.py:190} INFO - [2025-06-26T23:11:20.246+0000] {override.py:1900} INFO - Created Permission View: can delete on DAG:example_kubernetes_executor
[2025-06-26T23:11:20.259+0000] {logging_mixin.py:190} INFO - [2025-06-26T23:11:20.259+0000] {override.py:1900} INFO - Created Permission View: can read on DAG Run:example_kubernetes_executor
[2025-06-26T23:11:20.268+0000] {logging_mixin.py:190} INFO - [2025-06-26T23:11:20.267+0000] {override.py:1900} INFO - Created Permission View: can create on DAG Run:example_kubernetes_executor
[2025-06-26T23:11:20.280+0000] {logging_mixin.py:190} INFO - [2025-06-26T23:11:20.280+0000] {override.py:1900} INFO - Created Permission View: menu access on DAG Run:example_kubernetes_executor
[2025-06-26T23:11:20.289+0000] {logging_mixin.py:190} INFO - [2025-06-26T23:11:20.289+0000] {override.py:1900} INFO - Created Permission View: can delete on DAG Run:example_kubernetes_executor
[2025-06-26T23:11:20.290+0000] {logging_mixin.py:190} INFO - [2025-06-26T23:11:20.289+0000] {dag.py:3239} INFO - Sync 1 DAGs
[2025-06-26T23:11:20.304+0000] {logging_mixin.py:190} INFO - [2025-06-26T23:11:20.304+0000] {dag.py:3262} INFO - Creating ORM DAG for example_kubernetes_executor
[2025-06-26T23:11:20.305+0000] {logging_mixin.py:190} INFO - [2025-06-26T23:11:20.305+0000] {dag.py:4180} INFO - Setting next_dagrun for example_kubernetes_executor to None, run_after=None
[2025-06-26T23:11:20.325+0000] {processor.py:208} INFO - Processing /home/airflow/.local/lib/python3.12/site-packages/airflow/example_dags/example_kubernetes_executor.py took 0.333 seconds
[2025-06-26T23:11:51.291+0000] {processor.py:186} INFO - Started process (PID=164) to work on /home/airflow/.local/lib/python3.12/site-packages/airflow/example_dags/example_kubernetes_executor.py
[2025-06-26T23:11:51.293+0000] {processor.py:914} INFO - Processing file /home/airflow/.local/lib/python3.12/site-packages/airflow/example_dags/example_kubernetes_executor.py for tasks to queue
[2025-06-26T23:11:51.296+0000] {logging_mixin.py:190} INFO - [2025-06-26T23:11:51.295+0000] {dagbag.py:588} INFO - Filling up the DagBag from /home/airflow/.local/lib/python3.12/site-packages/airflow/example_dags/example_kubernetes_executor.py
[2025-06-26T23:11:51.319+0000] {processor.py:925} INFO - DAG(s) 'example_kubernetes_executor' retrieved from /home/airflow/.local/lib/python3.12/site-packages/airflow/example_dags/example_kubernetes_executor.py
[2025-06-26T23:11:51.382+0000] {logging_mixin.py:190} INFO - [2025-06-26T23:11:51.382+0000] {dag.py:3239} INFO - Sync 1 DAGs
[2025-06-26T23:11:51.412+0000] {logging_mixin.py:190} INFO - [2025-06-26T23:11:51.412+0000] {dag.py:4180} INFO - Setting next_dagrun for example_kubernetes_executor to None, run_after=None
[2025-06-26T23:11:51.459+0000] {processor.py:208} INFO - Processing /home/airflow/.local/lib/python3.12/site-packages/airflow/example_dags/example_kubernetes_executor.py took 0.177 seconds
[2025-06-26T23:12:21.829+0000] {processor.py:186} INFO - Started process (PID=226) to work on /home/airflow/.local/lib/python3.12/site-packages/airflow/example_dags/example_kubernetes_executor.py
[2025-06-26T23:12:21.834+0000] {processor.py:914} INFO - Processing file /home/airflow/.local/lib/python3.12/site-packages/airflow/example_dags/example_kubernetes_executor.py for tasks to queue
[2025-06-26T23:12:21.838+0000] {logging_mixin.py:190} INFO - [2025-06-26T23:12:21.837+0000] {dagbag.py:588} INFO - Filling up the DagBag from /home/airflow/.local/lib/python3.12/site-packages/airflow/example_dags/example_kubernetes_executor.py
[2025-06-26T23:12:21.871+0000] {processor.py:925} INFO - DAG(s) 'example_kubernetes_executor' retrieved from /home/airflow/.local/lib/python3.12/site-packages/airflow/example_dags/example_kubernetes_executor.py
[2025-06-26T23:12:21.975+0000] {logging_mixin.py:190} INFO - [2025-06-26T23:12:21.974+0000] {dag.py:3239} INFO - Sync 1 DAGs
[2025-06-26T23:12:22.011+0000] {logging_mixin.py:190} INFO - [2025-06-26T23:12:22.010+0000] {dag.py:4180} INFO - Setting next_dagrun for example_kubernetes_executor to None, run_after=None
[2025-06-26T23:12:22.043+0000] {processor.py:208} INFO - Processing /home/airflow/.local/lib/python3.12/site-packages/airflow/example_dags/example_kubernetes_executor.py took 0.234 seconds
[2025-06-26T23:12:53.044+0000] {processor.py:186} INFO - Started process (PID=289) to work on /home/airflow/.local/lib/python3.12/site-packages/airflow/example_dags/example_kubernetes_executor.py
[2025-06-26T23:12:53.051+0000] {processor.py:914} INFO - Processing file /home/airflow/.local/lib/python3.12/site-packages/airflow/example_dags/example_kubernetes_executor.py for tasks to queue
[2025-06-26T23:12:53.054+0000] {logging_mixin.py:190} INFO - [2025-06-26T23:12:53.053+0000] {dagbag.py:588} INFO - Filling up the DagBag from /home/airflow/.local/lib/python3.12/site-packages/airflow/example_dags/example_kubernetes_executor.py
[2025-06-26T23:12:53.072+0000] {processor.py:925} INFO - DAG(s) 'example_kubernetes_executor' retrieved from /home/airflow/.local/lib/python3.12/site-packages/airflow/example_dags/example_kubernetes_executor.py
[2025-06-26T23:12:53.125+0000] {logging_mixin.py:190} INFO - [2025-06-26T23:12:53.124+0000] {dag.py:3239} INFO - Sync 1 DAGs
[2025-06-26T23:12:53.154+0000] {logging_mixin.py:190} INFO - [2025-06-26T23:12:53.154+0000] {dag.py:4180} INFO - Setting next_dagrun for example_kubernetes_executor to None, run_after=None
[2025-06-26T23:12:53.184+0000] {processor.py:208} INFO - Processing /home/airflow/.local/lib/python3.12/site-packages/airflow/example_dags/example_kubernetes_executor.py took 0.152 seconds
