[2025-06-26T23:11:14.474+0000] {processor.py:186} INFO - Started process (PID=76) to work on /home/airflow/.local/lib/python3.12/site-packages/airflow/example_dags/example_xcom.py
[2025-06-26T23:11:14.475+0000] {processor.py:914} INFO - Processing file /home/airflow/.local/lib/python3.12/site-packages/airflow/example_dags/example_xcom.py for tasks to queue
[2025-06-26T23:11:14.479+0000] {logging_mixin.py:190} INFO - [2025-06-26T23:11:14.478+0000] {dagbag.py:588} INFO - Filling up the DagBag from /home/airflow/.local/lib/python3.12/site-packages/airflow/example_dags/example_xcom.py
[2025-06-26T23:11:14.497+0000] {processor.py:925} INFO - DAG(s) 'example_xcom' retrieved from /home/airflow/.local/lib/python3.12/site-packages/airflow/example_dags/example_xcom.py
[2025-06-26T23:11:14.674+0000] {logging_mixin.py:190} INFO - [2025-06-26T23:11:14.673+0000] {override.py:1900} INFO - Created Permission View: can read on DAG:example_xcom
[2025-06-26T23:11:14.689+0000] {logging_mixin.py:190} INFO - [2025-06-26T23:11:14.689+0000] {override.py:1900} INFO - Created Permission View: can edit on DAG:example_xcom
[2025-06-26T23:11:14.699+0000] {logging_mixin.py:190} INFO - [2025-06-26T23:11:14.699+0000] {override.py:1900} INFO - Created Permission View: can delete on DAG:example_xcom
[2025-06-26T23:11:14.709+0000] {logging_mixin.py:190} INFO - [2025-06-26T23:11:14.709+0000] {override.py:1900} INFO - Created Permission View: can read on DAG Run:example_xcom
[2025-06-26T23:11:14.719+0000] {logging_mixin.py:190} INFO - [2025-06-26T23:11:14.718+0000] {override.py:1900} INFO - Created Permission View: can create on DAG Run:example_xcom
[2025-06-26T23:11:14.729+0000] {logging_mixin.py:190} INFO - [2025-06-26T23:11:14.728+0000] {override.py:1900} INFO - Created Permission View: menu access on DAG Run:example_xcom
[2025-06-26T23:11:14.739+0000] {logging_mixin.py:190} INFO - [2025-06-26T23:11:14.738+0000] {override.py:1900} INFO - Created Permission View: can delete on DAG Run:example_xcom
[2025-06-26T23:11:14.739+0000] {logging_mixin.py:190} INFO - [2025-06-26T23:11:14.739+0000] {dag.py:3239} INFO - Sync 1 DAGs
[2025-06-26T23:11:14.763+0000] {logging_mixin.py:190} INFO - [2025-06-26T23:11:14.763+0000] {dag.py:3262} INFO - Creating ORM DAG for example_xcom
[2025-06-26T23:11:14.799+0000] {logging_mixin.py:190} INFO - [2025-06-26T23:11:14.799+0000] {dag.py:4180} INFO - Setting next_dagrun for example_xcom to 2021-01-01 00:00:00+00:00, run_after=2021-01-01 00:00:00+00:00
[2025-06-26T23:11:14.829+0000] {processor.py:208} INFO - Processing /home/airflow/.local/lib/python3.12/site-packages/airflow/example_dags/example_xcom.py took 0.365 seconds
[2025-06-26T23:11:45.137+0000] {processor.py:186} INFO - Started process (PID=138) to work on /home/airflow/.local/lib/python3.12/site-packages/airflow/example_dags/example_xcom.py
[2025-06-26T23:11:45.138+0000] {processor.py:914} INFO - Processing file /home/airflow/.local/lib/python3.12/site-packages/airflow/example_dags/example_xcom.py for tasks to queue
[2025-06-26T23:11:45.142+0000] {logging_mixin.py:190} INFO - [2025-06-26T23:11:45.141+0000] {dagbag.py:588} INFO - Filling up the DagBag from /home/airflow/.local/lib/python3.12/site-packages/airflow/example_dags/example_xcom.py
[2025-06-26T23:11:45.156+0000] {processor.py:925} INFO - DAG(s) 'example_xcom' retrieved from /home/airflow/.local/lib/python3.12/site-packages/airflow/example_dags/example_xcom.py
[2025-06-26T23:11:45.182+0000] {logging_mixin.py:190} INFO - [2025-06-26T23:11:45.182+0000] {dag.py:3239} INFO - Sync 1 DAGs
[2025-06-26T23:11:45.227+0000] {logging_mixin.py:190} INFO - [2025-06-26T23:11:45.226+0000] {dag.py:4180} INFO - Setting next_dagrun for example_xcom to 2021-01-01 00:00:00+00:00, run_after=2021-01-01 00:00:00+00:00
[2025-06-26T23:11:45.253+0000] {processor.py:208} INFO - Processing /home/airflow/.local/lib/python3.12/site-packages/airflow/example_dags/example_xcom.py took 0.127 seconds
[2025-06-26T23:12:15.882+0000] {processor.py:186} INFO - Started process (PID=200) to work on /home/airflow/.local/lib/python3.12/site-packages/airflow/example_dags/example_xcom.py
[2025-06-26T23:12:15.883+0000] {processor.py:914} INFO - Processing file /home/airflow/.local/lib/python3.12/site-packages/airflow/example_dags/example_xcom.py for tasks to queue
[2025-06-26T23:12:15.886+0000] {logging_mixin.py:190} INFO - [2025-06-26T23:12:15.885+0000] {dagbag.py:588} INFO - Filling up the DagBag from /home/airflow/.local/lib/python3.12/site-packages/airflow/example_dags/example_xcom.py
[2025-06-26T23:12:15.904+0000] {processor.py:925} INFO - DAG(s) 'example_xcom' retrieved from /home/airflow/.local/lib/python3.12/site-packages/airflow/example_dags/example_xcom.py
[2025-06-26T23:12:15.952+0000] {logging_mixin.py:190} INFO - [2025-06-26T23:12:15.952+0000] {dag.py:3239} INFO - Sync 1 DAGs
[2025-06-26T23:12:15.995+0000] {logging_mixin.py:190} INFO - [2025-06-26T23:12:15.995+0000] {dag.py:4180} INFO - Setting next_dagrun for example_xcom to 2021-01-01 00:00:00+00:00, run_after=2021-01-01 00:00:00+00:00
[2025-06-26T23:12:16.044+0000] {processor.py:208} INFO - Processing /home/airflow/.local/lib/python3.12/site-packages/airflow/example_dags/example_xcom.py took 0.173 seconds
[2025-06-26T23:12:46.546+0000] {processor.py:186} INFO - Started process (PID=263) to work on /home/airflow/.local/lib/python3.12/site-packages/airflow/example_dags/example_xcom.py
[2025-06-26T23:12:46.548+0000] {processor.py:914} INFO - Processing file /home/airflow/.local/lib/python3.12/site-packages/airflow/example_dags/example_xcom.py for tasks to queue
[2025-06-26T23:12:46.553+0000] {logging_mixin.py:190} INFO - [2025-06-26T23:12:46.552+0000] {dagbag.py:588} INFO - Filling up the DagBag from /home/airflow/.local/lib/python3.12/site-packages/airflow/example_dags/example_xcom.py
[2025-06-26T23:12:46.571+0000] {processor.py:925} INFO - DAG(s) 'example_xcom' retrieved from /home/airflow/.local/lib/python3.12/site-packages/airflow/example_dags/example_xcom.py
[2025-06-26T23:12:46.594+0000] {logging_mixin.py:190} INFO - [2025-06-26T23:12:46.594+0000] {dag.py:3239} INFO - Sync 1 DAGs
[2025-06-26T23:12:46.620+0000] {logging_mixin.py:190} INFO - [2025-06-26T23:12:46.620+0000] {dag.py:4180} INFO - Setting next_dagrun for example_xcom to 2021-01-01 00:00:00+00:00, run_after=2021-01-01 00:00:00+00:00
[2025-06-26T23:12:46.641+0000] {processor.py:208} INFO - Processing /home/airflow/.local/lib/python3.12/site-packages/airflow/example_dags/example_xcom.py took 0.121 seconds
