[2025-06-26T23:11:16.509+0000] {processor.py:186} INFO - Started process (PID=85) to work on /home/airflow/.local/lib/python3.12/site-packages/airflow/example_dags/example_bash_decorator.py
[2025-06-26T23:11:16.510+0000] {processor.py:914} INFO - Processing file /home/airflow/.local/lib/python3.12/site-packages/airflow/example_dags/example_bash_decorator.py for tasks to queue
[2025-06-26T23:11:16.513+0000] {logging_mixin.py:190} INFO - [2025-06-26T23:11:16.513+0000] {dagbag.py:588} INFO - Filling up the DagBag from /home/airflow/.local/lib/python3.12/site-packages/airflow/example_dags/example_bash_decorator.py
[2025-06-26T23:11:16.541+0000] {processor.py:925} INFO - DAG(s) 'example_bash_decorator' retrieved from /home/airflow/.local/lib/python3.12/site-packages/airflow/example_dags/example_bash_decorator.py
[2025-06-26T23:11:16.719+0000] {logging_mixin.py:190} INFO - [2025-06-26T23:11:16.718+0000] {override.py:1900} INFO - Created Permission View: can read on DAG:example_bash_decorator
[2025-06-26T23:11:16.734+0000] {logging_mixin.py:190} INFO - [2025-06-26T23:11:16.733+0000] {override.py:1900} INFO - Created Permission View: can edit on DAG:example_bash_decorator
[2025-06-26T23:11:16.746+0000] {logging_mixin.py:190} INFO - [2025-06-26T23:11:16.745+0000] {override.py:1900} INFO - Created Permission View: can delete on DAG:example_bash_decorator
[2025-06-26T23:11:16.755+0000] {logging_mixin.py:190} INFO - [2025-06-26T23:11:16.755+0000] {override.py:1900} INFO - Created Permission View: can read on DAG Run:example_bash_decorator
[2025-06-26T23:11:16.763+0000] {logging_mixin.py:190} INFO - [2025-06-26T23:11:16.762+0000] {override.py:1900} INFO - Created Permission View: can create on DAG Run:example_bash_decorator
[2025-06-26T23:11:16.773+0000] {logging_mixin.py:190} INFO - [2025-06-26T23:11:16.772+0000] {override.py:1900} INFO - Created Permission View: menu access on DAG Run:example_bash_decorator
[2025-06-26T23:11:16.783+0000] {logging_mixin.py:190} INFO - [2025-06-26T23:11:16.783+0000] {override.py:1900} INFO - Created Permission View: can delete on DAG Run:example_bash_decorator
[2025-06-26T23:11:16.784+0000] {logging_mixin.py:190} INFO - [2025-06-26T23:11:16.784+0000] {dag.py:3239} INFO - Sync 1 DAGs
[2025-06-26T23:11:16.805+0000] {logging_mixin.py:190} INFO - [2025-06-26T23:11:16.805+0000] {dag.py:3262} INFO - Creating ORM DAG for example_bash_decorator
[2025-06-26T23:11:16.806+0000] {logging_mixin.py:190} INFO - [2025-06-26T23:11:16.806+0000] {dag.py:4180} INFO - Setting next_dagrun for example_bash_decorator to None, run_after=None
[2025-06-26T23:11:16.836+0000] {processor.py:208} INFO - Processing /home/airflow/.local/lib/python3.12/site-packages/airflow/example_dags/example_bash_decorator.py took 0.337 seconds
[2025-06-26T23:11:47.402+0000] {processor.py:186} INFO - Started process (PID=148) to work on /home/airflow/.local/lib/python3.12/site-packages/airflow/example_dags/example_bash_decorator.py
[2025-06-26T23:11:47.404+0000] {processor.py:914} INFO - Processing file /home/airflow/.local/lib/python3.12/site-packages/airflow/example_dags/example_bash_decorator.py for tasks to queue
[2025-06-26T23:11:47.408+0000] {logging_mixin.py:190} INFO - [2025-06-26T23:11:47.408+0000] {dagbag.py:588} INFO - Filling up the DagBag from /home/airflow/.local/lib/python3.12/site-packages/airflow/example_dags/example_bash_decorator.py
[2025-06-26T23:11:47.446+0000] {processor.py:925} INFO - DAG(s) 'example_bash_decorator' retrieved from /home/airflow/.local/lib/python3.12/site-packages/airflow/example_dags/example_bash_decorator.py
[2025-06-26T23:11:47.494+0000] {logging_mixin.py:190} INFO - [2025-06-26T23:11:47.494+0000] {dag.py:3239} INFO - Sync 1 DAGs
[2025-06-26T23:11:47.526+0000] {logging_mixin.py:190} INFO - [2025-06-26T23:11:47.525+0000] {dag.py:4180} INFO - Setting next_dagrun for example_bash_decorator to None, run_after=None
[2025-06-26T23:11:47.568+0000] {processor.py:208} INFO - Processing /home/airflow/.local/lib/python3.12/site-packages/airflow/example_dags/example_bash_decorator.py took 0.177 seconds
[2025-06-26T23:12:18.177+0000] {processor.py:186} INFO - Started process (PID=210) to work on /home/airflow/.local/lib/python3.12/site-packages/airflow/example_dags/example_bash_decorator.py
[2025-06-26T23:12:18.178+0000] {processor.py:914} INFO - Processing file /home/airflow/.local/lib/python3.12/site-packages/airflow/example_dags/example_bash_decorator.py for tasks to queue
[2025-06-26T23:12:18.182+0000] {logging_mixin.py:190} INFO - [2025-06-26T23:12:18.182+0000] {dagbag.py:588} INFO - Filling up the DagBag from /home/airflow/.local/lib/python3.12/site-packages/airflow/example_dags/example_bash_decorator.py
[2025-06-26T23:12:18.209+0000] {processor.py:925} INFO - DAG(s) 'example_bash_decorator' retrieved from /home/airflow/.local/lib/python3.12/site-packages/airflow/example_dags/example_bash_decorator.py
[2025-06-26T23:12:18.249+0000] {logging_mixin.py:190} INFO - [2025-06-26T23:12:18.249+0000] {dag.py:3239} INFO - Sync 1 DAGs
[2025-06-26T23:12:18.272+0000] {logging_mixin.py:190} INFO - [2025-06-26T23:12:18.272+0000] {dag.py:4180} INFO - Setting next_dagrun for example_bash_decorator to None, run_after=None
[2025-06-26T23:12:18.307+0000] {processor.py:208} INFO - Processing /home/airflow/.local/lib/python3.12/site-packages/airflow/example_dags/example_bash_decorator.py took 0.138 seconds
[2025-06-26T23:12:48.386+0000] {processor.py:186} INFO - Started process (PID=273) to work on /home/airflow/.local/lib/python3.12/site-packages/airflow/example_dags/example_bash_decorator.py
[2025-06-26T23:12:48.387+0000] {processor.py:914} INFO - Processing file /home/airflow/.local/lib/python3.12/site-packages/airflow/example_dags/example_bash_decorator.py for tasks to queue
[2025-06-26T23:12:48.390+0000] {logging_mixin.py:190} INFO - [2025-06-26T23:12:48.390+0000] {dagbag.py:588} INFO - Filling up the DagBag from /home/airflow/.local/lib/python3.12/site-packages/airflow/example_dags/example_bash_decorator.py
[2025-06-26T23:12:48.411+0000] {processor.py:925} INFO - DAG(s) 'example_bash_decorator' retrieved from /home/airflow/.local/lib/python3.12/site-packages/airflow/example_dags/example_bash_decorator.py
[2025-06-26T23:12:48.437+0000] {logging_mixin.py:190} INFO - [2025-06-26T23:12:48.436+0000] {dag.py:3239} INFO - Sync 1 DAGs
[2025-06-26T23:12:48.452+0000] {logging_mixin.py:190} INFO - [2025-06-26T23:12:48.452+0000] {dag.py:4180} INFO - Setting next_dagrun for example_bash_decorator to None, run_after=None
[2025-06-26T23:12:48.472+0000] {processor.py:208} INFO - Processing /home/airflow/.local/lib/python3.12/site-packages/airflow/example_dags/example_bash_decorator.py took 0.093 seconds
