[2025-06-26T23:11:17.367+0000] {processor.py:186} INFO - Started process (PID=89) to work on /home/airflow/.local/lib/python3.12/site-packages/airflow/example_dags/example_display_name.py
[2025-06-26T23:11:17.368+0000] {processor.py:914} INFO - Processing file /home/airflow/.local/lib/python3.12/site-packages/airflow/example_dags/example_display_name.py for tasks to queue
[2025-06-26T23:11:17.370+0000] {logging_mixin.py:190} INFO - [2025-06-26T23:11:17.370+0000] {dagbag.py:588} INFO - Filling up the DagBag from /home/airflow/.local/lib/python3.12/site-packages/airflow/example_dags/example_display_name.py
[2025-06-26T23:11:17.381+0000] {processor.py:925} INFO - DAG(s) 'example_display_name' retrieved from /home/airflow/.local/lib/python3.12/site-packages/airflow/example_dags/example_display_name.py
[2025-06-26T23:11:17.528+0000] {logging_mixin.py:190} INFO - [2025-06-26T23:11:17.527+0000] {override.py:1900} INFO - Created Permission View: can read on DAG:example_display_name
[2025-06-26T23:11:17.540+0000] {logging_mixin.py:190} INFO - [2025-06-26T23:11:17.539+0000] {override.py:1900} INFO - Created Permission View: can edit on DAG:example_display_name
[2025-06-26T23:11:17.550+0000] {logging_mixin.py:190} INFO - [2025-06-26T23:11:17.549+0000] {override.py:1900} INFO - Created Permission View: can delete on DAG:example_display_name
[2025-06-26T23:11:17.560+0000] {logging_mixin.py:190} INFO - [2025-06-26T23:11:17.559+0000] {override.py:1900} INFO - Created Permission View: can read on DAG Run:example_display_name
[2025-06-26T23:11:17.570+0000] {logging_mixin.py:190} INFO - [2025-06-26T23:11:17.570+0000] {override.py:1900} INFO - Created Permission View: can create on DAG Run:example_display_name
[2025-06-26T23:11:17.580+0000] {logging_mixin.py:190} INFO - [2025-06-26T23:11:17.580+0000] {override.py:1900} INFO - Created Permission View: menu access on DAG Run:example_display_name
[2025-06-26T23:11:17.589+0000] {logging_mixin.py:190} INFO - [2025-06-26T23:11:17.589+0000] {override.py:1900} INFO - Created Permission View: can delete on DAG Run:example_display_name
[2025-06-26T23:11:17.590+0000] {logging_mixin.py:190} INFO - [2025-06-26T23:11:17.590+0000] {dag.py:3239} INFO - Sync 1 DAGs
[2025-06-26T23:11:17.609+0000] {logging_mixin.py:190} INFO - [2025-06-26T23:11:17.608+0000] {dag.py:3262} INFO - Creating ORM DAG for example_display_name
[2025-06-26T23:11:17.610+0000] {logging_mixin.py:190} INFO - [2025-06-26T23:11:17.610+0000] {dag.py:4180} INFO - Setting next_dagrun for example_display_name to None, run_after=None
[2025-06-26T23:11:17.633+0000] {processor.py:208} INFO - Processing /home/airflow/.local/lib/python3.12/site-packages/airflow/example_dags/example_display_name.py took 0.274 seconds
[2025-06-26T23:11:48.004+0000] {processor.py:186} INFO - Started process (PID=152) to work on /home/airflow/.local/lib/python3.12/site-packages/airflow/example_dags/example_display_name.py
[2025-06-26T23:11:48.005+0000] {processor.py:914} INFO - Processing file /home/airflow/.local/lib/python3.12/site-packages/airflow/example_dags/example_display_name.py for tasks to queue
[2025-06-26T23:11:48.008+0000] {logging_mixin.py:190} INFO - [2025-06-26T23:11:48.007+0000] {dagbag.py:588} INFO - Filling up the DagBag from /home/airflow/.local/lib/python3.12/site-packages/airflow/example_dags/example_display_name.py
[2025-06-26T23:11:48.021+0000] {processor.py:925} INFO - DAG(s) 'example_display_name' retrieved from /home/airflow/.local/lib/python3.12/site-packages/airflow/example_dags/example_display_name.py
[2025-06-26T23:11:48.056+0000] {logging_mixin.py:190} INFO - [2025-06-26T23:11:48.055+0000] {dag.py:3239} INFO - Sync 1 DAGs
[2025-06-26T23:11:48.083+0000] {logging_mixin.py:190} INFO - [2025-06-26T23:11:48.083+0000] {dag.py:4180} INFO - Setting next_dagrun for example_display_name to None, run_after=None
[2025-06-26T23:11:48.126+0000] {processor.py:208} INFO - Processing /home/airflow/.local/lib/python3.12/site-packages/airflow/example_dags/example_display_name.py took 0.133 seconds
[2025-06-26T23:12:18.843+0000] {processor.py:186} INFO - Started process (PID=214) to work on /home/airflow/.local/lib/python3.12/site-packages/airflow/example_dags/example_display_name.py
[2025-06-26T23:12:18.844+0000] {processor.py:914} INFO - Processing file /home/airflow/.local/lib/python3.12/site-packages/airflow/example_dags/example_display_name.py for tasks to queue
[2025-06-26T23:12:18.848+0000] {logging_mixin.py:190} INFO - [2025-06-26T23:12:18.848+0000] {dagbag.py:588} INFO - Filling up the DagBag from /home/airflow/.local/lib/python3.12/site-packages/airflow/example_dags/example_display_name.py
[2025-06-26T23:12:18.864+0000] {processor.py:925} INFO - DAG(s) 'example_display_name' retrieved from /home/airflow/.local/lib/python3.12/site-packages/airflow/example_dags/example_display_name.py
[2025-06-26T23:12:18.904+0000] {logging_mixin.py:190} INFO - [2025-06-26T23:12:18.903+0000] {dag.py:3239} INFO - Sync 1 DAGs
[2025-06-26T23:12:18.938+0000] {logging_mixin.py:190} INFO - [2025-06-26T23:12:18.938+0000] {dag.py:4180} INFO - Setting next_dagrun for example_display_name to None, run_after=None
[2025-06-26T23:12:18.976+0000] {processor.py:208} INFO - Processing /home/airflow/.local/lib/python3.12/site-packages/airflow/example_dags/example_display_name.py took 0.146 seconds
[2025-06-26T23:12:49.736+0000] {processor.py:186} INFO - Started process (PID=277) to work on /home/airflow/.local/lib/python3.12/site-packages/airflow/example_dags/example_display_name.py
[2025-06-26T23:12:49.737+0000] {processor.py:914} INFO - Processing file /home/airflow/.local/lib/python3.12/site-packages/airflow/example_dags/example_display_name.py for tasks to queue
[2025-06-26T23:12:49.740+0000] {logging_mixin.py:190} INFO - [2025-06-26T23:12:49.739+0000] {dagbag.py:588} INFO - Filling up the DagBag from /home/airflow/.local/lib/python3.12/site-packages/airflow/example_dags/example_display_name.py
[2025-06-26T23:12:49.751+0000] {processor.py:925} INFO - DAG(s) 'example_display_name' retrieved from /home/airflow/.local/lib/python3.12/site-packages/airflow/example_dags/example_display_name.py
[2025-06-26T23:12:49.775+0000] {logging_mixin.py:190} INFO - [2025-06-26T23:12:49.775+0000] {dag.py:3239} INFO - Sync 1 DAGs
[2025-06-26T23:12:49.801+0000] {logging_mixin.py:190} INFO - [2025-06-26T23:12:49.800+0000] {dag.py:4180} INFO - Setting next_dagrun for example_display_name to None, run_after=None
[2025-06-26T23:12:49.828+0000] {processor.py:208} INFO - Processing /home/airflow/.local/lib/python3.12/site-packages/airflow/example_dags/example_display_name.py took 0.099 seconds
