[2025-06-26T23:11:22.303+0000] {processor.py:186} INFO - Started process (PID=113) to work on /home/airflow/.local/lib/python3.12/site-packages/airflow/example_dags/example_datasets.py
[2025-06-26T23:11:22.304+0000] {processor.py:914} INFO - Processing file /home/airflow/.local/lib/python3.12/site-packages/airflow/example_dags/example_datasets.py for tasks to queue
[2025-06-26T23:11:22.308+0000] {logging_mixin.py:190} INFO - [2025-06-26T23:11:22.307+0000] {dagbag.py:588} INFO - Filling up the DagBag from /home/airflow/.local/lib/python3.12/site-packages/airflow/example_dags/example_datasets.py
[2025-06-26T23:11:22.516+0000] {processor.py:925} INFO - DAG(s) 'dataset_consumes_1_and_2', 'conditional_dataset_and_time_based_timetable', 'consume_1_or_2_with_dataset_expressions', 'consume_1_or_both_2_and_3_with_dataset_expressions', 'dataset_consumes_unknown_never_scheduled', 'consume_1_and_2_with_dataset_expressions', 'dataset_produces_1', 'dataset_consumes_1_never_scheduled', 'dataset_consumes_1', 'dataset_produces_2' retrieved from /home/airflow/.local/lib/python3.12/site-packages/airflow/example_dags/example_datasets.py
[2025-06-26T23:11:22.669+0000] {logging_mixin.py:190} INFO - [2025-06-26T23:11:22.668+0000] {override.py:1900} INFO - Created Permission View: can read on DAG:dataset_consumes_1_and_2
[2025-06-26T23:11:22.685+0000] {logging_mixin.py:190} INFO - [2025-06-26T23:11:22.685+0000] {override.py:1900} INFO - Created Permission View: can edit on DAG:dataset_consumes_1_and_2
[2025-06-26T23:11:22.695+0000] {logging_mixin.py:190} INFO - [2025-06-26T23:11:22.694+0000] {override.py:1900} INFO - Created Permission View: can delete on DAG:dataset_consumes_1_and_2
[2025-06-26T23:11:22.703+0000] {logging_mixin.py:190} INFO - [2025-06-26T23:11:22.702+0000] {override.py:1900} INFO - Created Permission View: can read on DAG Run:dataset_consumes_1_and_2
[2025-06-26T23:11:22.710+0000] {logging_mixin.py:190} INFO - [2025-06-26T23:11:22.710+0000] {override.py:1900} INFO - Created Permission View: can create on DAG Run:dataset_consumes_1_and_2
[2025-06-26T23:11:22.717+0000] {logging_mixin.py:190} INFO - [2025-06-26T23:11:22.717+0000] {override.py:1900} INFO - Created Permission View: menu access on DAG Run:dataset_consumes_1_and_2
[2025-06-26T23:11:22.727+0000] {logging_mixin.py:190} INFO - [2025-06-26T23:11:22.726+0000] {override.py:1900} INFO - Created Permission View: can delete on DAG Run:dataset_consumes_1_and_2
[2025-06-26T23:11:22.745+0000] {logging_mixin.py:190} INFO - [2025-06-26T23:11:22.744+0000] {override.py:1900} INFO - Created Permission View: can read on DAG:conditional_dataset_and_time_based_timetable
[2025-06-26T23:11:22.754+0000] {logging_mixin.py:190} INFO - [2025-06-26T23:11:22.754+0000] {override.py:1900} INFO - Created Permission View: can edit on DAG:conditional_dataset_and_time_based_timetable
[2025-06-26T23:11:22.765+0000] {logging_mixin.py:190} INFO - [2025-06-26T23:11:22.765+0000] {override.py:1900} INFO - Created Permission View: can delete on DAG:conditional_dataset_and_time_based_timetable
[2025-06-26T23:11:22.775+0000] {logging_mixin.py:190} INFO - [2025-06-26T23:11:22.775+0000] {override.py:1900} INFO - Created Permission View: can read on DAG Run:conditional_dataset_and_time_based_timetable
[2025-06-26T23:11:22.784+0000] {logging_mixin.py:190} INFO - [2025-06-26T23:11:22.784+0000] {override.py:1900} INFO - Created Permission View: can create on DAG Run:conditional_dataset_and_time_based_timetable
[2025-06-26T23:11:22.794+0000] {logging_mixin.py:190} INFO - [2025-06-26T23:11:22.793+0000] {override.py:1900} INFO - Created Permission View: menu access on DAG Run:conditional_dataset_and_time_based_timetable
[2025-06-26T23:11:22.808+0000] {logging_mixin.py:190} INFO - [2025-06-26T23:11:22.807+0000] {override.py:1900} INFO - Created Permission View: can delete on DAG Run:conditional_dataset_and_time_based_timetable
[2025-06-26T23:11:22.829+0000] {logging_mixin.py:190} INFO - [2025-06-26T23:11:22.828+0000] {override.py:1900} INFO - Created Permission View: can read on DAG:consume_1_or_2_with_dataset_expressions
[2025-06-26T23:11:22.839+0000] {logging_mixin.py:190} INFO - [2025-06-26T23:11:22.838+0000] {override.py:1900} INFO - Created Permission View: can edit on DAG:consume_1_or_2_with_dataset_expressions
[2025-06-26T23:11:22.849+0000] {logging_mixin.py:190} INFO - [2025-06-26T23:11:22.848+0000] {override.py:1900} INFO - Created Permission View: can delete on DAG:consume_1_or_2_with_dataset_expressions
[2025-06-26T23:11:22.859+0000] {logging_mixin.py:190} INFO - [2025-06-26T23:11:22.859+0000] {override.py:1900} INFO - Created Permission View: can read on DAG Run:consume_1_or_2_with_dataset_expressions
[2025-06-26T23:11:22.872+0000] {logging_mixin.py:190} INFO - [2025-06-26T23:11:22.870+0000] {override.py:1900} INFO - Created Permission View: can create on DAG Run:consume_1_or_2_with_dataset_expressions
[2025-06-26T23:11:22.885+0000] {logging_mixin.py:190} INFO - [2025-06-26T23:11:22.885+0000] {override.py:1900} INFO - Created Permission View: menu access on DAG Run:consume_1_or_2_with_dataset_expressions
[2025-06-26T23:11:22.897+0000] {logging_mixin.py:190} INFO - [2025-06-26T23:11:22.897+0000] {override.py:1900} INFO - Created Permission View: can delete on DAG Run:consume_1_or_2_with_dataset_expressions
[2025-06-26T23:11:22.927+0000] {logging_mixin.py:190} INFO - [2025-06-26T23:11:22.924+0000] {override.py:1900} INFO - Created Permission View: can read on DAG:consume_1_or_both_2_and_3_with_dataset_expressions
[2025-06-26T23:11:22.948+0000] {logging_mixin.py:190} INFO - [2025-06-26T23:11:22.948+0000] {override.py:1900} INFO - Created Permission View: can edit on DAG:consume_1_or_both_2_and_3_with_dataset_expressions
[2025-06-26T23:11:22.967+0000] {logging_mixin.py:190} INFO - [2025-06-26T23:11:22.966+0000] {override.py:1900} INFO - Created Permission View: can delete on DAG:consume_1_or_both_2_and_3_with_dataset_expressions
[2025-06-26T23:11:22.992+0000] {logging_mixin.py:190} INFO - [2025-06-26T23:11:22.991+0000] {override.py:1900} INFO - Created Permission View: can read on DAG Run:consume_1_or_both_2_and_3_with_dataset_expressions
[2025-06-26T23:11:23.022+0000] {logging_mixin.py:190} INFO - [2025-06-26T23:11:23.022+0000] {override.py:1900} INFO - Created Permission View: can create on DAG Run:consume_1_or_both_2_and_3_with_dataset_expressions
[2025-06-26T23:11:23.046+0000] {logging_mixin.py:190} INFO - [2025-06-26T23:11:23.045+0000] {override.py:1900} INFO - Created Permission View: menu access on DAG Run:consume_1_or_both_2_and_3_with_dataset_expressions
[2025-06-26T23:11:23.069+0000] {logging_mixin.py:190} INFO - [2025-06-26T23:11:23.069+0000] {override.py:1900} INFO - Created Permission View: can delete on DAG Run:consume_1_or_both_2_and_3_with_dataset_expressions
[2025-06-26T23:11:23.111+0000] {logging_mixin.py:190} INFO - [2025-06-26T23:11:23.110+0000] {override.py:1900} INFO - Created Permission View: can read on DAG:dataset_consumes_unknown_never_scheduled
[2025-06-26T23:11:23.133+0000] {logging_mixin.py:190} INFO - [2025-06-26T23:11:23.133+0000] {override.py:1900} INFO - Created Permission View: can edit on DAG:dataset_consumes_unknown_never_scheduled
[2025-06-26T23:11:23.150+0000] {logging_mixin.py:190} INFO - [2025-06-26T23:11:23.150+0000] {override.py:1900} INFO - Created Permission View: can delete on DAG:dataset_consumes_unknown_never_scheduled
[2025-06-26T23:11:23.166+0000] {logging_mixin.py:190} INFO - [2025-06-26T23:11:23.165+0000] {override.py:1900} INFO - Created Permission View: can read on DAG Run:dataset_consumes_unknown_never_scheduled
[2025-06-26T23:11:23.176+0000] {logging_mixin.py:190} INFO - [2025-06-26T23:11:23.176+0000] {override.py:1900} INFO - Created Permission View: can create on DAG Run:dataset_consumes_unknown_never_scheduled
[2025-06-26T23:11:23.191+0000] {logging_mixin.py:190} INFO - [2025-06-26T23:11:23.190+0000] {override.py:1900} INFO - Created Permission View: menu access on DAG Run:dataset_consumes_unknown_never_scheduled
[2025-06-26T23:11:23.210+0000] {logging_mixin.py:190} INFO - [2025-06-26T23:11:23.209+0000] {override.py:1900} INFO - Created Permission View: can delete on DAG Run:dataset_consumes_unknown_never_scheduled
[2025-06-26T23:11:23.243+0000] {logging_mixin.py:190} INFO - [2025-06-26T23:11:23.240+0000] {override.py:1900} INFO - Created Permission View: can read on DAG:consume_1_and_2_with_dataset_expressions
[2025-06-26T23:11:23.269+0000] {logging_mixin.py:190} INFO - [2025-06-26T23:11:23.265+0000] {override.py:1900} INFO - Created Permission View: can edit on DAG:consume_1_and_2_with_dataset_expressions
[2025-06-26T23:11:23.283+0000] {logging_mixin.py:190} INFO - [2025-06-26T23:11:23.283+0000] {override.py:1900} INFO - Created Permission View: can delete on DAG:consume_1_and_2_with_dataset_expressions
[2025-06-26T23:11:23.299+0000] {logging_mixin.py:190} INFO - [2025-06-26T23:11:23.299+0000] {override.py:1900} INFO - Created Permission View: can read on DAG Run:consume_1_and_2_with_dataset_expressions
[2025-06-26T23:11:23.315+0000] {logging_mixin.py:190} INFO - [2025-06-26T23:11:23.314+0000] {override.py:1900} INFO - Created Permission View: can create on DAG Run:consume_1_and_2_with_dataset_expressions
[2025-06-26T23:11:23.340+0000] {logging_mixin.py:190} INFO - [2025-06-26T23:11:23.340+0000] {override.py:1900} INFO - Created Permission View: menu access on DAG Run:consume_1_and_2_with_dataset_expressions
[2025-06-26T23:11:23.376+0000] {logging_mixin.py:190} INFO - [2025-06-26T23:11:23.375+0000] {override.py:1900} INFO - Created Permission View: can delete on DAG Run:consume_1_and_2_with_dataset_expressions
[2025-06-26T23:11:23.410+0000] {logging_mixin.py:190} INFO - [2025-06-26T23:11:23.409+0000] {override.py:1900} INFO - Created Permission View: can read on DAG:dataset_produces_1
[2025-06-26T23:11:23.446+0000] {logging_mixin.py:190} INFO - [2025-06-26T23:11:23.445+0000] {override.py:1900} INFO - Created Permission View: can edit on DAG:dataset_produces_1
[2025-06-26T23:11:23.460+0000] {logging_mixin.py:190} INFO - [2025-06-26T23:11:23.459+0000] {override.py:1900} INFO - Created Permission View: can delete on DAG:dataset_produces_1
[2025-06-26T23:11:23.482+0000] {logging_mixin.py:190} INFO - [2025-06-26T23:11:23.481+0000] {override.py:1900} INFO - Created Permission View: can read on DAG Run:dataset_produces_1
[2025-06-26T23:11:23.516+0000] {logging_mixin.py:190} INFO - [2025-06-26T23:11:23.515+0000] {override.py:1900} INFO - Created Permission View: can create on DAG Run:dataset_produces_1
[2025-06-26T23:11:23.555+0000] {logging_mixin.py:190} INFO - [2025-06-26T23:11:23.554+0000] {override.py:1900} INFO - Created Permission View: menu access on DAG Run:dataset_produces_1
[2025-06-26T23:11:23.580+0000] {logging_mixin.py:190} INFO - [2025-06-26T23:11:23.580+0000] {override.py:1900} INFO - Created Permission View: can delete on DAG Run:dataset_produces_1
[2025-06-26T23:11:23.662+0000] {logging_mixin.py:190} INFO - [2025-06-26T23:11:23.661+0000] {override.py:1900} INFO - Created Permission View: can read on DAG:dataset_consumes_1_never_scheduled
[2025-06-26T23:11:23.693+0000] {logging_mixin.py:190} INFO - [2025-06-26T23:11:23.691+0000] {override.py:1900} INFO - Created Permission View: can edit on DAG:dataset_consumes_1_never_scheduled
[2025-06-26T23:11:23.719+0000] {logging_mixin.py:190} INFO - [2025-06-26T23:11:23.719+0000] {override.py:1900} INFO - Created Permission View: can delete on DAG:dataset_consumes_1_never_scheduled
[2025-06-26T23:11:23.745+0000] {logging_mixin.py:190} INFO - [2025-06-26T23:11:23.744+0000] {override.py:1900} INFO - Created Permission View: can read on DAG Run:dataset_consumes_1_never_scheduled
[2025-06-26T23:11:23.770+0000] {logging_mixin.py:190} INFO - [2025-06-26T23:11:23.770+0000] {override.py:1900} INFO - Created Permission View: can create on DAG Run:dataset_consumes_1_never_scheduled
[2025-06-26T23:11:23.802+0000] {logging_mixin.py:190} INFO - [2025-06-26T23:11:23.801+0000] {override.py:1900} INFO - Created Permission View: menu access on DAG Run:dataset_consumes_1_never_scheduled
[2025-06-26T23:11:23.829+0000] {logging_mixin.py:190} INFO - [2025-06-26T23:11:23.829+0000] {override.py:1900} INFO - Created Permission View: can delete on DAG Run:dataset_consumes_1_never_scheduled
[2025-06-26T23:11:23.852+0000] {logging_mixin.py:190} INFO - [2025-06-26T23:11:23.852+0000] {override.py:1900} INFO - Created Permission View: can read on DAG:dataset_consumes_1
[2025-06-26T23:11:23.868+0000] {logging_mixin.py:190} INFO - [2025-06-26T23:11:23.868+0000] {override.py:1900} INFO - Created Permission View: can edit on DAG:dataset_consumes_1
[2025-06-26T23:11:23.896+0000] {logging_mixin.py:190} INFO - [2025-06-26T23:11:23.894+0000] {override.py:1900} INFO - Created Permission View: can delete on DAG:dataset_consumes_1
[2025-06-26T23:11:23.912+0000] {logging_mixin.py:190} INFO - [2025-06-26T23:11:23.911+0000] {override.py:1900} INFO - Created Permission View: can read on DAG Run:dataset_consumes_1
[2025-06-26T23:11:23.921+0000] {logging_mixin.py:190} INFO - [2025-06-26T23:11:23.921+0000] {override.py:1900} INFO - Created Permission View: can create on DAG Run:dataset_consumes_1
[2025-06-26T23:11:23.932+0000] {logging_mixin.py:190} INFO - [2025-06-26T23:11:23.931+0000] {override.py:1900} INFO - Created Permission View: menu access on DAG Run:dataset_consumes_1
[2025-06-26T23:11:23.942+0000] {logging_mixin.py:190} INFO - [2025-06-26T23:11:23.942+0000] {override.py:1900} INFO - Created Permission View: can delete on DAG Run:dataset_consumes_1
[2025-06-26T23:11:23.961+0000] {logging_mixin.py:190} INFO - [2025-06-26T23:11:23.960+0000] {override.py:1900} INFO - Created Permission View: can read on DAG:dataset_produces_2
[2025-06-26T23:11:23.971+0000] {logging_mixin.py:190} INFO - [2025-06-26T23:11:23.971+0000] {override.py:1900} INFO - Created Permission View: can edit on DAG:dataset_produces_2
[2025-06-26T23:11:23.982+0000] {logging_mixin.py:190} INFO - [2025-06-26T23:11:23.982+0000] {override.py:1900} INFO - Created Permission View: can delete on DAG:dataset_produces_2
[2025-06-26T23:11:23.995+0000] {logging_mixin.py:190} INFO - [2025-06-26T23:11:23.995+0000] {override.py:1900} INFO - Created Permission View: can read on DAG Run:dataset_produces_2
[2025-06-26T23:11:24.014+0000] {logging_mixin.py:190} INFO - [2025-06-26T23:11:24.013+0000] {override.py:1900} INFO - Created Permission View: can create on DAG Run:dataset_produces_2
[2025-06-26T23:11:24.032+0000] {logging_mixin.py:190} INFO - [2025-06-26T23:11:24.031+0000] {override.py:1900} INFO - Created Permission View: menu access on DAG Run:dataset_produces_2
[2025-06-26T23:11:24.052+0000] {logging_mixin.py:190} INFO - [2025-06-26T23:11:24.051+0000] {override.py:1900} INFO - Created Permission View: can delete on DAG Run:dataset_produces_2
[2025-06-26T23:11:24.053+0000] {logging_mixin.py:190} INFO - [2025-06-26T23:11:24.052+0000] {dag.py:3239} INFO - Sync 10 DAGs
[2025-06-26T23:11:24.084+0000] {logging_mixin.py:190} INFO - [2025-06-26T23:11:24.084+0000] {dag.py:3262} INFO - Creating ORM DAG for conditional_dataset_and_time_based_timetable
[2025-06-26T23:11:24.085+0000] {logging_mixin.py:190} INFO - [2025-06-26T23:11:24.085+0000] {dag.py:3262} INFO - Creating ORM DAG for dataset_consumes_1
[2025-06-26T23:11:24.086+0000] {logging_mixin.py:190} INFO - [2025-06-26T23:11:24.086+0000] {dag.py:3262} INFO - Creating ORM DAG for dataset_produces_2
[2025-06-26T23:11:24.088+0000] {logging_mixin.py:190} INFO - [2025-06-26T23:11:24.087+0000] {dag.py:3262} INFO - Creating ORM DAG for consume_1_or_both_2_and_3_with_dataset_expressions
[2025-06-26T23:11:24.089+0000] {logging_mixin.py:190} INFO - [2025-06-26T23:11:24.088+0000] {dag.py:3262} INFO - Creating ORM DAG for dataset_consumes_1_never_scheduled
[2025-06-26T23:11:24.090+0000] {logging_mixin.py:190} INFO - [2025-06-26T23:11:24.089+0000] {dag.py:3262} INFO - Creating ORM DAG for consume_1_and_2_with_dataset_expressions
[2025-06-26T23:11:24.091+0000] {logging_mixin.py:190} INFO - [2025-06-26T23:11:24.090+0000] {dag.py:3262} INFO - Creating ORM DAG for dataset_consumes_unknown_never_scheduled
[2025-06-26T23:11:24.092+0000] {logging_mixin.py:190} INFO - [2025-06-26T23:11:24.091+0000] {dag.py:3262} INFO - Creating ORM DAG for consume_1_or_2_with_dataset_expressions
[2025-06-26T23:11:24.093+0000] {logging_mixin.py:190} INFO - [2025-06-26T23:11:24.092+0000] {dag.py:3262} INFO - Creating ORM DAG for dataset_consumes_1_and_2
[2025-06-26T23:11:24.094+0000] {logging_mixin.py:190} INFO - [2025-06-26T23:11:24.094+0000] {dag.py:3262} INFO - Creating ORM DAG for dataset_produces_1
[2025-06-26T23:11:24.112+0000] {logging_mixin.py:190} INFO - [2025-06-26T23:11:24.112+0000] {dag.py:4180} INFO - Setting next_dagrun for conditional_dataset_and_time_based_timetable to 2025-06-25 01:00:00+00:00, run_after=2025-06-25 01:00:00+00:00
[2025-06-26T23:11:24.113+0000] {logging_mixin.py:190} INFO - [2025-06-26T23:11:24.113+0000] {dag.py:4180} INFO - Setting next_dagrun for consume_1_and_2_with_dataset_expressions to None, run_after=None
[2025-06-26T23:11:24.114+0000] {logging_mixin.py:190} INFO - [2025-06-26T23:11:24.113+0000] {dag.py:4180} INFO - Setting next_dagrun for consume_1_or_2_with_dataset_expressions to None, run_after=None
[2025-06-26T23:11:24.114+0000] {logging_mixin.py:190} INFO - [2025-06-26T23:11:24.114+0000] {dag.py:4180} INFO - Setting next_dagrun for consume_1_or_both_2_and_3_with_dataset_expressions to None, run_after=None
[2025-06-26T23:11:24.115+0000] {logging_mixin.py:190} INFO - [2025-06-26T23:11:24.115+0000] {dag.py:4180} INFO - Setting next_dagrun for dataset_consumes_1 to None, run_after=None
[2025-06-26T23:11:24.119+0000] {logging_mixin.py:190} INFO - [2025-06-26T23:11:24.118+0000] {dag.py:4180} INFO - Setting next_dagrun for dataset_consumes_1_and_2 to None, run_after=None
[2025-06-26T23:11:24.120+0000] {logging_mixin.py:190} INFO - [2025-06-26T23:11:24.119+0000] {dag.py:4180} INFO - Setting next_dagrun for dataset_consumes_1_never_scheduled to None, run_after=None
[2025-06-26T23:11:24.120+0000] {logging_mixin.py:190} INFO - [2025-06-26T23:11:24.120+0000] {dag.py:4180} INFO - Setting next_dagrun for dataset_consumes_unknown_never_scheduled to None, run_after=None
[2025-06-26T23:11:24.129+0000] {logging_mixin.py:190} INFO - [2025-06-26T23:11:24.125+0000] {dag.py:4180} INFO - Setting next_dagrun for dataset_produces_1 to 2025-06-25 00:00:00+00:00, run_after=2025-06-26 00:00:00+00:00
[2025-06-26T23:11:24.130+0000] {logging_mixin.py:190} INFO - [2025-06-26T23:11:24.129+0000] {dag.py:4180} INFO - Setting next_dagrun for dataset_produces_2 to None, run_after=None
[2025-06-26T23:11:24.207+0000] {processor.py:208} INFO - Processing /home/airflow/.local/lib/python3.12/site-packages/airflow/example_dags/example_datasets.py took 1.912 seconds
[2025-06-26T23:11:54.299+0000] {processor.py:186} INFO - Started process (PID=187) to work on /home/airflow/.local/lib/python3.12/site-packages/airflow/example_dags/example_datasets.py
[2025-06-26T23:11:54.300+0000] {processor.py:914} INFO - Processing file /home/airflow/.local/lib/python3.12/site-packages/airflow/example_dags/example_datasets.py for tasks to queue
[2025-06-26T23:11:54.302+0000] {logging_mixin.py:190} INFO - [2025-06-26T23:11:54.302+0000] {dagbag.py:588} INFO - Filling up the DagBag from /home/airflow/.local/lib/python3.12/site-packages/airflow/example_dags/example_datasets.py
[2025-06-26T23:11:54.627+0000] {processor.py:925} INFO - DAG(s) 'consume_1_and_2_with_dataset_expressions', 'dataset_produces_2', 'consume_1_or_both_2_and_3_with_dataset_expressions', 'dataset_consumes_1', 'dataset_consumes_1_and_2', 'dataset_produces_1', 'consume_1_or_2_with_dataset_expressions', 'conditional_dataset_and_time_based_timetable', 'dataset_consumes_1_never_scheduled', 'dataset_consumes_unknown_never_scheduled' retrieved from /home/airflow/.local/lib/python3.12/site-packages/airflow/example_dags/example_datasets.py
[2025-06-26T23:11:54.711+0000] {logging_mixin.py:190} INFO - [2025-06-26T23:11:54.710+0000] {dag.py:3239} INFO - Sync 10 DAGs
[2025-06-26T23:11:54.748+0000] {logging_mixin.py:190} INFO - [2025-06-26T23:11:54.748+0000] {dag.py:4180} INFO - Setting next_dagrun for conditional_dataset_and_time_based_timetable to 2025-06-25 01:00:00+00:00, run_after=2025-06-25 01:00:00+00:00
[2025-06-26T23:11:54.754+0000] {logging_mixin.py:190} INFO - [2025-06-26T23:11:54.753+0000] {dag.py:4180} INFO - Setting next_dagrun for consume_1_and_2_with_dataset_expressions to None, run_after=None
[2025-06-26T23:11:54.756+0000] {logging_mixin.py:190} INFO - [2025-06-26T23:11:54.755+0000] {dag.py:4180} INFO - Setting next_dagrun for consume_1_or_2_with_dataset_expressions to None, run_after=None
[2025-06-26T23:11:54.758+0000] {logging_mixin.py:190} INFO - [2025-06-26T23:11:54.757+0000] {dag.py:4180} INFO - Setting next_dagrun for consume_1_or_both_2_and_3_with_dataset_expressions to None, run_after=None
[2025-06-26T23:11:54.759+0000] {logging_mixin.py:190} INFO - [2025-06-26T23:11:54.759+0000] {dag.py:4180} INFO - Setting next_dagrun for dataset_consumes_1 to None, run_after=None
[2025-06-26T23:11:54.761+0000] {logging_mixin.py:190} INFO - [2025-06-26T23:11:54.761+0000] {dag.py:4180} INFO - Setting next_dagrun for dataset_consumes_1_and_2 to None, run_after=None
[2025-06-26T23:11:54.762+0000] {logging_mixin.py:190} INFO - [2025-06-26T23:11:54.762+0000] {dag.py:4180} INFO - Setting next_dagrun for dataset_consumes_1_never_scheduled to None, run_after=None
[2025-06-26T23:11:54.764+0000] {logging_mixin.py:190} INFO - [2025-06-26T23:11:54.763+0000] {dag.py:4180} INFO - Setting next_dagrun for dataset_consumes_unknown_never_scheduled to None, run_after=None
[2025-06-26T23:11:54.766+0000] {logging_mixin.py:190} INFO - [2025-06-26T23:11:54.766+0000] {dag.py:4180} INFO - Setting next_dagrun for dataset_produces_1 to 2025-06-25 00:00:00+00:00, run_after=2025-06-26 00:00:00+00:00
[2025-06-26T23:11:54.768+0000] {logging_mixin.py:190} INFO - [2025-06-26T23:11:54.768+0000] {dag.py:4180} INFO - Setting next_dagrun for dataset_produces_2 to None, run_after=None
[2025-06-26T23:11:54.815+0000] {processor.py:208} INFO - Processing /home/airflow/.local/lib/python3.12/site-packages/airflow/example_dags/example_datasets.py took 0.526 seconds
[2025-06-26T23:12:25.245+0000] {processor.py:186} INFO - Started process (PID=249) to work on /home/airflow/.local/lib/python3.12/site-packages/airflow/example_dags/example_datasets.py
[2025-06-26T23:12:25.253+0000] {processor.py:914} INFO - Processing file /home/airflow/.local/lib/python3.12/site-packages/airflow/example_dags/example_datasets.py for tasks to queue
[2025-06-26T23:12:25.260+0000] {logging_mixin.py:190} INFO - [2025-06-26T23:12:25.259+0000] {dagbag.py:588} INFO - Filling up the DagBag from /home/airflow/.local/lib/python3.12/site-packages/airflow/example_dags/example_datasets.py
[2025-06-26T23:12:25.519+0000] {processor.py:925} INFO - DAG(s) 'dataset_consumes_1', 'dataset_consumes_1_and_2', 'dataset_produces_1', 'dataset_consumes_1_never_scheduled', 'conditional_dataset_and_time_based_timetable', 'consume_1_and_2_with_dataset_expressions', 'dataset_consumes_unknown_never_scheduled', 'consume_1_or_2_with_dataset_expressions', 'dataset_produces_2', 'consume_1_or_both_2_and_3_with_dataset_expressions' retrieved from /home/airflow/.local/lib/python3.12/site-packages/airflow/example_dags/example_datasets.py
[2025-06-26T23:12:25.588+0000] {logging_mixin.py:190} INFO - [2025-06-26T23:12:25.588+0000] {dag.py:3239} INFO - Sync 10 DAGs
[2025-06-26T23:12:25.635+0000] {logging_mixin.py:190} INFO - [2025-06-26T23:12:25.634+0000] {dag.py:4180} INFO - Setting next_dagrun for conditional_dataset_and_time_based_timetable to 2025-06-25 01:00:00+00:00, run_after=2025-06-25 01:00:00+00:00
[2025-06-26T23:12:25.642+0000] {logging_mixin.py:190} INFO - [2025-06-26T23:12:25.641+0000] {dag.py:4180} INFO - Setting next_dagrun for consume_1_and_2_with_dataset_expressions to None, run_after=None
[2025-06-26T23:12:25.644+0000] {logging_mixin.py:190} INFO - [2025-06-26T23:12:25.644+0000] {dag.py:4180} INFO - Setting next_dagrun for consume_1_or_2_with_dataset_expressions to None, run_after=None
[2025-06-26T23:12:25.647+0000] {logging_mixin.py:190} INFO - [2025-06-26T23:12:25.646+0000] {dag.py:4180} INFO - Setting next_dagrun for consume_1_or_both_2_and_3_with_dataset_expressions to None, run_after=None
[2025-06-26T23:12:25.649+0000] {logging_mixin.py:190} INFO - [2025-06-26T23:12:25.649+0000] {dag.py:4180} INFO - Setting next_dagrun for dataset_consumes_1 to None, run_after=None
[2025-06-26T23:12:25.651+0000] {logging_mixin.py:190} INFO - [2025-06-26T23:12:25.651+0000] {dag.py:4180} INFO - Setting next_dagrun for dataset_consumes_1_and_2 to None, run_after=None
[2025-06-26T23:12:25.654+0000] {logging_mixin.py:190} INFO - [2025-06-26T23:12:25.653+0000] {dag.py:4180} INFO - Setting next_dagrun for dataset_consumes_1_never_scheduled to None, run_after=None
[2025-06-26T23:12:25.655+0000] {logging_mixin.py:190} INFO - [2025-06-26T23:12:25.655+0000] {dag.py:4180} INFO - Setting next_dagrun for dataset_consumes_unknown_never_scheduled to None, run_after=None
[2025-06-26T23:12:25.659+0000] {logging_mixin.py:190} INFO - [2025-06-26T23:12:25.659+0000] {dag.py:4180} INFO - Setting next_dagrun for dataset_produces_1 to 2025-06-25 00:00:00+00:00, run_after=2025-06-26 00:00:00+00:00
[2025-06-26T23:12:25.661+0000] {logging_mixin.py:190} INFO - [2025-06-26T23:12:25.661+0000] {dag.py:4180} INFO - Setting next_dagrun for dataset_produces_2 to None, run_after=None
[2025-06-26T23:12:25.709+0000] {processor.py:208} INFO - Processing /home/airflow/.local/lib/python3.12/site-packages/airflow/example_dags/example_datasets.py took 0.476 seconds
[2025-06-26T23:12:56.296+0000] {processor.py:186} INFO - Started process (PID=313) to work on /home/airflow/.local/lib/python3.12/site-packages/airflow/example_dags/example_datasets.py
[2025-06-26T23:12:56.304+0000] {processor.py:914} INFO - Processing file /home/airflow/.local/lib/python3.12/site-packages/airflow/example_dags/example_datasets.py for tasks to queue
[2025-06-26T23:12:56.309+0000] {logging_mixin.py:190} INFO - [2025-06-26T23:12:56.308+0000] {dagbag.py:588} INFO - Filling up the DagBag from /home/airflow/.local/lib/python3.12/site-packages/airflow/example_dags/example_datasets.py
[2025-06-26T23:12:56.519+0000] {processor.py:925} INFO - DAG(s) 'consume_1_or_2_with_dataset_expressions', 'dataset_consumes_1_and_2', 'dataset_consumes_1', 'consume_1_and_2_with_dataset_expressions', 'dataset_produces_2', 'dataset_consumes_unknown_never_scheduled', 'conditional_dataset_and_time_based_timetable', 'dataset_produces_1', 'dataset_consumes_1_never_scheduled', 'consume_1_or_both_2_and_3_with_dataset_expressions' retrieved from /home/airflow/.local/lib/python3.12/site-packages/airflow/example_dags/example_datasets.py
[2025-06-26T23:12:56.579+0000] {logging_mixin.py:190} INFO - [2025-06-26T23:12:56.579+0000] {dag.py:3239} INFO - Sync 10 DAGs
[2025-06-26T23:12:56.614+0000] {logging_mixin.py:190} INFO - [2025-06-26T23:12:56.614+0000] {dag.py:4180} INFO - Setting next_dagrun for conditional_dataset_and_time_based_timetable to 2025-06-25 01:00:00+00:00, run_after=2025-06-25 01:00:00+00:00
[2025-06-26T23:12:56.618+0000] {logging_mixin.py:190} INFO - [2025-06-26T23:12:56.618+0000] {dag.py:4180} INFO - Setting next_dagrun for consume_1_and_2_with_dataset_expressions to None, run_after=None
[2025-06-26T23:12:56.621+0000] {logging_mixin.py:190} INFO - [2025-06-26T23:12:56.620+0000] {dag.py:4180} INFO - Setting next_dagrun for consume_1_or_2_with_dataset_expressions to None, run_after=None
[2025-06-26T23:12:56.623+0000] {logging_mixin.py:190} INFO - [2025-06-26T23:12:56.622+0000] {dag.py:4180} INFO - Setting next_dagrun for consume_1_or_both_2_and_3_with_dataset_expressions to None, run_after=None
[2025-06-26T23:12:56.625+0000] {logging_mixin.py:190} INFO - [2025-06-26T23:12:56.624+0000] {dag.py:4180} INFO - Setting next_dagrun for dataset_consumes_1 to None, run_after=None
[2025-06-26T23:12:56.626+0000] {logging_mixin.py:190} INFO - [2025-06-26T23:12:56.626+0000] {dag.py:4180} INFO - Setting next_dagrun for dataset_consumes_1_and_2 to None, run_after=None
[2025-06-26T23:12:56.628+0000] {logging_mixin.py:190} INFO - [2025-06-26T23:12:56.628+0000] {dag.py:4180} INFO - Setting next_dagrun for dataset_consumes_1_never_scheduled to None, run_after=None
[2025-06-26T23:12:56.629+0000] {logging_mixin.py:190} INFO - [2025-06-26T23:12:56.629+0000] {dag.py:4180} INFO - Setting next_dagrun for dataset_consumes_unknown_never_scheduled to None, run_after=None
[2025-06-26T23:12:56.633+0000] {logging_mixin.py:190} INFO - [2025-06-26T23:12:56.632+0000] {dag.py:4180} INFO - Setting next_dagrun for dataset_produces_1 to 2025-06-25 00:00:00+00:00, run_after=2025-06-26 00:00:00+00:00
[2025-06-26T23:12:56.634+0000] {logging_mixin.py:190} INFO - [2025-06-26T23:12:56.634+0000] {dag.py:4180} INFO - Setting next_dagrun for dataset_produces_2 to None, run_after=None
[2025-06-26T23:12:56.681+0000] {processor.py:208} INFO - Processing /home/airflow/.local/lib/python3.12/site-packages/airflow/example_dags/example_datasets.py took 0.401 seconds
