[2025-06-26T23:11:18.025+0000] {processor.py:186} INFO - Started process (PID=92) to work on /home/airflow/.local/lib/python3.12/site-packages/airflow/example_dags/example_xcomargs.py
[2025-06-26T23:11:18.026+0000] {processor.py:914} INFO - Processing file /home/airflow/.local/lib/python3.12/site-packages/airflow/example_dags/example_xcomargs.py for tasks to queue
[2025-06-26T23:11:18.029+0000] {logging_mixin.py:190} INFO - [2025-06-26T23:11:18.029+0000] {dagbag.py:588} INFO - Filling up the DagBag from /home/airflow/.local/lib/python3.12/site-packages/airflow/example_dags/example_xcomargs.py
[2025-06-26T23:11:18.046+0000] {processor.py:925} INFO - DAG(s) 'example_xcom_args_with_operators', 'example_xcom_args' retrieved from /home/airflow/.local/lib/python3.12/site-packages/airflow/example_dags/example_xcomargs.py
[2025-06-26T23:11:18.215+0000] {logging_mixin.py:190} INFO - [2025-06-26T23:11:18.214+0000] {override.py:1900} INFO - Created Permission View: can read on DAG:example_xcom_args_with_operators
[2025-06-26T23:11:18.226+0000] {logging_mixin.py:190} INFO - [2025-06-26T23:11:18.225+0000] {override.py:1900} INFO - Created Permission View: can edit on DAG:example_xcom_args_with_operators
[2025-06-26T23:11:18.233+0000] {logging_mixin.py:190} INFO - [2025-06-26T23:11:18.233+0000] {override.py:1900} INFO - Created Permission View: can delete on DAG:example_xcom_args_with_operators
[2025-06-26T23:11:18.242+0000] {logging_mixin.py:190} INFO - [2025-06-26T23:11:18.241+0000] {override.py:1900} INFO - Created Permission View: can read on DAG Run:example_xcom_args_with_operators
[2025-06-26T23:11:18.251+0000] {logging_mixin.py:190} INFO - [2025-06-26T23:11:18.251+0000] {override.py:1900} INFO - Created Permission View: can create on DAG Run:example_xcom_args_with_operators
[2025-06-26T23:11:18.260+0000] {logging_mixin.py:190} INFO - [2025-06-26T23:11:18.260+0000] {override.py:1900} INFO - Created Permission View: menu access on DAG Run:example_xcom_args_with_operators
[2025-06-26T23:11:18.269+0000] {logging_mixin.py:190} INFO - [2025-06-26T23:11:18.268+0000] {override.py:1900} INFO - Created Permission View: can delete on DAG Run:example_xcom_args_with_operators
[2025-06-26T23:11:18.283+0000] {logging_mixin.py:190} INFO - [2025-06-26T23:11:18.282+0000] {override.py:1900} INFO - Created Permission View: can read on DAG:example_xcom_args
[2025-06-26T23:11:18.292+0000] {logging_mixin.py:190} INFO - [2025-06-26T23:11:18.291+0000] {override.py:1900} INFO - Created Permission View: can edit on DAG:example_xcom_args
[2025-06-26T23:11:18.301+0000] {logging_mixin.py:190} INFO - [2025-06-26T23:11:18.301+0000] {override.py:1900} INFO - Created Permission View: can delete on DAG:example_xcom_args
[2025-06-26T23:11:18.311+0000] {logging_mixin.py:190} INFO - [2025-06-26T23:11:18.311+0000] {override.py:1900} INFO - Created Permission View: can read on DAG Run:example_xcom_args
[2025-06-26T23:11:18.321+0000] {logging_mixin.py:190} INFO - [2025-06-26T23:11:18.320+0000] {override.py:1900} INFO - Created Permission View: can create on DAG Run:example_xcom_args
[2025-06-26T23:11:18.330+0000] {logging_mixin.py:190} INFO - [2025-06-26T23:11:18.329+0000] {override.py:1900} INFO - Created Permission View: menu access on DAG Run:example_xcom_args
[2025-06-26T23:11:18.339+0000] {logging_mixin.py:190} INFO - [2025-06-26T23:11:18.338+0000] {override.py:1900} INFO - Created Permission View: can delete on DAG Run:example_xcom_args
[2025-06-26T23:11:18.340+0000] {logging_mixin.py:190} INFO - [2025-06-26T23:11:18.339+0000] {dag.py:3239} INFO - Sync 2 DAGs
[2025-06-26T23:11:18.363+0000] {logging_mixin.py:190} INFO - [2025-06-26T23:11:18.362+0000] {dag.py:3262} INFO - Creating ORM DAG for example_xcom_args
[2025-06-26T23:11:18.363+0000] {logging_mixin.py:190} INFO - [2025-06-26T23:11:18.363+0000] {dag.py:3262} INFO - Creating ORM DAG for example_xcom_args_with_operators
[2025-06-26T23:11:18.364+0000] {logging_mixin.py:190} INFO - [2025-06-26T23:11:18.364+0000] {dag.py:4180} INFO - Setting next_dagrun for example_xcom_args to None, run_after=None
[2025-06-26T23:11:18.365+0000] {logging_mixin.py:190} INFO - [2025-06-26T23:11:18.365+0000] {dag.py:4180} INFO - Setting next_dagrun for example_xcom_args_with_operators to None, run_after=None
[2025-06-26T23:11:18.390+0000] {processor.py:208} INFO - Processing /home/airflow/.local/lib/python3.12/site-packages/airflow/example_dags/example_xcomargs.py took 0.374 seconds
[2025-06-26T23:11:49.348+0000] {processor.py:186} INFO - Started process (PID=155) to work on /home/airflow/.local/lib/python3.12/site-packages/airflow/example_dags/example_xcomargs.py
[2025-06-26T23:11:49.349+0000] {processor.py:914} INFO - Processing file /home/airflow/.local/lib/python3.12/site-packages/airflow/example_dags/example_xcomargs.py for tasks to queue
[2025-06-26T23:11:49.353+0000] {logging_mixin.py:190} INFO - [2025-06-26T23:11:49.352+0000] {dagbag.py:588} INFO - Filling up the DagBag from /home/airflow/.local/lib/python3.12/site-packages/airflow/example_dags/example_xcomargs.py
[2025-06-26T23:11:49.372+0000] {processor.py:925} INFO - DAG(s) 'example_xcom_args', 'example_xcom_args_with_operators' retrieved from /home/airflow/.local/lib/python3.12/site-packages/airflow/example_dags/example_xcomargs.py
[2025-06-26T23:11:49.413+0000] {logging_mixin.py:190} INFO - [2025-06-26T23:11:49.413+0000] {dag.py:3239} INFO - Sync 2 DAGs
[2025-06-26T23:11:49.443+0000] {logging_mixin.py:190} INFO - [2025-06-26T23:11:49.443+0000] {dag.py:4180} INFO - Setting next_dagrun for example_xcom_args to None, run_after=None
[2025-06-26T23:11:49.450+0000] {logging_mixin.py:190} INFO - [2025-06-26T23:11:49.449+0000] {dag.py:4180} INFO - Setting next_dagrun for example_xcom_args_with_operators to None, run_after=None
[2025-06-26T23:11:49.473+0000] {processor.py:208} INFO - Processing /home/airflow/.local/lib/python3.12/site-packages/airflow/example_dags/example_xcomargs.py took 0.136 seconds
[2025-06-26T23:12:20.210+0000] {processor.py:186} INFO - Started process (PID=217) to work on /home/airflow/.local/lib/python3.12/site-packages/airflow/example_dags/example_xcomargs.py
[2025-06-26T23:12:20.211+0000] {processor.py:914} INFO - Processing file /home/airflow/.local/lib/python3.12/site-packages/airflow/example_dags/example_xcomargs.py for tasks to queue
[2025-06-26T23:12:20.215+0000] {logging_mixin.py:190} INFO - [2025-06-26T23:12:20.214+0000] {dagbag.py:588} INFO - Filling up the DagBag from /home/airflow/.local/lib/python3.12/site-packages/airflow/example_dags/example_xcomargs.py
[2025-06-26T23:12:20.237+0000] {processor.py:925} INFO - DAG(s) 'example_xcom_args', 'example_xcom_args_with_operators' retrieved from /home/airflow/.local/lib/python3.12/site-packages/airflow/example_dags/example_xcomargs.py
[2025-06-26T23:12:20.288+0000] {logging_mixin.py:190} INFO - [2025-06-26T23:12:20.287+0000] {dag.py:3239} INFO - Sync 2 DAGs
[2025-06-26T23:12:20.318+0000] {logging_mixin.py:190} INFO - [2025-06-26T23:12:20.318+0000] {dag.py:4180} INFO - Setting next_dagrun for example_xcom_args to None, run_after=None
[2025-06-26T23:12:20.326+0000] {logging_mixin.py:190} INFO - [2025-06-26T23:12:20.326+0000] {dag.py:4180} INFO - Setting next_dagrun for example_xcom_args_with_operators to None, run_after=None
[2025-06-26T23:12:20.356+0000] {processor.py:208} INFO - Processing /home/airflow/.local/lib/python3.12/site-packages/airflow/example_dags/example_xcomargs.py took 0.160 seconds
[2025-06-26T23:12:51.005+0000] {processor.py:186} INFO - Started process (PID=280) to work on /home/airflow/.local/lib/python3.12/site-packages/airflow/example_dags/example_xcomargs.py
[2025-06-26T23:12:51.007+0000] {processor.py:914} INFO - Processing file /home/airflow/.local/lib/python3.12/site-packages/airflow/example_dags/example_xcomargs.py for tasks to queue
[2025-06-26T23:12:51.011+0000] {logging_mixin.py:190} INFO - [2025-06-26T23:12:51.011+0000] {dagbag.py:588} INFO - Filling up the DagBag from /home/airflow/.local/lib/python3.12/site-packages/airflow/example_dags/example_xcomargs.py
[2025-06-26T23:12:51.031+0000] {processor.py:925} INFO - DAG(s) 'example_xcom_args', 'example_xcom_args_with_operators' retrieved from /home/airflow/.local/lib/python3.12/site-packages/airflow/example_dags/example_xcomargs.py
[2025-06-26T23:12:51.067+0000] {logging_mixin.py:190} INFO - [2025-06-26T23:12:51.067+0000] {dag.py:3239} INFO - Sync 2 DAGs
[2025-06-26T23:12:51.087+0000] {logging_mixin.py:190} INFO - [2025-06-26T23:12:51.087+0000] {dag.py:4180} INFO - Setting next_dagrun for example_xcom_args to None, run_after=None
[2025-06-26T23:12:51.093+0000] {logging_mixin.py:190} INFO - [2025-06-26T23:12:51.092+0000] {dag.py:4180} INFO - Setting next_dagrun for example_xcom_args_with_operators to None, run_after=None
[2025-06-26T23:12:51.127+0000] {processor.py:208} INFO - Processing /home/airflow/.local/lib/python3.12/site-packages/airflow/example_dags/example_xcomargs.py took 0.139 seconds
