[2025-06-26T23:11:18.433+0000] {processor.py:186} INFO - Started process (PID=94) to work on /home/airflow/.local/lib/python3.12/site-packages/airflow/example_dags/example_outlet_event_extra.py
[2025-06-26T23:11:18.434+0000] {processor.py:914} INFO - Processing file /home/airflow/.local/lib/python3.12/site-packages/airflow/example_dags/example_outlet_event_extra.py for tasks to queue
[2025-06-26T23:11:18.437+0000] {logging_mixin.py:190} INFO - [2025-06-26T23:11:18.437+0000] {dagbag.py:588} INFO - Filling up the DagBag from /home/airflow/.local/lib/python3.12/site-packages/airflow/example_dags/example_outlet_event_extra.py
[2025-06-26T23:11:18.735+0000] {processor.py:925} INFO - DAG(s) 'dataset_with_extra_by_yield', 'dataset_with_extra_from_classic_operator', 'dataset_with_extra_by_context' retrieved from /home/airflow/.local/lib/python3.12/site-packages/airflow/example_dags/example_outlet_event_extra.py
[2025-06-26T23:11:18.895+0000] {logging_mixin.py:190} INFO - [2025-06-26T23:11:18.894+0000] {override.py:1900} INFO - Created Permission View: can read on DAG:dataset_with_extra_by_yield
[2025-06-26T23:11:18.912+0000] {logging_mixin.py:190} INFO - [2025-06-26T23:11:18.912+0000] {override.py:1900} INFO - Created Permission View: can edit on DAG:dataset_with_extra_by_yield
[2025-06-26T23:11:18.920+0000] {logging_mixin.py:190} INFO - [2025-06-26T23:11:18.919+0000] {override.py:1900} INFO - Created Permission View: can delete on DAG:dataset_with_extra_by_yield
[2025-06-26T23:11:18.927+0000] {logging_mixin.py:190} INFO - [2025-06-26T23:11:18.927+0000] {override.py:1900} INFO - Created Permission View: can read on DAG Run:dataset_with_extra_by_yield
[2025-06-26T23:11:18.935+0000] {logging_mixin.py:190} INFO - [2025-06-26T23:11:18.935+0000] {override.py:1900} INFO - Created Permission View: can create on DAG Run:dataset_with_extra_by_yield
[2025-06-26T23:11:18.944+0000] {logging_mixin.py:190} INFO - [2025-06-26T23:11:18.944+0000] {override.py:1900} INFO - Created Permission View: menu access on DAG Run:dataset_with_extra_by_yield
[2025-06-26T23:11:18.959+0000] {logging_mixin.py:190} INFO - [2025-06-26T23:11:18.958+0000] {override.py:1900} INFO - Created Permission View: can delete on DAG Run:dataset_with_extra_by_yield
[2025-06-26T23:11:18.980+0000] {logging_mixin.py:190} INFO - [2025-06-26T23:11:18.980+0000] {override.py:1900} INFO - Created Permission View: can read on DAG:dataset_with_extra_from_classic_operator
[2025-06-26T23:11:18.990+0000] {logging_mixin.py:190} INFO - [2025-06-26T23:11:18.990+0000] {override.py:1900} INFO - Created Permission View: can edit on DAG:dataset_with_extra_from_classic_operator
[2025-06-26T23:11:19.000+0000] {logging_mixin.py:190} INFO - [2025-06-26T23:11:19.000+0000] {override.py:1900} INFO - Created Permission View: can delete on DAG:dataset_with_extra_from_classic_operator
[2025-06-26T23:11:19.010+0000] {logging_mixin.py:190} INFO - [2025-06-26T23:11:19.010+0000] {override.py:1900} INFO - Created Permission View: can read on DAG Run:dataset_with_extra_from_classic_operator
[2025-06-26T23:11:19.023+0000] {logging_mixin.py:190} INFO - [2025-06-26T23:11:19.022+0000] {override.py:1900} INFO - Created Permission View: can create on DAG Run:dataset_with_extra_from_classic_operator
[2025-06-26T23:11:19.032+0000] {logging_mixin.py:190} INFO - [2025-06-26T23:11:19.032+0000] {override.py:1900} INFO - Created Permission View: menu access on DAG Run:dataset_with_extra_from_classic_operator
[2025-06-26T23:11:19.042+0000] {logging_mixin.py:190} INFO - [2025-06-26T23:11:19.041+0000] {override.py:1900} INFO - Created Permission View: can delete on DAG Run:dataset_with_extra_from_classic_operator
[2025-06-26T23:11:19.060+0000] {logging_mixin.py:190} INFO - [2025-06-26T23:11:19.059+0000] {override.py:1900} INFO - Created Permission View: can read on DAG:dataset_with_extra_by_context
[2025-06-26T23:11:19.069+0000] {logging_mixin.py:190} INFO - [2025-06-26T23:11:19.069+0000] {override.py:1900} INFO - Created Permission View: can edit on DAG:dataset_with_extra_by_context
[2025-06-26T23:11:19.076+0000] {logging_mixin.py:190} INFO - [2025-06-26T23:11:19.076+0000] {override.py:1900} INFO - Created Permission View: can delete on DAG:dataset_with_extra_by_context
[2025-06-26T23:11:19.084+0000] {logging_mixin.py:190} INFO - [2025-06-26T23:11:19.084+0000] {override.py:1900} INFO - Created Permission View: can read on DAG Run:dataset_with_extra_by_context
[2025-06-26T23:11:19.093+0000] {logging_mixin.py:190} INFO - [2025-06-26T23:11:19.093+0000] {override.py:1900} INFO - Created Permission View: can create on DAG Run:dataset_with_extra_by_context
[2025-06-26T23:11:19.101+0000] {logging_mixin.py:190} INFO - [2025-06-26T23:11:19.101+0000] {override.py:1900} INFO - Created Permission View: menu access on DAG Run:dataset_with_extra_by_context
[2025-06-26T23:11:19.109+0000] {logging_mixin.py:190} INFO - [2025-06-26T23:11:19.109+0000] {override.py:1900} INFO - Created Permission View: can delete on DAG Run:dataset_with_extra_by_context
[2025-06-26T23:11:19.109+0000] {logging_mixin.py:190} INFO - [2025-06-26T23:11:19.109+0000] {dag.py:3239} INFO - Sync 3 DAGs
[2025-06-26T23:11:19.127+0000] {logging_mixin.py:190} INFO - [2025-06-26T23:11:19.126+0000] {dag.py:3262} INFO - Creating ORM DAG for dataset_with_extra_by_yield
[2025-06-26T23:11:19.128+0000] {logging_mixin.py:190} INFO - [2025-06-26T23:11:19.127+0000] {dag.py:3262} INFO - Creating ORM DAG for dataset_with_extra_by_context
[2025-06-26T23:11:19.129+0000] {logging_mixin.py:190} INFO - [2025-06-26T23:11:19.128+0000] {dag.py:3262} INFO - Creating ORM DAG for dataset_with_extra_from_classic_operator
[2025-06-26T23:11:19.144+0000] {logging_mixin.py:190} INFO - [2025-06-26T23:11:19.144+0000] {dag.py:4180} INFO - Setting next_dagrun for dataset_with_extra_by_context to 2025-06-25 00:00:00+00:00, run_after=2025-06-26 00:00:00+00:00
[2025-06-26T23:11:19.147+0000] {logging_mixin.py:190} INFO - [2025-06-26T23:11:19.146+0000] {dag.py:4180} INFO - Setting next_dagrun for dataset_with_extra_by_yield to 2025-06-25 00:00:00+00:00, run_after=2025-06-26 00:00:00+00:00
[2025-06-26T23:11:19.149+0000] {logging_mixin.py:190} INFO - [2025-06-26T23:11:19.149+0000] {dag.py:4180} INFO - Setting next_dagrun for dataset_with_extra_from_classic_operator to 2025-06-25 00:00:00+00:00, run_after=2025-06-26 00:00:00+00:00
[2025-06-26T23:11:19.179+0000] {processor.py:208} INFO - Processing /home/airflow/.local/lib/python3.12/site-packages/airflow/example_dags/example_outlet_event_extra.py took 0.755 seconds
[2025-06-26T23:11:49.515+0000] {processor.py:186} INFO - Started process (PID=157) to work on /home/airflow/.local/lib/python3.12/site-packages/airflow/example_dags/example_outlet_event_extra.py
[2025-06-26T23:11:49.516+0000] {processor.py:914} INFO - Processing file /home/airflow/.local/lib/python3.12/site-packages/airflow/example_dags/example_outlet_event_extra.py for tasks to queue
[2025-06-26T23:11:49.519+0000] {logging_mixin.py:190} INFO - [2025-06-26T23:11:49.519+0000] {dagbag.py:588} INFO - Filling up the DagBag from /home/airflow/.local/lib/python3.12/site-packages/airflow/example_dags/example_outlet_event_extra.py
[2025-06-26T23:11:49.728+0000] {processor.py:925} INFO - DAG(s) 'dataset_with_extra_from_classic_operator', 'dataset_with_extra_by_yield', 'dataset_with_extra_by_context' retrieved from /home/airflow/.local/lib/python3.12/site-packages/airflow/example_dags/example_outlet_event_extra.py
[2025-06-26T23:11:49.769+0000] {logging_mixin.py:190} INFO - [2025-06-26T23:11:49.768+0000] {dag.py:3239} INFO - Sync 3 DAGs
[2025-06-26T23:11:49.814+0000] {logging_mixin.py:190} INFO - [2025-06-26T23:11:49.814+0000] {dag.py:4180} INFO - Setting next_dagrun for dataset_with_extra_by_context to 2025-06-25 00:00:00+00:00, run_after=2025-06-26 00:00:00+00:00
[2025-06-26T23:11:49.823+0000] {logging_mixin.py:190} INFO - [2025-06-26T23:11:49.822+0000] {dag.py:4180} INFO - Setting next_dagrun for dataset_with_extra_by_yield to 2025-06-25 00:00:00+00:00, run_after=2025-06-26 00:00:00+00:00
[2025-06-26T23:11:49.827+0000] {logging_mixin.py:190} INFO - [2025-06-26T23:11:49.827+0000] {dag.py:4180} INFO - Setting next_dagrun for dataset_with_extra_from_classic_operator to 2025-06-25 00:00:00+00:00, run_after=2025-06-26 00:00:00+00:00
[2025-06-26T23:11:49.862+0000] {processor.py:208} INFO - Processing /home/airflow/.local/lib/python3.12/site-packages/airflow/example_dags/example_outlet_event_extra.py took 0.358 seconds
[2025-06-26T23:12:20.405+0000] {processor.py:186} INFO - Started process (PID=219) to work on /home/airflow/.local/lib/python3.12/site-packages/airflow/example_dags/example_outlet_event_extra.py
[2025-06-26T23:12:20.407+0000] {processor.py:914} INFO - Processing file /home/airflow/.local/lib/python3.12/site-packages/airflow/example_dags/example_outlet_event_extra.py for tasks to queue
[2025-06-26T23:12:20.412+0000] {logging_mixin.py:190} INFO - [2025-06-26T23:12:20.411+0000] {dagbag.py:588} INFO - Filling up the DagBag from /home/airflow/.local/lib/python3.12/site-packages/airflow/example_dags/example_outlet_event_extra.py
[2025-06-26T23:12:20.673+0000] {processor.py:925} INFO - DAG(s) 'dataset_with_extra_from_classic_operator', 'dataset_with_extra_by_context', 'dataset_with_extra_by_yield' retrieved from /home/airflow/.local/lib/python3.12/site-packages/airflow/example_dags/example_outlet_event_extra.py
[2025-06-26T23:12:20.715+0000] {logging_mixin.py:190} INFO - [2025-06-26T23:12:20.715+0000] {dag.py:3239} INFO - Sync 3 DAGs
[2025-06-26T23:12:20.777+0000] {logging_mixin.py:190} INFO - [2025-06-26T23:12:20.776+0000] {dag.py:4180} INFO - Setting next_dagrun for dataset_with_extra_by_context to 2025-06-25 00:00:00+00:00, run_after=2025-06-26 00:00:00+00:00
[2025-06-26T23:12:20.794+0000] {logging_mixin.py:190} INFO - [2025-06-26T23:12:20.793+0000] {dag.py:4180} INFO - Setting next_dagrun for dataset_with_extra_by_yield to 2025-06-25 00:00:00+00:00, run_after=2025-06-26 00:00:00+00:00
[2025-06-26T23:12:20.803+0000] {logging_mixin.py:190} INFO - [2025-06-26T23:12:20.802+0000] {dag.py:4180} INFO - Setting next_dagrun for dataset_with_extra_from_classic_operator to 2025-06-25 00:00:00+00:00, run_after=2025-06-26 00:00:00+00:00
[2025-06-26T23:12:20.916+0000] {processor.py:208} INFO - Processing /home/airflow/.local/lib/python3.12/site-packages/airflow/example_dags/example_outlet_event_extra.py took 0.519 seconds
[2025-06-26T23:12:51.172+0000] {processor.py:186} INFO - Started process (PID=282) to work on /home/airflow/.local/lib/python3.12/site-packages/airflow/example_dags/example_outlet_event_extra.py
[2025-06-26T23:12:51.174+0000] {processor.py:914} INFO - Processing file /home/airflow/.local/lib/python3.12/site-packages/airflow/example_dags/example_outlet_event_extra.py for tasks to queue
[2025-06-26T23:12:51.177+0000] {logging_mixin.py:190} INFO - [2025-06-26T23:12:51.176+0000] {dagbag.py:588} INFO - Filling up the DagBag from /home/airflow/.local/lib/python3.12/site-packages/airflow/example_dags/example_outlet_event_extra.py
[2025-06-26T23:12:51.374+0000] {processor.py:925} INFO - DAG(s) 'dataset_with_extra_by_context', 'dataset_with_extra_from_classic_operator', 'dataset_with_extra_by_yield' retrieved from /home/airflow/.local/lib/python3.12/site-packages/airflow/example_dags/example_outlet_event_extra.py
[2025-06-26T23:12:51.406+0000] {logging_mixin.py:190} INFO - [2025-06-26T23:12:51.405+0000] {dag.py:3239} INFO - Sync 3 DAGs
[2025-06-26T23:12:51.435+0000] {logging_mixin.py:190} INFO - [2025-06-26T23:12:51.435+0000] {dag.py:4180} INFO - Setting next_dagrun for dataset_with_extra_by_context to 2025-06-25 00:00:00+00:00, run_after=2025-06-26 00:00:00+00:00
[2025-06-26T23:12:51.442+0000] {logging_mixin.py:190} INFO - [2025-06-26T23:12:51.441+0000] {dag.py:4180} INFO - Setting next_dagrun for dataset_with_extra_by_yield to 2025-06-25 00:00:00+00:00, run_after=2025-06-26 00:00:00+00:00
[2025-06-26T23:12:51.445+0000] {logging_mixin.py:190} INFO - [2025-06-26T23:12:51.444+0000] {dag.py:4180} INFO - Setting next_dagrun for dataset_with_extra_from_classic_operator to 2025-06-25 00:00:00+00:00, run_after=2025-06-26 00:00:00+00:00
[2025-06-26T23:12:51.482+0000] {processor.py:208} INFO - Processing /home/airflow/.local/lib/python3.12/site-packages/airflow/example_dags/example_outlet_event_extra.py took 0.321 seconds
