[2025-06-26T23:11:16.890+0000] {processor.py:186} INFO - Started process (PID=87) to work on /home/airflow/.local/lib/python3.12/site-packages/airflow/example_dags/example_setup_teardown.py
[2025-06-26T23:11:16.892+0000] {processor.py:914} INFO - Processing file /home/airflow/.local/lib/python3.12/site-packages/airflow/example_dags/example_setup_teardown.py for tasks to queue
[2025-06-26T23:11:16.896+0000] {logging_mixin.py:190} INFO - [2025-06-26T23:11:16.895+0000] {dagbag.py:588} INFO - Filling up the DagBag from /home/airflow/.local/lib/python3.12/site-packages/airflow/example_dags/example_setup_teardown.py
[2025-06-26T23:11:16.911+0000] {processor.py:925} INFO - DAG(s) 'example_setup_teardown' retrieved from /home/airflow/.local/lib/python3.12/site-packages/airflow/example_dags/example_setup_teardown.py
[2025-06-26T23:11:17.065+0000] {logging_mixin.py:190} INFO - [2025-06-26T23:11:17.065+0000] {override.py:1900} INFO - Created Permission View: can read on DAG:example_setup_teardown
[2025-06-26T23:11:17.080+0000] {logging_mixin.py:190} INFO - [2025-06-26T23:11:17.079+0000] {override.py:1900} INFO - Created Permission View: can edit on DAG:example_setup_teardown
[2025-06-26T23:11:17.090+0000] {logging_mixin.py:190} INFO - [2025-06-26T23:11:17.090+0000] {override.py:1900} INFO - Created Permission View: can delete on DAG:example_setup_teardown
[2025-06-26T23:11:17.102+0000] {logging_mixin.py:190} INFO - [2025-06-26T23:11:17.101+0000] {override.py:1900} INFO - Created Permission View: can read on DAG Run:example_setup_teardown
[2025-06-26T23:11:17.113+0000] {logging_mixin.py:190} INFO - [2025-06-26T23:11:17.113+0000] {override.py:1900} INFO - Created Permission View: can create on DAG Run:example_setup_teardown
[2025-06-26T23:11:17.125+0000] {logging_mixin.py:190} INFO - [2025-06-26T23:11:17.125+0000] {override.py:1900} INFO - Created Permission View: menu access on DAG Run:example_setup_teardown
[2025-06-26T23:11:17.134+0000] {logging_mixin.py:190} INFO - [2025-06-26T23:11:17.134+0000] {override.py:1900} INFO - Created Permission View: can delete on DAG Run:example_setup_teardown
[2025-06-26T23:11:17.135+0000] {logging_mixin.py:190} INFO - [2025-06-26T23:11:17.135+0000] {dag.py:3239} INFO - Sync 1 DAGs
[2025-06-26T23:11:17.156+0000] {logging_mixin.py:190} INFO - [2025-06-26T23:11:17.156+0000] {dag.py:3262} INFO - Creating ORM DAG for example_setup_teardown
[2025-06-26T23:11:17.157+0000] {logging_mixin.py:190} INFO - [2025-06-26T23:11:17.157+0000] {dag.py:4180} INFO - Setting next_dagrun for example_setup_teardown to None, run_after=None
[2025-06-26T23:11:17.183+0000] {processor.py:208} INFO - Processing /home/airflow/.local/lib/python3.12/site-packages/airflow/example_dags/example_setup_teardown.py took 0.302 seconds
[2025-06-26T23:11:47.634+0000] {processor.py:186} INFO - Started process (PID=150) to work on /home/airflow/.local/lib/python3.12/site-packages/airflow/example_dags/example_setup_teardown.py
[2025-06-26T23:11:47.635+0000] {processor.py:914} INFO - Processing file /home/airflow/.local/lib/python3.12/site-packages/airflow/example_dags/example_setup_teardown.py for tasks to queue
[2025-06-26T23:11:47.639+0000] {logging_mixin.py:190} INFO - [2025-06-26T23:11:47.638+0000] {dagbag.py:588} INFO - Filling up the DagBag from /home/airflow/.local/lib/python3.12/site-packages/airflow/example_dags/example_setup_teardown.py
[2025-06-26T23:11:47.660+0000] {processor.py:925} INFO - DAG(s) 'example_setup_teardown' retrieved from /home/airflow/.local/lib/python3.12/site-packages/airflow/example_dags/example_setup_teardown.py
[2025-06-26T23:11:47.718+0000] {logging_mixin.py:190} INFO - [2025-06-26T23:11:47.717+0000] {dag.py:3239} INFO - Sync 1 DAGs
[2025-06-26T23:11:47.765+0000] {logging_mixin.py:190} INFO - [2025-06-26T23:11:47.765+0000] {dag.py:4180} INFO - Setting next_dagrun for example_setup_teardown to None, run_after=None
[2025-06-26T23:11:47.808+0000] {processor.py:208} INFO - Processing /home/airflow/.local/lib/python3.12/site-packages/airflow/example_dags/example_setup_teardown.py took 0.187 seconds
[2025-06-26T23:12:18.373+0000] {processor.py:186} INFO - Started process (PID=212) to work on /home/airflow/.local/lib/python3.12/site-packages/airflow/example_dags/example_setup_teardown.py
[2025-06-26T23:12:18.374+0000] {processor.py:914} INFO - Processing file /home/airflow/.local/lib/python3.12/site-packages/airflow/example_dags/example_setup_teardown.py for tasks to queue
[2025-06-26T23:12:18.379+0000] {logging_mixin.py:190} INFO - [2025-06-26T23:12:18.378+0000] {dagbag.py:588} INFO - Filling up the DagBag from /home/airflow/.local/lib/python3.12/site-packages/airflow/example_dags/example_setup_teardown.py
[2025-06-26T23:12:18.399+0000] {processor.py:925} INFO - DAG(s) 'example_setup_teardown' retrieved from /home/airflow/.local/lib/python3.12/site-packages/airflow/example_dags/example_setup_teardown.py
[2025-06-26T23:12:18.441+0000] {logging_mixin.py:190} INFO - [2025-06-26T23:12:18.441+0000] {dag.py:3239} INFO - Sync 1 DAGs
[2025-06-26T23:12:18.471+0000] {logging_mixin.py:190} INFO - [2025-06-26T23:12:18.471+0000] {dag.py:4180} INFO - Setting next_dagrun for example_setup_teardown to None, run_after=None
[2025-06-26T23:12:18.513+0000] {processor.py:208} INFO - Processing /home/airflow/.local/lib/python3.12/site-packages/airflow/example_dags/example_setup_teardown.py took 0.157 seconds
[2025-06-26T23:12:49.436+0000] {processor.py:186} INFO - Started process (PID=275) to work on /home/airflow/.local/lib/python3.12/site-packages/airflow/example_dags/example_setup_teardown.py
[2025-06-26T23:12:49.438+0000] {processor.py:914} INFO - Processing file /home/airflow/.local/lib/python3.12/site-packages/airflow/example_dags/example_setup_teardown.py for tasks to queue
[2025-06-26T23:12:49.440+0000] {logging_mixin.py:190} INFO - [2025-06-26T23:12:49.440+0000] {dagbag.py:588} INFO - Filling up the DagBag from /home/airflow/.local/lib/python3.12/site-packages/airflow/example_dags/example_setup_teardown.py
[2025-06-26T23:12:49.450+0000] {processor.py:925} INFO - DAG(s) 'example_setup_teardown' retrieved from /home/airflow/.local/lib/python3.12/site-packages/airflow/example_dags/example_setup_teardown.py
[2025-06-26T23:12:49.473+0000] {logging_mixin.py:190} INFO - [2025-06-26T23:12:49.473+0000] {dag.py:3239} INFO - Sync 1 DAGs
[2025-06-26T23:12:49.500+0000] {logging_mixin.py:190} INFO - [2025-06-26T23:12:49.498+0000] {dag.py:4180} INFO - Setting next_dagrun for example_setup_teardown to None, run_after=None
[2025-06-26T23:12:49.527+0000] {processor.py:208} INFO - Processing /home/airflow/.local/lib/python3.12/site-packages/airflow/example_dags/example_setup_teardown.py took 0.098 seconds
