[2025-06-26T23:11:21.623+0000] {processor.py:186} INFO - Started process (PID=109) to work on /home/airflow/.local/lib/python3.12/site-packages/airflow/example_dags/example_branch_python_dop_operator_3.py
[2025-06-26T23:11:21.624+0000] {processor.py:914} INFO - Processing file /home/airflow/.local/lib/python3.12/site-packages/airflow/example_dags/example_branch_python_dop_operator_3.py for tasks to queue
[2025-06-26T23:11:21.627+0000] {logging_mixin.py:190} INFO - [2025-06-26T23:11:21.626+0000] {dagbag.py:588} INFO - Filling up the DagBag from /home/airflow/.local/lib/python3.12/site-packages/airflow/example_dags/example_branch_python_dop_operator_3.py
[2025-06-26T23:11:21.642+0000] {processor.py:925} INFO - DAG(s) 'example_branch_dop_operator_v3' retrieved from /home/airflow/.local/lib/python3.12/site-packages/airflow/example_dags/example_branch_python_dop_operator_3.py
[2025-06-26T23:11:21.813+0000] {logging_mixin.py:190} INFO - [2025-06-26T23:11:21.812+0000] {override.py:1900} INFO - Created Permission View: can read on DAG:example_branch_dop_operator_v3
[2025-06-26T23:11:21.824+0000] {logging_mixin.py:190} INFO - [2025-06-26T23:11:21.824+0000] {override.py:1900} INFO - Created Permission View: can edit on DAG:example_branch_dop_operator_v3
[2025-06-26T23:11:21.834+0000] {logging_mixin.py:190} INFO - [2025-06-26T23:11:21.834+0000] {override.py:1900} INFO - Created Permission View: can delete on DAG:example_branch_dop_operator_v3
[2025-06-26T23:11:21.846+0000] {logging_mixin.py:190} INFO - [2025-06-26T23:11:21.845+0000] {override.py:1900} INFO - Created Permission View: can read on DAG Run:example_branch_dop_operator_v3
[2025-06-26T23:11:21.858+0000] {logging_mixin.py:190} INFO - [2025-06-26T23:11:21.858+0000] {override.py:1900} INFO - Created Permission View: can create on DAG Run:example_branch_dop_operator_v3
[2025-06-26T23:11:21.872+0000] {logging_mixin.py:190} INFO - [2025-06-26T23:11:21.871+0000] {override.py:1900} INFO - Created Permission View: menu access on DAG Run:example_branch_dop_operator_v3
[2025-06-26T23:11:21.887+0000] {logging_mixin.py:190} INFO - [2025-06-26T23:11:21.886+0000] {override.py:1900} INFO - Created Permission View: can delete on DAG Run:example_branch_dop_operator_v3
[2025-06-26T23:11:21.887+0000] {logging_mixin.py:190} INFO - [2025-06-26T23:11:21.887+0000] {dag.py:3239} INFO - Sync 1 DAGs
[2025-06-26T23:11:21.908+0000] {logging_mixin.py:190} INFO - [2025-06-26T23:11:21.907+0000] {dag.py:3262} INFO - Creating ORM DAG for example_branch_dop_operator_v3
[2025-06-26T23:11:21.929+0000] {logging_mixin.py:190} INFO - [2025-06-26T23:11:21.928+0000] {dag.py:4180} INFO - Setting next_dagrun for example_branch_dop_operator_v3 to 2025-06-26 23:10:00+00:00, run_after=2025-06-26 23:11:00+00:00
[2025-06-26T23:11:21.953+0000] {processor.py:208} INFO - Processing /home/airflow/.local/lib/python3.12/site-packages/airflow/example_dags/example_branch_python_dop_operator_3.py took 0.338 seconds
[2025-06-26T23:11:52.030+0000] {processor.py:186} INFO - Started process (PID=172) to work on /home/airflow/.local/lib/python3.12/site-packages/airflow/example_dags/example_branch_python_dop_operator_3.py
[2025-06-26T23:11:52.034+0000] {processor.py:914} INFO - Processing file /home/airflow/.local/lib/python3.12/site-packages/airflow/example_dags/example_branch_python_dop_operator_3.py for tasks to queue
[2025-06-26T23:11:52.040+0000] {logging_mixin.py:190} INFO - [2025-06-26T23:11:52.039+0000] {dagbag.py:588} INFO - Filling up the DagBag from /home/airflow/.local/lib/python3.12/site-packages/airflow/example_dags/example_branch_python_dop_operator_3.py
[2025-06-26T23:11:52.059+0000] {processor.py:925} INFO - DAG(s) 'example_branch_dop_operator_v3' retrieved from /home/airflow/.local/lib/python3.12/site-packages/airflow/example_dags/example_branch_python_dop_operator_3.py
[2025-06-26T23:11:52.102+0000] {logging_mixin.py:190} INFO - [2025-06-26T23:11:52.101+0000] {dag.py:3239} INFO - Sync 1 DAGs
[2025-06-26T23:11:52.179+0000] {logging_mixin.py:190} INFO - [2025-06-26T23:11:52.179+0000] {dag.py:4180} INFO - Setting next_dagrun for example_branch_dop_operator_v3 to 2025-06-26 23:10:00+00:00, run_after=2025-06-26 23:11:00+00:00
[2025-06-26T23:11:52.210+0000] {processor.py:208} INFO - Processing /home/airflow/.local/lib/python3.12/site-packages/airflow/example_dags/example_branch_python_dop_operator_3.py took 0.191 seconds
[2025-06-26T23:12:22.563+0000] {processor.py:186} INFO - Started process (PID=234) to work on /home/airflow/.local/lib/python3.12/site-packages/airflow/example_dags/example_branch_python_dop_operator_3.py
[2025-06-26T23:12:22.568+0000] {processor.py:914} INFO - Processing file /home/airflow/.local/lib/python3.12/site-packages/airflow/example_dags/example_branch_python_dop_operator_3.py for tasks to queue
[2025-06-26T23:12:22.571+0000] {logging_mixin.py:190} INFO - [2025-06-26T23:12:22.571+0000] {dagbag.py:588} INFO - Filling up the DagBag from /home/airflow/.local/lib/python3.12/site-packages/airflow/example_dags/example_branch_python_dop_operator_3.py
[2025-06-26T23:12:22.587+0000] {processor.py:925} INFO - DAG(s) 'example_branch_dop_operator_v3' retrieved from /home/airflow/.local/lib/python3.12/site-packages/airflow/example_dags/example_branch_python_dop_operator_3.py
[2025-06-26T23:12:22.618+0000] {logging_mixin.py:190} INFO - [2025-06-26T23:12:22.617+0000] {dag.py:3239} INFO - Sync 1 DAGs
[2025-06-26T23:12:22.662+0000] {logging_mixin.py:190} INFO - [2025-06-26T23:12:22.662+0000] {dag.py:4180} INFO - Setting next_dagrun for example_branch_dop_operator_v3 to 2025-06-26 23:11:00+00:00, run_after=2025-06-26 23:12:00+00:00
[2025-06-26T23:12:22.683+0000] {processor.py:208} INFO - Processing /home/airflow/.local/lib/python3.12/site-packages/airflow/example_dags/example_branch_python_dop_operator_3.py took 0.129 seconds
[2025-06-26T23:12:53.642+0000] {processor.py:186} INFO - Started process (PID=297) to work on /home/airflow/.local/lib/python3.12/site-packages/airflow/example_dags/example_branch_python_dop_operator_3.py
[2025-06-26T23:12:53.643+0000] {processor.py:914} INFO - Processing file /home/airflow/.local/lib/python3.12/site-packages/airflow/example_dags/example_branch_python_dop_operator_3.py for tasks to queue
[2025-06-26T23:12:53.645+0000] {logging_mixin.py:190} INFO - [2025-06-26T23:12:53.645+0000] {dagbag.py:588} INFO - Filling up the DagBag from /home/airflow/.local/lib/python3.12/site-packages/airflow/example_dags/example_branch_python_dop_operator_3.py
[2025-06-26T23:12:53.657+0000] {processor.py:925} INFO - DAG(s) 'example_branch_dop_operator_v3' retrieved from /home/airflow/.local/lib/python3.12/site-packages/airflow/example_dags/example_branch_python_dop_operator_3.py
[2025-06-26T23:12:53.683+0000] {logging_mixin.py:190} INFO - [2025-06-26T23:12:53.683+0000] {dag.py:3239} INFO - Sync 1 DAGs
[2025-06-26T23:12:53.727+0000] {logging_mixin.py:190} INFO - [2025-06-26T23:12:53.727+0000] {dag.py:4180} INFO - Setting next_dagrun for example_branch_dop_operator_v3 to 2025-06-26 23:11:00+00:00, run_after=2025-06-26 23:12:00+00:00
[2025-06-26T23:12:53.750+0000] {processor.py:208} INFO - Processing /home/airflow/.local/lib/python3.12/site-packages/airflow/example_dags/example_branch_python_dop_operator_3.py took 0.116 seconds
