[2025-06-26T23:11:15.334+0000] {processor.py:186} INFO - Started process (PID=78) to work on /home/airflow/.local/lib/python3.12/site-packages/airflow/example_dags/example_latest_only.py
[2025-06-26T23:11:15.335+0000] {processor.py:914} INFO - Processing file /home/airflow/.local/lib/python3.12/site-packages/airflow/example_dags/example_latest_only.py for tasks to queue
[2025-06-26T23:11:15.338+0000] {logging_mixin.py:190} INFO - [2025-06-26T23:11:15.338+0000] {dagbag.py:588} INFO - Filling up the DagBag from /home/airflow/.local/lib/python3.12/site-packages/airflow/example_dags/example_latest_only.py
[2025-06-26T23:11:15.352+0000] {processor.py:925} INFO - DAG(s) 'latest_only' retrieved from /home/airflow/.local/lib/python3.12/site-packages/airflow/example_dags/example_latest_only.py
[2025-06-26T23:11:15.493+0000] {logging_mixin.py:190} INFO - [2025-06-26T23:11:15.493+0000] {override.py:1900} INFO - Created Permission View: can read on DAG:latest_only
[2025-06-26T23:11:15.508+0000] {logging_mixin.py:190} INFO - [2025-06-26T23:11:15.507+0000] {override.py:1900} INFO - Created Permission View: can edit on DAG:latest_only
[2025-06-26T23:11:15.519+0000] {logging_mixin.py:190} INFO - [2025-06-26T23:11:15.518+0000] {override.py:1900} INFO - Created Permission View: can delete on DAG:latest_only
[2025-06-26T23:11:15.530+0000] {logging_mixin.py:190} INFO - [2025-06-26T23:11:15.530+0000] {override.py:1900} INFO - Created Permission View: can read on DAG Run:latest_only
[2025-06-26T23:11:15.542+0000] {logging_mixin.py:190} INFO - [2025-06-26T23:11:15.541+0000] {override.py:1900} INFO - Created Permission View: can create on DAG Run:latest_only
[2025-06-26T23:11:15.554+0000] {logging_mixin.py:190} INFO - [2025-06-26T23:11:15.554+0000] {override.py:1900} INFO - Created Permission View: menu access on DAG Run:latest_only
[2025-06-26T23:11:15.566+0000] {logging_mixin.py:190} INFO - [2025-06-26T23:11:15.565+0000] {override.py:1900} INFO - Created Permission View: can delete on DAG Run:latest_only
[2025-06-26T23:11:15.567+0000] {logging_mixin.py:190} INFO - [2025-06-26T23:11:15.566+0000] {dag.py:3239} INFO - Sync 1 DAGs
[2025-06-26T23:11:15.596+0000] {logging_mixin.py:190} INFO - [2025-06-26T23:11:15.596+0000] {dag.py:3262} INFO - Creating ORM DAG for latest_only
[2025-06-26T23:11:15.626+0000] {logging_mixin.py:190} INFO - [2025-06-26T23:11:15.625+0000] {dag.py:4180} INFO - Setting next_dagrun for latest_only to 2025-06-26 16:00:00+00:00, run_after=2025-06-26 20:00:00+00:00
[2025-06-26T23:11:15.657+0000] {processor.py:208} INFO - Processing /home/airflow/.local/lib/python3.12/site-packages/airflow/example_dags/example_latest_only.py took 0.334 seconds
[2025-06-26T23:11:46.464+0000] {processor.py:186} INFO - Started process (PID=141) to work on /home/airflow/.local/lib/python3.12/site-packages/airflow/example_dags/example_latest_only.py
[2025-06-26T23:11:46.466+0000] {processor.py:914} INFO - Processing file /home/airflow/.local/lib/python3.12/site-packages/airflow/example_dags/example_latest_only.py for tasks to queue
[2025-06-26T23:11:46.470+0000] {logging_mixin.py:190} INFO - [2025-06-26T23:11:46.469+0000] {dagbag.py:588} INFO - Filling up the DagBag from /home/airflow/.local/lib/python3.12/site-packages/airflow/example_dags/example_latest_only.py
[2025-06-26T23:11:46.478+0000] {processor.py:925} INFO - DAG(s) 'latest_only' retrieved from /home/airflow/.local/lib/python3.12/site-packages/airflow/example_dags/example_latest_only.py
[2025-06-26T23:11:46.504+0000] {logging_mixin.py:190} INFO - [2025-06-26T23:11:46.504+0000] {dag.py:3239} INFO - Sync 1 DAGs
[2025-06-26T23:11:46.547+0000] {logging_mixin.py:190} INFO - [2025-06-26T23:11:46.546+0000] {dag.py:4180} INFO - Setting next_dagrun for latest_only to 2025-06-26 16:00:00+00:00, run_after=2025-06-26 20:00:00+00:00
[2025-06-26T23:11:46.577+0000] {processor.py:208} INFO - Processing /home/airflow/.local/lib/python3.12/site-packages/airflow/example_dags/example_latest_only.py took 0.121 seconds
[2025-06-26T23:12:17.169+0000] {processor.py:186} INFO - Started process (PID=203) to work on /home/airflow/.local/lib/python3.12/site-packages/airflow/example_dags/example_latest_only.py
[2025-06-26T23:12:17.170+0000] {processor.py:914} INFO - Processing file /home/airflow/.local/lib/python3.12/site-packages/airflow/example_dags/example_latest_only.py for tasks to queue
[2025-06-26T23:12:17.176+0000] {logging_mixin.py:190} INFO - [2025-06-26T23:12:17.175+0000] {dagbag.py:588} INFO - Filling up the DagBag from /home/airflow/.local/lib/python3.12/site-packages/airflow/example_dags/example_latest_only.py
[2025-06-26T23:12:17.189+0000] {processor.py:925} INFO - DAG(s) 'latest_only' retrieved from /home/airflow/.local/lib/python3.12/site-packages/airflow/example_dags/example_latest_only.py
[2025-06-26T23:12:17.237+0000] {logging_mixin.py:190} INFO - [2025-06-26T23:12:17.236+0000] {dag.py:3239} INFO - Sync 1 DAGs
[2025-06-26T23:12:17.284+0000] {logging_mixin.py:190} INFO - [2025-06-26T23:12:17.284+0000] {dag.py:4180} INFO - Setting next_dagrun for latest_only to 2025-06-26 16:00:00+00:00, run_after=2025-06-26 20:00:00+00:00
[2025-06-26T23:12:17.317+0000] {processor.py:208} INFO - Processing /home/airflow/.local/lib/python3.12/site-packages/airflow/example_dags/example_latest_only.py took 0.158 seconds
[2025-06-26T23:12:47.819+0000] {processor.py:186} INFO - Started process (PID=266) to work on /home/airflow/.local/lib/python3.12/site-packages/airflow/example_dags/example_latest_only.py
[2025-06-26T23:12:47.820+0000] {processor.py:914} INFO - Processing file /home/airflow/.local/lib/python3.12/site-packages/airflow/example_dags/example_latest_only.py for tasks to queue
[2025-06-26T23:12:47.822+0000] {logging_mixin.py:190} INFO - [2025-06-26T23:12:47.822+0000] {dagbag.py:588} INFO - Filling up the DagBag from /home/airflow/.local/lib/python3.12/site-packages/airflow/example_dags/example_latest_only.py
[2025-06-26T23:12:47.830+0000] {processor.py:925} INFO - DAG(s) 'latest_only' retrieved from /home/airflow/.local/lib/python3.12/site-packages/airflow/example_dags/example_latest_only.py
[2025-06-26T23:12:47.851+0000] {logging_mixin.py:190} INFO - [2025-06-26T23:12:47.851+0000] {dag.py:3239} INFO - Sync 1 DAGs
[2025-06-26T23:12:47.880+0000] {logging_mixin.py:190} INFO - [2025-06-26T23:12:47.879+0000] {dag.py:4180} INFO - Setting next_dagrun for latest_only to 2025-06-26 16:00:00+00:00, run_after=2025-06-26 20:00:00+00:00
[2025-06-26T23:12:47.900+0000] {processor.py:208} INFO - Processing /home/airflow/.local/lib/python3.12/site-packages/airflow/example_dags/example_latest_only.py took 0.088 seconds
