[2025-06-26T23:11:20.723+0000] {processor.py:186} INFO - Started process (PID=105) to work on /home/airflow/.local/lib/python3.12/site-packages/airflow/example_dags/example_sensors.py
[2025-06-26T23:11:20.723+0000] {processor.py:914} INFO - Processing file /home/airflow/.local/lib/python3.12/site-packages/airflow/example_dags/example_sensors.py for tasks to queue
[2025-06-26T23:11:20.726+0000] {logging_mixin.py:190} INFO - [2025-06-26T23:11:20.726+0000] {dagbag.py:588} INFO - Filling up the DagBag from /home/airflow/.local/lib/python3.12/site-packages/airflow/example_dags/example_sensors.py
[2025-06-26T23:11:20.740+0000] {processor.py:925} INFO - DAG(s) 'example_sensors' retrieved from /home/airflow/.local/lib/python3.12/site-packages/airflow/example_dags/example_sensors.py
[2025-06-26T23:11:20.927+0000] {logging_mixin.py:190} INFO - [2025-06-26T23:11:20.926+0000] {override.py:1900} INFO - Created Permission View: can read on DAG:example_sensors
[2025-06-26T23:11:20.947+0000] {logging_mixin.py:190} INFO - [2025-06-26T23:11:20.946+0000] {override.py:1900} INFO - Created Permission View: can edit on DAG:example_sensors
[2025-06-26T23:11:20.959+0000] {logging_mixin.py:190} INFO - [2025-06-26T23:11:20.959+0000] {override.py:1900} INFO - Created Permission View: can delete on DAG:example_sensors
[2025-06-26T23:11:20.969+0000] {logging_mixin.py:190} INFO - [2025-06-26T23:11:20.969+0000] {override.py:1900} INFO - Created Permission View: can read on DAG Run:example_sensors
[2025-06-26T23:11:20.980+0000] {logging_mixin.py:190} INFO - [2025-06-26T23:11:20.979+0000] {override.py:1900} INFO - Created Permission View: can create on DAG Run:example_sensors
[2025-06-26T23:11:20.991+0000] {logging_mixin.py:190} INFO - [2025-06-26T23:11:20.990+0000] {override.py:1900} INFO - Created Permission View: menu access on DAG Run:example_sensors
[2025-06-26T23:11:21.000+0000] {logging_mixin.py:190} INFO - [2025-06-26T23:11:21.000+0000] {override.py:1900} INFO - Created Permission View: can delete on DAG Run:example_sensors
[2025-06-26T23:11:21.001+0000] {logging_mixin.py:190} INFO - [2025-06-26T23:11:21.000+0000] {dag.py:3239} INFO - Sync 1 DAGs
[2025-06-26T23:11:21.018+0000] {logging_mixin.py:190} INFO - [2025-06-26T23:11:21.018+0000] {dag.py:3262} INFO - Creating ORM DAG for example_sensors
[2025-06-26T23:11:21.019+0000] {logging_mixin.py:190} INFO - [2025-06-26T23:11:21.019+0000] {dag.py:4180} INFO - Setting next_dagrun for example_sensors to None, run_after=None
[2025-06-26T23:11:21.042+0000] {processor.py:208} INFO - Processing /home/airflow/.local/lib/python3.12/site-packages/airflow/example_dags/example_sensors.py took 0.326 seconds
[2025-06-26T23:11:51.696+0000] {processor.py:186} INFO - Started process (PID=168) to work on /home/airflow/.local/lib/python3.12/site-packages/airflow/example_dags/example_sensors.py
[2025-06-26T23:11:51.699+0000] {processor.py:914} INFO - Processing file /home/airflow/.local/lib/python3.12/site-packages/airflow/example_dags/example_sensors.py for tasks to queue
[2025-06-26T23:11:51.703+0000] {logging_mixin.py:190} INFO - [2025-06-26T23:11:51.702+0000] {dagbag.py:588} INFO - Filling up the DagBag from /home/airflow/.local/lib/python3.12/site-packages/airflow/example_dags/example_sensors.py
[2025-06-26T23:11:51.723+0000] {processor.py:925} INFO - DAG(s) 'example_sensors' retrieved from /home/airflow/.local/lib/python3.12/site-packages/airflow/example_dags/example_sensors.py
[2025-06-26T23:11:51.758+0000] {logging_mixin.py:190} INFO - [2025-06-26T23:11:51.758+0000] {dag.py:3239} INFO - Sync 1 DAGs
[2025-06-26T23:11:51.780+0000] {logging_mixin.py:190} INFO - [2025-06-26T23:11:51.780+0000] {dag.py:4180} INFO - Setting next_dagrun for example_sensors to None, run_after=None
[2025-06-26T23:11:51.820+0000] {processor.py:208} INFO - Processing /home/airflow/.local/lib/python3.12/site-packages/airflow/example_dags/example_sensors.py took 0.133 seconds
[2025-06-26T23:12:22.288+0000] {processor.py:186} INFO - Started process (PID=230) to work on /home/airflow/.local/lib/python3.12/site-packages/airflow/example_dags/example_sensors.py
[2025-06-26T23:12:22.289+0000] {processor.py:914} INFO - Processing file /home/airflow/.local/lib/python3.12/site-packages/airflow/example_dags/example_sensors.py for tasks to queue
[2025-06-26T23:12:22.294+0000] {logging_mixin.py:190} INFO - [2025-06-26T23:12:22.293+0000] {dagbag.py:588} INFO - Filling up the DagBag from /home/airflow/.local/lib/python3.12/site-packages/airflow/example_dags/example_sensors.py
[2025-06-26T23:12:22.314+0000] {processor.py:925} INFO - DAG(s) 'example_sensors' retrieved from /home/airflow/.local/lib/python3.12/site-packages/airflow/example_dags/example_sensors.py
[2025-06-26T23:12:22.352+0000] {logging_mixin.py:190} INFO - [2025-06-26T23:12:22.352+0000] {dag.py:3239} INFO - Sync 1 DAGs
[2025-06-26T23:12:22.376+0000] {logging_mixin.py:190} INFO - [2025-06-26T23:12:22.376+0000] {dag.py:4180} INFO - Setting next_dagrun for example_sensors to None, run_after=None
[2025-06-26T23:12:22.400+0000] {processor.py:208} INFO - Processing /home/airflow/.local/lib/python3.12/site-packages/airflow/example_dags/example_sensors.py took 0.126 seconds
[2025-06-26T23:12:53.321+0000] {processor.py:186} INFO - Started process (PID=293) to work on /home/airflow/.local/lib/python3.12/site-packages/airflow/example_dags/example_sensors.py
[2025-06-26T23:12:53.322+0000] {processor.py:914} INFO - Processing file /home/airflow/.local/lib/python3.12/site-packages/airflow/example_dags/example_sensors.py for tasks to queue
[2025-06-26T23:12:53.325+0000] {logging_mixin.py:190} INFO - [2025-06-26T23:12:53.324+0000] {dagbag.py:588} INFO - Filling up the DagBag from /home/airflow/.local/lib/python3.12/site-packages/airflow/example_dags/example_sensors.py
[2025-06-26T23:12:53.337+0000] {processor.py:925} INFO - DAG(s) 'example_sensors' retrieved from /home/airflow/.local/lib/python3.12/site-packages/airflow/example_dags/example_sensors.py
[2025-06-26T23:12:53.372+0000] {logging_mixin.py:190} INFO - [2025-06-26T23:12:53.372+0000] {dag.py:3239} INFO - Sync 1 DAGs
[2025-06-26T23:12:53.389+0000] {logging_mixin.py:190} INFO - [2025-06-26T23:12:53.389+0000] {dag.py:4180} INFO - Setting next_dagrun for example_sensors to None, run_after=None
[2025-06-26T23:12:53.412+0000] {processor.py:208} INFO - Processing /home/airflow/.local/lib/python3.12/site-packages/airflow/example_dags/example_sensors.py took 0.098 seconds
