[2025-06-26T23:11:12.622+0000] {processor.py:186} INFO - Started process (PID=70) to work on /home/airflow/.local/lib/python3.12/site-packages/airflow/example_dags/tutorial_objectstorage.py
[2025-06-26T23:11:12.624+0000] {processor.py:914} INFO - Processing file /home/airflow/.local/lib/python3.12/site-packages/airflow/example_dags/tutorial_objectstorage.py for tasks to queue
[2025-06-26T23:11:12.631+0000] {logging_mixin.py:190} INFO - [2025-06-26T23:11:12.630+0000] {dagbag.py:588} INFO - Filling up the DagBag from /home/airflow/.local/lib/python3.12/site-packages/airflow/example_dags/tutorial_objectstorage.py
[2025-06-26T23:11:12.661+0000] {processor.py:925} INFO - DAG(s) 'tutorial_objectstorage' retrieved from /home/airflow/.local/lib/python3.12/site-packages/airflow/example_dags/tutorial_objectstorage.py
[2025-06-26T23:11:12.955+0000] {logging_mixin.py:190} INFO - [2025-06-26T23:11:12.954+0000] {override.py:1900} INFO - Created Permission View: can read on DAG:tutorial_objectstorage
[2025-06-26T23:11:12.988+0000] {logging_mixin.py:190} INFO - [2025-06-26T23:11:12.987+0000] {override.py:1900} INFO - Created Permission View: can edit on DAG:tutorial_objectstorage
[2025-06-26T23:11:12.999+0000] {logging_mixin.py:190} INFO - [2025-06-26T23:11:12.999+0000] {override.py:1900} INFO - Created Permission View: can delete on DAG:tutorial_objectstorage
[2025-06-26T23:11:13.012+0000] {logging_mixin.py:190} INFO - [2025-06-26T23:11:13.012+0000] {override.py:1900} INFO - Created Permission View: can read on DAG Run:tutorial_objectstorage
[2025-06-26T23:11:13.025+0000] {logging_mixin.py:190} INFO - [2025-06-26T23:11:13.025+0000] {override.py:1900} INFO - Created Permission View: can create on DAG Run:tutorial_objectstorage
[2025-06-26T23:11:13.048+0000] {logging_mixin.py:190} INFO - [2025-06-26T23:11:13.047+0000] {override.py:1900} INFO - Created Permission View: menu access on DAG Run:tutorial_objectstorage
[2025-06-26T23:11:13.059+0000] {logging_mixin.py:190} INFO - [2025-06-26T23:11:13.059+0000] {override.py:1900} INFO - Created Permission View: can delete on DAG Run:tutorial_objectstorage
[2025-06-26T23:11:13.060+0000] {logging_mixin.py:190} INFO - [2025-06-26T23:11:13.060+0000] {dag.py:3239} INFO - Sync 1 DAGs
[2025-06-26T23:11:13.085+0000] {logging_mixin.py:190} INFO - [2025-06-26T23:11:13.085+0000] {dag.py:3262} INFO - Creating ORM DAG for tutorial_objectstorage
[2025-06-26T23:11:13.086+0000] {logging_mixin.py:190} INFO - [2025-06-26T23:11:13.086+0000] {dag.py:4180} INFO - Setting next_dagrun for tutorial_objectstorage to None, run_after=None
[2025-06-26T23:11:13.151+0000] {processor.py:208} INFO - Processing /home/airflow/.local/lib/python3.12/site-packages/airflow/example_dags/tutorial_objectstorage.py took 0.543 seconds
[2025-06-26T23:11:43.821+0000] {processor.py:186} INFO - Started process (PID=133) to work on /home/airflow/.local/lib/python3.12/site-packages/airflow/example_dags/tutorial_objectstorage.py
[2025-06-26T23:11:43.822+0000] {processor.py:914} INFO - Processing file /home/airflow/.local/lib/python3.12/site-packages/airflow/example_dags/tutorial_objectstorage.py for tasks to queue
[2025-06-26T23:11:43.826+0000] {logging_mixin.py:190} INFO - [2025-06-26T23:11:43.825+0000] {dagbag.py:588} INFO - Filling up the DagBag from /home/airflow/.local/lib/python3.12/site-packages/airflow/example_dags/tutorial_objectstorage.py
[2025-06-26T23:11:43.841+0000] {processor.py:925} INFO - DAG(s) 'tutorial_objectstorage' retrieved from /home/airflow/.local/lib/python3.12/site-packages/airflow/example_dags/tutorial_objectstorage.py
[2025-06-26T23:11:43.866+0000] {logging_mixin.py:190} INFO - [2025-06-26T23:11:43.866+0000] {dag.py:3239} INFO - Sync 1 DAGs
[2025-06-26T23:11:43.883+0000] {logging_mixin.py:190} INFO - [2025-06-26T23:11:43.883+0000] {dag.py:4180} INFO - Setting next_dagrun for tutorial_objectstorage to None, run_after=None
[2025-06-26T23:11:43.912+0000] {processor.py:208} INFO - Processing /home/airflow/.local/lib/python3.12/site-packages/airflow/example_dags/tutorial_objectstorage.py took 0.102 seconds
[2025-06-26T23:12:14.534+0000] {processor.py:186} INFO - Started process (PID=195) to work on /home/airflow/.local/lib/python3.12/site-packages/airflow/example_dags/tutorial_objectstorage.py
[2025-06-26T23:12:14.535+0000] {processor.py:914} INFO - Processing file /home/airflow/.local/lib/python3.12/site-packages/airflow/example_dags/tutorial_objectstorage.py for tasks to queue
[2025-06-26T23:12:14.539+0000] {logging_mixin.py:190} INFO - [2025-06-26T23:12:14.538+0000] {dagbag.py:588} INFO - Filling up the DagBag from /home/airflow/.local/lib/python3.12/site-packages/airflow/example_dags/tutorial_objectstorage.py
[2025-06-26T23:12:14.554+0000] {processor.py:925} INFO - DAG(s) 'tutorial_objectstorage' retrieved from /home/airflow/.local/lib/python3.12/site-packages/airflow/example_dags/tutorial_objectstorage.py
[2025-06-26T23:12:14.586+0000] {logging_mixin.py:190} INFO - [2025-06-26T23:12:14.585+0000] {dag.py:3239} INFO - Sync 1 DAGs
[2025-06-26T23:12:14.609+0000] {logging_mixin.py:190} INFO - [2025-06-26T23:12:14.609+0000] {dag.py:4180} INFO - Setting next_dagrun for tutorial_objectstorage to None, run_after=None
[2025-06-26T23:12:14.639+0000] {processor.py:208} INFO - Processing /home/airflow/.local/lib/python3.12/site-packages/airflow/example_dags/tutorial_objectstorage.py took 0.116 seconds
[2025-06-26T23:12:45.157+0000] {processor.py:186} INFO - Started process (PID=258) to work on /home/airflow/.local/lib/python3.12/site-packages/airflow/example_dags/tutorial_objectstorage.py
[2025-06-26T23:12:45.160+0000] {processor.py:914} INFO - Processing file /home/airflow/.local/lib/python3.12/site-packages/airflow/example_dags/tutorial_objectstorage.py for tasks to queue
[2025-06-26T23:12:45.164+0000] {logging_mixin.py:190} INFO - [2025-06-26T23:12:45.163+0000] {dagbag.py:588} INFO - Filling up the DagBag from /home/airflow/.local/lib/python3.12/site-packages/airflow/example_dags/tutorial_objectstorage.py
[2025-06-26T23:12:45.182+0000] {processor.py:925} INFO - DAG(s) 'tutorial_objectstorage' retrieved from /home/airflow/.local/lib/python3.12/site-packages/airflow/example_dags/tutorial_objectstorage.py
[2025-06-26T23:12:45.216+0000] {logging_mixin.py:190} INFO - [2025-06-26T23:12:45.216+0000] {dag.py:3239} INFO - Sync 1 DAGs
[2025-06-26T23:12:45.244+0000] {logging_mixin.py:190} INFO - [2025-06-26T23:12:45.244+0000] {dag.py:4180} INFO - Setting next_dagrun for tutorial_objectstorage to None, run_after=None
[2025-06-26T23:12:45.277+0000] {processor.py:208} INFO - Processing /home/airflow/.local/lib/python3.12/site-packages/airflow/example_dags/tutorial_objectstorage.py took 0.131 seconds
