[2025-06-26T23:11:20.960+0000] {processor.py:186} INFO - Started process (PID=106) to work on /home/airflow/.local/lib/python3.12/site-packages/airflow/example_dags/tutorial_taskflow_api_virtualenv.py
[2025-06-26T23:11:20.961+0000] {processor.py:914} INFO - Processing file /home/airflow/.local/lib/python3.12/site-packages/airflow/example_dags/tutorial_taskflow_api_virtualenv.py for tasks to queue
[2025-06-26T23:11:20.965+0000] {logging_mixin.py:190} INFO - [2025-06-26T23:11:20.964+0000] {dagbag.py:588} INFO - Filling up the DagBag from /home/airflow/.local/lib/python3.12/site-packages/airflow/example_dags/tutorial_taskflow_api_virtualenv.py
[2025-06-26T23:11:20.983+0000] {processor.py:925} INFO - DAG(s) 'tutorial_taskflow_api_virtualenv' retrieved from /home/airflow/.local/lib/python3.12/site-packages/airflow/example_dags/tutorial_taskflow_api_virtualenv.py
[2025-06-26T23:11:21.140+0000] {logging_mixin.py:190} INFO - [2025-06-26T23:11:21.139+0000] {override.py:1900} INFO - Created Permission View: can read on DAG:tutorial_taskflow_api_virtualenv
[2025-06-26T23:11:21.152+0000] {logging_mixin.py:190} INFO - [2025-06-26T23:11:21.152+0000] {override.py:1900} INFO - Created Permission View: can edit on DAG:tutorial_taskflow_api_virtualenv
[2025-06-26T23:11:21.160+0000] {logging_mixin.py:190} INFO - [2025-06-26T23:11:21.159+0000] {override.py:1900} INFO - Created Permission View: can delete on DAG:tutorial_taskflow_api_virtualenv
[2025-06-26T23:11:21.168+0000] {logging_mixin.py:190} INFO - [2025-06-26T23:11:21.167+0000] {override.py:1900} INFO - Created Permission View: can read on DAG Run:tutorial_taskflow_api_virtualenv
[2025-06-26T23:11:21.177+0000] {logging_mixin.py:190} INFO - [2025-06-26T23:11:21.177+0000] {override.py:1900} INFO - Created Permission View: can create on DAG Run:tutorial_taskflow_api_virtualenv
[2025-06-26T23:11:21.187+0000] {logging_mixin.py:190} INFO - [2025-06-26T23:11:21.186+0000] {override.py:1900} INFO - Created Permission View: menu access on DAG Run:tutorial_taskflow_api_virtualenv
[2025-06-26T23:11:21.196+0000] {logging_mixin.py:190} INFO - [2025-06-26T23:11:21.195+0000] {override.py:1900} INFO - Created Permission View: can delete on DAG Run:tutorial_taskflow_api_virtualenv
[2025-06-26T23:11:21.197+0000] {logging_mixin.py:190} INFO - [2025-06-26T23:11:21.196+0000] {dag.py:3239} INFO - Sync 1 DAGs
[2025-06-26T23:11:21.219+0000] {logging_mixin.py:190} INFO - [2025-06-26T23:11:21.218+0000] {dag.py:3262} INFO - Creating ORM DAG for tutorial_taskflow_api_virtualenv
[2025-06-26T23:11:21.220+0000] {logging_mixin.py:190} INFO - [2025-06-26T23:11:21.219+0000] {dag.py:4180} INFO - Setting next_dagrun for tutorial_taskflow_api_virtualenv to None, run_after=None
[2025-06-26T23:11:21.243+0000] {processor.py:208} INFO - Processing /home/airflow/.local/lib/python3.12/site-packages/airflow/example_dags/tutorial_taskflow_api_virtualenv.py took 0.293 seconds
[2025-06-26T23:11:51.758+0000] {processor.py:186} INFO - Started process (PID=169) to work on /home/airflow/.local/lib/python3.12/site-packages/airflow/example_dags/tutorial_taskflow_api_virtualenv.py
[2025-06-26T23:11:51.761+0000] {processor.py:914} INFO - Processing file /home/airflow/.local/lib/python3.12/site-packages/airflow/example_dags/tutorial_taskflow_api_virtualenv.py for tasks to queue
[2025-06-26T23:11:51.765+0000] {logging_mixin.py:190} INFO - [2025-06-26T23:11:51.764+0000] {dagbag.py:588} INFO - Filling up the DagBag from /home/airflow/.local/lib/python3.12/site-packages/airflow/example_dags/tutorial_taskflow_api_virtualenv.py
[2025-06-26T23:11:51.788+0000] {processor.py:925} INFO - DAG(s) 'tutorial_taskflow_api_virtualenv' retrieved from /home/airflow/.local/lib/python3.12/site-packages/airflow/example_dags/tutorial_taskflow_api_virtualenv.py
[2025-06-26T23:11:51.835+0000] {logging_mixin.py:190} INFO - [2025-06-26T23:11:51.835+0000] {dag.py:3239} INFO - Sync 1 DAGs
[2025-06-26T23:11:51.874+0000] {logging_mixin.py:190} INFO - [2025-06-26T23:11:51.873+0000] {dag.py:4180} INFO - Setting next_dagrun for tutorial_taskflow_api_virtualenv to None, run_after=None
[2025-06-26T23:11:51.907+0000] {processor.py:208} INFO - Processing /home/airflow/.local/lib/python3.12/site-packages/airflow/example_dags/tutorial_taskflow_api_virtualenv.py took 0.159 seconds
[2025-06-26T23:12:22.325+0000] {processor.py:186} INFO - Started process (PID=231) to work on /home/airflow/.local/lib/python3.12/site-packages/airflow/example_dags/tutorial_taskflow_api_virtualenv.py
[2025-06-26T23:12:22.326+0000] {processor.py:914} INFO - Processing file /home/airflow/.local/lib/python3.12/site-packages/airflow/example_dags/tutorial_taskflow_api_virtualenv.py for tasks to queue
[2025-06-26T23:12:22.330+0000] {logging_mixin.py:190} INFO - [2025-06-26T23:12:22.329+0000] {dagbag.py:588} INFO - Filling up the DagBag from /home/airflow/.local/lib/python3.12/site-packages/airflow/example_dags/tutorial_taskflow_api_virtualenv.py
[2025-06-26T23:12:22.349+0000] {processor.py:925} INFO - DAG(s) 'tutorial_taskflow_api_virtualenv' retrieved from /home/airflow/.local/lib/python3.12/site-packages/airflow/example_dags/tutorial_taskflow_api_virtualenv.py
[2025-06-26T23:12:22.380+0000] {logging_mixin.py:190} INFO - [2025-06-26T23:12:22.379+0000] {dag.py:3239} INFO - Sync 1 DAGs
[2025-06-26T23:12:22.399+0000] {logging_mixin.py:190} INFO - [2025-06-26T23:12:22.398+0000] {dag.py:4180} INFO - Setting next_dagrun for tutorial_taskflow_api_virtualenv to None, run_after=None
[2025-06-26T23:12:22.424+0000] {processor.py:208} INFO - Processing /home/airflow/.local/lib/python3.12/site-packages/airflow/example_dags/tutorial_taskflow_api_virtualenv.py took 0.110 seconds
[2025-06-26T23:12:53.382+0000] {processor.py:186} INFO - Started process (PID=294) to work on /home/airflow/.local/lib/python3.12/site-packages/airflow/example_dags/tutorial_taskflow_api_virtualenv.py
[2025-06-26T23:12:53.383+0000] {processor.py:914} INFO - Processing file /home/airflow/.local/lib/python3.12/site-packages/airflow/example_dags/tutorial_taskflow_api_virtualenv.py for tasks to queue
[2025-06-26T23:12:53.385+0000] {logging_mixin.py:190} INFO - [2025-06-26T23:12:53.385+0000] {dagbag.py:588} INFO - Filling up the DagBag from /home/airflow/.local/lib/python3.12/site-packages/airflow/example_dags/tutorial_taskflow_api_virtualenv.py
[2025-06-26T23:12:53.400+0000] {processor.py:925} INFO - DAG(s) 'tutorial_taskflow_api_virtualenv' retrieved from /home/airflow/.local/lib/python3.12/site-packages/airflow/example_dags/tutorial_taskflow_api_virtualenv.py
[2025-06-26T23:12:53.427+0000] {logging_mixin.py:190} INFO - [2025-06-26T23:12:53.427+0000] {dag.py:3239} INFO - Sync 1 DAGs
[2025-06-26T23:12:53.446+0000] {logging_mixin.py:190} INFO - [2025-06-26T23:12:53.445+0000] {dag.py:4180} INFO - Setting next_dagrun for tutorial_taskflow_api_virtualenv to None, run_after=None
[2025-06-26T23:12:53.468+0000] {processor.py:208} INFO - Processing /home/airflow/.local/lib/python3.12/site-packages/airflow/example_dags/tutorial_taskflow_api_virtualenv.py took 0.093 seconds
