[2025-07-01T22:08:52.091+0000] {local_task_job_runner.py:123} INFO - ::group::Pre task execution logs
[2025-07-01T22:08:52.125+0000] {taskinstance.py:2612} INFO - Dependencies all met for dep_context=non-requeueable deps ti=<TaskInstance: extract_raw_data_pipeline.create_raw_schema manual__2025-07-01T22:08:50.200230+00:00 [queued]>
[2025-07-01T22:08:52.146+0000] {taskinstance.py:2612} INFO - Dependencies all met for dep_context=requeueable deps ti=<TaskInstance: extract_raw_data_pipeline.create_raw_schema manual__2025-07-01T22:08:50.200230+00:00 [queued]>
[2025-07-01T22:08:52.146+0000] {taskinstance.py:2865} INFO - Starting attempt 1 of 1
[2025-07-01T22:08:52.169+0000] {taskinstance.py:2888} INFO - Executing <Task(SQLExecuteQueryOperator): create_raw_schema> on 2025-07-01 22:08:50.200230+00:00
[2025-07-01T22:08:52.181+0000] {warnings.py:112} WARNING - /home/***/.local/lib/python3.12/site-packages/***/task/task_runner/standard_task_runner.py:70: DeprecationWarning: This process (pid=322) is multi-threaded, use of fork() may lead to deadlocks in the child.
  pid = os.fork()

[2025-07-01T22:08:52.187+0000] {standard_task_runner.py:72} INFO - Started process 328 to run task
[2025-07-01T22:08:52.190+0000] {standard_task_runner.py:104} INFO - Running: ['***', 'tasks', 'run', 'extract_raw_data_pipeline', 'create_raw_schema', 'manual__2025-07-01T22:08:50.200230+00:00', '--job-id', '18', '--raw', '--subdir', 'DAGS_FOLDER/driven_data_pipeline.py', '--cfg-path', '/tmp/tmpujztzzlp']
[2025-07-01T22:08:52.195+0000] {standard_task_runner.py:105} INFO - Job 18: Subtask create_raw_schema
[2025-07-01T22:08:52.344+0000] {task_command.py:467} INFO - Running <TaskInstance: extract_raw_data_pipeline.create_raw_schema manual__2025-07-01T22:08:50.200230+00:00 [running]> on host bfb002712f87
[2025-07-01T22:08:52.493+0000] {taskinstance.py:3131} INFO - Exporting env vars: AIRFLOW_CTX_DAG_OWNER='***' AIRFLOW_CTX_DAG_ID='extract_raw_data_pipeline' AIRFLOW_CTX_TASK_ID='create_raw_schema' AIRFLOW_CTX_EXECUTION_DATE='2025-07-01T22:08:50.200230+00:00' AIRFLOW_CTX_TRY_NUMBER='1' AIRFLOW_CTX_DAG_RUN_ID='manual__2025-07-01T22:08:50.200230+00:00'
[2025-07-01T22:08:52.494+0000] {taskinstance.py:731} INFO - ::endgroup::
[2025-07-01T22:08:52.514+0000] {sql.py:266} INFO - Executing: CREATE SCHEMA IF NOT EXISTS driven_raw;
[2025-07-01T22:08:52.529+0000] {base.py:84} INFO - Retrieving connection 'postgres_conn'
[2025-07-01T22:08:52.543+0000] {base.py:84} INFO - Retrieving connection 'postgres_conn'
[2025-07-01T22:08:52.550+0000] {sql.py:509} INFO - Running statement: CREATE SCHEMA IF NOT EXISTS driven_raw;, parameters: None
[2025-07-01T22:08:52.564+0000] {taskinstance.py:340} INFO - ::group::Post task execution logs
[2025-07-01T22:08:52.565+0000] {taskinstance.py:352} INFO - Marking task as SUCCESS. dag_id=extract_raw_data_pipeline, task_id=create_raw_schema, run_id=manual__2025-07-01T22:08:50.200230+00:00, execution_date=20250701T220850, start_date=20250701T220852, end_date=20250701T220852
[2025-07-01T22:08:52.613+0000] {local_task_job_runner.py:266} INFO - Task exited with return code 0
[2025-07-01T22:08:52.645+0000] {taskinstance.py:3900} INFO - 0 downstream tasks scheduled from follow-on schedule check
[2025-07-01T22:08:52.647+0000] {local_task_job_runner.py:245} INFO - ::endgroup::
