[2025-07-01T23:37:34.745+0000] {local_task_job_runner.py:123} INFO - ::group::Pre task execution logs
[2025-07-01T23:37:34.783+0000] {taskinstance.py:2612} INFO - Dependencies all met for dep_context=non-requeueable deps ti=<TaskInstance: extract_raw_data_pipeline.run_dbt_staging manual__2025-07-01T23:37:26.580282+00:00 [queued]>
[2025-07-01T23:37:34.801+0000] {taskinstance.py:2612} INFO - Dependencies all met for dep_context=requeueable deps ti=<TaskInstance: extract_raw_data_pipeline.run_dbt_staging manual__2025-07-01T23:37:26.580282+00:00 [queued]>
[2025-07-01T23:37:34.801+0000] {taskinstance.py:2865} INFO - Starting attempt 1 of 1
[2025-07-01T23:37:34.829+0000] {taskinstance.py:2888} INFO - Executing <Task(BashOperator): run_dbt_staging> on 2025-07-01 23:37:26.580282+00:00
[2025-07-01T23:37:34.841+0000] {warnings.py:112} WARNING - /home/***/.local/lib/python3.12/site-packages/***/task/task_runner/standard_task_runner.py:70: DeprecationWarning: This process (pid=182) is multi-threaded, use of fork() may lead to deadlocks in the child.
  pid = os.fork()

[2025-07-01T23:37:34.843+0000] {standard_task_runner.py:72} INFO - Started process 184 to run task
[2025-07-01T23:37:34.844+0000] {standard_task_runner.py:104} INFO - Running: ['***', 'tasks', 'run', 'extract_raw_data_pipeline', 'run_dbt_staging', 'manual__2025-07-01T23:37:26.580282+00:00', '--job-id', '15', '--raw', '--subdir', 'DAGS_FOLDER/driven_data_pipeline.py', '--cfg-path', '/tmp/tmpq3l2sj_g']
[2025-07-01T23:37:34.846+0000] {standard_task_runner.py:105} INFO - Job 15: Subtask run_dbt_staging
[2025-07-01T23:37:34.920+0000] {task_command.py:467} INFO - Running <TaskInstance: extract_raw_data_pipeline.run_dbt_staging manual__2025-07-01T23:37:26.580282+00:00 [running]> on host 58ebfa276d50
[2025-07-01T23:37:35.068+0000] {taskinstance.py:3131} INFO - Exporting env vars: AIRFLOW_CTX_DAG_OWNER='***' AIRFLOW_CTX_DAG_ID='extract_raw_data_pipeline' AIRFLOW_CTX_TASK_ID='run_dbt_staging' AIRFLOW_CTX_EXECUTION_DATE='2025-07-01T23:37:26.580282+00:00' AIRFLOW_CTX_TRY_NUMBER='1' AIRFLOW_CTX_DAG_RUN_ID='manual__2025-07-01T23:37:26.580282+00:00'
[2025-07-01T23:37:35.070+0000] {taskinstance.py:731} INFO - ::endgroup::
[2025-07-01T23:37:35.100+0000] {subprocess.py:63} INFO - Tmp dir root location: /tmp
[2025-07-01T23:37:35.101+0000] {subprocess.py:75} INFO - Running command: ['/usr/bin/bash', '-c', 'set -x; cd /opt/***/dbt && dbt run --select tag:staging']
[2025-07-01T23:37:35.124+0000] {subprocess.py:86} INFO - Output:
[2025-07-01T23:37:35.135+0000] {subprocess.py:93} INFO - + cd /opt/***/dbt
[2025-07-01T23:37:35.136+0000] {subprocess.py:93} INFO - + dbt run --select tag:staging
[2025-07-01T23:37:40.537+0000] {subprocess.py:93} INFO - [0m23:37:40  Running with dbt=1.8.0
[2025-07-01T23:37:40.949+0000] {subprocess.py:93} INFO - [0m23:37:40  Registered adapter: postgres=1.8.2
[2025-07-01T23:37:41.575+0000] {subprocess.py:93} INFO - [0m23:37:41  Found 9 models, 7 sources, 428 macros
[2025-07-01T23:37:41.578+0000] {subprocess.py:93} INFO - [0m23:37:41
[2025-07-01T23:37:41.788+0000] {subprocess.py:93} INFO - [0m23:37:41  Concurrency: 1 threads (target='dev')
[2025-07-01T23:37:41.789+0000] {subprocess.py:93} INFO - [0m23:37:41
[2025-07-01T23:37:41.804+0000] {subprocess.py:93} INFO - [0m23:37:41  1 of 5 START sql table model driven_staging.dim_address ........................ [RUN]
[2025-07-01T23:37:41.984+0000] {subprocess.py:93} INFO - [0m23:37:41  1 of 5 OK created sql table model driven_staging.dim_address ................... [[32mSELECT 0[0m in 0.18s]
[2025-07-01T23:37:41.987+0000] {subprocess.py:93} INFO - [0m23:37:41  2 of 5 START sql table model driven_staging.dim_date ........................... [RUN]
[2025-07-01T23:37:42.041+0000] {subprocess.py:93} INFO - [0m23:37:42  2 of 5 OK created sql table model driven_staging.dim_date ...................... [[32mSELECT 0[0m in 0.05s]
[2025-07-01T23:37:42.044+0000] {subprocess.py:93} INFO - [0m23:37:42  3 of 5 START sql table model driven_staging.dim_finance ........................ [RUN]
[2025-07-01T23:37:42.097+0000] {subprocess.py:93} INFO - [0m23:37:42  3 of 5 OK created sql table model driven_staging.dim_finance ................... [[32mSELECT 0[0m in 0.05s]
[2025-07-01T23:37:42.100+0000] {subprocess.py:93} INFO - [0m23:37:42  4 of 5 START sql table model driven_staging.dim_person ......................... [RUN]
[2025-07-01T23:37:42.157+0000] {subprocess.py:93} INFO - [0m23:37:42  4 of 5 OK created sql table model driven_staging.dim_person .................... [[32mSELECT 0[0m in 0.05s]
[2025-07-01T23:37:42.160+0000] {subprocess.py:93} INFO - [0m23:37:42  5 of 5 START sql table model driven_staging.fact_network_usage ................. [RUN]
[2025-07-01T23:37:42.212+0000] {subprocess.py:93} INFO - [0m23:37:42  5 of 5 OK created sql table model driven_staging.fact_network_usage ............ [[32mSELECT 0[0m in 0.05s]
[2025-07-01T23:37:42.243+0000] {subprocess.py:93} INFO - [0m23:37:42
[2025-07-01T23:37:42.246+0000] {subprocess.py:93} INFO - [0m23:37:42  Finished running 5 table models in 0 hours 0 minutes and 0.66 seconds (0.66s).
[2025-07-01T23:37:42.333+0000] {subprocess.py:93} INFO - [0m23:37:42
[2025-07-01T23:37:42.334+0000] {subprocess.py:93} INFO - [0m23:37:42  [32mCompleted successfully[0m
[2025-07-01T23:37:42.335+0000] {subprocess.py:93} INFO - [0m23:37:42
[2025-07-01T23:37:42.337+0000] {subprocess.py:93} INFO - [0m23:37:42  Done. PASS=5 WARN=0 ERROR=0 SKIP=0 TOTAL=5
[2025-07-01T23:37:43.233+0000] {subprocess.py:97} INFO - Command exited with return code 0
[2025-07-01T23:37:43.273+0000] {taskinstance.py:340} INFO - ::group::Post task execution logs
[2025-07-01T23:37:43.273+0000] {taskinstance.py:352} INFO - Marking task as SUCCESS. dag_id=extract_raw_data_pipeline, task_id=run_dbt_staging, run_id=manual__2025-07-01T23:37:26.580282+00:00, execution_date=20250701T233726, start_date=20250701T233734, end_date=20250701T233743
[2025-07-01T23:37:43.330+0000] {local_task_job_runner.py:266} INFO - Task exited with return code 0
[2025-07-01T23:37:43.353+0000] {taskinstance.py:3900} INFO - 1 downstream tasks scheduled from follow-on schedule check
[2025-07-01T23:37:43.355+0000] {local_task_job_runner.py:245} INFO - ::endgroup::
