[2025-07-01T22:33:42.795+0000] {local_task_job_runner.py:123} INFO - ::group::Pre task execution logs
[2025-07-01T22:33:42.824+0000] {taskinstance.py:2612} INFO - Dependencies all met for dep_context=non-requeueable deps ti=<TaskInstance: extract_raw_data_pipeline.extract_raw_data manual__2025-07-01T22:33:40.347478+00:00 [queued]>
[2025-07-01T22:33:42.842+0000] {taskinstance.py:2612} INFO - Dependencies all met for dep_context=requeueable deps ti=<TaskInstance: extract_raw_data_pipeline.extract_raw_data manual__2025-07-01T22:33:40.347478+00:00 [queued]>
[2025-07-01T22:33:42.843+0000] {taskinstance.py:2865} INFO - Starting attempt 1 of 1
[2025-07-01T22:33:42.871+0000] {taskinstance.py:2888} INFO - Executing <Task(PythonOperator): extract_raw_data> on 2025-07-01 22:33:40.347478+00:00
[2025-07-01T22:33:42.882+0000] {warnings.py:112} WARNING - /home/***/.local/lib/python3.12/site-packages/***/task/task_runner/standard_task_runner.py:70: DeprecationWarning: This process (pid=771) is multi-threaded, use of fork() may lead to deadlocks in the child.
  pid = os.fork()

[2025-07-01T22:33:42.884+0000] {standard_task_runner.py:72} INFO - Started process 776 to run task
[2025-07-01T22:33:42.888+0000] {standard_task_runner.py:104} INFO - Running: ['***', 'tasks', 'run', 'extract_raw_data_pipeline', 'extract_raw_data', 'manual__2025-07-01T22:33:40.347478+00:00', '--job-id', '43', '--raw', '--subdir', 'DAGS_FOLDER/driven_data_pipeline.py', '--cfg-path', '/tmp/tmprx8rznxn']
[2025-07-01T22:33:42.890+0000] {standard_task_runner.py:105} INFO - Job 43: Subtask extract_raw_data
[2025-07-01T22:33:42.984+0000] {task_command.py:467} INFO - Running <TaskInstance: extract_raw_data_pipeline.extract_raw_data manual__2025-07-01T22:33:40.347478+00:00 [running]> on host bfb002712f87
[2025-07-01T22:33:43.132+0000] {taskinstance.py:3131} INFO - Exporting env vars: AIRFLOW_CTX_DAG_OWNER='***' AIRFLOW_CTX_DAG_ID='extract_raw_data_pipeline' AIRFLOW_CTX_TASK_ID='extract_raw_data' AIRFLOW_CTX_EXECUTION_DATE='2025-07-01T22:33:40.347478+00:00' AIRFLOW_CTX_TRY_NUMBER='1' AIRFLOW_CTX_DAG_RUN_ID='manual__2025-07-01T22:33:40.347478+00:00'
[2025-07-01T22:33:43.133+0000] {taskinstance.py:731} INFO - ::endgroup::
[2025-07-01T22:33:43.161+0000] {driven_data_pipeline.py:152} INFO - Started batch processing for 2025-07-01.
[2025-07-01T22:33:43.162+0000] {driven_data_pipeline.py:34} INFO - Created synthetic data for MX country code.
[2025-07-01T22:33:43.756+0000] {driven_data_pipeline.py:100} INFO - Written 1069 records to the CSV file.
[2025-07-01T22:33:43.784+0000] {driven_data_pipeline.py:123} INFO - Added UUID to the dataset.
[2025-07-01T22:33:43.793+0000] {driven_data_pipeline.py:144} INFO - Updated accessed timestamp.
[2025-07-01T22:33:43.794+0000] {driven_data_pipeline.py:160} INFO - Finished batch processing 2025-07-01.
[2025-07-01T22:33:43.794+0000] {python.py:240} INFO - Done. Returned value was: None
[2025-07-01T22:33:43.819+0000] {taskinstance.py:340} INFO - ::group::Post task execution logs
[2025-07-01T22:33:43.820+0000] {taskinstance.py:352} INFO - Marking task as SUCCESS. dag_id=extract_raw_data_pipeline, task_id=extract_raw_data, run_id=manual__2025-07-01T22:33:40.347478+00:00, execution_date=20250701T223340, start_date=20250701T223342, end_date=20250701T223343
[2025-07-01T22:33:43.869+0000] {local_task_job_runner.py:266} INFO - Task exited with return code 0
[2025-07-01T22:33:43.914+0000] {taskinstance.py:3900} INFO - 1 downstream tasks scheduled from follow-on schedule check
[2025-07-01T22:33:43.916+0000] {local_task_job_runner.py:245} INFO - ::endgroup::
