[2025-07-01T22:24:09.122+0000] {local_task_job_runner.py:123} INFO - ::group::Pre task execution logs
[2025-07-01T22:24:09.149+0000] {taskinstance.py:2612} INFO - Dependencies all met for dep_context=non-requeueable deps ti=<TaskInstance: extract_raw_data_pipeline.extract_raw_data manual__2025-07-01T22:24:06.899017+00:00 [queued]>
[2025-07-01T22:24:09.166+0000] {taskinstance.py:2612} INFO - Dependencies all met for dep_context=requeueable deps ti=<TaskInstance: extract_raw_data_pipeline.extract_raw_data manual__2025-07-01T22:24:06.899017+00:00 [queued]>
[2025-07-01T22:24:09.167+0000] {taskinstance.py:2865} INFO - Starting attempt 1 of 1
[2025-07-01T22:24:09.193+0000] {taskinstance.py:2888} INFO - Executing <Task(PythonOperator): extract_raw_data> on 2025-07-01 22:24:06.899017+00:00
[2025-07-01T22:24:09.203+0000] {warnings.py:112} WARNING - /home/***/.local/lib/python3.12/site-packages/***/task/task_runner/standard_task_runner.py:70: DeprecationWarning: This process (pid=588) is multi-threaded, use of fork() may lead to deadlocks in the child.
  pid = os.fork()

[2025-07-01T22:24:09.206+0000] {standard_task_runner.py:72} INFO - Started process 594 to run task
[2025-07-01T22:24:09.208+0000] {standard_task_runner.py:104} INFO - Running: ['***', 'tasks', 'run', 'extract_raw_data_pipeline', 'extract_raw_data', 'manual__2025-07-01T22:24:06.899017+00:00', '--job-id', '31', '--raw', '--subdir', 'DAGS_FOLDER/driven_data_pipeline.py', '--cfg-path', '/tmp/tmpi4mivlnm']
[2025-07-01T22:24:09.210+0000] {standard_task_runner.py:105} INFO - Job 31: Subtask extract_raw_data
[2025-07-01T22:24:09.287+0000] {task_command.py:467} INFO - Running <TaskInstance: extract_raw_data_pipeline.extract_raw_data manual__2025-07-01T22:24:06.899017+00:00 [running]> on host bfb002712f87
[2025-07-01T22:24:09.412+0000] {taskinstance.py:3131} INFO - Exporting env vars: AIRFLOW_CTX_DAG_OWNER='***' AIRFLOW_CTX_DAG_ID='extract_raw_data_pipeline' AIRFLOW_CTX_TASK_ID='extract_raw_data' AIRFLOW_CTX_EXECUTION_DATE='2025-07-01T22:24:06.899017+00:00' AIRFLOW_CTX_TRY_NUMBER='1' AIRFLOW_CTX_DAG_RUN_ID='manual__2025-07-01T22:24:06.899017+00:00'
[2025-07-01T22:24:09.413+0000] {taskinstance.py:731} INFO - ::endgroup::
[2025-07-01T22:24:09.436+0000] {driven_data_pipeline.py:152} INFO - Started batch processing for 2025-07-01.
[2025-07-01T22:24:09.437+0000] {driven_data_pipeline.py:34} INFO - Created synthetic data for MX country code.
[2025-07-01T22:24:09.910+0000] {driven_data_pipeline.py:100} INFO - Written 852 records to the CSV file.
[2025-07-01T22:24:09.938+0000] {driven_data_pipeline.py:123} INFO - Added UUID to the dataset.
[2025-07-01T22:24:09.943+0000] {driven_data_pipeline.py:144} INFO - Updated accessed timestamp.
[2025-07-01T22:24:09.944+0000] {driven_data_pipeline.py:160} INFO - Finished batch processing 2025-07-01.
[2025-07-01T22:24:09.944+0000] {python.py:240} INFO - Done. Returned value was: None
[2025-07-01T22:24:09.957+0000] {taskinstance.py:340} INFO - ::group::Post task execution logs
[2025-07-01T22:24:09.957+0000] {taskinstance.py:352} INFO - Marking task as SUCCESS. dag_id=extract_raw_data_pipeline, task_id=extract_raw_data, run_id=manual__2025-07-01T22:24:06.899017+00:00, execution_date=20250701T222406, start_date=20250701T222409, end_date=20250701T222409
[2025-07-01T22:24:10.026+0000] {local_task_job_runner.py:266} INFO - Task exited with return code 0
[2025-07-01T22:24:10.063+0000] {taskinstance.py:3900} INFO - 1 downstream tasks scheduled from follow-on schedule check
[2025-07-01T22:24:10.065+0000] {local_task_job_runner.py:245} INFO - ::endgroup::
