[2025-07-01T22:42:23.652+0000] {local_task_job_runner.py:123} INFO - ::group::Pre task execution logs
[2025-07-01T22:42:23.677+0000] {taskinstance.py:2612} INFO - Dependencies all met for dep_context=non-requeueable deps ti=<TaskInstance: extract_raw_data_pipeline.run_dbt_staging manual__2025-07-01T22:42:14.199307+00:00 [queued]>
[2025-07-01T22:42:23.688+0000] {taskinstance.py:2612} INFO - Dependencies all met for dep_context=requeueable deps ti=<TaskInstance: extract_raw_data_pipeline.run_dbt_staging manual__2025-07-01T22:42:14.199307+00:00 [queued]>
[2025-07-01T22:42:23.688+0000] {taskinstance.py:2865} INFO - Starting attempt 1 of 1
[2025-07-01T22:42:23.706+0000] {taskinstance.py:2888} INFO - Executing <Task(BashOperator): run_dbt_staging> on 2025-07-01 22:42:14.199307+00:00
[2025-07-01T22:42:23.713+0000] {warnings.py:112} WARNING - /home/***/.local/lib/python3.12/site-packages/***/task/task_runner/standard_task_runner.py:70: DeprecationWarning: This process (pid=962) is multi-threaded, use of fork() may lead to deadlocks in the child.
  pid = os.fork()

[2025-07-01T22:42:23.715+0000] {standard_task_runner.py:72} INFO - Started process 964 to run task
[2025-07-01T22:42:23.716+0000] {standard_task_runner.py:104} INFO - Running: ['***', 'tasks', 'run', 'extract_raw_data_pipeline', 'run_dbt_staging', 'manual__2025-07-01T22:42:14.199307+00:00', '--job-id', '59', '--raw', '--subdir', 'DAGS_FOLDER/driven_data_pipeline.py', '--cfg-path', '/tmp/tmpupq_cuyc']
[2025-07-01T22:42:23.718+0000] {standard_task_runner.py:105} INFO - Job 59: Subtask run_dbt_staging
[2025-07-01T22:42:23.773+0000] {task_command.py:467} INFO - Running <TaskInstance: extract_raw_data_pipeline.run_dbt_staging manual__2025-07-01T22:42:14.199307+00:00 [running]> on host bfb002712f87
[2025-07-01T22:42:23.864+0000] {taskinstance.py:3131} INFO - Exporting env vars: AIRFLOW_CTX_DAG_OWNER='***' AIRFLOW_CTX_DAG_ID='extract_raw_data_pipeline' AIRFLOW_CTX_TASK_ID='run_dbt_staging' AIRFLOW_CTX_EXECUTION_DATE='2025-07-01T22:42:14.199307+00:00' AIRFLOW_CTX_TRY_NUMBER='1' AIRFLOW_CTX_DAG_RUN_ID='manual__2025-07-01T22:42:14.199307+00:00'
[2025-07-01T22:42:23.865+0000] {taskinstance.py:731} INFO - ::endgroup::
[2025-07-01T22:42:23.883+0000] {subprocess.py:63} INFO - Tmp dir root location: /tmp
[2025-07-01T22:42:23.884+0000] {subprocess.py:75} INFO - Running command: ['/usr/bin/bash', '-c', 'set -x; cd /opt/***/dbt && dbt run --select tag:staging']
[2025-07-01T22:42:23.898+0000] {subprocess.py:86} INFO - Output:
[2025-07-01T22:42:23.900+0000] {subprocess.py:93} INFO - + cd /opt/***/dbt
[2025-07-01T22:42:23.901+0000] {subprocess.py:93} INFO - + dbt run --select tag:staging
[2025-07-01T22:42:27.261+0000] {subprocess.py:93} INFO - [0m22:42:27  Running with dbt=1.8.0
[2025-07-01T22:42:27.680+0000] {subprocess.py:93} INFO - [0m22:42:27  Registered adapter: postgres=1.8.2
[2025-07-01T22:42:27.951+0000] {subprocess.py:93} INFO - [0m22:42:27  Unable to do partial parsing because saved manifest not found. Starting full parse.
[2025-07-01T22:42:30.398+0000] {subprocess.py:93} INFO - [0m22:42:30  Found 9 models, 7 sources, 428 macros
[2025-07-01T22:42:30.404+0000] {subprocess.py:93} INFO - [0m22:42:30
[2025-07-01T22:42:30.681+0000] {subprocess.py:93} INFO - [0m22:42:30  Concurrency: 1 threads (target='dev')
[2025-07-01T22:42:30.686+0000] {subprocess.py:93} INFO - [0m22:42:30
[2025-07-01T22:42:30.708+0000] {subprocess.py:93} INFO - [0m22:42:30  1 of 5 START sql table model driven_staging.dim_address ........................ [RUN]
[2025-07-01T22:42:31.119+0000] {subprocess.py:93} INFO - [0m22:42:31  1 of 5 OK created sql table model driven_staging.dim_address ................... [[32mSELECT 0[0m in 0.40s]
[2025-07-01T22:42:31.123+0000] {subprocess.py:93} INFO - [0m22:42:31  2 of 5 START sql table model driven_staging.dim_date ........................... [RUN]
[2025-07-01T22:42:31.209+0000] {subprocess.py:93} INFO - [0m22:42:31  2 of 5 OK created sql table model driven_staging.dim_date ...................... [[32mSELECT 0[0m in 0.08s]
[2025-07-01T22:42:31.215+0000] {subprocess.py:93} INFO - [0m22:42:31  3 of 5 START sql table model driven_staging.dim_finance ........................ [RUN]
[2025-07-01T22:42:31.278+0000] {subprocess.py:93} INFO - [0m22:42:31  3 of 5 OK created sql table model driven_staging.dim_finance ................... [[32mSELECT 0[0m in 0.06s]
[2025-07-01T22:42:31.283+0000] {subprocess.py:93} INFO - [0m22:42:31  4 of 5 START sql table model driven_staging.dim_person ......................... [RUN]
[2025-07-01T22:42:31.403+0000] {subprocess.py:93} INFO - [0m22:42:31  4 of 5 OK created sql table model driven_staging.dim_person .................... [[32mSELECT 0[0m in 0.11s]
[2025-07-01T22:42:31.410+0000] {subprocess.py:93} INFO - [0m22:42:31  5 of 5 START sql table model driven_staging.fact_network_usage ................. [RUN]
[2025-07-01T22:42:31.493+0000] {subprocess.py:93} INFO - [0m22:42:31  5 of 5 OK created sql table model driven_staging.fact_network_usage ............ [[32mSELECT 0[0m in 0.08s]
[2025-07-01T22:42:31.519+0000] {subprocess.py:93} INFO - [0m22:42:31
[2025-07-01T22:42:31.520+0000] {subprocess.py:93} INFO - [0m22:42:31  Finished running 5 table models in 0 hours 0 minutes and 1.11 seconds (1.11s).
[2025-07-01T22:42:31.593+0000] {subprocess.py:93} INFO - [0m22:42:31
[2025-07-01T22:42:31.594+0000] {subprocess.py:93} INFO - [0m22:42:31  [32mCompleted successfully[0m
[2025-07-01T22:42:31.595+0000] {subprocess.py:93} INFO - [0m22:42:31
[2025-07-01T22:42:31.595+0000] {subprocess.py:93} INFO - [0m22:42:31  Done. PASS=5 WARN=0 ERROR=0 SKIP=0 TOTAL=5
[2025-07-01T22:42:32.509+0000] {subprocess.py:97} INFO - Command exited with return code 0
[2025-07-01T22:42:32.558+0000] {taskinstance.py:340} INFO - ::group::Post task execution logs
[2025-07-01T22:42:32.558+0000] {taskinstance.py:352} INFO - Marking task as SUCCESS. dag_id=extract_raw_data_pipeline, task_id=run_dbt_staging, run_id=manual__2025-07-01T22:42:14.199307+00:00, execution_date=20250701T224214, start_date=20250701T224223, end_date=20250701T224232
[2025-07-01T22:42:32.595+0000] {local_task_job_runner.py:266} INFO - Task exited with return code 0
[2025-07-01T22:42:32.620+0000] {taskinstance.py:3900} INFO - 1 downstream tasks scheduled from follow-on schedule check
[2025-07-01T22:42:32.622+0000] {local_task_job_runner.py:245} INFO - ::endgroup::
