[2025-07-08T18:10:07.149+0000] {local_task_job_runner.py:123} INFO - ::group::Pre task execution logs
[2025-07-08T18:10:07.168+0000] {taskinstance.py:2612} INFO - Dependencies all met for dep_context=non-requeueable deps ti=<TaskInstance: extract_raw_data_pipeline.run_dbt_staging manual__2025-07-08T18:10:00.574630+00:00 [queued]>
[2025-07-08T18:10:07.179+0000] {taskinstance.py:2612} INFO - Dependencies all met for dep_context=requeueable deps ti=<TaskInstance: extract_raw_data_pipeline.run_dbt_staging manual__2025-07-08T18:10:00.574630+00:00 [queued]>
[2025-07-08T18:10:07.179+0000] {taskinstance.py:2865} INFO - Starting attempt 1 of 1
[2025-07-08T18:10:07.194+0000] {taskinstance.py:2888} INFO - Executing <Task(BashOperator): run_dbt_staging> on 2025-07-08 18:10:00.574630+00:00
[2025-07-08T18:10:07.201+0000] {warnings.py:112} WARNING - /home/***/.local/lib/python3.12/site-packages/***/task/task_runner/standard_task_runner.py:70: DeprecationWarning: This process (pid=124) is multi-threaded, use of fork() may lead to deadlocks in the child.
  pid = os.fork()

[2025-07-08T18:10:07.202+0000] {standard_task_runner.py:72} INFO - Started process 126 to run task
[2025-07-08T18:10:07.203+0000] {standard_task_runner.py:104} INFO - Running: ['***', 'tasks', 'run', 'extract_raw_data_pipeline', 'run_dbt_staging', 'manual__2025-07-08T18:10:00.574630+00:00', '--job-id', '27', '--raw', '--subdir', 'DAGS_FOLDER/driven_data_pipeline.py', '--cfg-path', '/tmp/tmps9fc21hv']
[2025-07-08T18:10:07.206+0000] {standard_task_runner.py:105} INFO - Job 27: Subtask run_dbt_staging
[2025-07-08T18:10:07.259+0000] {task_command.py:467} INFO - Running <TaskInstance: extract_raw_data_pipeline.run_dbt_staging manual__2025-07-08T18:10:00.574630+00:00 [running]> on host 917dc2509604
[2025-07-08T18:10:07.420+0000] {taskinstance.py:3131} INFO - Exporting env vars: AIRFLOW_CTX_DAG_OWNER='***' AIRFLOW_CTX_DAG_ID='extract_raw_data_pipeline' AIRFLOW_CTX_TASK_ID='run_dbt_staging' AIRFLOW_CTX_EXECUTION_DATE='2025-07-08T18:10:00.574630+00:00' AIRFLOW_CTX_TRY_NUMBER='1' AIRFLOW_CTX_DAG_RUN_ID='manual__2025-07-08T18:10:00.574630+00:00'
[2025-07-08T18:10:07.422+0000] {taskinstance.py:731} INFO - ::endgroup::
[2025-07-08T18:10:07.449+0000] {subprocess.py:63} INFO - Tmp dir root location: /tmp
[2025-07-08T18:10:07.450+0000] {subprocess.py:75} INFO - Running command: ['/usr/bin/bash', '-c', 'set -x; cd /opt/***/dbt && dbt run --select tag:staging']
[2025-07-08T18:10:07.463+0000] {subprocess.py:86} INFO - Output:
[2025-07-08T18:10:07.466+0000] {subprocess.py:93} INFO - + cd /opt/***/dbt
[2025-07-08T18:10:07.467+0000] {subprocess.py:93} INFO - + dbt run --select tag:staging
[2025-07-08T18:10:11.472+0000] {subprocess.py:93} INFO - [0m18:10:11  Running with dbt=1.8.0
[2025-07-08T18:10:11.894+0000] {subprocess.py:93} INFO - [0m18:10:11  Registered adapter: postgres=1.8.2
[2025-07-08T18:10:12.578+0000] {subprocess.py:93} INFO - [0m18:10:12  Found 9 models, 7 sources, 428 macros
[2025-07-08T18:10:12.582+0000] {subprocess.py:93} INFO - [0m18:10:12
[2025-07-08T18:10:12.780+0000] {subprocess.py:93} INFO - [0m18:10:12  Concurrency: 1 threads (target='dev')
[2025-07-08T18:10:12.781+0000] {subprocess.py:93} INFO - [0m18:10:12
[2025-07-08T18:10:12.799+0000] {subprocess.py:93} INFO - [0m18:10:12  1 of 5 START sql table model driven_staging.dim_address ........................ [RUN]
[2025-07-08T18:10:12.979+0000] {subprocess.py:93} INFO - [0m18:10:12  1 of 5 OK created sql table model driven_staging.dim_address ................... [[32mSELECT 0[0m in 0.18s]
[2025-07-08T18:10:12.981+0000] {subprocess.py:93} INFO - [0m18:10:12  2 of 5 START sql table model driven_staging.dim_date ........................... [RUN]
[2025-07-08T18:10:13.039+0000] {subprocess.py:93} INFO - [0m18:10:13  2 of 5 OK created sql table model driven_staging.dim_date ...................... [[32mSELECT 0[0m in 0.05s]
[2025-07-08T18:10:13.043+0000] {subprocess.py:93} INFO - [0m18:10:13  3 of 5 START sql table model driven_staging.dim_finance ........................ [RUN]
[2025-07-08T18:10:13.110+0000] {subprocess.py:93} INFO - [0m18:10:13  3 of 5 OK created sql table model driven_staging.dim_finance ................... [[32mSELECT 0[0m in 0.06s]
[2025-07-08T18:10:13.113+0000] {subprocess.py:93} INFO - [0m18:10:13  4 of 5 START sql table model driven_staging.dim_person ......................... [RUN]
[2025-07-08T18:10:13.175+0000] {subprocess.py:93} INFO - [0m18:10:13  4 of 5 OK created sql table model driven_staging.dim_person .................... [[32mSELECT 0[0m in 0.06s]
[2025-07-08T18:10:13.179+0000] {subprocess.py:93} INFO - [0m18:10:13  5 of 5 START sql table model driven_staging.fact_network_usage ................. [RUN]
[2025-07-08T18:10:13.234+0000] {subprocess.py:93} INFO - [0m18:10:13  5 of 5 OK created sql table model driven_staging.fact_network_usage ............ [[32mSELECT 0[0m in 0.05s]
[2025-07-08T18:10:13.252+0000] {subprocess.py:93} INFO - [0m18:10:13
[2025-07-08T18:10:13.253+0000] {subprocess.py:93} INFO - [0m18:10:13  Finished running 5 table models in 0 hours 0 minutes and 0.67 seconds (0.67s).
[2025-07-08T18:10:13.301+0000] {subprocess.py:93} INFO - [0m18:10:13
[2025-07-08T18:10:13.302+0000] {subprocess.py:93} INFO - [0m18:10:13  [32mCompleted successfully[0m
[2025-07-08T18:10:13.303+0000] {subprocess.py:93} INFO - [0m18:10:13
[2025-07-08T18:10:13.304+0000] {subprocess.py:93} INFO - [0m18:10:13  Done. PASS=5 WARN=0 ERROR=0 SKIP=0 TOTAL=5
[2025-07-08T18:10:14.348+0000] {subprocess.py:97} INFO - Command exited with return code 0
[2025-07-08T18:10:14.405+0000] {taskinstance.py:340} INFO - ::group::Post task execution logs
[2025-07-08T18:10:14.405+0000] {taskinstance.py:352} INFO - Marking task as SUCCESS. dag_id=extract_raw_data_pipeline, task_id=run_dbt_staging, run_id=manual__2025-07-08T18:10:00.574630+00:00, execution_date=20250708T181000, start_date=20250708T181007, end_date=20250708T181014
[2025-07-08T18:10:14.473+0000] {local_task_job_runner.py:266} INFO - Task exited with return code 0
[2025-07-08T18:10:14.509+0000] {taskinstance.py:3900} INFO - 1 downstream tasks scheduled from follow-on schedule check
[2025-07-08T18:10:14.513+0000] {local_task_job_runner.py:245} INFO - ::endgroup::
